Current configuration:
[NAME]		[DEFLT]	[VALUE]
-allphones	no	no
-cntthresh	0.00001	1.000000e-05
-csplitmax	100	2000
-csplitmin	1	1
-csplitthr	8e-4	0.000000e+00
-example	no	no
-fullvar	no	no
-help		no	no
-meanfn			
-mixwfn			/home/gaurav/python-scripts/py/scripts/sphinx-source2/an4/model_parameters/an4.cd_ptm_untied/mixture_weights
-moddeffn		/home/gaurav/python-scripts/py/scripts/sphinx-source2/an4/model_architecture/an4.untied.mdef
-mwfloor	1e-4	1.000000e-08
-phone			AH
-psetfn			/home/gaurav/python-scripts/py/scripts/sphinx-source2/an4/model_architecture/an4.tree_questions
-ssplitmax	5	7
-ssplitmin	1	1
-ssplitthr	8e-4	0.000000e+00
-state			2
-stwt			1.0,0.05,0.0,
-treefn			/home/gaurav/python-scripts/py/scripts/sphinx-source2/an4/trees/an4.unpruned/AH-2.dtree
-ts2cbfn	.semi.	.semi.
-varfloor	0.00001	1.000000e-05
-varfn			

INFO: main.c(223): Reading: /home/gaurav/python-scripts/py/scripts/sphinx-source2/an4/model_architecture/an4.untied.mdef
INFO: model_def_io.c(573): Model definition info:
INFO: model_def_io.c(574): 1618 total models defined (34 base, 1584 tri)
INFO: model_def_io.c(575): 6472 total states
INFO: model_def_io.c(576): 4854 total tied states
INFO: model_def_io.c(577): 102 total tied CI states
INFO: model_def_io.c(578): 34 total tied transition matrices
INFO: model_def_io.c(579): 4 max state/model
INFO: model_def_io.c(580): 4 min state/model
INFO: main.c(242): Building trees for [AH AH AY s] through [AH Z N i]
INFO: main.c(269): Covering states |[177 470]| == 294
INFO: main.c(275): Reading: /home/gaurav/python-scripts/py/scripts/sphinx-source2/an4/model_parameters/an4.cd_ptm_untied/mixture_weights
INFO: s3mixw_io.c(173): Read /home/gaurav/python-scripts/py/scripts/sphinx-source2/an4/model_parameters/an4.cd_ptm_untied/mixture_weights [294x4x64 array]
INFO: main.c(311): 98 of 98 models have observation count greater than 0.000010
INFO: main.c(95): nrm stwt: 0.000 0.048 0.952 
INFO: main.c(411): 98-class entropy: 4.559721e+04
INFO: main.c(549): Reading: /home/gaurav/python-scripts/py/scripts/sphinx-source2/an4/model_architecture/an4.tree_questions
INFO: main.c(588): 180 total simple questions (172 phone; 8 word bndry)
INFO: main.c(590): 42 Left Only questions, and 42 Right Only questions
INFO: dtree.c(1478): Final simple tree
|( WDBNDRY_S 0 6.692e+04 5.218e+03 3.114e+03
|    ( SILENCE 1 3.873e+04 7.028e+02 2.014e+03
|        ( - 3.141e+03 5 0 QUESTION0 -1 2.364e+02 1.831e+02)
|        ( QUESTION2 1 3.489e+04 4.895e+02 1.831e+03
|            ( QUESTION2_3_L -1 1.071e+04 4.508e+02 5.654e+02
|                ( - 5.812e+03 10 0 QUESTION1 -1 2.636e+02 3.109e+02)
|                ( - 4.452e+03 10 0 QUESTION6 -1 2.789e+02 2.545e+02))
|            ( - 2.368e+04 55 0 QUESTION16 1 4.201e+02 1.266e+03)))
|    ( QUESTION0_1_R 1 2.297e+04 1.635e+03 1.099e+03
|        ( QUESTION0 -1 1.535e+04 8.968e+02 8.128e+02
|            ( - 7.862e+03 1 0)
|            ( - 6.593e+03 4 0 QUESTION2_2_L -1 2.166e+02 3.474e+02))
|        ( QUESTION20 -1 5.981e+03 4.566e+02 2.865e+02
|            ( - 1.219e+03 3 0 QUESTION0_17_R 1 3.844e+01 7.396e+01)
|            ( - 4.305e+03 10 0 QUESTION0_15_R 1 3.799e+02 2.125e+02))))
s>    ( WDBNDRY_S 0 6.692e+04 5.218e+03 3.114e+03
s>        ( SILENCE 1 3.873e+04 7.028e+02 2.014e+03
s>            ( - 3.141e+03 5 0 QUESTION0 -1 2.364e+02 1.831e+02)
s>            ( QUESTION2 1 3.489e+04 4.895e+02 1.831e+03
s>                ( QUESTION2_3_L -1 1.071e+04 4.508e+02 5.654e+02
s>                    ( - 5.812e+03 10 0 QUESTION1 -1 2.636e+02 3.109e+02)
s>                    ( - 4.452e+03 10 0 QUESTION6 -1 2.789e+02 2.545e+02))
s>                ( - 2.368e+04 55 0 QUESTION16 1 4.201e+02 1.266e+03)))
s>        ( QUESTION0_1_R 1 2.297e+04 1.635e+03 1.099e+03
s>            ( QUESTION0 -1 1.535e+04 8.968e+02 8.128e+02
s>                ( - 7.862e+03 1 0)
s>                ( - 6.593e+03 4 0 QUESTION2_2_L -1 2.166e+02 3.474e+02))
s>            ( QUESTION20 -1 5.981e+03 4.566e+02 2.865e+02
s>                ( - 1.219e+03 3 0 QUESTION0_17_R 1 3.844e+01 7.396e+01)
s>                ( - 4.305e+03 10 0 QUESTION0_15_R 1 3.799e+02 2.125e+02))))INFO: dtree.c(1315): Comp split 0
INFO: dtree.c(1478): Final simple tree
|( QUESTION0_1_R 1 2.297e+04 1.635e+03 1.099e+03
|    ( QUESTION0 -1 1.535e+04 8.968e+02 8.128e+02
|        ( - 7.862e+03 1 0)
|        ( QUESTION2_2_L -1 6.593e+03 2.166e+02 3.474e+02
|            ( - 5.877e+03 1 0)
|            ( - 4.993e+02 3 0 QUESTION6 -1 8.651e+01 2.990e+01)))
|    ( QUESTION20 -1 5.981e+03 4.566e+02 2.865e+02
|        ( - 1.219e+03 3 0 QUESTION0_17_R 1 3.844e+01 7.396e+01)
|        ( QUESTION0_15_R 1 4.305e+03 3.799e+02 2.125e+02
|            ( QUESTION0_16_R 1 2.079e+03 1.276e+02 1.100e+02
|                ( - 1.874e+03 1 0)
|                ( - 7.679e+01 1 0))
|            ( QUESTION7 -1 1.847e+03 1.302e+02 1.026e+02
|                ( - 1.533e+03 2 0 QUESTION0_0_R 1 5.333e+01 8.755e+01)
|                ( - 1.833e+02 6 0 QUESTION6 -1 5.384e+01 1.500e+01)))))
s>    ( QUESTION0_1_R 1 2.297e+04 1.635e+03 1.099e+03
s>        ( QUESTION0 -1 1.535e+04 8.968e+02 8.128e+02
s>            ( - 7.862e+03 1 0)
s>            ( QUESTION2_2_L -1 6.593e+03 2.166e+02 3.474e+02
s>                ( - 5.877e+03 1 0)
s>                ( - 4.993e+02 3 0 QUESTION6 -1 8.651e+01 2.990e+01)))
s>        ( QUESTION20 -1 5.981e+03 4.566e+02 2.865e+02
s>            ( - 1.219e+03 3 0 QUESTION0_17_R 1 3.844e+01 7.396e+01)
s>            ( QUESTION0_15_R 1 4.305e+03 3.799e+02 2.125e+02
s>                ( QUESTION0_16_R 1 2.079e+03 1.276e+02 1.100e+02
s>                    ( - 1.874e+03 1 0)
s>                    ( - 7.679e+01 1 0))
s>                ( QUESTION7 -1 1.847e+03 1.302e+02 1.026e+02
s>                    ( - 1.533e+03 2 0 QUESTION0_0_R 1 5.333e+01 8.755e+01)
s>                    ( - 1.833e+02 6 0 QUESTION6 -1 5.384e+01 1.500e+01)))))INFO: dtree.c(1478): Final simple tree
|( SILENCE 1 3.873e+04 7.028e+02 2.014e+03
|    ( - 3.141e+03 5 0 QUESTION0 -1 2.364e+02 1.831e+02)
|    ( QUESTION2 1 3.489e+04 4.895e+02 1.831e+03
|        ( QUESTION2_3_L -1 1.071e+04 4.508e+02 5.654e+02
|            ( - 5.812e+03 10 0 QUESTION1 -1 2.636e+02 3.109e+02)
|            ( - 4.452e+03 10 0 QUESTION6 -1 2.789e+02 2.545e+02))
|        ( QUESTION16 1 2.368e+04 4.201e+02 1.266e+03
|            ( QUESTION2_2_L -1 1.351e+04 4.019e+02 7.253e+02
|                ( QUESTION0 -1 9.926e+03 3.230e+02 5.464e+02
|                    ( - 5.795e+03 6 0 QUESTION0_0_R 1 2.965e+02 3.174e+02)
|                    ( - 3.807e+03 6 0 QUESTION16 -1 2.701e+02 2.289e+02))
|                ( - 3.186e+03 6 0 SILENCE -1 2.727e+02 1.789e+02))
|            ( QUESTION0_11_R 1 9.749e+03 2.980e+02 5.405e+02
|                ( - 1.125e+03 6 0 SILENCE -1 1.710e+02 7.227e+01)
|                ( - 8.327e+03 31 0 QUESTION4 1 2.621e+02 4.683e+02)))))
s>    ( SILENCE 1 3.873e+04 7.028e+02 2.014e+03
s>        ( - 3.141e+03 5 0 QUESTION0 -1 2.364e+02 1.831e+02)
s>        ( QUESTION2 1 3.489e+04 4.895e+02 1.831e+03
s>            ( QUESTION2_3_L -1 1.071e+04 4.508e+02 5.654e+02
s>                ( - 5.812e+03 10 0 QUESTION1 -1 2.636e+02 3.109e+02)
s>                ( - 4.452e+03 10 0 QUESTION6 -1 2.789e+02 2.545e+02))
s>            ( QUESTION16 1 2.368e+04 4.201e+02 1.266e+03
s>                ( QUESTION2_2_L -1 1.351e+04 4.019e+02 7.253e+02
s>                    ( QUESTION0 -1 9.926e+03 3.230e+02 5.464e+02
s>                        ( - 5.795e+03 6 0 QUESTION0_0_R 1 2.965e+02 3.174e+02)
s>                        ( - 3.807e+03 6 0 QUESTION16 -1 2.701e+02 2.289e+02))
s>                    ( - 3.186e+03 6 0 SILENCE -1 2.727e+02 1.789e+02))
s>                ( QUESTION0_11_R 1 9.749e+03 2.980e+02 5.405e+02
s>                    ( - 1.125e+03 6 0 SILENCE -1 1.710e+02 7.227e+01)
s>                    ( - 8.327e+03 31 0 QUESTION4 1 2.621e+02 4.683e+02)))))INFO: dtree.c(1315): Comp split 1
INFO: dtree.c(1478): Final simple tree
|( QUESTION20 -1 5.981e+03 4.566e+02 2.865e+02
|    ( QUESTION0_17_R 1 1.219e+03 3.844e+01 7.396e+01
|        ( - 1.173e+03 1 0)
|        ( - 7.905e+00 2 0 QUESTION0_0_R 1 7.905e+00 2.000e+00))
|    ( QUESTION0_15_R 1 4.305e+03 3.799e+02 2.125e+02
|        ( QUESTION0_16_R 1 2.079e+03 1.276e+02 1.100e+02
|            ( - 1.874e+03 1 0)
|            ( - 7.679e+01 1 0))
|        ( QUESTION7 -1 1.847e+03 1.302e+02 1.026e+02
|            ( QUESTION0_0_R 1 1.533e+03 5.333e+01 8.755e+01
|                ( - 1.465e+03 1 0)
|                ( - 1.469e+01 1 0))
|            ( QUESTION6 -1 1.833e+02 5.384e+01 1.500e+01
|                ( - 6.606e+01 2 0 WDBNDRY_B 0 2.448e+01 8.000e+00)
|                ( - 6.340e+01 4 0 WDBNDRY_I 0 2.051e+01 7.000e+00)))))
s>    ( QUESTION20 -1 5.981e+03 4.566e+02 2.865e+02
s>        ( QUESTION0_17_R 1 1.219e+03 3.844e+01 7.396e+01
s>            ( - 1.173e+03 1 0)
s>            ( - 7.905e+00 2 0 QUESTION0_0_R 1 7.905e+00 2.000e+00))
s>        ( QUESTION0_15_R 1 4.305e+03 3.799e+02 2.125e+02
s>            ( QUESTION0_16_R 1 2.079e+03 1.276e+02 1.100e+02
s>                ( - 1.874e+03 1 0)
s>                ( - 7.679e+01 1 0))
s>            ( QUESTION7 -1 1.847e+03 1.302e+02 1.026e+02
s>                ( QUESTION0_0_R 1 1.533e+03 5.333e+01 8.755e+01
s>                    ( - 1.465e+03 1 0)
s>                    ( - 1.469e+01 1 0))
s>                ( QUESTION6 -1 1.833e+02 5.384e+01 1.500e+01
s>                    ( - 6.606e+01 2 0 WDBNDRY_B 0 2.448e+01 8.000e+00)
s>                    ( - 6.340e+01 4 0 WDBNDRY_I 0 2.051e+01 7.000e+00)))))INFO: dtree.c(1439): stop. leaf nodes are specific
INFO: dtree.c(1478): Final simple tree
|( QUESTION0 -1 1.535e+04 8.968e+02 8.128e+02
|    ( - 7.862e+03 1 0)
|    ( QUESTION2_2_L -1 6.593e+03 2.166e+02 3.474e+02
|        ( - 5.877e+03 1 0)
|        ( QUESTION6 -1 4.993e+02 8.651e+01 2.990e+01
|            ( QUESTION7 -1 1.592e+02 2.821e+01 1.200e+01
|                ( - 8.595e+00 1 0)
|                ( - 1.224e+02 1 0))
|            ( - 2.536e+02 1 0))))
s>    ( QUESTION0 -1 1.535e+04 8.968e+02 8.128e+02
s>        ( - 7.862e+03 1 0)
s>        ( QUESTION2_2_L -1 6.593e+03 2.166e+02 3.474e+02
s>            ( - 5.877e+03 1 0)
s>            ( QUESTION6 -1 4.993e+02 8.651e+01 2.990e+01
s>                ( QUESTION7 -1 1.592e+02 2.821e+01 1.200e+01
s>                    ( - 8.595e+00 1 0)
s>                    ( - 1.224e+02 1 0))
s>                ( - 2.536e+02 1 0))))INFO: dtree.c(1315): Comp split 2
INFO: dtree.c(1439): stop. leaf nodes are specific
INFO: dtree.c(1478): Final simple tree
|( QUESTION2_2_L -1 6.593e+03 2.166e+02 3.474e+02
|    ( - 5.877e+03 1 0)
|    ( QUESTION6 -1 4.993e+02 8.651e+01 2.990e+01
|        ( QUESTION7 -1 1.592e+02 2.821e+01 1.200e+01
|            ( - 8.595e+00 1 0)
|            ( - 1.224e+02 1 0))
|        ( - 2.536e+02 1 0)))
s>    ( QUESTION2_2_L -1 6.593e+03 2.166e+02 3.474e+02
s>        ( - 5.877e+03 1 0)
s>        ( QUESTION6 -1 4.993e+02 8.651e+01 2.990e+01
s>            ( QUESTION7 -1 1.592e+02 2.821e+01 1.200e+01
s>                ( - 8.595e+00 1 0)
s>                ( - 1.224e+02 1 0))
s>            ( - 2.536e+02 1 0)))INFO: dtree.c(1315): Comp split 3
INFO: dtree.c(1478): Final simple tree
|( QUESTION2 1 3.489e+04 4.895e+02 1.831e+03
|    ( QUESTION2_3_L -1 1.071e+04 4.508e+02 5.654e+02
|        ( - 5.812e+03 10 0 QUESTION1 -1 2.636e+02 3.109e+02)
|        ( - 4.452e+03 10 0 QUESTION6 -1 2.789e+02 2.545e+02))
|    ( QUESTION16 1 2.368e+04 4.201e+02 1.266e+03
|        ( QUESTION2_2_L -1 1.351e+04 4.019e+02 7.253e+02
|            ( QUESTION0 -1 9.926e+03 3.230e+02 5.464e+02
|                ( QUESTION0_0_R 1 5.795e+03 2.965e+02 3.174e+02
|                    ( - 1.073e+03 1 0)
|                    ( - 4.426e+03 5 0 QUESTION1 -1 2.447e+02 2.452e+02))
|                ( - 3.807e+03 6 0 QUESTION16 -1 2.701e+02 2.289e+02))
|            ( - 3.186e+03 6 0 SILENCE -1 2.727e+02 1.789e+02))
|        ( QUESTION0_11_R 1 9.749e+03 2.980e+02 5.405e+02
|            ( - 1.125e+03 6 0 SILENCE -1 1.710e+02 7.227e+01)
|            ( - 8.327e+03 31 0 QUESTION4 1 2.621e+02 4.683e+02))))
s>    ( QUESTION2 1 3.489e+04 4.895e+02 1.831e+03
s>        ( QUESTION2_3_L -1 1.071e+04 4.508e+02 5.654e+02
s>            ( - 5.812e+03 10 0 QUESTION1 -1 2.636e+02 3.109e+02)
s>            ( - 4.452e+03 10 0 QUESTION6 -1 2.789e+02 2.545e+02))
s>        ( QUESTION16 1 2.368e+04 4.201e+02 1.266e+03
s>            ( QUESTION2_2_L -1 1.351e+04 4.019e+02 7.253e+02
s>                ( QUESTION0 -1 9.926e+03 3.230e+02 5.464e+02
s>                    ( QUESTION0_0_R 1 5.795e+03 2.965e+02 3.174e+02
s>                        ( - 1.073e+03 1 0)
s>                        ( - 4.426e+03 5 0 QUESTION1 -1 2.447e+02 2.452e+02))
s>                    ( - 3.807e+03 6 0 QUESTION16 -1 2.701e+02 2.289e+02))
s>                ( - 3.186e+03 6 0 SILENCE -1 2.727e+02 1.789e+02))
s>            ( QUESTION0_11_R 1 9.749e+03 2.980e+02 5.405e+02
s>                ( - 1.125e+03 6 0 SILENCE -1 1.710e+02 7.227e+01)
s>                ( - 8.327e+03 31 0 QUESTION4 1 2.621e+02 4.683e+02))))INFO: dtree.c(1439): stop. leaf nodes are specific
INFO: dtree.c(1478): Final simple tree
|( QUESTION0 -1 3.141e+03 2.364e+02 1.831e+02
|    ( QUESTION1 -1 1.861e+03 1.695e+02 1.133e+02
|        ( - 8.714e+02 1 0)
|        ( QUESTION2_0_L -1 8.200e+02 1.029e+02 5.562e+01
|            ( - 3.139e+02 1 0)
|            ( - 4.032e+02 1 0)))
|    ( QUESTION4 -1 1.044e+03 1.544e+01 6.978e+01
|        ( - 1.028e+03 1 0)
|        ( - 6.055e-01 1 0)))
s>    ( QUESTION0 -1 3.141e+03 2.364e+02 1.831e+02
s>        ( QUESTION1 -1 1.861e+03 1.695e+02 1.133e+02
s>            ( - 8.714e+02 1 0)
s>            ( QUESTION2_0_L -1 8.200e+02 1.029e+02 5.562e+01
s>                ( - 3.139e+02 1 0)
s>                ( - 4.032e+02 1 0)))
s>        ( QUESTION4 -1 1.044e+03 1.544e+01 6.978e+01
s>            ( - 1.028e+03 1 0)
s>            ( - 6.055e-01 1 0)))INFO: dtree.c(1315): Comp split 4
INFO: dtree.c(1478): Final simple tree
|( QUESTION2 1 2.216e+04 4.440e+02 1.197e+03
|    ( QUESTION6 -1 4.452e+03 2.789e+02 2.545e+02
|        ( - 1.379e+03 2 0)
|        ( - 2.794e+03 8 0 QUESTION2_2_L -1 2.194e+02 1.692e+02))
|    ( QUESTION16 1 1.727e+04 3.917e+02 9.424e+02
|        ( QUESTION0 -1 8.549e+03 3.156e+02 4.742e+02
|            ( - 4.426e+03 5 0 QUESTION1 -1 2.447e+02 2.452e+02)
|            ( QUESTION16 -1 3.807e+03 2.701e+02 2.289e+02
|                ( - 1.887e+03 3 0 QUESTION2_9_L -1 2.014e+02 1.209e+02)
|                ( - 1.650e+03 3 0 QUESTION0_0_R 1 1.089e+02 1.080e+02)))
|        ( QUESTION4 1 8.327e+03 2.621e+02 4.683e+02
|            ( - 2.492e+03 7 0 QUESTION2 -1 1.883e+02 1.435e+02)
|            ( QUESTION0_10_R 1 5.573e+03 2.575e+02 3.248e+02
|                ( - 1.944e+03 6 0 QUESTION4 -1 1.773e+02 1.203e+02)
|                ( - 3.371e+03 18 0 QUESTION10 -1 2.063e+02 2.044e+02)))))
s>    ( QUESTION2 1 2.216e+04 4.440e+02 1.197e+03
s>        ( QUESTION6 -1 4.452e+03 2.789e+02 2.545e+02
s>            ( - 1.379e+03 2 0)
s>            ( - 2.794e+03 8 0 QUESTION2_2_L -1 2.194e+02 1.692e+02))
s>        ( QUESTION16 1 1.727e+04 3.917e+02 9.424e+02
s>            ( QUESTION0 -1 8.549e+03 3.156e+02 4.742e+02
s>                ( - 4.426e+03 5 0 QUESTION1 -1 2.447e+02 2.452e+02)
s>                ( QUESTION16 -1 3.807e+03 2.701e+02 2.289e+02
s>                    ( - 1.887e+03 3 0 QUESTION2_9_L -1 2.014e+02 1.209e+02)
s>                    ( - 1.650e+03 3 0 QUESTION0_0_R 1 1.089e+02 1.080e+02)))
s>            ( QUESTION4 1 8.327e+03 2.621e+02 4.683e+02
s>                ( - 2.492e+03 7 0 QUESTION2 -1 1.883e+02 1.435e+02)
s>                ( QUESTION0_10_R 1 5.573e+03 2.575e+02 3.248e+02
s>                    ( - 1.944e+03 6 0 QUESTION4 -1 1.773e+02 1.203e+02)
s>                    ( - 3.371e+03 18 0 QUESTION10 -1 2.063e+02 2.044e+02)))))INFO: dtree.c(1478): Final simple tree
|( QUESTION0 1 1.219e+04 4.007e+02 6.342e+02
|    ( QUESTION1 -1 5.812e+03 2.636e+02 3.109e+02
|        ( - 3.715e+03 4 0 QUESTION0_0_R 1 1.440e+02 2.044e+02)
|        ( - 1.834e+03 6 0 QUESTION0_0_R 1 1.192e+02 1.064e+02))
|    ( QUESTION2_2_L -1 5.976e+03 3.859e+02 3.234e+02
|        ( QUESTION0_0_R 1 1.863e+03 1.976e+02 1.162e+02
|            ( - 1.073e+03 1 0)
|            ( - 5.919e+02 5 0 QUESTION0 -1 1.147e+02 4.399e+01))
|        ( SILENCE -1 3.728e+03 2.617e+02 2.072e+02
|            ( QUESTION0_13_R 1 1.948e+03 2.282e+02 1.141e+02
|                ( - 1.058e+03 1 0)
|                ( - 6.611e+02 2 0 QUESTION0_0_R 1 1.249e+02 4.527e+01))
|            ( QUESTION4 -1 1.518e+03 1.727e+02 9.310e+01
|                ( - 7.750e+02 1 0)
|                ( - 5.705e+02 3 0 QUESTION2_13_L -1 1.072e+02 4.010e+01)))))
s>    ( QUESTION0 1 1.219e+04 4.007e+02 6.342e+02
s>        ( QUESTION1 -1 5.812e+03 2.636e+02 3.109e+02
s>            ( - 3.715e+03 4 0 QUESTION0_0_R 1 1.440e+02 2.044e+02)
s>            ( - 1.834e+03 6 0 QUESTION0_0_R 1 1.192e+02 1.064e+02))
s>        ( QUESTION2_2_L -1 5.976e+03 3.859e+02 3.234e+02
s>            ( QUESTION0_0_R 1 1.863e+03 1.976e+02 1.162e+02
s>                ( - 1.073e+03 1 0)
s>                ( - 5.919e+02 5 0 QUESTION0 -1 1.147e+02 4.399e+01))
s>            ( SILENCE -1 3.728e+03 2.617e+02 2.072e+02
s>                ( QUESTION0_13_R 1 1.948e+03 2.282e+02 1.141e+02
s>                    ( - 1.058e+03 1 0)
s>                    ( - 6.611e+02 2 0 QUESTION0_0_R 1 1.249e+02 4.527e+01))
s>                ( QUESTION4 -1 1.518e+03 1.727e+02 9.310e+01
s>                    ( - 7.750e+02 1 0)
s>                    ( - 5.705e+02 3 0 QUESTION2_13_L -1 1.072e+02 4.010e+01)))))INFO: dtree.c(1315): Comp split 5
INFO: dtree.c(1478): Final simple tree
|( QUESTION16 -1 6.611e+03 3.086e+02 3.754e+02
|    ( QUESTION0_9_R 1 3.236e+03 2.041e+02 1.992e+02
|        ( QUESTION2_9_L -1 1.794e+03 1.981e+02 1.159e+02
|            ( - 7.871e+02 1 0)
|            ( - 8.093e+02 1 0))
|        ( - 1.237e+03 2 0 QUESTION0_0_R 1 7.226e+01 8.332e+01))
|    ( QUESTION5 -1 3.067e+03 2.557e+02 1.762e+02
|        ( - 1.379e+03 2 0)
|        ( QUESTION3 -1 1.432e+03 1.627e+02 9.089e+01
|            ( QUESTION2_1_L -1 3.942e+02 7.669e+01 3.098e+01
|                ( - 1.943e+02 2 0)
|                ( - 1.232e+02 1 0))
|            ( SILENCE -1 8.754e+02 9.494e+01 5.991e+01
|                ( - 5.930e+02 3 0)
|                ( - 1.874e+02 1 0)))))
s>    ( QUESTION16 -1 6.611e+03 3.086e+02 3.754e+02
s>        ( QUESTION0_9_R 1 3.236e+03 2.041e+02 1.992e+02
s>            ( QUESTION2_9_L -1 1.794e+03 1.981e+02 1.159e+02
s>                ( - 7.871e+02 1 0)
s>                ( - 8.093e+02 1 0))
s>            ( - 1.237e+03 2 0 QUESTION0_0_R 1 7.226e+01 8.332e+01))
s>        ( QUESTION5 -1 3.067e+03 2.557e+02 1.762e+02
s>            ( - 1.379e+03 2 0)
s>            ( QUESTION3 -1 1.432e+03 1.627e+02 9.089e+01
s>                ( QUESTION2_1_L -1 3.942e+02 7.669e+01 3.098e+01
s>                    ( - 1.943e+02 2 0)
s>                    ( - 1.232e+02 1 0))
s>                ( SILENCE -1 8.754e+02 9.494e+01 5.991e+01
s>                    ( - 5.930e+02 3 0)
s>                    ( - 1.874e+02 1 0)))))INFO: dtree.c(1478): Final simple tree
|( QUESTION16 1 1.507e+04 3.771e+02 8.215e+02
|    ( QUESTION1 -1 6.362e+03 2.921e+02 3.533e+02
|        ( - 2.924e+03 2 0)
|        ( QUESTION0 -1 3.146e+03 2.391e+02 1.896e+02
|            ( - 1.257e+03 3 0)
|            ( - 1.650e+03 3 0 QUESTION0_0_R 1 1.089e+02 1.080e+02)))
|    ( QUESTION4 1 8.327e+03 2.621e+02 4.683e+02
|        ( QUESTION2 -1 2.492e+03 1.883e+02 1.435e+02
|            ( - 1.055e+03 3 0 QUESTION0_0_R 1 1.125e+02 6.824e+01)
|            ( - 1.249e+03 4 0 QUESTION0 -1 6.065e+01 7.527e+01))
|        ( QUESTION0_10_R 1 5.573e+03 2.575e+02 3.248e+02
|            ( - 1.944e+03 6 0 QUESTION4 -1 1.773e+02 1.203e+02)
|            ( QUESTION10 -1 3.371e+03 2.063e+02 2.044e+02
|                ( - 9.468e+02 3 0 QUESTION0_9_R 1 1.430e+02 6.300e+01)
|                ( - 2.218e+03 15 0 QUESTION7 1 1.529e+02 1.414e+02)))))
s>    ( QUESTION16 1 1.507e+04 3.771e+02 8.215e+02
s>        ( QUESTION1 -1 6.362e+03 2.921e+02 3.533e+02
s>            ( - 2.924e+03 2 0)
s>            ( QUESTION0 -1 3.146e+03 2.391e+02 1.896e+02
s>                ( - 1.257e+03 3 0)
s>                ( - 1.650e+03 3 0 QUESTION0_0_R 1 1.089e+02 1.080e+02)))
s>        ( QUESTION4 1 8.327e+03 2.621e+02 4.683e+02
s>            ( QUESTION2 -1 2.492e+03 1.883e+02 1.435e+02
s>                ( - 1.055e+03 3 0 QUESTION0_0_R 1 1.125e+02 6.824e+01)
s>                ( - 1.249e+03 4 0 QUESTION0 -1 6.065e+01 7.527e+01))
s>            ( QUESTION0_10_R 1 5.573e+03 2.575e+02 3.248e+02
s>                ( - 1.944e+03 6 0 QUESTION4 -1 1.773e+02 1.203e+02)
s>                ( QUESTION10 -1 3.371e+03 2.063e+02 2.044e+02
s>                    ( - 9.468e+02 3 0 QUESTION0_9_R 1 1.430e+02 6.300e+01)
s>                    ( - 2.218e+03 15 0 QUESTION7 1 1.529e+02 1.414e+02)))))INFO: dtree.c(1315): Comp split 6
INFO: dtree.c(1439): stop. leaf nodes are specific
INFO: dtree.c(1478): Final simple tree
|( QUESTION0_8_R 1 1.242e+03 5.480e+01 7.496e+01
|    ( - 1.469e+01 1 0)
|    ( - 1.173e+03 1 0))
s>    ( QUESTION0_8_R 1 1.242e+03 5.480e+01 7.496e+01
s>        ( - 1.469e+01 1 0)
s>        ( - 1.173e+03 1 0))INFO: dtree.c(1478): Final simple tree
|( QUESTION0_15_R 1 4.272e+03 3.748e+02 2.115e+02
|    ( QUESTION0_17_R 1 2.101e+03 1.323e+02 1.110e+02
|        ( - 1.874e+03 1 0)
|        ( QUESTION0_16_R 1 9.395e+01 1.716e+01 1.100e+01
|            ( - 0.000e+00 1 0)
|            ( - 7.679e+01 1 0)))
|    ( QUESTION7 -1 1.796e+03 1.316e+02 1.006e+02
|        ( - 1.465e+03 1 0)
|        ( QUESTION6 -1 1.995e+02 5.796e+01 1.600e+01
|            ( WDBNDRY_B 0 6.606e+01 2.448e+01 8.000e+00
|                ( - 1.951e+01 1 0)
|                ( - 2.206e+01 1 0))
|            ( WDBNDRY_I 0 7.548e+01 2.309e+01 8.000e+00
|                ( - 3.337e+01 2 0 QUESTION0_0_R 1 9.499e+00 5.000e+00)
|                ( - 1.902e+01 3 0 WDBNDRY_B 0 1.102e+01 3.000e+00)))))
s>    ( QUESTION0_15_R 1 4.272e+03 3.748e+02 2.115e+02
s>        ( QUESTION0_17_R 1 2.101e+03 1.323e+02 1.110e+02
s>            ( - 1.874e+03 1 0)
s>            ( QUESTION0_16_R 1 9.395e+01 1.716e+01 1.100e+01
s>                ( - 0.000e+00 1 0)
s>                ( - 7.679e+01 1 0)))
s>        ( QUESTION7 -1 1.796e+03 1.316e+02 1.006e+02
s>            ( - 1.465e+03 1 0)
s>            ( QUESTION6 -1 1.995e+02 5.796e+01 1.600e+01
s>                ( WDBNDRY_B 0 6.606e+01 2.448e+01 8.000e+00
s>                    ( - 1.951e+01 1 0)
s>                    ( - 2.206e+01 1 0))
s>                ( WDBNDRY_I 0 7.548e+01 2.309e+01 8.000e+00
s>                    ( - 3.337e+01 2 0 QUESTION0_0_R 1 9.499e+00 5.000e+00)
s>                    ( - 1.902e+01 3 0 WDBNDRY_B 0 1.102e+01 3.000e+00)))))INFO: dtree.c(1315): Comp split 7
INFO: dtree.c(1439): stop. leaf nodes are specific
INFO: dtree.c(1478): Final simple tree
|( SILENCE -1 3.170e+03 2.496e+02 1.850e+02
|    ( - 1.058e+03 1 0)
|    ( QUESTION0_0_R 1 1.863e+03 1.976e+02 1.162e+02
|        ( - 1.073e+03 1 0)
|        ( QUESTION0 -1 5.919e+02 1.147e+02 4.399e+01
|            ( QUESTION0_12_R 1 3.195e+02 4.229e+01 2.500e+01
|                ( - 3.153e+01 1 0)
|                ( QUESTION1 -1 2.457e+02 3.882e+01 2.000e+01
|                    ( - 1.795e+02 1 0)
|                    ( - 2.741e+01 1 0)))
|            ( QUESTION4 -1 1.577e+02 4.362e+01 1.899e+01
|                ( - 8.911e+01 1 0)
|                ( - 2.496e+01 1 0)))))
s>    ( SILENCE -1 3.170e+03 2.496e+02 1.850e+02
s>        ( - 1.058e+03 1 0)
s>        ( QUESTION0_0_R 1 1.863e+03 1.976e+02 1.162e+02
s>            ( - 1.073e+03 1 0)
s>            ( QUESTION0 -1 5.919e+02 1.147e+02 4.399e+01
s>                ( QUESTION0_12_R 1 3.195e+02 4.229e+01 2.500e+01
s>                    ( - 3.153e+01 1 0)
s>                    ( QUESTION1 -1 2.457e+02 3.882e+01 2.000e+01
s>                        ( - 1.795e+02 1 0)
s>                        ( - 2.741e+01 1 0)))
s>                ( QUESTION4 -1 1.577e+02 4.362e+01 1.899e+01
s>                    ( - 8.911e+01 1 0)
s>                    ( - 2.496e+01 1 0)))))INFO: dtree.c(1478): Final simple tree
|( QUESTION0 -1 8.565e+03 3.724e+02 4.492e+02
|    ( QUESTION1 -1 6.509e+03 2.591e+02 3.490e+02
|        ( QUESTION0_0_R 1 3.715e+03 1.440e+02 2.044e+02
|            ( - 1.935e+02 1 0)
|            ( - 3.377e+03 3 0))
|        ( QUESTION0_8_R 1 2.536e+03 2.058e+02 1.445e+02
|            ( - 1.650e+03 5 0)
|            ( QUESTION2_13_L -1 6.801e+02 1.231e+02 4.610e+01
|                ( - 2.668e+02 1 0)
|                ( - 2.902e+02 2 0 QUESTION0_0_R 1 6.622e+01 2.400e+01))))
|    ( SILENCE -1 1.683e+03 2.042e+02 1.003e+02
|        ( QUESTION0_0_R 1 6.611e+02 1.249e+02 4.527e+01
|            ( - 1.746e+02 1 0)
|            ( - 3.616e+02 1 0))
|        ( - 8.177e+02 2 0 QUESTION0_14_R 1 3.482e+01 5.500e+01)))
s>    ( QUESTION0 -1 8.565e+03 3.724e+02 4.492e+02
s>        ( QUESTION1 -1 6.509e+03 2.591e+02 3.490e+02
s>            ( QUESTION0_0_R 1 3.715e+03 1.440e+02 2.044e+02
s>                ( - 1.935e+02 1 0)
s>                ( - 3.377e+03 3 0))
s>            ( QUESTION0_8_R 1 2.536e+03 2.058e+02 1.445e+02
s>                ( - 1.650e+03 5 0)
s>                ( QUESTION2_13_L -1 6.801e+02 1.231e+02 4.610e+01
s>                    ( - 2.668e+02 1 0)
s>                    ( - 2.902e+02 2 0 QUESTION0_0_R 1 6.622e+01 2.400e+01))))
s>        ( SILENCE -1 1.683e+03 2.042e+02 1.003e+02
s>            ( QUESTION0_0_R 1 6.611e+02 1.249e+02 4.527e+01
s>                ( - 1.746e+02 1 0)
s>                ( - 3.616e+02 1 0))
s>            ( - 8.177e+02 2 0 QUESTION0_14_R 1 3.482e+01 5.500e+01)))INFO: dtree.c(1315): Comp split 8
INFO: dtree.c(1478): Final simple tree
|( QUESTION1 -1 7.545e+03 2.809e+02 4.163e+02
|    ( - 2.924e+03 2 0)
|    ( QUESTION16 1 4.340e+03 2.472e+02 2.526e+02
|        ( QUESTION0 -1 3.146e+03 2.391e+02 1.896e+02
|            ( - 1.257e+03 3 0)
|            ( QUESTION0_0_R 1 1.650e+03 1.089e+02 1.080e+02
|                ( - 1.650e+02 1 0)
|                ( QUESTION4 -1 1.376e+03 1.081e+02 8.903e+01
|                    ( - 4.866e+02 1 0)
|                    ( - 7.808e+02 1 0))))
|        ( QUESTION0_9_R 1 9.468e+02 1.430e+02 6.300e+01
|            ( - 4.022e+02 1 0)
|            ( QUESTION0_0_R 1 4.015e+02 9.862e+01 2.900e+01
|                ( - 1.856e+02 1 0)
|                ( - 1.172e+02 1 0)))))
s>    ( QUESTION1 -1 7.545e+03 2.809e+02 4.163e+02
s>        ( - 2.924e+03 2 0)
s>        ( QUESTION16 1 4.340e+03 2.472e+02 2.526e+02
s>            ( QUESTION0 -1 3.146e+03 2.391e+02 1.896e+02
s>                ( - 1.257e+03 3 0)
s>                ( QUESTION0_0_R 1 1.650e+03 1.089e+02 1.080e+02
s>                    ( - 1.650e+02 1 0)
s>                    ( QUESTION4 -1 1.376e+03 1.081e+02 8.903e+01
s>                        ( - 4.866e+02 1 0)
s>                        ( - 7.808e+02 1 0))))
s>            ( QUESTION0_9_R 1 9.468e+02 1.430e+02 6.300e+01
s>                ( - 4.022e+02 1 0)
s>                ( QUESTION0_0_R 1 4.015e+02 9.862e+01 2.900e+01
s>                    ( - 1.856e+02 1 0)
s>                    ( - 1.172e+02 1 0)))))INFO: dtree.c(1478): Final simple tree
|( QUESTION4 1 7.136e+03 2.368e+02 4.053e+02
|    ( QUESTION2 -1 2.492e+03 1.883e+02 1.435e+02
|        ( - 1.055e+03 3 0 QUESTION0_0_R 1 1.125e+02 6.824e+01)
|        ( - 1.249e+03 4 0 QUESTION0 -1 6.065e+01 7.527e+01))
|    ( QUESTION0_10_R 1 4.407e+03 2.451e+02 2.618e+02
|        ( QUESTION4 -1 1.944e+03 1.773e+02 1.203e+02
|            ( - 5.016e+02 2 0 QUESTION2_1_L -1 8.762e+01 3.996e+01)
|            ( QUESTION1 -1 1.265e+03 1.600e+02 8.038e+01
|                ( - 5.323e+02 1 0)
|                ( - 5.730e+02 3 0 SILENCE -1 8.827e+01 4.197e+01)))
|        ( QUESTION7 1 2.218e+03 1.529e+02 1.414e+02
|            ( QUESTION16 -1 1.279e+03 1.445e+02 8.647e+01
|                ( - 3.542e+02 1 0)
|                ( - 7.807e+02 5 0 QUESTION2 -1 1.086e+02 5.581e+01))
|            ( - 7.858e+02 9 0 QUESTION0_8_R 1 1.052e+02 5.495e+01))))
s>    ( QUESTION4 1 7.136e+03 2.368e+02 4.053e+02
s>        ( QUESTION2 -1 2.492e+03 1.883e+02 1.435e+02
s>            ( - 1.055e+03 3 0 QUESTION0_0_R 1 1.125e+02 6.824e+01)
s>            ( - 1.249e+03 4 0 QUESTION0 -1 6.065e+01 7.527e+01))
s>        ( QUESTION0_10_R 1 4.407e+03 2.451e+02 2.618e+02
s>            ( QUESTION4 -1 1.944e+03 1.773e+02 1.203e+02
s>                ( - 5.016e+02 2 0 QUESTION2_1_L -1 8.762e+01 3.996e+01)
s>                ( QUESTION1 -1 1.265e+03 1.600e+02 8.038e+01
s>                    ( - 5.323e+02 1 0)
s>                    ( - 5.730e+02 3 0 SILENCE -1 8.827e+01 4.197e+01)))
s>            ( QUESTION7 1 2.218e+03 1.529e+02 1.414e+02
s>                ( QUESTION16 -1 1.279e+03 1.445e+02 8.647e+01
s>                    ( - 3.542e+02 1 0)
s>                    ( - 7.807e+02 5 0 QUESTION2 -1 1.086e+02 5.581e+01))
s>                ( - 7.858e+02 9 0 QUESTION0_8_R 1 1.052e+02 5.495e+01))))INFO: dtree.c(1315): Comp split 9
INFO: dtree.c(1439): stop. leaf nodes are specific
INFO: dtree.c(1478): Final simple tree
|( QUESTION2_0_L -1 2.137e+03 2.299e+02 1.243e+02
|    ( QUESTION0_14_R 1 9.678e+02 9.721e+01 6.300e+01
|        ( - 7.750e+02 1 0)
|        ( QUESTION0_0_R 1 9.564e+01 2.330e+01 1.000e+01
|            ( - 6.443e+01 1 0)
|            ( - 7.905e+00 1 0)))
|    ( QUESTION0_10_R 1 9.398e+02 1.458e+02 6.127e+01
|        ( - 3.616e+02 1 0)
|        ( SILENCE -1 4.323e+02 9.816e+01 3.300e+01
|            ( - 1.746e+02 1 0)
|            ( - 1.595e+02 1 0))))
s>    ( QUESTION2_0_L -1 2.137e+03 2.299e+02 1.243e+02
s>        ( QUESTION0_14_R 1 9.678e+02 9.721e+01 6.300e+01
s>            ( - 7.750e+02 1 0)
s>            ( QUESTION0_0_R 1 9.564e+01 2.330e+01 1.000e+01
s>                ( - 6.443e+01 1 0)
s>                ( - 7.905e+00 1 0)))
s>        ( QUESTION0_10_R 1 9.398e+02 1.458e+02 6.127e+01
s>            ( - 3.616e+02 1 0)
s>            ( SILENCE -1 4.323e+02 9.816e+01 3.300e+01
s>                ( - 1.746e+02 1 0)
s>                ( - 1.595e+02 1 0))))INFO: dtree.c(1439): stop. leaf nodes are specific
INFO: dtree.c(1478): Final simple tree
|( QUESTION1 -1 6.044e+03 2.847e+02 3.250e+02
|    ( QUESTION0_0_R 1 3.715e+03 1.440e+02 2.044e+02
|        ( - 1.935e+02 1 0)
|        ( - 3.377e+03 3 0))
|    ( QUESTION0_8_R 1 2.044e+03 1.277e+02 1.205e+02
|        ( - 1.650e+03 5 0)
|        ( - 2.668e+02 1 0)))
s>    ( QUESTION1 -1 6.044e+03 2.847e+02 3.250e+02
s>        ( QUESTION0_0_R 1 3.715e+03 1.440e+02 2.044e+02
s>            ( - 1.935e+02 1 0)
s>            ( - 3.377e+03 3 0))
s>        ( QUESTION0_8_R 1 2.044e+03 1.277e+02 1.205e+02
s>            ( - 1.650e+03 5 0)
s>            ( - 2.668e+02 1 0)))INFO: dtree.c(1315): Comp split 10
INFO: dtree.c(1439): stop. leaf nodes are specific
INFO: dtree.c(1478): Final simple tree
|( QUESTION0_17_R 1 2.169e+03 1.496e+02 1.140e+02
|    ( - 1.874e+03 1 0)
|    ( QUESTION1 -1 1.455e+02 3.765e+01 1.400e+01
|        ( WDBNDRY_E 0 8.879e+01 1.200e+01 1.100e+01
|            ( - 0.000e+00 1 0)
|            ( - 7.679e+01 1 0))
|        ( WDBNDRY_B 0 1.902e+01 1.102e+01 3.000e+00
|            ( QUESTION0_0_R 1 8.000e+00 8.000e+00 2.000e+00
|                ( - 0.000e+00 1 0)
|                ( - 0.000e+00 1 0))
|            ( - 0.000e+00 1 0))))
s>    ( QUESTION0_17_R 1 2.169e+03 1.496e+02 1.140e+02
s>        ( - 1.874e+03 1 0)
s>        ( QUESTION1 -1 1.455e+02 3.765e+01 1.400e+01
s>            ( WDBNDRY_E 0 8.879e+01 1.200e+01 1.100e+01
s>                ( - 0.000e+00 1 0)
s>                ( - 7.679e+01 1 0))
s>            ( WDBNDRY_B 0 1.902e+01 1.102e+01 3.000e+00
s>                ( QUESTION0_0_R 1 8.000e+00 8.000e+00 2.000e+00
s>                    ( - 0.000e+00 1 0)
s>                    ( - 0.000e+00 1 0))
s>                ( - 0.000e+00 1 0))))INFO: dtree.c(1439): stop. leaf nodes are specific
INFO: dtree.c(1478): Final simple tree
|( QUESTION7 -1 1.723e+03 1.138e+02 9.755e+01
|    ( - 1.465e+03 1 0)
|    ( QUESTION6 -1 1.436e+02 4.421e+01 1.300e+01
|        ( WDBNDRY_B 0 6.606e+01 2.448e+01 8.000e+00
|            ( - 1.951e+01 1 0)
|            ( - 2.206e+01 1 0))
|        ( QUESTION0_0_R 1 3.337e+01 9.499e+00 5.000e+00
|            ( - 0.000e+00 1 0)
|            ( - 2.387e+01 1 0))))
s>    ( QUESTION7 -1 1.723e+03 1.138e+02 9.755e+01
s>        ( - 1.465e+03 1 0)
s>        ( QUESTION6 -1 1.436e+02 4.421e+01 1.300e+01
s>            ( WDBNDRY_B 0 6.606e+01 2.448e+01 8.000e+00
s>                ( - 1.951e+01 1 0)
s>                ( - 2.206e+01 1 0))
s>            ( QUESTION0_0_R 1 3.337e+01 9.499e+00 5.000e+00
s>                ( - 0.000e+00 1 0)
s>                ( - 2.387e+01 1 0))))INFO: dtree.c(1315): Comp split 11
INFO: dtree.c(1439): stop. leaf nodes are specific
INFO: dtree.c(1478): Final simple tree
|( QUESTION6 -1 2.634e+03 2.523e+02 1.536e+02
|    ( - 1.379e+03 2 0)
|    ( QUESTION0_8_R 1 1.003e+03 9.271e+01 6.831e+01
|        ( - 1.232e+02 1 0)
|        ( - 7.871e+02 1 0)))
s>    ( QUESTION6 -1 2.634e+03 2.523e+02 1.536e+02
s>        ( - 1.379e+03 2 0)
s>        ( QUESTION0_8_R 1 1.003e+03 9.271e+01 6.831e+01
s>            ( - 1.232e+02 1 0)
s>            ( - 7.871e+02 1 0)))INFO: dtree.c(1439): stop. leaf nodes are specific
INFO: dtree.c(1478): Final simple tree
|( QUESTION5 -1 3.637e+03 2.341e+02 2.218e+02
|    ( QUESTION0_8_R 1 2.216e+03 1.704e+02 1.430e+02
|        ( - 1.146e+03 1 0)
|        ( QUESTION0_0_R 1 8.991e+02 7.094e+01 6.463e+01
|            ( - 1.879e+01 1 0)
|            ( - 8.093e+02 1 0)))
|    ( QUESTION3 -1 1.187e+03 1.172e+02 7.884e+01
|        ( - 1.943e+02 2 0)
|        ( SILENCE -1 8.754e+02 9.494e+01 5.991e+01
|            ( - 5.930e+02 3 0)
|            ( - 1.874e+02 1 0))))
s>    ( QUESTION5 -1 3.637e+03 2.341e+02 2.218e+02
s>        ( QUESTION0_8_R 1 2.216e+03 1.704e+02 1.430e+02
s>            ( - 1.146e+03 1 0)
s>            ( QUESTION0_0_R 1 8.991e+02 7.094e+01 6.463e+01
s>                ( - 1.879e+01 1 0)
s>                ( - 8.093e+02 1 0)))
s>        ( QUESTION3 -1 1.187e+03 1.172e+02 7.884e+01
s>            ( - 1.943e+02 2 0)
s>            ( SILENCE -1 8.754e+02 9.494e+01 5.991e+01
s>                ( - 5.930e+02 3 0)
s>                ( - 1.874e+02 1 0))))INFO: dtree.c(1315): Comp split 12
INFO: dtree.c(1439): stop. leaf nodes are specific
INFO: dtree.c(1478): Final simple tree
|( QUESTION0 -1 3.381e+03 2.418e+02 2.016e+02
|    ( - 1.257e+03 3 0)
|    ( QUESTION0_9_R 1 1.882e+03 1.365e+02 1.200e+02
|        ( QUESTION4 -1 1.376e+03 1.081e+02 8.903e+01
|            ( - 4.866e+02 1 0)
|            ( - 7.808e+02 1 0))
|        ( QUESTION0_0_R 1 3.698e+02 8.759e+01 3.100e+01
|            ( - 1.650e+02 1 0)
|            ( - 1.172e+02 1 0))))
s>    ( QUESTION0 -1 3.381e+03 2.418e+02 2.016e+02
s>        ( - 1.257e+03 3 0)
s>        ( QUESTION0_9_R 1 1.882e+03 1.365e+02 1.200e+02
s>            ( QUESTION4 -1 1.376e+03 1.081e+02 8.903e+01
s>                ( - 4.866e+02 1 0)
s>                ( - 7.808e+02 1 0))
s>            ( QUESTION0_0_R 1 3.698e+02 8.759e+01 3.100e+01
s>                ( - 1.650e+02 1 0)
s>                ( - 1.172e+02 1 0))))INFO: dtree.c(1439): stop. leaf nodes are specific
INFO: dtree.c(1478): Final simple tree
|( QUESTION0_14_R 1 3.842e+03 2.099e+02 2.147e+02
|    ( - 2.924e+03 2 0)
|    ( QUESTION0_0_R 1 7.079e+02 1.200e+02 5.100e+01
|        ( - 1.856e+02 1 0)
|        ( - 4.022e+02 1 0)))
s>    ( QUESTION0_14_R 1 3.842e+03 2.099e+02 2.147e+02
s>        ( - 2.924e+03 2 0)
s>        ( QUESTION0_0_R 1 7.079e+02 1.200e+02 5.100e+01
s>            ( - 1.856e+02 1 0)
s>            ( - 4.022e+02 1 0)))INFO: dtree.c(1315): Comp split 13
INFO: dtree.c(1478): Final simple tree
|( QUESTION0_10_R 1 4.215e+03 1.888e+02 2.516e+02
|    ( - 5.730e+02 3 0 SILENCE -1 8.827e+01 4.197e+01)
|    ( QUESTION2 -1 3.453e+03 1.810e+02 2.097e+02
|        ( QUESTION0_8_R 1 1.436e+03 1.455e+02 9.100e+01
|            ( - 7.605e+02 2 0)
|            ( QUESTION0_0_R 1 5.299e+02 1.018e+02 3.844e+01
|                ( - 1.820e+02 1 0)
|                ( - 2.461e+02 2 0 QUESTION0_18_R 1 4.763e+01 2.275e+01)))
|        ( QUESTION0_18_R 1 1.836e+03 1.393e+02 1.187e+02
|            ( QUESTION16 -1 9.222e+02 1.259e+02 6.472e+01
|                ( - 4.531e+02 2 0 QUESTION7 1 7.008e+01 3.666e+01)
|                ( - 3.432e+02 2 0 QUESTION0 -1 7.440e+01 2.806e+01))
|            ( QUESTION0_8_R 1 7.750e+02 1.028e+02 5.395e+01
|                ( - 2.123e+02 4 0 QUESTION0 -1 2.388e+01 1.895e+01)
|                ( - 4.600e+02 5 0 QUESTION0 -1 7.965e+01 3.500e+01)))))
s>    ( QUESTION0_10_R 1 4.215e+03 1.888e+02 2.516e+02
s>        ( - 5.730e+02 3 0 SILENCE -1 8.827e+01 4.197e+01)
s>        ( QUESTION2 -1 3.453e+03 1.810e+02 2.097e+02
s>            ( QUESTION0_8_R 1 1.436e+03 1.455e+02 9.100e+01
s>                ( - 7.605e+02 2 0)
s>                ( QUESTION0_0_R 1 5.299e+02 1.018e+02 3.844e+01
s>                    ( - 1.820e+02 1 0)
s>                    ( - 2.461e+02 2 0 QUESTION0_18_R 1 4.763e+01 2.275e+01)))
s>            ( QUESTION0_18_R 1 1.836e+03 1.393e+02 1.187e+02
s>                ( QUESTION16 -1 9.222e+02 1.259e+02 6.472e+01
s>                    ( - 4.531e+02 2 0 QUESTION7 1 7.008e+01 3.666e+01)
s>                    ( - 3.432e+02 2 0 QUESTION0 -1 7.440e+01 2.806e+01))
s>                ( QUESTION0_8_R 1 7.750e+02 1.028e+02 5.395e+01
s>                    ( - 2.123e+02 4 0 QUESTION0 -1 2.388e+01 1.895e+01)
s>                    ( - 4.600e+02 5 0 QUESTION0 -1 7.965e+01 3.500e+01)))))INFO: dtree.c(1439): stop. leaf nodes are specific
INFO: dtree.c(1478): Final simple tree
|( QUESTION0_8_R 1 2.625e+03 2.047e+02 1.536e+02
|    ( QUESTION0 -1 1.249e+03 6.065e+01 7.527e+01
|        ( - 1.160e+03 1 0)
|        ( QUESTION6 -1 2.799e+01 1.311e+01 4.000e+00
|            ( - 1.857e-01 1 0)
|            ( QUESTION2_9_L -1 1.469e+01 8.971e+00 3.000e+00
|                ( - 0.000e+00 1 0)
|                ( - 5.714e+00 1 0))))
|    ( QUESTION0 -1 1.172e+03 1.379e+02 7.837e+01
|        ( - 5.323e+02 1 0)
|        ( QUESTION2_1_L -1 5.016e+02 8.762e+01 3.996e+01
|            ( - 1.206e+02 1 0)
|            ( - 2.933e+02 1 0))))
s>    ( QUESTION0_8_R 1 2.625e+03 2.047e+02 1.536e+02
s>        ( QUESTION0 -1 1.249e+03 6.065e+01 7.527e+01
s>            ( - 1.160e+03 1 0)
s>            ( QUESTION6 -1 2.799e+01 1.311e+01 4.000e+00
s>                ( - 1.857e-01 1 0)
s>                ( QUESTION2_9_L -1 1.469e+01 8.971e+00 3.000e+00
s>                    ( - 0.000e+00 1 0)
s>                    ( - 5.714e+00 1 0))))
s>        ( QUESTION0 -1 1.172e+03 1.379e+02 7.837e+01
s>            ( - 5.323e+02 1 0)
s>            ( QUESTION2_1_L -1 5.016e+02 8.762e+01 3.996e+01
s>                ( - 1.206e+02 1 0)
s>                ( - 2.933e+02 1 0))))INFO: dtree.c(1315): Comp split 14
INFO: dtree.c(1439): stop. leaf nodes are specific
INFO: dtree.c(1478): Final simple tree
|( QUESTION0_8_R 1 2.375e+03 1.769e+02 1.366e+02
|    ( - 1.650e+03 5 0)
|    ( QUESTION0_0_R 1 5.480e+02 8.775e+01 3.818e+01
|        ( - 1.935e+02 1 0)
|        ( - 2.668e+02 1 0)))
s>    ( QUESTION0_8_R 1 2.375e+03 1.769e+02 1.366e+02
s>        ( - 1.650e+03 5 0)
s>        ( QUESTION0_0_R 1 5.480e+02 8.775e+01 3.818e+01
s>            ( - 1.935e+02 1 0)
s>            ( - 2.668e+02 1 0)))INFO: dtree.c(1315): Comp split 15
INFO: dtree.c(1439): stop. leaf nodes are specific
INFO: dtree.c(1478): Final simple tree
|( QUESTION0_8_R 1 1.003e+03 9.271e+01 6.831e+01
|    ( - 1.232e+02 1 0)
|    ( - 7.871e+02 1 0))
s>    ( QUESTION0_8_R 1 1.003e+03 9.271e+01 6.831e+01
s>        ( - 1.232e+02 1 0)
s>        ( - 7.871e+02 1 0))INFO: dtree.c(1315): Comp split 16
INFO: dtree.c(1439): stop. leaf nodes are specific
INFO: dtree.c(1478): Final simple tree
|( QUESTION0_0_R 1 1.863e+03 1.976e+02 1.162e+02
|    ( - 1.073e+03 1 0)
|    ( QUESTION0 -1 5.919e+02 1.147e+02 4.399e+01
|        ( QUESTION0_12_R 1 3.195e+02 4.229e+01 2.500e+01
|            ( - 3.153e+01 1 0)
|            ( QUESTION1 -1 2.457e+02 3.882e+01 2.000e+01
|                ( - 1.795e+02 1 0)
|                ( - 2.741e+01 1 0)))
|        ( QUESTION4 -1 1.577e+02 4.362e+01 1.899e+01
|            ( - 8.911e+01 1 0)
|            ( - 2.496e+01 1 0))))
s>    ( QUESTION0_0_R 1 1.863e+03 1.976e+02 1.162e+02
s>        ( - 1.073e+03 1 0)
s>        ( QUESTION0 -1 5.919e+02 1.147e+02 4.399e+01
s>            ( QUESTION0_12_R 1 3.195e+02 4.229e+01 2.500e+01
s>                ( - 3.153e+01 1 0)
s>                ( QUESTION1 -1 2.457e+02 3.882e+01 2.000e+01
s>                    ( - 1.795e+02 1 0)
s>                    ( - 2.741e+01 1 0)))
s>            ( QUESTION4 -1 1.577e+02 4.362e+01 1.899e+01
s>                ( - 8.911e+01 1 0)
s>                ( - 2.496e+01 1 0))))INFO: dtree.c(1315): Comp split 17
INFO: dtree.c(1439): stop. leaf nodes are specific
INFO: dtree.c(1478): Final simple tree
|( QUESTION0_13_R 1 1.448e+03 1.453e+02 9.432e+01
|    ( QUESTION7 1 4.531e+02 7.008e+01 3.666e+01
|        ( - 3.542e+02 1 0)
|        ( - 2.882e+01 1 0))
|    ( QUESTION2_0_L -1 8.499e+02 1.217e+02 5.765e+01
|        ( QUESTION0 -1 4.478e+02 5.657e+01 3.597e+01
|            ( - 1.036e+02 1 0)
|            ( - 2.876e+02 1 0))
|        ( SILENCE -1 2.805e+02 6.148e+01 2.169e+01
|            ( - 3.696e+01 1 0)
|            ( - 1.820e+02 1 0))))
s>    ( QUESTION0_13_R 1 1.448e+03 1.453e+02 9.432e+01
s>        ( QUESTION7 1 4.531e+02 7.008e+01 3.666e+01
s>            ( - 3.542e+02 1 0)
s>            ( - 2.882e+01 1 0))
s>        ( QUESTION2_0_L -1 8.499e+02 1.217e+02 5.765e+01
s>            ( QUESTION0 -1 4.478e+02 5.657e+01 3.597e+01
s>                ( - 1.036e+02 1 0)
s>                ( - 2.876e+02 1 0))
s>            ( SILENCE -1 2.805e+02 6.148e+01 2.169e+01
s>                ( - 3.696e+01 1 0)
s>                ( - 1.820e+02 1 0))))INFO: dtree.c(1478): Final simple tree
|( QUESTION2 -1 2.525e+03 1.625e+02 1.573e+02
|    ( QUESTION0_8_R 1 1.125e+03 1.188e+02 7.531e+01
|        ( - 7.605e+02 2 0)
|        ( - 2.461e+02 2 0 QUESTION0_18_R 1 4.763e+01 2.275e+01))
|    ( QUESTION0_14_R 1 1.237e+03 1.187e+02 8.201e+01
|        ( QUESTION0 -1 3.044e+02 7.395e+01 2.400e+01
|            ( - 1.299e+02 1 0)
|            ( - 1.005e+02 2 0 QUESTION2_9_L -1 2.779e+01 1.100e+01))
|        ( QUESTION0_18_R 1 8.136e+02 9.863e+01 5.801e+01
|            ( QUESTION0 -1 3.432e+02 7.440e+01 2.806e+01
|                ( - 1.253e+02 1 0)
|                ( - 1.435e+02 1 0))
|            ( QUESTION0_8_R 1 3.718e+02 7.150e+01 2.995e+01
|                ( - 2.123e+02 4 0 QUESTION0 -1 2.388e+01 1.895e+01)
|                ( - 8.801e+01 2 0 QUESTION0_0_R 1 3.602e+01 1.100e+01)))))
s>    ( QUESTION2 -1 2.525e+03 1.625e+02 1.573e+02
s>        ( QUESTION0_8_R 1 1.125e+03 1.188e+02 7.531e+01
s>            ( - 7.605e+02 2 0)
s>            ( - 2.461e+02 2 0 QUESTION0_18_R 1 4.763e+01 2.275e+01))
s>        ( QUESTION0_14_R 1 1.237e+03 1.187e+02 8.201e+01
s>            ( QUESTION0 -1 3.044e+02 7.395e+01 2.400e+01
s>                ( - 1.299e+02 1 0)
s>                ( - 1.005e+02 2 0 QUESTION2_9_L -1 2.779e+01 1.100e+01))
s>            ( QUESTION0_18_R 1 8.136e+02 9.863e+01 5.801e+01
s>                ( QUESTION0 -1 3.432e+02 7.440e+01 2.806e+01
s>                    ( - 1.253e+02 1 0)
s>                    ( - 1.435e+02 1 0))
s>                ( QUESTION0_8_R 1 3.718e+02 7.150e+01 2.995e+01
s>                    ( - 2.123e+02 4 0 QUESTION0 -1 2.388e+01 1.895e+01)
s>                    ( - 8.801e+01 2 0 QUESTION0_0_R 1 3.602e+01 1.100e+01)))))INFO: dtree.c(1315): Comp split 18
INFO: dtree.c(1439): stop. leaf nodes are specific
INFO: dtree.c(1478): Final simple tree
|( QUESTION0_9_R 1 1.882e+03 1.365e+02 1.200e+02
|    ( QUESTION4 -1 1.376e+03 1.081e+02 8.903e+01
|        ( - 4.866e+02 1 0)
|        ( - 7.808e+02 1 0))
|    ( QUESTION0_0_R 1 3.698e+02 8.759e+01 3.100e+01
|        ( - 1.650e+02 1 0)
|        ( - 1.172e+02 1 0)))
s>    ( QUESTION0_9_R 1 1.882e+03 1.365e+02 1.200e+02
s>        ( QUESTION4 -1 1.376e+03 1.081e+02 8.903e+01
s>            ( - 4.866e+02 1 0)
s>            ( - 7.808e+02 1 0))
s>        ( QUESTION0_0_R 1 3.698e+02 8.759e+01 3.100e+01
s>            ( - 1.650e+02 1 0)
s>            ( - 1.172e+02 1 0)))INFO: dtree.c(1315): Comp split 19
INFO: dtree.c(1439): stop. leaf nodes are specific
INFO: dtree.c(1478): Final simple tree
|( QUESTION3 -1 1.281e+03 1.359e+02 8.384e+01
|    ( QUESTION0_0_R 1 2.698e+02 5.669e+01 2.393e+01
|        ( - 1.879e+01 1 0)
|        ( - 1.943e+02 2 0))
|    ( SILENCE -1 8.754e+02 9.494e+01 5.991e+01
|        ( - 5.930e+02 3 0)
|        ( - 1.874e+02 1 0)))
s>    ( QUESTION3 -1 1.281e+03 1.359e+02 8.384e+01
s>        ( QUESTION0_0_R 1 2.698e+02 5.669e+01 2.393e+01
s>            ( - 1.879e+01 1 0)
s>            ( - 1.943e+02 2 0))
s>        ( SILENCE -1 8.754e+02 9.494e+01 5.991e+01
s>            ( - 5.930e+02 3 0)
s>            ( - 1.874e+02 1 0)))INFO: dtree.c(1439): stop. leaf nodes are specific
INFO: dtree.c(1478): Final simple tree
|( QUESTION0_8_R 1 2.117e+03 1.611e+02 1.380e+02
|    ( - 1.146e+03 1 0)
|    ( - 8.093e+02 1 0))
s>    ( QUESTION0_8_R 1 2.117e+03 1.611e+02 1.380e+02
s>        ( - 1.146e+03 1 0)
s>        ( - 8.093e+02 1 0))INFO: dtree.c(1315): Comp split 20
INFO: dtree.c(1439): stop. leaf nodes are specific
INFO: dtree.c(1478): Final simple tree
|( QUESTION1 -1 1.861e+03 1.695e+02 1.133e+02
|    ( - 8.714e+02 1 0)
|    ( QUESTION2_0_L -1 8.200e+02 1.029e+02 5.562e+01
|        ( - 3.139e+02 1 0)
|        ( - 4.032e+02 1 0)))
s>    ( QUESTION1 -1 1.861e+03 1.695e+02 1.133e+02
s>        ( - 8.714e+02 1 0)
s>        ( QUESTION2_0_L -1 8.200e+02 1.029e+02 5.562e+01
s>            ( - 3.139e+02 1 0)
s>            ( - 4.032e+02 1 0)))INFO: dtree.c(1439): stop. leaf nodes are specific
INFO: dtree.c(1478): Final simple tree
|( QUESTION4 -1 1.044e+03 1.544e+01 6.978e+01
|    ( - 1.028e+03 1 0)
|    ( - 6.055e-01 1 0))
s>    ( QUESTION4 -1 1.044e+03 1.544e+01 6.978e+01
s>        ( - 1.028e+03 1 0)
s>        ( - 6.055e-01 1 0))INFO: dtree.c(1315): Comp split 21
INFO: dtree.c(1439): stop. leaf nodes are specific
INFO: dtree.c(1478): Final simple tree
|( SILENCE -1 6.220e+02 1.192e+02 4.300e+01
|    ( - 1.746e+02 1 0)
|    ( QUESTION0_14_R 1 3.282e+02 7.306e+01 2.600e+01
|        ( - 1.595e+02 1 0)
|        ( QUESTION0_0_R 1 9.564e+01 2.330e+01 1.000e+01
|            ( - 6.443e+01 1 0)
|            ( - 7.905e+00 1 0))))
s>    ( SILENCE -1 6.220e+02 1.192e+02 4.300e+01
s>        ( - 1.746e+02 1 0)
s>        ( QUESTION0_14_R 1 3.282e+02 7.306e+01 2.600e+01
s>            ( - 1.595e+02 1 0)
s>            ( QUESTION0_0_R 1 9.564e+01 2.330e+01 1.000e+01
s>                ( - 6.443e+01 1 0)
s>                ( - 7.905e+00 1 0))))INFO: dtree.c(1439): stop. leaf nodes are specific
INFO: dtree.c(1478): Final simple tree
|( SILENCE -1 1.285e+03 1.480e+02 8.127e+01
|    ( - 3.616e+02 1 0)
|    ( - 7.750e+02 1 0))
s>    ( SILENCE -1 1.285e+03 1.480e+02 8.127e+01
s>        ( - 3.616e+02 1 0)
s>        ( - 7.750e+02 1 0))INFO: dtree.c(1315): Comp split 22
INFO: dtree.c(1439): stop. leaf nodes are specific
INFO: dtree.c(1478): Final simple tree
|( QUESTION6 -1 4.993e+02 8.651e+01 2.990e+01
|    ( QUESTION7 -1 1.592e+02 2.821e+01 1.200e+01
|        ( - 8.595e+00 1 0)
|        ( - 1.224e+02 1 0))
|    ( - 2.536e+02 1 0))
s>    ( QUESTION6 -1 4.993e+02 8.651e+01 2.990e+01
s>        ( QUESTION7 -1 1.592e+02 2.821e+01 1.200e+01
s>            ( - 8.595e+00 1 0)
s>            ( - 1.224e+02 1 0))
s>        ( - 2.536e+02 1 0))INFO: dtree.c(1315): Comp split 23
INFO: dtree.c(1439): stop. leaf nodes are specific
INFO: dtree.c(1478): Final simple tree
|( QUESTION4 -1 1.226e+03 1.440e+02 8.137e+01
|    ( QUESTION2_1_L -1 5.016e+02 8.762e+01 3.996e+01
|        ( - 1.206e+02 1 0)
|        ( - 2.933e+02 1 0))
|    ( QUESTION0_8_R 1 5.801e+02 3.306e+01 4.141e+01
|        ( QUESTION2_9_L -1 1.469e+01 8.971e+00 3.000e+00
|            ( - 0.000e+00 1 0)
|            ( - 5.714e+00 1 0))
|        ( - 5.323e+02 1 0)))
s>    ( QUESTION4 -1 1.226e+03 1.440e+02 8.137e+01
s>        ( QUESTION2_1_L -1 5.016e+02 8.762e+01 3.996e+01
s>            ( - 1.206e+02 1 0)
s>            ( - 2.933e+02 1 0))
s>        ( QUESTION0_8_R 1 5.801e+02 3.306e+01 4.141e+01
s>            ( QUESTION2_9_L -1 1.469e+01 8.971e+00 3.000e+00
s>                ( - 0.000e+00 1 0)
s>                ( - 5.714e+00 1 0))
s>            ( - 5.323e+02 1 0)))INFO: dtree.c(1439): stop. leaf nodes are specific
INFO: dtree.c(1478): Final simple tree
|( QUESTION0 -1 1.185e+03 2.452e+01 7.227e+01
|    ( - 1.160e+03 1 0)
|    ( - 1.857e-01 1 0))
s>    ( QUESTION0 -1 1.185e+03 2.452e+01 7.227e+01
s>        ( - 1.160e+03 1 0)
s>        ( - 1.857e-01 1 0))INFO: dtree.c(1315): Comp split 24
INFO: dtree.c(1439): stop. leaf nodes are specific
INFO: dtree.c(1478): Final simple tree
|( QUESTION0 -1 5.033e+02 9.460e+01 3.899e+01
|    ( QUESTION0_12_R 1 3.195e+02 4.229e+01 2.500e+01
|        ( - 3.153e+01 1 0)
|        ( QUESTION1 -1 2.457e+02 3.882e+01 2.000e+01
|            ( - 1.795e+02 1 0)
|            ( - 2.741e+01 1 0)))
|    ( - 8.911e+01 1 0))
s>    ( QUESTION0 -1 5.033e+02 9.460e+01 3.899e+01
s>        ( QUESTION0_12_R 1 3.195e+02 4.229e+01 2.500e+01
s>            ( - 3.153e+01 1 0)
s>            ( QUESTION1 -1 2.457e+02 3.882e+01 2.000e+01
s>                ( - 1.795e+02 1 0)
s>                ( - 2.741e+01 1 0)))
s>        ( - 8.911e+01 1 0))INFO: dtree.c(1439): stop. leaf nodes are specific
INFO: dtree.c(1478): Final simple tree
|( QUESTION0_0_R 1 1.149e+03 5.079e+01 7.721e+01
|    ( - 1.073e+03 1 0)
|    ( - 2.496e+01 1 0))
s>    ( QUESTION0_0_R 1 1.149e+03 5.079e+01 7.721e+01
s>        ( - 1.073e+03 1 0)
s>        ( - 2.496e+01 1 0))INFO: dtree.c(1315): Comp split 25
INFO: dtree.c(1439): stop. leaf nodes are specific
INFO: dtree.c(1478): Final simple tree
|( QUESTION0_0_R 1 7.079e+02 1.200e+02 5.100e+01
|    ( - 1.856e+02 1 0)
|    ( - 4.022e+02 1 0))
s>    ( QUESTION0_0_R 1 7.079e+02 1.200e+02 5.100e+01
s>        ( - 1.856e+02 1 0)
s>        ( - 4.022e+02 1 0))INFO: dtree.c(1315): Comp split 26
INFO: dtree.c(1439): stop. leaf nodes are specific
INFO: dtree.c(1478): Final simple tree
|( QUESTION0_8_R 1 1.204e+03 1.039e+02 7.955e+01
|    ( - 7.605e+02 2 0)
|    ( QUESTION0_14_R 1 3.393e+02 6.593e+01 2.700e+01
|        ( - 1.299e+02 1 0)
|        ( - 1.435e+02 1 0)))
s>    ( QUESTION0_8_R 1 1.204e+03 1.039e+02 7.955e+01
s>        ( - 7.605e+02 2 0)
s>        ( QUESTION0_14_R 1 3.393e+02 6.593e+01 2.700e+01
s>            ( - 1.299e+02 1 0)
s>            ( - 1.435e+02 1 0)))INFO: dtree.c(1478): Final simple tree
|( QUESTION2 -1 1.113e+03 1.220e+02 7.776e+01
|    ( QUESTION0_18_R 1 2.461e+02 4.763e+01 2.275e+01
|        ( - 1.739e+02 1 0)
|        ( - 2.460e+01 1 0))
|    ( QUESTION0_8_R 1 7.451e+02 8.460e+01 5.501e+01
|        ( - 2.123e+02 4 0 QUESTION0 -1 2.388e+01 1.895e+01)
|        ( QUESTION0_18_R 1 4.483e+02 8.217e+01 3.606e+01
|            ( - 1.253e+02 1 0)
|            ( QUESTION0_14_R 1 2.408e+02 5.231e+01 2.200e+01
|                ( QUESTION2_9_L -1 1.005e+02 2.779e+01 1.100e+01
|                    ( - 1.044e+01 1 0)
|                    ( - 6.228e+01 1 0))
|                ( QUESTION0_0_R 1 8.801e+01 3.602e+01 1.100e+01
|                    ( - 2.767e+01 1 0)
|                    ( - 2.432e+01 1 0))))))
s>    ( QUESTION2 -1 1.113e+03 1.220e+02 7.776e+01
s>        ( QUESTION0_18_R 1 2.461e+02 4.763e+01 2.275e+01
s>            ( - 1.739e+02 1 0)
s>            ( - 2.460e+01 1 0))
s>        ( QUESTION0_8_R 1 7.451e+02 8.460e+01 5.501e+01
s>            ( - 2.123e+02 4 0 QUESTION0 -1 2.388e+01 1.895e+01)
s>            ( QUESTION0_18_R 1 4.483e+02 8.217e+01 3.606e+01
s>                ( - 1.253e+02 1 0)
s>                ( QUESTION0_14_R 1 2.408e+02 5.231e+01 2.200e+01
s>                    ( QUESTION2_9_L -1 1.005e+02 2.779e+01 1.100e+01
s>                        ( - 1.044e+01 1 0)
s>                        ( - 6.228e+01 1 0))
s>                    ( QUESTION0_0_R 1 8.801e+01 3.602e+01 1.100e+01
s>                        ( - 2.767e+01 1 0)
s>                        ( - 2.432e+01 1 0))))))INFO: dtree.c(1315): Comp split 27
INFO: dtree.c(1439): stop. leaf nodes are specific
INFO: dtree.c(1478): Final simple tree
|( QUESTION0_0_R 1 5.480e+02 8.775e+01 3.818e+01
|    ( - 1.935e+02 1 0)
|    ( - 2.668e+02 1 0))
s>    ( QUESTION0_0_R 1 5.480e+02 8.775e+01 3.818e+01
s>        ( - 1.935e+02 1 0)
s>        ( - 2.668e+02 1 0))INFO: dtree.c(1315): Comp split 28
INFO: dtree.c(1439): stop. leaf nodes are specific
INFO: dtree.c(1478): Final simple tree
|( QUESTION2_0_L -1 8.200e+02 1.029e+02 5.562e+01
|    ( - 3.139e+02 1 0)
|    ( - 4.032e+02 1 0))
s>    ( QUESTION2_0_L -1 8.200e+02 1.029e+02 5.562e+01
s>        ( - 3.139e+02 1 0)
s>        ( - 4.032e+02 1 0))INFO: dtree.c(1315): Comp split 29
INFO: dtree.c(1439): stop. leaf nodes are specific
INFO: dtree.c(1478): Final simple tree
|( QUESTION0_10_R 1 5.422e+02 6.556e+01 4.197e+01
|    ( QUESTION0 -1 4.478e+02 5.657e+01 3.597e+01
|        ( - 1.036e+02 1 0)
|        ( - 2.876e+02 1 0))
|    ( - 2.882e+01 1 0))
s>    ( QUESTION0_10_R 1 5.422e+02 6.556e+01 4.197e+01
s>        ( QUESTION0 -1 4.478e+02 5.657e+01 3.597e+01
s>            ( - 1.036e+02 1 0)
s>            ( - 2.876e+02 1 0))
s>        ( - 2.882e+01 1 0))INFO: dtree.c(1439): stop. leaf nodes are specific
INFO: dtree.c(1478): Final simple tree
|( QUESTION0_13_R 1 7.445e+02 1.099e+02 5.235e+01
|    ( - 3.542e+02 1 0)
|    ( SILENCE -1 2.805e+02 6.148e+01 2.169e+01
|        ( - 3.696e+01 1 0)
|        ( - 1.820e+02 1 0)))
s>    ( QUESTION0_13_R 1 7.445e+02 1.099e+02 5.235e+01
s>        ( - 3.542e+02 1 0)
s>        ( SILENCE -1 2.805e+02 6.148e+01 2.169e+01
s>            ( - 3.696e+01 1 0)
s>            ( - 1.820e+02 1 0)))INFO: dtree.c(1315): Comp split 30
INFO: dtree.c(1315): Comp split 31
INFO: dtree.c(1439): stop. leaf nodes are specific
INFO: dtree.c(1478): Final simple tree
|( QUESTION0_18_R 1 4.383e+02 7.152e+01 3.675e+01
|    ( - 1.739e+02 1 0)
|    ( QUESTION0_14_R 1 1.929e+02 4.781e+01 1.889e+01
|        ( - 6.228e+01 1 0)
|        ( QUESTION0_0_R 1 8.283e+01 3.056e+01 1.089e+01
|            ( - 2.767e+01 1 0)
|            ( - 2.460e+01 1 0))))
s>    ( QUESTION0_18_R 1 4.383e+02 7.152e+01 3.675e+01
s>        ( - 1.739e+02 1 0)
s>        ( QUESTION0_14_R 1 1.929e+02 4.781e+01 1.889e+01
s>            ( - 6.228e+01 1 0)
s>            ( QUESTION0_0_R 1 8.283e+01 3.056e+01 1.089e+01
s>                ( - 2.767e+01 1 0)
s>                ( - 2.460e+01 1 0))))INFO: dtree.c(1439): stop. leaf nodes are specific
INFO: dtree.c(1478): Final simple tree
|( QUESTION0_18_R 1 5.248e+02 7.941e+01 4.101e+01
|    ( - 1.253e+02 1 0)
|    ( QUESTION0_8_R 1 3.201e+02 5.018e+01 2.695e+01
|        ( QUESTION0 -1 2.123e+02 2.388e+01 1.895e+01
|            ( - 1.804e+02 2 0)
|            ( - 8.000e+00 2 0))
|        ( QUESTION0_14_R 1 5.763e+01 2.286e+01 8.000e+00
|            ( - 1.044e+01 1 0)
|            ( - 2.432e+01 1 0))))
s>    ( QUESTION0_18_R 1 5.248e+02 7.941e+01 4.101e+01
s>        ( - 1.253e+02 1 0)
s>        ( QUESTION0_8_R 1 3.201e+02 5.018e+01 2.695e+01
s>            ( QUESTION0 -1 2.123e+02 2.388e+01 1.895e+01
s>                ( - 1.804e+02 2 0)
s>                ( - 8.000e+00 2 0))
s>            ( QUESTION0_14_R 1 5.763e+01 2.286e+01 8.000e+00
s>                ( - 1.044e+01 1 0)
s>                ( - 2.432e+01 1 0))))INFO: dtree.c(1315): Comp split 32
INFO: dtree.c(1439): stop. leaf nodes are specific
INFO: dtree.c(1478): Final simple tree
|( QUESTION1 -1 1.455e+02 3.765e+01 1.400e+01
|    ( WDBNDRY_E 0 8.879e+01 1.200e+01 1.100e+01
|        ( - 0.000e+00 1 0)
|        ( - 7.679e+01 1 0))
|    ( WDBNDRY_B 0 1.902e+01 1.102e+01 3.000e+00
|        ( QUESTION0_0_R 1 8.000e+00 8.000e+00 2.000e+00
|            ( - 0.000e+00 1 0)
|            ( - 0.000e+00 1 0))
|        ( - 0.000e+00 1 0)))
s>    ( QUESTION1 -1 1.455e+02 3.765e+01 1.400e+01
s>        ( WDBNDRY_E 0 8.879e+01 1.200e+01 1.100e+01
s>            ( - 0.000e+00 1 0)
s>            ( - 7.679e+01 1 0))
s>        ( WDBNDRY_B 0 1.902e+01 1.102e+01 3.000e+00
s>            ( QUESTION0_0_R 1 8.000e+00 8.000e+00 2.000e+00
s>                ( - 0.000e+00 1 0)
s>                ( - 0.000e+00 1 0))
s>            ( - 0.000e+00 1 0)))INFO: dtree.c(1315): Comp split 33
INFO: dtree.c(1315): Comp split 34
INFO: dtree.c(1439): stop. leaf nodes are specific
INFO: dtree.c(1478): Final simple tree
|( QUESTION0_8_R 1 9.981e+02 1.000e+02 6.503e+01
|    ( - 1.172e+02 1 0)
|    ( - 7.808e+02 1 0))
s>    ( QUESTION0_8_R 1 9.981e+02 1.000e+02 6.503e+01
s>        ( - 1.172e+02 1 0)
s>        ( - 7.808e+02 1 0))INFO: dtree.c(1439): stop. leaf nodes are specific
INFO: dtree.c(1478): Final simple tree
|( QUESTION0_0_R 1 7.387e+02 8.705e+01 5.500e+01
|    ( - 1.650e+02 1 0)
|    ( - 4.866e+02 1 0))
s>    ( QUESTION0_0_R 1 7.387e+02 8.705e+01 5.500e+01
s>        ( - 1.650e+02 1 0)
s>        ( - 4.866e+02 1 0))INFO: dtree.c(1315): Comp split 35
INFO: dtree.c(1439): stop. leaf nodes are specific
INFO: dtree.c(1478): Final simple tree
|( QUESTION0_8_R 1 5.801e+02 3.306e+01 4.141e+01
|    ( QUESTION2_9_L -1 1.469e+01 8.971e+00 3.000e+00
|        ( - 0.000e+00 1 0)
|        ( - 5.714e+00 1 0))
|    ( - 5.323e+02 1 0))
s>    ( QUESTION0_8_R 1 5.801e+02 3.306e+01 4.141e+01
s>        ( QUESTION2_9_L -1 1.469e+01 8.971e+00 3.000e+00
s>            ( - 0.000e+00 1 0)
s>            ( - 5.714e+00 1 0))
s>        ( - 5.323e+02 1 0))INFO: dtree.c(1439): stop. leaf nodes are specific
INFO: dtree.c(1478): Final simple tree
|( QUESTION2_1_L -1 5.016e+02 8.762e+01 3.996e+01
|    ( - 1.206e+02 1 0)
|    ( - 2.933e+02 1 0))
s>    ( QUESTION2_1_L -1 5.016e+02 8.762e+01 3.996e+01
s>        ( - 1.206e+02 1 0)
s>        ( - 2.933e+02 1 0))INFO: dtree.c(1315): Comp split 36
INFO: dtree.c(1439): stop. leaf nodes are specific
INFO: dtree.c(1478): Final simple tree
|( SILENCE -1 8.754e+02 9.494e+01 5.991e+01
|    ( - 5.930e+02 3 0)
|    ( - 1.874e+02 1 0))
s>    ( SILENCE -1 8.754e+02 9.494e+01 5.991e+01
s>        ( - 5.930e+02 3 0)
s>        ( - 1.874e+02 1 0))INFO: dtree.c(1439): stop. leaf nodes are specific
INFO: dtree.c(1478): Final simple tree
|( QUESTION0_0_R 1 2.698e+02 5.669e+01 2.393e+01
|    ( - 1.879e+01 1 0)
|    ( - 1.943e+02 2 0))
s>    ( QUESTION0_0_R 1 2.698e+02 5.669e+01 2.393e+01
s>        ( - 1.879e+01 1 0)
s>        ( - 1.943e+02 2 0))INFO: dtree.c(1315): Comp split 37
INFO: dtree.c(1315): Comp split 38
INFO: dtree.c(1439): stop. leaf nodes are specific
INFO: dtree.c(1478): Final simple tree
|( QUESTION0_14_R 1 3.282e+02 7.306e+01 2.600e+01
|    ( - 1.595e+02 1 0)
|    ( QUESTION0_0_R 1 9.564e+01 2.330e+01 1.000e+01
|        ( - 6.443e+01 1 0)
|        ( - 7.905e+00 1 0)))
s>    ( QUESTION0_14_R 1 3.282e+02 7.306e+01 2.600e+01
s>        ( - 1.595e+02 1 0)
s>        ( QUESTION0_0_R 1 9.564e+01 2.330e+01 1.000e+01
s>            ( - 6.443e+01 1 0)
s>            ( - 7.905e+00 1 0)))INFO: dtree.c(1315): Comp split 39
INFO: dtree.c(1439): stop. leaf nodes are specific
INFO: dtree.c(1478): Final simple tree
|( QUESTION6 -1 1.436e+02 4.421e+01 1.300e+01
|    ( WDBNDRY_B 0 6.606e+01 2.448e+01 8.000e+00
|        ( - 1.951e+01 1 0)
|        ( - 2.206e+01 1 0))
|    ( QUESTION0_0_R 1 3.337e+01 9.499e+00 5.000e+00
|        ( - 0.000e+00 1 0)
|        ( - 2.387e+01 1 0)))
s>    ( QUESTION6 -1 1.436e+02 4.421e+01 1.300e+01
s>        ( WDBNDRY_B 0 6.606e+01 2.448e+01 8.000e+00
s>            ( - 1.951e+01 1 0)
s>            ( - 2.206e+01 1 0))
s>        ( QUESTION0_0_R 1 3.337e+01 9.499e+00 5.000e+00
s>            ( - 0.000e+00 1 0)
s>            ( - 2.387e+01 1 0)))INFO: dtree.c(1315): Comp split 40
INFO: dtree.c(1439): stop. leaf nodes are specific
INFO: dtree.c(1478): Final simple tree
|( SILENCE -1 2.805e+02 6.148e+01 2.169e+01
|    ( - 3.696e+01 1 0)
|    ( - 1.820e+02 1 0))
s>    ( SILENCE -1 2.805e+02 6.148e+01 2.169e+01
s>        ( - 3.696e+01 1 0)
s>        ( - 1.820e+02 1 0))INFO: dtree.c(1315): Comp split 41
INFO: dtree.c(1439): stop. leaf nodes are specific
INFO: dtree.c(1478): Final simple tree
|( QUESTION0_14_R 1 3.393e+02 6.593e+01 2.700e+01
|    ( - 1.299e+02 1 0)
|    ( - 1.435e+02 1 0))
s>    ( QUESTION0_14_R 1 3.393e+02 6.593e+01 2.700e+01
s>        ( - 1.299e+02 1 0)
s>        ( - 1.435e+02 1 0))INFO: dtree.c(1315): Comp split 42
INFO: dtree.c(1315): Comp split 43
INFO: dtree.c(1315): Comp split 44
INFO: dtree.c(1315): Comp split 45
INFO: dtree.c(1439): stop. leaf nodes are specific
INFO: dtree.c(1478): Final simple tree
|( QUESTION0_12_R 1 3.195e+02 4.229e+01 2.500e+01
|    ( - 3.153e+01 1 0)
|    ( QUESTION1 -1 2.457e+02 3.882e+01 2.000e+01
|        ( - 1.795e+02 1 0)
|        ( - 2.741e+01 1 0)))
s>    ( QUESTION0_12_R 1 3.195e+02 4.229e+01 2.500e+01
s>        ( - 3.153e+01 1 0)
s>        ( QUESTION1 -1 2.457e+02 3.882e+01 2.000e+01
s>            ( - 1.795e+02 1 0)
s>            ( - 2.741e+01 1 0)))INFO: dtree.c(1315): Comp split 46
INFO: dtree.c(1315): Comp split 47
INFO: dtree.c(1315): Comp split 48
INFO: dtree.c(1315): Comp split 49
INFO: dtree.c(1315): Comp split 50
INFO: dtree.c(1439): stop. leaf nodes are specific
INFO: dtree.c(1478): Final simple tree
|( QUESTION7 -1 1.592e+02 2.821e+01 1.200e+01
|    ( - 8.595e+00 1 0)
|    ( - 1.224e+02 1 0))
s>    ( QUESTION7 -1 1.592e+02 2.821e+01 1.200e+01
s>        ( - 8.595e+00 1 0)
s>        ( - 1.224e+02 1 0))INFO: dtree.c(1315): Comp split 51
INFO: dtree.c(1439): stop. leaf nodes are specific
INFO: dtree.c(1478): Final simple tree
|( QUESTION0_14_R 1 1.225e+02 3.564e+01 1.289e+01
|    ( - 6.228e+01 1 0)
|    ( - 2.460e+01 1 0))
s>    ( QUESTION0_14_R 1 1.225e+02 3.564e+01 1.289e+01
s>        ( - 6.228e+01 1 0)
s>        ( - 2.460e+01 1 0))INFO: dtree.c(1439): stop. leaf nodes are specific
INFO: dtree.c(1478): Final simple tree
|( QUESTION0_0_R 1 2.312e+02 2.961e+01 2.386e+01
|    ( - 2.767e+01 1 0)
|    ( - 1.739e+02 1 0))
s>    ( QUESTION0_0_R 1 2.312e+02 2.961e+01 2.386e+01
s>        ( - 2.767e+01 1 0)
s>        ( - 1.739e+02 1 0))INFO: dtree.c(1315): Comp split 52
INFO: dtree.c(1439): stop. leaf nodes are specific
INFO: dtree.c(1478): Final simple tree
|( QUESTION0_15_R 1 2.848e+02 4.703e+01 2.495e+01
|    ( - 2.432e+01 1 0)
|    ( QUESTION0_8_R 1 2.134e+02 2.259e+01 1.995e+01
|        ( - 1.804e+02 2 0)
|        ( - 1.044e+01 1 0)))
s>    ( QUESTION0_15_R 1 2.848e+02 4.703e+01 2.495e+01
s>        ( - 2.432e+01 1 0)
s>        ( QUESTION0_8_R 1 2.134e+02 2.259e+01 1.995e+01
s>            ( - 1.804e+02 2 0)
s>            ( - 1.044e+01 1 0)))INFO: dtree.c(1439): stop. leaf nodes are specific
INFO: dtree.c(1478): Final simple tree
|( QUESTION0_8_R 1 1.581e+02 2.479e+01 1.606e+01
|    ( - 8.000e+00 2 0)
|    ( - 1.253e+02 1 0))
s>    ( QUESTION0_8_R 1 1.581e+02 2.479e+01 1.606e+01
s>        ( - 8.000e+00 2 0)
s>        ( - 1.253e+02 1 0))INFO: dtree.c(1315): Comp split 53
INFO: dtree.c(1439): stop. leaf nodes are specific
INFO: dtree.c(1478): Final simple tree
|( QUESTION0_10_R 1 1.806e+02 4.820e+01 1.896e+01
|    ( - 1.036e+02 1 0)
|    ( - 2.882e+01 1 0))
s>    ( QUESTION0_10_R 1 1.806e+02 4.820e+01 1.896e+01
s>        ( - 1.036e+02 1 0)
s>        ( - 2.882e+01 1 0))INFO: dtree.c(1315): Comp split 54
INFO: dtree.c(1439): stop. leaf nodes are specific
INFO: dtree.c(1478): Final simple tree
|( QUESTION0_0_R 1 9.564e+01 2.330e+01 1.000e+01
|    ( - 6.443e+01 1 0)
|    ( - 7.905e+00 1 0))
s>    ( QUESTION0_0_R 1 9.564e+01 2.330e+01 1.000e+01
s>        ( - 6.443e+01 1 0)
s>        ( - 7.905e+00 1 0))INFO: dtree.c(1315): Comp split 55
INFO: dtree.c(1315): Comp split 56
INFO: dtree.c(1315): Comp split 57
INFO: dtree.c(1315): Comp split 58
INFO: dtree.c(1315): Comp split 59
INFO: dtree.c(1439): stop. leaf nodes are specific
INFO: dtree.c(1478): Final simple tree
|( QUESTION0_12_R 1 8.882e+01 2.988e+01 9.000e+00
|    ( - 3.153e+01 1 0)
|    ( - 2.741e+01 1 0))
s>    ( QUESTION0_12_R 1 8.882e+01 2.988e+01 9.000e+00
s>        ( - 3.153e+01 1 0)
s>        ( - 2.741e+01 1 0))INFO: dtree.c(1315): Comp split 60
INFO: dtree.c(1315): Comp split 61
INFO: dtree.c(1315): Comp split 62
INFO: dtree.c(1439): stop. leaf nodes are specific
INFO: dtree.c(1478): Final simple tree
|( QUESTION0_8_R 1 2.134e+02 2.259e+01 1.995e+01
|    ( - 1.804e+02 2 0)
|    ( - 1.044e+01 1 0))
s>    ( QUESTION0_8_R 1 2.134e+02 2.259e+01 1.995e+01
s>        ( - 1.804e+02 2 0)
s>        ( - 1.044e+01 1 0))INFO: dtree.c(1315): Comp split 63
INFO: dtree.c(1439): stop. leaf nodes are specific
INFO: dtree.c(1478): Final simple tree
|( QUESTION0_0_R 1 3.337e+01 9.499e+00 5.000e+00
|    ( - 0.000e+00 1 0)
|    ( - 2.387e+01 1 0))
s>    ( QUESTION0_0_R 1 3.337e+01 9.499e+00 5.000e+00
s>        ( - 0.000e+00 1 0)
s>        ( - 2.387e+01 1 0))INFO: dtree.c(1439): stop. leaf nodes are specific
INFO: dtree.c(1478): Final simple tree
|( WDBNDRY_B 0 6.606e+01 2.448e+01 8.000e+00
|    ( - 1.951e+01 1 0)
|    ( - 2.206e+01 1 0))
s>    ( WDBNDRY_B 0 6.606e+01 2.448e+01 8.000e+00
s>        ( - 1.951e+01 1 0)
s>        ( - 2.206e+01 1 0))INFO: dtree.c(1315): Comp split 64
INFO: dtree.c(1439): stop. leaf nodes are specific
INFO: dtree.c(1478): Final simple tree
|( WDBNDRY_B 0 1.902e+01 1.102e+01 3.000e+00
|    ( QUESTION0_0_R 1 8.000e+00 8.000e+00 2.000e+00
|        ( - 0.000e+00 1 0)
|        ( - 0.000e+00 1 0))
|    ( - 0.000e+00 1 0))
s>    ( WDBNDRY_B 0 1.902e+01 1.102e+01 3.000e+00
s>        ( QUESTION0_0_R 1 8.000e+00 8.000e+00 2.000e+00
s>            ( - 0.000e+00 1 0)
s>            ( - 0.000e+00 1 0))
s>        ( - 0.000e+00 1 0))INFO: dtree.c(1439): stop. leaf nodes are specific
INFO: dtree.c(1478): Final simple tree
|( WDBNDRY_E 0 8.879e+01 1.200e+01 1.100e+01
|    ( - 0.000e+00 1 0)
|    ( - 7.679e+01 1 0))
s>    ( WDBNDRY_E 0 8.879e+01 1.200e+01 1.100e+01
s>        ( - 0.000e+00 1 0)
s>        ( - 7.679e+01 1 0))INFO: dtree.c(1315): Comp split 65
INFO: dtree.c(1315): Comp split 66
INFO: dtree.c(1439): stop. leaf nodes are specific
INFO: dtree.c(1478): Final simple tree
|( QUESTION2_9_L -1 1.469e+01 8.971e+00 3.000e+00
|    ( - 0.000e+00 1 0)
|    ( - 5.714e+00 1 0))
s>    ( QUESTION2_9_L -1 1.469e+01 8.971e+00 3.000e+00
s>        ( - 0.000e+00 1 0)
s>        ( - 5.714e+00 1 0))INFO: dtree.c(1315): Comp split 67
INFO: dtree.c(1315): Comp split 68
INFO: dtree.c(1315): Comp split 69
INFO: dtree.c(1315): Comp split 70
INFO: dtree.c(1315): Comp split 71
INFO: dtree.c(1315): Comp split 72
INFO: dtree.c(1315): Comp split 73
INFO: dtree.c(1315): Comp split 74
INFO: dtree.c(1315): Comp split 75
INFO: dtree.c(1315): Comp split 76
INFO: dtree.c(1315): Comp split 77
INFO: dtree.c(1439): stop. leaf nodes are specific
INFO: dtree.c(1478): Final simple tree
|( WDBNDRY_B 0 8.000e+00 8.000e+00 2.000e+00
|    ( - 0.000e+00 1 0)
|    ( - 0.000e+00 1 0))
s>    ( WDBNDRY_B 0 8.000e+00 8.000e+00 2.000e+00
s>        ( - 0.000e+00 1 0)
s>        ( - 0.000e+00 1 0))INFO: dtree.c(1315): Comp split 78
INFO: dtree.c(1315): Comp split 79
INFO: dtree.c(1315): Comp split 80
INFO: dtree.c(1315): Comp split 81
INFO: dtree.c(1318): stop. leaf nodes are specific
Sun Mar 12 05:24:16 2017
