Current configuration:
[NAME]		[DEFLT]	[VALUE]
-allphones	no	no
-cntthresh	0.00001	1.000000e-05
-csplitmax	100	2000
-csplitmin	1	1
-csplitthr	8e-4	0.000000e+00
-example	no	no
-fullvar	no	no
-help		no	no
-meanfn			
-mixwfn			/home/gaurav/python-scripts/py/scripts/sphinx-source2/an4/model_parameters/an4.cd_ptm_untied/mixture_weights
-moddeffn		/home/gaurav/python-scripts/py/scripts/sphinx-source2/an4/model_architecture/an4.untied.mdef
-mwfloor	1e-4	1.000000e-08
-phone			AY
-psetfn			/home/gaurav/python-scripts/py/scripts/sphinx-source2/an4/model_architecture/an4.tree_questions
-ssplitmax	5	7
-ssplitmin	1	1
-ssplitthr	8e-4	0.000000e+00
-state			1
-stwt			1.0,0.05,0.0,
-treefn			/home/gaurav/python-scripts/py/scripts/sphinx-source2/an4/trees/an4.unpruned/AY-1.dtree
-ts2cbfn	.semi.	.semi.
-varfloor	0.00001	1.000000e-05
-varfn			

INFO: main.c(223): Reading: /home/gaurav/python-scripts/py/scripts/sphinx-source2/an4/model_architecture/an4.untied.mdef
INFO: model_def_io.c(573): Model definition info:
INFO: model_def_io.c(574): 1618 total models defined (34 base, 1584 tri)
INFO: model_def_io.c(575): 6472 total states
INFO: model_def_io.c(576): 4854 total tied states
INFO: model_def_io.c(577): 102 total tied CI states
INFO: model_def_io.c(578): 34 total tied transition matrices
INFO: model_def_io.c(579): 4 max state/model
INFO: model_def_io.c(580): 4 min state/model
INFO: main.c(242): Building trees for [AY AH EH s] through [AY W Z e]
INFO: main.c(269): Covering states |[480 734]| == 255
INFO: main.c(275): Reading: /home/gaurav/python-scripts/py/scripts/sphinx-source2/an4/model_parameters/an4.cd_ptm_untied/mixture_weights
INFO: s3mixw_io.c(173): Read /home/gaurav/python-scripts/py/scripts/sphinx-source2/an4/model_parameters/an4.cd_ptm_untied/mixture_weights [255x4x64 array]
INFO: main.c(311): 85 of 85 models have observation count greater than 0.000010
INFO: main.c(95): nrm stwt: 0.045 0.909 0.045 
INFO: main.c(411): 85-class entropy: 5.538838e+04
INFO: main.c(549): Reading: /home/gaurav/python-scripts/py/scripts/sphinx-source2/an4/model_architecture/an4.tree_questions
INFO: main.c(588): 180 total simple questions (172 phone; 8 word bndry)
INFO: main.c(590): 42 Left Only questions, and 42 Right Only questions
INFO: dtree.c(1478): Final simple tree
|( QUESTION2_5_L -1 6.699e+04 1.337e+03 3.556e+03
|    ( WDBNDRY_S 0 1.713e+04 3.161e+02 9.517e+02
|        ( - 1.290e+03 5 0 QUESTION0_8_R 1 1.384e+02 7.864e+01)
|        ( - 1.552e+04 1 0))
|    ( WDBNDRY_I 0 4.853e+04 1.011e+03 2.604e+03
|        ( - 1.658e+04 1 0)
|        ( QUESTION1 -1 3.094e+04 5.786e+02 1.646e+03
|            ( QUESTION0_10_R 1 1.423e+04 3.221e+02 7.825e+02
|                ( - 8.876e+03 2 0 QUESTION0_11_R 1 1.297e+02 5.063e+02)
|                ( - 5.033e+03 12 0 QUESTION0_8_R 1 2.593e+02 2.762e+02))
|            ( QUESTION2_18_L -1 1.613e+04 3.852e+02 8.637e+02
|                ( - 6.296e+03 20 0 SILENCE 1 2.769e+02 3.496e+02)
|                ( QUESTION0_13_R 1 9.447e+03 3.058e+02 5.141e+02
|                    ( - 4.586e+03 16 0 QUESTION0 -1 2.427e+02 2.630e+02)
|                    ( - 4.555e+03 28 0 QUESTION16 -1 2.735e+02 2.510e+02))))))
s>    ( QUESTION2_5_L -1 6.699e+04 1.337e+03 3.556e+03
s>        ( WDBNDRY_S 0 1.713e+04 3.161e+02 9.517e+02
s>            ( - 1.290e+03 5 0 QUESTION0_8_R 1 1.384e+02 7.864e+01)
s>            ( - 1.552e+04 1 0))
s>        ( WDBNDRY_I 0 4.853e+04 1.011e+03 2.604e+03
s>            ( - 1.658e+04 1 0)
s>            ( QUESTION1 -1 3.094e+04 5.786e+02 1.646e+03
s>                ( QUESTION0_10_R 1 1.423e+04 3.221e+02 7.825e+02
s>                    ( - 8.876e+03 2 0 QUESTION0_11_R 1 1.297e+02 5.063e+02)
s>                    ( - 5.033e+03 12 0 QUESTION0_8_R 1 2.593e+02 2.762e+02))
s>                ( QUESTION2_18_L -1 1.613e+04 3.852e+02 8.637e+02
s>                    ( - 6.296e+03 20 0 SILENCE 1 2.769e+02 3.496e+02)
s>                    ( QUESTION0_13_R 1 9.447e+03 3.058e+02 5.141e+02
s>                        ( - 4.586e+03 16 0 QUESTION0 -1 2.427e+02 2.630e+02)
s>                        ( - 4.555e+03 28 0 QUESTION16 -1 2.735e+02 2.510e+02))))))INFO: dtree.c(1315): Comp split 0
INFO: dtree.c(1478): Final simple tree
|( WDBNDRY_I 0 5.006e+04 1.033e+03 2.683e+03
|    ( - 1.658e+04 1 0)
|    ( QUESTION1 -1 3.245e+04 6.018e+02 1.725e+03
|        ( QUESTION0_10_R 1 1.423e+04 3.221e+02 7.825e+02
|            ( - 8.876e+03 2 0 QUESTION0_11_R 1 1.297e+02 5.063e+02)
|            ( QUESTION0_8_R 1 5.033e+03 2.593e+02 2.762e+02
|                ( - 5.855e+02 3 0 QUESTION0 1 1.142e+02 4.393e+01)
|                ( - 4.188e+03 9 0 QUESTION0_14_R 1 2.548e+02 2.323e+02)))
|        ( QUESTION2_18_L -1 1.761e+04 3.947e+02 9.423e+02
|            ( SILENCE 1 6.296e+03 2.769e+02 3.496e+02
|                ( - 1.902e+03 1 0)
|                ( - 4.118e+03 19 0 QUESTION16 1 2.047e+02 2.441e+02))
|            ( QUESTION0_13_R 1 1.092e+04 2.578e+02 5.927e+02
|                ( - 5.011e+03 17 0 QUESTION0 -1 2.436e+02 2.845e+02)
|                ( - 5.654e+03 32 0 QUESTION16 -1 2.924e+02 3.082e+02)))))
s>    ( WDBNDRY_I 0 5.006e+04 1.033e+03 2.683e+03
s>        ( - 1.658e+04 1 0)
s>        ( QUESTION1 -1 3.245e+04 6.018e+02 1.725e+03
s>            ( QUESTION0_10_R 1 1.423e+04 3.221e+02 7.825e+02
s>                ( - 8.876e+03 2 0 QUESTION0_11_R 1 1.297e+02 5.063e+02)
s>                ( QUESTION0_8_R 1 5.033e+03 2.593e+02 2.762e+02
s>                    ( - 5.855e+02 3 0 QUESTION0 1 1.142e+02 4.393e+01)
s>                    ( - 4.188e+03 9 0 QUESTION0_14_R 1 2.548e+02 2.323e+02)))
s>            ( QUESTION2_18_L -1 1.761e+04 3.947e+02 9.423e+02
s>                ( SILENCE 1 6.296e+03 2.769e+02 3.496e+02
s>                    ( - 1.902e+03 1 0)
s>                    ( - 4.118e+03 19 0 QUESTION16 1 2.047e+02 2.441e+02))
s>                ( QUESTION0_13_R 1 1.092e+04 2.578e+02 5.927e+02
s>                    ( - 5.011e+03 17 0 QUESTION0 -1 2.436e+02 2.845e+02)
s>                    ( - 5.654e+03 32 0 QUESTION16 -1 2.924e+02 3.082e+02)))))INFO: dtree.c(1315): Comp split 1
INFO: dtree.c(1478): Final simple tree
|( QUESTION1 -1 3.245e+04 6.018e+02 1.725e+03
|    ( QUESTION0_10_R 1 1.423e+04 3.221e+02 7.825e+02
|        ( - 8.876e+03 2 0 QUESTION0_11_R 1 1.297e+02 5.063e+02)
|        ( QUESTION0_8_R 1 5.033e+03 2.593e+02 2.762e+02
|            ( - 5.855e+02 3 0 QUESTION0 1 1.142e+02 4.393e+01)
|            ( - 4.188e+03 9 0 QUESTION0_14_R 1 2.548e+02 2.323e+02)))
|    ( QUESTION2_18_L -1 1.761e+04 3.947e+02 9.423e+02
|        ( SILENCE 1 6.296e+03 2.769e+02 3.496e+02
|            ( - 1.902e+03 1 0)
|            ( - 4.118e+03 19 0 QUESTION16 1 2.047e+02 2.441e+02))
|        ( QUESTION0_13_R 1 1.092e+04 2.578e+02 5.927e+02
|            ( - 5.011e+03 17 0 QUESTION0 -1 2.436e+02 2.845e+02)
|            ( QUESTION16 -1 5.654e+03 2.924e+02 3.082e+02
|                ( - 1.671e+03 8 0 QUESTION0_8_R 1 1.760e+02 9.914e+01)
|                ( - 3.691e+03 24 0 QUESTION2_4_L -1 2.320e+02 2.090e+02)))))
s>    ( QUESTION1 -1 3.245e+04 6.018e+02 1.725e+03
s>        ( QUESTION0_10_R 1 1.423e+04 3.221e+02 7.825e+02
s>            ( - 8.876e+03 2 0 QUESTION0_11_R 1 1.297e+02 5.063e+02)
s>            ( QUESTION0_8_R 1 5.033e+03 2.593e+02 2.762e+02
s>                ( - 5.855e+02 3 0 QUESTION0 1 1.142e+02 4.393e+01)
s>                ( - 4.188e+03 9 0 QUESTION0_14_R 1 2.548e+02 2.323e+02)))
s>        ( QUESTION2_18_L -1 1.761e+04 3.947e+02 9.423e+02
s>            ( SILENCE 1 6.296e+03 2.769e+02 3.496e+02
s>                ( - 1.902e+03 1 0)
s>                ( - 4.118e+03 19 0 QUESTION16 1 2.047e+02 2.441e+02))
s>            ( QUESTION0_13_R 1 1.092e+04 2.578e+02 5.927e+02
s>                ( - 5.011e+03 17 0 QUESTION0 -1 2.436e+02 2.845e+02)
s>                ( QUESTION16 -1 5.654e+03 2.924e+02 3.082e+02
s>                    ( - 1.671e+03 8 0 QUESTION0_8_R 1 1.760e+02 9.914e+01)
s>                    ( - 3.691e+03 24 0 QUESTION2_4_L -1 2.320e+02 2.090e+02)))))INFO: dtree.c(1315): Comp split 2
INFO: dtree.c(1478): Final simple tree
|( WDBNDRY_E 0 9.074e+03 3.518e+02 4.927e+02
|    ( SILENCE 1 6.296e+03 2.769e+02 3.496e+02
|        ( - 1.902e+03 1 0)
|        ( QUESTION16 1 4.118e+03 2.047e+02 2.441e+02
|            ( - 1.159e+03 3 0 QUESTION0_14_R 1 8.299e+01 7.693e+01)
|            ( QUESTION10 1 2.755e+03 1.940e+02 1.672e+02
|                ( - 5.468e+02 4 0 QUESTION11 1 9.430e+01 3.768e+01)
|                ( QUESTION0_8_R 1 2.014e+03 1.352e+02 1.295e+02
|                    ( - 8.408e+02 6 0 QUESTION1 1 1.063e+02 5.987e+01)
|                    ( - 1.038e+03 6 0 QUESTION0_10_R 1 1.229e+02 6.963e+01)))))
|    ( QUESTION4 1 2.426e+03 1.972e+02 1.431e+02
|        ( QUESTION0 -1 7.474e+02 1.360e+02 4.623e+01
|            ( - 1.755e+02 1 0)
|            ( - 4.359e+02 2 0 QUESTION2_9_L -1 5.497e+01 2.931e+01))
|        ( - 1.481e+03 8 0 QUESTION0_9_R 1 1.259e+02 9.683e+01)))
s>    ( WDBNDRY_E 0 9.074e+03 3.518e+02 4.927e+02
s>        ( SILENCE 1 6.296e+03 2.769e+02 3.496e+02
s>            ( - 1.902e+03 1 0)
s>            ( QUESTION16 1 4.118e+03 2.047e+02 2.441e+02
s>                ( - 1.159e+03 3 0 QUESTION0_14_R 1 8.299e+01 7.693e+01)
s>                ( QUESTION10 1 2.755e+03 1.940e+02 1.672e+02
s>                    ( - 5.468e+02 4 0 QUESTION11 1 9.430e+01 3.768e+01)
s>                    ( QUESTION0_8_R 1 2.014e+03 1.352e+02 1.295e+02
s>                        ( - 8.408e+02 6 0 QUESTION1 1 1.063e+02 5.987e+01)
s>                        ( - 1.038e+03 6 0 QUESTION0_10_R 1 1.229e+02 6.963e+01)))))
s>        ( QUESTION4 1 2.426e+03 1.972e+02 1.431e+02
s>            ( QUESTION0 -1 7.474e+02 1.360e+02 4.623e+01
s>                ( - 1.755e+02 1 0)
s>                ( - 4.359e+02 2 0 QUESTION2_9_L -1 5.497e+01 2.931e+01))
s>            ( - 1.481e+03 8 0 QUESTION0_9_R 1 1.259e+02 9.683e+01)))INFO: dtree.c(1478): Final simple tree
|( QUESTION0_10_R 1 2.274e+04 4.377e+02 1.232e+03
|    ( QUESTION1 -1 9.991e+03 2.313e+02 5.620e+02
|        ( - 8.876e+03 2 0 QUESTION0_11_R 1 1.297e+02 5.063e+02)
|        ( - 8.840e+02 9 0 QUESTION2_2_L -1 1.118e+02 5.570e+01))
|    ( QUESTION2 -1 1.231e+04 2.975e+02 6.702e+02
|        ( QUESTION16 1 2.706e+03 1.828e+02 1.550e+02
|            ( - 1.484e+03 3 0 QUESTION2_0_L -1 1.073e+02 8.778e+01)
|            ( - 1.039e+03 8 0 QUESTION5 1 1.277e+02 6.718e+01))
|        ( QUESTION0 -1 9.308e+03 2.758e+02 5.152e+02
|            ( QUESTION0_14_R 1 4.188e+03 2.548e+02 2.323e+02
|                ( - 2.243e+03 2 0)
|                ( - 1.690e+03 7 0 QUESTION3 1 1.535e+02 1.023e+02))
|            ( QUESTION4 -1 4.844e+03 2.074e+02 2.829e+02
|                ( - 2.513e+03 11 0 QUESTION0_9_R 1 1.623e+02 1.475e+02)
|                ( - 2.124e+03 10 0 QUESTION16 1 1.814e+02 1.354e+02)))))
s>    ( QUESTION0_10_R 1 2.274e+04 4.377e+02 1.232e+03
s>        ( QUESTION1 -1 9.991e+03 2.313e+02 5.620e+02
s>            ( - 8.876e+03 2 0 QUESTION0_11_R 1 1.297e+02 5.063e+02)
s>            ( - 8.840e+02 9 0 QUESTION2_2_L -1 1.118e+02 5.570e+01))
s>        ( QUESTION2 -1 1.231e+04 2.975e+02 6.702e+02
s>            ( QUESTION16 1 2.706e+03 1.828e+02 1.550e+02
s>                ( - 1.484e+03 3 0 QUESTION2_0_L -1 1.073e+02 8.778e+01)
s>                ( - 1.039e+03 8 0 QUESTION5 1 1.277e+02 6.718e+01))
s>            ( QUESTION0 -1 9.308e+03 2.758e+02 5.152e+02
s>                ( QUESTION0_14_R 1 4.188e+03 2.548e+02 2.323e+02
s>                    ( - 2.243e+03 2 0)
s>                    ( - 1.690e+03 7 0 QUESTION3 1 1.535e+02 1.023e+02))
s>                ( QUESTION4 -1 4.844e+03 2.074e+02 2.829e+02
s>                    ( - 2.513e+03 11 0 QUESTION0_9_R 1 1.623e+02 1.475e+02)
s>                    ( - 2.124e+03 10 0 QUESTION16 1 1.814e+02 1.354e+02)))))INFO: dtree.c(1315): Comp split 3
INFO: dtree.c(1478): Final simple tree
|( QUESTION1 -1 9.055e+03 2.504e+02 5.007e+02
|    ( - 2.243e+03 2 0)
|    ( QUESTION0 -1 6.562e+03 2.341e+02 3.707e+02
|        ( - 1.484e+03 3 0 QUESTION2_0_L -1 1.073e+02 8.778e+01)
|        ( QUESTION4 -1 4.844e+03 2.074e+02 2.829e+02
|            ( QUESTION0_9_R 1 2.513e+03 1.623e+02 1.475e+02
|                ( QUESTION2_1_L -1 1.045e+03 1.295e+02 6.633e+01
|                    ( - 6.363e+02 3 0 QUESTION0_14_R 1 1.046e+02 4.483e+01)
|                    ( - 2.797e+02 1 0))
|                ( - 1.306e+03 7 0 QUESTION0_7_R 1 1.292e+02 8.115e+01))
|            ( QUESTION16 1 2.124e+03 1.814e+02 1.354e+02
|                ( - 1.019e+03 3 0 QUESTION16 -1 1.005e+02 7.034e+01)
|                ( QUESTION2_2_L -1 9.234e+02 1.294e+02 6.508e+01
|                    ( - 4.599e+02 4 0 SILENCE 1 1.089e+02 3.608e+01)
|                    ( - 3.341e+02 3 0 QUESTION0_15_R 1 7.175e+01 2.900e+01))))))
s>    ( QUESTION1 -1 9.055e+03 2.504e+02 5.007e+02
s>        ( - 2.243e+03 2 0)
s>        ( QUESTION0 -1 6.562e+03 2.341e+02 3.707e+02
s>            ( - 1.484e+03 3 0 QUESTION2_0_L -1 1.073e+02 8.778e+01)
s>            ( QUESTION4 -1 4.844e+03 2.074e+02 2.829e+02
s>                ( QUESTION0_9_R 1 2.513e+03 1.623e+02 1.475e+02
s>                    ( QUESTION2_1_L -1 1.045e+03 1.295e+02 6.633e+01
s>                        ( - 6.363e+02 3 0 QUESTION0_14_R 1 1.046e+02 4.483e+01)
s>                        ( - 2.797e+02 1 0))
s>                    ( - 1.306e+03 7 0 QUESTION0_7_R 1 1.292e+02 8.115e+01))
s>                ( QUESTION16 1 2.124e+03 1.814e+02 1.354e+02
s>                    ( - 1.019e+03 3 0 QUESTION16 -1 1.005e+02 7.034e+01)
s>                    ( QUESTION2_2_L -1 9.234e+02 1.294e+02 6.508e+01
s>                        ( - 4.599e+02 4 0 SILENCE 1 1.089e+02 3.608e+01)
s>                        ( - 3.341e+02 3 0 QUESTION0_15_R 1 7.175e+01 2.900e+01))))))INFO: dtree.c(1478): Final simple tree
|( QUESTION0_10_R 1 1.323e+04 3.247e+02 7.314e+02
|    ( QUESTION1 -1 9.991e+03 2.313e+02 5.620e+02
|        ( QUESTION0_11_R 1 8.876e+03 1.297e+02 5.063e+02
|            ( - 1.535e+02 1 0)
|            ( - 8.593e+03 1 0))
|        ( QUESTION2_2_L -1 8.840e+02 1.118e+02 5.570e+01
|            ( - 4.367e+02 4 0 QUESTION0 -1 7.426e+01 3.170e+01)
|            ( - 3.355e+02 5 0 QUESTION8 1 6.843e+01 2.400e+01)))
|    ( QUESTION0_15_R 1 2.912e+03 2.067e+02 1.694e+02
|        ( QUESTION0_17_R 1 1.213e+03 1.219e+02 7.926e+01
|            ( - 6.473e+02 2 0 QUESTION0_18_R 1 1.014e+02 4.526e+01)
|            ( - 4.438e+02 4 0 QUESTION1 -1 8.361e+01 3.400e+01))
|        ( QUESTION1 -1 1.492e+03 1.259e+02 9.018e+01
|            ( - 6.050e+02 3 0 SILENCE 1 8.650e+01 3.900e+01)
|            ( - 7.610e+02 6 0 QUESTION0 1 1.115e+02 5.118e+01))))
s>    ( QUESTION0_10_R 1 1.323e+04 3.247e+02 7.314e+02
s>        ( QUESTION1 -1 9.991e+03 2.313e+02 5.620e+02
s>            ( QUESTION0_11_R 1 8.876e+03 1.297e+02 5.063e+02
s>                ( - 1.535e+02 1 0)
s>                ( - 8.593e+03 1 0))
s>            ( QUESTION2_2_L -1 8.840e+02 1.118e+02 5.570e+01
s>                ( - 4.367e+02 4 0 QUESTION0 -1 7.426e+01 3.170e+01)
s>                ( - 3.355e+02 5 0 QUESTION8 1 6.843e+01 2.400e+01)))
s>        ( QUESTION0_15_R 1 2.912e+03 2.067e+02 1.694e+02
s>            ( QUESTION0_17_R 1 1.213e+03 1.219e+02 7.926e+01
s>                ( - 6.473e+02 2 0 QUESTION0_18_R 1 1.014e+02 4.526e+01)
s>                ( - 4.438e+02 4 0 QUESTION1 -1 8.361e+01 3.400e+01))
s>            ( QUESTION1 -1 1.492e+03 1.259e+02 9.018e+01
s>                ( - 6.050e+02 3 0 SILENCE 1 8.650e+01 3.900e+01)
s>                ( - 7.610e+02 6 0 QUESTION0 1 1.115e+02 5.118e+01))))INFO: dtree.c(1315): Comp split 4
INFO: dtree.c(1439): stop. leaf nodes are specific
INFO: dtree.c(1478): Final simple tree
|( QUESTION0_10_R 1 9.183e+03 1.462e+02 5.273e+02
|    ( - 8.593e+03 1 0)
|    ( QUESTION1 -1 4.438e+02 8.361e+01 3.400e+01
|        ( - 1.814e+02 2 0)
|        ( WDBNDRY_E 0 1.789e+02 5.210e+01 1.600e+01
|            ( - 6.444e+01 1 0)
|            ( - 6.231e+01 1 0))))
s>    ( QUESTION0_10_R 1 9.183e+03 1.462e+02 5.273e+02
s>        ( - 8.593e+03 1 0)
s>        ( QUESTION1 -1 4.438e+02 8.361e+01 3.400e+01
s>            ( - 1.814e+02 2 0)
s>            ( WDBNDRY_E 0 1.789e+02 5.210e+01 1.600e+01
s>                ( - 6.444e+01 1 0)
s>                ( - 6.231e+01 1 0))))INFO: dtree.c(1478): Final simple tree
|( QUESTION0_10_R 1 3.656e+03 2.104e+02 2.041e+02
|    ( QUESTION2_3_L -1 1.135e+03 1.380e+02 6.868e+01
|        ( - 4.263e+02 3 0 QUESTION1 -1 6.889e+01 3.068e+01)
|        ( QUESTION5 -1 5.710e+02 8.666e+01 3.800e+01
|            ( - 2.207e+02 3 0 QUESTION0_11_R 1 4.180e+01 1.800e+01)
|            ( - 2.636e+02 4 0 QUESTION8 1 5.894e+01 2.000e+01)))
|    ( QUESTION5 1 2.310e+03 1.736e+02 1.354e+02
|        ( QUESTION0_14_R 1 1.010e+03 1.118e+02 6.726e+01
|            ( - 1.787e+02 2 0)
|            ( QUESTION0_18_R 1 7.199e+02 9.431e+01 5.026e+01
|                ( - 2.051e+02 1 0)
|                ( - 4.206e+02 2 0 QUESTION0_0_R 1 4.885e+01 3.199e+01)))
|        ( QUESTION1 -1 1.127e+03 1.172e+02 6.818e+01
|            ( - 5.245e+02 2 0 SILENCE 1 8.004e+01 3.400e+01)
|            ( - 4.848e+02 4 0 QUESTION0_1_R 1 8.289e+01 3.418e+01))))
s>    ( QUESTION0_10_R 1 3.656e+03 2.104e+02 2.041e+02
s>        ( QUESTION2_3_L -1 1.135e+03 1.380e+02 6.868e+01
s>            ( - 4.263e+02 3 0 QUESTION1 -1 6.889e+01 3.068e+01)
s>            ( QUESTION5 -1 5.710e+02 8.666e+01 3.800e+01
s>                ( - 2.207e+02 3 0 QUESTION0_11_R 1 4.180e+01 1.800e+01)
s>                ( - 2.636e+02 4 0 QUESTION8 1 5.894e+01 2.000e+01)))
s>        ( QUESTION5 1 2.310e+03 1.736e+02 1.354e+02
s>            ( QUESTION0_14_R 1 1.010e+03 1.118e+02 6.726e+01
s>                ( - 1.787e+02 2 0)
s>                ( QUESTION0_18_R 1 7.199e+02 9.431e+01 5.026e+01
s>                    ( - 2.051e+02 1 0)
s>                    ( - 4.206e+02 2 0 QUESTION0_0_R 1 4.885e+01 3.199e+01)))
s>            ( QUESTION1 -1 1.127e+03 1.172e+02 6.818e+01
s>                ( - 5.245e+02 2 0 SILENCE 1 8.004e+01 3.400e+01)
s>                ( - 4.848e+02 4 0 QUESTION0_1_R 1 8.289e+01 3.418e+01))))INFO: dtree.c(1315): Comp split 5
INFO: dtree.c(1478): Final simple tree
|( WDBNDRY_E 0 4.388e+03 2.733e+02 2.556e+02
|    ( QUESTION0_8_R 1 2.014e+03 1.352e+02 1.295e+02
|        ( - 8.408e+02 6 0 QUESTION1 1 1.063e+02 5.987e+01)
|        ( QUESTION0_10_R 1 1.038e+03 1.229e+02 6.963e+01
|            ( - 2.208e+02 2 0 QUESTION0_11_R 1 2.267e+01 1.900e+01)
|            ( - 6.940e+02 4 0 QUESTION0_18_R 1 9.438e+01 5.063e+01)))
|    ( QUESTION4 1 2.101e+03 1.837e+02 1.261e+02
|        ( - 4.359e+02 2 0 QUESTION2_9_L -1 5.497e+01 2.931e+01)
|        ( QUESTION0_9_R 1 1.481e+03 1.259e+02 9.683e+01
|            ( - 3.674e+02 3 0 QUESTION0_11_R 1 7.473e+01 2.694e+01)
|            ( QUESTION0_0_R 1 9.878e+02 1.118e+02 6.989e+01
|                ( - 3.174e+02 1 0)
|                ( QUESTION2 1 5.586e+02 1.095e+02 4.300e+01
|                    ( - 2.516e+02 2 0 QUESTION0 -1 7.850e+01 2.300e+01)
|                    ( - 1.974e+02 2 0 SILENCE 1 3.121e+01 2.000e+01))))))
s>    ( WDBNDRY_E 0 4.388e+03 2.733e+02 2.556e+02
s>        ( QUESTION0_8_R 1 2.014e+03 1.352e+02 1.295e+02
s>            ( - 8.408e+02 6 0 QUESTION1 1 1.063e+02 5.987e+01)
s>            ( QUESTION0_10_R 1 1.038e+03 1.229e+02 6.963e+01
s>                ( - 2.208e+02 2 0 QUESTION0_11_R 1 2.267e+01 1.900e+01)
s>                ( - 6.940e+02 4 0 QUESTION0_18_R 1 9.438e+01 5.063e+01)))
s>        ( QUESTION4 1 2.101e+03 1.837e+02 1.261e+02
s>            ( - 4.359e+02 2 0 QUESTION2_9_L -1 5.497e+01 2.931e+01)
s>            ( QUESTION0_9_R 1 1.481e+03 1.259e+02 9.683e+01
s>                ( - 3.674e+02 3 0 QUESTION0_11_R 1 7.473e+01 2.694e+01)
s>                ( QUESTION0_0_R 1 9.878e+02 1.118e+02 6.989e+01
s>                    ( - 3.174e+02 1 0)
s>                    ( QUESTION2 1 5.586e+02 1.095e+02 4.300e+01
s>                        ( - 2.516e+02 2 0 QUESTION0 -1 7.850e+01 2.300e+01)
s>                        ( - 1.974e+02 2 0 SILENCE 1 3.121e+01 2.000e+01))))))INFO: dtree.c(1478): Final simple tree
|( SILENCE 1 4.315e+03 2.507e+02 2.370e+02
|    ( - 1.902e+03 1 0)
|    ( QUESTION16 1 2.163e+03 1.859e+02 1.315e+02
|        ( QUESTION0_14_R 1 1.159e+03 8.299e+01 7.693e+01
|            ( - 8.919e+02 1 0)
|            ( - 1.837e+02 2 0 QUESTION0_0_R 1 4.513e+01 1.686e+01))
|        ( QUESTION0_13_R 1 8.181e+02 1.278e+02 5.461e+01
|            ( QUESTION0_19_R 1 3.505e+02 6.786e+01 2.600e+01
|                ( - 1.062e+02 1 0)
|                ( QUESTION0_14_R 1 1.764e+02 4.979e+01 1.600e+01
|                    ( - 8.203e+01 1 0)
|                    ( - 4.458e+01 1 0)))
|            ( WDBNDRY_E 0 3.399e+02 5.612e+01 2.861e+01
|                ( - 1.083e+02 1 0)
|                ( - 1.755e+02 1 0)))))
s>    ( SILENCE 1 4.315e+03 2.507e+02 2.370e+02
s>        ( - 1.902e+03 1 0)
s>        ( QUESTION16 1 2.163e+03 1.859e+02 1.315e+02
s>            ( QUESTION0_14_R 1 1.159e+03 8.299e+01 7.693e+01
s>                ( - 8.919e+02 1 0)
s>                ( - 1.837e+02 2 0 QUESTION0_0_R 1 4.513e+01 1.686e+01))
s>            ( QUESTION0_13_R 1 8.181e+02 1.278e+02 5.461e+01
s>                ( QUESTION0_19_R 1 3.505e+02 6.786e+01 2.600e+01
s>                    ( - 1.062e+02 1 0)
s>                    ( QUESTION0_14_R 1 1.764e+02 4.979e+01 1.600e+01
s>                        ( - 8.203e+01 1 0)
s>                        ( - 4.458e+01 1 0)))
s>                ( WDBNDRY_E 0 3.399e+02 5.612e+01 2.861e+01
s>                    ( - 1.083e+02 1 0)
s>                    ( - 1.755e+02 1 0)))))INFO: dtree.c(1315): Comp split 6
INFO: dtree.c(1439): stop. leaf nodes are specific
INFO: dtree.c(1478): Final simple tree
|( QUESTION0_14_R 1 3.664e+03 1.846e+02 2.110e+02
|    ( QUESTION0 -1 2.806e+03 1.299e+02 1.599e+02
|        ( - 2.243e+03 2 0)
|        ( - 4.332e+02 2 0))
|    ( QUESTION0_9_R 1 6.733e+02 1.321e+02 5.108e+01
|        ( QUESTION4 -1 2.898e+02 7.522e+01 2.808e+01
|            ( - 9.848e+01 1 0)
|            ( QUESTION0_16_R 1 1.161e+02 4.741e+01 1.308e+01
|                ( - 2.632e+01 1 0)
|                ( - 4.240e+01 1 0)))
|        ( SILENCE 1 2.514e+02 7.466e+01 2.300e+01
|            ( - 1.267e+02 1 0)
|            ( - 5.002e+01 1 0))))
s>    ( QUESTION0_14_R 1 3.664e+03 1.846e+02 2.110e+02
s>        ( QUESTION0 -1 2.806e+03 1.299e+02 1.599e+02
s>            ( - 2.243e+03 2 0)
s>            ( - 4.332e+02 2 0))
s>        ( QUESTION0_9_R 1 6.733e+02 1.321e+02 5.108e+01
s>            ( QUESTION4 -1 2.898e+02 7.522e+01 2.808e+01
s>                ( - 9.848e+01 1 0)
s>                ( QUESTION0_16_R 1 1.161e+02 4.741e+01 1.308e+01
s>                    ( - 2.632e+01 1 0)
s>                    ( - 4.240e+01 1 0)))
s>            ( SILENCE 1 2.514e+02 7.466e+01 2.300e+01
s>                ( - 1.267e+02 1 0)
s>                ( - 5.002e+01 1 0))))INFO: dtree.c(1478): Final simple tree
|( QUESTION0 -1 5.077e+03 2.335e+02 2.898e+02
|    ( QUESTION2_0_L -1 1.484e+03 1.073e+02 8.778e+01
|        ( - 1.326e+03 2 0)
|        ( - 5.054e+01 1 0))
|    ( QUESTION4 -1 3.360e+03 2.070e+02 2.020e+02
|        ( QUESTION0_8_R 1 1.691e+03 1.434e+02 1.026e+02
|            ( QUESTION0 1 8.246e+02 9.657e+01 5.704e+01
|                ( - 3.302e+02 2 0 QUESTION2_1_L -1 7.856e+01 2.700e+01)
|                ( - 3.979e+02 2 0 QUESTION2_1_L -1 4.510e+01 3.004e+01))
|            ( QUESTION0_7_R 1 7.229e+02 9.148e+01 4.560e+01
|                ( - 2.797e+02 1 0)
|                ( - 3.517e+02 3 0 QUESTION2_1_L -1 7.173e+01 2.411e+01)))
|        ( QUESTION17 1 1.462e+03 1.099e+02 9.934e+01
|            ( - 9.575e+02 2 0 QUESTION6 -1 9.083e+01 6.734e+01)
|            ( - 3.947e+02 4 0 QUESTION0_15_R 1 7.772e+01 3.200e+01))))
s>    ( QUESTION0 -1 5.077e+03 2.335e+02 2.898e+02
s>        ( QUESTION2_0_L -1 1.484e+03 1.073e+02 8.778e+01
s>            ( - 1.326e+03 2 0)
s>            ( - 5.054e+01 1 0))
s>        ( QUESTION4 -1 3.360e+03 2.070e+02 2.020e+02
s>            ( QUESTION0_8_R 1 1.691e+03 1.434e+02 1.026e+02
s>                ( QUESTION0 1 8.246e+02 9.657e+01 5.704e+01
s>                    ( - 3.302e+02 2 0 QUESTION2_1_L -1 7.856e+01 2.700e+01)
s>                    ( - 3.979e+02 2 0 QUESTION2_1_L -1 4.510e+01 3.004e+01))
s>                ( QUESTION0_7_R 1 7.229e+02 9.148e+01 4.560e+01
s>                    ( - 2.797e+02 1 0)
s>                    ( - 3.517e+02 3 0 QUESTION2_1_L -1 7.173e+01 2.411e+01)))
s>            ( QUESTION17 1 1.462e+03 1.099e+02 9.934e+01
s>                ( - 9.575e+02 2 0 QUESTION6 -1 9.083e+01 6.734e+01)
s>                ( - 3.947e+02 4 0 QUESTION0_15_R 1 7.772e+01 3.200e+01))))INFO: dtree.c(1315): Comp split 7
INFO: dtree.c(1478): Final simple tree
|( QUESTION0_9_R 1 1.481e+03 1.259e+02 9.683e+01
|    ( QUESTION0_11_R 1 3.674e+02 7.473e+01 2.694e+01
|        ( QUESTION0_12_R 1 1.281e+02 3.616e+01 1.200e+01
|            ( - 7.277e+01 1 0)
|            ( - 1.916e+01 1 0))
|        ( - 1.646e+02 1 0))
|    ( QUESTION0_0_R 1 9.878e+02 1.118e+02 6.989e+01
|        ( - 3.174e+02 1 0)
|        ( QUESTION2 1 5.586e+02 1.095e+02 4.300e+01
|            ( QUESTION0 -1 2.516e+02 7.850e+01 2.300e+01
|                ( - 1.065e+02 1 0)
|                ( - 6.664e+01 1 0))
|            ( SILENCE 1 1.974e+02 3.121e+01 2.000e+01
|                ( - 5.965e+01 1 0)
|                ( - 1.066e+02 1 0)))))
s>    ( QUESTION0_9_R 1 1.481e+03 1.259e+02 9.683e+01
s>        ( QUESTION0_11_R 1 3.674e+02 7.473e+01 2.694e+01
s>            ( QUESTION0_12_R 1 1.281e+02 3.616e+01 1.200e+01
s>                ( - 7.277e+01 1 0)
s>                ( - 1.916e+01 1 0))
s>            ( - 1.646e+02 1 0))
s>        ( QUESTION0_0_R 1 9.878e+02 1.118e+02 6.989e+01
s>            ( - 3.174e+02 1 0)
s>            ( QUESTION2 1 5.586e+02 1.095e+02 4.300e+01
s>                ( QUESTION0 -1 2.516e+02 7.850e+01 2.300e+01
s>                    ( - 1.065e+02 1 0)
s>                    ( - 6.664e+01 1 0))
s>                ( SILENCE 1 1.974e+02 3.121e+01 2.000e+01
s>                    ( - 5.965e+01 1 0)
s>                    ( - 1.066e+02 1 0)))))INFO: dtree.c(1478): Final simple tree
|( WDBNDRY_E 0 2.629e+03 1.796e+02 1.588e+02
|    ( QUESTION0_8_R 1 2.014e+03 1.352e+02 1.295e+02
|        ( QUESTION1 1 8.408e+02 1.063e+02 5.987e+01
|            ( - 3.558e+02 2 0)
|            ( QUESTION0 1 3.787e+02 6.313e+01 3.394e+01
|                ( - 2.147e+02 3 0)
|                ( - 1.009e+02 1 0)))
|        ( QUESTION0_10_R 1 1.038e+03 1.229e+02 6.963e+01
|            ( - 2.208e+02 2 0 QUESTION0_11_R 1 2.267e+01 1.900e+01)
|            ( QUESTION0_18_R 1 6.940e+02 9.438e+01 5.063e+01
|                ( - 3.789e+02 1 0)
|                ( - 2.207e+02 3 0 QUESTION0_0_R 1 4.498e+01 1.875e+01))))
|    ( QUESTION2_9_L -1 4.359e+02 5.497e+01 2.931e+01
|        ( - 5.700e+01 1 0)
|        ( - 3.239e+02 1 0)))
s>    ( WDBNDRY_E 0 2.629e+03 1.796e+02 1.588e+02
s>        ( QUESTION0_8_R 1 2.014e+03 1.352e+02 1.295e+02
s>            ( QUESTION1 1 8.408e+02 1.063e+02 5.987e+01
s>                ( - 3.558e+02 2 0)
s>                ( QUESTION0 1 3.787e+02 6.313e+01 3.394e+01
s>                    ( - 2.147e+02 3 0)
s>                    ( - 1.009e+02 1 0)))
s>            ( QUESTION0_10_R 1 1.038e+03 1.229e+02 6.963e+01
s>                ( - 2.208e+02 2 0 QUESTION0_11_R 1 2.267e+01 1.900e+01)
s>                ( QUESTION0_18_R 1 6.940e+02 9.438e+01 5.063e+01
s>                    ( - 3.789e+02 1 0)
s>                    ( - 2.207e+02 3 0 QUESTION0_0_R 1 4.498e+01 1.875e+01))))
s>        ( QUESTION2_9_L -1 4.359e+02 5.497e+01 2.931e+01
s>            ( - 5.700e+01 1 0)
s>            ( - 3.239e+02 1 0)))INFO: dtree.c(1315): Comp split 8
INFO: dtree.c(1478): Final simple tree
|( QUESTION4 -1 2.329e+03 1.670e+02 1.478e+02
|    ( QUESTION0_8_R 1 6.999e+02 9.009e+01 4.849e+01
|        ( QUESTION2_1_L -1 3.302e+02 7.856e+01 2.700e+01
|            ( - 7.507e+01 1 0)
|            ( - 1.765e+02 1 0))
|        ( - 2.797e+02 1 0))
|    ( QUESTION17 1 1.462e+03 1.099e+02 9.934e+01
|        ( QUESTION6 -1 9.575e+02 9.083e+01 6.734e+01
|            ( - 1.614e+02 1 0)
|            ( - 7.053e+02 1 0))
|        ( QUESTION0_15_R 1 3.947e+02 7.772e+01 3.200e+01
|            ( - 5.195e+01 1 0)
|            ( SILENCE -1 2.650e+02 4.540e+01 2.300e+01
|                ( - 1.085e+02 2 0 QUESTION0_0_R 1 3.036e+01 1.100e+01)
|                ( - 1.112e+02 1 0)))))
s>    ( QUESTION4 -1 2.329e+03 1.670e+02 1.478e+02
s>        ( QUESTION0_8_R 1 6.999e+02 9.009e+01 4.849e+01
s>            ( QUESTION2_1_L -1 3.302e+02 7.856e+01 2.700e+01
s>                ( - 7.507e+01 1 0)
s>                ( - 1.765e+02 1 0))
s>            ( - 2.797e+02 1 0))
s>        ( QUESTION17 1 1.462e+03 1.099e+02 9.934e+01
s>            ( QUESTION6 -1 9.575e+02 9.083e+01 6.734e+01
s>                ( - 1.614e+02 1 0)
s>                ( - 7.053e+02 1 0))
s>            ( QUESTION0_15_R 1 3.947e+02 7.772e+01 3.200e+01
s>                ( - 5.195e+01 1 0)
s>                ( SILENCE -1 2.650e+02 4.540e+01 2.300e+01
s>                    ( - 1.085e+02 2 0 QUESTION0_0_R 1 3.036e+01 1.100e+01)
s>                    ( - 1.112e+02 1 0)))))INFO: dtree.c(1439): stop. leaf nodes are specific
INFO: dtree.c(1478): Final simple tree
|( QUESTION2_3_L -1 2.493e+03 1.663e+02 1.419e+02
|    ( - 1.326e+03 2 0)
|    ( QUESTION2_2_L -1 1.001e+03 1.273e+02 6.086e+01
|        ( QUESTION0_7_R 1 6.072e+02 9.415e+01 4.015e+01
|            ( - 3.375e+02 1 0)
|            ( SILENCE 1 1.755e+02 4.667e+01 1.311e+01
|                ( - 6.383e+01 1 0)
|                ( - 6.500e+01 1 0)))
|        ( QUESTION0_9_R 1 2.662e+02 6.231e+01 2.071e+01
|            ( - 5.054e+01 1 0)
|            ( QUESTION0_0_R 1 1.533e+02 3.353e+01 1.400e+01
|                ( - 1.045e+02 1 0)
|                ( - 1.528e+01 1 0)))))
s>    ( QUESTION2_3_L -1 2.493e+03 1.663e+02 1.419e+02
s>        ( - 1.326e+03 2 0)
s>        ( QUESTION2_2_L -1 1.001e+03 1.273e+02 6.086e+01
s>            ( QUESTION0_7_R 1 6.072e+02 9.415e+01 4.015e+01
s>                ( - 3.375e+02 1 0)
s>                ( SILENCE 1 1.755e+02 4.667e+01 1.311e+01
s>                    ( - 6.383e+01 1 0)
s>                    ( - 6.500e+01 1 0)))
s>            ( QUESTION0_9_R 1 2.662e+02 6.231e+01 2.071e+01
s>                ( - 5.054e+01 1 0)
s>                ( QUESTION0_0_R 1 1.533e+02 3.353e+01 1.400e+01
s>                    ( - 1.045e+02 1 0)
s>                    ( - 1.528e+01 1 0)))))INFO: dtree.c(1315): Comp split 9
INFO: dtree.c(1478): Final simple tree
|( QUESTION16 1 2.163e+03 1.859e+02 1.315e+02
|    ( QUESTION0_14_R 1 1.159e+03 8.299e+01 7.693e+01
|        ( - 8.919e+02 1 0)
|        ( QUESTION0_0_R 1 1.837e+02 4.513e+01 1.686e+01
|            ( - 5.408e+01 1 0)
|            ( - 8.453e+01 1 0)))
|    ( QUESTION0_13_R 1 8.181e+02 1.278e+02 5.461e+01
|        ( QUESTION0_19_R 1 3.505e+02 6.786e+01 2.600e+01
|            ( - 1.062e+02 1 0)
|            ( QUESTION0_14_R 1 1.764e+02 4.979e+01 1.600e+01
|                ( - 8.203e+01 1 0)
|                ( - 4.458e+01 1 0)))
|        ( WDBNDRY_E 0 3.399e+02 5.612e+01 2.861e+01
|            ( - 1.083e+02 1 0)
|            ( - 1.755e+02 1 0))))
s>    ( QUESTION16 1 2.163e+03 1.859e+02 1.315e+02
s>        ( QUESTION0_14_R 1 1.159e+03 8.299e+01 7.693e+01
s>            ( - 8.919e+02 1 0)
s>            ( QUESTION0_0_R 1 1.837e+02 4.513e+01 1.686e+01
s>                ( - 5.408e+01 1 0)
s>                ( - 8.453e+01 1 0)))
s>        ( QUESTION0_13_R 1 8.181e+02 1.278e+02 5.461e+01
s>            ( QUESTION0_19_R 1 3.505e+02 6.786e+01 2.600e+01
s>                ( - 1.062e+02 1 0)
s>                ( QUESTION0_14_R 1 1.764e+02 4.979e+01 1.600e+01
s>                    ( - 8.203e+01 1 0)
s>                    ( - 4.458e+01 1 0)))
s>            ( WDBNDRY_E 0 3.399e+02 5.612e+01 2.861e+01
s>                ( - 1.083e+02 1 0)
s>                ( - 1.755e+02 1 0))))INFO: dtree.c(1315): Comp split 10
INFO: dtree.c(1439): stop. leaf nodes are specific
INFO: dtree.c(1478): Final simple tree
|( QUESTION0_11_R 1 7.375e+02 1.207e+02 4.896e+01
|    ( QUESTION0_12_R 1 3.288e+02 5.403e+01 2.468e+01
|        ( - 1.213e+02 1 0)
|        ( - 1.535e+02 1 0))
|    ( WDBNDRY_E 0 2.881e+02 4.258e+01 2.428e+01
|        ( - 4.046e+01 1 0)
|        ( - 2.051e+02 1 0)))
s>    ( QUESTION0_11_R 1 7.375e+02 1.207e+02 4.896e+01
s>        ( QUESTION0_12_R 1 3.288e+02 5.403e+01 2.468e+01
s>            ( - 1.213e+02 1 0)
s>            ( - 1.535e+02 1 0))
s>        ( WDBNDRY_E 0 2.881e+02 4.258e+01 2.428e+01
s>            ( - 4.046e+01 1 0)
s>            ( - 2.051e+02 1 0)))INFO: dtree.c(1478): Final simple tree
|( QUESTION1 -1 2.689e+03 1.727e+02 1.552e+02
|    ( QUESTION3 1 1.064e+03 1.185e+02 6.598e+01
|        ( - 4.206e+02 2 0 QUESTION0_0_R 1 4.885e+01 3.199e+01)
|        ( SILENCE 1 5.245e+02 8.004e+01 3.400e+01
|            ( - 7.775e+01 1 0)
|            ( - 3.668e+02 1 0)))
|    ( QUESTION0 -1 1.452e+03 1.221e+02 8.918e+01
|        ( QUESTION0 1 8.842e+02 1.080e+02 5.818e+01
|            ( - 3.412e+02 3 0 QUESTION0_1_R 1 6.472e+01 2.500e+01)
|            ( QUESTION0_13_R 1 4.350e+02 7.142e+01 3.318e+01
|                ( - 1.787e+02 2 0)
|                ( - 1.849e+02 2 0 QUESTION0_8_R 1 4.887e+01 1.618e+01)))
|        ( QUESTION4 -1 4.462e+02 7.707e+01 3.100e+01
|            ( - 9.271e+01 2 0 QUESTION0_12_R 1 3.015e+01 9.000e+00)
|            ( - 2.764e+02 4 0 QUESTION10 -1 4.542e+01 2.200e+01))))
s>    ( QUESTION1 -1 2.689e+03 1.727e+02 1.552e+02
s>        ( QUESTION3 1 1.064e+03 1.185e+02 6.598e+01
s>            ( - 4.206e+02 2 0 QUESTION0_0_R 1 4.885e+01 3.199e+01)
s>            ( SILENCE 1 5.245e+02 8.004e+01 3.400e+01
s>                ( - 7.775e+01 1 0)
s>                ( - 3.668e+02 1 0)))
s>        ( QUESTION0 -1 1.452e+03 1.221e+02 8.918e+01
s>            ( QUESTION0 1 8.842e+02 1.080e+02 5.818e+01
s>                ( - 3.412e+02 3 0 QUESTION0_1_R 1 6.472e+01 2.500e+01)
s>                ( QUESTION0_13_R 1 4.350e+02 7.142e+01 3.318e+01
s>                    ( - 1.787e+02 2 0)
s>                    ( - 1.849e+02 2 0 QUESTION0_8_R 1 4.887e+01 1.618e+01)))
s>            ( QUESTION4 -1 4.462e+02 7.707e+01 3.100e+01
s>                ( - 9.271e+01 2 0 QUESTION0_12_R 1 3.015e+01 9.000e+00)
s>                ( - 2.764e+02 4 0 QUESTION10 -1 4.542e+01 2.200e+01))))INFO: dtree.c(1315): Comp split 11
INFO: dtree.c(1439): stop. leaf nodes are specific
INFO: dtree.c(1478): Final simple tree
|( QUESTION0 -1 3.008e+03 1.548e+02 1.720e+02
|    ( - 2.243e+03 2 0)
|    ( QUESTION0_14_R 1 6.102e+02 6.274e+01 4.191e+01
|        ( - 4.332e+02 2 0)
|        ( QUESTION0_8_R 1 1.142e+02 3.789e+01 1.208e+01
|            ( - 5.002e+01 1 0)
|            ( - 2.632e+01 1 0))))
s>    ( QUESTION0 -1 3.008e+03 1.548e+02 1.720e+02
s>        ( - 2.243e+03 2 0)
s>        ( QUESTION0_14_R 1 6.102e+02 6.274e+01 4.191e+01
s>            ( - 4.332e+02 2 0)
s>            ( QUESTION0_8_R 1 1.142e+02 3.789e+01 1.208e+01
s>                ( - 5.002e+01 1 0)
s>                ( - 2.632e+01 1 0))))INFO: dtree.c(1439): stop. leaf nodes are specific
INFO: dtree.c(1478): Final simple tree
|( SILENCE 1 4.431e+02 1.106e+02 3.900e+01
|    ( - 1.267e+02 1 0)
|    ( QUESTION0_16_R 1 2.057e+02 6.487e+01 2.400e+01
|        ( - 9.848e+01 1 0)
|        ( - 4.240e+01 1 0)))
s>    ( SILENCE 1 4.431e+02 1.106e+02 3.900e+01
s>        ( - 1.267e+02 1 0)
s>        ( QUESTION0_16_R 1 2.057e+02 6.487e+01 2.400e+01
s>            ( - 9.848e+01 1 0)
s>            ( - 4.240e+01 1 0)))INFO: dtree.c(1315): Comp split 12
INFO: dtree.c(1439): stop. leaf nodes are specific
INFO: dtree.c(1478): Final simple tree
|( QUESTION0_0_R 1 6.376e+02 8.333e+01 5.089e+01
|    ( - 3.174e+02 1 0)
|    ( QUESTION0_8_R 1 2.368e+02 5.750e+01 2.400e+01
|        ( - 1.065e+02 1 0)
|        ( - 7.277e+01 1 0)))
s>    ( QUESTION0_0_R 1 6.376e+02 8.333e+01 5.089e+01
s>        ( - 3.174e+02 1 0)
s>        ( QUESTION0_8_R 1 2.368e+02 5.750e+01 2.400e+01
s>            ( - 1.065e+02 1 0)
s>            ( - 7.277e+01 1 0)))INFO: dtree.c(1439): stop. leaf nodes are specific
INFO: dtree.c(1478): Final simple tree
|( QUESTION0_9_R 1 6.402e+02 8.294e+01 4.594e+01
|    ( QUESTION0_11_R 1 2.229e+02 3.909e+01 1.794e+01
|        ( - 1.916e+01 1 0)
|        ( - 1.646e+02 1 0))
|    ( QUESTION2 1 3.343e+02 7.026e+01 2.800e+01
|        ( - 6.664e+01 1 0)
|        ( SILENCE 1 1.974e+02 3.121e+01 2.000e+01
|            ( - 5.965e+01 1 0)
|            ( - 1.066e+02 1 0))))
s>    ( QUESTION0_9_R 1 6.402e+02 8.294e+01 4.594e+01
s>        ( QUESTION0_11_R 1 2.229e+02 3.909e+01 1.794e+01
s>            ( - 1.916e+01 1 0)
s>            ( - 1.646e+02 1 0))
s>        ( QUESTION2 1 3.343e+02 7.026e+01 2.800e+01
s>            ( - 6.664e+01 1 0)
s>            ( SILENCE 1 1.974e+02 3.121e+01 2.000e+01
s>                ( - 5.965e+01 1 0)
s>                ( - 1.066e+02 1 0))))INFO: dtree.c(1315): Comp split 13
INFO: dtree.c(1439): stop. leaf nodes are specific
INFO: dtree.c(1478): Final simple tree
|( QUESTION8 1 1.204e+03 1.279e+02 8.482e+01
|    ( QUESTION0_10_R 1 4.068e+02 2.426e+01 3.288e+01
|        ( - 3.608e+00 1 0)
|        ( - 3.789e+02 1 0))
|    ( QUESTION0_8_R 1 6.696e+02 9.635e+01 5.194e+01
|        ( QUESTION0 1 3.787e+02 6.313e+01 3.394e+01
|            ( - 2.147e+02 3 0)
|            ( - 1.009e+02 1 0))
|        ( - 1.945e+02 1 0)))
s>    ( QUESTION8 1 1.204e+03 1.279e+02 8.482e+01
s>        ( QUESTION0_10_R 1 4.068e+02 2.426e+01 3.288e+01
s>            ( - 3.608e+00 1 0)
s>            ( - 3.789e+02 1 0))
s>        ( QUESTION0_8_R 1 6.696e+02 9.635e+01 5.194e+01
s>            ( QUESTION0 1 3.787e+02 6.313e+01 3.394e+01
s>                ( - 2.147e+02 3 0)
s>                ( - 1.009e+02 1 0))
s>            ( - 1.945e+02 1 0)))INFO: dtree.c(1439): stop. leaf nodes are specific
INFO: dtree.c(1478): Final simple tree
|( WDBNDRY_E 0 1.222e+03 1.309e+02 7.398e+01
|    ( QUESTION0_8_R 1 6.554e+02 7.889e+01 4.468e+01
|        ( - 3.558e+02 2 0)
|        ( QUESTION0_0_R 1 2.207e+02 4.498e+01 1.875e+01
|            ( QUESTION0_1_R 1 2.913e+01 9.554e+00 4.750e+00
|                ( - 1.857e+01 1 0)
|                ( - 1.003e+00 1 0))
|            ( - 1.466e+02 1 0)))
|    ( QUESTION2_9_L -1 4.359e+02 5.497e+01 2.931e+01
|        ( - 5.700e+01 1 0)
|        ( - 3.239e+02 1 0)))
s>    ( WDBNDRY_E 0 1.222e+03 1.309e+02 7.398e+01
s>        ( QUESTION0_8_R 1 6.554e+02 7.889e+01 4.468e+01
s>            ( - 3.558e+02 2 0)
s>            ( QUESTION0_0_R 1 2.207e+02 4.498e+01 1.875e+01
s>                ( QUESTION0_1_R 1 2.913e+01 9.554e+00 4.750e+00
s>                    ( - 1.857e+01 1 0)
s>                    ( - 1.003e+00 1 0))
s>                ( - 1.466e+02 1 0)))
s>        ( QUESTION2_9_L -1 4.359e+02 5.497e+01 2.931e+01
s>            ( - 5.700e+01 1 0)
s>            ( - 3.239e+02 1 0)))INFO: dtree.c(1315): Comp split 14
INFO: dtree.c(1439): stop. leaf nodes are specific
INFO: dtree.c(1478): Final simple tree
|( QUESTION0_15_R 1 1.267e+03 1.060e+02 8.193e+01
|    ( QUESTION0_16_R 1 1.676e+02 3.849e+01 1.586e+01
|        ( - 4.458e+01 1 0)
|        ( - 8.453e+01 1 0))
|    ( QUESTION0_0_R 1 9.938e+02 4.784e+01 6.607e+01
|        ( - 5.408e+01 1 0)
|        ( - 8.919e+02 1 0)))
s>    ( QUESTION0_15_R 1 1.267e+03 1.060e+02 8.193e+01
s>        ( QUESTION0_16_R 1 1.676e+02 3.849e+01 1.586e+01
s>            ( - 4.458e+01 1 0)
s>            ( - 8.453e+01 1 0))
s>        ( QUESTION0_0_R 1 9.938e+02 4.784e+01 6.607e+01
s>            ( - 5.408e+01 1 0)
s>            ( - 8.919e+02 1 0)))INFO: dtree.c(1439): stop. leaf nodes are specific
INFO: dtree.c(1478): Final simple tree
|( QUESTION0_13_R 1 6.926e+02 1.111e+02 4.961e+01
|    ( QUESTION0_14_R 1 2.416e+02 5.337e+01 2.100e+01
|        ( - 8.203e+01 1 0)
|        ( - 1.062e+02 1 0))
|    ( WDBNDRY_E 0 3.399e+02 5.612e+01 2.861e+01
|        ( - 1.083e+02 1 0)
|        ( - 1.755e+02 1 0)))
s>    ( QUESTION0_13_R 1 6.926e+02 1.111e+02 4.961e+01
s>        ( QUESTION0_14_R 1 2.416e+02 5.337e+01 2.100e+01
s>            ( - 8.203e+01 1 0)
s>            ( - 1.062e+02 1 0))
s>        ( WDBNDRY_E 0 3.399e+02 5.612e+01 2.861e+01
s>            ( - 1.083e+02 1 0)
s>            ( - 1.755e+02 1 0)))INFO: dtree.c(1315): Comp split 15
INFO: dtree.c(1439): stop. leaf nodes are specific
INFO: dtree.c(1478): Final simple tree
|( QUESTION0_8_R 1 1.092e+03 9.983e+01 7.818e+01
|    ( - 1.765e+02 1 0)
|    ( SILENCE -1 8.153e+02 5.801e+01 6.118e+01
|        ( - 5.195e+01 1 0)
|        ( - 7.053e+02 1 0)))
s>    ( QUESTION0_8_R 1 1.092e+03 9.983e+01 7.818e+01
s>        ( - 1.765e+02 1 0)
s>        ( SILENCE -1 8.153e+02 5.801e+01 6.118e+01
s>            ( - 5.195e+01 1 0)
s>            ( - 7.053e+02 1 0)))INFO: dtree.c(1439): stop. leaf nodes are specific
INFO: dtree.c(1478): Final simple tree
|( QUESTION4 -1 1.048e+03 1.186e+02 6.965e+01
|    ( QUESTION0_8_R 1 4.198e+02 6.504e+01 3.149e+01
|        ( - 7.507e+01 1 0)
|        ( - 2.797e+02 1 0))
|    ( QUESTION16 1 5.094e+02 8.589e+01 3.816e+01
|        ( SILENCE -1 2.131e+02 3.510e+01 1.816e+01
|            ( - 1.665e+01 1 0)
|            ( - 1.614e+02 1 0))
|        ( SILENCE -1 2.104e+02 3.775e+01 2.000e+01
|            ( - 6.145e+01 1 0)
|            ( - 1.112e+02 1 0))))
s>    ( QUESTION4 -1 1.048e+03 1.186e+02 6.965e+01
s>        ( QUESTION0_8_R 1 4.198e+02 6.504e+01 3.149e+01
s>            ( - 7.507e+01 1 0)
s>            ( - 2.797e+02 1 0))
s>        ( QUESTION16 1 5.094e+02 8.589e+01 3.816e+01
s>            ( SILENCE -1 2.131e+02 3.510e+01 1.816e+01
s>                ( - 1.665e+01 1 0)
s>                ( - 1.614e+02 1 0))
s>            ( SILENCE -1 2.104e+02 3.775e+01 2.000e+01
s>                ( - 6.145e+01 1 0)
s>                ( - 1.112e+02 1 0))))INFO: dtree.c(1315): Comp split 16
INFO: dtree.c(1439): stop. leaf nodes are specific
INFO: dtree.c(1478): Final simple tree
|( QUESTION2_2_L -1 4.760e+02 9.180e+01 3.082e+01
|    ( SILENCE 1 1.755e+02 4.667e+01 1.311e+01
|        ( - 6.383e+01 1 0)
|        ( - 6.500e+01 1 0))
|    ( QUESTION0_0_R 1 2.087e+02 5.366e+01 1.771e+01
|        ( - 1.045e+02 1 0)
|        ( - 5.054e+01 1 0)))
s>    ( QUESTION2_2_L -1 4.760e+02 9.180e+01 3.082e+01
s>        ( SILENCE 1 1.755e+02 4.667e+01 1.311e+01
s>            ( - 6.383e+01 1 0)
s>            ( - 6.500e+01 1 0))
s>        ( QUESTION0_0_R 1 2.087e+02 5.366e+01 1.771e+01
s>            ( - 1.045e+02 1 0)
s>            ( - 5.054e+01 1 0)))INFO: dtree.c(1439): stop. leaf nodes are specific
INFO: dtree.c(1478): Final simple tree
|( QUESTION0_8_R 1 1.833e+03 1.093e+02 1.111e+02
|    ( QUESTION2_1_L -1 3.979e+02 4.510e+01 3.004e+01
|        ( - 1.528e+01 1 0)
|        ( - 3.375e+02 1 0))
|    ( - 1.326e+03 2 0))
s>    ( QUESTION0_8_R 1 1.833e+03 1.093e+02 1.111e+02
s>        ( QUESTION2_1_L -1 3.979e+02 4.510e+01 3.004e+01
s>            ( - 1.528e+01 1 0)
s>            ( - 3.375e+02 1 0))
s>        ( - 1.326e+03 2 0))INFO: dtree.c(1315): Comp split 17
INFO: dtree.c(1478): Final simple tree
|( QUESTION0 -1 1.452e+03 1.221e+02 8.918e+01
|    ( QUESTION0 1 8.842e+02 1.080e+02 5.818e+01
|        ( QUESTION0_1_R 1 3.412e+02 6.472e+01 2.500e+01
|            ( - 1.736e+02 1 0)
|            ( - 1.028e+02 2 0 QUESTION0_0_R 1 2.735e+01 9.000e+00))
|        ( QUESTION0_13_R 1 4.350e+02 7.142e+01 3.318e+01
|            ( - 1.787e+02 2 0)
|            ( QUESTION0_8_R 1 1.849e+02 4.887e+01 1.618e+01
|                ( - 7.449e+01 1 0)
|                ( - 6.153e+01 1 0))))
|    ( QUESTION4 -1 4.462e+02 7.707e+01 3.100e+01
|        ( - 9.271e+01 2 0 QUESTION0_12_R 1 3.015e+01 9.000e+00)
|        ( QUESTION10 -1 2.764e+02 4.542e+01 2.200e+01
|            ( - 1.585e+02 2 0 QUESTION0_11_R 1 4.550e+01 1.400e+01)
|            ( - 7.242e+01 2 0 SILENCE -1 2.379e+01 8.000e+00))))
s>    ( QUESTION0 -1 1.452e+03 1.221e+02 8.918e+01
s>        ( QUESTION0 1 8.842e+02 1.080e+02 5.818e+01
s>            ( QUESTION0_1_R 1 3.412e+02 6.472e+01 2.500e+01
s>                ( - 1.736e+02 1 0)
s>                ( - 1.028e+02 2 0 QUESTION0_0_R 1 2.735e+01 9.000e+00))
s>            ( QUESTION0_13_R 1 4.350e+02 7.142e+01 3.318e+01
s>                ( - 1.787e+02 2 0)
s>                ( QUESTION0_8_R 1 1.849e+02 4.887e+01 1.618e+01
s>                    ( - 7.449e+01 1 0)
s>                    ( - 6.153e+01 1 0))))
s>        ( QUESTION4 -1 4.462e+02 7.707e+01 3.100e+01
s>            ( - 9.271e+01 2 0 QUESTION0_12_R 1 3.015e+01 9.000e+00)
s>            ( QUESTION10 -1 2.764e+02 4.542e+01 2.200e+01
s>                ( - 1.585e+02 2 0 QUESTION0_11_R 1 4.550e+01 1.400e+01)
s>                ( - 7.242e+01 2 0 SILENCE -1 2.379e+01 8.000e+00))))INFO: dtree.c(1439): stop. leaf nodes are specific
INFO: dtree.c(1478): Final simple tree
|( QUESTION3 1 1.064e+03 1.185e+02 6.598e+01
|    ( QUESTION0_0_R 1 4.206e+02 4.885e+01 3.199e+01
|        ( - 3.086e+01 1 0)
|        ( - 3.409e+02 1 0))
|    ( SILENCE 1 5.245e+02 8.004e+01 3.400e+01
|        ( - 7.775e+01 1 0)
|        ( - 3.668e+02 1 0)))
s>    ( QUESTION3 1 1.064e+03 1.185e+02 6.598e+01
s>        ( QUESTION0_0_R 1 4.206e+02 4.885e+01 3.199e+01
s>            ( - 3.086e+01 1 0)
s>            ( - 3.409e+02 1 0))
s>        ( SILENCE 1 5.245e+02 8.004e+01 3.400e+01
s>            ( - 7.775e+01 1 0)
s>            ( - 3.668e+02 1 0)))INFO: dtree.c(1315): Comp split 18
INFO: dtree.c(1439): stop. leaf nodes are specific
INFO: dtree.c(1478): Final simple tree
|( QUESTION0_14_R 1 6.102e+02 6.274e+01 4.191e+01
|    ( - 4.332e+02 2 0)
|    ( QUESTION0_8_R 1 1.142e+02 3.789e+01 1.208e+01
|        ( - 5.002e+01 1 0)
|        ( - 2.632e+01 1 0)))
s>    ( QUESTION0_14_R 1 6.102e+02 6.274e+01 4.191e+01
s>        ( - 4.332e+02 2 0)
s>        ( QUESTION0_8_R 1 1.142e+02 3.789e+01 1.208e+01
s>            ( - 5.002e+01 1 0)
s>            ( - 2.632e+01 1 0)))INFO: dtree.c(1315): Comp split 19
INFO: dtree.c(1439): stop. leaf nodes are specific
INFO: dtree.c(1478): Final simple tree
|( QUESTION0_13_R 1 6.798e+02 9.515e+01 4.818e+01
|    ( - 1.787e+02 2 0)
|    ( QUESTION10 -1 4.060e+02 5.884e+01 3.118e+01
|        ( QUESTION0_11_R 1 1.585e+02 4.550e+01 1.400e+01
|            ( - 2.047e+01 1 0)
|            ( - 9.257e+01 1 0))
|        ( QUESTION0_8_R 1 1.886e+02 4.171e+01 1.718e+01
|            ( - 7.449e+01 1 0)
|            ( SILENCE -1 7.242e+01 2.379e+01 8.000e+00
|                ( - 2.391e+01 1 0)
|                ( - 2.472e+01 1 0)))))
s>    ( QUESTION0_13_R 1 6.798e+02 9.515e+01 4.818e+01
s>        ( - 1.787e+02 2 0)
s>        ( QUESTION10 -1 4.060e+02 5.884e+01 3.118e+01
s>            ( QUESTION0_11_R 1 1.585e+02 4.550e+01 1.400e+01
s>                ( - 2.047e+01 1 0)
s>                ( - 9.257e+01 1 0))
s>            ( QUESTION0_8_R 1 1.886e+02 4.171e+01 1.718e+01
s>                ( - 7.449e+01 1 0)
s>                ( SILENCE -1 7.242e+01 2.379e+01 8.000e+00
s>                    ( - 2.391e+01 1 0)
s>                    ( - 2.472e+01 1 0)))))INFO: dtree.c(1439): stop. leaf nodes are specific
INFO: dtree.c(1478): Final simple tree
|( QUESTION0_1_R 1 6.229e+02 8.640e+01 4.100e+01
|    ( - 1.736e+02 1 0)
|    ( QUESTION7 1 3.629e+02 6.674e+01 2.500e+01
|        ( QUESTION0 -1 1.045e+02 2.807e+01 1.000e+01
|            ( - 6.153e+01 1 0)
|            ( - 1.488e+01 1 0))
|        ( QUESTION0_9_R 1 1.916e+02 4.113e+01 1.500e+01
|            ( - 4.769e+01 1 0)
|            ( QUESTION0_0_R 1 1.028e+02 2.735e+01 9.000e+00
|                ( - 3.811e+01 1 0)
|                ( - 3.735e+01 1 0)))))
s>    ( QUESTION0_1_R 1 6.229e+02 8.640e+01 4.100e+01
s>        ( - 1.736e+02 1 0)
s>        ( QUESTION7 1 3.629e+02 6.674e+01 2.500e+01
s>            ( QUESTION0 -1 1.045e+02 2.807e+01 1.000e+01
s>                ( - 6.153e+01 1 0)
s>                ( - 1.488e+01 1 0))
s>            ( QUESTION0_9_R 1 1.916e+02 4.113e+01 1.500e+01
s>                ( - 4.769e+01 1 0)
s>                ( QUESTION0_0_R 1 1.028e+02 2.735e+01 9.000e+00
s>                    ( - 3.811e+01 1 0)
s>                    ( - 3.735e+01 1 0)))))INFO: dtree.c(1315): Comp split 20
INFO: dtree.c(1439): stop. leaf nodes are specific
INFO: dtree.c(1478): Final simple tree
|( QUESTION1 -1 4.438e+02 8.361e+01 3.400e+01
|    ( - 1.814e+02 2 0)
|    ( WDBNDRY_E 0 1.789e+02 5.210e+01 1.600e+01
|        ( - 6.444e+01 1 0)
|        ( - 6.231e+01 1 0)))
s>    ( QUESTION1 -1 4.438e+02 8.361e+01 3.400e+01
s>        ( - 1.814e+02 2 0)
s>        ( WDBNDRY_E 0 1.789e+02 5.210e+01 1.600e+01
s>            ( - 6.444e+01 1 0)
s>            ( - 6.231e+01 1 0)))INFO: dtree.c(1315): Comp split 21
INFO: dtree.c(1439): stop. leaf nodes are specific
INFO: dtree.c(1478): Final simple tree
|( QUESTION2_9_L -1 5.053e+02 5.360e+01 3.405e+01
|    ( - 5.700e+01 1 0)
|    ( WDBNDRY_E 0 3.947e+02 4.163e+01 2.805e+01
|        ( QUESTION0_1_R 1 2.913e+01 9.554e+00 4.750e+00
|            ( - 1.857e+01 1 0)
|            ( - 1.003e+00 1 0))
|        ( - 3.239e+02 1 0)))
s>    ( QUESTION2_9_L -1 5.053e+02 5.360e+01 3.405e+01
s>        ( - 5.700e+01 1 0)
s>        ( WDBNDRY_E 0 3.947e+02 4.163e+01 2.805e+01
s>            ( QUESTION0_1_R 1 2.913e+01 9.554e+00 4.750e+00
s>                ( - 1.857e+01 1 0)
s>                ( - 1.003e+00 1 0))
s>            ( - 3.239e+02 1 0)))INFO: dtree.c(1439): stop. leaf nodes are specific
INFO: dtree.c(1478): Final simple tree
|( QUESTION0_8_R 1 5.767e+02 7.426e+01 3.993e+01
|    ( - 3.558e+02 2 0)
|    ( - 1.466e+02 1 0))
s>    ( QUESTION0_8_R 1 5.767e+02 7.426e+01 3.993e+01
s>        ( - 3.558e+02 2 0)
s>        ( - 1.466e+02 1 0))INFO: dtree.c(1315): Comp split 22
INFO: dtree.c(1439): stop. leaf nodes are specific
INFO: dtree.c(1478): Final simple tree
|( QUESTION0_8_R 1 6.820e+02 8.841e+01 5.382e+01
|    ( - 2.147e+02 3 0)
|    ( - 3.789e+02 1 0))
s>    ( QUESTION0_8_R 1 6.820e+02 8.841e+01 5.382e+01
s>        ( - 2.147e+02 3 0)
s>        ( - 3.789e+02 1 0))INFO: dtree.c(1439): stop. leaf nodes are specific
INFO: dtree.c(1478): Final simple tree
|( QUESTION0_8_R 1 3.941e+02 7.240e+01 3.100e+01
|    ( - 1.009e+02 1 0)
|    ( QUESTION0_11_R 1 2.208e+02 2.267e+01 1.900e+01
|        ( - 3.608e+00 1 0)
|        ( - 1.945e+02 1 0)))
s>    ( QUESTION0_8_R 1 3.941e+02 7.240e+01 3.100e+01
s>        ( - 1.009e+02 1 0)
s>        ( QUESTION0_11_R 1 2.208e+02 2.267e+01 1.900e+01
s>            ( - 3.608e+00 1 0)
s>            ( - 1.945e+02 1 0)))INFO: dtree.c(1315): Comp split 23
INFO: dtree.c(1439): stop. leaf nodes are specific
INFO: dtree.c(1478): Final simple tree
|( WDBNDRY_E 0 2.881e+02 4.258e+01 2.428e+01
|    ( - 4.046e+01 1 0)
|    ( - 2.051e+02 1 0))
s>    ( WDBNDRY_E 0 2.881e+02 4.258e+01 2.428e+01
s>        ( - 4.046e+01 1 0)
s>        ( - 2.051e+02 1 0))INFO: dtree.c(1439): stop. leaf nodes are specific
INFO: dtree.c(1478): Final simple tree
|( QUESTION0_12_R 1 3.288e+02 5.403e+01 2.468e+01
|    ( - 1.213e+02 1 0)
|    ( - 1.535e+02 1 0))
s>    ( QUESTION0_12_R 1 3.288e+02 5.403e+01 2.468e+01
s>        ( - 1.213e+02 1 0)
s>        ( - 1.535e+02 1 0))INFO: dtree.c(1315): Comp split 24
INFO: dtree.c(1439): stop. leaf nodes are specific
INFO: dtree.c(1478): Final simple tree
|( QUESTION16 1 5.094e+02 8.589e+01 3.816e+01
|    ( SILENCE -1 2.131e+02 3.510e+01 1.816e+01
|        ( - 1.665e+01 1 0)
|        ( - 1.614e+02 1 0))
|    ( SILENCE -1 2.104e+02 3.775e+01 2.000e+01
|        ( - 6.145e+01 1 0)
|        ( - 1.112e+02 1 0)))
s>    ( QUESTION16 1 5.094e+02 8.589e+01 3.816e+01
s>        ( SILENCE -1 2.131e+02 3.510e+01 1.816e+01
s>            ( - 1.665e+01 1 0)
s>            ( - 1.614e+02 1 0))
s>        ( SILENCE -1 2.104e+02 3.775e+01 2.000e+01
s>            ( - 6.145e+01 1 0)
s>            ( - 1.112e+02 1 0)))INFO: dtree.c(1439): stop. leaf nodes are specific
INFO: dtree.c(1478): Final simple tree
|( QUESTION0_8_R 1 4.198e+02 6.504e+01 3.149e+01
|    ( - 7.507e+01 1 0)
|    ( - 2.797e+02 1 0))
s>    ( QUESTION0_8_R 1 4.198e+02 6.504e+01 3.149e+01
s>        ( - 7.507e+01 1 0)
s>        ( - 2.797e+02 1 0))INFO: dtree.c(1315): Comp split 25
INFO: dtree.c(1439): stop. leaf nodes are specific
INFO: dtree.c(1478): Final simple tree
|( SILENCE 1 5.245e+02 8.004e+01 3.400e+01
|    ( - 7.775e+01 1 0)
|    ( - 3.668e+02 1 0))
s>    ( SILENCE 1 5.245e+02 8.004e+01 3.400e+01
s>        ( - 7.775e+01 1 0)
s>        ( - 3.668e+02 1 0))INFO: dtree.c(1439): stop. leaf nodes are specific
INFO: dtree.c(1478): Final simple tree
|( QUESTION0_0_R 1 4.206e+02 4.885e+01 3.199e+01
|    ( - 3.086e+01 1 0)
|    ( - 3.409e+02 1 0))
s>    ( QUESTION0_0_R 1 4.206e+02 4.885e+01 3.199e+01
s>        ( - 3.086e+01 1 0)
s>        ( - 3.409e+02 1 0))INFO: dtree.c(1315): Comp split 26
INFO: dtree.c(1439): stop. leaf nodes are specific
INFO: dtree.c(1478): Final simple tree
|( WDBNDRY_E 0 3.399e+02 5.612e+01 2.861e+01
|    ( - 1.083e+02 1 0)
|    ( - 1.755e+02 1 0))
s>    ( WDBNDRY_E 0 3.399e+02 5.612e+01 2.861e+01
s>        ( - 1.083e+02 1 0)
s>        ( - 1.755e+02 1 0))INFO: dtree.c(1439): stop. leaf nodes are specific
INFO: dtree.c(1478): Final simple tree
|( QUESTION0_14_R 1 2.416e+02 5.337e+01 2.100e+01
|    ( - 8.203e+01 1 0)
|    ( - 1.062e+02 1 0))
s>    ( QUESTION0_14_R 1 2.416e+02 5.337e+01 2.100e+01
s>        ( - 8.203e+01 1 0)
s>        ( - 1.062e+02 1 0))INFO: dtree.c(1315): Comp split 27
INFO: dtree.c(1439): stop. leaf nodes are specific
INFO: dtree.c(1478): Final simple tree
|( QUESTION0_8_R 1 2.376e+02 5.345e+01 2.118e+01
|    ( - 7.449e+01 1 0)
|    ( QUESTION7 -1 1.096e+02 3.043e+01 1.200e+01
|        ( - 2.472e+01 1 0)
|        ( SILENCE -1 5.447e+01 1.009e+01 8.000e+00
|            ( - 2.391e+01 1 0)
|            ( - 2.047e+01 1 0))))
s>    ( QUESTION0_8_R 1 2.376e+02 5.345e+01 2.118e+01
s>        ( - 7.449e+01 1 0)
s>        ( QUESTION7 -1 1.096e+02 3.043e+01 1.200e+01
s>            ( - 2.472e+01 1 0)
s>            ( SILENCE -1 5.447e+01 1.009e+01 8.000e+00
s>                ( - 2.391e+01 1 0)
s>                ( - 2.047e+01 1 0))))INFO: dtree.c(1439): stop. leaf nodes are specific
INFO: dtree.c(1478): Final simple tree
|( QUESTION0_10_R 1 3.316e+02 6.038e+01 2.700e+01
|    ( - 9.257e+01 1 0)
|    ( - 1.787e+02 2 0))
s>    ( QUESTION0_10_R 1 3.316e+02 6.038e+01 2.700e+01
s>        ( - 9.257e+01 1 0)
s>        ( - 1.787e+02 2 0))INFO: dtree.c(1315): Comp split 28
INFO: dtree.c(1439): stop. leaf nodes are specific
INFO: dtree.c(1478): Final simple tree
|( QUESTION0_16_R 1 2.057e+02 6.487e+01 2.400e+01
|    ( - 9.848e+01 1 0)
|    ( - 4.240e+01 1 0))
s>    ( QUESTION0_16_R 1 2.057e+02 6.487e+01 2.400e+01
s>        ( - 9.848e+01 1 0)
s>        ( - 4.240e+01 1 0))INFO: dtree.c(1315): Comp split 29
INFO: dtree.c(1439): stop. leaf nodes are specific
INFO: dtree.c(1478): Final simple tree
|( QUESTION2_1_L -1 3.979e+02 4.510e+01 3.004e+01
|    ( - 1.528e+01 1 0)
|    ( - 3.375e+02 1 0))
s>    ( QUESTION2_1_L -1 3.979e+02 4.510e+01 3.004e+01
s>        ( - 1.528e+01 1 0)
s>        ( - 3.375e+02 1 0))INFO: dtree.c(1315): Comp split 30
INFO: dtree.c(1439): stop. leaf nodes are specific
INFO: dtree.c(1478): Final simple tree
|( QUESTION0_0_R 1 9.938e+02 4.784e+01 6.607e+01
|    ( - 5.408e+01 1 0)
|    ( - 8.919e+02 1 0))
s>    ( QUESTION0_0_R 1 9.938e+02 4.784e+01 6.607e+01
s>        ( - 5.408e+01 1 0)
s>        ( - 8.919e+02 1 0))INFO: dtree.c(1439): stop. leaf nodes are specific
INFO: dtree.c(1478): Final simple tree
|( QUESTION0_16_R 1 1.676e+02 3.849e+01 1.586e+01
|    ( - 4.458e+01 1 0)
|    ( - 8.453e+01 1 0))
s>    ( QUESTION0_16_R 1 1.676e+02 3.849e+01 1.586e+01
s>        ( - 4.458e+01 1 0)
s>        ( - 8.453e+01 1 0))INFO: dtree.c(1315): Comp split 31
INFO: dtree.c(1439): stop. leaf nodes are specific
INFO: dtree.c(1478): Final simple tree
|( SILENCE -1 8.153e+02 5.801e+01 6.118e+01
|    ( - 5.195e+01 1 0)
|    ( - 7.053e+02 1 0))
s>    ( SILENCE -1 8.153e+02 5.801e+01 6.118e+01
s>        ( - 5.195e+01 1 0)
s>        ( - 7.053e+02 1 0))INFO: dtree.c(1315): Comp split 32
INFO: dtree.c(1439): stop. leaf nodes are specific
INFO: dtree.c(1478): Final simple tree
|( SILENCE 1 1.974e+02 3.121e+01 2.000e+01
|    ( - 5.965e+01 1 0)
|    ( - 1.066e+02 1 0))
s>    ( SILENCE 1 1.974e+02 3.121e+01 2.000e+01
s>        ( - 5.965e+01 1 0)
s>        ( - 1.066e+02 1 0))INFO: dtree.c(1439): stop. leaf nodes are specific
INFO: dtree.c(1478): Final simple tree
|( QUESTION2_9_L -1 3.447e+02 5.767e+01 2.594e+01
|    ( - 1.646e+02 1 0)
|    ( QUESTION0_8_R 1 1.224e+02 3.660e+01 1.100e+01
|        ( - 6.664e+01 1 0)
|        ( - 1.916e+01 1 0)))
s>    ( QUESTION2_9_L -1 3.447e+02 5.767e+01 2.594e+01
s>        ( - 1.646e+02 1 0)
s>        ( QUESTION0_8_R 1 1.224e+02 3.660e+01 1.100e+01
s>            ( - 6.664e+01 1 0)
s>            ( - 1.916e+01 1 0)))INFO: dtree.c(1315): Comp split 33
INFO: dtree.c(1439): stop. leaf nodes are specific
INFO: dtree.c(1478): Final simple tree
|( QUESTION0_9_R 1 3.047e+02 5.283e+01 2.200e+01
|    ( QUESTION0_12_R 1 1.490e+02 3.981e+01 1.300e+01
|        ( - 4.769e+01 1 0)
|        ( - 6.153e+01 1 0))
|    ( QUESTION0_0_R 1 1.028e+02 2.735e+01 9.000e+00
|        ( - 3.811e+01 1 0)
|        ( - 3.735e+01 1 0)))
s>    ( QUESTION0_9_R 1 3.047e+02 5.283e+01 2.200e+01
s>        ( QUESTION0_12_R 1 1.490e+02 3.981e+01 1.300e+01
s>            ( - 4.769e+01 1 0)
s>            ( - 6.153e+01 1 0))
s>        ( QUESTION0_0_R 1 1.028e+02 2.735e+01 9.000e+00
s>            ( - 3.811e+01 1 0)
s>            ( - 3.735e+01 1 0)))INFO: dtree.c(1439): stop. leaf nodes are specific
INFO: dtree.c(1478): Final simple tree
|( QUESTION0_0_R 1 2.211e+02 3.255e+01 1.900e+01
|    ( - 1.736e+02 1 0)
|    ( - 1.488e+01 1 0))
s>    ( QUESTION0_0_R 1 2.211e+02 3.255e+01 1.900e+01
s>        ( - 1.736e+02 1 0)
s>        ( - 1.488e+01 1 0))INFO: dtree.c(1315): Comp split 34
INFO: dtree.c(1439): stop. leaf nodes are specific
INFO: dtree.c(1478): Final simple tree
|( QUESTION0_0_R 1 2.087e+02 5.366e+01 1.771e+01
|    ( - 1.045e+02 1 0)
|    ( - 5.054e+01 1 0))
s>    ( QUESTION0_0_R 1 2.087e+02 5.366e+01 1.771e+01
s>        ( - 1.045e+02 1 0)
s>        ( - 5.054e+01 1 0))INFO: dtree.c(1439): stop. leaf nodes are specific
INFO: dtree.c(1478): Final simple tree
|( SILENCE 1 1.755e+02 4.667e+01 1.311e+01
|    ( - 6.383e+01 1 0)
|    ( - 6.500e+01 1 0))
s>    ( SILENCE 1 1.755e+02 4.667e+01 1.311e+01
s>        ( - 6.383e+01 1 0)
s>        ( - 6.500e+01 1 0))INFO: dtree.c(1315): Comp split 35
INFO: dtree.c(1315): Comp split 36
INFO: dtree.c(1439): stop. leaf nodes are specific
INFO: dtree.c(1478): Final simple tree
|( SILENCE -1 2.104e+02 3.775e+01 2.000e+01
|    ( - 6.145e+01 1 0)
|    ( - 1.112e+02 1 0))
s>    ( SILENCE -1 2.104e+02 3.775e+01 2.000e+01
s>        ( - 6.145e+01 1 0)
s>        ( - 1.112e+02 1 0))INFO: dtree.c(1439): stop. leaf nodes are specific
INFO: dtree.c(1478): Final simple tree
|( SILENCE -1 2.131e+02 3.510e+01 1.816e+01
|    ( - 1.665e+01 1 0)
|    ( - 1.614e+02 1 0))
s>    ( SILENCE -1 2.131e+02 3.510e+01 1.816e+01
s>        ( - 1.665e+01 1 0)
s>        ( - 1.614e+02 1 0))INFO: dtree.c(1315): Comp split 37
INFO: dtree.c(1439): stop. leaf nodes are specific
INFO: dtree.c(1478): Final simple tree
|( WDBNDRY_E 0 1.789e+02 5.210e+01 1.600e+01
|    ( - 6.444e+01 1 0)
|    ( - 6.231e+01 1 0))
s>    ( WDBNDRY_E 0 1.789e+02 5.210e+01 1.600e+01
s>        ( - 6.444e+01 1 0)
s>        ( - 6.231e+01 1 0))INFO: dtree.c(1315): Comp split 38
INFO: dtree.c(1439): stop. leaf nodes are specific
INFO: dtree.c(1478): Final simple tree
|( QUESTION0_8_R 1 2.368e+02 5.750e+01 2.400e+01
|    ( - 1.065e+02 1 0)
|    ( - 7.277e+01 1 0))
s>    ( QUESTION0_8_R 1 2.368e+02 5.750e+01 2.400e+01
s>        ( - 1.065e+02 1 0)
s>        ( - 7.277e+01 1 0))INFO: dtree.c(1315): Comp split 39
INFO: dtree.c(1315): Comp split 40
INFO: dtree.c(1315): Comp split 41
INFO: dtree.c(1439): stop. leaf nodes are specific
INFO: dtree.c(1478): Final simple tree
|( QUESTION0_11_R 1 2.208e+02 2.267e+01 1.900e+01
|    ( - 3.608e+00 1 0)
|    ( - 1.945e+02 1 0))
s>    ( QUESTION0_11_R 1 2.208e+02 2.267e+01 1.900e+01
s>        ( - 3.608e+00 1 0)
s>        ( - 1.945e+02 1 0))INFO: dtree.c(1315): Comp split 42
INFO: dtree.c(1439): stop. leaf nodes are specific
INFO: dtree.c(1478): Final simple tree
|( WDBNDRY_E 0 1.154e+02 2.923e+01 1.075e+01
|    ( QUESTION0_1_R 1 2.913e+01 9.554e+00 4.750e+00
|        ( - 1.857e+01 1 0)
|        ( - 1.003e+00 1 0))
|    ( - 5.700e+01 1 0))
s>    ( WDBNDRY_E 0 1.154e+02 2.923e+01 1.075e+01
s>        ( QUESTION0_1_R 1 2.913e+01 9.554e+00 4.750e+00
s>            ( - 1.857e+01 1 0)
s>            ( - 1.003e+00 1 0))
s>        ( - 5.700e+01 1 0))INFO: dtree.c(1315): Comp split 43
INFO: dtree.c(1315): Comp split 44
INFO: dtree.c(1315): Comp split 45
INFO: dtree.c(1439): stop. leaf nodes are specific
INFO: dtree.c(1478): Final simple tree
|( QUESTION0_8_R 1 1.142e+02 3.789e+01 1.208e+01
|    ( - 5.002e+01 1 0)
|    ( - 2.632e+01 1 0))
s>    ( QUESTION0_8_R 1 1.142e+02 3.789e+01 1.208e+01
s>        ( - 5.002e+01 1 0)
s>        ( - 2.632e+01 1 0))INFO: dtree.c(1315): Comp split 46
INFO: dtree.c(1315): Comp split 47
INFO: dtree.c(1439): stop. leaf nodes are specific
INFO: dtree.c(1478): Final simple tree
|( QUESTION0_0_R 1 1.278e+02 2.818e+01 1.200e+01
|    ( - 3.811e+01 1 0)
|    ( - 6.153e+01 1 0))
s>    ( QUESTION0_0_R 1 1.278e+02 2.818e+01 1.200e+01
s>        ( - 3.811e+01 1 0)
s>        ( - 6.153e+01 1 0))INFO: dtree.c(1439): stop. leaf nodes are specific
INFO: dtree.c(1478): Final simple tree
|( QUESTION0_8_R 1 1.174e+02 3.235e+01 1.000e+01
|    ( - 3.735e+01 1 0)
|    ( - 4.769e+01 1 0))
s>    ( QUESTION0_8_R 1 1.174e+02 3.235e+01 1.000e+01
s>        ( - 3.735e+01 1 0)
s>        ( - 4.769e+01 1 0))INFO: dtree.c(1315): Comp split 48
INFO: dtree.c(1315): Comp split 49
INFO: dtree.c(1439): stop. leaf nodes are specific
INFO: dtree.c(1478): Final simple tree
|( QUESTION0_8_R 1 1.224e+02 3.660e+01 1.100e+01
|    ( - 6.664e+01 1 0)
|    ( - 1.916e+01 1 0))
s>    ( QUESTION0_8_R 1 1.224e+02 3.660e+01 1.100e+01
s>        ( - 6.664e+01 1 0)
s>        ( - 1.916e+01 1 0))INFO: dtree.c(1315): Comp split 50
INFO: dtree.c(1315): Comp split 51
INFO: dtree.c(1315): Comp split 52
INFO: dtree.c(1439): stop. leaf nodes are specific
INFO: dtree.c(1478): Final simple tree
|( SILENCE -1 5.447e+01 1.009e+01 8.000e+00
|    ( - 2.391e+01 1 0)
|    ( - 2.047e+01 1 0))
s>    ( SILENCE -1 5.447e+01 1.009e+01 8.000e+00
s>        ( - 2.391e+01 1 0)
s>        ( - 2.047e+01 1 0))INFO: dtree.c(1439): stop. leaf nodes are specific
INFO: dtree.c(1478): Final simple tree
|( QUESTION0_8_R 1 1.286e+02 2.941e+01 1.318e+01
|    ( - 7.449e+01 1 0)
|    ( - 2.472e+01 1 0))
s>    ( QUESTION0_8_R 1 1.286e+02 2.941e+01 1.318e+01
s>        ( - 7.449e+01 1 0)
s>        ( - 2.472e+01 1 0))INFO: dtree.c(1315): Comp split 53
INFO: dtree.c(1315): Comp split 54
INFO: dtree.c(1315): Comp split 55
INFO: dtree.c(1315): Comp split 56
INFO: dtree.c(1315): Comp split 57
INFO: dtree.c(1315): Comp split 58
INFO: dtree.c(1315): Comp split 59
INFO: dtree.c(1315): Comp split 60
INFO: dtree.c(1315): Comp split 61
INFO: dtree.c(1315): Comp split 62
INFO: dtree.c(1315): Comp split 63
INFO: dtree.c(1315): Comp split 64
INFO: dtree.c(1315): Comp split 65
INFO: dtree.c(1315): Comp split 66
INFO: dtree.c(1315): Comp split 67
INFO: dtree.c(1315): Comp split 68
INFO: dtree.c(1315): Comp split 69
INFO: dtree.c(1315): Comp split 70
INFO: dtree.c(1315): Comp split 71
INFO: dtree.c(1439): stop. leaf nodes are specific
INFO: dtree.c(1478): Final simple tree
|( QUESTION0_1_R 1 2.913e+01 9.554e+00 4.750e+00
|    ( - 1.857e+01 1 0)
|    ( - 1.003e+00 1 0))
s>    ( QUESTION0_1_R 1 2.913e+01 9.554e+00 4.750e+00
s>        ( - 1.857e+01 1 0)
s>        ( - 1.003e+00 1 0))INFO: dtree.c(1315): Comp split 72
INFO: dtree.c(1315): Comp split 73
INFO: dtree.c(1315): Comp split 74
INFO: dtree.c(1315): Comp split 75
INFO: dtree.c(1315): Comp split 76
INFO: dtree.c(1318): stop. leaf nodes are specific
Sun Mar 12 05:24:18 2017
