Current configuration:
[NAME]		[DEFLT]	[VALUE]
-allphones	no	no
-cntthresh	0.00001	1.000000e-05
-csplitmax	100	2000
-csplitmin	1	1
-csplitthr	8e-4	0.000000e+00
-example	no	no
-fullvar	no	no
-help		no	no
-meanfn			
-mixwfn			/home/gaurav/python-scripts/py/scripts/sphinx-source2/an4/model_parameters/an4.cd_ptm_untied/mixture_weights
-moddeffn		/home/gaurav/python-scripts/py/scripts/sphinx-source2/an4/model_architecture/an4.untied.mdef
-mwfloor	1e-4	1.000000e-08
-phone			R
-psetfn			/home/gaurav/python-scripts/py/scripts/sphinx-source2/an4/model_architecture/an4.tree_questions
-ssplitmax	5	7
-ssplitmin	1	1
-ssplitthr	8e-4	0.000000e+00
-state			2
-stwt			1.0,0.05,0.0,
-treefn			/home/gaurav/python-scripts/py/scripts/sphinx-source2/an4/trees/an4.unpruned/R-2.dtree
-ts2cbfn	.semi.	.semi.
-varfloor	0.00001	1.000000e-05
-varfn			

INFO: main.c(223): Reading: /home/gaurav/python-scripts/py/scripts/sphinx-source2/an4/model_architecture/an4.untied.mdef
INFO: model_def_io.c(573): Model definition info:
INFO: model_def_io.c(574): 1618 total models defined (34 base, 1584 tri)
INFO: model_def_io.c(575): 6472 total states
INFO: model_def_io.c(576): 4854 total tied states
INFO: model_def_io.c(577): 102 total tied CI states
INFO: model_def_io.c(578): 34 total tied transition matrices
INFO: model_def_io.c(579): 4 max state/model
INFO: model_def_io.c(580): 4 min state/model
INFO: main.c(242): Building trees for [R AA AA e] through [R TH IY i]
INFO: main.c(269): Covering states |[3630 3758]| == 129
INFO: main.c(275): Reading: /home/gaurav/python-scripts/py/scripts/sphinx-source2/an4/model_parameters/an4.cd_ptm_untied/mixture_weights
INFO: s3mixw_io.c(173): Read /home/gaurav/python-scripts/py/scripts/sphinx-source2/an4/model_parameters/an4.cd_ptm_untied/mixture_weights [129x4x64 array]
INFO: main.c(311): 43 of 43 models have observation count greater than 0.000010
INFO: main.c(95): nrm stwt: 0.000 0.048 0.952 
INFO: main.c(411): 43-class entropy: 4.234494e+04
INFO: main.c(549): Reading: /home/gaurav/python-scripts/py/scripts/sphinx-source2/an4/model_architecture/an4.tree_questions
INFO: main.c(588): 180 total simple questions (172 phone; 8 word bndry)
INFO: main.c(590): 42 Left Only questions, and 42 Right Only questions
INFO: dtree.c(1478): Final simple tree
|( QUESTION0 -1 5.786e+04 3.243e+03 2.707e+03
|    ( SILENCE 1 4.279e+04 1.361e+03 2.089e+03
|        ( - 7.670e+03 2 0)
|        ( QUESTION6 1 3.376e+04 1.033e+03 1.624e+03
|            ( - 1.097e+04 15 0 QUESTION7 1 5.487e+02 5.679e+02)
|            ( QUESTION4 1 2.176e+04 7.146e+02 1.057e+03
|                ( - 3.725e+03 4 0 QUESTION0_8_R 1 3.149e+02 2.078e+02)
|                ( QUESTION0_3_R 1 1.732e+04 5.918e+02 8.487e+02
|                    ( - 5.434e+03 3 0)
|                    ( - 1.129e+04 11 0 QUESTION1 1 4.804e+02 5.555e+02)))))
|    ( QUESTION2 1 1.183e+04 1.036e+03 6.177e+02
|        ( - 3.949e+03 4 0 QUESTION0_0_R 1 4.719e+02 2.129e+02)
|        ( QUESTION0_0_R 1 6.843e+03 7.363e+02 4.048e+02
|            ( - 4.229e+03 2 0 QUESTION6 -1 1.203e+02 2.546e+02)
|            ( - 1.878e+03 2 0 WDBNDRY_B 0 2.312e+02 1.502e+02))))
s>    ( QUESTION0 -1 5.786e+04 3.243e+03 2.707e+03
s>        ( SILENCE 1 4.279e+04 1.361e+03 2.089e+03
s>            ( - 7.670e+03 2 0)
s>            ( QUESTION6 1 3.376e+04 1.033e+03 1.624e+03
s>                ( - 1.097e+04 15 0 QUESTION7 1 5.487e+02 5.679e+02)
s>                ( QUESTION4 1 2.176e+04 7.146e+02 1.057e+03
s>                    ( - 3.725e+03 4 0 QUESTION0_8_R 1 3.149e+02 2.078e+02)
s>                    ( QUESTION0_3_R 1 1.732e+04 5.918e+02 8.487e+02
s>                        ( - 5.434e+03 3 0)
s>                        ( - 1.129e+04 11 0 QUESTION1 1 4.804e+02 5.555e+02)))))
s>        ( QUESTION2 1 1.183e+04 1.036e+03 6.177e+02
s>            ( - 3.949e+03 4 0 QUESTION0_0_R 1 4.719e+02 2.129e+02)
s>            ( QUESTION0_0_R 1 6.843e+03 7.363e+02 4.048e+02
s>                ( - 4.229e+03 2 0 QUESTION6 -1 1.203e+02 2.546e+02)
s>                ( - 1.878e+03 2 0 WDBNDRY_B 0 2.312e+02 1.502e+02))))INFO: dtree.c(1315): Comp split 0
INFO: dtree.c(1478): Final simple tree
|( SILENCE 1 4.279e+04 1.361e+03 2.089e+03
|    ( - 7.670e+03 2 0)
|    ( QUESTION6 1 3.376e+04 1.033e+03 1.624e+03
|        ( QUESTION7 1 1.097e+04 5.487e+02 5.679e+02
|            ( - 4.878e+03 7 0 QUESTION0_10_R 1 3.243e+02 2.685e+02)
|            ( - 5.544e+03 8 0 QUESTION0_10_R 1 2.781e+02 2.994e+02))
|        ( QUESTION4 1 2.176e+04 7.146e+02 1.057e+03
|            ( - 3.725e+03 4 0 QUESTION0_8_R 1 3.149e+02 2.078e+02)
|            ( QUESTION0_3_R 1 1.732e+04 5.918e+02 8.487e+02
|                ( - 5.434e+03 3 0)
|                ( QUESTION1 1 1.129e+04 4.804e+02 5.555e+02
|                    ( - 4.327e+03 4 0 QUESTION0_0_R 1 2.415e+02 2.248e+02)
|                    ( QUESTION0_14_R 1 6.485e+03 4.004e+02 3.307e+02
|                        ( - 2.283e+03 1 0)
|                        ( - 3.802e+03 6 0 QUESTION0_9_R 1 3.591e+02 2.022e+02)))))))
s>    ( SILENCE 1 4.279e+04 1.361e+03 2.089e+03
s>        ( - 7.670e+03 2 0)
s>        ( QUESTION6 1 3.376e+04 1.033e+03 1.624e+03
s>            ( QUESTION7 1 1.097e+04 5.487e+02 5.679e+02
s>                ( - 4.878e+03 7 0 QUESTION0_10_R 1 3.243e+02 2.685e+02)
s>                ( - 5.544e+03 8 0 QUESTION0_10_R 1 2.781e+02 2.994e+02))
s>            ( QUESTION4 1 2.176e+04 7.146e+02 1.057e+03
s>                ( - 3.725e+03 4 0 QUESTION0_8_R 1 3.149e+02 2.078e+02)
s>                ( QUESTION0_3_R 1 1.732e+04 5.918e+02 8.487e+02
s>                    ( - 5.434e+03 3 0)
s>                    ( QUESTION1 1 1.129e+04 4.804e+02 5.555e+02
s>                        ( - 4.327e+03 4 0 QUESTION0_0_R 1 2.415e+02 2.248e+02)
s>                        ( QUESTION0_14_R 1 6.485e+03 4.004e+02 3.307e+02
s>                            ( - 2.283e+03 1 0)
s>                            ( - 3.802e+03 6 0 QUESTION0_9_R 1 3.591e+02 2.022e+02)))))))INFO: dtree.c(1478): Final simple tree
|( QUESTION2 1 1.183e+04 1.036e+03 6.177e+02
|    ( QUESTION0_0_R 1 3.949e+03 4.719e+02 2.129e+02
|        ( - 1.623e+03 1 0)
|        ( WDBNDRY_B 0 1.854e+03 4.310e+01 1.112e+02
|            ( - 1.803e+03 1 0)
|            ( QUESTION7 -1 8.000e+00 8.000e+00 2.000e+00
|                ( - 0.000e+00 1 0)
|                ( - 0.000e+00 1 0))))
|    ( QUESTION0_0_R 1 6.843e+03 7.363e+02 4.048e+02
|        ( QUESTION6 -1 4.229e+03 1.203e+02 2.546e+02
|            ( - 3.953e+03 1 0)
|            ( - 1.553e+02 1 0))
|        ( WDBNDRY_B 0 1.878e+03 2.312e+02 1.502e+02
|            ( - 4.574e+02 1 0)
|            ( - 1.190e+03 1 0))))
s>    ( QUESTION2 1 1.183e+04 1.036e+03 6.177e+02
s>        ( QUESTION0_0_R 1 3.949e+03 4.719e+02 2.129e+02
s>            ( - 1.623e+03 1 0)
s>            ( WDBNDRY_B 0 1.854e+03 4.310e+01 1.112e+02
s>                ( - 1.803e+03 1 0)
s>                ( QUESTION7 -1 8.000e+00 8.000e+00 2.000e+00
s>                    ( - 0.000e+00 1 0)
s>                    ( - 0.000e+00 1 0))))
s>        ( QUESTION0_0_R 1 6.843e+03 7.363e+02 4.048e+02
s>            ( QUESTION6 -1 4.229e+03 1.203e+02 2.546e+02
s>                ( - 3.953e+03 1 0)
s>                ( - 1.553e+02 1 0))
s>            ( WDBNDRY_B 0 1.878e+03 2.312e+02 1.502e+02
s>                ( - 4.574e+02 1 0)
s>                ( - 1.190e+03 1 0))))INFO: dtree.c(1315): Comp split 1
INFO: dtree.c(1478): Final simple tree
|( QUESTION5 1 2.025e+04 7.224e+02 1.000e+03
|    ( QUESTION7 1 1.097e+04 5.487e+02 5.679e+02
|        ( QUESTION0_10_R 1 4.878e+03 3.243e+02 2.685e+02
|            ( WDBNDRY_E 0 3.690e+03 2.622e+02 2.146e+02
|                ( - 1.884e+03 3 0 QUESTION0_11_R 1 1.352e+02 1.164e+02)
|                ( - 1.543e+03 2 0))
|            ( - 8.641e+02 2 0 QUESTION0_18_R 1 1.448e+02 5.389e+01))
|        ( QUESTION0_10_R 1 5.544e+03 2.781e+02 2.994e+02
|            ( - 4.520e+03 2 0 WDBNDRY_E 0 9.588e+01 2.526e+02)
|            ( - 7.462e+02 6 0 QUESTION0_19_R 1 7.556e+01 4.683e+01)))
|    ( QUESTION0 1 8.555e+03 5.031e+02 4.326e+02
|        ( - 4.327e+03 4 0 QUESTION0_0_R 1 2.415e+02 2.248e+02)
|        ( QUESTION0_8_R 1 3.725e+03 3.149e+02 2.078e+02
|            ( - 2.301e+03 2 0)
|            ( - 1.109e+03 2 0 QUESTION0_0_R 1 1.708e+02 7.209e+01))))
s>    ( QUESTION5 1 2.025e+04 7.224e+02 1.000e+03
s>        ( QUESTION7 1 1.097e+04 5.487e+02 5.679e+02
s>            ( QUESTION0_10_R 1 4.878e+03 3.243e+02 2.685e+02
s>                ( WDBNDRY_E 0 3.690e+03 2.622e+02 2.146e+02
s>                    ( - 1.884e+03 3 0 QUESTION0_11_R 1 1.352e+02 1.164e+02)
s>                    ( - 1.543e+03 2 0))
s>                ( - 8.641e+02 2 0 QUESTION0_18_R 1 1.448e+02 5.389e+01))
s>            ( QUESTION0_10_R 1 5.544e+03 2.781e+02 2.994e+02
s>                ( - 4.520e+03 2 0 WDBNDRY_E 0 9.588e+01 2.526e+02)
s>                ( - 7.462e+02 6 0 QUESTION0_19_R 1 7.556e+01 4.683e+01)))
s>        ( QUESTION0 1 8.555e+03 5.031e+02 4.326e+02
s>            ( - 4.327e+03 4 0 QUESTION0_0_R 1 2.415e+02 2.248e+02)
s>            ( QUESTION0_8_R 1 3.725e+03 3.149e+02 2.078e+02
s>                ( - 2.301e+03 2 0)
s>                ( - 1.109e+03 2 0 QUESTION0_0_R 1 1.708e+02 7.209e+01))))INFO: dtree.c(1439): stop. leaf nodes are specific
INFO: dtree.c(1478): Final simple tree
|( SILENCE 1 2.112e+04 1.003e+03 1.089e+03
|    ( - 7.670e+03 2 0)
|    ( QUESTION0_3_R 1 1.245e+04 5.266e+02 6.239e+02
|        ( - 5.434e+03 3 0)
|        ( QUESTION0_14_R 1 6.485e+03 4.004e+02 3.307e+02
|            ( - 2.283e+03 1 0)
|            ( QUESTION0_9_R 1 3.802e+03 3.591e+02 2.022e+02
|                ( - 1.213e+03 2 0)
|                ( QUESTION0_0_R 1 2.230e+03 8.245e+01 1.223e+02
|                    ( - 2.105e+01 1 0)
|                    ( - 2.126e+03 3 0))))))
s>    ( SILENCE 1 2.112e+04 1.003e+03 1.089e+03
s>        ( - 7.670e+03 2 0)
s>        ( QUESTION0_3_R 1 1.245e+04 5.266e+02 6.239e+02
s>            ( - 5.434e+03 3 0)
s>            ( QUESTION0_14_R 1 6.485e+03 4.004e+02 3.307e+02
s>                ( - 2.283e+03 1 0)
s>                ( QUESTION0_9_R 1 3.802e+03 3.591e+02 2.022e+02
s>                    ( - 1.213e+03 2 0)
s>                    ( QUESTION0_0_R 1 2.230e+03 8.245e+01 1.223e+02
s>                        ( - 2.105e+01 1 0)
s>                        ( - 2.126e+03 3 0))))))INFO: dtree.c(1315): Comp split 2
INFO: dtree.c(1439): stop. leaf nodes are specific
INFO: dtree.c(1478): Final simple tree
|( QUESTION0_0_R 1 6.843e+03 7.363e+02 4.048e+02
|    ( QUESTION6 -1 4.229e+03 1.203e+02 2.546e+02
|        ( - 3.953e+03 1 0)
|        ( - 1.553e+02 1 0))
|    ( WDBNDRY_B 0 1.878e+03 2.312e+02 1.502e+02
|        ( - 4.574e+02 1 0)
|        ( - 1.190e+03 1 0)))
s>    ( QUESTION0_0_R 1 6.843e+03 7.363e+02 4.048e+02
s>        ( QUESTION6 -1 4.229e+03 1.203e+02 2.546e+02
s>            ( - 3.953e+03 1 0)
s>            ( - 1.553e+02 1 0))
s>        ( WDBNDRY_B 0 1.878e+03 2.312e+02 1.502e+02
s>            ( - 4.574e+02 1 0)
s>            ( - 1.190e+03 1 0)))INFO: dtree.c(1439): stop. leaf nodes are specific
INFO: dtree.c(1478): Final simple tree
|( QUESTION0_0_R 1 3.949e+03 4.719e+02 2.129e+02
|    ( - 1.623e+03 1 0)
|    ( WDBNDRY_B 0 1.854e+03 4.310e+01 1.112e+02
|        ( - 1.803e+03 1 0)
|        ( QUESTION7 -1 8.000e+00 8.000e+00 2.000e+00
|            ( - 0.000e+00 1 0)
|            ( - 0.000e+00 1 0))))
s>    ( QUESTION0_0_R 1 3.949e+03 4.719e+02 2.129e+02
s>        ( - 1.623e+03 1 0)
s>        ( WDBNDRY_B 0 1.854e+03 4.310e+01 1.112e+02
s>            ( - 1.803e+03 1 0)
s>            ( QUESTION7 -1 8.000e+00 8.000e+00 2.000e+00
s>                ( - 0.000e+00 1 0)
s>                ( - 0.000e+00 1 0))))INFO: dtree.c(1315): Comp split 3
INFO: dtree.c(1439): stop. leaf nodes are specific
INFO: dtree.c(1478): Final simple tree
|( QUESTION0_3_R 1 1.245e+04 5.266e+02 6.239e+02
|    ( - 5.434e+03 3 0)
|    ( QUESTION0_14_R 1 6.485e+03 4.004e+02 3.307e+02
|        ( - 2.283e+03 1 0)
|        ( QUESTION0_9_R 1 3.802e+03 3.591e+02 2.022e+02
|            ( - 1.213e+03 2 0)
|            ( QUESTION0_0_R 1 2.230e+03 8.245e+01 1.223e+02
|                ( - 2.105e+01 1 0)
|                ( - 2.126e+03 3 0)))))
s>    ( QUESTION0_3_R 1 1.245e+04 5.266e+02 6.239e+02
s>        ( - 5.434e+03 3 0)
s>        ( QUESTION0_14_R 1 6.485e+03 4.004e+02 3.307e+02
s>            ( - 2.283e+03 1 0)
s>            ( QUESTION0_9_R 1 3.802e+03 3.591e+02 2.022e+02
s>                ( - 1.213e+03 2 0)
s>                ( QUESTION0_0_R 1 2.230e+03 8.245e+01 1.223e+02
s>                    ( - 2.105e+01 1 0)
s>                    ( - 2.126e+03 3 0)))))INFO: dtree.c(1315): Comp split 4
INFO: dtree.c(1478): Final simple tree
|( QUESTION0 1 9.571e+03 5.410e+02 4.795e+02
|    ( QUESTION0_0_R 1 4.327e+03 2.415e+02 2.248e+02
|        ( - 3.667e+03 1 0)
|        ( - 4.180e+02 3 0))
|    ( QUESTION0_16_R 1 4.703e+03 3.244e+02 2.547e+02
|        ( QUESTION0_17_R 1 7.387e+02 6.830e+01 5.392e+01
|            ( - 2.097e+01 2 0)
|            ( - 6.494e+02 1 0))
|        ( QUESTION0_8_R 1 3.640e+03 2.536e+02 2.008e+02
|            ( - 2.301e+03 2 0)
|            ( QUESTION0_0_R 1 1.085e+03 1.394e+02 6.500e+01
|                ( - 3.103e+02 2 0 QUESTION0_1_R 1 2.145e+01 2.300e+01)
|                ( WDBNDRY_E 0 6.354e+02 3.645e+01 4.200e+01
|                    ( - 5.950e+02 2 0)
|                    ( - 4.000e+00 1 0))))))
s>    ( QUESTION0 1 9.571e+03 5.410e+02 4.795e+02
s>        ( QUESTION0_0_R 1 4.327e+03 2.415e+02 2.248e+02
s>            ( - 3.667e+03 1 0)
s>            ( - 4.180e+02 3 0))
s>        ( QUESTION0_16_R 1 4.703e+03 3.244e+02 2.547e+02
s>            ( QUESTION0_17_R 1 7.387e+02 6.830e+01 5.392e+01
s>                ( - 2.097e+01 2 0)
s>                ( - 6.494e+02 1 0))
s>            ( QUESTION0_8_R 1 3.640e+03 2.536e+02 2.008e+02
s>                ( - 2.301e+03 2 0)
s>                ( QUESTION0_0_R 1 1.085e+03 1.394e+02 6.500e+01
s>                    ( - 3.103e+02 2 0 QUESTION0_1_R 1 2.145e+01 2.300e+01)
s>                    ( WDBNDRY_E 0 6.354e+02 3.645e+01 4.200e+01
s>                        ( - 5.950e+02 2 0)
s>                        ( - 4.000e+00 1 0))))))INFO: dtree.c(1439): stop. leaf nodes are specific
INFO: dtree.c(1478): Final simple tree
|( QUESTION0_12_R 1 9.937e+03 5.386e+02 5.210e+02
|    ( WDBNDRY_E 0 4.520e+03 9.588e+01 2.526e+02
|        ( - 4.355e+03 1 0)
|        ( - 6.838e+01 1 0))
|    ( QUESTION0_10_R 1 4.878e+03 3.243e+02 2.685e+02
|        ( WDBNDRY_E 0 3.690e+03 2.622e+02 2.146e+02
|            ( QUESTION0_11_R 1 1.884e+03 1.352e+02 1.164e+02
|                ( - 6.519e+02 1 0)
|                ( - 1.097e+03 2 0))
|            ( - 1.543e+03 2 0))
|        ( QUESTION0_18_R 1 8.641e+02 1.448e+02 5.389e+01
|            ( - 4.117e+02 1 0)
|            ( - 3.076e+02 1 0))))
s>    ( QUESTION0_12_R 1 9.937e+03 5.386e+02 5.210e+02
s>        ( WDBNDRY_E 0 4.520e+03 9.588e+01 2.526e+02
s>            ( - 4.355e+03 1 0)
s>            ( - 6.838e+01 1 0))
s>        ( QUESTION0_10_R 1 4.878e+03 3.243e+02 2.685e+02
s>            ( WDBNDRY_E 0 3.690e+03 2.622e+02 2.146e+02
s>                ( QUESTION0_11_R 1 1.884e+03 1.352e+02 1.164e+02
s>                    ( - 6.519e+02 1 0)
s>                    ( - 1.097e+03 2 0))
s>                ( - 1.543e+03 2 0))
s>            ( QUESTION0_18_R 1 8.641e+02 1.448e+02 5.389e+01
s>                ( - 4.117e+02 1 0)
s>                ( - 3.076e+02 1 0))))INFO: dtree.c(1315): Comp split 5
INFO: dtree.c(1439): stop. leaf nodes are specific
INFO: dtree.c(1478): Final simple tree
|( WDBNDRY_B 0 1.878e+03 2.312e+02 1.502e+02
|    ( - 4.574e+02 1 0)
|    ( - 1.190e+03 1 0))
s>    ( WDBNDRY_B 0 1.878e+03 2.312e+02 1.502e+02
s>        ( - 4.574e+02 1 0)
s>        ( - 1.190e+03 1 0))INFO: dtree.c(1439): stop. leaf nodes are specific
INFO: dtree.c(1478): Final simple tree
|( QUESTION6 -1 4.229e+03 1.203e+02 2.546e+02
|    ( - 3.953e+03 1 0)
|    ( - 1.553e+02 1 0))
s>    ( QUESTION6 -1 4.229e+03 1.203e+02 2.546e+02
s>        ( - 3.953e+03 1 0)
s>        ( - 1.553e+02 1 0))INFO: dtree.c(1315): Comp split 6
INFO: dtree.c(1439): stop. leaf nodes are specific
INFO: dtree.c(1478): Final simple tree
|( QUESTION0_10_R 1 4.837e+03 1.739e+02 2.706e+02
|    ( - 4.355e+03 1 0)
|    ( - 3.076e+02 1 0))
s>    ( QUESTION0_10_R 1 4.837e+03 1.739e+02 2.706e+02
s>        ( - 4.355e+03 1 0)
s>        ( - 3.076e+02 1 0))INFO: dtree.c(1439): stop. leaf nodes are specific
INFO: dtree.c(1478): Final simple tree
|( WDBNDRY_E 0 4.452e+03 2.720e+02 2.505e+02
|    ( QUESTION0_10_R 1 2.488e+03 1.920e+02 1.453e+02
|        ( QUESTION0_11_R 1 1.884e+03 1.352e+02 1.164e+02
|            ( - 6.519e+02 1 0)
|            ( - 1.097e+03 2 0))
|        ( - 4.117e+02 1 0))
|    ( QUESTION0_11_R 1 1.691e+03 7.971e+01 1.052e+02
|        ( - 6.838e+01 1 0)
|        ( - 1.543e+03 2 0)))
s>    ( WDBNDRY_E 0 4.452e+03 2.720e+02 2.505e+02
s>        ( QUESTION0_10_R 1 2.488e+03 1.920e+02 1.453e+02
s>            ( QUESTION0_11_R 1 1.884e+03 1.352e+02 1.164e+02
s>                ( - 6.519e+02 1 0)
s>                ( - 1.097e+03 2 0))
s>            ( - 4.117e+02 1 0))
s>        ( QUESTION0_11_R 1 1.691e+03 7.971e+01 1.052e+02
s>            ( - 6.838e+01 1 0)
s>            ( - 1.543e+03 2 0)))INFO: dtree.c(1315): Comp split 7
INFO: dtree.c(1439): stop. leaf nodes are specific
INFO: dtree.c(1478): Final simple tree
|( QUESTION0_9_R 1 3.802e+03 3.591e+02 2.022e+02
|    ( - 1.213e+03 2 0)
|    ( QUESTION0_0_R 1 2.230e+03 8.245e+01 1.223e+02
|        ( - 2.105e+01 1 0)
|        ( - 2.126e+03 3 0)))
s>    ( QUESTION0_9_R 1 3.802e+03 3.591e+02 2.022e+02
s>        ( - 1.213e+03 2 0)
s>        ( QUESTION0_0_R 1 2.230e+03 8.245e+01 1.223e+02
s>            ( - 2.105e+01 1 0)
s>            ( - 2.126e+03 3 0)))INFO: dtree.c(1439): stop. leaf nodes are specific
INFO: dtree.c(1478): Final simple tree
|( QUESTION0_0_R 1 8.093e+03 3.768e+02 4.217e+02
|    ( - 5.434e+03 3 0)
|    ( - 2.283e+03 1 0))
s>    ( QUESTION0_0_R 1 8.093e+03 3.768e+02 4.217e+02
s>        ( - 5.434e+03 3 0)
s>        ( - 2.283e+03 1 0))INFO: dtree.c(1315): Comp split 8
INFO: dtree.c(1439): stop. leaf nodes are specific
INFO: dtree.c(1478): Final simple tree
|( QUESTION0_16_R 1 4.703e+03 3.244e+02 2.547e+02
|    ( QUESTION0_17_R 1 7.387e+02 6.830e+01 5.392e+01
|        ( - 2.097e+01 2 0)
|        ( - 6.494e+02 1 0))
|    ( QUESTION0_8_R 1 3.640e+03 2.536e+02 2.008e+02
|        ( - 2.301e+03 2 0)
|        ( QUESTION0_0_R 1 1.085e+03 1.394e+02 6.500e+01
|            ( QUESTION0_1_R 1 3.103e+02 2.145e+01 2.300e+01
|                ( - 2.888e+02 1 0)
|                ( - 0.000e+00 1 0))
|            ( WDBNDRY_E 0 6.354e+02 3.645e+01 4.200e+01
|                ( - 5.950e+02 2 0)
|                ( - 4.000e+00 1 0)))))
s>    ( QUESTION0_16_R 1 4.703e+03 3.244e+02 2.547e+02
s>        ( QUESTION0_17_R 1 7.387e+02 6.830e+01 5.392e+01
s>            ( - 2.097e+01 2 0)
s>            ( - 6.494e+02 1 0))
s>        ( QUESTION0_8_R 1 3.640e+03 2.536e+02 2.008e+02
s>            ( - 2.301e+03 2 0)
s>            ( QUESTION0_0_R 1 1.085e+03 1.394e+02 6.500e+01
s>                ( QUESTION0_1_R 1 3.103e+02 2.145e+01 2.300e+01
s>                    ( - 2.888e+02 1 0)
s>                    ( - 0.000e+00 1 0))
s>                ( WDBNDRY_E 0 6.354e+02 3.645e+01 4.200e+01
s>                    ( - 5.950e+02 2 0)
s>                    ( - 4.000e+00 1 0)))))INFO: dtree.c(1439): stop. leaf nodes are specific
INFO: dtree.c(1478): Final simple tree
|( QUESTION0_0_R 1 4.327e+03 2.415e+02 2.248e+02
|    ( - 3.667e+03 1 0)
|    ( - 4.180e+02 3 0))
s>    ( QUESTION0_0_R 1 4.327e+03 2.415e+02 2.248e+02
s>        ( - 3.667e+03 1 0)
s>        ( - 4.180e+02 3 0))INFO: dtree.c(1315): Comp split 9
INFO: dtree.c(1439): stop. leaf nodes are specific
INFO: dtree.c(1478): Final simple tree
|( WDBNDRY_B 0 1.854e+03 4.310e+01 1.112e+02
|    ( - 1.803e+03 1 0)
|    ( QUESTION7 -1 8.000e+00 8.000e+00 2.000e+00
|        ( - 0.000e+00 1 0)
|        ( - 0.000e+00 1 0)))
s>    ( WDBNDRY_B 0 1.854e+03 4.310e+01 1.112e+02
s>        ( - 1.803e+03 1 0)
s>        ( QUESTION7 -1 8.000e+00 8.000e+00 2.000e+00
s>            ( - 0.000e+00 1 0)
s>            ( - 0.000e+00 1 0)))INFO: dtree.c(1315): Comp split 10
INFO: dtree.c(1315): Comp split 11
INFO: dtree.c(1439): stop. leaf nodes are specific
INFO: dtree.c(1478): Final simple tree
|( QUESTION0_0_R 1 2.230e+03 8.245e+01 1.223e+02
|    ( - 2.105e+01 1 0)
|    ( - 2.126e+03 3 0))
s>    ( QUESTION0_0_R 1 2.230e+03 8.245e+01 1.223e+02
s>        ( - 2.105e+01 1 0)
s>        ( - 2.126e+03 3 0))INFO: dtree.c(1315): Comp split 12
INFO: dtree.c(1439): stop. leaf nodes are specific
INFO: dtree.c(1478): Final simple tree
|( QUESTION4 1 7.995e+02 8.973e+01 5.692e+01
|    ( - 6.494e+02 1 0)
|    ( QUESTION0_16_R 1 6.040e+01 2.441e+01 6.828e+00
|        ( - 2.097e+01 2 0)
|        ( WDBNDRY_E 0 1.502e+01 1.102e+01 3.000e+00
|            ( - 0.000e+00 1 0)
|            ( - 4.000e+00 1 0))))
s>    ( QUESTION4 1 7.995e+02 8.973e+01 5.692e+01
s>        ( - 6.494e+02 1 0)
s>        ( QUESTION0_16_R 1 6.040e+01 2.441e+01 6.828e+00
s>            ( - 2.097e+01 2 0)
s>            ( WDBNDRY_E 0 1.502e+01 1.102e+01 3.000e+00
s>                ( - 0.000e+00 1 0)
s>                ( - 4.000e+00 1 0))))INFO: dtree.c(1439): stop. leaf nodes are specific
INFO: dtree.c(1478): Final simple tree
|( QUESTION0_8_R 1 3.567e+03 2.540e+02 1.978e+02
|    ( - 2.301e+03 2 0)
|    ( QUESTION0_0_R 1 1.012e+03 1.284e+02 6.200e+01
|        ( - 2.888e+02 1 0)
|        ( - 5.950e+02 2 0)))
s>    ( QUESTION0_8_R 1 3.567e+03 2.540e+02 1.978e+02
s>        ( - 2.301e+03 2 0)
s>        ( QUESTION0_0_R 1 1.012e+03 1.284e+02 6.200e+01
s>            ( - 2.888e+02 1 0)
s>            ( - 5.950e+02 2 0)))INFO: dtree.c(1315): Comp split 13
INFO: dtree.c(1439): stop. leaf nodes are specific
INFO: dtree.c(1478): Final simple tree
|( QUESTION0_10_R 1 2.627e+03 1.931e+02 1.523e+02
|    ( QUESTION8 1 2.022e+03 1.379e+02 1.234e+02
|        ( - 6.519e+02 1 0)
|        ( WDBNDRY_E 0 1.233e+03 6.680e+01 8.030e+01
|            ( - 1.097e+03 2 0)
|            ( - 6.838e+01 1 0)))
|    ( - 4.117e+02 1 0))
s>    ( QUESTION0_10_R 1 2.627e+03 1.931e+02 1.523e+02
s>        ( QUESTION8 1 2.022e+03 1.379e+02 1.234e+02
s>            ( - 6.519e+02 1 0)
s>            ( WDBNDRY_E 0 1.233e+03 6.680e+01 8.030e+01
s>                ( - 1.097e+03 2 0)
s>                ( - 6.838e+01 1 0)))
s>        ( - 4.117e+02 1 0))INFO: dtree.c(1315): Comp split 14
INFO: dtree.c(1439): stop. leaf nodes are specific
INFO: dtree.c(1478): Final simple tree
|( QUESTION0_0_R 1 1.012e+03 1.284e+02 6.200e+01
|    ( - 2.888e+02 1 0)
|    ( - 5.950e+02 2 0))
s>    ( QUESTION0_0_R 1 1.012e+03 1.284e+02 6.200e+01
s>        ( - 2.888e+02 1 0)
s>        ( - 5.950e+02 2 0))INFO: dtree.c(1315): Comp split 15
INFO: dtree.c(1315): Comp split 16
INFO: dtree.c(1315): Comp split 17
INFO: dtree.c(1439): stop. leaf nodes are specific
INFO: dtree.c(1478): Final simple tree
|( QUESTION8 1 2.022e+03 1.379e+02 1.234e+02
|    ( - 6.519e+02 1 0)
|    ( WDBNDRY_E 0 1.233e+03 6.680e+01 8.030e+01
|        ( - 1.097e+03 2 0)
|        ( - 6.838e+01 1 0)))
s>    ( QUESTION8 1 2.022e+03 1.379e+02 1.234e+02
s>        ( - 6.519e+02 1 0)
s>        ( WDBNDRY_E 0 1.233e+03 6.680e+01 8.030e+01
s>            ( - 1.097e+03 2 0)
s>            ( - 6.838e+01 1 0)))INFO: dtree.c(1315): Comp split 18
INFO: dtree.c(1315): Comp split 19
INFO: dtree.c(1439): stop. leaf nodes are specific
INFO: dtree.c(1478): Final simple tree
|( WDBNDRY_E 0 1.233e+03 6.680e+01 8.030e+01
|    ( - 1.097e+03 2 0)
|    ( - 6.838e+01 1 0))
s>    ( WDBNDRY_E 0 1.233e+03 6.680e+01 8.030e+01
s>        ( - 1.097e+03 2 0)
s>        ( - 6.838e+01 1 0))INFO: dtree.c(1315): Comp split 20
INFO: dtree.c(1315): Comp split 21
INFO: dtree.c(1315): Comp split 22
INFO: dtree.c(1439): stop. leaf nodes are specific
INFO: dtree.c(1478): Final simple tree
|( QUESTION0_16_R 1 6.040e+01 2.441e+01 6.828e+00
|    ( - 2.097e+01 2 0)
|    ( WDBNDRY_E 0 1.502e+01 1.102e+01 3.000e+00
|        ( - 0.000e+00 1 0)
|        ( - 4.000e+00 1 0)))
s>    ( QUESTION0_16_R 1 6.040e+01 2.441e+01 6.828e+00
s>        ( - 2.097e+01 2 0)
s>        ( WDBNDRY_E 0 1.502e+01 1.102e+01 3.000e+00
s>            ( - 0.000e+00 1 0)
s>            ( - 4.000e+00 1 0)))INFO: dtree.c(1315): Comp split 23
INFO: dtree.c(1315): Comp split 24
INFO: dtree.c(1315): Comp split 25
INFO: dtree.c(1439): stop. leaf nodes are specific
INFO: dtree.c(1478): Final simple tree
|( QUESTION7 -1 8.000e+00 8.000e+00 2.000e+00
|    ( - 0.000e+00 1 0)
|    ( - 0.000e+00 1 0))
s>    ( QUESTION7 -1 8.000e+00 8.000e+00 2.000e+00
s>        ( - 0.000e+00 1 0)
s>        ( - 0.000e+00 1 0))INFO: dtree.c(1315): Comp split 26
INFO: dtree.c(1439): stop. leaf nodes are specific
INFO: dtree.c(1478): Final simple tree
|( WDBNDRY_E 0 1.502e+01 1.102e+01 3.000e+00
|    ( - 0.000e+00 1 0)
|    ( - 4.000e+00 1 0))
s>    ( WDBNDRY_E 0 1.502e+01 1.102e+01 3.000e+00
s>        ( - 0.000e+00 1 0)
s>        ( - 4.000e+00 1 0))INFO: dtree.c(1315): Comp split 27
INFO: dtree.c(1315): Comp split 28
INFO: dtree.c(1315): Comp split 29
INFO: dtree.c(1318): stop. leaf nodes are specific
Sun Mar 12 05:24:57 2017
