Current configuration:
[NAME]		[DEFLT]	[VALUE]
-allphones	no	no
-cntthresh	0.00001	1.000000e-05
-csplitmax	100	2000
-csplitmin	1	1
-csplitthr	8e-4	0.000000e+00
-example	no	no
-fullvar	no	no
-help		no	no
-meanfn			
-mixwfn			/home/gaurav/python-scripts/py/scripts/sphinx-source2/an4/model_parameters/an4.cd_ptm_untied/mixture_weights
-moddeffn		/home/gaurav/python-scripts/py/scripts/sphinx-source2/an4/model_architecture/an4.untied.mdef
-mwfloor	1e-4	1.000000e-08
-phone			CH
-psetfn			/home/gaurav/python-scripts/py/scripts/sphinx-source2/an4/model_architecture/an4.tree_questions
-ssplitmax	5	7
-ssplitmin	1	1
-ssplitthr	8e-4	0.000000e+00
-state			0
-stwt			1.0,0.05,0.0,
-treefn			/home/gaurav/python-scripts/py/scripts/sphinx-source2/an4/trees/an4.unpruned/CH-0.dtree
-ts2cbfn	.semi.	.semi.
-varfloor	0.00001	1.000000e-05
-varfn			

INFO: main.c(223): Reading: /home/gaurav/python-scripts/py/scripts/sphinx-source2/an4/model_architecture/an4.untied.mdef
INFO: model_def_io.c(573): Model definition info:
INFO: model_def_io.c(574): 1618 total models defined (34 base, 1584 tri)
INFO: model_def_io.c(575): 6472 total states
INFO: model_def_io.c(576): 4854 total tied states
INFO: model_def_io.c(577): 102 total tied CI states
INFO: model_def_io.c(578): 34 total tied transition matrices
INFO: model_def_io.c(579): 4 max state/model
INFO: model_def_io.c(580): 4 min state/model
INFO: main.c(242): Building trees for [CH EY AA e] through [CH R TH e]
INFO: main.c(269): Covering states |[789 860]| == 72
INFO: main.c(275): Reading: /home/gaurav/python-scripts/py/scripts/sphinx-source2/an4/model_parameters/an4.cd_ptm_untied/mixture_weights
INFO: s3mixw_io.c(173): Read /home/gaurav/python-scripts/py/scripts/sphinx-source2/an4/model_parameters/an4.cd_ptm_untied/mixture_weights [72x4x64 array]
INFO: main.c(311): 24 of 24 models have observation count greater than 0.000010
INFO: main.c(95): nrm stwt: 0.952 0.048 0.000 
INFO: main.c(411): 24-class entropy: 1.807614e+04
INFO: main.c(549): Reading: /home/gaurav/python-scripts/py/scripts/sphinx-source2/an4/model_architecture/an4.tree_questions
INFO: main.c(588): 180 total simple questions (172 phone; 8 word bndry)
INFO: main.c(590): 42 Left Only questions, and 42 Right Only questions
INFO: dtree.c(1478): Final simple tree
|( SILENCE 1 2.083e+04 5.294e+02 1.054e+03
|    ( - 8.731e+03 1 0)
|    ( QUESTION0_2_R 1 1.157e+04 2.160e+02 5.992e+02
|        ( - 2.413e+03 2 0)
|        ( QUESTION0_9_R 1 8.938e+03 1.988e+02 4.683e+02
|            ( QUESTION0_15_R 1 3.646e+03 1.717e+02 1.982e+02
|                ( - 1.281e+03 7 0 QUESTION0_16_R 1 1.149e+02 7.500e+01)
|                ( QUESTION7 1 2.192e+03 1.404e+02 1.232e+02
|                    ( - 7.928e+02 3 0 QUESTION0_11_R 1 6.936e+01 4.800e+01)
|                    ( - 1.259e+03 3 0 QUESTION6 1 8.458e+01 7.519e+01)))
|            ( QUESTION2 1 5.093e+03 1.645e+02 2.701e+02
|                ( - 3.411e+03 3 0)
|                ( QUESTION0_0_R 1 1.518e+03 1.314e+02 8.876e+01
|                    ( - 8.257e+02 2 0 QUESTION0 1 7.976e+01 5.176e+01)
|                    ( - 5.606e+02 3 0 QUESTION0 1 9.537e+01 3.700e+01))))))
s>    ( SILENCE 1 2.083e+04 5.294e+02 1.054e+03
s>        ( - 8.731e+03 1 0)
s>        ( QUESTION0_2_R 1 1.157e+04 2.160e+02 5.992e+02
s>            ( - 2.413e+03 2 0)
s>            ( QUESTION0_9_R 1 8.938e+03 1.988e+02 4.683e+02
s>                ( QUESTION0_15_R 1 3.646e+03 1.717e+02 1.982e+02
s>                    ( - 1.281e+03 7 0 QUESTION0_16_R 1 1.149e+02 7.500e+01)
s>                    ( QUESTION7 1 2.192e+03 1.404e+02 1.232e+02
s>                        ( - 7.928e+02 3 0 QUESTION0_11_R 1 6.936e+01 4.800e+01)
s>                        ( - 1.259e+03 3 0 QUESTION6 1 8.458e+01 7.519e+01)))
s>                ( QUESTION2 1 5.093e+03 1.645e+02 2.701e+02
s>                    ( - 3.411e+03 3 0)
s>                    ( QUESTION0_0_R 1 1.518e+03 1.314e+02 8.876e+01
s>                        ( - 8.257e+02 2 0 QUESTION0 1 7.976e+01 5.176e+01)
s>                        ( - 5.606e+02 3 0 QUESTION0 1 9.537e+01 3.700e+01))))))INFO: dtree.c(1315): Comp split 0
INFO: dtree.c(1478): Final simple tree
|( QUESTION0_2_R 1 1.157e+04 2.160e+02 5.992e+02
|    ( - 2.413e+03 2 0)
|    ( QUESTION0_9_R 1 8.938e+03 1.988e+02 4.683e+02
|        ( QUESTION0_15_R 1 3.646e+03 1.717e+02 1.982e+02
|            ( QUESTION0_16_R 1 1.281e+03 1.149e+02 7.500e+01
|                ( - 8.453e+02 4 0 QUESTION0_17_R 1 7.427e+01 5.200e+01)
|                ( - 3.212e+02 3 0 QUESTION0_20_R 1 6.112e+01 2.300e+01))
|            ( QUESTION7 1 2.192e+03 1.404e+02 1.232e+02
|                ( - 7.928e+02 3 0 QUESTION0_11_R 1 6.936e+01 4.800e+01)
|                ( - 1.259e+03 3 0 QUESTION6 1 8.458e+01 7.519e+01)))
|        ( QUESTION2 1 5.093e+03 1.645e+02 2.701e+02
|            ( - 3.411e+03 3 0)
|            ( QUESTION0_0_R 1 1.518e+03 1.314e+02 8.876e+01
|                ( - 8.257e+02 2 0 QUESTION0 1 7.976e+01 5.176e+01)
|                ( - 5.606e+02 3 0 QUESTION0 1 9.537e+01 3.700e+01)))))
s>    ( QUESTION0_2_R 1 1.157e+04 2.160e+02 5.992e+02
s>        ( - 2.413e+03 2 0)
s>        ( QUESTION0_9_R 1 8.938e+03 1.988e+02 4.683e+02
s>            ( QUESTION0_15_R 1 3.646e+03 1.717e+02 1.982e+02
s>                ( QUESTION0_16_R 1 1.281e+03 1.149e+02 7.500e+01
s>                    ( - 8.453e+02 4 0 QUESTION0_17_R 1 7.427e+01 5.200e+01)
s>                    ( - 3.212e+02 3 0 QUESTION0_20_R 1 6.112e+01 2.300e+01))
s>                ( QUESTION7 1 2.192e+03 1.404e+02 1.232e+02
s>                    ( - 7.928e+02 3 0 QUESTION0_11_R 1 6.936e+01 4.800e+01)
s>                    ( - 1.259e+03 3 0 QUESTION6 1 8.458e+01 7.519e+01)))
s>            ( QUESTION2 1 5.093e+03 1.645e+02 2.701e+02
s>                ( - 3.411e+03 3 0)
s>                ( QUESTION0_0_R 1 1.518e+03 1.314e+02 8.876e+01
s>                    ( - 8.257e+02 2 0 QUESTION0 1 7.976e+01 5.176e+01)
s>                    ( - 5.606e+02 3 0 QUESTION0 1 9.537e+01 3.700e+01)))))INFO: dtree.c(1315): Comp split 1
INFO: dtree.c(1478): Final simple tree
|( QUESTION0_8_R 1 6.775e+03 1.682e+02 3.603e+02
|    ( - 3.411e+03 3 0)
|    ( QUESTION0_0_R 1 3.196e+03 1.391e+02 1.789e+02
|        ( QUESTION0 1 8.257e+02 7.976e+01 5.176e+01
|            ( - 6.536e+02 1 0)
|            ( - 9.238e+01 1 0))
|        ( QUESTION0_15_R 1 2.231e+03 1.264e+02 1.272e+02
|            ( QUESTION0_17_R 1 8.453e+02 7.427e+01 5.200e+01
|                ( QUESTION0_18_R 1 5.638e+02 6.073e+01 3.600e+01
|                    ( - 1.990e+02 2 0 QUESTION7 1 3.917e+01 1.500e+01)
|                    ( - 3.041e+02 1 0))
|                ( - 2.073e+02 1 0))
|            ( QUESTION6 1 1.259e+03 8.458e+01 7.519e+01
|                ( - 2.266e+02 2 0 QUESTION0_10_R 1 4.008e+01 1.700e+01)
|                ( - 9.481e+02 1 0)))))
s>    ( QUESTION0_8_R 1 6.775e+03 1.682e+02 3.603e+02
s>        ( - 3.411e+03 3 0)
s>        ( QUESTION0_0_R 1 3.196e+03 1.391e+02 1.789e+02
s>            ( QUESTION0 1 8.257e+02 7.976e+01 5.176e+01
s>                ( - 6.536e+02 1 0)
s>                ( - 9.238e+01 1 0))
s>            ( QUESTION0_15_R 1 2.231e+03 1.264e+02 1.272e+02
s>                ( QUESTION0_17_R 1 8.453e+02 7.427e+01 5.200e+01
s>                    ( QUESTION0_18_R 1 5.638e+02 6.073e+01 3.600e+01
s>                        ( - 1.990e+02 2 0 QUESTION7 1 3.917e+01 1.500e+01)
s>                        ( - 3.041e+02 1 0))
s>                    ( - 2.073e+02 1 0))
s>                ( QUESTION6 1 1.259e+03 8.458e+01 7.519e+01
s>                    ( - 2.266e+02 2 0 QUESTION0_10_R 1 4.008e+01 1.700e+01)
s>                    ( - 9.481e+02 1 0)))))INFO: dtree.c(1478): Final simple tree
|( QUESTION0_0_R 1 4.533e+03 1.815e+02 2.389e+02
|    ( - 2.413e+03 2 0)
|    ( QUESTION0_13_R 1 1.939e+03 1.454e+02 1.080e+02
|        ( QUESTION0_20_R 1 3.212e+02 6.112e+01 2.300e+01
|            ( - 1.013e+02 1 0)
|            ( - 1.588e+02 2 0 QUESTION0 -1 3.647e+01 1.300e+01))
|        ( QUESTION4 1 1.472e+03 1.410e+02 8.500e+01
|            ( - 2.864e+02 1 0)
|            ( QUESTION0 -1 1.045e+03 7.532e+01 6.300e+01
|                ( QUESTION0_8_R 1 8.771e+02 6.626e+01 5.400e+01
|                    ( - 1.788e+02 2 0)
|                    ( QUESTION0_11_R 1 6.320e+02 6.560e+01 3.900e+01
|                        ( - 1.949e+02 1 0)
|                        ( - 3.715e+02 1 0)))
|                ( - 9.227e+01 1 0)))))
s>    ( QUESTION0_0_R 1 4.533e+03 1.815e+02 2.389e+02
s>        ( - 2.413e+03 2 0)
s>        ( QUESTION0_13_R 1 1.939e+03 1.454e+02 1.080e+02
s>            ( QUESTION0_20_R 1 3.212e+02 6.112e+01 2.300e+01
s>                ( - 1.013e+02 1 0)
s>                ( - 1.588e+02 2 0 QUESTION0 -1 3.647e+01 1.300e+01))
s>            ( QUESTION4 1 1.472e+03 1.410e+02 8.500e+01
s>                ( - 2.864e+02 1 0)
s>                ( QUESTION0 -1 1.045e+03 7.532e+01 6.300e+01
s>                    ( QUESTION0_8_R 1 8.771e+02 6.626e+01 5.400e+01
s>                        ( - 1.788e+02 2 0)
s>                        ( QUESTION0_11_R 1 6.320e+02 6.560e+01 3.900e+01
s>                            ( - 1.949e+02 1 0)
s>                            ( - 3.715e+02 1 0)))
s>                    ( - 9.227e+01 1 0)))))INFO: dtree.c(1315): Comp split 2
INFO: dtree.c(1439): stop. leaf nodes are specific
INFO: dtree.c(1478): Final simple tree
|( QUESTION4 1 1.722e+03 1.374e+02 9.800e+01
|    ( - 2.864e+02 1 0)
|    ( QUESTION0_13_R 1 1.298e+03 9.484e+01 7.600e+01
|        ( QUESTION0 -1 1.588e+02 3.647e+01 1.300e+01
|            ( - 9.906e+01 1 0)
|            ( - 2.330e+01 1 0))
|        ( QUESTION0 -1 1.045e+03 7.532e+01 6.300e+01
|            ( QUESTION0_8_R 1 8.771e+02 6.626e+01 5.400e+01
|                ( - 1.788e+02 2 0)
|                ( QUESTION0_11_R 1 6.320e+02 6.560e+01 3.900e+01
|                    ( - 1.949e+02 1 0)
|                    ( - 3.715e+02 1 0)))
|            ( - 9.227e+01 1 0))))
s>    ( QUESTION4 1 1.722e+03 1.374e+02 9.800e+01
s>        ( - 2.864e+02 1 0)
s>        ( QUESTION0_13_R 1 1.298e+03 9.484e+01 7.600e+01
s>            ( QUESTION0 -1 1.588e+02 3.647e+01 1.300e+01
s>                ( - 9.906e+01 1 0)
s>                ( - 2.330e+01 1 0))
s>            ( QUESTION0 -1 1.045e+03 7.532e+01 6.300e+01
s>                ( QUESTION0_8_R 1 8.771e+02 6.626e+01 5.400e+01
s>                    ( - 1.788e+02 2 0)
s>                    ( QUESTION0_11_R 1 6.320e+02 6.560e+01 3.900e+01
s>                        ( - 1.949e+02 1 0)
s>                        ( - 3.715e+02 1 0)))
s>                ( - 9.227e+01 1 0))))INFO: dtree.c(1439): stop. leaf nodes are specific
INFO: dtree.c(1478): Final simple tree
|( QUESTION0_0_R 1 2.615e+03 1.007e+02 1.409e+02
|    ( - 2.413e+03 2 0)
|    ( - 1.013e+02 1 0))
s>    ( QUESTION0_0_R 1 2.615e+03 1.007e+02 1.409e+02
s>        ( - 2.413e+03 2 0)
s>        ( - 1.013e+02 1 0))INFO: dtree.c(1315): Comp split 3
INFO: dtree.c(1478): Final simple tree
|( QUESTION16 1 3.004e+03 1.304e+02 1.699e+02
|    ( - 9.481e+02 1 0)
|    ( QUESTION0_13_R 1 1.926e+03 1.223e+02 1.118e+02
|        ( QUESTION4 1 9.274e+02 7.914e+01 5.700e+01
|            ( - 2.073e+02 1 0)
|            ( QUESTION0_18_R 1 6.410e+02 6.531e+01 4.100e+01
|                ( QUESTION7 1 1.990e+02 3.917e+01 1.500e+01
|                    ( - 9.284e+01 1 0)
|                    ( - 6.696e+01 1 0))
|                ( QUESTION0_14_R 1 3.767e+02 3.253e+01 2.600e+01
|                    ( - 4.012e+01 1 0)
|                    ( - 3.041e+02 1 0))))
|        ( QUESTION0_0_R 1 8.758e+02 7.589e+01 5.476e+01
|            ( - 6.536e+02 1 0)
|            ( - 1.464e+02 1 0))))
s>    ( QUESTION16 1 3.004e+03 1.304e+02 1.699e+02
s>        ( - 9.481e+02 1 0)
s>        ( QUESTION0_13_R 1 1.926e+03 1.223e+02 1.118e+02
s>            ( QUESTION4 1 9.274e+02 7.914e+01 5.700e+01
s>                ( - 2.073e+02 1 0)
s>                ( QUESTION0_18_R 1 6.410e+02 6.531e+01 4.100e+01
s>                    ( QUESTION7 1 1.990e+02 3.917e+01 1.500e+01
s>                        ( - 9.284e+01 1 0)
s>                        ( - 6.696e+01 1 0))
s>                    ( QUESTION0_14_R 1 3.767e+02 3.253e+01 2.600e+01
s>                        ( - 4.012e+01 1 0)
s>                        ( - 3.041e+02 1 0))))
s>            ( QUESTION0_0_R 1 8.758e+02 7.589e+01 5.476e+01
s>                ( - 6.536e+02 1 0)
s>                ( - 1.464e+02 1 0))))INFO: dtree.c(1439): stop. leaf nodes are specific
INFO: dtree.c(1478): Final simple tree
|( QUESTION0_0_R 1 3.591e+03 8.790e+01 1.904e+02
|    ( - 9.238e+01 1 0)
|    ( - 3.411e+03 3 0))
s>    ( QUESTION0_0_R 1 3.591e+03 8.790e+01 1.904e+02
s>        ( - 9.238e+01 1 0)
s>        ( - 3.411e+03 3 0))INFO: dtree.c(1315): Comp split 4
INFO: dtree.c(1439): stop. leaf nodes are specific
INFO: dtree.c(1478): Final simple tree
|( QUESTION0 -1 1.117e+03 8.705e+01 6.700e+01
|    ( QUESTION0_8_R 1 8.771e+02 6.626e+01 5.400e+01
|        ( - 1.788e+02 2 0)
|        ( QUESTION0_11_R 1 6.320e+02 6.560e+01 3.900e+01
|            ( - 1.949e+02 1 0)
|            ( - 3.715e+02 1 0)))
|    ( QUESTION0_10_R 1 1.530e+02 3.746e+01 1.300e+01
|        ( - 9.227e+01 1 0)
|        ( - 2.330e+01 1 0)))
s>    ( QUESTION0 -1 1.117e+03 8.705e+01 6.700e+01
s>        ( QUESTION0_8_R 1 8.771e+02 6.626e+01 5.400e+01
s>            ( - 1.788e+02 2 0)
s>            ( QUESTION0_11_R 1 6.320e+02 6.560e+01 3.900e+01
s>                ( - 1.949e+02 1 0)
s>                ( - 3.715e+02 1 0)))
s>        ( QUESTION0_10_R 1 1.530e+02 3.746e+01 1.300e+01
s>            ( - 9.227e+01 1 0)
s>            ( - 2.330e+01 1 0)))INFO: dtree.c(1439): stop. leaf nodes are specific
INFO: dtree.c(1478): Final simple tree
|( QUESTION0_8_R 1 4.465e+02 6.105e+01 3.100e+01
|    ( - 2.864e+02 1 0)
|    ( - 9.906e+01 1 0))
s>    ( QUESTION0_8_R 1 4.465e+02 6.105e+01 3.100e+01
s>        ( - 2.864e+02 1 0)
s>        ( - 9.906e+01 1 0))INFO: dtree.c(1315): Comp split 5
INFO: dtree.c(1439): stop. leaf nodes are specific
INFO: dtree.c(1478): Final simple tree
|( QUESTION0_0_R 1 1.238e+03 9.301e+01 7.576e+01
|    ( - 6.536e+02 1 0)
|    ( QUESTION0_18_R 1 4.911e+02 4.745e+01 3.300e+01
|        ( - 6.696e+01 1 0)
|        ( QUESTION0_14_R 1 3.767e+02 3.253e+01 2.600e+01
|            ( - 4.012e+01 1 0)
|            ( - 3.041e+02 1 0))))
s>    ( QUESTION0_0_R 1 1.238e+03 9.301e+01 7.576e+01
s>        ( - 6.536e+02 1 0)
s>        ( QUESTION0_18_R 1 4.911e+02 4.745e+01 3.300e+01
s>            ( - 6.696e+01 1 0)
s>            ( QUESTION0_14_R 1 3.767e+02 3.253e+01 2.600e+01
s>                ( - 4.012e+01 1 0)
s>                ( - 3.041e+02 1 0))))INFO: dtree.c(1439): stop. leaf nodes are specific
INFO: dtree.c(1478): Final simple tree
|( QUESTION0_14_R 1 1.625e+03 1.107e+02 9.419e+01
|    ( - 9.481e+02 1 0)
|    ( QUESTION0_10_R 1 5.665e+02 7.121e+01 3.600e+01
|        ( - 1.464e+02 1 0)
|        ( QUESTION0_17_R 1 3.489e+02 4.878e+01 2.400e+01
|            ( - 9.284e+01 1 0)
|            ( - 2.073e+02 1 0))))
s>    ( QUESTION0_14_R 1 1.625e+03 1.107e+02 9.419e+01
s>        ( - 9.481e+02 1 0)
s>        ( QUESTION0_10_R 1 5.665e+02 7.121e+01 3.600e+01
s>            ( - 1.464e+02 1 0)
s>            ( QUESTION0_17_R 1 3.489e+02 4.878e+01 2.400e+01
s>                ( - 9.284e+01 1 0)
s>                ( - 2.073e+02 1 0))))INFO: dtree.c(1315): Comp split 6
INFO: dtree.c(1439): stop. leaf nodes are specific
INFO: dtree.c(1478): Final simple tree
|( QUESTION0_10_R 1 5.665e+02 7.121e+01 3.600e+01
|    ( - 1.464e+02 1 0)
|    ( QUESTION0_17_R 1 3.489e+02 4.878e+01 2.400e+01
|        ( - 9.284e+01 1 0)
|        ( - 2.073e+02 1 0)))
s>    ( QUESTION0_10_R 1 5.665e+02 7.121e+01 3.600e+01
s>        ( - 1.464e+02 1 0)
s>        ( QUESTION0_17_R 1 3.489e+02 4.878e+01 2.400e+01
s>            ( - 9.284e+01 1 0)
s>            ( - 2.073e+02 1 0)))INFO: dtree.c(1315): Comp split 7
INFO: dtree.c(1315): Comp split 8
INFO: dtree.c(1439): stop. leaf nodes are specific
INFO: dtree.c(1478): Final simple tree
|( QUESTION0_10_R 1 4.378e+02 4.300e+01 2.800e+01
|    ( - 3.715e+02 1 0)
|    ( - 2.330e+01 1 0))
s>    ( QUESTION0_10_R 1 4.378e+02 4.300e+01 2.800e+01
s>        ( - 3.715e+02 1 0)
s>        ( - 2.330e+01 1 0))INFO: dtree.c(1439): stop. leaf nodes are specific
INFO: dtree.c(1478): Final simple tree
|( QUESTION0 -1 5.846e+02 6.777e+01 3.900e+01
|    ( QUESTION0_8_R 1 4.246e+02 5.086e+01 3.000e+01
|        ( - 1.788e+02 2 0)
|        ( - 1.949e+02 1 0))
|    ( - 9.227e+01 1 0))
s>    ( QUESTION0 -1 5.846e+02 6.777e+01 3.900e+01
s>        ( QUESTION0_8_R 1 4.246e+02 5.086e+01 3.000e+01
s>            ( - 1.788e+02 2 0)
s>            ( - 1.949e+02 1 0))
s>        ( - 9.227e+01 1 0))INFO: dtree.c(1315): Comp split 9
INFO: dtree.c(1439): stop. leaf nodes are specific
INFO: dtree.c(1478): Final simple tree
|( QUESTION0_18_R 1 4.911e+02 4.745e+01 3.300e+01
|    ( - 6.696e+01 1 0)
|    ( QUESTION0_14_R 1 3.767e+02 3.253e+01 2.600e+01
|        ( - 4.012e+01 1 0)
|        ( - 3.041e+02 1 0)))
s>    ( QUESTION0_18_R 1 4.911e+02 4.745e+01 3.300e+01
s>        ( - 6.696e+01 1 0)
s>        ( QUESTION0_14_R 1 3.767e+02 3.253e+01 2.600e+01
s>            ( - 4.012e+01 1 0)
s>            ( - 3.041e+02 1 0)))INFO: dtree.c(1315): Comp split 10
INFO: dtree.c(1315): Comp split 11
INFO: dtree.c(1439): stop. leaf nodes are specific
INFO: dtree.c(1478): Final simple tree
|( QUESTION0_17_R 1 3.489e+02 4.878e+01 2.400e+01
|    ( - 9.284e+01 1 0)
|    ( - 2.073e+02 1 0))
s>    ( QUESTION0_17_R 1 3.489e+02 4.878e+01 2.400e+01
s>        ( - 9.284e+01 1 0)
s>        ( - 2.073e+02 1 0))INFO: dtree.c(1315): Comp split 12
INFO: dtree.c(1439): stop. leaf nodes are specific
INFO: dtree.c(1478): Final simple tree
|( QUESTION0_8_R 1 4.246e+02 5.086e+01 3.000e+01
|    ( - 1.788e+02 2 0)
|    ( - 1.949e+02 1 0))
s>    ( QUESTION0_8_R 1 4.246e+02 5.086e+01 3.000e+01
s>        ( - 1.788e+02 2 0)
s>        ( - 1.949e+02 1 0))INFO: dtree.c(1315): Comp split 13
INFO: dtree.c(1315): Comp split 14
INFO: dtree.c(1315): Comp split 15
INFO: dtree.c(1315): Comp split 16
INFO: dtree.c(1439): stop. leaf nodes are specific
INFO: dtree.c(1478): Final simple tree
|( QUESTION0_14_R 1 3.767e+02 3.253e+01 2.600e+01
|    ( - 4.012e+01 1 0)
|    ( - 3.041e+02 1 0))
s>    ( QUESTION0_14_R 1 3.767e+02 3.253e+01 2.600e+01
s>        ( - 4.012e+01 1 0)
s>        ( - 3.041e+02 1 0))INFO: dtree.c(1315): Comp split 17
INFO: dtree.c(1315): Comp split 18
INFO: dtree.c(1315): Comp split 19
INFO: dtree.c(1318): stop. leaf nodes are specific
Sun Mar 12 05:24:20 2017
