Current configuration:
[NAME]		[DEFLT]	[VALUE]
-allphones	no	no
-cntthresh	0.00001	1.000000e-05
-csplitmax	100	2000
-csplitmin	1	1
-csplitthr	8e-4	0.000000e+00
-example	no	no
-fullvar	no	no
-help		no	no
-meanfn			
-mixwfn			/home/gaurav/python-scripts/py/scripts/sphinx-source2/an4/model_parameters/an4.cd_ptm_untied/mixture_weights
-moddeffn		/home/gaurav/python-scripts/py/scripts/sphinx-source2/an4/model_architecture/an4.untied.mdef
-mwfloor	1e-4	1.000000e-08
-phone			B
-psetfn			/home/gaurav/python-scripts/py/scripts/sphinx-source2/an4/model_architecture/an4.tree_questions
-ssplitmax	5	7
-ssplitmin	1	1
-ssplitthr	8e-4	0.000000e+00
-state			0
-stwt			1.0,0.05,0.0,
-treefn			/home/gaurav/python-scripts/py/scripts/sphinx-source2/an4/trees/an4.unpruned/B-0.dtree
-ts2cbfn	.semi.	.semi.
-varfloor	0.00001	1.000000e-05
-varfn			

INFO: main.c(223): Reading: /home/gaurav/python-scripts/py/scripts/sphinx-source2/an4/model_architecture/an4.untied.mdef
INFO: model_def_io.c(573): Model definition info:
INFO: model_def_io.c(574): 1618 total models defined (34 base, 1584 tri)
INFO: model_def_io.c(575): 6472 total states
INFO: model_def_io.c(576): 4854 total tied states
INFO: model_def_io.c(577): 102 total tied CI states
INFO: model_def_io.c(578): 34 total tied transition matrices
INFO: model_def_io.c(579): 4 max state/model
INFO: model_def_io.c(580): 4 min state/model
INFO: main.c(242): Building trees for [B AH AH i] through [B UW IY b]
INFO: main.c(269): Covering states |[735 788]| == 54
INFO: main.c(275): Reading: /home/gaurav/python-scripts/py/scripts/sphinx-source2/an4/model_parameters/an4.cd_ptm_untied/mixture_weights
INFO: s3mixw_io.c(173): Read /home/gaurav/python-scripts/py/scripts/sphinx-source2/an4/model_parameters/an4.cd_ptm_untied/mixture_weights [54x4x64 array]
INFO: main.c(311): 18 of 18 models have observation count greater than 0.000010
INFO: main.c(95): nrm stwt: 0.952 0.048 0.000 
INFO: main.c(411): 18-class entropy: 2.628063e+04
INFO: main.c(549): Reading: /home/gaurav/python-scripts/py/scripts/sphinx-source2/an4/model_architecture/an4.tree_questions
INFO: main.c(588): 180 total simple questions (172 phone; 8 word bndry)
INFO: main.c(590): 42 Left Only questions, and 42 Right Only questions
INFO: dtree.c(1478): Final simple tree
|( WDBNDRY_B 0 3.108e+04 1.243e+03 1.580e+03
|    ( QUESTION0 -1 1.992e+04 7.103e+02 1.097e+03
|        ( QUESTION2_0_L -1 3.200e+03 2.065e+02 1.839e+02
|            ( - 2.149e+03 4 0 QUESTION1 -1 1.600e+02 1.287e+02)
|            ( - 8.449e+02 2 0 QUESTION2_12_L -1 1.218e+02 5.515e+01))
|        ( QUESTION2_1_L -1 1.601e+04 3.776e+02 9.131e+02
|            ( - 1.160e+04 2 0)
|            ( SILENCE -1 4.032e+03 2.303e+02 2.399e+02
|                ( - 2.000e+03 1 0)
|                ( QUESTION16 -1 1.802e+03 1.942e+02 1.110e+02
|                    ( - 6.301e+02 2 0 QUESTION2_9_L -1 6.900e+01 4.699e+01)
|                    ( - 9.776e+02 2 0 QUESTION4 -1 1.466e+02 6.400e+01)))))
|    ( QUESTION0 1 9.912e+03 7.765e+02 4.833e+02
|        ( - 6.698e+03 2 0 QUESTION0 -1 8.459e+01 3.557e+02)
|        ( - 2.438e+03 3 0 QUESTION0_0_R 1 1.472e+02 1.276e+02)))
s>    ( WDBNDRY_B 0 3.108e+04 1.243e+03 1.580e+03
s>        ( QUESTION0 -1 1.992e+04 7.103e+02 1.097e+03
s>            ( QUESTION2_0_L -1 3.200e+03 2.065e+02 1.839e+02
s>                ( - 2.149e+03 4 0 QUESTION1 -1 1.600e+02 1.287e+02)
s>                ( - 8.449e+02 2 0 QUESTION2_12_L -1 1.218e+02 5.515e+01))
s>            ( QUESTION2_1_L -1 1.601e+04 3.776e+02 9.131e+02
s>                ( - 1.160e+04 2 0)
s>                ( SILENCE -1 4.032e+03 2.303e+02 2.399e+02
s>                    ( - 2.000e+03 1 0)
s>                    ( QUESTION16 -1 1.802e+03 1.942e+02 1.110e+02
s>                        ( - 6.301e+02 2 0 QUESTION2_9_L -1 6.900e+01 4.699e+01)
s>                        ( - 9.776e+02 2 0 QUESTION4 -1 1.466e+02 6.400e+01)))))
s>        ( QUESTION0 1 9.912e+03 7.765e+02 4.833e+02
s>            ( - 6.698e+03 2 0 QUESTION0 -1 8.459e+01 3.557e+02)
s>            ( - 2.438e+03 3 0 QUESTION0_0_R 1 1.472e+02 1.276e+02)))INFO: dtree.c(1315): Comp split 0
INFO: dtree.c(1439): stop. leaf nodes are specific
INFO: dtree.c(1478): Final simple tree
|( QUESTION2_1_L -1 1.601e+04 3.776e+02 9.131e+02
|    ( - 1.160e+04 2 0)
|    ( SILENCE -1 4.032e+03 2.303e+02 2.399e+02
|        ( - 2.000e+03 1 0)
|        ( QUESTION16 -1 1.802e+03 1.942e+02 1.110e+02
|            ( QUESTION2_9_L -1 6.301e+02 6.900e+01 4.699e+01
|                ( - 2.037e+01 1 0)
|                ( - 5.408e+02 1 0))
|            ( QUESTION4 -1 9.776e+02 1.466e+02 6.400e+01
|                ( - 3.010e+02 1 0)
|                ( - 5.301e+02 1 0)))))
s>    ( QUESTION2_1_L -1 1.601e+04 3.776e+02 9.131e+02
s>        ( - 1.160e+04 2 0)
s>        ( SILENCE -1 4.032e+03 2.303e+02 2.399e+02
s>            ( - 2.000e+03 1 0)
s>            ( QUESTION16 -1 1.802e+03 1.942e+02 1.110e+02
s>                ( QUESTION2_9_L -1 6.301e+02 6.900e+01 4.699e+01
s>                    ( - 2.037e+01 1 0)
s>                    ( - 5.408e+02 1 0))
s>                ( QUESTION4 -1 9.776e+02 1.466e+02 6.400e+01
s>                    ( - 3.010e+02 1 0)
s>                    ( - 5.301e+02 1 0)))))INFO: dtree.c(1478): Final simple tree
|( QUESTION0 1 1.378e+04 8.194e+02 6.671e+02
|    ( WDBNDRY_B 0 1.052e+04 6.233e+02 5.395e+02
|        ( QUESTION2_0_L -1 3.200e+03 2.065e+02 1.839e+02
|            ( QUESTION1 -1 2.149e+03 1.600e+02 1.287e+02
|                ( - 1.505e+03 2 0)
|                ( - 4.834e+02 2 0))
|            ( QUESTION2_12_L -1 8.449e+02 1.218e+02 5.515e+01
|                ( - 5.804e+02 1 0)
|                ( - 1.427e+02 1 0)))
|        ( QUESTION0 -1 6.698e+03 8.459e+01 3.557e+02
|            ( - 6.567e+03 1 0)
|            ( - 4.633e+01 1 0)))
|    ( QUESTION0_0_R 1 2.438e+03 1.472e+02 1.276e+02
|        ( - 2.114e+03 1 0)
|        ( - 1.769e+02 2 0 QUESTION0 -1 4.473e+01 1.397e+01)))
s>    ( QUESTION0 1 1.378e+04 8.194e+02 6.671e+02
s>        ( WDBNDRY_B 0 1.052e+04 6.233e+02 5.395e+02
s>            ( QUESTION2_0_L -1 3.200e+03 2.065e+02 1.839e+02
s>                ( QUESTION1 -1 2.149e+03 1.600e+02 1.287e+02
s>                    ( - 1.505e+03 2 0)
s>                    ( - 4.834e+02 2 0))
s>                ( QUESTION2_12_L -1 8.449e+02 1.218e+02 5.515e+01
s>                    ( - 5.804e+02 1 0)
s>                    ( - 1.427e+02 1 0)))
s>            ( QUESTION0 -1 6.698e+03 8.459e+01 3.557e+02
s>                ( - 6.567e+03 1 0)
s>                ( - 4.633e+01 1 0)))
s>        ( QUESTION0_0_R 1 2.438e+03 1.472e+02 1.276e+02
s>            ( - 2.114e+03 1 0)
s>            ( - 1.769e+02 2 0 QUESTION0 -1 4.473e+01 1.397e+01)))INFO: dtree.c(1315): Comp split 1
INFO: dtree.c(1439): stop. leaf nodes are specific
INFO: dtree.c(1478): Final simple tree
|( WDBNDRY_B 0 1.038e+04 6.138e+02 5.335e+02
|    ( QUESTION2_0_L -1 3.200e+03 2.065e+02 1.839e+02
|        ( QUESTION1 -1 2.149e+03 1.600e+02 1.287e+02
|            ( - 1.505e+03 2 0)
|            ( - 4.834e+02 2 0))
|        ( QUESTION2_12_L -1 8.449e+02 1.218e+02 5.515e+01
|            ( - 5.804e+02 1 0)
|            ( - 1.427e+02 1 0)))
|    ( - 6.567e+03 1 0))
s>    ( WDBNDRY_B 0 1.038e+04 6.138e+02 5.335e+02
s>        ( QUESTION2_0_L -1 3.200e+03 2.065e+02 1.839e+02
s>            ( QUESTION1 -1 2.149e+03 1.600e+02 1.287e+02
s>                ( - 1.505e+03 2 0)
s>                ( - 4.834e+02 2 0))
s>            ( QUESTION2_12_L -1 8.449e+02 1.218e+02 5.515e+01
s>                ( - 5.804e+02 1 0)
s>                ( - 1.427e+02 1 0)))
s>        ( - 6.567e+03 1 0))INFO: dtree.c(1439): stop. leaf nodes are specific
INFO: dtree.c(1478): Final simple tree
|( QUESTION0_0_R 1 2.564e+03 1.673e+02 1.336e+02
|    ( - 2.114e+03 1 0)
|    ( QUESTION20 -1 2.832e+02 7.106e+01 1.997e+01
|        ( - 8.950e+01 1 0)
|        ( QUESTION0 -1 1.226e+02 3.360e+01 1.100e+01
|            ( - 4.267e+01 1 0)
|            ( - 4.633e+01 1 0))))
s>    ( QUESTION0_0_R 1 2.564e+03 1.673e+02 1.336e+02
s>        ( - 2.114e+03 1 0)
s>        ( QUESTION20 -1 2.832e+02 7.106e+01 1.997e+01
s>            ( - 8.950e+01 1 0)
s>            ( QUESTION0 -1 1.226e+02 3.360e+01 1.100e+01
s>                ( - 4.267e+01 1 0)
s>                ( - 4.633e+01 1 0))))INFO: dtree.c(1315): Comp split 2
INFO: dtree.c(1439): stop. leaf nodes are specific
INFO: dtree.c(1478): Final simple tree
|( QUESTION2_0_L -1 3.200e+03 2.065e+02 1.839e+02
|    ( QUESTION1 -1 2.149e+03 1.600e+02 1.287e+02
|        ( - 1.505e+03 2 0)
|        ( - 4.834e+02 2 0))
|    ( QUESTION2_12_L -1 8.449e+02 1.218e+02 5.515e+01
|        ( - 5.804e+02 1 0)
|        ( - 1.427e+02 1 0)))
s>    ( QUESTION2_0_L -1 3.200e+03 2.065e+02 1.839e+02
s>        ( QUESTION1 -1 2.149e+03 1.600e+02 1.287e+02
s>            ( - 1.505e+03 2 0)
s>            ( - 4.834e+02 2 0))
s>        ( QUESTION2_12_L -1 8.449e+02 1.218e+02 5.515e+01
s>            ( - 5.804e+02 1 0)
s>            ( - 1.427e+02 1 0)))INFO: dtree.c(1315): Comp split 3
INFO: dtree.c(1439): stop. leaf nodes are specific
INFO: dtree.c(1478): Final simple tree
|( SILENCE -1 4.032e+03 2.303e+02 2.399e+02
|    ( - 2.000e+03 1 0)
|    ( QUESTION16 -1 1.802e+03 1.942e+02 1.110e+02
|        ( QUESTION2_9_L -1 6.301e+02 6.900e+01 4.699e+01
|            ( - 2.037e+01 1 0)
|            ( - 5.408e+02 1 0))
|        ( QUESTION4 -1 9.776e+02 1.466e+02 6.400e+01
|            ( - 3.010e+02 1 0)
|            ( - 5.301e+02 1 0))))
s>    ( SILENCE -1 4.032e+03 2.303e+02 2.399e+02
s>        ( - 2.000e+03 1 0)
s>        ( QUESTION16 -1 1.802e+03 1.942e+02 1.110e+02
s>            ( QUESTION2_9_L -1 6.301e+02 6.900e+01 4.699e+01
s>                ( - 2.037e+01 1 0)
s>                ( - 5.408e+02 1 0))
s>            ( QUESTION4 -1 9.776e+02 1.466e+02 6.400e+01
s>                ( - 3.010e+02 1 0)
s>                ( - 5.301e+02 1 0))))INFO: dtree.c(1315): Comp split 4
INFO: dtree.c(1439): stop. leaf nodes are specific
INFO: dtree.c(1478): Final simple tree
|( QUESTION6 -1 1.057e+03 1.513e+02 6.800e+01
|    ( - 5.301e+02 1 0)
|    ( QUESTION4 -1 3.753e+02 5.403e+01 3.100e+01
|        ( - 3.010e+02 1 0)
|        ( - 2.037e+01 1 0)))
s>    ( QUESTION6 -1 1.057e+03 1.513e+02 6.800e+01
s>        ( - 5.301e+02 1 0)
s>        ( QUESTION4 -1 3.753e+02 5.403e+01 3.100e+01
s>            ( - 3.010e+02 1 0)
s>            ( - 2.037e+01 1 0)))INFO: dtree.c(1439): stop. leaf nodes are specific
INFO: dtree.c(1478): Final simple tree
|( SILENCE -1 2.716e+03 1.757e+02 1.719e+02
|    ( - 2.000e+03 1 0)
|    ( - 5.408e+02 1 0))
s>    ( SILENCE -1 2.716e+03 1.757e+02 1.719e+02
s>        ( - 2.000e+03 1 0)
s>        ( - 5.408e+02 1 0))INFO: dtree.c(1315): Comp split 5
INFO: dtree.c(1439): stop. leaf nodes are specific
INFO: dtree.c(1478): Final simple tree
|( QUESTION2_0_L -1 1.211e+03 1.477e+02 7.560e+01
|    ( - 4.834e+02 2 0)
|    ( - 5.804e+02 1 0))
s>    ( QUESTION2_0_L -1 1.211e+03 1.477e+02 7.560e+01
s>        ( - 4.834e+02 2 0)
s>        ( - 5.804e+02 1 0))INFO: dtree.c(1439): stop. leaf nodes are specific
INFO: dtree.c(1478): Final simple tree
|( QUESTION1 -1 1.763e+03 1.146e+02 1.083e+02
|    ( - 1.505e+03 2 0)
|    ( - 1.427e+02 1 0))
s>    ( QUESTION1 -1 1.763e+03 1.146e+02 1.083e+02
s>        ( - 1.505e+03 2 0)
s>        ( - 1.427e+02 1 0))INFO: dtree.c(1315): Comp split 6
INFO: dtree.c(1315): Comp split 7
INFO: dtree.c(1439): stop. leaf nodes are specific
INFO: dtree.c(1478): Final simple tree
|( QUESTION20 -1 2.832e+02 7.106e+01 1.997e+01
|    ( - 8.950e+01 1 0)
|    ( QUESTION0 -1 1.226e+02 3.360e+01 1.100e+01
|        ( - 4.267e+01 1 0)
|        ( - 4.633e+01 1 0)))
s>    ( QUESTION20 -1 2.832e+02 7.106e+01 1.997e+01
s>        ( - 8.950e+01 1 0)
s>        ( QUESTION0 -1 1.226e+02 3.360e+01 1.100e+01
s>            ( - 4.267e+01 1 0)
s>            ( - 4.633e+01 1 0)))INFO: dtree.c(1315): Comp split 8
INFO: dtree.c(1439): stop. leaf nodes are specific
INFO: dtree.c(1478): Final simple tree
|( QUESTION4 -1 3.753e+02 5.403e+01 3.100e+01
|    ( - 3.010e+02 1 0)
|    ( - 2.037e+01 1 0))
s>    ( QUESTION4 -1 3.753e+02 5.403e+01 3.100e+01
s>        ( - 3.010e+02 1 0)
s>        ( - 2.037e+01 1 0))INFO: dtree.c(1315): Comp split 9
INFO: dtree.c(1315): Comp split 10
INFO: dtree.c(1315): Comp split 11
INFO: dtree.c(1439): stop. leaf nodes are specific
INFO: dtree.c(1478): Final simple tree
|( QUESTION0 -1 1.226e+02 3.360e+01 1.100e+01
|    ( - 4.267e+01 1 0)
|    ( - 4.633e+01 1 0))
s>    ( QUESTION0 -1 1.226e+02 3.360e+01 1.100e+01
s>        ( - 4.267e+01 1 0)
s>        ( - 4.633e+01 1 0))INFO: dtree.c(1315): Comp split 12
INFO: dtree.c(1315): Comp split 13
INFO: dtree.c(1315): Comp split 14
INFO: dtree.c(1318): stop. leaf nodes are specific
Sun Mar 12 05:24:19 2017
