Current configuration:
[NAME]		[DEFLT]	[VALUE]
-allphones	no	no
-cntthresh	0.00001	1.000000e-05
-csplitmax	100	2000
-csplitmin	1	1
-csplitthr	8e-4	0.000000e+00
-example	no	no
-fullvar	no	no
-help		no	no
-meanfn			
-mixwfn			/home/gaurav/python-scripts/py/scripts/sphinx-source2/an4/model_parameters/an4.cd_ptm_untied/mixture_weights
-moddeffn		/home/gaurav/python-scripts/py/scripts/sphinx-source2/an4/model_architecture/an4.untied.mdef
-mwfloor	1e-4	1.000000e-08
-phone			R
-psetfn			/home/gaurav/python-scripts/py/scripts/sphinx-source2/an4/model_architecture/an4.tree_questions
-ssplitmax	5	7
-ssplitmin	1	1
-ssplitthr	8e-4	0.000000e+00
-state			0
-stwt			1.0,0.05,0.0,
-treefn			/home/gaurav/python-scripts/py/scripts/sphinx-source2/an4/trees/an4.unpruned/R-0.dtree
-ts2cbfn	.semi.	.semi.
-varfloor	0.00001	1.000000e-05
-varfn			

INFO: main.c(223): Reading: /home/gaurav/python-scripts/py/scripts/sphinx-source2/an4/model_architecture/an4.untied.mdef
INFO: model_def_io.c(573): Model definition info:
INFO: model_def_io.c(574): 1618 total models defined (34 base, 1584 tri)
INFO: model_def_io.c(575): 6472 total states
INFO: model_def_io.c(576): 4854 total tied states
INFO: model_def_io.c(577): 102 total tied CI states
INFO: model_def_io.c(578): 34 total tied transition matrices
INFO: model_def_io.c(579): 4 max state/model
INFO: model_def_io.c(580): 4 min state/model
INFO: main.c(242): Building trees for [R AA AA e] through [R TH IY i]
INFO: main.c(269): Covering states |[3630 3758]| == 129
INFO: main.c(275): Reading: /home/gaurav/python-scripts/py/scripts/sphinx-source2/an4/model_parameters/an4.cd_ptm_untied/mixture_weights
INFO: s3mixw_io.c(173): Read /home/gaurav/python-scripts/py/scripts/sphinx-source2/an4/model_parameters/an4.cd_ptm_untied/mixture_weights [129x4x64 array]
INFO: main.c(311): 43 of 43 models have observation count greater than 0.000010
INFO: main.c(95): nrm stwt: 0.952 0.048 0.000 
INFO: main.c(411): 43-class entropy: 3.240878e+04
INFO: main.c(549): Reading: /home/gaurav/python-scripts/py/scripts/sphinx-source2/an4/model_architecture/an4.tree_questions
INFO: main.c(588): 180 total simple questions (172 phone; 8 word bndry)
INFO: main.c(590): 42 Left Only questions, and 42 Right Only questions
INFO: dtree.c(1478): Final simple tree
|( QUESTION0 -1 4.706e+04 3.550e+03 2.246e+03
|    ( SILENCE 1 2.287e+04 6.914e+02 1.218e+03
|        ( - 2.448e+03 2 0)
|        ( QUESTION2 1 1.973e+04 6.394e+02 1.066e+03
|            ( - 4.484e+03 6 0 QUESTION0_0_R 1 2.604e+02 2.617e+02)
|            ( QUESTION0_20_R 1 1.460e+04 5.576e+02 8.044e+02
|                ( - 9.831e+02 2 0)
|                ( - 1.306e+04 25 0 QUESTION0_11_R 1 4.585e+02 7.310e+02))))
|    ( QUESTION0_0_R 1 2.064e+04 1.814e+03 1.028e+03
|        ( QUESTION6 -1 8.492e+03 9.183e+02 4.651e+02
|            ( - 3.546e+03 1 0)
|            ( - 4.027e+03 2 0 QUESTION0_1_R 1 3.062e+02 2.510e+02))
|        ( QUESTION1 1 1.034e+04 1.041e+03 5.630e+02
|            ( - 4.164e+03 1 0)
|            ( - 5.132e+03 4 0 QUESTION0 1 4.020e+02 2.926e+02))))
s>    ( QUESTION0 -1 4.706e+04 3.550e+03 2.246e+03
s>        ( SILENCE 1 2.287e+04 6.914e+02 1.218e+03
s>            ( - 2.448e+03 2 0)
s>            ( QUESTION2 1 1.973e+04 6.394e+02 1.066e+03
s>                ( - 4.484e+03 6 0 QUESTION0_0_R 1 2.604e+02 2.617e+02)
s>                ( QUESTION0_20_R 1 1.460e+04 5.576e+02 8.044e+02
s>                    ( - 9.831e+02 2 0)
s>                    ( - 1.306e+04 25 0 QUESTION0_11_R 1 4.585e+02 7.310e+02))))
s>        ( QUESTION0_0_R 1 2.064e+04 1.814e+03 1.028e+03
s>            ( QUESTION6 -1 8.492e+03 9.183e+02 4.651e+02
s>                ( - 3.546e+03 1 0)
s>                ( - 4.027e+03 2 0 QUESTION0_1_R 1 3.062e+02 2.510e+02))
s>            ( QUESTION1 1 1.034e+04 1.041e+03 5.630e+02
s>                ( - 4.164e+03 1 0)
s>                ( - 5.132e+03 4 0 QUESTION0 1 4.020e+02 2.926e+02))))INFO: dtree.c(1315): Comp split 0
INFO: dtree.c(1478): Final simple tree
|( QUESTION0_0_R 1 2.064e+04 1.814e+03 1.028e+03
|    ( QUESTION6 -1 8.492e+03 9.183e+02 4.651e+02
|        ( - 3.546e+03 1 0)
|        ( QUESTION0_1_R 1 4.027e+03 3.062e+02 2.510e+02
|            ( - 8.781e+02 1 0)
|            ( - 2.843e+03 1 0)))
|    ( QUESTION1 1 1.034e+04 1.041e+03 5.630e+02
|        ( - 4.164e+03 1 0)
|        ( QUESTION0 1 5.132e+03 4.020e+02 2.926e+02
|            ( WDBNDRY_B 0 3.669e+03 3.319e+01 2.133e+02
|                ( - 3.628e+03 1 0)
|                ( QUESTION7 -1 8.000e+00 8.000e+00 2.000e+00
|                    ( - 0.000e+00 1 0)
|                    ( - 0.000e+00 1 0)))
|            ( - 1.061e+03 1 0))))
s>    ( QUESTION0_0_R 1 2.064e+04 1.814e+03 1.028e+03
s>        ( QUESTION6 -1 8.492e+03 9.183e+02 4.651e+02
s>            ( - 3.546e+03 1 0)
s>            ( QUESTION0_1_R 1 4.027e+03 3.062e+02 2.510e+02
s>                ( - 8.781e+02 1 0)
s>                ( - 2.843e+03 1 0)))
s>        ( QUESTION1 1 1.034e+04 1.041e+03 5.630e+02
s>            ( - 4.164e+03 1 0)
s>            ( QUESTION0 1 5.132e+03 4.020e+02 2.926e+02
s>                ( WDBNDRY_B 0 3.669e+03 3.319e+01 2.133e+02
s>                    ( - 3.628e+03 1 0)
s>                    ( QUESTION7 -1 8.000e+00 8.000e+00 2.000e+00
s>                        ( - 0.000e+00 1 0)
s>                        ( - 0.000e+00 1 0)))
s>                ( - 1.061e+03 1 0))))INFO: dtree.c(1478): Final simple tree
|( SILENCE 1 2.287e+04 6.914e+02 1.218e+03
|    ( - 2.448e+03 2 0)
|    ( QUESTION2 1 1.973e+04 6.394e+02 1.066e+03
|        ( QUESTION0_0_R 1 4.484e+03 2.604e+02 2.617e+02
|            ( - 2.728e+03 3 0)
|            ( - 1.495e+03 3 0))
|        ( QUESTION0_20_R 1 1.460e+04 5.576e+02 8.044e+02
|            ( - 9.831e+02 2 0)
|            ( QUESTION0_11_R 1 1.306e+04 4.585e+02 7.310e+02
|                ( - 2.978e+03 3 0 QUESTION0_12_R 1 1.385e+02 1.935e+02)
|                ( QUESTION0_10_R 1 9.626e+03 4.582e+02 5.375e+02
|                    ( - 1.830e+03 4 0 WDBNDRY_E 0 1.297e+02 1.316e+02)
|                    ( QUESTION4 1 7.338e+03 4.032e+02 4.058e+02
|                        ( - 2.094e+03 4 0 QUESTION0_9_R 1 2.487e+02 1.272e+02)
|                        ( - 4.841e+03 14 0 QUESTION0_14_R 1 2.562e+02 2.787e+02)))))))
s>    ( SILENCE 1 2.287e+04 6.914e+02 1.218e+03
s>        ( - 2.448e+03 2 0)
s>        ( QUESTION2 1 1.973e+04 6.394e+02 1.066e+03
s>            ( QUESTION0_0_R 1 4.484e+03 2.604e+02 2.617e+02
s>                ( - 2.728e+03 3 0)
s>                ( - 1.495e+03 3 0))
s>            ( QUESTION0_20_R 1 1.460e+04 5.576e+02 8.044e+02
s>                ( - 9.831e+02 2 0)
s>                ( QUESTION0_11_R 1 1.306e+04 4.585e+02 7.310e+02
s>                    ( - 2.978e+03 3 0 QUESTION0_12_R 1 1.385e+02 1.935e+02)
s>                    ( QUESTION0_10_R 1 9.626e+03 4.582e+02 5.375e+02
s>                        ( - 1.830e+03 4 0 WDBNDRY_E 0 1.297e+02 1.316e+02)
s>                        ( QUESTION4 1 7.338e+03 4.032e+02 4.058e+02
s>                            ( - 2.094e+03 4 0 QUESTION0_9_R 1 2.487e+02 1.272e+02)
s>                            ( - 4.841e+03 14 0 QUESTION0_14_R 1 2.562e+02 2.787e+02)))))))INFO: dtree.c(1315): Comp split 1
INFO: dtree.c(1439): stop. leaf nodes are specific
INFO: dtree.c(1478): Final simple tree
|( QUESTION1 1 1.034e+04 1.041e+03 5.630e+02
|    ( - 4.164e+03 1 0)
|    ( QUESTION0 1 5.132e+03 4.020e+02 2.926e+02
|        ( WDBNDRY_B 0 3.669e+03 3.319e+01 2.133e+02
|            ( - 3.628e+03 1 0)
|            ( QUESTION7 -1 8.000e+00 8.000e+00 2.000e+00
|                ( - 0.000e+00 1 0)
|                ( - 0.000e+00 1 0)))
|        ( - 1.061e+03 1 0)))
s>    ( QUESTION1 1 1.034e+04 1.041e+03 5.630e+02
s>        ( - 4.164e+03 1 0)
s>        ( QUESTION0 1 5.132e+03 4.020e+02 2.926e+02
s>            ( WDBNDRY_B 0 3.669e+03 3.319e+01 2.133e+02
s>                ( - 3.628e+03 1 0)
s>                ( QUESTION7 -1 8.000e+00 8.000e+00 2.000e+00
s>                    ( - 0.000e+00 1 0)
s>                    ( - 0.000e+00 1 0)))
s>            ( - 1.061e+03 1 0)))INFO: dtree.c(1439): stop. leaf nodes are specific
INFO: dtree.c(1478): Final simple tree
|( QUESTION6 -1 8.492e+03 9.183e+02 4.651e+02
|    ( - 3.546e+03 1 0)
|    ( QUESTION0_1_R 1 4.027e+03 3.062e+02 2.510e+02
|        ( - 8.781e+02 1 0)
|        ( - 2.843e+03 1 0)))
s>    ( QUESTION6 -1 8.492e+03 9.183e+02 4.651e+02
s>        ( - 3.546e+03 1 0)
s>        ( QUESTION0_1_R 1 4.027e+03 3.062e+02 2.510e+02
s>            ( - 8.781e+02 1 0)
s>            ( - 2.843e+03 1 0)))INFO: dtree.c(1315): Comp split 2
INFO: dtree.c(1439): stop. leaf nodes are specific
INFO: dtree.c(1478): Final simple tree
|( QUESTION0 1 5.132e+03 4.020e+02 2.926e+02
|    ( WDBNDRY_B 0 3.669e+03 3.319e+01 2.133e+02
|        ( - 3.628e+03 1 0)
|        ( QUESTION7 -1 8.000e+00 8.000e+00 2.000e+00
|            ( - 0.000e+00 1 0)
|            ( - 0.000e+00 1 0)))
|    ( - 1.061e+03 1 0))
s>    ( QUESTION0 1 5.132e+03 4.020e+02 2.926e+02
s>        ( WDBNDRY_B 0 3.669e+03 3.319e+01 2.133e+02
s>            ( - 3.628e+03 1 0)
s>            ( QUESTION7 -1 8.000e+00 8.000e+00 2.000e+00
s>                ( - 0.000e+00 1 0)
s>                ( - 0.000e+00 1 0)))
s>        ( - 1.061e+03 1 0))INFO: dtree.c(1315): Comp split 3
INFO: dtree.c(1439): stop. leaf nodes are specific
INFO: dtree.c(1478): Final simple tree
|( QUESTION0_1_R 1 4.027e+03 3.062e+02 2.510e+02
|    ( - 8.781e+02 1 0)
|    ( - 2.843e+03 1 0))
s>    ( QUESTION0_1_R 1 4.027e+03 3.062e+02 2.510e+02
s>        ( - 8.781e+02 1 0)
s>        ( - 2.843e+03 1 0))INFO: dtree.c(1315): Comp split 4
INFO: dtree.c(1439): stop. leaf nodes are specific
INFO: dtree.c(1478): Final simple tree
|( QUESTION0_19_R 1 5.688e+03 4.858e+02 3.322e+02
|    ( - 9.831e+02 2 0)
|    ( QUESTION0_10_R 1 4.219e+03 2.949e+02 2.588e+02
|        ( WDBNDRY_E 0 1.830e+03 1.297e+02 1.316e+02
|            ( - 6.184e+02 2 0)
|            ( - 1.081e+03 2 0))
|        ( QUESTION0_9_R 1 2.094e+03 2.487e+02 1.272e+02
|            ( - 7.274e+02 1 0)
|            ( QUESTION0_0_R 1 1.118e+03 7.742e+01 7.222e+01
|                ( - 6.332e+01 1 0)
|                ( - 9.776e+02 2 0)))))
s>    ( QUESTION0_19_R 1 5.688e+03 4.858e+02 3.322e+02
s>        ( - 9.831e+02 2 0)
s>        ( QUESTION0_10_R 1 4.219e+03 2.949e+02 2.588e+02
s>            ( WDBNDRY_E 0 1.830e+03 1.297e+02 1.316e+02
s>                ( - 6.184e+02 2 0)
s>                ( - 1.081e+03 2 0))
s>            ( QUESTION0_9_R 1 2.094e+03 2.487e+02 1.272e+02
s>                ( - 7.274e+02 1 0)
s>                ( QUESTION0_0_R 1 1.118e+03 7.742e+01 7.222e+01
s>                    ( - 6.332e+01 1 0)
s>                    ( - 9.776e+02 2 0)))))INFO: dtree.c(1478): Final simple tree
|( SILENCE 1 1.626e+04 6.432e+02 8.859e+02
|    ( - 2.448e+03 2 0)
|    ( QUESTION2 1 1.317e+04 5.774e+02 7.339e+02
|        ( QUESTION0_0_R 1 4.484e+03 2.604e+02 2.617e+02
|            ( - 2.728e+03 3 0)
|            ( - 1.495e+03 3 0))
|        ( QUESTION6 1 8.112e+03 3.031e+02 4.722e+02
|            ( QUESTION0_12_R 1 4.266e+03 2.088e+02 2.648e+02
|                ( - 2.423e+03 2 0 WDBNDRY_E 0 4.325e+01 1.606e+02)
|                ( - 1.635e+03 9 0 QUESTION7 1 1.556e+02 1.043e+02))
|            ( QUESTION0 1 3.543e+03 2.495e+02 2.074e+02
|                ( QUESTION0_0_R 1 1.990e+03 1.640e+02 1.276e+02
|                    ( - 1.271e+03 1 0)
|                    ( - 5.554e+02 3 0))
|                ( - 1.303e+03 2 0 QUESTION0_0_R 1 8.211e+01 7.975e+01)))))
s>    ( SILENCE 1 1.626e+04 6.432e+02 8.859e+02
s>        ( - 2.448e+03 2 0)
s>        ( QUESTION2 1 1.317e+04 5.774e+02 7.339e+02
s>            ( QUESTION0_0_R 1 4.484e+03 2.604e+02 2.617e+02
s>                ( - 2.728e+03 3 0)
s>                ( - 1.495e+03 3 0))
s>            ( QUESTION6 1 8.112e+03 3.031e+02 4.722e+02
s>                ( QUESTION0_12_R 1 4.266e+03 2.088e+02 2.648e+02
s>                    ( - 2.423e+03 2 0 WDBNDRY_E 0 4.325e+01 1.606e+02)
s>                    ( - 1.635e+03 9 0 QUESTION7 1 1.556e+02 1.043e+02))
s>                ( QUESTION0 1 3.543e+03 2.495e+02 2.074e+02
s>                    ( QUESTION0_0_R 1 1.990e+03 1.640e+02 1.276e+02
s>                        ( - 1.271e+03 1 0)
s>                        ( - 5.554e+02 3 0))
s>                    ( - 1.303e+03 2 0 QUESTION0_0_R 1 8.211e+01 7.975e+01)))))INFO: dtree.c(1315): Comp split 5
INFO: dtree.c(1478): Final simple tree
|( QUESTION6 1 8.112e+03 3.031e+02 4.722e+02
|    ( QUESTION0_12_R 1 4.266e+03 2.088e+02 2.648e+02
|        ( - 2.423e+03 2 0 WDBNDRY_E 0 4.325e+01 1.606e+02)
|        ( QUESTION7 1 1.635e+03 1.556e+02 1.043e+02
|            ( QUESTION0_18_R 1 1.110e+03 1.078e+02 7.675e+01
|                ( - 3.223e+02 1 0)
|                ( QUESTION0_10_R 1 6.801e+02 1.056e+02 4.803e+01
|                    ( - 4.165e+02 1 0)
|                    ( - 1.580e+02 1 0)))
|            ( - 3.689e+02 6 0 QUESTION0_19_R 1 4.982e+01 2.751e+01)))
|    ( QUESTION0 1 3.543e+03 2.495e+02 2.074e+02
|        ( QUESTION0_0_R 1 1.990e+03 1.640e+02 1.276e+02
|            ( - 1.271e+03 1 0)
|            ( - 5.554e+02 3 0))
|        ( - 1.303e+03 2 0 QUESTION0_0_R 1 8.211e+01 7.975e+01)))
s>    ( QUESTION6 1 8.112e+03 3.031e+02 4.722e+02
s>        ( QUESTION0_12_R 1 4.266e+03 2.088e+02 2.648e+02
s>            ( - 2.423e+03 2 0 WDBNDRY_E 0 4.325e+01 1.606e+02)
s>            ( QUESTION7 1 1.635e+03 1.556e+02 1.043e+02
s>                ( QUESTION0_18_R 1 1.110e+03 1.078e+02 7.675e+01
s>                    ( - 3.223e+02 1 0)
s>                    ( QUESTION0_10_R 1 6.801e+02 1.056e+02 4.803e+01
s>                        ( - 4.165e+02 1 0)
s>                        ( - 1.580e+02 1 0)))
s>                ( - 3.689e+02 6 0 QUESTION0_19_R 1 4.982e+01 2.751e+01)))
s>        ( QUESTION0 1 3.543e+03 2.495e+02 2.074e+02
s>            ( QUESTION0_0_R 1 1.990e+03 1.640e+02 1.276e+02
s>                ( - 1.271e+03 1 0)
s>                ( - 5.554e+02 3 0))
s>            ( - 1.303e+03 2 0 QUESTION0_0_R 1 8.211e+01 7.975e+01)))INFO: dtree.c(1439): stop. leaf nodes are specific
INFO: dtree.c(1478): Final simple tree
|( SILENCE 1 7.470e+03 5.382e+02 4.137e+02
|    ( - 2.448e+03 2 0)
|    ( QUESTION0_0_R 1 4.484e+03 2.604e+02 2.617e+02
|        ( - 2.728e+03 3 0)
|        ( - 1.495e+03 3 0)))
s>    ( SILENCE 1 7.470e+03 5.382e+02 4.137e+02
s>        ( - 2.448e+03 2 0)
s>        ( QUESTION0_0_R 1 4.484e+03 2.604e+02 2.617e+02
s>            ( - 2.728e+03 3 0)
s>            ( - 1.495e+03 3 0)))INFO: dtree.c(1315): Comp split 6
INFO: dtree.c(1439): stop. leaf nodes are specific
INFO: dtree.c(1478): Final simple tree
|( QUESTION0_0_R 1 4.484e+03 2.604e+02 2.617e+02
|    ( - 2.728e+03 3 0)
|    ( - 1.495e+03 3 0))
s>    ( QUESTION0_0_R 1 4.484e+03 2.604e+02 2.617e+02
s>        ( - 2.728e+03 3 0)
s>        ( - 1.495e+03 3 0))INFO: dtree.c(1315): Comp split 7
INFO: dtree.c(1439): stop. leaf nodes are specific
INFO: dtree.c(1478): Final simple tree
|( QUESTION0_10_R 1 4.219e+03 2.949e+02 2.588e+02
|    ( WDBNDRY_E 0 1.830e+03 1.297e+02 1.316e+02
|        ( - 6.184e+02 2 0)
|        ( - 1.081e+03 2 0))
|    ( QUESTION0_9_R 1 2.094e+03 2.487e+02 1.272e+02
|        ( - 7.274e+02 1 0)
|        ( QUESTION0_0_R 1 1.118e+03 7.742e+01 7.222e+01
|            ( - 6.332e+01 1 0)
|            ( - 9.776e+02 2 0))))
s>    ( QUESTION0_10_R 1 4.219e+03 2.949e+02 2.588e+02
s>        ( WDBNDRY_E 0 1.830e+03 1.297e+02 1.316e+02
s>            ( - 6.184e+02 2 0)
s>            ( - 1.081e+03 2 0))
s>        ( QUESTION0_9_R 1 2.094e+03 2.487e+02 1.272e+02
s>            ( - 7.274e+02 1 0)
s>            ( QUESTION0_0_R 1 1.118e+03 7.742e+01 7.222e+01
s>                ( - 6.332e+01 1 0)
s>                ( - 9.776e+02 2 0))))INFO: dtree.c(1315): Comp split 8
INFO: dtree.c(1439): stop. leaf nodes are specific
INFO: dtree.c(1478): Final simple tree
|( WDBNDRY_B 0 3.669e+03 3.319e+01 2.133e+02
|    ( - 3.628e+03 1 0)
|    ( QUESTION7 -1 8.000e+00 8.000e+00 2.000e+00
|        ( - 0.000e+00 1 0)
|        ( - 0.000e+00 1 0)))
s>    ( WDBNDRY_B 0 3.669e+03 3.319e+01 2.133e+02
s>        ( - 3.628e+03 1 0)
s>        ( QUESTION7 -1 8.000e+00 8.000e+00 2.000e+00
s>            ( - 0.000e+00 1 0)
s>            ( - 0.000e+00 1 0)))INFO: dtree.c(1315): Comp split 9
INFO: dtree.c(1478): Final simple tree
|( QUESTION0_14_R 1 2.877e+03 2.301e+02 1.612e+02
|    ( - 1.175e+03 1 0)
|    ( QUESTION0_8_R 1 1.472e+03 1.790e+02 8.909e+01
|        ( - 5.554e+02 3 0)
|        ( QUESTION7 1 7.376e+02 1.148e+02 5.015e+01
|            ( - 1.580e+02 1 0)
|            ( QUESTION0_19_R 1 4.649e+02 6.490e+01 3.510e+01
|                ( WDBNDRY_E 0 2.811e+02 2.197e+01 2.240e+01
|                    ( - 2.590e+02 2 0)
|                    ( - 1.905e-01 1 0))
|                ( QUESTION0_5_R 1 1.188e+02 3.449e+01 1.270e+01
|                    ( - 4.644e+01 1 0)
|                    ( QUESTION0_0_R 1 3.790e+01 1.458e+01 5.107e+00
|                        ( - 0.000e+00 1 0)
|                        ( - 2.333e+01 2 0)))))))
s>    ( QUESTION0_14_R 1 2.877e+03 2.301e+02 1.612e+02
s>        ( - 1.175e+03 1 0)
s>        ( QUESTION0_8_R 1 1.472e+03 1.790e+02 8.909e+01
s>            ( - 5.554e+02 3 0)
s>            ( QUESTION7 1 7.376e+02 1.148e+02 5.015e+01
s>                ( - 1.580e+02 1 0)
s>                ( QUESTION0_19_R 1 4.649e+02 6.490e+01 3.510e+01
s>                    ( WDBNDRY_E 0 2.811e+02 2.197e+01 2.240e+01
s>                        ( - 2.590e+02 2 0)
s>                        ( - 1.905e-01 1 0))
s>                    ( QUESTION0_5_R 1 1.188e+02 3.449e+01 1.270e+01
s>                        ( - 4.644e+01 1 0)
s>                        ( QUESTION0_0_R 1 3.790e+01 1.458e+01 5.107e+00
s>                            ( - 0.000e+00 1 0)
s>                            ( - 2.333e+01 2 0)))))))INFO: dtree.c(1439): stop. leaf nodes are specific
INFO: dtree.c(1478): Final simple tree
|( QUESTION0_0_R 1 4.860e+03 2.023e+02 3.110e+02
|    ( - 1.271e+03 1 0)
|    ( QUESTION0_12_R 1 3.387e+03 1.429e+02 2.223e+02
|        ( WDBNDRY_E 0 2.423e+03 4.325e+01 1.606e+02
|            ( - 2.358e+03 1 0)
|            ( - 2.115e+01 1 0))
|        ( QUESTION0_10_R 1 8.217e+02 8.295e+01 6.170e+01
|            ( - 4.165e+02 1 0)
|            ( - 3.223e+02 1 0))))
s>    ( QUESTION0_0_R 1 4.860e+03 2.023e+02 3.110e+02
s>        ( - 1.271e+03 1 0)
s>        ( QUESTION0_12_R 1 3.387e+03 1.429e+02 2.223e+02
s>            ( WDBNDRY_E 0 2.423e+03 4.325e+01 1.606e+02
s>                ( - 2.358e+03 1 0)
s>                ( - 2.115e+01 1 0))
s>            ( QUESTION0_10_R 1 8.217e+02 8.295e+01 6.170e+01
s>                ( - 4.165e+02 1 0)
s>                ( - 3.223e+02 1 0))))INFO: dtree.c(1315): Comp split 10
INFO: dtree.c(1439): stop. leaf nodes are specific
INFO: dtree.c(1478): Final simple tree
|( WDBNDRY_E 0 1.963e+03 1.405e+02 1.386e+02
|    ( QUESTION0_0_R 1 7.409e+02 5.920e+01 5.508e+01
|        ( - 6.332e+01 1 0)
|        ( - 6.184e+02 2 0))
|    ( - 1.081e+03 2 0))
s>    ( WDBNDRY_E 0 1.963e+03 1.405e+02 1.386e+02
s>        ( QUESTION0_0_R 1 7.409e+02 5.920e+01 5.508e+01
s>            ( - 6.332e+01 1 0)
s>            ( - 6.184e+02 2 0))
s>        ( - 1.081e+03 2 0))INFO: dtree.c(1439): stop. leaf nodes are specific
INFO: dtree.c(1478): Final simple tree
|( QUESTION0_8_R 1 1.948e+03 2.429e+02 1.202e+02
|    ( - 9.776e+02 2 0)
|    ( - 7.274e+02 1 0))
s>    ( QUESTION0_8_R 1 1.948e+03 2.429e+02 1.202e+02
s>        ( - 9.776e+02 2 0)
s>        ( - 7.274e+02 1 0))INFO: dtree.c(1315): Comp split 11
INFO: dtree.c(1315): Comp split 12
INFO: dtree.c(1315): Comp split 13
INFO: dtree.c(1315): Comp split 14
INFO: dtree.c(1439): stop. leaf nodes are specific
INFO: dtree.c(1478): Final simple tree
|( QUESTION0_14_R 1 1.480e+03 1.286e+02 8.820e+01
|    ( - 1.175e+03 1 0)
|    ( QUESTION0_0_R 1 1.768e+02 1.885e+01 1.605e+01
|        ( - 0.000e+00 1 0)
|        ( - 1.580e+02 1 0)))
s>    ( QUESTION0_14_R 1 1.480e+03 1.286e+02 8.820e+01
s>        ( - 1.175e+03 1 0)
s>        ( QUESTION0_0_R 1 1.768e+02 1.885e+01 1.605e+01
s>            ( - 0.000e+00 1 0)
s>            ( - 1.580e+02 1 0)))INFO: dtree.c(1439): stop. leaf nodes are specific
INFO: dtree.c(1478): Final simple tree
|( QUESTION0_8_R 1 1.155e+03 1.610e+02 7.304e+01
|    ( - 5.554e+02 3 0)
|    ( QUESTION0_19_R 1 4.388e+02 5.891e+01 3.410e+01
|        ( WDBNDRY_E 0 2.811e+02 2.197e+01 2.240e+01
|            ( - 2.590e+02 2 0)
|            ( - 1.905e-01 1 0))
|        ( QUESTION0_0_R 1 9.872e+01 2.895e+01 1.170e+01
|            ( - 4.644e+01 1 0)
|            ( - 2.333e+01 2 0))))
s>    ( QUESTION0_8_R 1 1.155e+03 1.610e+02 7.304e+01
s>        ( - 5.554e+02 3 0)
s>        ( QUESTION0_19_R 1 4.388e+02 5.891e+01 3.410e+01
s>            ( WDBNDRY_E 0 2.811e+02 2.197e+01 2.240e+01
s>                ( - 2.590e+02 2 0)
s>                ( - 1.905e-01 1 0))
s>            ( QUESTION0_0_R 1 9.872e+01 2.895e+01 1.170e+01
s>                ( - 4.644e+01 1 0)
s>                ( - 2.333e+01 2 0))))INFO: dtree.c(1315): Comp split 15
INFO: dtree.c(1439): stop. leaf nodes are specific
INFO: dtree.c(1478): Final simple tree
|( QUESTION0_12_R 1 3.387e+03 1.429e+02 2.223e+02
|    ( WDBNDRY_E 0 2.423e+03 4.325e+01 1.606e+02
|        ( - 2.358e+03 1 0)
|        ( - 2.115e+01 1 0))
|    ( QUESTION0_10_R 1 8.217e+02 8.295e+01 6.170e+01
|        ( - 4.165e+02 1 0)
|        ( - 3.223e+02 1 0)))
s>    ( QUESTION0_12_R 1 3.387e+03 1.429e+02 2.223e+02
s>        ( WDBNDRY_E 0 2.423e+03 4.325e+01 1.606e+02
s>            ( - 2.358e+03 1 0)
s>            ( - 2.115e+01 1 0))
s>        ( QUESTION0_10_R 1 8.217e+02 8.295e+01 6.170e+01
s>            ( - 4.165e+02 1 0)
s>            ( - 3.223e+02 1 0)))INFO: dtree.c(1315): Comp split 16
INFO: dtree.c(1439): stop. leaf nodes are specific
INFO: dtree.c(1478): Final simple tree
|( QUESTION0_19_R 1 4.388e+02 5.891e+01 3.410e+01
|    ( WDBNDRY_E 0 2.811e+02 2.197e+01 2.240e+01
|        ( - 2.590e+02 2 0)
|        ( - 1.905e-01 1 0))
|    ( QUESTION0_0_R 1 9.872e+01 2.895e+01 1.170e+01
|        ( - 4.644e+01 1 0)
|        ( - 2.333e+01 2 0)))
s>    ( QUESTION0_19_R 1 4.388e+02 5.891e+01 3.410e+01
s>        ( WDBNDRY_E 0 2.811e+02 2.197e+01 2.240e+01
s>            ( - 2.590e+02 2 0)
s>            ( - 1.905e-01 1 0))
s>        ( QUESTION0_0_R 1 9.872e+01 2.895e+01 1.170e+01
s>            ( - 4.644e+01 1 0)
s>            ( - 2.333e+01 2 0)))INFO: dtree.c(1315): Comp split 17
INFO: dtree.c(1439): stop. leaf nodes are specific
INFO: dtree.c(1478): Final simple tree
|( QUESTION0_10_R 1 8.720e+02 8.715e+01 6.470e+01
|    ( WDBNDRY_E 0 4.626e+02 2.496e+01 3.598e+01
|        ( - 4.165e+02 1 0)
|        ( - 2.115e+01 1 0))
|    ( - 3.223e+02 1 0))
s>    ( QUESTION0_10_R 1 8.720e+02 8.715e+01 6.470e+01
s>        ( WDBNDRY_E 0 4.626e+02 2.496e+01 3.598e+01
s>            ( - 4.165e+02 1 0)
s>            ( - 2.115e+01 1 0))
s>        ( - 3.223e+02 1 0))INFO: dtree.c(1315): Comp split 18
INFO: dtree.c(1439): stop. leaf nodes are specific
INFO: dtree.c(1478): Final simple tree
|( QUESTION0_0_R 1 7.409e+02 5.920e+01 5.508e+01
|    ( - 6.332e+01 1 0)
|    ( - 6.184e+02 2 0))
s>    ( QUESTION0_0_R 1 7.409e+02 5.920e+01 5.508e+01
s>        ( - 6.332e+01 1 0)
s>        ( - 6.184e+02 2 0))INFO: dtree.c(1315): Comp split 19
INFO: dtree.c(1439): stop. leaf nodes are specific
INFO: dtree.c(1478): Final simple tree
|( QUESTION0_0_R 1 1.768e+02 1.885e+01 1.605e+01
|    ( - 0.000e+00 1 0)
|    ( - 1.580e+02 1 0))
s>    ( QUESTION0_0_R 1 1.768e+02 1.885e+01 1.605e+01
s>        ( - 0.000e+00 1 0)
s>        ( - 1.580e+02 1 0))INFO: dtree.c(1315): Comp split 20
INFO: dtree.c(1439): stop. leaf nodes are specific
INFO: dtree.c(1478): Final simple tree
|( WDBNDRY_E 0 4.626e+02 2.496e+01 3.598e+01
|    ( - 4.165e+02 1 0)
|    ( - 2.115e+01 1 0))
s>    ( WDBNDRY_E 0 4.626e+02 2.496e+01 3.598e+01
s>        ( - 4.165e+02 1 0)
s>        ( - 2.115e+01 1 0))INFO: dtree.c(1315): Comp split 21
INFO: dtree.c(1439): stop. leaf nodes are specific
INFO: dtree.c(1478): Final simple tree
|( QUESTION0_0_R 1 1.107e+02 3.055e+01 1.270e+01
|    ( - 4.644e+01 1 0)
|    ( WDBNDRY_E 0 3.372e+01 1.020e+01 5.107e+00
|        ( - 2.333e+01 2 0)
|        ( - 1.905e-01 1 0)))
s>    ( QUESTION0_0_R 1 1.107e+02 3.055e+01 1.270e+01
s>        ( - 4.644e+01 1 0)
s>        ( WDBNDRY_E 0 3.372e+01 1.020e+01 5.107e+00
s>            ( - 2.333e+01 2 0)
s>            ( - 1.905e-01 1 0)))INFO: dtree.c(1315): Comp split 22
INFO: dtree.c(1315): Comp split 23
INFO: dtree.c(1439): stop. leaf nodes are specific
INFO: dtree.c(1478): Final simple tree
|( QUESTION7 -1 8.000e+00 8.000e+00 2.000e+00
|    ( - 0.000e+00 1 0)
|    ( - 0.000e+00 1 0))
s>    ( QUESTION7 -1 8.000e+00 8.000e+00 2.000e+00
s>        ( - 0.000e+00 1 0)
s>        ( - 0.000e+00 1 0))INFO: dtree.c(1315): Comp split 24
INFO: dtree.c(1439): stop. leaf nodes are specific
INFO: dtree.c(1478): Final simple tree
|( WDBNDRY_E 0 3.372e+01 1.020e+01 5.107e+00
|    ( - 2.333e+01 2 0)
|    ( - 1.905e-01 1 0))
s>    ( WDBNDRY_E 0 3.372e+01 1.020e+01 5.107e+00
s>        ( - 2.333e+01 2 0)
s>        ( - 1.905e-01 1 0))INFO: dtree.c(1315): Comp split 25
INFO: dtree.c(1315): Comp split 26
INFO: dtree.c(1315): Comp split 27
INFO: dtree.c(1315): Comp split 28
INFO: dtree.c(1315): Comp split 29
INFO: dtree.c(1318): stop. leaf nodes are specific
Sun Mar 12 05:24:56 2017
