Current configuration:
[NAME]		[DEFLT]	[VALUE]
-allphones	no	no
-cntthresh	0.00001	1.000000e-05
-csplitmax	100	2000
-csplitmin	1	1
-csplitthr	8e-4	0.000000e+00
-example	no	no
-fullvar	no	no
-help		no	no
-meanfn			
-mixwfn			/home/gaurav/python-scripts/py/scripts/sphinx-source2/an4/model_parameters/an4.cd_ptm_untied/mixture_weights
-moddeffn		/home/gaurav/python-scripts/py/scripts/sphinx-source2/an4/model_architecture/an4.untied.mdef
-mwfloor	1e-4	1.000000e-08
-phone			EY
-psetfn			/home/gaurav/python-scripts/py/scripts/sphinx-source2/an4/model_architecture/an4.tree_questions
-ssplitmax	5	7
-ssplitmin	1	1
-ssplitthr	8e-4	0.000000e+00
-state			1
-stwt			1.0,0.05,0.0,
-treefn			/home/gaurav/python-scripts/py/scripts/sphinx-source2/an4/trees/an4.unpruned/EY-1.dtree
-ts2cbfn	.semi.	.semi.
-varfloor	0.00001	1.000000e-05
-varfn			

INFO: main.c(223): Reading: /home/gaurav/python-scripts/py/scripts/sphinx-source2/an4/model_architecture/an4.untied.mdef
INFO: model_def_io.c(573): Model definition info:
INFO: model_def_io.c(574): 1618 total models defined (34 base, 1584 tri)
INFO: model_def_io.c(575): 6472 total states
INFO: model_def_io.c(576): 4854 total tied states
INFO: model_def_io.c(577): 102 total tied CI states
INFO: model_def_io.c(578): 34 total tied transition matrices
INFO: model_def_io.c(579): 4 max state/model
INFO: model_def_io.c(580): 4 min state/model
INFO: main.c(242): Building trees for [EY AH CH b] through [EY V T b]
INFO: main.c(269): Covering states |[1326 1535]| == 210
INFO: main.c(275): Reading: /home/gaurav/python-scripts/py/scripts/sphinx-source2/an4/model_parameters/an4.cd_ptm_untied/mixture_weights
INFO: s3mixw_io.c(173): Read /home/gaurav/python-scripts/py/scripts/sphinx-source2/an4/model_parameters/an4.cd_ptm_untied/mixture_weights [210x4x64 array]
INFO: main.c(311): 70 of 70 models have observation count greater than 0.000010
INFO: main.c(95): nrm stwt: 0.045 0.909 0.045 
INFO: main.c(411): 70-class entropy: 5.210016e+04
INFO: main.c(549): Reading: /home/gaurav/python-scripts/py/scripts/sphinx-source2/an4/model_architecture/an4.tree_questions
INFO: main.c(588): 180 total simple questions (172 phone; 8 word bndry)
INFO: main.c(590): 42 Left Only questions, and 42 Right Only questions
INFO: dtree.c(1478): Final simple tree
|( WDBNDRY_E 0 6.478e+04 1.104e+03 3.532e+03
|    ( QUESTION7 -1 2.004e+04 3.719e+02 1.210e+03
|        ( QUESTION0_7_R 1 1.303e+04 3.779e+02 8.050e+02
|            ( - 7.977e+03 13 0 QUESTION2 1 2.866e+02 5.253e+02)
|            ( - 4.679e+03 6 0 SILENCE 1 2.895e+02 2.796e+02))
|        ( - 6.632e+03 18 0 QUESTION2 1 2.402e+02 4.055e+02))
|    ( QUESTION1 -1 4.364e+04 7.180e+02 2.322e+03
|        ( - 1.995e+04 4 0 QUESTION0_11_R 1 3.341e+02 1.099e+03)
|        ( WDBNDRY_B 0 2.297e+04 4.648e+02 1.223e+03
|            ( SILENCE -1 2.012e+04 3.790e+02 1.060e+03
|                ( - 2.736e+03 3 0 QUESTION7 1 2.121e+02 1.577e+02)
|                ( QUESTION0 -1 1.700e+04 3.351e+02 9.021e+02
|                    ( - 5.485e+03 9 0 QUESTION2_0_L -1 2.463e+02 2.907e+02)
|                    ( - 1.118e+04 16 0 QUESTION2_2_L -1 2.931e+02 6.114e+02)))
|            ( - 2.389e+03 1 0))))
s>    ( WDBNDRY_E 0 6.478e+04 1.104e+03 3.532e+03
s>        ( QUESTION7 -1 2.004e+04 3.719e+02 1.210e+03
s>            ( QUESTION0_7_R 1 1.303e+04 3.779e+02 8.050e+02
s>                ( - 7.977e+03 13 0 QUESTION2 1 2.866e+02 5.253e+02)
s>                ( - 4.679e+03 6 0 SILENCE 1 2.895e+02 2.796e+02))
s>            ( - 6.632e+03 18 0 QUESTION2 1 2.402e+02 4.055e+02))
s>        ( QUESTION1 -1 4.364e+04 7.180e+02 2.322e+03
s>            ( - 1.995e+04 4 0 QUESTION0_11_R 1 3.341e+02 1.099e+03)
s>            ( WDBNDRY_B 0 2.297e+04 4.648e+02 1.223e+03
s>                ( SILENCE -1 2.012e+04 3.790e+02 1.060e+03
s>                    ( - 2.736e+03 3 0 QUESTION7 1 2.121e+02 1.577e+02)
s>                    ( QUESTION0 -1 1.700e+04 3.351e+02 9.021e+02
s>                        ( - 5.485e+03 9 0 QUESTION2_0_L -1 2.463e+02 2.907e+02)
s>                        ( - 1.118e+04 16 0 QUESTION2_2_L -1 2.931e+02 6.114e+02)))
s>                ( - 2.389e+03 1 0))))INFO: dtree.c(1315): Comp split 0
INFO: dtree.c(1478): Final simple tree
|( QUESTION1 -1 4.364e+04 7.180e+02 2.322e+03
|    ( QUESTION0_11_R 1 1.995e+04 3.341e+02 1.099e+03
|        ( - 1.421e+04 2 0)
|        ( - 5.412e+03 2 0))
|    ( WDBNDRY_B 0 2.297e+04 4.648e+02 1.223e+03
|        ( SILENCE -1 2.012e+04 3.790e+02 1.060e+03
|            ( - 2.736e+03 3 0 QUESTION7 1 2.121e+02 1.577e+02)
|            ( QUESTION0 -1 1.700e+04 3.351e+02 9.021e+02
|                ( - 5.485e+03 9 0 QUESTION2_0_L -1 2.463e+02 2.907e+02)
|                ( QUESTION2_2_L -1 1.118e+04 2.931e+02 6.114e+02
|                    ( - 4.722e+03 8 0 QUESTION4 -1 2.148e+02 2.670e+02)
|                    ( QUESTION6 -1 6.165e+03 2.464e+02 3.444e+02
|                        ( - 1.253e+03 3 0 QUESTION8 -1 1.371e+02 7.829e+01)
|                        ( - 4.665e+03 5 0 QUESTION4 -1 1.994e+02 2.661e+02)))))
|        ( - 2.389e+03 1 0)))
s>    ( QUESTION1 -1 4.364e+04 7.180e+02 2.322e+03
s>        ( QUESTION0_11_R 1 1.995e+04 3.341e+02 1.099e+03
s>            ( - 1.421e+04 2 0)
s>            ( - 5.412e+03 2 0))
s>        ( WDBNDRY_B 0 2.297e+04 4.648e+02 1.223e+03
s>            ( SILENCE -1 2.012e+04 3.790e+02 1.060e+03
s>                ( - 2.736e+03 3 0 QUESTION7 1 2.121e+02 1.577e+02)
s>                ( QUESTION0 -1 1.700e+04 3.351e+02 9.021e+02
s>                    ( - 5.485e+03 9 0 QUESTION2_0_L -1 2.463e+02 2.907e+02)
s>                    ( QUESTION2_2_L -1 1.118e+04 2.931e+02 6.114e+02
s>                        ( - 4.722e+03 8 0 QUESTION4 -1 2.148e+02 2.670e+02)
s>                        ( QUESTION6 -1 6.165e+03 2.464e+02 3.444e+02
s>                            ( - 1.253e+03 3 0 QUESTION8 -1 1.371e+02 7.829e+01)
s>                            ( - 4.665e+03 5 0 QUESTION4 -1 1.994e+02 2.661e+02)))))
s>            ( - 2.389e+03 1 0)))INFO: dtree.c(1478): Final simple tree
|( QUESTION7 -1 2.004e+04 3.719e+02 1.210e+03
|    ( QUESTION0_7_R 1 1.303e+04 3.779e+02 8.050e+02
|        ( QUESTION2 1 7.977e+03 2.866e+02 5.253e+02
|            ( - 1.272e+03 3 0)
|            ( QUESTION6 1 6.419e+03 2.898e+02 4.393e+02
|                ( - 3.400e+03 6 0 QUESTION0_10_R 1 1.986e+02 2.391e+02)
|                ( - 2.729e+03 4 0 QUESTION0 1 1.840e+02 2.003e+02)))
|        ( SILENCE 1 4.679e+03 2.895e+02 2.796e+02
|            ( - 1.510e+03 1 0)
|            ( QUESTION1 1 2.880e+03 2.460e+02 1.855e+02
|                ( - 1.182e+03 1 0)
|                ( - 1.451e+03 4 0 QUESTION0_3_R 1 1.104e+02 1.030e+02))))
|    ( QUESTION2 1 6.632e+03 2.402e+02 4.055e+02
|        ( - 1.122e+03 2 0 QUESTION0_0_R 1 1.455e+02 7.964e+01)
|        ( - 5.270e+03 16 0 QUESTION0_13_R 1 2.342e+02 3.258e+02)))
s>    ( QUESTION7 -1 2.004e+04 3.719e+02 1.210e+03
s>        ( QUESTION0_7_R 1 1.303e+04 3.779e+02 8.050e+02
s>            ( QUESTION2 1 7.977e+03 2.866e+02 5.253e+02
s>                ( - 1.272e+03 3 0)
s>                ( QUESTION6 1 6.419e+03 2.898e+02 4.393e+02
s>                    ( - 3.400e+03 6 0 QUESTION0_10_R 1 1.986e+02 2.391e+02)
s>                    ( - 2.729e+03 4 0 QUESTION0 1 1.840e+02 2.003e+02)))
s>            ( SILENCE 1 4.679e+03 2.895e+02 2.796e+02
s>                ( - 1.510e+03 1 0)
s>                ( QUESTION1 1 2.880e+03 2.460e+02 1.855e+02
s>                    ( - 1.182e+03 1 0)
s>                    ( - 1.451e+03 4 0 QUESTION0_3_R 1 1.104e+02 1.030e+02))))
s>        ( QUESTION2 1 6.632e+03 2.402e+02 4.055e+02
s>            ( - 1.122e+03 2 0 QUESTION0_0_R 1 1.455e+02 7.964e+01)
s>            ( - 5.270e+03 16 0 QUESTION0_13_R 1 2.342e+02 3.258e+02)))INFO: dtree.c(1315): Comp split 1
INFO: dtree.c(1478): Final simple tree
|( WDBNDRY_B 0 2.297e+04 4.648e+02 1.223e+03
|    ( SILENCE -1 2.012e+04 3.790e+02 1.060e+03
|        ( - 2.736e+03 3 0 QUESTION7 1 2.121e+02 1.577e+02)
|        ( QUESTION0 -1 1.700e+04 3.351e+02 9.021e+02
|            ( QUESTION2_0_L -1 5.485e+03 2.463e+02 2.907e+02
|                ( - 3.864e+03 6 0 QUESTION0_11_R 1 1.845e+02 2.045e+02)
|                ( - 1.374e+03 3 0 QUESTION2_12_L -1 1.643e+02 8.620e+01))
|            ( QUESTION2_2_L -1 1.118e+04 2.931e+02 6.114e+02
|                ( QUESTION4 -1 4.722e+03 2.148e+02 2.670e+02
|                    ( - 2.701e+03 2 0 QUESTION0_11_R 1 1.496e+02 1.574e+02)
|                    ( - 1.806e+03 6 0 QUESTION2_5_L -1 1.575e+02 1.096e+02))
|                ( QUESTION6 -1 6.165e+03 2.464e+02 3.444e+02
|                    ( - 1.253e+03 3 0 QUESTION8 -1 1.371e+02 7.829e+01)
|                    ( - 4.665e+03 5 0 QUESTION4 -1 1.994e+02 2.661e+02)))))
|    ( - 2.389e+03 1 0))
s>    ( WDBNDRY_B 0 2.297e+04 4.648e+02 1.223e+03
s>        ( SILENCE -1 2.012e+04 3.790e+02 1.060e+03
s>            ( - 2.736e+03 3 0 QUESTION7 1 2.121e+02 1.577e+02)
s>            ( QUESTION0 -1 1.700e+04 3.351e+02 9.021e+02
s>                ( QUESTION2_0_L -1 5.485e+03 2.463e+02 2.907e+02
s>                    ( - 3.864e+03 6 0 QUESTION0_11_R 1 1.845e+02 2.045e+02)
s>                    ( - 1.374e+03 3 0 QUESTION2_12_L -1 1.643e+02 8.620e+01))
s>                ( QUESTION2_2_L -1 1.118e+04 2.931e+02 6.114e+02
s>                    ( QUESTION4 -1 4.722e+03 2.148e+02 2.670e+02
s>                        ( - 2.701e+03 2 0 QUESTION0_11_R 1 1.496e+02 1.574e+02)
s>                        ( - 1.806e+03 6 0 QUESTION2_5_L -1 1.575e+02 1.096e+02))
s>                    ( QUESTION6 -1 6.165e+03 2.464e+02 3.444e+02
s>                        ( - 1.253e+03 3 0 QUESTION8 -1 1.371e+02 7.829e+01)
s>                        ( - 4.665e+03 5 0 QUESTION4 -1 1.994e+02 2.661e+02)))))
s>        ( - 2.389e+03 1 0))INFO: dtree.c(1439): stop. leaf nodes are specific
INFO: dtree.c(1478): Final simple tree
|( QUESTION0_11_R 1 1.995e+04 3.341e+02 1.099e+03
|    ( - 1.421e+04 2 0)
|    ( - 5.412e+03 2 0))
s>    ( QUESTION0_11_R 1 1.995e+04 3.341e+02 1.099e+03
s>        ( - 1.421e+04 2 0)
s>        ( - 5.412e+03 2 0))INFO: dtree.c(1315): Comp split 2
INFO: dtree.c(1478): Final simple tree
|( QUESTION7 -1 1.114e+04 3.040e+02 6.883e+02
|    ( QUESTION0_0_R 1 4.205e+03 2.938e+02 2.828e+02
|        ( - 1.182e+03 1 0)
|        ( QUESTION0 1 2.729e+03 1.840e+02 2.003e+02
|            ( - 8.208e+02 2 0)
|            ( - 1.724e+03 2 0 QUESTION0_8_R 1 1.328e+02 1.341e+02)))
|    ( QUESTION2 1 6.632e+03 2.402e+02 4.055e+02
|        ( - 1.122e+03 2 0 QUESTION0_0_R 1 1.455e+02 7.964e+01)
|        ( QUESTION0_13_R 1 5.270e+03 2.342e+02 3.258e+02
|            ( QUESTION0_16_R 1 2.152e+03 1.986e+02 1.405e+02
|                ( - 1.095e+03 4 0 QUESTION0_18_R 1 1.336e+02 7.394e+01)
|                ( - 8.578e+02 2 0 QUESTION0_14_R 1 9.758e+01 6.656e+01))
|            ( QUESTION4 1 2.884e+03 1.892e+02 1.853e+02
|                ( - 7.650e+02 2 0 QUESTION0_0_R 1 9.288e+01 5.127e+01)
|                ( - 1.930e+03 8 0 QUESTION0_1_R 1 1.351e+02 1.341e+02)))))
s>    ( QUESTION7 -1 1.114e+04 3.040e+02 6.883e+02
s>        ( QUESTION0_0_R 1 4.205e+03 2.938e+02 2.828e+02
s>            ( - 1.182e+03 1 0)
s>            ( QUESTION0 1 2.729e+03 1.840e+02 2.003e+02
s>                ( - 8.208e+02 2 0)
s>                ( - 1.724e+03 2 0 QUESTION0_8_R 1 1.328e+02 1.341e+02)))
s>        ( QUESTION2 1 6.632e+03 2.402e+02 4.055e+02
s>            ( - 1.122e+03 2 0 QUESTION0_0_R 1 1.455e+02 7.964e+01)
s>            ( QUESTION0_13_R 1 5.270e+03 2.342e+02 3.258e+02
s>                ( QUESTION0_16_R 1 2.152e+03 1.986e+02 1.405e+02
s>                    ( - 1.095e+03 4 0 QUESTION0_18_R 1 1.336e+02 7.394e+01)
s>                    ( - 8.578e+02 2 0 QUESTION0_14_R 1 9.758e+01 6.656e+01))
s>                ( QUESTION4 1 2.884e+03 1.892e+02 1.853e+02
s>                    ( - 7.650e+02 2 0 QUESTION0_0_R 1 9.288e+01 5.127e+01)
s>                    ( - 1.930e+03 8 0 QUESTION0_1_R 1 1.351e+02 1.341e+02)))))INFO: dtree.c(1478): Final simple tree
|( QUESTION7 1 8.406e+03 3.266e+02 5.222e+02
|    ( QUESTION0_10_R 1 2.303e+03 1.611e+02 1.711e+02
|        ( - 1.262e+03 2 0 QUESTION0_11_R 1 8.494e+01 1.010e+02)
|        ( - 8.798e+02 1 0))
|    ( QUESTION3 1 5.777e+03 2.514e+02 3.511e+02
|        ( QUESTION0_16_R 1 1.495e+03 1.405e+02 1.070e+02
|            ( - 2.976e+02 1 0)
|            ( QUESTION0_10_R 1 1.057e+03 1.089e+02 7.800e+01
|                ( - 2.380e+02 1 0)
|                ( - 7.100e+02 3 0 QUESTION0_1_R 1 9.267e+01 5.200e+01)))
|        ( SILENCE 1 4.030e+03 2.331e+02 2.441e+02
|            ( - 1.510e+03 1 0)
|            ( QUESTION0_0_R 1 2.287e+03 1.711e+02 1.500e+02
|                ( - 8.447e+02 2 0)
|                ( - 1.272e+03 3 0)))))
s>    ( QUESTION7 1 8.406e+03 3.266e+02 5.222e+02
s>        ( QUESTION0_10_R 1 2.303e+03 1.611e+02 1.711e+02
s>            ( - 1.262e+03 2 0 QUESTION0_11_R 1 8.494e+01 1.010e+02)
s>            ( - 8.798e+02 1 0))
s>        ( QUESTION3 1 5.777e+03 2.514e+02 3.511e+02
s>            ( QUESTION0_16_R 1 1.495e+03 1.405e+02 1.070e+02
s>                ( - 2.976e+02 1 0)
s>                ( QUESTION0_10_R 1 1.057e+03 1.089e+02 7.800e+01
s>                    ( - 2.380e+02 1 0)
s>                    ( - 7.100e+02 3 0 QUESTION0_1_R 1 9.267e+01 5.200e+01)))
s>            ( SILENCE 1 4.030e+03 2.331e+02 2.441e+02
s>                ( - 1.510e+03 1 0)
s>                ( QUESTION0_0_R 1 2.287e+03 1.711e+02 1.500e+02
s>                    ( - 8.447e+02 2 0)
s>                    ( - 1.272e+03 3 0)))))INFO: dtree.c(1315): Comp split 3
INFO: dtree.c(1478): Final simple tree
|( QUESTION0 -1 1.700e+04 3.351e+02 9.021e+02
|    ( QUESTION2_0_L -1 5.485e+03 2.463e+02 2.907e+02
|        ( - 3.864e+03 6 0 QUESTION0_11_R 1 1.845e+02 2.045e+02)
|        ( - 1.374e+03 3 0 QUESTION2_12_L -1 1.643e+02 8.620e+01))
|    ( QUESTION2_2_L -1 1.118e+04 2.931e+02 6.114e+02
|        ( QUESTION4 -1 4.722e+03 2.148e+02 2.670e+02
|            ( - 2.701e+03 2 0 QUESTION0_11_R 1 1.496e+02 1.574e+02)
|            ( - 1.806e+03 6 0 QUESTION2_5_L -1 1.575e+02 1.096e+02))
|        ( QUESTION6 -1 6.165e+03 2.464e+02 3.444e+02
|            ( - 1.253e+03 3 0 QUESTION8 -1 1.371e+02 7.829e+01)
|            ( QUESTION4 -1 4.665e+03 1.994e+02 2.661e+02
|                ( QUESTION0_11_R 1 3.669e+03 1.978e+02 2.168e+02
|                    ( - 9.677e+02 2 0)
|                    ( - 2.503e+03 2 0))
|                ( - 7.971e+02 1 0)))))
s>    ( QUESTION0 -1 1.700e+04 3.351e+02 9.021e+02
s>        ( QUESTION2_0_L -1 5.485e+03 2.463e+02 2.907e+02
s>            ( - 3.864e+03 6 0 QUESTION0_11_R 1 1.845e+02 2.045e+02)
s>            ( - 1.374e+03 3 0 QUESTION2_12_L -1 1.643e+02 8.620e+01))
s>        ( QUESTION2_2_L -1 1.118e+04 2.931e+02 6.114e+02
s>            ( QUESTION4 -1 4.722e+03 2.148e+02 2.670e+02
s>                ( - 2.701e+03 2 0 QUESTION0_11_R 1 1.496e+02 1.574e+02)
s>                ( - 1.806e+03 6 0 QUESTION2_5_L -1 1.575e+02 1.096e+02))
s>            ( QUESTION6 -1 6.165e+03 2.464e+02 3.444e+02
s>                ( - 1.253e+03 3 0 QUESTION8 -1 1.371e+02 7.829e+01)
s>                ( QUESTION4 -1 4.665e+03 1.994e+02 2.661e+02
s>                    ( QUESTION0_11_R 1 3.669e+03 1.978e+02 2.168e+02
s>                        ( - 9.677e+02 2 0)
s>                        ( - 2.503e+03 2 0))
s>                    ( - 7.971e+02 1 0)))))INFO: dtree.c(1439): stop. leaf nodes are specific
INFO: dtree.c(1478): Final simple tree
|( WDBNDRY_B 0 5.481e+03 3.562e+02 3.205e+02
|    ( QUESTION7 1 2.736e+03 2.121e+02 1.577e+02
|        ( - 9.150e+02 1 0)
|        ( QUESTION0_10_R 1 1.609e+03 4.462e+01 9.419e+01
|            ( - 1.554e+03 1 0)
|            ( - 1.051e+01 1 0)))
|    ( - 2.389e+03 1 0))
s>    ( WDBNDRY_B 0 5.481e+03 3.562e+02 3.205e+02
s>        ( QUESTION7 1 2.736e+03 2.121e+02 1.577e+02
s>            ( - 9.150e+02 1 0)
s>            ( QUESTION0_10_R 1 1.609e+03 4.462e+01 9.419e+01
s>                ( - 1.554e+03 1 0)
s>                ( - 1.051e+01 1 0)))
s>        ( - 2.389e+03 1 0))INFO: dtree.c(1315): Comp split 4
INFO: dtree.c(1478): Final simple tree
|( QUESTION0_13_R 1 6.679e+03 2.470e+02 4.083e+02
|    ( QUESTION0_16_R 1 2.152e+03 1.986e+02 1.405e+02
|        ( QUESTION0_18_R 1 1.095e+03 1.336e+02 7.394e+01
|            ( - 4.655e+02 2 0 QUESTION7 1 7.740e+01 3.900e+01)
|            ( - 4.964e+02 2 0 QUESTION0_17_R 1 8.460e+01 3.494e+01))
|        ( - 8.578e+02 2 0 QUESTION0_14_R 1 9.758e+01 6.656e+01))
|    ( QUESTION7 -1 4.281e+03 2.140e+02 2.678e+02
|        ( - 1.182e+03 1 0)
|        ( QUESTION4 1 2.884e+03 1.892e+02 1.853e+02
|            ( - 7.650e+02 2 0 QUESTION0_0_R 1 9.288e+01 5.127e+01)
|            ( QUESTION0_1_R 1 1.930e+03 1.351e+02 1.341e+02
|                ( - 5.005e+02 1 0)
|                ( QUESTION0_11_R 1 1.294e+03 1.264e+02 9.113e+01
|                    ( - 5.027e+02 2 0 QUESTION0_12_R 1 8.868e+01 4.012e+01)
|                    ( - 6.651e+02 5 0 QUESTION0_8_R 1 8.370e+01 5.102e+01))))))
s>    ( QUESTION0_13_R 1 6.679e+03 2.470e+02 4.083e+02
s>        ( QUESTION0_16_R 1 2.152e+03 1.986e+02 1.405e+02
s>            ( QUESTION0_18_R 1 1.095e+03 1.336e+02 7.394e+01
s>                ( - 4.655e+02 2 0 QUESTION7 1 7.740e+01 3.900e+01)
s>                ( - 4.964e+02 2 0 QUESTION0_17_R 1 8.460e+01 3.494e+01))
s>            ( - 8.578e+02 2 0 QUESTION0_14_R 1 9.758e+01 6.656e+01))
s>        ( QUESTION7 -1 4.281e+03 2.140e+02 2.678e+02
s>            ( - 1.182e+03 1 0)
s>            ( QUESTION4 1 2.884e+03 1.892e+02 1.853e+02
s>                ( - 7.650e+02 2 0 QUESTION0_0_R 1 9.288e+01 5.127e+01)
s>                ( QUESTION0_1_R 1 1.930e+03 1.351e+02 1.341e+02
s>                    ( - 5.005e+02 1 0)
s>                    ( QUESTION0_11_R 1 1.294e+03 1.264e+02 9.113e+01
s>                        ( - 5.027e+02 2 0 QUESTION0_12_R 1 8.868e+01 4.012e+01)
s>                        ( - 6.651e+02 5 0 QUESTION0_8_R 1 8.370e+01 5.102e+01))))))INFO: dtree.c(1439): stop. leaf nodes are specific
INFO: dtree.c(1478): Final simple tree
|( QUESTION2 1 4.069e+03 2.181e+02 2.799e+02
|    ( QUESTION0_0_R 1 1.122e+03 1.455e+02 7.964e+01
|        ( - 7.361e+02 1 0)
|        ( - 2.404e+02 1 0))
|    ( QUESTION0 1 2.729e+03 1.840e+02 2.003e+02
|        ( - 8.208e+02 2 0)
|        ( QUESTION0_8_R 1 1.724e+03 1.328e+02 1.341e+02
|            ( - 4.726e+02 1 0)
|            ( - 1.119e+03 1 0))))
s>    ( QUESTION2 1 4.069e+03 2.181e+02 2.799e+02
s>        ( QUESTION0_0_R 1 1.122e+03 1.455e+02 7.964e+01
s>            ( - 7.361e+02 1 0)
s>            ( - 2.404e+02 1 0))
s>        ( QUESTION0 1 2.729e+03 1.840e+02 2.003e+02
s>            ( - 8.208e+02 2 0)
s>            ( QUESTION0_8_R 1 1.724e+03 1.328e+02 1.341e+02
s>                ( - 4.726e+02 1 0)
s>                ( - 1.119e+03 1 0))))INFO: dtree.c(1315): Comp split 5
INFO: dtree.c(1478): Final simple tree
|( QUESTION0 -1 1.043e+04 2.831e+02 5.568e+02
|    ( QUESTION2_0_L -1 5.485e+03 2.463e+02 2.907e+02
|        ( QUESTION0_11_R 1 3.864e+03 1.845e+02 2.045e+02
|            ( - 8.105e+02 3 0)
|            ( - 2.869e+03 3 0))
|        ( QUESTION2_12_L -1 1.374e+03 1.643e+02 8.620e+01
|            ( QUESTION0_11_R 1 4.472e+02 5.477e+01 2.952e+01
|                ( - 2.912e+02 1 0)
|                ( - 1.013e+02 1 0))
|            ( - 7.628e+02 1 0)))
|    ( QUESTION4 -1 4.665e+03 1.994e+02 2.661e+02
|        ( QUESTION0_11_R 1 3.669e+03 1.978e+02 2.168e+02
|            ( - 9.677e+02 2 0)
|            ( - 2.503e+03 2 0))
|        ( - 7.971e+02 1 0)))
s>    ( QUESTION0 -1 1.043e+04 2.831e+02 5.568e+02
s>        ( QUESTION2_0_L -1 5.485e+03 2.463e+02 2.907e+02
s>            ( QUESTION0_11_R 1 3.864e+03 1.845e+02 2.045e+02
s>                ( - 8.105e+02 3 0)
s>                ( - 2.869e+03 3 0))
s>            ( QUESTION2_12_L -1 1.374e+03 1.643e+02 8.620e+01
s>                ( QUESTION0_11_R 1 4.472e+02 5.477e+01 2.952e+01
s>                    ( - 2.912e+02 1 0)
s>                    ( - 1.013e+02 1 0))
s>                ( - 7.628e+02 1 0)))
s>        ( QUESTION4 -1 4.665e+03 1.994e+02 2.661e+02
s>            ( QUESTION0_11_R 1 3.669e+03 1.978e+02 2.168e+02
s>                ( - 9.677e+02 2 0)
s>                ( - 2.503e+03 2 0))
s>            ( - 7.971e+02 1 0)))INFO: dtree.c(1478): Final simple tree
|( QUESTION2_5_L -1 6.185e+03 2.282e+02 3.453e+02
|    ( QUESTION4 -1 3.438e+03 1.798e+02 1.966e+02
|        ( QUESTION0_11_R 1 2.701e+03 1.496e+02 1.574e+02
|            ( - 2.286e+02 1 0)
|            ( - 2.323e+03 1 0))
|        ( - 5.564e+02 1 0))
|    ( QUESTION7 -1 2.519e+03 1.742e+02 1.487e+02
|        ( QUESTION8 -1 1.253e+03 1.371e+02 7.829e+01
|            ( - 1.187e+02 1 0)
|            ( QUESTION0_11_R 1 9.972e+02 9.712e+01 6.629e+01
|                ( - 1.103e+02 1 0)
|                ( - 7.899e+02 1 0)))
|        ( QUESTION2_9_L -1 1.092e+03 1.178e+02 7.045e+01
|            ( - 2.152e+02 2 0 QUESTION0_11_R 1 3.830e+01 1.988e+01)
|            ( - 7.589e+02 3 0 QUESTION0_11_R 1 7.868e+01 5.057e+01))))
s>    ( QUESTION2_5_L -1 6.185e+03 2.282e+02 3.453e+02
s>        ( QUESTION4 -1 3.438e+03 1.798e+02 1.966e+02
s>            ( QUESTION0_11_R 1 2.701e+03 1.496e+02 1.574e+02
s>                ( - 2.286e+02 1 0)
s>                ( - 2.323e+03 1 0))
s>            ( - 5.564e+02 1 0))
s>        ( QUESTION7 -1 2.519e+03 1.742e+02 1.487e+02
s>            ( QUESTION8 -1 1.253e+03 1.371e+02 7.829e+01
s>                ( - 1.187e+02 1 0)
s>                ( QUESTION0_11_R 1 9.972e+02 9.712e+01 6.629e+01
s>                    ( - 1.103e+02 1 0)
s>                    ( - 7.899e+02 1 0)))
s>            ( QUESTION2_9_L -1 1.092e+03 1.178e+02 7.045e+01
s>                ( - 2.152e+02 2 0 QUESTION0_11_R 1 3.830e+01 1.988e+01)
s>                ( - 7.589e+02 3 0 QUESTION0_11_R 1 7.868e+01 5.057e+01))))INFO: dtree.c(1315): Comp split 6
INFO: dtree.c(1439): stop. leaf nodes are specific
INFO: dtree.c(1478): Final simple tree
|( QUESTION7 1 2.736e+03 2.121e+02 1.577e+02
|    ( - 9.150e+02 1 0)
|    ( QUESTION0_10_R 1 1.609e+03 4.462e+01 9.419e+01
|        ( - 1.554e+03 1 0)
|        ( - 1.051e+01 1 0)))
s>    ( QUESTION7 1 2.736e+03 2.121e+02 1.577e+02
s>        ( - 9.150e+02 1 0)
s>        ( QUESTION0_10_R 1 1.609e+03 4.462e+01 9.419e+01
s>            ( - 1.554e+03 1 0)
s>            ( - 1.051e+01 1 0)))INFO: dtree.c(1315): Comp split 7
INFO: dtree.c(1439): stop. leaf nodes are specific
INFO: dtree.c(1478): Final simple tree
|( QUESTION0_0_R 1 4.922e+03 2.686e+02 2.961e+02
|    ( QUESTION0_3_R 1 1.451e+03 1.104e+02 1.030e+02
|        ( - 8.447e+02 2 0)
|        ( QUESTION0_1_R 1 4.963e+02 7.293e+01 3.900e+01
|            ( - 3.581e+02 1 0)
|            ( - 6.531e+01 1 0)))
|    ( QUESTION0_8_R 1 3.202e+03 1.950e+02 1.931e+02
|        ( - 1.272e+03 3 0)
|        ( SILENCE 1 1.735e+03 8.632e+01 1.071e+02
|            ( - 1.510e+03 1 0)
|            ( - 1.395e+02 1 0))))
s>    ( QUESTION0_0_R 1 4.922e+03 2.686e+02 2.961e+02
s>        ( QUESTION0_3_R 1 1.451e+03 1.104e+02 1.030e+02
s>            ( - 8.447e+02 2 0)
s>            ( QUESTION0_1_R 1 4.963e+02 7.293e+01 3.900e+01
s>                ( - 3.581e+02 1 0)
s>                ( - 6.531e+01 1 0)))
s>        ( QUESTION0_8_R 1 3.202e+03 1.950e+02 1.931e+02
s>            ( - 1.272e+03 3 0)
s>            ( SILENCE 1 1.735e+03 8.632e+01 1.071e+02
s>                ( - 1.510e+03 1 0)
s>                ( - 1.395e+02 1 0))))INFO: dtree.c(1439): stop. leaf nodes are specific
INFO: dtree.c(1478): Final simple tree
|( QUESTION0_10_R 1 3.131e+03 1.858e+02 2.261e+02
|    ( QUESTION0_12_R 1 1.642e+03 1.416e+02 1.270e+02
|        ( - 2.380e+02 1 0)
|        ( QUESTION0_11_R 1 1.262e+03 8.494e+01 1.010e+02
|            ( - 8.518e+01 1 0)
|            ( - 1.092e+03 1 0)))
|    ( QUESTION7 1 1.303e+03 1.260e+02 9.907e+01
|        ( - 8.798e+02 1 0)
|        ( - 2.976e+02 1 0)))
s>    ( QUESTION0_10_R 1 3.131e+03 1.858e+02 2.261e+02
s>        ( QUESTION0_12_R 1 1.642e+03 1.416e+02 1.270e+02
s>            ( - 2.380e+02 1 0)
s>            ( QUESTION0_11_R 1 1.262e+03 8.494e+01 1.010e+02
s>                ( - 8.518e+01 1 0)
s>                ( - 1.092e+03 1 0)))
s>        ( QUESTION7 1 1.303e+03 1.260e+02 9.907e+01
s>            ( - 8.798e+02 1 0)
s>            ( - 2.976e+02 1 0)))INFO: dtree.c(1315): Comp split 8
INFO: dtree.c(1315): Comp split 9
INFO: dtree.c(1439): stop. leaf nodes are specific
INFO: dtree.c(1478): Final simple tree
|( QUESTION2_0_L -1 4.478e+03 2.342e+02 2.367e+02
|    ( - 2.869e+03 3 0)
|    ( QUESTION2_12_L -1 1.374e+03 1.643e+02 8.620e+01
|        ( QUESTION0_11_R 1 4.472e+02 5.477e+01 2.952e+01
|            ( - 2.912e+02 1 0)
|            ( - 1.013e+02 1 0))
|        ( - 7.628e+02 1 0)))
s>    ( QUESTION2_0_L -1 4.478e+03 2.342e+02 2.367e+02
s>        ( - 2.869e+03 3 0)
s>        ( QUESTION2_12_L -1 1.374e+03 1.643e+02 8.620e+01
s>            ( QUESTION0_11_R 1 4.472e+02 5.477e+01 2.952e+01
s>                ( - 2.912e+02 1 0)
s>                ( - 1.013e+02 1 0))
s>            ( - 7.628e+02 1 0)))INFO: dtree.c(1439): stop. leaf nodes are specific
INFO: dtree.c(1478): Final simple tree
|( QUESTION4 -1 5.630e+03 2.161e+02 3.201e+02
|    ( QUESTION0_11_R 1 3.669e+03 1.978e+02 2.168e+02
|        ( - 9.677e+02 2 0)
|        ( - 2.503e+03 2 0))
|    ( QUESTION0_11_R 1 1.746e+03 1.380e+02 1.033e+02
|        ( - 8.105e+02 3 0)
|        ( - 7.971e+02 1 0)))
s>    ( QUESTION4 -1 5.630e+03 2.161e+02 3.201e+02
s>        ( QUESTION0_11_R 1 3.669e+03 1.978e+02 2.168e+02
s>            ( - 9.677e+02 2 0)
s>            ( - 2.503e+03 2 0))
s>        ( QUESTION0_11_R 1 1.746e+03 1.380e+02 1.033e+02
s>            ( - 8.105e+02 3 0)
s>            ( - 7.971e+02 1 0)))INFO: dtree.c(1315): Comp split 10
INFO: dtree.c(1478): Final simple tree
|( QUESTION0_13_R 1 2.560e+03 1.641e+02 1.731e+02
|    ( QUESTION7 1 4.655e+02 7.740e+01 3.900e+01
|        ( - 2.399e+02 1 0)
|        ( - 1.483e+02 1 0))
|    ( QUESTION0_1_R 1 1.930e+03 1.351e+02 1.341e+02
|        ( - 5.005e+02 1 0)
|        ( QUESTION0_11_R 1 1.294e+03 1.264e+02 9.113e+01
|            ( QUESTION0_12_R 1 5.027e+02 8.868e+01 4.012e+01
|                ( - 2.342e+02 1 0)
|                ( - 1.798e+02 1 0))
|            ( QUESTION0_8_R 1 6.651e+02 8.370e+01 5.102e+01
|                ( - 4.261e+02 2 0)
|                ( QUESTION0_0_R 1 1.554e+02 3.327e+01 1.602e+01
|                    ( - 3.533e+01 1 0)
|                    ( - 8.675e+01 2 0 QUESTION6 -1 3.175e+01 1.000e+01))))))
s>    ( QUESTION0_13_R 1 2.560e+03 1.641e+02 1.731e+02
s>        ( QUESTION7 1 4.655e+02 7.740e+01 3.900e+01
s>            ( - 2.399e+02 1 0)
s>            ( - 1.483e+02 1 0))
s>        ( QUESTION0_1_R 1 1.930e+03 1.351e+02 1.341e+02
s>            ( - 5.005e+02 1 0)
s>            ( QUESTION0_11_R 1 1.294e+03 1.264e+02 9.113e+01
s>                ( QUESTION0_12_R 1 5.027e+02 8.868e+01 4.012e+01
s>                    ( - 2.342e+02 1 0)
s>                    ( - 1.798e+02 1 0))
s>                ( QUESTION0_8_R 1 6.651e+02 8.370e+01 5.102e+01
s>                    ( - 4.261e+02 2 0)
s>                    ( QUESTION0_0_R 1 1.554e+02 3.327e+01 1.602e+01
s>                        ( - 3.533e+01 1 0)
s>                        ( - 8.675e+01 2 0 QUESTION6 -1 3.175e+01 1.000e+01))))))INFO: dtree.c(1439): stop. leaf nodes are specific
INFO: dtree.c(1478): Final simple tree
|( QUESTION4 1 3.829e+03 2.227e+02 2.353e+02
|    ( QUESTION0_8_R 1 1.248e+03 1.327e+02 7.821e+01
|        ( - 4.641e+02 1 0)
|        ( QUESTION0_0_R 1 6.510e+02 8.596e+01 4.590e+01
|            ( - 2.081e+02 1 0)
|            ( - 3.570e+02 1 0)))
|    ( QUESTION0_0_R 1 2.358e+03 1.731e+02 1.571e+02
|        ( - 1.182e+03 1 0)
|        ( QUESTION0_14_R 1 1.003e+03 1.177e+02 7.456e+01
|            ( - 4.394e+02 1 0)
|            ( QUESTION0_16_R 1 4.458e+02 7.026e+01 3.500e+01
|                ( - 5.478e+01 1 0)
|                ( - 3.208e+02 1 0)))))
s>    ( QUESTION4 1 3.829e+03 2.227e+02 2.353e+02
s>        ( QUESTION0_8_R 1 1.248e+03 1.327e+02 7.821e+01
s>            ( - 4.641e+02 1 0)
s>            ( QUESTION0_0_R 1 6.510e+02 8.596e+01 4.590e+01
s>                ( - 2.081e+02 1 0)
s>                ( - 3.570e+02 1 0)))
s>        ( QUESTION0_0_R 1 2.358e+03 1.731e+02 1.571e+02
s>            ( - 1.182e+03 1 0)
s>            ( QUESTION0_14_R 1 1.003e+03 1.177e+02 7.456e+01
s>                ( - 4.394e+02 1 0)
s>                ( QUESTION0_16_R 1 4.458e+02 7.026e+01 3.500e+01
s>                    ( - 5.478e+01 1 0)
s>                    ( - 3.208e+02 1 0)))))INFO: dtree.c(1315): Comp split 11
INFO: dtree.c(1439): stop. leaf nodes are specific
INFO: dtree.c(1478): Final simple tree
|( QUESTION4 -1 3.998e+03 1.895e+02 2.326e+02
|    ( QUESTION0_11_R 1 2.701e+03 1.496e+02 1.574e+02
|        ( - 2.286e+02 1 0)
|        ( - 2.323e+03 1 0))
|    ( QUESTION6 -1 1.107e+03 1.015e+02 7.517e+01
|        ( - 7.899e+02 1 0)
|        ( QUESTION0_11_R 1 2.152e+02 3.830e+01 1.988e+01
|            ( - 1.320e+02 1 0)
|            ( - 4.494e+01 1 0))))
s>    ( QUESTION4 -1 3.998e+03 1.895e+02 2.326e+02
s>        ( QUESTION0_11_R 1 2.701e+03 1.496e+02 1.574e+02
s>            ( - 2.286e+02 1 0)
s>            ( - 2.323e+03 1 0))
s>        ( QUESTION6 -1 1.107e+03 1.015e+02 7.517e+01
s>            ( - 7.899e+02 1 0)
s>            ( QUESTION0_11_R 1 2.152e+02 3.830e+01 1.988e+01
s>                ( - 1.320e+02 1 0)
s>                ( - 4.494e+01 1 0))))INFO: dtree.c(1439): stop. leaf nodes are specific
INFO: dtree.c(1478): Final simple tree
|( QUESTION2_5_L -1 1.902e+03 1.542e+02 1.128e+02
|    ( - 5.564e+02 1 0)
|    ( QUESTION7 -1 1.191e+03 1.329e+02 7.357e+01
|        ( QUESTION0_11_R 1 2.991e+02 7.012e+01 2.300e+01
|            ( - 1.103e+02 1 0)
|            ( - 1.187e+02 1 0))
|        ( QUESTION0_11_R 1 7.589e+02 7.868e+01 5.057e+01
|            ( QUESTION6 -1 7.246e+01 2.304e+01 9.000e+00
|                ( - 1.975e+01 1 0)
|                ( - 2.967e+01 1 0))
|            ( - 6.078e+02 1 0))))
s>    ( QUESTION2_5_L -1 1.902e+03 1.542e+02 1.128e+02
s>        ( - 5.564e+02 1 0)
s>        ( QUESTION7 -1 1.191e+03 1.329e+02 7.357e+01
s>            ( QUESTION0_11_R 1 2.991e+02 7.012e+01 2.300e+01
s>                ( - 1.103e+02 1 0)
s>                ( - 1.187e+02 1 0))
s>            ( QUESTION0_11_R 1 7.589e+02 7.868e+01 5.057e+01
s>                ( QUESTION6 -1 7.246e+01 2.304e+01 9.000e+00
s>                    ( - 1.975e+01 1 0)
s>                    ( - 2.967e+01 1 0))
s>                ( - 6.078e+02 1 0))))INFO: dtree.c(1315): Comp split 12
INFO: dtree.c(1439): stop. leaf nodes are specific
INFO: dtree.c(1478): Final simple tree
|( QUESTION0_8_R 1 3.202e+03 1.950e+02 1.931e+02
|    ( - 1.272e+03 3 0)
|    ( SILENCE 1 1.735e+03 8.632e+01 1.071e+02
|        ( - 1.510e+03 1 0)
|        ( - 1.395e+02 1 0)))
s>    ( QUESTION0_8_R 1 3.202e+03 1.950e+02 1.931e+02
s>        ( - 1.272e+03 3 0)
s>        ( SILENCE 1 1.735e+03 8.632e+01 1.071e+02
s>            ( - 1.510e+03 1 0)
s>            ( - 1.395e+02 1 0)))INFO: dtree.c(1439): stop. leaf nodes are specific
INFO: dtree.c(1478): Final simple tree
|( QUESTION0_3_R 1 1.451e+03 1.104e+02 1.030e+02
|    ( - 8.447e+02 2 0)
|    ( QUESTION0_1_R 1 4.963e+02 7.293e+01 3.900e+01
|        ( - 3.581e+02 1 0)
|        ( - 6.531e+01 1 0)))
s>    ( QUESTION0_3_R 1 1.451e+03 1.104e+02 1.030e+02
s>        ( - 8.447e+02 2 0)
s>        ( QUESTION0_1_R 1 4.963e+02 7.293e+01 3.900e+01
s>            ( - 3.581e+02 1 0)
s>            ( - 6.531e+01 1 0)))INFO: dtree.c(1315): Comp split 13
INFO: dtree.c(1439): stop. leaf nodes are specific
INFO: dtree.c(1478): Final simple tree
|( QUESTION0_0_R 1 2.401e+03 1.818e+02 1.664e+02
|    ( - 7.361e+02 1 0)
|    ( QUESTION0_8_R 1 1.483e+03 1.244e+02 1.117e+02
|        ( - 2.404e+02 1 0)
|        ( - 1.119e+03 1 0)))
s>    ( QUESTION0_0_R 1 2.401e+03 1.818e+02 1.664e+02
s>        ( - 7.361e+02 1 0)
s>        ( QUESTION0_8_R 1 1.483e+03 1.244e+02 1.117e+02
s>            ( - 2.404e+02 1 0)
s>            ( - 1.119e+03 1 0)))INFO: dtree.c(1439): stop. leaf nodes are specific
INFO: dtree.c(1478): Final simple tree
|( QUESTION0 1 1.426e+03 1.330e+02 1.135e+02
|    ( - 8.208e+02 2 0)
|    ( - 4.726e+02 1 0))
s>    ( QUESTION0 1 1.426e+03 1.330e+02 1.135e+02
s>        ( - 8.208e+02 2 0)
s>        ( - 4.726e+02 1 0))INFO: dtree.c(1315): Comp split 14
INFO: dtree.c(1439): stop. leaf nodes are specific
INFO: dtree.c(1478): Final simple tree
|( QUESTION0_8_R 1 1.388e+03 1.354e+02 8.621e+01
|    ( - 4.641e+02 1 0)
|    ( QUESTION0_0_R 1 7.885e+02 8.400e+01 5.390e+01
|        ( - 2.081e+02 1 0)
|        ( QUESTION0_17_R 1 4.964e+02 8.460e+01 3.494e+01
|            ( - 5.478e+01 1 0)
|            ( - 3.570e+02 1 0))))
s>    ( QUESTION0_8_R 1 1.388e+03 1.354e+02 8.621e+01
s>        ( - 4.641e+02 1 0)
s>        ( QUESTION0_0_R 1 7.885e+02 8.400e+01 5.390e+01
s>            ( - 2.081e+02 1 0)
s>            ( QUESTION0_17_R 1 4.964e+02 8.460e+01 3.494e+01
s>                ( - 5.478e+01 1 0)
s>                ( - 3.570e+02 1 0))))INFO: dtree.c(1439): stop. leaf nodes are specific
INFO: dtree.c(1478): Final simple tree
|( QUESTION0_0_R 1 2.201e+03 1.606e+02 1.491e+02
|    ( - 1.182e+03 1 0)
|    ( QUESTION0_14_R 1 8.578e+02 9.758e+01 6.656e+01
|        ( - 4.394e+02 1 0)
|        ( - 3.208e+02 1 0)))
s>    ( QUESTION0_0_R 1 2.201e+03 1.606e+02 1.491e+02
s>        ( - 1.182e+03 1 0)
s>        ( QUESTION0_14_R 1 8.578e+02 9.758e+01 6.656e+01
s>            ( - 4.394e+02 1 0)
s>            ( - 3.208e+02 1 0)))INFO: dtree.c(1315): Comp split 15
INFO: dtree.c(1439): stop. leaf nodes are specific
INFO: dtree.c(1478): Final simple tree
|( QUESTION2_12_L -1 1.374e+03 1.643e+02 8.620e+01
|    ( QUESTION0_11_R 1 4.472e+02 5.477e+01 2.952e+01
|        ( - 2.912e+02 1 0)
|        ( - 1.013e+02 1 0))
|    ( - 7.628e+02 1 0))
s>    ( QUESTION2_12_L -1 1.374e+03 1.643e+02 8.620e+01
s>        ( QUESTION0_11_R 1 4.472e+02 5.477e+01 2.952e+01
s>            ( - 2.912e+02 1 0)
s>            ( - 1.013e+02 1 0))
s>        ( - 7.628e+02 1 0))INFO: dtree.c(1315): Comp split 16
INFO: dtree.c(1439): stop. leaf nodes are specific
INFO: dtree.c(1478): Final simple tree
|( QUESTION4 -1 2.897e+03 1.833e+02 1.673e+02
|    ( - 9.677e+02 2 0)
|    ( QUESTION0_11_R 1 1.746e+03 1.380e+02 1.033e+02
|        ( - 8.105e+02 3 0)
|        ( - 7.971e+02 1 0)))
s>    ( QUESTION4 -1 2.897e+03 1.833e+02 1.673e+02
s>        ( - 9.677e+02 2 0)
s>        ( QUESTION0_11_R 1 1.746e+03 1.380e+02 1.033e+02
s>            ( - 8.105e+02 3 0)
s>            ( - 7.971e+02 1 0)))INFO: dtree.c(1315): Comp split 17
INFO: dtree.c(1439): stop. leaf nodes are specific
INFO: dtree.c(1478): Final simple tree
|( QUESTION6 -1 1.452e+03 1.276e+02 9.717e+01
|    ( - 7.899e+02 1 0)
|    ( QUESTION4 -1 5.347e+02 9.090e+01 4.188e+01
|        ( - 2.286e+02 1 0)
|        ( QUESTION0_11_R 1 2.152e+02 3.830e+01 1.988e+01
|            ( - 1.320e+02 1 0)
|            ( - 4.494e+01 1 0))))
s>    ( QUESTION6 -1 1.452e+03 1.276e+02 9.717e+01
s>        ( - 7.899e+02 1 0)
s>        ( QUESTION4 -1 5.347e+02 9.090e+01 4.188e+01
s>            ( - 2.286e+02 1 0)
s>            ( QUESTION0_11_R 1 2.152e+02 3.830e+01 1.988e+01
s>                ( - 1.320e+02 1 0)
s>                ( - 4.494e+01 1 0))))INFO: dtree.c(1315): Comp split 18
INFO: dtree.c(1439): stop. leaf nodes are specific
INFO: dtree.c(1478): Final simple tree
|( QUESTION0_10_R 1 1.609e+03 4.462e+01 9.419e+01
|    ( - 1.554e+03 1 0)
|    ( - 1.051e+01 1 0))
s>    ( QUESTION0_10_R 1 1.609e+03 4.462e+01 9.419e+01
s>        ( - 1.554e+03 1 0)
s>        ( - 1.051e+01 1 0))INFO: dtree.c(1315): Comp split 19
INFO: dtree.c(1439): stop. leaf nodes are specific
INFO: dtree.c(1478): Final simple tree
|( QUESTION0_9_R 1 1.017e+03 9.312e+01 7.509e+01
|    ( QUESTION0_10_R 1 4.094e+02 8.130e+01 3.407e+01
|        ( - 1.798e+02 1 0)
|        ( - 1.483e+02 1 0))
|    ( QUESTION0_0_R 1 5.149e+02 5.350e+01 4.102e+01
|        ( - 3.533e+01 1 0)
|        ( - 4.261e+02 2 0)))
s>    ( QUESTION0_9_R 1 1.017e+03 9.312e+01 7.509e+01
s>        ( QUESTION0_10_R 1 4.094e+02 8.130e+01 3.407e+01
s>            ( - 1.798e+02 1 0)
s>            ( - 1.483e+02 1 0))
s>        ( QUESTION0_0_R 1 5.149e+02 5.350e+01 4.102e+01
s>            ( - 3.533e+01 1 0)
s>            ( - 4.261e+02 2 0)))INFO: dtree.c(1439): stop. leaf nodes are specific
INFO: dtree.c(1478): Final simple tree
|( QUESTION7 1 1.335e+03 1.257e+02 9.799e+01
|    ( QUESTION0_10_R 1 3.852e+02 5.856e+01 3.300e+01
|        ( QUESTION6 -1 8.675e+01 3.175e+01 1.000e+01
|            ( - 4.300e+01 1 0)
|            ( - 1.199e+01 1 0))
|        ( - 2.399e+02 1 0))
|    ( QUESTION0_0_R 1 8.238e+02 8.901e+01 6.499e+01
|        ( - 5.005e+02 1 0)
|        ( - 2.342e+02 1 0)))
s>    ( QUESTION7 1 1.335e+03 1.257e+02 9.799e+01
s>        ( QUESTION0_10_R 1 3.852e+02 5.856e+01 3.300e+01
s>            ( QUESTION6 -1 8.675e+01 3.175e+01 1.000e+01
s>                ( - 4.300e+01 1 0)
s>                ( - 1.199e+01 1 0))
s>            ( - 2.399e+02 1 0))
s>        ( QUESTION0_0_R 1 8.238e+02 8.901e+01 6.499e+01
s>            ( - 5.005e+02 1 0)
s>            ( - 2.342e+02 1 0)))INFO: dtree.c(1315): Comp split 20
INFO: dtree.c(1439): stop. leaf nodes are specific
INFO: dtree.c(1478): Final simple tree
|( QUESTION0_10_R 1 1.693e+03 1.327e+02 1.300e+02
|    ( QUESTION0_11_R 1 1.262e+03 8.494e+01 1.010e+02
|        ( - 8.518e+01 1 0)
|        ( - 1.092e+03 1 0))
|    ( - 2.976e+02 1 0))
s>    ( QUESTION0_10_R 1 1.693e+03 1.327e+02 1.300e+02
s>        ( QUESTION0_11_R 1 1.262e+03 8.494e+01 1.010e+02
s>            ( - 8.518e+01 1 0)
s>            ( - 1.092e+03 1 0))
s>        ( - 2.976e+02 1 0))INFO: dtree.c(1439): stop. leaf nodes are specific
INFO: dtree.c(1478): Final simple tree
|( QUESTION0_10_R 1 1.232e+03 1.138e+02 9.607e+01
|    ( - 2.380e+02 1 0)
|    ( - 8.798e+02 1 0))
s>    ( QUESTION0_10_R 1 1.232e+03 1.138e+02 9.607e+01
s>        ( - 2.380e+02 1 0)
s>        ( - 8.798e+02 1 0))INFO: dtree.c(1315): Comp split 21
INFO: dtree.c(1439): stop. leaf nodes are specific
INFO: dtree.c(1478): Final simple tree
|( SILENCE 1 1.735e+03 8.632e+01 1.071e+02
|    ( - 1.510e+03 1 0)
|    ( - 1.395e+02 1 0))
s>    ( SILENCE 1 1.735e+03 8.632e+01 1.071e+02
s>        ( - 1.510e+03 1 0)
s>        ( - 1.395e+02 1 0))INFO: dtree.c(1315): Comp split 22
INFO: dtree.c(1439): stop. leaf nodes are specific
INFO: dtree.c(1478): Final simple tree
|( QUESTION0_11_R 1 1.746e+03 1.380e+02 1.033e+02
|    ( - 8.105e+02 3 0)
|    ( - 7.971e+02 1 0))
s>    ( QUESTION0_11_R 1 1.746e+03 1.380e+02 1.033e+02
s>        ( - 8.105e+02 3 0)
s>        ( - 7.971e+02 1 0))INFO: dtree.c(1315): Comp split 23
INFO: dtree.c(1439): stop. leaf nodes are specific
INFO: dtree.c(1478): Final simple tree
|( QUESTION0_8_R 1 1.483e+03 1.244e+02 1.117e+02
|    ( - 2.404e+02 1 0)
|    ( - 1.119e+03 1 0))
s>    ( QUESTION0_8_R 1 1.483e+03 1.244e+02 1.117e+02
s>        ( - 2.404e+02 1 0)
s>        ( - 1.119e+03 1 0))INFO: dtree.c(1315): Comp split 24
INFO: dtree.c(1439): stop. leaf nodes are specific
INFO: dtree.c(1478): Final simple tree
|( QUESTION0_11_R 1 4.345e+02 8.269e+01 3.200e+01
|    ( QUESTION7 -1 2.331e+02 5.040e+01 2.000e+01
|        ( - 1.103e+02 1 0)
|        ( QUESTION6 -1 7.246e+01 2.304e+01 9.000e+00
|            ( - 1.975e+01 1 0)
|            ( - 2.967e+01 1 0)))
|    ( - 1.187e+02 1 0))
s>    ( QUESTION0_11_R 1 4.345e+02 8.269e+01 3.200e+01
s>        ( QUESTION7 -1 2.331e+02 5.040e+01 2.000e+01
s>            ( - 1.103e+02 1 0)
s>            ( QUESTION6 -1 7.246e+01 2.304e+01 9.000e+00
s>                ( - 1.975e+01 1 0)
s>                ( - 2.967e+01 1 0)))
s>        ( - 1.187e+02 1 0))INFO: dtree.c(1439): stop. leaf nodes are specific
INFO: dtree.c(1478): Final simple tree
|( QUESTION2_5_L -1 1.290e+03 1.257e+02 8.075e+01
|    ( - 5.564e+02 1 0)
|    ( - 6.078e+02 1 0))
s>    ( QUESTION2_5_L -1 1.290e+03 1.257e+02 8.075e+01
s>        ( - 5.564e+02 1 0)
s>        ( - 6.078e+02 1 0))INFO: dtree.c(1315): Comp split 25
INFO: dtree.c(1439): stop. leaf nodes are specific
INFO: dtree.c(1478): Final simple tree
|( QUESTION0_11_R 1 4.472e+02 5.477e+01 2.952e+01
|    ( - 2.912e+02 1 0)
|    ( - 1.013e+02 1 0))
s>    ( QUESTION0_11_R 1 4.472e+02 5.477e+01 2.952e+01
s>        ( - 2.912e+02 1 0)
s>        ( - 1.013e+02 1 0))INFO: dtree.c(1315): Comp split 26
INFO: dtree.c(1439): stop. leaf nodes are specific
INFO: dtree.c(1478): Final simple tree
|( QUESTION0_14_R 1 8.578e+02 9.758e+01 6.656e+01
|    ( - 4.394e+02 1 0)
|    ( - 3.208e+02 1 0))
s>    ( QUESTION0_14_R 1 8.578e+02 9.758e+01 6.656e+01
s>        ( - 4.394e+02 1 0)
s>        ( - 3.208e+02 1 0))INFO: dtree.c(1315): Comp split 27
INFO: dtree.c(1439): stop. leaf nodes are specific
INFO: dtree.c(1478): Final simple tree
|( QUESTION0_10_R 1 4.491e+02 6.623e+01 4.000e+01
|    ( - 8.518e+01 1 0)
|    ( - 2.976e+02 1 0))
s>    ( QUESTION0_10_R 1 4.491e+02 6.623e+01 4.000e+01
s>        ( - 8.518e+01 1 0)
s>        ( - 2.976e+02 1 0))INFO: dtree.c(1315): Comp split 28
INFO: dtree.c(1439): stop. leaf nodes are specific
INFO: dtree.c(1478): Final simple tree
|( QUESTION0_0_R 1 6.510e+02 8.596e+01 4.590e+01
|    ( - 2.081e+02 1 0)
|    ( - 3.570e+02 1 0))
s>    ( QUESTION0_0_R 1 6.510e+02 8.596e+01 4.590e+01
s>        ( - 2.081e+02 1 0)
s>        ( - 3.570e+02 1 0))INFO: dtree.c(1439): stop. leaf nodes are specific
INFO: dtree.c(1478): Final simple tree
|( QUESTION0_8_R 1 5.936e+02 7.472e+01 4.031e+01
|    ( - 4.641e+02 1 0)
|    ( - 5.478e+01 1 0))
s>    ( QUESTION0_8_R 1 5.936e+02 7.472e+01 4.031e+01
s>        ( - 4.641e+02 1 0)
s>        ( - 5.478e+01 1 0))INFO: dtree.c(1315): Comp split 29
INFO: dtree.c(1315): Comp split 30
INFO: dtree.c(1315): Comp split 31
INFO: dtree.c(1439): stop. leaf nodes are specific
INFO: dtree.c(1478): Final simple tree
|( QUESTION0_0_R 1 8.839e+02 9.746e+01 6.799e+01
|    ( - 5.005e+02 1 0)
|    ( QUESTION0_11_R 1 2.859e+02 3.973e+01 2.505e+01
|        ( - 2.342e+02 1 0)
|        ( - 1.199e+01 1 0)))
s>    ( QUESTION0_0_R 1 8.839e+02 9.746e+01 6.799e+01
s>        ( - 5.005e+02 1 0)
s>        ( QUESTION0_11_R 1 2.859e+02 3.973e+01 2.505e+01
s>            ( - 2.342e+02 1 0)
s>            ( - 1.199e+01 1 0)))INFO: dtree.c(1439): stop. leaf nodes are specific
INFO: dtree.c(1478): Final simple tree
|( QUESTION0_10_R 1 3.218e+02 3.892e+01 3.000e+01
|    ( - 4.300e+01 1 0)
|    ( - 2.399e+02 1 0))
s>    ( QUESTION0_10_R 1 3.218e+02 3.892e+01 3.000e+01
s>        ( - 4.300e+01 1 0)
s>        ( - 2.399e+02 1 0))INFO: dtree.c(1315): Comp split 32
INFO: dtree.c(1439): stop. leaf nodes are specific
INFO: dtree.c(1478): Final simple tree
|( QUESTION4 -1 5.347e+02 9.090e+01 4.188e+01
|    ( - 2.286e+02 1 0)
|    ( QUESTION0_11_R 1 2.152e+02 3.830e+01 1.988e+01
|        ( - 1.320e+02 1 0)
|        ( - 4.494e+01 1 0)))
s>    ( QUESTION4 -1 5.347e+02 9.090e+01 4.188e+01
s>        ( - 2.286e+02 1 0)
s>        ( QUESTION0_11_R 1 2.152e+02 3.830e+01 1.988e+01
s>            ( - 1.320e+02 1 0)
s>            ( - 4.494e+01 1 0)))INFO: dtree.c(1315): Comp split 33
INFO: dtree.c(1315): Comp split 34
INFO: dtree.c(1315): Comp split 35
INFO: dtree.c(1315): Comp split 36
INFO: dtree.c(1439): stop. leaf nodes are specific
INFO: dtree.c(1478): Final simple tree
|( QUESTION0_1_R 1 4.963e+02 7.293e+01 3.900e+01
|    ( - 3.581e+02 1 0)
|    ( - 6.531e+01 1 0))
s>    ( QUESTION0_1_R 1 4.963e+02 7.293e+01 3.900e+01
s>        ( - 3.581e+02 1 0)
s>        ( - 6.531e+01 1 0))INFO: dtree.c(1315): Comp split 37
INFO: dtree.c(1315): Comp split 38
INFO: dtree.c(1439): stop. leaf nodes are specific
INFO: dtree.c(1478): Final simple tree
|( QUESTION0_11_R 1 2.859e+02 3.973e+01 2.505e+01
|    ( - 2.342e+02 1 0)
|    ( - 1.199e+01 1 0))
s>    ( QUESTION0_11_R 1 2.859e+02 3.973e+01 2.505e+01
s>        ( - 2.342e+02 1 0)
s>        ( - 1.199e+01 1 0))INFO: dtree.c(1315): Comp split 39
INFO: dtree.c(1439): stop. leaf nodes are specific
INFO: dtree.c(1478): Final simple tree
|( QUESTION0_0_R 1 2.312e+02 4.766e+01 2.202e+01
|    ( - 3.533e+01 1 0)
|    ( - 1.483e+02 1 0))
s>    ( QUESTION0_0_R 1 2.312e+02 4.766e+01 2.202e+01
s>        ( - 3.533e+01 1 0)
s>        ( - 1.483e+02 1 0))INFO: dtree.c(1439): stop. leaf nodes are specific
INFO: dtree.c(1478): Final simple tree
|( QUESTION0_8_R 1 6.901e+02 8.418e+01 5.307e+01
|    ( - 4.261e+02 2 0)
|    ( - 1.798e+02 1 0))
s>    ( QUESTION0_8_R 1 6.901e+02 8.418e+01 5.307e+01
s>        ( - 4.261e+02 2 0)
s>        ( - 1.798e+02 1 0))INFO: dtree.c(1315): Comp split 40
INFO: dtree.c(1439): stop. leaf nodes are specific
INFO: dtree.c(1478): Final simple tree
|( QUESTION0_11_R 1 2.152e+02 3.830e+01 1.988e+01
|    ( - 1.320e+02 1 0)
|    ( - 4.494e+01 1 0))
s>    ( QUESTION0_11_R 1 2.152e+02 3.830e+01 1.988e+01
s>        ( - 1.320e+02 1 0)
s>        ( - 4.494e+01 1 0))INFO: dtree.c(1315): Comp split 41
INFO: dtree.c(1315): Comp split 42
INFO: dtree.c(1315): Comp split 43
INFO: dtree.c(1315): Comp split 44
INFO: dtree.c(1439): stop. leaf nodes are specific
INFO: dtree.c(1478): Final simple tree
|( QUESTION7 -1 2.331e+02 5.040e+01 2.000e+01
|    ( - 1.103e+02 1 0)
|    ( QUESTION6 -1 7.246e+01 2.304e+01 9.000e+00
|        ( - 1.975e+01 1 0)
|        ( - 2.967e+01 1 0)))
s>    ( QUESTION7 -1 2.331e+02 5.040e+01 2.000e+01
s>        ( - 1.103e+02 1 0)
s>        ( QUESTION6 -1 7.246e+01 2.304e+01 9.000e+00
s>            ( - 1.975e+01 1 0)
s>            ( - 2.967e+01 1 0)))INFO: dtree.c(1315): Comp split 45
INFO: dtree.c(1315): Comp split 46
INFO: dtree.c(1315): Comp split 47
INFO: dtree.c(1315): Comp split 48
INFO: dtree.c(1315): Comp split 49
INFO: dtree.c(1439): stop. leaf nodes are specific
INFO: dtree.c(1478): Final simple tree
|( QUESTION6 -1 7.246e+01 2.304e+01 9.000e+00
|    ( - 1.975e+01 1 0)
|    ( - 2.967e+01 1 0))
s>    ( QUESTION6 -1 7.246e+01 2.304e+01 9.000e+00
s>        ( - 1.975e+01 1 0)
s>        ( - 2.967e+01 1 0))INFO: dtree.c(1315): Comp split 50
INFO: dtree.c(1315): Comp split 51
INFO: dtree.c(1315): Comp split 52
INFO: dtree.c(1315): Comp split 53
INFO: dtree.c(1315): Comp split 54
INFO: dtree.c(1315): Comp split 55
INFO: dtree.c(1315): Comp split 56
INFO: dtree.c(1318): stop. leaf nodes are specific
Sun Mar 12 05:24:28 2017
