Current configuration:
[NAME]		[DEFLT]	[VALUE]
-allphones	no	no
-cntthresh	0.00001	1.000000e-05
-csplitmax	100	2000
-csplitmin	1	1
-csplitthr	8e-4	0.000000e+00
-example	no	no
-fullvar	no	no
-help		no	no
-meanfn			
-mixwfn			/home/gaurav/python-scripts/py/scripts/sphinx-source2/an4/model_parameters/an4.cd_ptm_untied/mixture_weights
-moddeffn		/home/gaurav/python-scripts/py/scripts/sphinx-source2/an4/model_architecture/an4.untied.mdef
-mwfloor	1e-4	1.000000e-08
-phone			EH
-psetfn			/home/gaurav/python-scripts/py/scripts/sphinx-source2/an4/model_architecture/an4.tree_questions
-ssplitmax	5	7
-ssplitmin	1	1
-ssplitthr	8e-4	0.000000e+00
-state			2
-stwt			1.0,0.05,0.0,
-treefn			/home/gaurav/python-scripts/py/scripts/sphinx-source2/an4/trees/an4.unpruned/EH-2.dtree
-ts2cbfn	.semi.	.semi.
-varfloor	0.00001	1.000000e-05
-varfn			

INFO: main.c(223): Reading: /home/gaurav/python-scripts/py/scripts/sphinx-source2/an4/model_architecture/an4.untied.mdef
INFO: model_def_io.c(573): Model definition info:
INFO: model_def_io.c(574): 1618 total models defined (34 base, 1584 tri)
INFO: model_def_io.c(575): 6472 total states
INFO: model_def_io.c(576): 4854 total tied states
INFO: model_def_io.c(577): 102 total tied CI states
INFO: model_def_io.c(578): 34 total tied transition matrices
INFO: model_def_io.c(579): 4 max state/model
INFO: model_def_io.c(580): 4 min state/model
INFO: main.c(242): Building trees for [EH AH F b] through [EH Y S i]
INFO: main.c(269): Covering states |[978 1271]| == 294
INFO: main.c(275): Reading: /home/gaurav/python-scripts/py/scripts/sphinx-source2/an4/model_parameters/an4.cd_ptm_untied/mixture_weights
INFO: s3mixw_io.c(173): Read /home/gaurav/python-scripts/py/scripts/sphinx-source2/an4/model_parameters/an4.cd_ptm_untied/mixture_weights [294x4x64 array]
INFO: main.c(311): 98 of 98 models have observation count greater than 0.000010
INFO: main.c(95): nrm stwt: 0.000 0.048 0.952 
INFO: main.c(411): 98-class entropy: 7.305277e+04
INFO: main.c(549): Reading: /home/gaurav/python-scripts/py/scripts/sphinx-source2/an4/model_architecture/an4.tree_questions
INFO: main.c(588): 180 total simple questions (172 phone; 8 word bndry)
INFO: main.c(590): 42 Left Only questions, and 42 Right Only questions
INFO: dtree.c(1478): Final simple tree
|( QUESTION0_0_R 1 9.455e+04 2.730e+03 4.861e+03
|    ( WDBNDRY_B 0 5.086e+04 1.978e+03 2.646e+03
|        ( QUESTION0 1 3.865e+04 1.090e+03 2.103e+03
|            ( - 7.541e+03 13 0 QUESTION2 -1 2.474e+02 4.296e+02)
|            ( SILENCE -1 3.001e+04 9.744e+02 1.673e+03
|                ( - 7.184e+03 3 0 QUESTION0_5_R 1 3.268e+02 3.999e+02)
|                ( - 2.186e+04 26 0 QUESTION1 -1 3.827e+02 1.273e+03)))
|        ( QUESTION5 1 1.024e+04 7.425e+02 5.429e+02
|            ( - 6.458e+03 6 0 QUESTION4 -1 1.701e+02 3.773e+02)
|            ( QUESTION6 -1 3.037e+03 4.240e+02 1.655e+02
|                ( - 1.364e+03 1 0)
|                ( - 1.249e+03 3 0 QUESTION0_1_R 1 2.284e+02 7.462e+01))))
|    ( QUESTION0 -1 4.096e+04 5.811e+02 2.216e+03
|        ( - 2.666e+04 20 0 QUESTION0_8_R 1 4.239e+02 1.476e+03)
|        ( - 1.372e+04 26 0 QUESTION4 1 3.916e+02 7.396e+02)))
s>    ( QUESTION0_0_R 1 9.455e+04 2.730e+03 4.861e+03
s>        ( WDBNDRY_B 0 5.086e+04 1.978e+03 2.646e+03
s>            ( QUESTION0 1 3.865e+04 1.090e+03 2.103e+03
s>                ( - 7.541e+03 13 0 QUESTION2 -1 2.474e+02 4.296e+02)
s>                ( SILENCE -1 3.001e+04 9.744e+02 1.673e+03
s>                    ( - 7.184e+03 3 0 QUESTION0_5_R 1 3.268e+02 3.999e+02)
s>                    ( - 2.186e+04 26 0 QUESTION1 -1 3.827e+02 1.273e+03)))
s>            ( QUESTION5 1 1.024e+04 7.425e+02 5.429e+02
s>                ( - 6.458e+03 6 0 QUESTION4 -1 1.701e+02 3.773e+02)
s>                ( QUESTION6 -1 3.037e+03 4.240e+02 1.655e+02
s>                    ( - 1.364e+03 1 0)
s>                    ( - 1.249e+03 3 0 QUESTION0_1_R 1 2.284e+02 7.462e+01))))
s>        ( QUESTION0 -1 4.096e+04 5.811e+02 2.216e+03
s>            ( - 2.666e+04 20 0 QUESTION0_8_R 1 4.239e+02 1.476e+03)
s>            ( - 1.372e+04 26 0 QUESTION4 1 3.916e+02 7.396e+02)))INFO: dtree.c(1315): Comp split 0
INFO: dtree.c(1478): Final simple tree
|( QUESTION0 1 4.029e+04 1.121e+03 2.194e+03
|    ( - 7.541e+03 13 0 QUESTION2 -1 2.474e+02 4.296e+02)
|    ( SILENCE -1 3.163e+04 9.602e+02 1.764e+03
|        ( QUESTION0_5_R 1 7.184e+03 3.268e+02 3.999e+02
|            ( - 1.282e+03 1 0)
|            ( - 5.574e+03 2 0 QUESTION0_1_R 1 3.140e+01 3.173e+02))
|        ( QUESTION2 -1 2.349e+04 3.778e+02 1.364e+03
|            ( QUESTION2_13_L -1 1.217e+04 3.127e+02 7.243e+02
|                ( - 3.287e+03 2 0 QUESTION0_1_R 1 1.963e+02 2.059e+02)
|                ( - 8.567e+03 8 0 QUESTION2_0_L -1 2.400e+02 5.184e+02))
|            ( QUESTION0 -1 1.094e+04 3.443e+02 6.399e+02
|                ( - 4.481e+03 4 0 QUESTION0_1_R 1 1.541e+02 2.743e+02)
|                ( QUESTION7 -1 6.117e+03 2.489e+02 3.656e+02
|                    ( - 2.088e+03 3 0 WDBNDRY_B 0 1.700e+02 1.319e+02)
|                    ( - 3.781e+03 10 0 QUESTION2_1_L -1 1.905e+02 2.337e+02))))))
s>    ( QUESTION0 1 4.029e+04 1.121e+03 2.194e+03
s>        ( - 7.541e+03 13 0 QUESTION2 -1 2.474e+02 4.296e+02)
s>        ( SILENCE -1 3.163e+04 9.602e+02 1.764e+03
s>            ( QUESTION0_5_R 1 7.184e+03 3.268e+02 3.999e+02
s>                ( - 1.282e+03 1 0)
s>                ( - 5.574e+03 2 0 QUESTION0_1_R 1 3.140e+01 3.173e+02))
s>            ( QUESTION2 -1 2.349e+04 3.778e+02 1.364e+03
s>                ( QUESTION2_13_L -1 1.217e+04 3.127e+02 7.243e+02
s>                    ( - 3.287e+03 2 0 QUESTION0_1_R 1 1.963e+02 2.059e+02)
s>                    ( - 8.567e+03 8 0 QUESTION2_0_L -1 2.400e+02 5.184e+02))
s>                ( QUESTION0 -1 1.094e+04 3.443e+02 6.399e+02
s>                    ( - 4.481e+03 4 0 QUESTION0_1_R 1 1.541e+02 2.743e+02)
s>                    ( QUESTION7 -1 6.117e+03 2.489e+02 3.656e+02
s>                        ( - 2.088e+03 3 0 WDBNDRY_B 0 1.700e+02 1.319e+02)
s>                        ( - 3.781e+03 10 0 QUESTION2_1_L -1 1.905e+02 2.337e+02))))))INFO: dtree.c(1478): Final simple tree
|( QUESTION0_0_R 1 5.121e+04 1.924e+03 2.668e+03
|    ( QUESTION0 -1 8.329e+03 6.447e+02 4.519e+02
|        ( - 1.120e+03 5 0 QUESTION0_1_R 1 2.037e+02 6.993e+01)
|        ( - 6.564e+03 4 0 QUESTION4 -1 2.184e+02 3.820e+02))
|    ( QUESTION0 -1 4.096e+04 5.811e+02 2.216e+03
|        ( QUESTION0_8_R 1 2.666e+04 4.239e+02 1.476e+03
|            ( WDBNDRY_B 0 1.917e+04 4.028e+02 1.078e+03
|                ( - 1.685e+04 7 0 QUESTION2_12_L -1 2.876e+02 9.581e+02)
|                ( - 1.923e+03 1 0))
|            ( - 7.058e+03 12 0 QUESTION0_10_R 1 2.831e+02 3.984e+02))
|        ( QUESTION4 1 1.372e+04 3.916e+02 7.396e+02
|            ( QUESTION2_1_L -1 1.149e+04 2.973e+02 6.322e+02
|                ( - 3.001e+03 6 0 QUESTION4 -1 1.693e+02 1.773e+02)
|                ( - 8.196e+03 10 0 QUESTION2_0_L -1 2.672e+02 4.550e+02))
|            ( - 1.834e+03 10 0 QUESTION2_1_L -1 2.126e+02 1.073e+02))))
s>    ( QUESTION0_0_R 1 5.121e+04 1.924e+03 2.668e+03
s>        ( QUESTION0 -1 8.329e+03 6.447e+02 4.519e+02
s>            ( - 1.120e+03 5 0 QUESTION0_1_R 1 2.037e+02 6.993e+01)
s>            ( - 6.564e+03 4 0 QUESTION4 -1 2.184e+02 3.820e+02))
s>        ( QUESTION0 -1 4.096e+04 5.811e+02 2.216e+03
s>            ( QUESTION0_8_R 1 2.666e+04 4.239e+02 1.476e+03
s>                ( WDBNDRY_B 0 1.917e+04 4.028e+02 1.078e+03
s>                    ( - 1.685e+04 7 0 QUESTION2_12_L -1 2.876e+02 9.581e+02)
s>                    ( - 1.923e+03 1 0))
s>                ( - 7.058e+03 12 0 QUESTION0_10_R 1 2.831e+02 3.984e+02))
s>            ( QUESTION4 1 1.372e+04 3.916e+02 7.396e+02
s>                ( QUESTION2_1_L -1 1.149e+04 2.973e+02 6.322e+02
s>                    ( - 3.001e+03 6 0 QUESTION4 -1 1.693e+02 1.773e+02)
s>                    ( - 8.196e+03 10 0 QUESTION2_0_L -1 2.672e+02 4.550e+02))
s>                ( - 1.834e+03 10 0 QUESTION2_1_L -1 2.126e+02 1.073e+02))))INFO: dtree.c(1315): Comp split 1
INFO: dtree.c(1478): Final simple tree
|( QUESTION0 -1 4.096e+04 5.811e+02 2.216e+03
|    ( QUESTION0_8_R 1 2.666e+04 4.239e+02 1.476e+03
|        ( WDBNDRY_B 0 1.917e+04 4.028e+02 1.078e+03
|            ( QUESTION2_12_L -1 1.685e+04 2.876e+02 9.581e+02
|                ( - 9.024e+02 1 0)
|                ( - 1.566e+04 6 0 QUESTION2_0_L -1 2.588e+02 8.959e+02))
|            ( - 1.923e+03 1 0))
|        ( QUESTION0_10_R 1 7.058e+03 2.831e+02 3.984e+02
|            ( - 1.709e+03 5 0 QUESTION1 -1 1.170e+02 1.020e+02)
|            ( - 5.066e+03 7 0 QUESTION2_0_L -1 2.065e+02 2.964e+02)))
|    ( QUESTION4 1 1.372e+04 3.916e+02 7.396e+02
|        ( QUESTION2_1_L -1 1.149e+04 2.973e+02 6.322e+02
|            ( - 3.001e+03 6 0 QUESTION4 -1 1.693e+02 1.773e+02)
|            ( - 8.196e+03 10 0 QUESTION2_0_L -1 2.672e+02 4.550e+02))
|        ( - 1.834e+03 10 0 QUESTION2_1_L -1 2.126e+02 1.073e+02)))
s>    ( QUESTION0 -1 4.096e+04 5.811e+02 2.216e+03
s>        ( QUESTION0_8_R 1 2.666e+04 4.239e+02 1.476e+03
s>            ( WDBNDRY_B 0 1.917e+04 4.028e+02 1.078e+03
s>                ( QUESTION2_12_L -1 1.685e+04 2.876e+02 9.581e+02
s>                    ( - 9.024e+02 1 0)
s>                    ( - 1.566e+04 6 0 QUESTION2_0_L -1 2.588e+02 8.959e+02))
s>                ( - 1.923e+03 1 0))
s>            ( QUESTION0_10_R 1 7.058e+03 2.831e+02 3.984e+02
s>                ( - 1.709e+03 5 0 QUESTION1 -1 1.170e+02 1.020e+02)
s>                ( - 5.066e+03 7 0 QUESTION2_0_L -1 2.065e+02 2.964e+02)))
s>        ( QUESTION4 1 1.372e+04 3.916e+02 7.396e+02
s>            ( QUESTION2_1_L -1 1.149e+04 2.973e+02 6.322e+02
s>                ( - 3.001e+03 6 0 QUESTION4 -1 1.693e+02 1.773e+02)
s>                ( - 8.196e+03 10 0 QUESTION2_0_L -1 2.672e+02 4.550e+02))
s>            ( - 1.834e+03 10 0 QUESTION2_1_L -1 2.126e+02 1.073e+02)))INFO: dtree.c(1478): Final simple tree
|( QUESTION0 -1 8.329e+03 6.447e+02 4.519e+02
|    ( QUESTION0_1_R 1 1.120e+03 2.037e+02 6.993e+01
|        ( - 5.293e+02 1 0)
|        ( QUESTION2_0_L -1 3.871e+02 8.523e+01 2.742e+01
|            ( QUESTION0_5_R 1 1.031e+02 3.056e+01 1.000e+01
|                ( - 5.617e+01 1 0)
|                ( - 1.633e+01 1 0))
|            ( QUESTION0_5_R 1 1.988e+02 3.498e+01 1.742e+01
|                ( - 1.497e+02 1 0)
|                ( - 1.409e+01 1 0))))
|    ( QUESTION4 -1 6.564e+03 2.184e+02 3.820e+02
|        ( - 5.978e+03 2 0)
|        ( QUESTION0 1 3.684e+02 5.857e+01 2.653e+01
|            ( - 2.227e+02 1 0)
|            ( - 8.716e+01 1 0))))
s>    ( QUESTION0 -1 8.329e+03 6.447e+02 4.519e+02
s>        ( QUESTION0_1_R 1 1.120e+03 2.037e+02 6.993e+01
s>            ( - 5.293e+02 1 0)
s>            ( QUESTION2_0_L -1 3.871e+02 8.523e+01 2.742e+01
s>                ( QUESTION0_5_R 1 1.031e+02 3.056e+01 1.000e+01
s>                    ( - 5.617e+01 1 0)
s>                    ( - 1.633e+01 1 0))
s>                ( QUESTION0_5_R 1 1.988e+02 3.498e+01 1.742e+01
s>                    ( - 1.497e+02 1 0)
s>                    ( - 1.409e+01 1 0))))
s>        ( QUESTION4 -1 6.564e+03 2.184e+02 3.820e+02
s>            ( - 5.978e+03 2 0)
s>            ( QUESTION0 1 3.684e+02 5.857e+01 2.653e+01
s>                ( - 2.227e+02 1 0)
s>                ( - 8.716e+01 1 0))))INFO: dtree.c(1315): Comp split 2
INFO: dtree.c(1478): Final simple tree
|( QUESTION0_1_R 1 2.504e+04 4.023e+02 1.447e+03
|    ( QUESTION2_0_L -1 2.036e+04 3.797e+02 1.207e+03
|        ( QUESTION1 -1 1.415e+04 3.497e+02 8.357e+02
|            ( - 3.768e+03 2 0)
|            ( QUESTION2_1_L -1 1.003e+04 2.894e+02 5.981e+02
|                ( - 2.374e+03 3 0 WDBNDRY_B 0 1.697e+02 1.498e+02)
|                ( QUESTION0 -1 7.371e+03 2.089e+02 4.484e+02
|                    ( - 4.558e+03 3 0)
|                    ( - 2.604e+03 4 0 QUESTION16 -1 1.866e+02 1.708e+02))))
|        ( QUESTION2_12_L -1 5.829e+03 2.492e+02 3.714e+02
|            ( - 2.828e+03 1 0)
|            ( - 2.752e+03 1 0)))
|    ( QUESTION0 -1 4.280e+03 2.338e+02 2.397e+02
|        ( - 1.931e+03 7 0 QUESTION2_0_L -1 1.608e+02 1.121e+02)
|        ( - 2.114e+03 7 0 SILENCE -1 1.576e+02 1.276e+02)))
s>    ( QUESTION0_1_R 1 2.504e+04 4.023e+02 1.447e+03
s>        ( QUESTION2_0_L -1 2.036e+04 3.797e+02 1.207e+03
s>            ( QUESTION1 -1 1.415e+04 3.497e+02 8.357e+02
s>                ( - 3.768e+03 2 0)
s>                ( QUESTION2_1_L -1 1.003e+04 2.894e+02 5.981e+02
s>                    ( - 2.374e+03 3 0 WDBNDRY_B 0 1.697e+02 1.498e+02)
s>                    ( QUESTION0 -1 7.371e+03 2.089e+02 4.484e+02
s>                        ( - 4.558e+03 3 0)
s>                        ( - 2.604e+03 4 0 QUESTION16 -1 1.866e+02 1.708e+02))))
s>            ( QUESTION2_12_L -1 5.829e+03 2.492e+02 3.714e+02
s>                ( - 2.828e+03 1 0)
s>                ( - 2.752e+03 1 0)))
s>        ( QUESTION0 -1 4.280e+03 2.338e+02 2.397e+02
s>            ( - 1.931e+03 7 0 QUESTION2_0_L -1 1.608e+02 1.121e+02)
s>            ( - 2.114e+03 7 0 SILENCE -1 1.576e+02 1.276e+02)))INFO: dtree.c(1478): Final simple tree
|( QUESTION0_5_R 1 1.407e+04 9.568e+02 7.469e+02
|    ( QUESTION2 -1 7.541e+03 2.474e+02 4.296e+02
|        ( QUESTION2_0_L -1 3.413e+03 2.121e+02 1.994e+02
|            ( - 1.609e+03 3 0)
|            ( QUESTION2_12_L -1 1.592e+03 1.749e+02 9.570e+01
|                ( - 7.581e+02 1 0)
|                ( - 6.589e+02 1 0)))
|        ( QUESTION0 -1 3.881e+03 1.830e+02 2.302e+02
|            ( - 2.399e+03 2 0)
|            ( QUESTION2_2_L -1 1.300e+03 1.428e+02 8.196e+01
|                ( - 4.829e+02 3 0 QUESTION16 -1 5.541e+01 3.398e+01)
|                ( SILENCE -1 6.738e+02 7.798e+01 4.798e+01
|                    ( - 4.743e+02 1 0)
|                    ( - 1.216e+02 2 0 QUESTION4 -1 2.238e+01 1.195e+01)))))
|    ( - 5.574e+03 2 0 QUESTION0_1_R 1 3.140e+01 3.173e+02))
s>    ( QUESTION0_5_R 1 1.407e+04 9.568e+02 7.469e+02
s>        ( QUESTION2 -1 7.541e+03 2.474e+02 4.296e+02
s>            ( QUESTION2_0_L -1 3.413e+03 2.121e+02 1.994e+02
s>                ( - 1.609e+03 3 0)
s>                ( QUESTION2_12_L -1 1.592e+03 1.749e+02 9.570e+01
s>                    ( - 7.581e+02 1 0)
s>                    ( - 6.589e+02 1 0)))
s>            ( QUESTION0 -1 3.881e+03 1.830e+02 2.302e+02
s>                ( - 2.399e+03 2 0)
s>                ( QUESTION2_2_L -1 1.300e+03 1.428e+02 8.196e+01
s>                    ( - 4.829e+02 3 0 QUESTION16 -1 5.541e+01 3.398e+01)
s>                    ( SILENCE -1 6.738e+02 7.798e+01 4.798e+01
s>                        ( - 4.743e+02 1 0)
s>                        ( - 1.216e+02 2 0 QUESTION4 -1 2.238e+01 1.195e+01)))))
s>        ( - 5.574e+03 2 0 QUESTION0_1_R 1 3.140e+01 3.173e+02))INFO: dtree.c(1315): Comp split 3
INFO: dtree.c(1478): Final simple tree
|( QUESTION2 -1 7.541e+03 2.474e+02 4.296e+02
|    ( QUESTION2_0_L -1 3.413e+03 2.121e+02 1.994e+02
|        ( - 1.609e+03 3 0)
|        ( QUESTION2_12_L -1 1.592e+03 1.749e+02 9.570e+01
|            ( - 7.581e+02 1 0)
|            ( - 6.589e+02 1 0)))
|    ( QUESTION0 -1 3.881e+03 1.830e+02 2.302e+02
|        ( - 2.399e+03 2 0)
|        ( QUESTION2_2_L -1 1.300e+03 1.428e+02 8.196e+01
|            ( QUESTION16 -1 4.829e+02 5.541e+01 3.398e+01
|                ( - 3.659e+02 1 0)
|                ( - 6.155e+01 2 0 QUESTION4 -1 2.461e+01 7.000e+00))
|            ( SILENCE -1 6.738e+02 7.798e+01 4.798e+01
|                ( - 4.743e+02 1 0)
|                ( - 1.216e+02 2 0 QUESTION4 -1 2.238e+01 1.195e+01)))))
s>    ( QUESTION2 -1 7.541e+03 2.474e+02 4.296e+02
s>        ( QUESTION2_0_L -1 3.413e+03 2.121e+02 1.994e+02
s>            ( - 1.609e+03 3 0)
s>            ( QUESTION2_12_L -1 1.592e+03 1.749e+02 9.570e+01
s>                ( - 7.581e+02 1 0)
s>                ( - 6.589e+02 1 0)))
s>        ( QUESTION0 -1 3.881e+03 1.830e+02 2.302e+02
s>            ( - 2.399e+03 2 0)
s>            ( QUESTION2_2_L -1 1.300e+03 1.428e+02 8.196e+01
s>                ( QUESTION16 -1 4.829e+02 5.541e+01 3.398e+01
s>                    ( - 3.659e+02 1 0)
s>                    ( - 6.155e+01 2 0 QUESTION4 -1 2.461e+01 7.000e+00))
s>                ( SILENCE -1 6.738e+02 7.798e+01 4.798e+01
s>                    ( - 4.743e+02 1 0)
s>                    ( - 1.216e+02 2 0 QUESTION4 -1 2.238e+01 1.195e+01)))))INFO: dtree.c(1439): stop. leaf nodes are specific
INFO: dtree.c(1478): Final simple tree
|( QUESTION0_1_R 1 5.574e+03 3.140e+01 3.173e+02
|    ( - 5.541e+03 1 0)
|    ( - 1.640e+00 1 0))
s>    ( QUESTION0_1_R 1 5.574e+03 3.140e+01 3.173e+02
s>        ( - 5.541e+03 1 0)
s>        ( - 1.640e+00 1 0))INFO: dtree.c(1315): Comp split 4
INFO: dtree.c(1439): stop. leaf nodes are specific
INFO: dtree.c(1478): Final simple tree
|( QUESTION0_8_R 1 2.113e+04 4.050e+02 1.192e+03
|    ( QUESTION2_0_L -1 1.566e+04 2.588e+02 8.959e+02
|        ( QUESTION1 -1 1.391e+04 1.962e+02 7.978e+02
|            ( - 1.220e+04 2 0)
|            ( - 1.520e+03 3 0))
|        ( - 1.488e+03 1 0))
|    ( QUESTION2_0_L -1 5.066e+03 2.065e+02 2.964e+02
|        ( QUESTION1 -1 3.933e+03 1.640e+02 2.346e+02
|            ( - 2.152e+03 2 0)
|            ( - 1.617e+03 3 0))
|        ( QUESTION2_12_L -1 9.270e+02 8.088e+01 6.184e+01
|            ( - 6.431e+02 1 0)
|            ( - 2.030e+02 1 0))))
s>    ( QUESTION0_8_R 1 2.113e+04 4.050e+02 1.192e+03
s>        ( QUESTION2_0_L -1 1.566e+04 2.588e+02 8.959e+02
s>            ( QUESTION1 -1 1.391e+04 1.962e+02 7.978e+02
s>                ( - 1.220e+04 2 0)
s>                ( - 1.520e+03 3 0))
s>            ( - 1.488e+03 1 0))
s>        ( QUESTION2_0_L -1 5.066e+03 2.065e+02 2.964e+02
s>            ( QUESTION1 -1 3.933e+03 1.640e+02 2.346e+02
s>                ( - 2.152e+03 2 0)
s>                ( - 1.617e+03 3 0))
s>            ( QUESTION2_12_L -1 9.270e+02 8.088e+01 6.184e+01
s>                ( - 6.431e+02 1 0)
s>                ( - 2.030e+02 1 0))))INFO: dtree.c(1478): Final simple tree
|( WDBNDRY_B 0 1.916e+04 4.528e+02 1.023e+03
|    ( QUESTION0_10_R 1 1.633e+04 3.642e+02 8.819e+02
|        ( QUESTION0 -1 3.296e+03 2.082e+02 1.874e+02
|            ( - 1.709e+03 5 0 QUESTION1 -1 1.170e+02 1.020e+02)
|            ( - 1.379e+03 7 0 QUESTION2_1_L -1 1.440e+02 8.539e+01))
|        ( SILENCE -1 1.267e+04 3.085e+02 6.945e+02
|            ( QUESTION0_8_R 1 5.697e+03 2.039e+02 3.235e+02
|                ( - 3.760e+03 1 0)
|                ( - 1.733e+03 1 0))
|            ( QUESTION2_1_L -1 6.661e+03 3.002e+02 3.710e+02
|                ( - 3.001e+03 6 0 QUESTION4 -1 1.693e+02 1.773e+02)
|                ( QUESTION2_6_L -1 3.360e+03 2.332e+02 1.937e+02
|                    ( - 1.256e+03 5 0 QUESTION0_8_R 1 1.392e+02 7.944e+01)
|                    ( - 1.871e+03 4 0 QUESTION0 -1 1.902e+02 1.142e+02)))))
|    ( - 2.383e+03 4 0 QUESTION0_8_R 1 1.936e+02 1.415e+02))
s>    ( WDBNDRY_B 0 1.916e+04 4.528e+02 1.023e+03
s>        ( QUESTION0_10_R 1 1.633e+04 3.642e+02 8.819e+02
s>            ( QUESTION0 -1 3.296e+03 2.082e+02 1.874e+02
s>                ( - 1.709e+03 5 0 QUESTION1 -1 1.170e+02 1.020e+02)
s>                ( - 1.379e+03 7 0 QUESTION2_1_L -1 1.440e+02 8.539e+01))
s>            ( SILENCE -1 1.267e+04 3.085e+02 6.945e+02
s>                ( QUESTION0_8_R 1 5.697e+03 2.039e+02 3.235e+02
s>                    ( - 3.760e+03 1 0)
s>                    ( - 1.733e+03 1 0))
s>                ( QUESTION2_1_L -1 6.661e+03 3.002e+02 3.710e+02
s>                    ( - 3.001e+03 6 0 QUESTION4 -1 1.693e+02 1.773e+02)
s>                    ( QUESTION2_6_L -1 3.360e+03 2.332e+02 1.937e+02
s>                        ( - 1.256e+03 5 0 QUESTION0_8_R 1 1.392e+02 7.944e+01)
s>                        ( - 1.871e+03 4 0 QUESTION0 -1 1.902e+02 1.142e+02)))))
s>        ( - 2.383e+03 4 0 QUESTION0_8_R 1 1.936e+02 1.415e+02))INFO: dtree.c(1315): Comp split 5
INFO: dtree.c(1439): stop. leaf nodes are specific
INFO: dtree.c(1478): Final simple tree
|( QUESTION0_1_R 1 1.120e+03 2.037e+02 6.993e+01
|    ( - 5.293e+02 1 0)
|    ( QUESTION2_0_L -1 3.871e+02 8.523e+01 2.742e+01
|        ( QUESTION0_5_R 1 1.031e+02 3.056e+01 1.000e+01
|            ( - 5.617e+01 1 0)
|            ( - 1.633e+01 1 0))
|        ( QUESTION0_5_R 1 1.988e+02 3.498e+01 1.742e+01
|            ( - 1.497e+02 1 0)
|            ( - 1.409e+01 1 0))))
s>    ( QUESTION0_1_R 1 1.120e+03 2.037e+02 6.993e+01
s>        ( - 5.293e+02 1 0)
s>        ( QUESTION2_0_L -1 3.871e+02 8.523e+01 2.742e+01
s>            ( QUESTION0_5_R 1 1.031e+02 3.056e+01 1.000e+01
s>                ( - 5.617e+01 1 0)
s>                ( - 1.633e+01 1 0))
s>            ( QUESTION0_5_R 1 1.988e+02 3.498e+01 1.742e+01
s>                ( - 1.497e+02 1 0)
s>                ( - 1.409e+01 1 0))))INFO: dtree.c(1439): stop. leaf nodes are specific
INFO: dtree.c(1478): Final simple tree
|( QUESTION4 -1 6.564e+03 2.184e+02 3.820e+02
|    ( - 5.978e+03 2 0)
|    ( QUESTION0 1 3.684e+02 5.857e+01 2.653e+01
|        ( - 2.227e+02 1 0)
|        ( - 8.716e+01 1 0)))
s>    ( QUESTION4 -1 6.564e+03 2.184e+02 3.820e+02
s>        ( - 5.978e+03 2 0)
s>        ( QUESTION0 1 3.684e+02 5.857e+01 2.653e+01
s>            ( - 2.227e+02 1 0)
s>            ( - 8.716e+01 1 0)))INFO: dtree.c(1315): Comp split 6
INFO: dtree.c(1478): Final simple tree
|( QUESTION0_8_R 1 1.027e+04 3.176e+02 5.583e+02
|    ( QUESTION2_2_L -1 3.938e+03 2.413e+02 2.270e+02
|        ( QUESTION4 -1 1.276e+03 1.551e+02 7.951e+01
|            ( - 5.860e+02 1 0)
|            ( - 5.353e+02 2 0 QUESTION2_9_L -1 8.127e+01 3.750e+01))
|        ( QUESTION0 -1 2.420e+03 2.063e+02 1.474e+02
|            ( - 9.024e+02 1 0)
|            ( - 1.312e+03 4 0 QUESTION4 -1 9.243e+01 8.523e+01)))
|    ( QUESTION0_10_R 1 6.010e+03 2.516e+02 3.314e+02
|        ( QUESTION0 -1 3.296e+03 2.082e+02 1.874e+02
|            ( - 1.709e+03 5 0 QUESTION1 -1 1.170e+02 1.020e+02)
|            ( - 1.379e+03 7 0 QUESTION2_1_L -1 1.440e+02 8.539e+01))
|        ( QUESTION2_1_L -1 2.462e+03 1.701e+02 1.440e+02
|            ( - 1.607e+03 3 0 QUESTION4 -1 1.321e+02 9.704e+01)
|            ( - 6.844e+02 4 0 QUESTION6 -1 8.298e+01 4.696e+01))))
s>    ( QUESTION0_8_R 1 1.027e+04 3.176e+02 5.583e+02
s>        ( QUESTION2_2_L -1 3.938e+03 2.413e+02 2.270e+02
s>            ( QUESTION4 -1 1.276e+03 1.551e+02 7.951e+01
s>                ( - 5.860e+02 1 0)
s>                ( - 5.353e+02 2 0 QUESTION2_9_L -1 8.127e+01 3.750e+01))
s>            ( QUESTION0 -1 2.420e+03 2.063e+02 1.474e+02
s>                ( - 9.024e+02 1 0)
s>                ( - 1.312e+03 4 0 QUESTION4 -1 9.243e+01 8.523e+01)))
s>        ( QUESTION0_10_R 1 6.010e+03 2.516e+02 3.314e+02
s>            ( QUESTION0 -1 3.296e+03 2.082e+02 1.874e+02
s>                ( - 1.709e+03 5 0 QUESTION1 -1 1.170e+02 1.020e+02)
s>                ( - 1.379e+03 7 0 QUESTION2_1_L -1 1.440e+02 8.539e+01))
s>            ( QUESTION2_1_L -1 2.462e+03 1.701e+02 1.440e+02
s>                ( - 1.607e+03 3 0 QUESTION4 -1 1.321e+02 9.704e+01)
s>                ( - 6.844e+02 4 0 QUESTION6 -1 8.298e+01 4.696e+01))))INFO: dtree.c(1439): stop. leaf nodes are specific
INFO: dtree.c(1478): Final simple tree
|( WDBNDRY_B 0 8.432e+03 3.512e+02 4.650e+02
|    ( QUESTION0_8_R 1 5.697e+03 2.039e+02 3.235e+02
|        ( - 3.760e+03 1 0)
|        ( - 1.733e+03 1 0))
|    ( QUESTION0_8_R 1 2.383e+03 1.936e+02 1.415e+02
|        ( - 1.923e+03 1 0)
|        ( QUESTION0_14_R 1 2.670e+02 5.944e+01 2.196e+01
|            ( - 1.327e+02 1 0)
|            ( QUESTION0_10_R 1 7.482e+01 2.284e+01 7.959e+00
|                ( - 3.377e+01 1 0)
|                ( - 1.821e+01 1 0)))))
s>    ( WDBNDRY_B 0 8.432e+03 3.512e+02 4.650e+02
s>        ( QUESTION0_8_R 1 5.697e+03 2.039e+02 3.235e+02
s>            ( - 3.760e+03 1 0)
s>            ( - 1.733e+03 1 0))
s>        ( QUESTION0_8_R 1 2.383e+03 1.936e+02 1.415e+02
s>            ( - 1.923e+03 1 0)
s>            ( QUESTION0_14_R 1 2.670e+02 5.944e+01 2.196e+01
s>                ( - 1.327e+02 1 0)
s>                ( QUESTION0_10_R 1 7.482e+01 2.284e+01 7.959e+00
s>                    ( - 3.377e+01 1 0)
s>                    ( - 1.821e+01 1 0)))))INFO: dtree.c(1315): Comp split 7
INFO: dtree.c(1478): Final simple tree
|( QUESTION2_0_L -1 1.623e+04 3.690e+02 9.695e+02
|    ( QUESTION2_1_L -1 1.003e+04 2.894e+02 5.981e+02
|        ( WDBNDRY_B 0 2.374e+03 1.697e+02 1.498e+02
|            ( - 8.404e+02 2 0 QUESTION4 -1 1.225e+02 5.888e+01)
|            ( - 1.364e+03 1 0))
|        ( QUESTION0 -1 7.371e+03 2.089e+02 4.484e+02
|            ( - 4.558e+03 3 0)
|            ( QUESTION16 -1 2.604e+03 1.866e+02 1.708e+02
|                ( - 9.353e+02 2 0 QUESTION2_9_L -1 1.248e+02 6.978e+01)
|                ( QUESTION4 -1 1.482e+03 1.383e+02 1.010e+02
|                    ( - 9.329e+02 1 0)
|                    ( - 4.111e+02 1 0)))))
|    ( QUESTION2_12_L -1 5.829e+03 2.492e+02 3.714e+02
|        ( - 2.828e+03 1 0)
|        ( - 2.752e+03 1 0)))
s>    ( QUESTION2_0_L -1 1.623e+04 3.690e+02 9.695e+02
s>        ( QUESTION2_1_L -1 1.003e+04 2.894e+02 5.981e+02
s>            ( WDBNDRY_B 0 2.374e+03 1.697e+02 1.498e+02
s>                ( - 8.404e+02 2 0 QUESTION4 -1 1.225e+02 5.888e+01)
s>                ( - 1.364e+03 1 0))
s>            ( QUESTION0 -1 7.371e+03 2.089e+02 4.484e+02
s>                ( - 4.558e+03 3 0)
s>                ( QUESTION16 -1 2.604e+03 1.866e+02 1.708e+02
s>                    ( - 9.353e+02 2 0 QUESTION2_9_L -1 1.248e+02 6.978e+01)
s>                    ( QUESTION4 -1 1.482e+03 1.383e+02 1.010e+02
s>                        ( - 9.329e+02 1 0)
s>                        ( - 4.111e+02 1 0)))))
s>        ( QUESTION2_12_L -1 5.829e+03 2.492e+02 3.714e+02
s>            ( - 2.828e+03 1 0)
s>            ( - 2.752e+03 1 0)))INFO: dtree.c(1478): Final simple tree
|( QUESTION1 -1 8.363e+03 3.312e+02 4.773e+02
|    ( QUESTION0_1_R 1 4.481e+03 1.541e+02 2.743e+02
|        ( - 3.768e+03 2 0)
|        ( - 5.584e+02 2 0))
|    ( SILENCE -1 3.551e+03 2.177e+02 2.030e+02
|        ( - 1.282e+03 1 0)
|        ( QUESTION2_0_L -1 2.051e+03 1.669e+02 1.204e+02
|            ( QUESTION0 -1 1.170e+03 1.262e+02 7.399e+01
|                ( - 3.698e+02 3 0)
|                ( QUESTION4 -1 6.745e+02 9.208e+01 4.499e+01
|                    ( - 2.838e+02 3 0 QUESTION2_1_L -1 4.657e+01 2.100e+01)
|                    ( - 2.987e+02 3 0 QUESTION2_6_L -1 6.074e+01 2.399e+01)))
|            ( QUESTION2_12_L -1 7.132e+02 9.665e+01 4.642e+01
|                ( - 2.774e+02 1 0)
|                ( - 3.392e+02 1 0)))))
s>    ( QUESTION1 -1 8.363e+03 3.312e+02 4.773e+02
s>        ( QUESTION0_1_R 1 4.481e+03 1.541e+02 2.743e+02
s>            ( - 3.768e+03 2 0)
s>            ( - 5.584e+02 2 0))
s>        ( SILENCE -1 3.551e+03 2.177e+02 2.030e+02
s>            ( - 1.282e+03 1 0)
s>            ( QUESTION2_0_L -1 2.051e+03 1.669e+02 1.204e+02
s>                ( QUESTION0 -1 1.170e+03 1.262e+02 7.399e+01
s>                    ( - 3.698e+02 3 0)
s>                    ( QUESTION4 -1 6.745e+02 9.208e+01 4.499e+01
s>                        ( - 2.838e+02 3 0 QUESTION2_1_L -1 4.657e+01 2.100e+01)
s>                        ( - 2.987e+02 3 0 QUESTION2_6_L -1 6.074e+01 2.399e+01)))
s>                ( QUESTION2_12_L -1 7.132e+02 9.665e+01 4.642e+01
s>                    ( - 2.774e+02 1 0)
s>                    ( - 3.392e+02 1 0)))))INFO: dtree.c(1315): Comp split 8
INFO: dtree.c(1439): stop. leaf nodes are specific
INFO: dtree.c(1478): Final simple tree
|( QUESTION2_0_L -1 5.066e+03 2.065e+02 2.964e+02
|    ( QUESTION1 -1 3.933e+03 1.640e+02 2.346e+02
|        ( - 2.152e+03 2 0)
|        ( - 1.617e+03 3 0))
|    ( QUESTION2_12_L -1 9.270e+02 8.088e+01 6.184e+01
|        ( - 6.431e+02 1 0)
|        ( - 2.030e+02 1 0)))
s>    ( QUESTION2_0_L -1 5.066e+03 2.065e+02 2.964e+02
s>        ( QUESTION1 -1 3.933e+03 1.640e+02 2.346e+02
s>            ( - 2.152e+03 2 0)
s>            ( - 1.617e+03 3 0))
s>        ( QUESTION2_12_L -1 9.270e+02 8.088e+01 6.184e+01
s>            ( - 6.431e+02 1 0)
s>            ( - 2.030e+02 1 0)))INFO: dtree.c(1439): stop. leaf nodes are specific
INFO: dtree.c(1478): Final simple tree
|( QUESTION2_0_L -1 1.566e+04 2.588e+02 8.959e+02
|    ( QUESTION1 -1 1.391e+04 1.962e+02 7.978e+02
|        ( - 1.220e+04 2 0)
|        ( - 1.520e+03 3 0))
|    ( - 1.488e+03 1 0))
s>    ( QUESTION2_0_L -1 1.566e+04 2.588e+02 8.959e+02
s>        ( QUESTION1 -1 1.391e+04 1.962e+02 7.978e+02
s>            ( - 1.220e+04 2 0)
s>            ( - 1.520e+03 3 0))
s>        ( - 1.488e+03 1 0))INFO: dtree.c(1315): Comp split 9
INFO: dtree.c(1439): stop. leaf nodes are specific
INFO: dtree.c(1478): Final simple tree
|( QUESTION2_13_L -1 6.413e+03 2.583e+02 4.044e+02
|    ( - 2.752e+03 1 0)
|    ( QUESTION0 -1 3.403e+03 1.638e+02 2.226e+02
|        ( - 2.828e+03 1 0)
|        ( - 4.111e+02 1 0)))
s>    ( QUESTION2_13_L -1 6.413e+03 2.583e+02 4.044e+02
s>        ( - 2.752e+03 1 0)
s>        ( QUESTION0 -1 3.403e+03 1.638e+02 2.226e+02
s>            ( - 2.828e+03 1 0)
s>            ( - 4.111e+02 1 0)))INFO: dtree.c(1439): stop. leaf nodes are specific
INFO: dtree.c(1478): Final simple tree
|( QUESTION2_1_L -1 9.428e+03 2.783e+02 5.651e+02
|    ( WDBNDRY_B 0 2.374e+03 1.697e+02 1.498e+02
|        ( QUESTION4 -1 8.404e+02 1.225e+02 5.888e+01
|            ( - 3.700e+02 1 0)
|            ( - 3.479e+02 1 0))
|        ( - 1.364e+03 1 0))
|    ( QUESTION0 -1 6.776e+03 1.912e+02 4.154e+02
|        ( - 4.558e+03 3 0)
|        ( QUESTION4 -1 2.027e+03 1.585e+02 1.378e+02
|            ( - 9.329e+02 1 0)
|            ( QUESTION2_9_L -1 9.353e+02 1.248e+02 6.978e+01
|                ( - 2.582e+02 1 0)
|                ( - 5.523e+02 1 0)))))
s>    ( QUESTION2_1_L -1 9.428e+03 2.783e+02 5.651e+02
s>        ( WDBNDRY_B 0 2.374e+03 1.697e+02 1.498e+02
s>            ( QUESTION4 -1 8.404e+02 1.225e+02 5.888e+01
s>                ( - 3.700e+02 1 0)
s>                ( - 3.479e+02 1 0))
s>            ( - 1.364e+03 1 0))
s>        ( QUESTION0 -1 6.776e+03 1.912e+02 4.154e+02
s>            ( - 4.558e+03 3 0)
s>            ( QUESTION4 -1 2.027e+03 1.585e+02 1.378e+02
s>                ( - 9.329e+02 1 0)
s>                ( QUESTION2_9_L -1 9.353e+02 1.248e+02 6.978e+01
s>                    ( - 2.582e+02 1 0)
s>                    ( - 5.523e+02 1 0)))))INFO: dtree.c(1315): Comp split 10
INFO: dtree.c(1439): stop. leaf nodes are specific
INFO: dtree.c(1478): Final simple tree
|( QUESTION0_8_R 1 2.383e+03 1.936e+02 1.415e+02
|    ( - 1.923e+03 1 0)
|    ( QUESTION0_14_R 1 2.670e+02 5.944e+01 2.196e+01
|        ( - 1.327e+02 1 0)
|        ( QUESTION0_10_R 1 7.482e+01 2.284e+01 7.959e+00
|            ( - 3.377e+01 1 0)
|            ( - 1.821e+01 1 0))))
s>    ( QUESTION0_8_R 1 2.383e+03 1.936e+02 1.415e+02
s>        ( - 1.923e+03 1 0)
s>        ( QUESTION0_14_R 1 2.670e+02 5.944e+01 2.196e+01
s>            ( - 1.327e+02 1 0)
s>            ( QUESTION0_10_R 1 7.482e+01 2.284e+01 7.959e+00
s>                ( - 3.377e+01 1 0)
s>                ( - 1.821e+01 1 0))))INFO: dtree.c(1439): stop. leaf nodes are specific
INFO: dtree.c(1478): Final simple tree
|( QUESTION0_8_R 1 5.697e+03 2.039e+02 3.235e+02
|    ( - 3.760e+03 1 0)
|    ( - 1.733e+03 1 0))
s>    ( QUESTION0_8_R 1 5.697e+03 2.039e+02 3.235e+02
s>        ( - 3.760e+03 1 0)
s>        ( - 1.733e+03 1 0))INFO: dtree.c(1315): Comp split 11
INFO: dtree.c(1439): stop. leaf nodes are specific
INFO: dtree.c(1478): Final simple tree
|( QUESTION0_1_R 1 4.894e+03 1.857e+02 2.966e+02
|    ( - 3.768e+03 2 0)
|    ( QUESTION1 -1 9.402e+02 1.045e+02 5.896e+01
|        ( - 5.584e+02 2 0)
|        ( - 2.774e+02 1 0)))
s>    ( QUESTION0_1_R 1 4.894e+03 1.857e+02 2.966e+02
s>        ( - 3.768e+03 2 0)
s>        ( QUESTION1 -1 9.402e+02 1.045e+02 5.896e+01
s>            ( - 5.584e+02 2 0)
s>            ( - 2.774e+02 1 0)))INFO: dtree.c(1478): Final simple tree
|( SILENCE -1 3.135e+03 1.998e+02 1.807e+02
|    ( - 1.282e+03 1 0)
|    ( QUESTION2_3_L -1 1.653e+03 1.456e+02 9.816e+01
|        ( - 3.698e+02 3 0)
|        ( QUESTION0 -1 1.138e+03 1.240e+02 6.916e+01
|            ( - 3.392e+02 1 0)
|            ( QUESTION4 -1 6.745e+02 9.208e+01 4.499e+01
|                ( QUESTION2_1_L -1 2.838e+02 4.657e+01 2.100e+01
|                    ( - 1.925e+02 2 0)
|                    ( - 4.470e+01 1 0))
|                ( QUESTION2_6_L -1 2.987e+02 6.074e+01 2.399e+01
|                    ( - 7.846e+01 1 0)
|                    ( QUESTION6 -1 1.595e+02 2.494e+01 1.499e+01
|                        ( - 1.170e+02 1 0)
|                        ( - 1.754e+01 1 0)))))))
s>    ( SILENCE -1 3.135e+03 1.998e+02 1.807e+02
s>        ( - 1.282e+03 1 0)
s>        ( QUESTION2_3_L -1 1.653e+03 1.456e+02 9.816e+01
s>            ( - 3.698e+02 3 0)
s>            ( QUESTION0 -1 1.138e+03 1.240e+02 6.916e+01
s>                ( - 3.392e+02 1 0)
s>                ( QUESTION4 -1 6.745e+02 9.208e+01 4.499e+01
s>                    ( QUESTION2_1_L -1 2.838e+02 4.657e+01 2.100e+01
s>                        ( - 1.925e+02 2 0)
s>                        ( - 4.470e+01 1 0))
s>                    ( QUESTION2_6_L -1 2.987e+02 6.074e+01 2.399e+01
s>                        ( - 7.846e+01 1 0)
s>                        ( QUESTION6 -1 1.595e+02 2.494e+01 1.499e+01
s>                            ( - 1.170e+02 1 0)
s>                            ( - 1.754e+01 1 0)))))))INFO: dtree.c(1315): Comp split 12
INFO: dtree.c(1478): Final simple tree
|( QUESTION0_8_R 1 3.319e+03 2.749e+02 1.896e+02
|    ( QUESTION0 -1 1.665e+03 1.768e+02 1.042e+02
|        ( - 9.024e+02 1 0)
|        ( - 5.860e+02 1 0))
|    ( QUESTION2_1_L -1 1.379e+03 1.440e+02 8.539e+01
|        ( QUESTION4 -1 4.815e+02 4.345e+01 3.340e+01
|            ( - 4.234e+02 2 0)
|            ( - 1.469e+01 1 0))
|        ( SILENCE -1 7.535e+02 9.759e+01 5.199e+01
|            ( - 2.892e+02 1 0)
|            ( QUESTION4 -1 3.666e+02 5.971e+01 2.900e+01
|                ( - 2.311e+02 1 0)
|                ( QUESTION6 -1 7.579e+01 2.395e+01 8.000e+00
|                    ( - 7.278e+00 1 0)
|                    ( - 4.456e+01 1 0))))))
s>    ( QUESTION0_8_R 1 3.319e+03 2.749e+02 1.896e+02
s>        ( QUESTION0 -1 1.665e+03 1.768e+02 1.042e+02
s>            ( - 9.024e+02 1 0)
s>            ( - 5.860e+02 1 0))
s>        ( QUESTION2_1_L -1 1.379e+03 1.440e+02 8.539e+01
s>            ( QUESTION4 -1 4.815e+02 4.345e+01 3.340e+01
s>                ( - 4.234e+02 2 0)
s>                ( - 1.469e+01 1 0))
s>            ( SILENCE -1 7.535e+02 9.759e+01 5.199e+01
s>                ( - 2.892e+02 1 0)
s>                ( QUESTION4 -1 3.666e+02 5.971e+01 2.900e+01
s>                    ( - 2.311e+02 1 0)
s>                    ( QUESTION6 -1 7.579e+01 2.395e+01 8.000e+00
s>                        ( - 7.278e+00 1 0)
s>                        ( - 4.456e+01 1 0))))))INFO: dtree.c(1478): Final simple tree
|( QUESTION2_2_L -1 6.621e+03 2.558e+02 3.687e+02
|    ( QUESTION5 -1 3.197e+03 1.954e+02 1.825e+02
|        ( QUESTION0_8_R 1 1.256e+03 1.392e+02 7.944e+01
|            ( QUESTION2_9_L -1 5.353e+02 8.127e+01 3.750e+01
|                ( - 1.373e+02 1 0)
|                ( - 3.167e+02 1 0))
|            ( - 5.811e+02 3 0 QUESTION6 -1 7.490e+01 4.194e+01))
|        ( QUESTION1 -1 1.746e+03 1.211e+02 1.030e+02
|            ( - 1.227e+03 2 0)
|            ( - 3.976e+02 3 0 QUESTION0_10_R 1 6.127e+01 3.002e+01)))
|    ( QUESTION4 -1 3.169e+03 1.806e+02 1.863e+02
|        ( QUESTION0_8_R 1 2.300e+03 1.538e+02 1.403e+02
|            ( - 1.113e+03 2 0)
|            ( - 1.033e+03 2 0))
|        ( - 6.883e+02 4 0 QUESTION0_13_R 1 7.964e+01 4.600e+01)))
s>    ( QUESTION2_2_L -1 6.621e+03 2.558e+02 3.687e+02
s>        ( QUESTION5 -1 3.197e+03 1.954e+02 1.825e+02
s>            ( QUESTION0_8_R 1 1.256e+03 1.392e+02 7.944e+01
s>                ( QUESTION2_9_L -1 5.353e+02 8.127e+01 3.750e+01
s>                    ( - 1.373e+02 1 0)
s>                    ( - 3.167e+02 1 0))
s>                ( - 5.811e+02 3 0 QUESTION6 -1 7.490e+01 4.194e+01))
s>            ( QUESTION1 -1 1.746e+03 1.211e+02 1.030e+02
s>                ( - 1.227e+03 2 0)
s>                ( - 3.976e+02 3 0 QUESTION0_10_R 1 6.127e+01 3.002e+01)))
s>        ( QUESTION4 -1 3.169e+03 1.806e+02 1.863e+02
s>            ( QUESTION0_8_R 1 2.300e+03 1.538e+02 1.403e+02
s>                ( - 1.113e+03 2 0)
s>                ( - 1.033e+03 2 0))
s>            ( - 6.883e+02 4 0 QUESTION0_13_R 1 7.964e+01 4.600e+01)))INFO: dtree.c(1315): Comp split 13
INFO: dtree.c(1439): stop. leaf nodes are specific
INFO: dtree.c(1478): Final simple tree
|( QUESTION2_3_L -1 3.030e+03 1.945e+02 1.813e+02
|    ( - 1.609e+03 3 0)
|    ( QUESTION0 -1 1.226e+03 1.024e+02 7.763e+01
|        ( - 7.581e+02 1 0)
|        ( - 3.659e+02 1 0)))
s>    ( QUESTION2_3_L -1 3.030e+03 1.945e+02 1.813e+02
s>        ( - 1.609e+03 3 0)
s>        ( QUESTION0 -1 1.226e+03 1.024e+02 7.763e+01
s>            ( - 7.581e+02 1 0)
s>            ( - 3.659e+02 1 0)))INFO: dtree.c(1439): stop. leaf nodes are specific
INFO: dtree.c(1478): Final simple tree
|( QUESTION2_0_L -1 4.223e+03 2.044e+02 2.483e+02
|    ( QUESTION0 -1 2.730e+03 9.904e+01 1.672e+02
|        ( - 2.399e+03 2 0)
|        ( QUESTION2_1_L -1 2.321e+02 4.902e+01 1.895e+01
|            ( QUESTION4 -1 1.216e+02 2.238e+01 1.195e+01
|                ( - 9.468e+01 1 0)
|                ( - 4.501e+00 1 0))
|            ( QUESTION4 -1 6.155e+01 2.461e+01 7.000e+00
|                ( - 1.633e+01 1 0)
|                ( - 2.062e+01 1 0))))
|    ( SILENCE -1 1.289e+03 1.561e+02 8.108e+01
|        ( - 4.743e+02 1 0)
|        ( - 6.589e+02 1 0)))
s>    ( QUESTION2_0_L -1 4.223e+03 2.044e+02 2.483e+02
s>        ( QUESTION0 -1 2.730e+03 9.904e+01 1.672e+02
s>            ( - 2.399e+03 2 0)
s>            ( QUESTION2_1_L -1 2.321e+02 4.902e+01 1.895e+01
s>                ( QUESTION4 -1 1.216e+02 2.238e+01 1.195e+01
s>                    ( - 9.468e+01 1 0)
s>                    ( - 4.501e+00 1 0))
s>                ( QUESTION4 -1 6.155e+01 2.461e+01 7.000e+00
s>                    ( - 1.633e+01 1 0)
s>                    ( - 2.062e+01 1 0))))
s>        ( SILENCE -1 1.289e+03 1.561e+02 8.108e+01
s>            ( - 4.743e+02 1 0)
s>            ( - 6.589e+02 1 0)))INFO: dtree.c(1315): Comp split 14
INFO: dtree.c(1439): stop. leaf nodes are specific
INFO: dtree.c(1478): Final simple tree
|( WDBNDRY_B 0 3.474e+03 1.761e+02 2.178e+02
|    ( QUESTION2_1_L -1 1.935e+03 1.614e+02 1.269e+02
|        ( QUESTION4 -1 8.404e+02 1.225e+02 5.888e+01
|            ( - 3.700e+02 1 0)
|            ( - 3.479e+02 1 0))
|        ( - 9.329e+02 1 0))
|    ( - 1.364e+03 1 0))
s>    ( WDBNDRY_B 0 3.474e+03 1.761e+02 2.178e+02
s>        ( QUESTION2_1_L -1 1.935e+03 1.614e+02 1.269e+02
s>            ( QUESTION4 -1 8.404e+02 1.225e+02 5.888e+01
s>                ( - 3.700e+02 1 0)
s>                ( - 3.479e+02 1 0))
s>            ( - 9.329e+02 1 0))
s>        ( - 1.364e+03 1 0))INFO: dtree.c(1439): stop. leaf nodes are specific
INFO: dtree.c(1478): Final simple tree
|( QUESTION0 -1 5.667e+03 1.737e+02 3.473e+02
|    ( - 4.558e+03 3 0)
|    ( QUESTION2_9_L -1 9.353e+02 1.248e+02 6.978e+01
|        ( - 2.582e+02 1 0)
|        ( - 5.523e+02 1 0)))
s>    ( QUESTION0 -1 5.667e+03 1.737e+02 3.473e+02
s>        ( - 4.558e+03 3 0)
s>        ( QUESTION2_9_L -1 9.353e+02 1.248e+02 6.978e+01
s>            ( - 2.582e+02 1 0)
s>            ( - 5.523e+02 1 0)))INFO: dtree.c(1315): Comp split 15
INFO: dtree.c(1439): stop. leaf nodes are specific
INFO: dtree.c(1478): Final simple tree
|( QUESTION4 -1 1.777e+03 1.858e+02 1.102e+02
|    ( - 5.860e+02 1 0)
|    ( QUESTION0_8_R 1 1.006e+03 5.867e+01 6.822e+01
|        ( - 9.024e+02 1 0)
|        ( - 4.456e+01 1 0)))
s>    ( QUESTION4 -1 1.777e+03 1.858e+02 1.102e+02
s>        ( - 5.860e+02 1 0)
s>        ( QUESTION0_8_R 1 1.006e+03 5.867e+01 6.822e+01
s>            ( - 9.024e+02 1 0)
s>            ( - 4.456e+01 1 0)))INFO: dtree.c(1439): stop. leaf nodes are specific
INFO: dtree.c(1478): Final simple tree
|( QUESTION2_1_L -1 1.261e+03 1.358e+02 7.939e+01
|    ( QUESTION4 -1 4.815e+02 4.345e+01 3.340e+01
|        ( - 4.234e+02 2 0)
|        ( - 1.469e+01 1 0))
|    ( QUESTION4 -1 6.439e+02 9.243e+01 4.599e+01
|        ( - 2.311e+02 1 0)
|        ( SILENCE -1 3.203e+02 2.378e+01 2.499e+01
|            ( - 2.892e+02 1 0)
|            ( - 7.278e+00 1 0))))
s>    ( QUESTION2_1_L -1 1.261e+03 1.358e+02 7.939e+01
s>        ( QUESTION4 -1 4.815e+02 4.345e+01 3.340e+01
s>            ( - 4.234e+02 2 0)
s>            ( - 1.469e+01 1 0))
s>        ( QUESTION4 -1 6.439e+02 9.243e+01 4.599e+01
s>            ( - 2.311e+02 1 0)
s>            ( SILENCE -1 3.203e+02 2.378e+01 2.499e+01
s>                ( - 2.892e+02 1 0)
s>                ( - 7.278e+00 1 0))))INFO: dtree.c(1315): Comp split 16
INFO: dtree.c(1439): stop. leaf nodes are specific
INFO: dtree.c(1478): Final simple tree
|( QUESTION1 -1 1.391e+04 1.962e+02 7.978e+02
|    ( - 1.220e+04 2 0)
|    ( - 1.520e+03 3 0))
s>    ( QUESTION1 -1 1.391e+04 1.962e+02 7.978e+02
s>        ( - 1.220e+04 2 0)
s>        ( - 1.520e+03 3 0))INFO: dtree.c(1315): Comp split 17
INFO: dtree.c(1439): stop. leaf nodes are specific
INFO: dtree.c(1478): Final simple tree
|( QUESTION0 -1 3.403e+03 1.638e+02 2.226e+02
|    ( - 2.828e+03 1 0)
|    ( - 4.111e+02 1 0))
s>    ( QUESTION0 -1 3.403e+03 1.638e+02 2.226e+02
s>        ( - 2.828e+03 1 0)
s>        ( - 4.111e+02 1 0))INFO: dtree.c(1315): Comp split 18
INFO: dtree.c(1478): Final simple tree
|( QUESTION5 -1 3.197e+03 1.954e+02 1.825e+02
|    ( QUESTION0_8_R 1 1.256e+03 1.392e+02 7.944e+01
|        ( QUESTION2_9_L -1 5.353e+02 8.127e+01 3.750e+01
|            ( - 1.373e+02 1 0)
|            ( - 3.167e+02 1 0))
|        ( QUESTION6 -1 5.811e+02 7.490e+01 4.194e+01
|            ( - 1.962e+02 1 0)
|            ( QUESTION2_9_L -1 3.100e+02 7.390e+01 2.394e+01
|                ( - 1.164e+02 1 0)
|                ( - 1.197e+02 1 0))))
|    ( QUESTION1 -1 1.746e+03 1.211e+02 1.030e+02
|        ( - 1.227e+03 2 0)
|        ( QUESTION0_10_R 1 3.976e+02 6.127e+01 3.002e+01
|            ( - 3.001e+02 2 0)
|            ( - 3.625e+01 1 0))))
s>    ( QUESTION5 -1 3.197e+03 1.954e+02 1.825e+02
s>        ( QUESTION0_8_R 1 1.256e+03 1.392e+02 7.944e+01
s>            ( QUESTION2_9_L -1 5.353e+02 8.127e+01 3.750e+01
s>                ( - 1.373e+02 1 0)
s>                ( - 3.167e+02 1 0))
s>            ( QUESTION6 -1 5.811e+02 7.490e+01 4.194e+01
s>                ( - 1.962e+02 1 0)
s>                ( QUESTION2_9_L -1 3.100e+02 7.390e+01 2.394e+01
s>                    ( - 1.164e+02 1 0)
s>                    ( - 1.197e+02 1 0))))
s>        ( QUESTION1 -1 1.746e+03 1.211e+02 1.030e+02
s>            ( - 1.227e+03 2 0)
s>            ( QUESTION0_10_R 1 3.976e+02 6.127e+01 3.002e+01
s>                ( - 3.001e+02 2 0)
s>                ( - 3.625e+01 1 0))))INFO: dtree.c(1439): stop. leaf nodes are specific
INFO: dtree.c(1478): Final simple tree
|( QUESTION4 -1 3.169e+03 1.806e+02 1.863e+02
|    ( QUESTION0_8_R 1 2.300e+03 1.538e+02 1.403e+02
|        ( - 1.113e+03 2 0)
|        ( - 1.033e+03 2 0))
|    ( QUESTION0_13_R 1 6.883e+02 7.964e+01 4.600e+01
|        ( - 4.421e+02 1 0)
|        ( QUESTION7 -1 1.666e+02 4.390e+01 1.500e+01
|            ( - 3.561e+01 1 0)
|            ( QUESTION0_8_R 1 8.714e+01 3.212e+01 9.000e+00
|                ( - 3.558e+01 1 0)
|                ( - 1.944e+01 1 0)))))
s>    ( QUESTION4 -1 3.169e+03 1.806e+02 1.863e+02
s>        ( QUESTION0_8_R 1 2.300e+03 1.538e+02 1.403e+02
s>            ( - 1.113e+03 2 0)
s>            ( - 1.033e+03 2 0))
s>        ( QUESTION0_13_R 1 6.883e+02 7.964e+01 4.600e+01
s>            ( - 4.421e+02 1 0)
s>            ( QUESTION7 -1 1.666e+02 4.390e+01 1.500e+01
s>                ( - 3.561e+01 1 0)
s>                ( QUESTION0_8_R 1 8.714e+01 3.212e+01 9.000e+00
s>                    ( - 3.558e+01 1 0)
s>                    ( - 1.944e+01 1 0)))))INFO: dtree.c(1315): Comp split 19
INFO: dtree.c(1439): stop. leaf nodes are specific
INFO: dtree.c(1478): Final simple tree
|( QUESTION0 1 3.684e+02 5.857e+01 2.653e+01
|    ( - 2.227e+02 1 0)
|    ( - 8.716e+01 1 0))
s>    ( QUESTION0 1 3.684e+02 5.857e+01 2.653e+01
s>        ( - 2.227e+02 1 0)
s>        ( - 8.716e+01 1 0))INFO: dtree.c(1315): Comp split 20
INFO: dtree.c(1439): stop. leaf nodes are specific
INFO: dtree.c(1478): Final simple tree
|( SILENCE -1 1.422e+03 6.164e+01 9.157e+01
|    ( - 1.282e+03 1 0)
|    ( - 7.846e+01 1 0))
s>    ( SILENCE -1 1.422e+03 6.164e+01 9.157e+01
s>        ( - 1.282e+03 1 0)
s>        ( - 7.846e+01 1 0))INFO: dtree.c(1439): stop. leaf nodes are specific
INFO: dtree.c(1478): Final simple tree
|( QUESTION2_3_L -1 1.503e+03 1.504e+02 8.916e+01
|    ( - 3.698e+02 3 0)
|    ( QUESTION0 -1 9.829e+02 1.243e+02 6.016e+01
|        ( - 3.392e+02 1 0)
|        ( QUESTION4 -1 5.195e+02 7.627e+01 3.599e+01
|            ( QUESTION2_1_L -1 2.838e+02 4.657e+01 2.100e+01
|                ( - 1.925e+02 2 0)
|                ( - 4.470e+01 1 0))
|            ( QUESTION6 -1 1.595e+02 2.494e+01 1.499e+01
|                ( - 1.170e+02 1 0)
|                ( - 1.754e+01 1 0)))))
s>    ( QUESTION2_3_L -1 1.503e+03 1.504e+02 8.916e+01
s>        ( - 3.698e+02 3 0)
s>        ( QUESTION0 -1 9.829e+02 1.243e+02 6.016e+01
s>            ( - 3.392e+02 1 0)
s>            ( QUESTION4 -1 5.195e+02 7.627e+01 3.599e+01
s>                ( QUESTION2_1_L -1 2.838e+02 4.657e+01 2.100e+01
s>                    ( - 1.925e+02 2 0)
s>                    ( - 4.470e+01 1 0))
s>                ( QUESTION6 -1 1.595e+02 2.494e+01 1.499e+01
s>                    ( - 1.170e+02 1 0)
s>                    ( - 1.754e+01 1 0)))))INFO: dtree.c(1315): Comp split 21
INFO: dtree.c(1439): stop. leaf nodes are specific
INFO: dtree.c(1478): Final simple tree
|( QUESTION2_12_L -1 9.270e+02 8.088e+01 6.184e+01
|    ( - 6.431e+02 1 0)
|    ( - 2.030e+02 1 0))
s>    ( QUESTION2_12_L -1 9.270e+02 8.088e+01 6.184e+01
s>        ( - 6.431e+02 1 0)
s>        ( - 2.030e+02 1 0))INFO: dtree.c(1439): stop. leaf nodes are specific
INFO: dtree.c(1478): Final simple tree
|( QUESTION1 -1 3.933e+03 1.640e+02 2.346e+02
|    ( - 2.152e+03 2 0)
|    ( - 1.617e+03 3 0))
s>    ( QUESTION1 -1 3.933e+03 1.640e+02 2.346e+02
s>        ( - 2.152e+03 2 0)
s>        ( - 1.617e+03 3 0))INFO: dtree.c(1315): Comp split 22
INFO: dtree.c(1439): stop. leaf nodes are specific
INFO: dtree.c(1478): Final simple tree
|( QUESTION0 -1 2.730e+03 9.904e+01 1.672e+02
|    ( - 2.399e+03 2 0)
|    ( QUESTION2_1_L -1 2.321e+02 4.902e+01 1.895e+01
|        ( QUESTION4 -1 1.216e+02 2.238e+01 1.195e+01
|            ( - 9.468e+01 1 0)
|            ( - 4.501e+00 1 0))
|        ( QUESTION4 -1 6.155e+01 2.461e+01 7.000e+00
|            ( - 1.633e+01 1 0)
|            ( - 2.062e+01 1 0))))
s>    ( QUESTION0 -1 2.730e+03 9.904e+01 1.672e+02
s>        ( - 2.399e+03 2 0)
s>        ( QUESTION2_1_L -1 2.321e+02 4.902e+01 1.895e+01
s>            ( QUESTION4 -1 1.216e+02 2.238e+01 1.195e+01
s>                ( - 9.468e+01 1 0)
s>                ( - 4.501e+00 1 0))
s>            ( QUESTION4 -1 6.155e+01 2.461e+01 7.000e+00
s>                ( - 1.633e+01 1 0)
s>                ( - 2.062e+01 1 0))))INFO: dtree.c(1439): stop. leaf nodes are specific
INFO: dtree.c(1478): Final simple tree
|( SILENCE -1 1.289e+03 1.561e+02 8.108e+01
|    ( - 4.743e+02 1 0)
|    ( - 6.589e+02 1 0))
s>    ( SILENCE -1 1.289e+03 1.561e+02 8.108e+01
s>        ( - 4.743e+02 1 0)
s>        ( - 6.589e+02 1 0))INFO: dtree.c(1315): Comp split 23
INFO: dtree.c(1315): Comp split 24
INFO: dtree.c(1439): stop. leaf nodes are specific
INFO: dtree.c(1478): Final simple tree
|( QUESTION2_0_L -1 3.871e+02 8.523e+01 2.742e+01
|    ( QUESTION0_5_R 1 1.031e+02 3.056e+01 1.000e+01
|        ( - 5.617e+01 1 0)
|        ( - 1.633e+01 1 0))
|    ( QUESTION0_5_R 1 1.988e+02 3.498e+01 1.742e+01
|        ( - 1.497e+02 1 0)
|        ( - 1.409e+01 1 0)))
s>    ( QUESTION2_0_L -1 3.871e+02 8.523e+01 2.742e+01
s>        ( QUESTION0_5_R 1 1.031e+02 3.056e+01 1.000e+01
s>            ( - 5.617e+01 1 0)
s>            ( - 1.633e+01 1 0))
s>        ( QUESTION0_5_R 1 1.988e+02 3.498e+01 1.742e+01
s>            ( - 1.497e+02 1 0)
s>            ( - 1.409e+01 1 0)))INFO: dtree.c(1315): Comp split 25
INFO: dtree.c(1439): stop. leaf nodes are specific
INFO: dtree.c(1478): Final simple tree
|( QUESTION5 -1 1.093e+03 1.146e+02 7.196e+01
|    ( QUESTION6 -1 5.811e+02 7.490e+01 4.194e+01
|        ( - 1.962e+02 1 0)
|        ( QUESTION2_9_L -1 3.100e+02 7.390e+01 2.394e+01
|            ( - 1.164e+02 1 0)
|            ( - 1.197e+02 1 0)))
|    ( QUESTION0_10_R 1 3.976e+02 6.127e+01 3.002e+01
|        ( - 3.001e+02 2 0)
|        ( - 3.625e+01 1 0)))
s>    ( QUESTION5 -1 1.093e+03 1.146e+02 7.196e+01
s>        ( QUESTION6 -1 5.811e+02 7.490e+01 4.194e+01
s>            ( - 1.962e+02 1 0)
s>            ( QUESTION2_9_L -1 3.100e+02 7.390e+01 2.394e+01
s>                ( - 1.164e+02 1 0)
s>                ( - 1.197e+02 1 0)))
s>        ( QUESTION0_10_R 1 3.976e+02 6.127e+01 3.002e+01
s>            ( - 3.001e+02 2 0)
s>            ( - 3.625e+01 1 0)))INFO: dtree.c(1439): stop. leaf nodes are specific
INFO: dtree.c(1478): Final simple tree
|( QUESTION0_8_R 1 1.907e+03 1.447e+02 1.105e+02
|    ( QUESTION2_9_L -1 5.353e+02 8.127e+01 3.750e+01
|        ( - 1.373e+02 1 0)
|        ( - 3.167e+02 1 0))
|    ( - 1.227e+03 2 0))
s>    ( QUESTION0_8_R 1 1.907e+03 1.447e+02 1.105e+02
s>        ( QUESTION2_9_L -1 5.353e+02 8.127e+01 3.750e+01
s>            ( - 1.373e+02 1 0)
s>            ( - 3.167e+02 1 0))
s>        ( - 1.227e+03 2 0))INFO: dtree.c(1315): Comp split 26
INFO: dtree.c(1315): Comp split 27
INFO: dtree.c(1439): stop. leaf nodes are specific
INFO: dtree.c(1478): Final simple tree
|( QUESTION0 -1 1.226e+03 1.024e+02 7.763e+01
|    ( - 7.581e+02 1 0)
|    ( - 3.659e+02 1 0))
s>    ( QUESTION0 -1 1.226e+03 1.024e+02 7.763e+01
s>        ( - 7.581e+02 1 0)
s>        ( - 3.659e+02 1 0))INFO: dtree.c(1315): Comp split 28
INFO: dtree.c(1439): stop. leaf nodes are specific
INFO: dtree.c(1478): Final simple tree
|( QUESTION0_14_R 1 2.670e+02 5.944e+01 2.196e+01
|    ( - 1.327e+02 1 0)
|    ( QUESTION0_10_R 1 7.482e+01 2.284e+01 7.959e+00
|        ( - 3.377e+01 1 0)
|        ( - 1.821e+01 1 0)))
s>    ( QUESTION0_14_R 1 2.670e+02 5.944e+01 2.196e+01
s>        ( - 1.327e+02 1 0)
s>        ( QUESTION0_10_R 1 7.482e+01 2.284e+01 7.959e+00
s>            ( - 3.377e+01 1 0)
s>            ( - 1.821e+01 1 0)))INFO: dtree.c(1315): Comp split 29
INFO: dtree.c(1439): stop. leaf nodes are specific
INFO: dtree.c(1478): Final simple tree
|( QUESTION0_8_R 1 1.006e+03 5.867e+01 6.822e+01
|    ( - 9.024e+02 1 0)
|    ( - 4.456e+01 1 0))
s>    ( QUESTION0_8_R 1 1.006e+03 5.867e+01 6.822e+01
s>        ( - 9.024e+02 1 0)
s>        ( - 4.456e+01 1 0))INFO: dtree.c(1315): Comp split 30
INFO: dtree.c(1439): stop. leaf nodes are specific
INFO: dtree.c(1478): Final simple tree
|( QUESTION1 -1 9.402e+02 1.045e+02 5.896e+01
|    ( - 5.584e+02 2 0)
|    ( - 2.774e+02 1 0))
s>    ( QUESTION1 -1 9.402e+02 1.045e+02 5.896e+01
s>        ( - 5.584e+02 2 0)
s>        ( - 2.774e+02 1 0))INFO: dtree.c(1315): Comp split 31
INFO: dtree.c(1439): stop. leaf nodes are specific
INFO: dtree.c(1478): Final simple tree
|( QUESTION4 -1 1.196e+03 4.733e+01 7.923e+01
|    ( - 1.113e+03 2 0)
|    ( - 3.558e+01 1 0))
s>    ( QUESTION4 -1 1.196e+03 4.733e+01 7.923e+01
s>        ( - 1.113e+03 2 0)
s>        ( - 3.558e+01 1 0))INFO: dtree.c(1439): stop. leaf nodes are specific
INFO: dtree.c(1478): Final simple tree
|( QUESTION4 -1 1.788e+03 1.565e+02 1.070e+02
|    ( - 1.033e+03 2 0)
|    ( QUESTION0_13_R 1 5.981e+02 6.818e+01 4.100e+01
|        ( - 4.421e+02 1 0)
|        ( QUESTION0_8_R 1 8.784e+01 3.280e+01 1.000e+01
|            ( - 3.561e+01 1 0)
|            ( - 1.944e+01 1 0))))
s>    ( QUESTION4 -1 1.788e+03 1.565e+02 1.070e+02
s>        ( - 1.033e+03 2 0)
s>        ( QUESTION0_13_R 1 5.981e+02 6.818e+01 4.100e+01
s>            ( - 4.421e+02 1 0)
s>            ( QUESTION0_8_R 1 8.784e+01 3.280e+01 1.000e+01
s>                ( - 3.561e+01 1 0)
s>                ( - 1.944e+01 1 0))))INFO: dtree.c(1315): Comp split 32
INFO: dtree.c(1439): stop. leaf nodes are specific
INFO: dtree.c(1478): Final simple tree
|( QUESTION4 -1 1.414e+03 1.330e+02 9.704e+01
|    ( - 9.329e+02 1 0)
|    ( - 3.479e+02 1 0))
s>    ( QUESTION4 -1 1.414e+03 1.330e+02 9.704e+01
s>        ( - 9.329e+02 1 0)
s>        ( - 3.479e+02 1 0))INFO: dtree.c(1439): stop. leaf nodes are specific
INFO: dtree.c(1478): Final simple tree
|( WDBNDRY_B 0 1.876e+03 1.420e+02 1.208e+02
|    ( - 3.700e+02 1 0)
|    ( - 1.364e+03 1 0))
s>    ( WDBNDRY_B 0 1.876e+03 1.420e+02 1.208e+02
s>        ( - 3.700e+02 1 0)
s>        ( - 1.364e+03 1 0))INFO: dtree.c(1315): Comp split 33
INFO: dtree.c(1439): stop. leaf nodes are specific
INFO: dtree.c(1478): Final simple tree
|( QUESTION0 -1 4.939e+03 1.231e+02 3.035e+02
|    ( - 4.558e+03 3 0)
|    ( - 2.582e+02 1 0))
s>    ( QUESTION0 -1 4.939e+03 1.231e+02 3.035e+02
s>        ( - 4.558e+03 3 0)
s>        ( - 2.582e+02 1 0))INFO: dtree.c(1315): Comp split 34
INFO: dtree.c(1315): Comp split 35
INFO: dtree.c(1315): Comp split 36
INFO: dtree.c(1439): stop. leaf nodes are specific
INFO: dtree.c(1478): Final simple tree
|( QUESTION0 -1 6.552e+02 9.293e+01 4.400e+01
|    ( - 3.698e+02 3 0)
|    ( - 1.925e+02 2 0))
s>    ( QUESTION0 -1 6.552e+02 9.293e+01 4.400e+01
s>        ( - 3.698e+02 3 0)
s>        ( - 1.925e+02 2 0))INFO: dtree.c(1439): stop. leaf nodes are specific
INFO: dtree.c(1478): Final simple tree
|( QUESTION0 -1 6.841e+02 1.010e+02 4.516e+01
|    ( - 3.392e+02 1 0)
|    ( QUESTION4 -1 2.440e+02 3.977e+01 2.099e+01
|        ( - 4.470e+01 1 0)
|        ( QUESTION6 -1 1.595e+02 2.494e+01 1.499e+01
|            ( - 1.170e+02 1 0)
|            ( - 1.754e+01 1 0))))
s>    ( QUESTION0 -1 6.841e+02 1.010e+02 4.516e+01
s>        ( - 3.392e+02 1 0)
s>        ( QUESTION4 -1 2.440e+02 3.977e+01 2.099e+01
s>            ( - 4.470e+01 1 0)
s>            ( QUESTION6 -1 1.595e+02 2.494e+01 1.499e+01
s>                ( - 1.170e+02 1 0)
s>                ( - 1.754e+01 1 0))))INFO: dtree.c(1315): Comp split 37
INFO: dtree.c(1439): stop. leaf nodes are specific
INFO: dtree.c(1478): Final simple tree
|( QUESTION0_13_R 1 5.981e+02 6.818e+01 4.100e+01
|    ( - 4.421e+02 1 0)
|    ( QUESTION0_8_R 1 8.784e+01 3.280e+01 1.000e+01
|        ( - 3.561e+01 1 0)
|        ( - 1.944e+01 1 0)))
s>    ( QUESTION0_13_R 1 5.981e+02 6.818e+01 4.100e+01
s>        ( - 4.421e+02 1 0)
s>        ( QUESTION0_8_R 1 8.784e+01 3.280e+01 1.000e+01
s>            ( - 3.561e+01 1 0)
s>            ( - 1.944e+01 1 0)))INFO: dtree.c(1315): Comp split 38
INFO: dtree.c(1315): Comp split 39
INFO: dtree.c(1439): stop. leaf nodes are specific
INFO: dtree.c(1478): Final simple tree
|( QUESTION4 -1 4.569e+02 2.628e+01 3.240e+01
|    ( - 4.234e+02 2 0)
|    ( - 7.278e+00 1 0))
s>    ( QUESTION4 -1 4.569e+02 2.628e+01 3.240e+01
s>        ( - 4.234e+02 2 0)
s>        ( - 7.278e+00 1 0))INFO: dtree.c(1439): stop. leaf nodes are specific
INFO: dtree.c(1478): Final simple tree
|( QUESTION4 -1 6.540e+02 9.301e+01 4.699e+01
|    ( - 2.311e+02 1 0)
|    ( SILENCE -1 3.298e+02 2.590e+01 2.599e+01
|        ( - 2.892e+02 1 0)
|        ( - 1.469e+01 1 0)))
s>    ( QUESTION4 -1 6.540e+02 9.301e+01 4.699e+01
s>        ( - 2.311e+02 1 0)
s>        ( SILENCE -1 3.298e+02 2.590e+01 2.599e+01
s>            ( - 2.892e+02 1 0)
s>            ( - 1.469e+01 1 0)))INFO: dtree.c(1315): Comp split 40
INFO: dtree.c(1439): stop. leaf nodes are specific
INFO: dtree.c(1478): Final simple tree
|( QUESTION2_9_L -1 5.353e+02 8.127e+01 3.750e+01
|    ( - 1.373e+02 1 0)
|    ( - 3.167e+02 1 0))
s>    ( QUESTION2_9_L -1 5.353e+02 8.127e+01 3.750e+01
s>        ( - 1.373e+02 1 0)
s>        ( - 3.167e+02 1 0))INFO: dtree.c(1315): Comp split 41
INFO: dtree.c(1315): Comp split 42
INFO: dtree.c(1315): Comp split 43
INFO: dtree.c(1439): stop. leaf nodes are specific
INFO: dtree.c(1478): Final simple tree
|( QUESTION0_10_R 1 4.717e+02 5.519e+01 3.694e+01
|    ( - 3.001e+02 2 0)
|    ( - 1.164e+02 1 0))
s>    ( QUESTION0_10_R 1 4.717e+02 5.519e+01 3.694e+01
s>        ( - 3.001e+02 2 0)
s>        ( - 1.164e+02 1 0))INFO: dtree.c(1439): stop. leaf nodes are specific
INFO: dtree.c(1478): Final simple tree
|( QUESTION6 -1 4.912e+02 9.127e+01 3.502e+01
|    ( - 1.962e+02 1 0)
|    ( QUESTION4 -1 2.038e+02 4.780e+01 1.702e+01
|        ( - 3.625e+01 1 0)
|        ( - 1.197e+02 1 0)))
s>    ( QUESTION6 -1 4.912e+02 9.127e+01 3.502e+01
s>        ( - 1.962e+02 1 0)
s>        ( QUESTION4 -1 2.038e+02 4.780e+01 1.702e+01
s>            ( - 3.625e+01 1 0)
s>            ( - 1.197e+02 1 0)))INFO: dtree.c(1315): Comp split 44
INFO: dtree.c(1315): Comp split 45
INFO: dtree.c(1315): Comp split 46
INFO: dtree.c(1439): stop. leaf nodes are specific
INFO: dtree.c(1478): Final simple tree
|( QUESTION2_1_L -1 2.014e+02 4.518e+01 1.795e+01
|    ( - 9.468e+01 1 0)
|    ( QUESTION4 -1 6.155e+01 2.461e+01 7.000e+00
|        ( - 1.633e+01 1 0)
|        ( - 2.062e+01 1 0)))
s>    ( QUESTION2_1_L -1 2.014e+02 4.518e+01 1.795e+01
s>        ( - 9.468e+01 1 0)
s>        ( QUESTION4 -1 6.155e+01 2.461e+01 7.000e+00
s>            ( - 1.633e+01 1 0)
s>            ( - 2.062e+01 1 0)))INFO: dtree.c(1439): stop. leaf nodes are specific
INFO: dtree.c(1478): Final simple tree
|( QUESTION0 -1 2.426e+03 2.250e+01 1.492e+02
|    ( - 2.399e+03 2 0)
|    ( - 4.501e+00 1 0))
s>    ( QUESTION0 -1 2.426e+03 2.250e+01 1.492e+02
s>        ( - 2.399e+03 2 0)
s>        ( - 4.501e+00 1 0))INFO: dtree.c(1315): Comp split 47
INFO: dtree.c(1315): Comp split 48
INFO: dtree.c(1439): stop. leaf nodes are specific
INFO: dtree.c(1478): Final simple tree
|( QUESTION4 -1 2.440e+02 3.977e+01 2.099e+01
|    ( - 4.470e+01 1 0)
|    ( QUESTION6 -1 1.595e+02 2.494e+01 1.499e+01
|        ( - 1.170e+02 1 0)
|        ( - 1.754e+01 1 0)))
s>    ( QUESTION4 -1 2.440e+02 3.977e+01 2.099e+01
s>        ( - 4.470e+01 1 0)
s>        ( QUESTION6 -1 1.595e+02 2.494e+01 1.499e+01
s>            ( - 1.170e+02 1 0)
s>            ( - 1.754e+01 1 0)))INFO: dtree.c(1315): Comp split 49
INFO: dtree.c(1439): stop. leaf nodes are specific
INFO: dtree.c(1478): Final simple tree
|( SILENCE -1 3.298e+02 2.590e+01 2.599e+01
|    ( - 2.892e+02 1 0)
|    ( - 1.469e+01 1 0))
s>    ( SILENCE -1 3.298e+02 2.590e+01 2.599e+01
s>        ( - 2.892e+02 1 0)
s>        ( - 1.469e+01 1 0))INFO: dtree.c(1315): Comp split 50
INFO: dtree.c(1315): Comp split 51
INFO: dtree.c(1439): stop. leaf nodes are specific
INFO: dtree.c(1478): Final simple tree
|( QUESTION4 -1 2.038e+02 4.780e+01 1.702e+01
|    ( - 3.625e+01 1 0)
|    ( - 1.197e+02 1 0))
s>    ( QUESTION4 -1 2.038e+02 4.780e+01 1.702e+01
s>        ( - 3.625e+01 1 0)
s>        ( - 1.197e+02 1 0))INFO: dtree.c(1315): Comp split 52
INFO: dtree.c(1439): stop. leaf nodes are specific
INFO: dtree.c(1478): Final simple tree
|( QUESTION0_5_R 1 1.988e+02 3.498e+01 1.742e+01
|    ( - 1.497e+02 1 0)
|    ( - 1.409e+01 1 0))
s>    ( QUESTION0_5_R 1 1.988e+02 3.498e+01 1.742e+01
s>        ( - 1.497e+02 1 0)
s>        ( - 1.409e+01 1 0))INFO: dtree.c(1439): stop. leaf nodes are specific
INFO: dtree.c(1478): Final simple tree
|( QUESTION0_5_R 1 1.031e+02 3.056e+01 1.000e+01
|    ( - 5.617e+01 1 0)
|    ( - 1.633e+01 1 0))
s>    ( QUESTION0_5_R 1 1.031e+02 3.056e+01 1.000e+01
s>        ( - 5.617e+01 1 0)
s>        ( - 1.633e+01 1 0))INFO: dtree.c(1315): Comp split 53
INFO: dtree.c(1315): Comp split 54
INFO: dtree.c(1315): Comp split 55
INFO: dtree.c(1439): stop. leaf nodes are specific
INFO: dtree.c(1478): Final simple tree
|( QUESTION0_8_R 1 8.784e+01 3.280e+01 1.000e+01
|    ( - 3.561e+01 1 0)
|    ( - 1.944e+01 1 0))
s>    ( QUESTION0_8_R 1 8.784e+01 3.280e+01 1.000e+01
s>        ( - 3.561e+01 1 0)
s>        ( - 1.944e+01 1 0))INFO: dtree.c(1315): Comp split 56
INFO: dtree.c(1315): Comp split 57
INFO: dtree.c(1439): stop. leaf nodes are specific
INFO: dtree.c(1478): Final simple tree
|( QUESTION0_10_R 1 7.482e+01 2.284e+01 7.959e+00
|    ( - 3.377e+01 1 0)
|    ( - 1.821e+01 1 0))
s>    ( QUESTION0_10_R 1 7.482e+01 2.284e+01 7.959e+00
s>        ( - 3.377e+01 1 0)
s>        ( - 1.821e+01 1 0))INFO: dtree.c(1315): Comp split 58
INFO: dtree.c(1315): Comp split 59
INFO: dtree.c(1315): Comp split 60
INFO: dtree.c(1315): Comp split 61
INFO: dtree.c(1315): Comp split 62
INFO: dtree.c(1315): Comp split 63
INFO: dtree.c(1439): stop. leaf nodes are specific
INFO: dtree.c(1478): Final simple tree
|( QUESTION4 -1 6.155e+01 2.461e+01 7.000e+00
|    ( - 1.633e+01 1 0)
|    ( - 2.062e+01 1 0))
s>    ( QUESTION4 -1 6.155e+01 2.461e+01 7.000e+00
s>        ( - 1.633e+01 1 0)
s>        ( - 2.062e+01 1 0))INFO: dtree.c(1315): Comp split 64
INFO: dtree.c(1439): stop. leaf nodes are specific
INFO: dtree.c(1478): Final simple tree
|( QUESTION6 -1 1.595e+02 2.494e+01 1.499e+01
|    ( - 1.170e+02 1 0)
|    ( - 1.754e+01 1 0))
s>    ( QUESTION6 -1 1.595e+02 2.494e+01 1.499e+01
s>        ( - 1.170e+02 1 0)
s>        ( - 1.754e+01 1 0))INFO: dtree.c(1315): Comp split 65
INFO: dtree.c(1315): Comp split 66
INFO: dtree.c(1315): Comp split 67
INFO: dtree.c(1315): Comp split 68
INFO: dtree.c(1315): Comp split 69
INFO: dtree.c(1315): Comp split 70
INFO: dtree.c(1315): Comp split 71
INFO: dtree.c(1315): Comp split 72
INFO: dtree.c(1315): Comp split 73
INFO: dtree.c(1315): Comp split 74
INFO: dtree.c(1315): Comp split 75
INFO: dtree.c(1318): stop. leaf nodes are specific
Sun Mar 12 05:24:25 2017
