Current configuration:
[NAME]		[DEFLT]	[VALUE]
-allphones	no	no
-cntthresh	0.00001	1.000000e-05
-csplitmax	100	2000
-csplitmin	1	1
-csplitthr	8e-4	0.000000e+00
-example	no	no
-fullvar	no	no
-help		no	no
-meanfn			
-mixwfn			/home/gaurav/python-scripts/py/scripts/sphinx-source2/an4/model_parameters/an4.cd_ptm_untied/mixture_weights
-moddeffn		/home/gaurav/python-scripts/py/scripts/sphinx-source2/an4/model_architecture/an4.untied.mdef
-mwfloor	1e-4	1.000000e-08
-phone			N
-psetfn			/home/gaurav/python-scripts/py/scripts/sphinx-source2/an4/model_architecture/an4.tree_questions
-ssplitmax	5	7
-ssplitmin	1	1
-ssplitthr	8e-4	0.000000e+00
-state			2
-stwt			1.0,0.05,0.0,
-treefn			/home/gaurav/python-scripts/py/scripts/sphinx-source2/an4/trees/an4.unpruned/N-2.dtree
-ts2cbfn	.semi.	.semi.
-varfloor	0.00001	1.000000e-05
-varfn			

INFO: main.c(223): Reading: /home/gaurav/python-scripts/py/scripts/sphinx-source2/an4/model_architecture/an4.untied.mdef
INFO: model_def_io.c(573): Model definition info:
INFO: model_def_io.c(574): 1618 total models defined (34 base, 1584 tri)
INFO: model_def_io.c(575): 6472 total states
INFO: model_def_io.c(576): 4854 total tied states
INFO: model_def_io.c(577): 102 total tied CI states
INFO: model_def_io.c(578): 34 total tied transition matrices
INFO: model_def_io.c(579): 4 max state/model
INFO: model_def_io.c(580): 4 min state/model
INFO: main.c(242): Building trees for [N AE D i] through [N V AY b]
INFO: main.c(269): Covering states |[2973 3224]| == 252
INFO: main.c(275): Reading: /home/gaurav/python-scripts/py/scripts/sphinx-source2/an4/model_parameters/an4.cd_ptm_untied/mixture_weights
INFO: s3mixw_io.c(173): Read /home/gaurav/python-scripts/py/scripts/sphinx-source2/an4/model_parameters/an4.cd_ptm_untied/mixture_weights [252x4x64 array]
INFO: main.c(311): 84 of 84 models have observation count greater than 0.000010
INFO: main.c(95): nrm stwt: 0.000 0.048 0.952 
INFO: main.c(411): 84-class entropy: 9.998508e+04
INFO: main.c(549): Reading: /home/gaurav/python-scripts/py/scripts/sphinx-source2/an4/model_architecture/an4.tree_questions
INFO: main.c(588): 180 total simple questions (172 phone; 8 word bndry)
INFO: main.c(590): 42 Left Only questions, and 42 Right Only questions
INFO: dtree.c(1478): Final simple tree
|( QUESTION0 1 1.250e+05 2.790e+03 5.671e+03
|    ( WDBNDRY_B 0 3.999e+04 1.161e+03 1.846e+03
|        ( - 2.034e+04 17 0 QUESTION3 -1 6.015e+02 9.958e+02)
|        ( QUESTION0_1_R 1 1.849e+04 8.147e+02 8.502e+02
|            ( - 5.775e+03 3 0 WDBNDRY_E 0 4.671e+02 2.940e+02)
|            ( - 1.190e+04 15 0 QUESTION0_0_R 1 4.805e+02 5.561e+02)))
|    ( QUESTION0_7_R 1 8.219e+04 1.986e+03 3.825e+03
|        ( WDBNDRY_E 0 4.553e+04 1.142e+03 2.066e+03
|            ( QUESTION0_13_R 1 3.861e+04 7.210e+02 1.774e+03
|                ( QUESTION4 1 2.105e+04 6.708e+02 9.605e+02
|                    ( - 9.336e+03 4 0 QUESTION2_13_L -1 2.384e+02 4.520e+02)
|                    ( - 1.105e+04 14 0 QUESTION6 1 4.324e+02 5.086e+02))
|                ( - 1.683e+04 14 0 QUESTION2_13_L -1 4.220e+02 8.137e+02))
|            ( - 5.784e+03 8 0 QUESTION0_8_R 1 3.224e+02 2.919e+02))
|        ( - 3.468e+04 9 0 SILENCE 1 6.486e+02 1.759e+03)))
s>    ( QUESTION0 1 1.250e+05 2.790e+03 5.671e+03
s>        ( WDBNDRY_B 0 3.999e+04 1.161e+03 1.846e+03
s>            ( - 2.034e+04 17 0 QUESTION3 -1 6.015e+02 9.958e+02)
s>            ( QUESTION0_1_R 1 1.849e+04 8.147e+02 8.502e+02
s>                ( - 5.775e+03 3 0 WDBNDRY_E 0 4.671e+02 2.940e+02)
s>                ( - 1.190e+04 15 0 QUESTION0_0_R 1 4.805e+02 5.561e+02)))
s>        ( QUESTION0_7_R 1 8.219e+04 1.986e+03 3.825e+03
s>            ( WDBNDRY_E 0 4.553e+04 1.142e+03 2.066e+03
s>                ( QUESTION0_13_R 1 3.861e+04 7.210e+02 1.774e+03
s>                    ( QUESTION4 1 2.105e+04 6.708e+02 9.605e+02
s>                        ( - 9.336e+03 4 0 QUESTION2_13_L -1 2.384e+02 4.520e+02)
s>                        ( - 1.105e+04 14 0 QUESTION6 1 4.324e+02 5.086e+02))
s>                    ( - 1.683e+04 14 0 QUESTION2_13_L -1 4.220e+02 8.137e+02))
s>                ( - 5.784e+03 8 0 QUESTION0_8_R 1 3.224e+02 2.919e+02))
s>            ( - 3.468e+04 9 0 SILENCE 1 6.486e+02 1.759e+03)))INFO: dtree.c(1315): Comp split 0
INFO: dtree.c(1478): Final simple tree
|( QUESTION0_7_R 1 8.219e+04 1.986e+03 3.825e+03
|    ( WDBNDRY_E 0 4.553e+04 1.142e+03 2.066e+03
|        ( QUESTION0_13_R 1 3.861e+04 7.210e+02 1.774e+03
|            ( QUESTION4 1 2.105e+04 6.708e+02 9.605e+02
|                ( - 9.336e+03 4 0 QUESTION2_13_L -1 2.384e+02 4.520e+02)
|                ( QUESTION6 1 1.105e+04 4.324e+02 5.086e+02
|                    ( - 7.183e+03 10 0 QUESTION0_18_R 1 3.242e+02 3.427e+02)
|                    ( - 3.431e+03 4 0 QUESTION0_14_R 1 3.215e+02 1.659e+02)))
|            ( - 1.683e+04 14 0 QUESTION2_13_L -1 4.220e+02 8.137e+02))
|        ( - 5.784e+03 8 0 QUESTION0_8_R 1 3.224e+02 2.919e+02))
|    ( SILENCE 1 3.468e+04 6.486e+02 1.759e+03
|        ( QUESTION2_13_L -1 2.973e+04 4.905e+02 1.525e+03
|            ( - 1.507e+04 1 0)
|            ( - 1.417e+04 3 0 QUESTION0 -1 4.098e+02 7.126e+02))
|        ( - 4.295e+03 5 0 QUESTION2_13_L -1 1.814e+02 2.338e+02)))
s>    ( QUESTION0_7_R 1 8.219e+04 1.986e+03 3.825e+03
s>        ( WDBNDRY_E 0 4.553e+04 1.142e+03 2.066e+03
s>            ( QUESTION0_13_R 1 3.861e+04 7.210e+02 1.774e+03
s>                ( QUESTION4 1 2.105e+04 6.708e+02 9.605e+02
s>                    ( - 9.336e+03 4 0 QUESTION2_13_L -1 2.384e+02 4.520e+02)
s>                    ( QUESTION6 1 1.105e+04 4.324e+02 5.086e+02
s>                        ( - 7.183e+03 10 0 QUESTION0_18_R 1 3.242e+02 3.427e+02)
s>                        ( - 3.431e+03 4 0 QUESTION0_14_R 1 3.215e+02 1.659e+02)))
s>                ( - 1.683e+04 14 0 QUESTION2_13_L -1 4.220e+02 8.137e+02))
s>            ( - 5.784e+03 8 0 QUESTION0_8_R 1 3.224e+02 2.919e+02))
s>        ( SILENCE 1 3.468e+04 6.486e+02 1.759e+03
s>            ( QUESTION2_13_L -1 2.973e+04 4.905e+02 1.525e+03
s>                ( - 1.507e+04 1 0)
s>                ( - 1.417e+04 3 0 QUESTION0 -1 4.098e+02 7.126e+02))
s>            ( - 4.295e+03 5 0 QUESTION2_13_L -1 1.814e+02 2.338e+02)))INFO: dtree.c(1478): Final simple tree
|( WDBNDRY_B 0 3.999e+04 1.161e+03 1.846e+03
|    ( QUESTION3 -1 2.034e+04 6.015e+02 9.958e+02
|        ( QUESTION4 -1 1.191e+04 4.028e+02 5.863e+02
|            ( - 3.424e+03 2 0 QUESTION2_1_L -1 2.705e+02 1.865e+02)
|            ( - 8.083e+03 7 0 QUESTION17 -1 3.506e+02 3.998e+02))
|        ( SILENCE -1 7.829e+03 4.289e+02 4.095e+02
|            ( - 1.294e+03 2 0)
|            ( - 6.106e+03 6 0 QUESTION1 -1 3.457e+02 3.208e+02)))
|    ( QUESTION0_1_R 1 1.849e+04 8.147e+02 8.502e+02
|        ( WDBNDRY_E 0 5.775e+03 4.671e+02 2.940e+02
|            ( - 2.422e+03 1 0)
|            ( - 2.886e+03 2 0 QUESTION0 -1 2.719e+02 1.642e+02))
|        ( QUESTION0_0_R 1 1.190e+04 4.805e+02 5.561e+02
|            ( - 6.130e+03 4 0 QUESTION2_13_L -1 3.532e+02 3.016e+02)
|            ( - 5.292e+03 11 0 QUESTION1 1 3.340e+02 2.545e+02))))
s>    ( WDBNDRY_B 0 3.999e+04 1.161e+03 1.846e+03
s>        ( QUESTION3 -1 2.034e+04 6.015e+02 9.958e+02
s>            ( QUESTION4 -1 1.191e+04 4.028e+02 5.863e+02
s>                ( - 3.424e+03 2 0 QUESTION2_1_L -1 2.705e+02 1.865e+02)
s>                ( - 8.083e+03 7 0 QUESTION17 -1 3.506e+02 3.998e+02))
s>            ( SILENCE -1 7.829e+03 4.289e+02 4.095e+02
s>                ( - 1.294e+03 2 0)
s>                ( - 6.106e+03 6 0 QUESTION1 -1 3.457e+02 3.208e+02)))
s>        ( QUESTION0_1_R 1 1.849e+04 8.147e+02 8.502e+02
s>            ( WDBNDRY_E 0 5.775e+03 4.671e+02 2.940e+02
s>                ( - 2.422e+03 1 0)
s>                ( - 2.886e+03 2 0 QUESTION0 -1 2.719e+02 1.642e+02))
s>            ( QUESTION0_0_R 1 1.190e+04 4.805e+02 5.561e+02
s>                ( - 6.130e+03 4 0 QUESTION2_13_L -1 3.532e+02 3.016e+02)
s>                ( - 5.292e+03 11 0 QUESTION1 1 3.340e+02 2.545e+02))))INFO: dtree.c(1315): Comp split 1
INFO: dtree.c(1478): Final simple tree
|( SILENCE 1 6.025e+04 1.233e+03 2.915e+03
|    ( QUESTION2_13_L -1 2.973e+04 4.905e+02 1.525e+03
|        ( - 1.507e+04 1 0)
|        ( QUESTION0 -1 1.417e+04 4.098e+02 7.126e+02
|            ( - 7.352e+03 2 0 QUESTION1 -1 2.084e+02 3.843e+02)
|            ( - 6.412e+03 1 0)))
|    ( QUESTION0_1_R 1 2.928e+04 5.457e+02 1.390e+03
|        ( - 4.134e+03 3 0 QUESTION2_13_L -1 1.770e+02 2.278e+02)
|        ( QUESTION2_13_L -1 2.460e+04 4.345e+02 1.162e+03
|            ( QUESTION0_13_R 1 1.184e+04 4.037e+02 5.849e+02
|                ( - 3.627e+03 2 0 QUESTION0_16_R 1 2.860e+02 1.868e+02)
|                ( - 7.807e+03 5 0 QUESTION7 1 3.736e+02 3.982e+02))
|            ( QUESTION0 -1 1.233e+04 4.139e+02 5.774e+02
|                ( - 5.472e+03 10 0 QUESTION1 -1 2.657e+02 2.673e+02)
|                ( - 6.443e+03 9 0 QUESTION0_18_R 1 3.270e+02 3.101e+02)))))
s>    ( SILENCE 1 6.025e+04 1.233e+03 2.915e+03
s>        ( QUESTION2_13_L -1 2.973e+04 4.905e+02 1.525e+03
s>            ( - 1.507e+04 1 0)
s>            ( QUESTION0 -1 1.417e+04 4.098e+02 7.126e+02
s>                ( - 7.352e+03 2 0 QUESTION1 -1 2.084e+02 3.843e+02)
s>                ( - 6.412e+03 1 0)))
s>        ( QUESTION0_1_R 1 2.928e+04 5.457e+02 1.390e+03
s>            ( - 4.134e+03 3 0 QUESTION2_13_L -1 1.770e+02 2.278e+02)
s>            ( QUESTION2_13_L -1 2.460e+04 4.345e+02 1.162e+03
s>                ( QUESTION0_13_R 1 1.184e+04 4.037e+02 5.849e+02
s>                    ( - 3.627e+03 2 0 QUESTION0_16_R 1 2.860e+02 1.868e+02)
s>                    ( - 7.807e+03 5 0 QUESTION7 1 3.736e+02 3.982e+02))
s>                ( QUESTION0 -1 1.233e+04 4.139e+02 5.774e+02
s>                    ( - 5.472e+03 10 0 QUESTION1 -1 2.657e+02 2.673e+02)
s>                    ( - 6.443e+03 9 0 QUESTION0_18_R 1 3.270e+02 3.101e+02)))))INFO: dtree.c(1478): Final simple tree
|( WDBNDRY_E 0 1.996e+04 8.981e+02 9.097e+02
|    ( QUESTION0_16_R 1 1.328e+04 5.122e+02 6.178e+02
|        ( QUESTION2_13_L -1 9.336e+03 2.384e+02 4.520e+02
|            ( - 8.024e+03 1 0)
|            ( QUESTION2 -1 1.074e+03 1.421e+02 6.233e+01
|                ( - 4.790e+02 1 0)
|                ( - 4.531e+02 2 0 QUESTION0 -1 2.073e+01 3.096e+01)))
|        ( QUESTION0_14_R 1 3.431e+03 3.215e+02 1.659e+02
|            ( - 1.854e+03 1 0)
|            ( - 1.256e+03 3 0 QUESTION2_13_L -1 1.295e+02 7.085e+01)))
|    ( QUESTION0_8_R 1 5.784e+03 3.224e+02 2.919e+02
|        ( - 2.994e+03 1 0)
|        ( QUESTION2_12_L -1 2.467e+03 2.375e+02 1.303e+02
|            ( - 1.340e+03 2 0 QUESTION0_10_R 1 3.890e+01 8.232e+01)
|            ( - 8.893e+02 5 0 QUESTION0_16_R 1 1.290e+02 4.799e+01))))
s>    ( WDBNDRY_E 0 1.996e+04 8.981e+02 9.097e+02
s>        ( QUESTION0_16_R 1 1.328e+04 5.122e+02 6.178e+02
s>            ( QUESTION2_13_L -1 9.336e+03 2.384e+02 4.520e+02
s>                ( - 8.024e+03 1 0)
s>                ( QUESTION2 -1 1.074e+03 1.421e+02 6.233e+01
s>                    ( - 4.790e+02 1 0)
s>                    ( - 4.531e+02 2 0 QUESTION0 -1 2.073e+01 3.096e+01)))
s>            ( QUESTION0_14_R 1 3.431e+03 3.215e+02 1.659e+02
s>                ( - 1.854e+03 1 0)
s>                ( - 1.256e+03 3 0 QUESTION2_13_L -1 1.295e+02 7.085e+01)))
s>        ( QUESTION0_8_R 1 5.784e+03 3.224e+02 2.919e+02
s>            ( - 2.994e+03 1 0)
s>            ( QUESTION2_12_L -1 2.467e+03 2.375e+02 1.303e+02
s>                ( - 1.340e+03 2 0 QUESTION0_10_R 1 3.890e+01 8.232e+01)
s>                ( - 8.893e+02 5 0 QUESTION0_16_R 1 1.290e+02 4.799e+01))))INFO: dtree.c(1315): Comp split 2
INFO: dtree.c(1478): Final simple tree
|( QUESTION0_1_R 1 2.928e+04 5.457e+02 1.390e+03
|    ( - 4.134e+03 3 0 QUESTION2_13_L -1 1.770e+02 2.278e+02)
|    ( QUESTION2_13_L -1 2.460e+04 4.345e+02 1.162e+03
|        ( QUESTION0_13_R 1 1.184e+04 4.037e+02 5.849e+02
|            ( QUESTION0_16_R 1 3.627e+03 2.860e+02 1.868e+02
|                ( - 1.131e+03 1 0)
|                ( - 2.210e+03 1 0))
|            ( QUESTION7 1 7.807e+03 3.736e+02 3.982e+02
|                ( - 3.191e+03 1 0)
|                ( - 4.243e+03 4 0 QUESTION4 1 2.465e+02 2.322e+02)))
|        ( QUESTION0 -1 1.233e+04 4.139e+02 5.774e+02
|            ( - 5.472e+03 10 0 QUESTION1 -1 2.657e+02 2.673e+02)
|            ( QUESTION0_18_R 1 6.443e+03 3.270e+02 3.101e+02
|                ( - 1.292e+03 2 0 QUESTION7 1 1.186e+02 7.002e+01)
|                ( - 4.824e+03 7 0 QUESTION0_10_R 1 2.708e+02 2.401e+02)))))
s>    ( QUESTION0_1_R 1 2.928e+04 5.457e+02 1.390e+03
s>        ( - 4.134e+03 3 0 QUESTION2_13_L -1 1.770e+02 2.278e+02)
s>        ( QUESTION2_13_L -1 2.460e+04 4.345e+02 1.162e+03
s>            ( QUESTION0_13_R 1 1.184e+04 4.037e+02 5.849e+02
s>                ( QUESTION0_16_R 1 3.627e+03 2.860e+02 1.868e+02
s>                    ( - 1.131e+03 1 0)
s>                    ( - 2.210e+03 1 0))
s>                ( QUESTION7 1 7.807e+03 3.736e+02 3.982e+02
s>                    ( - 3.191e+03 1 0)
s>                    ( - 4.243e+03 4 0 QUESTION4 1 2.465e+02 2.322e+02)))
s>            ( QUESTION0 -1 1.233e+04 4.139e+02 5.774e+02
s>                ( - 5.472e+03 10 0 QUESTION1 -1 2.657e+02 2.673e+02)
s>                ( QUESTION0_18_R 1 6.443e+03 3.270e+02 3.101e+02
s>                    ( - 1.292e+03 2 0 QUESTION7 1 1.186e+02 7.002e+01)
s>                    ( - 4.824e+03 7 0 QUESTION0_10_R 1 2.708e+02 2.401e+02)))))INFO: dtree.c(1439): stop. leaf nodes are specific
INFO: dtree.c(1478): Final simple tree
|( QUESTION2_13_L -1 2.973e+04 4.905e+02 1.525e+03
|    ( - 1.507e+04 1 0)
|    ( QUESTION0 -1 1.417e+04 4.098e+02 7.126e+02
|        ( QUESTION1 -1 7.352e+03 2.084e+02 3.843e+02
|            ( - 5.908e+02 1 0)
|            ( - 6.553e+03 1 0))
|        ( - 6.412e+03 1 0)))
s>    ( QUESTION2_13_L -1 2.973e+04 4.905e+02 1.525e+03
s>        ( - 1.507e+04 1 0)
s>        ( QUESTION0 -1 1.417e+04 4.098e+02 7.126e+02
s>            ( QUESTION1 -1 7.352e+03 2.084e+02 3.843e+02
s>                ( - 5.908e+02 1 0)
s>                ( - 6.553e+03 1 0))
s>            ( - 6.412e+03 1 0)))INFO: dtree.c(1315): Comp split 3
INFO: dtree.c(1478): Final simple tree
|( QUESTION0_1_R 1 1.849e+04 8.147e+02 8.502e+02
|    ( WDBNDRY_E 0 5.775e+03 4.671e+02 2.940e+02
|        ( - 2.422e+03 1 0)
|        ( QUESTION0 -1 2.886e+03 2.719e+02 1.642e+02
|            ( - 1.314e+03 1 0)
|            ( - 1.300e+03 1 0)))
|    ( QUESTION0_0_R 1 1.190e+04 4.805e+02 5.561e+02
|        ( QUESTION2_13_L -1 6.130e+03 3.532e+02 3.016e+02
|            ( - 3.008e+03 1 0)
|            ( - 2.768e+03 3 0 QUESTION0 -1 3.790e+01 1.423e+02))
|        ( QUESTION1 1 5.292e+03 3.340e+02 2.545e+02
|            ( QUESTION2_13_L -1 3.245e+03 2.532e+02 1.664e+02
|                ( - 1.897e+03 1 0)
|                ( - 1.094e+03 5 0 QUESTION16 -1 1.257e+02 6.007e+01))
|            ( - 1.713e+03 5 0 QUESTION0 -1 8.751e+01 8.810e+01))))
s>    ( QUESTION0_1_R 1 1.849e+04 8.147e+02 8.502e+02
s>        ( WDBNDRY_E 0 5.775e+03 4.671e+02 2.940e+02
s>            ( - 2.422e+03 1 0)
s>            ( QUESTION0 -1 2.886e+03 2.719e+02 1.642e+02
s>                ( - 1.314e+03 1 0)
s>                ( - 1.300e+03 1 0)))
s>        ( QUESTION0_0_R 1 1.190e+04 4.805e+02 5.561e+02
s>            ( QUESTION2_13_L -1 6.130e+03 3.532e+02 3.016e+02
s>                ( - 3.008e+03 1 0)
s>                ( - 2.768e+03 3 0 QUESTION0 -1 3.790e+01 1.423e+02))
s>            ( QUESTION1 1 5.292e+03 3.340e+02 2.545e+02
s>                ( QUESTION2_13_L -1 3.245e+03 2.532e+02 1.664e+02
s>                    ( - 1.897e+03 1 0)
s>                    ( - 1.094e+03 5 0 QUESTION16 -1 1.257e+02 6.007e+01))
s>                ( - 1.713e+03 5 0 QUESTION0 -1 8.751e+01 8.810e+01))))INFO: dtree.c(1478): Final simple tree
|( QUESTION3 -1 2.034e+04 6.015e+02 9.958e+02
|    ( QUESTION4 -1 1.191e+04 4.028e+02 5.863e+02
|        ( QUESTION2_1_L -1 3.424e+03 2.705e+02 1.865e+02
|            ( - 6.691e+02 1 0)
|            ( - 2.485e+03 1 0))
|        ( QUESTION17 -1 8.083e+03 3.506e+02 3.998e+02
|            ( - 2.262e+03 1 0)
|            ( QUESTION13 -1 5.471e+03 3.101e+02 2.798e+02
|                ( - 2.332e+03 1 0)
|                ( - 2.829e+03 5 0 QUESTION8 -1 2.246e+02 1.521e+02))))
|    ( SILENCE -1 7.829e+03 4.289e+02 4.095e+02
|        ( - 1.294e+03 2 0)
|        ( QUESTION1 -1 6.106e+03 3.457e+02 3.208e+02
|            ( - 3.849e+03 2 0)
|            ( - 1.912e+03 4 0 QUESTION2_0_L -1 1.993e+02 1.061e+02))))
s>    ( QUESTION3 -1 2.034e+04 6.015e+02 9.958e+02
s>        ( QUESTION4 -1 1.191e+04 4.028e+02 5.863e+02
s>            ( QUESTION2_1_L -1 3.424e+03 2.705e+02 1.865e+02
s>                ( - 6.691e+02 1 0)
s>                ( - 2.485e+03 1 0))
s>            ( QUESTION17 -1 8.083e+03 3.506e+02 3.998e+02
s>                ( - 2.262e+03 1 0)
s>                ( QUESTION13 -1 5.471e+03 3.101e+02 2.798e+02
s>                    ( - 2.332e+03 1 0)
s>                    ( - 2.829e+03 5 0 QUESTION8 -1 2.246e+02 1.521e+02))))
s>        ( SILENCE -1 7.829e+03 4.289e+02 4.095e+02
s>            ( - 1.294e+03 2 0)
s>            ( QUESTION1 -1 6.106e+03 3.457e+02 3.208e+02
s>                ( - 3.849e+03 2 0)
s>                ( - 1.912e+03 4 0 QUESTION2_0_L -1 1.993e+02 1.061e+02))))INFO: dtree.c(1315): Comp split 4
INFO: dtree.c(1478): Final simple tree
|( QUESTION0_16_R 1 1.328e+04 5.122e+02 6.178e+02
|    ( QUESTION2_13_L -1 9.336e+03 2.384e+02 4.520e+02
|        ( - 8.024e+03 1 0)
|        ( QUESTION2 -1 1.074e+03 1.421e+02 6.233e+01
|            ( - 4.790e+02 1 0)
|            ( QUESTION0 -1 4.531e+02 2.073e+01 3.096e+01
|                ( - 4.317e+02 1 0)
|                ( - 7.152e-01 1 0))))
|    ( QUESTION0_14_R 1 3.431e+03 3.215e+02 1.659e+02
|        ( - 1.854e+03 1 0)
|        ( QUESTION2_13_L -1 1.256e+03 1.295e+02 7.085e+01
|            ( - 9.109e+02 1 0)
|            ( QUESTION0 -1 2.156e+02 4.556e+01 1.700e+01
|                ( - 1.532e+02 1 0)
|                ( - 1.679e+01 1 0)))))
s>    ( QUESTION0_16_R 1 1.328e+04 5.122e+02 6.178e+02
s>        ( QUESTION2_13_L -1 9.336e+03 2.384e+02 4.520e+02
s>            ( - 8.024e+03 1 0)
s>            ( QUESTION2 -1 1.074e+03 1.421e+02 6.233e+01
s>                ( - 4.790e+02 1 0)
s>                ( QUESTION0 -1 4.531e+02 2.073e+01 3.096e+01
s>                    ( - 4.317e+02 1 0)
s>                    ( - 7.152e-01 1 0))))
s>        ( QUESTION0_14_R 1 3.431e+03 3.215e+02 1.659e+02
s>            ( - 1.854e+03 1 0)
s>            ( QUESTION2_13_L -1 1.256e+03 1.295e+02 7.085e+01
s>                ( - 9.109e+02 1 0)
s>                ( QUESTION0 -1 2.156e+02 4.556e+01 1.700e+01
s>                    ( - 1.532e+02 1 0)
s>                    ( - 1.679e+01 1 0)))))INFO: dtree.c(1478): Final simple tree
|( QUESTION0_8_R 1 5.784e+03 3.224e+02 2.919e+02
|    ( - 2.994e+03 1 0)
|    ( QUESTION2_12_L -1 2.467e+03 2.375e+02 1.303e+02
|        ( QUESTION0_10_R 1 1.340e+03 3.890e+01 8.232e+01
|            ( - 1.287e+03 1 0)
|            ( - 1.469e+01 1 0))
|        ( QUESTION0_16_R 1 8.893e+02 1.290e+02 4.799e+01
|            ( QUESTION0 -1 4.525e+02 7.950e+01 2.700e+01
|                ( - 2.160e+02 1 0)
|                ( - 1.570e+02 1 0))
|            ( QUESTION0_10_R 1 3.078e+02 6.026e+01 2.099e+01
|                ( - 1.077e+02 1 0)
|                ( QUESTION1 -1 1.398e+02 3.541e+01 1.100e+01
|                    ( - 7.735e+01 1 0)
|                    ( - 2.705e+01 1 0))))))
s>    ( QUESTION0_8_R 1 5.784e+03 3.224e+02 2.919e+02
s>        ( - 2.994e+03 1 0)
s>        ( QUESTION2_12_L -1 2.467e+03 2.375e+02 1.303e+02
s>            ( QUESTION0_10_R 1 1.340e+03 3.890e+01 8.232e+01
s>                ( - 1.287e+03 1 0)
s>                ( - 1.469e+01 1 0))
s>            ( QUESTION0_16_R 1 8.893e+02 1.290e+02 4.799e+01
s>                ( QUESTION0 -1 4.525e+02 7.950e+01 2.700e+01
s>                    ( - 2.160e+02 1 0)
s>                    ( - 1.570e+02 1 0))
s>                ( QUESTION0_10_R 1 3.078e+02 6.026e+01 2.099e+01
s>                    ( - 1.077e+02 1 0)
s>                    ( QUESTION1 -1 1.398e+02 3.541e+01 1.100e+01
s>                        ( - 7.735e+01 1 0)
s>                        ( - 2.705e+01 1 0))))))INFO: dtree.c(1315): Comp split 5
INFO: dtree.c(1478): Final simple tree
|( QUESTION0_0_R 1 1.190e+04 4.805e+02 5.561e+02
|    ( QUESTION2_13_L -1 6.130e+03 3.532e+02 3.016e+02
|        ( - 3.008e+03 1 0)
|        ( - 2.768e+03 3 0 QUESTION0 -1 3.790e+01 1.423e+02))
|    ( QUESTION1 1 5.292e+03 3.340e+02 2.545e+02
|        ( QUESTION2_13_L -1 3.245e+03 2.532e+02 1.664e+02
|            ( - 1.897e+03 1 0)
|            ( QUESTION16 -1 1.094e+03 1.257e+02 6.007e+01
|                ( - 8.304e+02 2 0)
|                ( QUESTION2 -1 1.381e+02 3.865e+01 1.100e+01
|                    ( - 7.196e+01 1 0)
|                    ( - 2.748e+01 2 0 WDBNDRY_E 0 1.376e+01 4.000e+00))))
|        ( QUESTION0 -1 1.713e+03 8.751e+01 8.810e+01
|            ( - 7.132e+01 2 0 QUESTION1 -1 2.614e+01 7.000e+00)
|            ( - 1.554e+03 3 0))))
s>    ( QUESTION0_0_R 1 1.190e+04 4.805e+02 5.561e+02
s>        ( QUESTION2_13_L -1 6.130e+03 3.532e+02 3.016e+02
s>            ( - 3.008e+03 1 0)
s>            ( - 2.768e+03 3 0 QUESTION0 -1 3.790e+01 1.423e+02))
s>        ( QUESTION1 1 5.292e+03 3.340e+02 2.545e+02
s>            ( QUESTION2_13_L -1 3.245e+03 2.532e+02 1.664e+02
s>                ( - 1.897e+03 1 0)
s>                ( QUESTION16 -1 1.094e+03 1.257e+02 6.007e+01
s>                    ( - 8.304e+02 2 0)
s>                    ( QUESTION2 -1 1.381e+02 3.865e+01 1.100e+01
s>                        ( - 7.196e+01 1 0)
s>                        ( - 2.748e+01 2 0 WDBNDRY_E 0 1.376e+01 4.000e+00))))
s>            ( QUESTION0 -1 1.713e+03 8.751e+01 8.810e+01
s>                ( - 7.132e+01 2 0 QUESTION1 -1 2.614e+01 7.000e+00)
s>                ( - 1.554e+03 3 0))))INFO: dtree.c(1439): stop. leaf nodes are specific
INFO: dtree.c(1478): Final simple tree
|( WDBNDRY_E 0 5.775e+03 4.671e+02 2.940e+02
|    ( - 2.422e+03 1 0)
|    ( QUESTION0 -1 2.886e+03 2.719e+02 1.642e+02
|        ( - 1.314e+03 1 0)
|        ( - 1.300e+03 1 0)))
s>    ( WDBNDRY_E 0 5.775e+03 4.671e+02 2.940e+02
s>        ( - 2.422e+03 1 0)
s>        ( QUESTION0 -1 2.886e+03 2.719e+02 1.642e+02
s>            ( - 1.314e+03 1 0)
s>            ( - 1.300e+03 1 0)))INFO: dtree.c(1315): Comp split 6
INFO: dtree.c(1478): Final simple tree
|( QUESTION5 -1 1.319e+04 4.081e+02 6.497e+02
|    ( QUESTION17 -1 8.083e+03 3.506e+02 3.998e+02
|        ( - 2.262e+03 1 0)
|        ( QUESTION13 -1 5.471e+03 3.101e+02 2.798e+02
|            ( - 2.332e+03 1 0)
|            ( QUESTION8 -1 2.829e+03 2.246e+02 1.521e+02
|                ( - 4.383e+02 1 0)
|                ( QUESTION2_5_L -1 2.166e+03 2.145e+02 1.179e+02
|                    ( - 1.055e+03 1 0)
|                    ( - 8.962e+02 3 0 QUESTION7 -1 8.597e+01 5.695e+01)))))
|    ( QUESTION0 -1 4.701e+03 3.041e+02 2.499e+02
|        ( QUESTION2_0_L -1 1.912e+03 1.993e+02 1.061e+02
|            ( - 1.238e+03 3 0)
|            ( - 4.749e+02 1 0))
|        ( - 2.485e+03 1 0)))
s>    ( QUESTION5 -1 1.319e+04 4.081e+02 6.497e+02
s>        ( QUESTION17 -1 8.083e+03 3.506e+02 3.998e+02
s>            ( - 2.262e+03 1 0)
s>            ( QUESTION13 -1 5.471e+03 3.101e+02 2.798e+02
s>                ( - 2.332e+03 1 0)
s>                ( QUESTION8 -1 2.829e+03 2.246e+02 1.521e+02
s>                    ( - 4.383e+02 1 0)
s>                    ( QUESTION2_5_L -1 2.166e+03 2.145e+02 1.179e+02
s>                        ( - 1.055e+03 1 0)
s>                        ( - 8.962e+02 3 0 QUESTION7 -1 8.597e+01 5.695e+01)))))
s>        ( QUESTION0 -1 4.701e+03 3.041e+02 2.499e+02
s>            ( QUESTION2_0_L -1 1.912e+03 1.993e+02 1.061e+02
s>                ( - 1.238e+03 3 0)
s>                ( - 4.749e+02 1 0))
s>            ( - 2.485e+03 1 0)))INFO: dtree.c(1439): stop. leaf nodes are specific
INFO: dtree.c(1478): Final simple tree
|( SILENCE -1 6.456e+03 4.187e+02 3.461e+02
|    ( - 1.294e+03 2 0)
|    ( QUESTION0 -1 4.743e+03 2.256e+02 2.574e+02
|        ( - 3.849e+03 2 0)
|        ( - 6.691e+02 1 0)))
s>    ( SILENCE -1 6.456e+03 4.187e+02 3.461e+02
s>        ( - 1.294e+03 2 0)
s>        ( QUESTION0 -1 4.743e+03 2.256e+02 2.574e+02
s>            ( - 3.849e+03 2 0)
s>            ( - 6.691e+02 1 0)))INFO: dtree.c(1315): Comp split 7
INFO: dtree.c(1439): stop. leaf nodes are specific
INFO: dtree.c(1478): Final simple tree
|( QUESTION0_8_R 1 8.798e+03 4.586e+02 4.601e+02
|    ( QUESTION4 1 3.550e+03 1.149e+02 1.932e+02
|        ( - 3.393e+03 1 0)
|        ( - 4.122e+01 1 0))
|    ( QUESTION0_1_R 1 4.790e+03 1.880e+02 2.668e+02
|        ( QUESTION2_13_L -1 4.134e+03 1.770e+02 2.278e+02
|            ( - 3.599e+03 1 0)
|            ( QUESTION1 -1 3.577e+02 4.171e+01 2.700e+01
|                ( - 6.547e+00 1 0)
|                ( - 3.094e+02 1 0)))
|        ( QUESTION0_0_R 1 4.687e+02 8.248e+01 3.900e+01
|            ( - 3.653e+01 1 0)
|            ( - 3.497e+02 1 0))))
s>    ( QUESTION0_8_R 1 8.798e+03 4.586e+02 4.601e+02
s>        ( QUESTION4 1 3.550e+03 1.149e+02 1.932e+02
s>            ( - 3.393e+03 1 0)
s>            ( - 4.122e+01 1 0))
s>        ( QUESTION0_1_R 1 4.790e+03 1.880e+02 2.668e+02
s>            ( QUESTION2_13_L -1 4.134e+03 1.770e+02 2.278e+02
s>                ( - 3.599e+03 1 0)
s>                ( QUESTION1 -1 3.577e+02 4.171e+01 2.700e+01
s>                    ( - 6.547e+00 1 0)
s>                    ( - 3.094e+02 1 0)))
s>            ( QUESTION0_0_R 1 4.687e+02 8.248e+01 3.900e+01
s>                ( - 3.653e+01 1 0)
s>                ( - 3.497e+02 1 0))))INFO: dtree.c(1478): Final simple tree
|( QUESTION0_10_R 1 1.985e+04 4.311e+02 9.301e+02
|    ( QUESTION0 -1 6.647e+03 3.204e+02 3.324e+02
|        ( - 3.565e+03 4 0 QUESTION2_13_L -1 1.461e+02 1.819e+02)
|        ( - 2.762e+03 3 0 QUESTION0_11_R 1 2.219e+02 1.505e+02))
|    ( QUESTION4 1 1.278e+04 3.650e+02 5.977e+02
|        ( QUESTION1 -1 5.178e+03 3.410e+02 2.530e+02
|            ( - 2.514e+03 1 0)
|            ( - 2.323e+03 2 0 QUESTION0 -1 1.960e+02 1.228e+02))
|        ( QUESTION0_18_R 1 7.233e+03 3.207e+02 3.447e+02
|            ( QUESTION2_13_L -1 2.758e+03 2.917e+02 1.400e+02
|                ( - 1.131e+03 1 0)
|                ( - 1.336e+03 3 0 QUESTION7 1 1.294e+02 7.202e+01))
|            ( QUESTION2_13_L -1 4.154e+03 2.636e+02 2.047e+02
|                ( - 2.210e+03 1 0)
|                ( - 1.680e+03 7 0 QUESTION10 1 1.899e+02 8.591e+01)))))
s>    ( QUESTION0_10_R 1 1.985e+04 4.311e+02 9.301e+02
s>        ( QUESTION0 -1 6.647e+03 3.204e+02 3.324e+02
s>            ( - 3.565e+03 4 0 QUESTION2_13_L -1 1.461e+02 1.819e+02)
s>            ( - 2.762e+03 3 0 QUESTION0_11_R 1 2.219e+02 1.505e+02))
s>        ( QUESTION4 1 1.278e+04 3.650e+02 5.977e+02
s>            ( QUESTION1 -1 5.178e+03 3.410e+02 2.530e+02
s>                ( - 2.514e+03 1 0)
s>                ( - 2.323e+03 2 0 QUESTION0 -1 1.960e+02 1.228e+02))
s>            ( QUESTION0_18_R 1 7.233e+03 3.207e+02 3.447e+02
s>                ( QUESTION2_13_L -1 2.758e+03 2.917e+02 1.400e+02
s>                    ( - 1.131e+03 1 0)
s>                    ( - 1.336e+03 3 0 QUESTION7 1 1.294e+02 7.202e+01))
s>                ( QUESTION2_13_L -1 4.154e+03 2.636e+02 2.047e+02
s>                    ( - 2.210e+03 1 0)
s>                    ( - 1.680e+03 7 0 QUESTION10 1 1.899e+02 8.591e+01)))))INFO: dtree.c(1315): Comp split 8
INFO: dtree.c(1439): stop. leaf nodes are specific
INFO: dtree.c(1478): Final simple tree
|( QUESTION2_13_L -1 9.404e+03 2.385e+02 4.550e+02
|    ( - 8.024e+03 1 0)
|    ( QUESTION2 -1 1.141e+03 1.450e+02 6.533e+01
|        ( - 4.790e+02 1 0)
|        ( QUESTION0 -1 5.174e+02 5.468e+01 3.396e+01
|            ( - 4.317e+02 1 0)
|            ( QUESTION0_16_R 1 3.101e+01 1.351e+01 4.000e+00
|                ( - 7.152e-01 1 0)
|                ( - 1.679e+01 1 0)))))
s>    ( QUESTION2_13_L -1 9.404e+03 2.385e+02 4.550e+02
s>        ( - 8.024e+03 1 0)
s>        ( QUESTION2 -1 1.141e+03 1.450e+02 6.533e+01
s>            ( - 4.790e+02 1 0)
s>            ( QUESTION0 -1 5.174e+02 5.468e+01 3.396e+01
s>                ( - 4.317e+02 1 0)
s>                ( QUESTION0_16_R 1 3.101e+01 1.351e+01 4.000e+00
s>                    ( - 7.152e-01 1 0)
s>                    ( - 1.679e+01 1 0)))))INFO: dtree.c(1439): stop. leaf nodes are specific
INFO: dtree.c(1478): Final simple tree
|( QUESTION0_14_R 1 3.360e+03 3.185e+02 1.629e+02
|    ( - 1.854e+03 1 0)
|    ( QUESTION2_12_L -1 1.188e+03 1.237e+02 6.785e+01
|        ( - 1.532e+02 1 0)
|        ( - 9.109e+02 1 0)))
s>    ( QUESTION0_14_R 1 3.360e+03 3.185e+02 1.629e+02
s>        ( - 1.854e+03 1 0)
s>        ( QUESTION2_12_L -1 1.188e+03 1.237e+02 6.785e+01
s>            ( - 1.532e+02 1 0)
s>            ( - 9.109e+02 1 0)))INFO: dtree.c(1315): Comp split 9
INFO: dtree.c(1439): stop. leaf nodes are specific
INFO: dtree.c(1478): Final simple tree
|( QUESTION0 -1 1.337e+04 4.067e+02 6.743e+02
|    ( - 6.553e+03 1 0)
|    ( - 6.412e+03 1 0))
s>    ( QUESTION0 -1 1.337e+04 4.067e+02 6.743e+02
s>        ( - 6.553e+03 1 0)
s>        ( - 6.412e+03 1 0))INFO: dtree.c(1439): stop. leaf nodes are specific
INFO: dtree.c(1478): Final simple tree
|( QUESTION1 -1 1.586e+04 2.008e+02 8.504e+02
|    ( - 5.908e+02 1 0)
|    ( - 1.507e+04 1 0))
s>    ( QUESTION1 -1 1.586e+04 2.008e+02 8.504e+02
s>        ( - 5.908e+02 1 0)
s>        ( - 1.507e+04 1 0))INFO: dtree.c(1315): Comp split 10
INFO: dtree.c(1439): stop. leaf nodes are specific
INFO: dtree.c(1478): Final simple tree
|( QUESTION1 1 5.117e+03 3.183e+02 2.475e+02
|    ( QUESTION2_13_L -1 3.245e+03 2.532e+02 1.664e+02
|        ( - 1.897e+03 1 0)
|        ( QUESTION16 -1 1.094e+03 1.257e+02 6.007e+01
|            ( - 8.304e+02 2 0)
|            ( QUESTION2 -1 1.381e+02 3.865e+01 1.100e+01
|                ( - 7.196e+01 1 0)
|                ( WDBNDRY_E 0 2.748e+01 1.376e+01 4.000e+00
|                    ( - 5.714e+00 1 0)
|                    ( - 8.000e+00 1 0)))))
|    ( - 1.554e+03 3 0))
s>    ( QUESTION1 1 5.117e+03 3.183e+02 2.475e+02
s>        ( QUESTION2_13_L -1 3.245e+03 2.532e+02 1.664e+02
s>            ( - 1.897e+03 1 0)
s>            ( QUESTION16 -1 1.094e+03 1.257e+02 6.007e+01
s>                ( - 8.304e+02 2 0)
s>                ( QUESTION2 -1 1.381e+02 3.865e+01 1.100e+01
s>                    ( - 7.196e+01 1 0)
s>                    ( WDBNDRY_E 0 2.748e+01 1.376e+01 4.000e+00
s>                        ( - 5.714e+00 1 0)
s>                        ( - 8.000e+00 1 0)))))
s>        ( - 1.554e+03 3 0))INFO: dtree.c(1439): stop. leaf nodes are specific
INFO: dtree.c(1478): Final simple tree
|( QUESTION2_13_L -1 6.304e+03 3.548e+02 3.086e+02
|    ( - 3.008e+03 1 0)
|    ( QUESTION0 -1 2.941e+03 1.081e+02 1.493e+02
|        ( QUESTION1 -1 1.189e+02 3.341e+01 1.000e+01
|            ( - 1.892e+01 1 0)
|            ( QUESTION0_0_R 1 6.659e+01 2.384e+01 7.000e+00
|                ( - 1.649e+01 1 0)
|                ( - 2.625e+01 1 0)))
|        ( - 2.714e+03 2 0)))
s>    ( QUESTION2_13_L -1 6.304e+03 3.548e+02 3.086e+02
s>        ( - 3.008e+03 1 0)
s>        ( QUESTION0 -1 2.941e+03 1.081e+02 1.493e+02
s>            ( QUESTION1 -1 1.189e+02 3.341e+01 1.000e+01
s>                ( - 1.892e+01 1 0)
s>                ( QUESTION0_0_R 1 6.659e+01 2.384e+01 7.000e+00
s>                    ( - 1.649e+01 1 0)
s>                    ( - 2.625e+01 1 0)))
s>            ( - 2.714e+03 2 0)))INFO: dtree.c(1315): Comp split 11
INFO: dtree.c(1439): stop. leaf nodes are specific
INFO: dtree.c(1478): Final simple tree
|( QUESTION0_0_R 1 4.643e+03 1.598e+02 2.618e+02
|    ( QUESTION2_13_L -1 4.134e+03 1.770e+02 2.278e+02
|        ( - 3.599e+03 1 0)
|        ( QUESTION1 -1 3.577e+02 4.171e+01 2.700e+01
|            ( - 6.547e+00 1 0)
|            ( - 3.094e+02 1 0)))
|    ( - 3.497e+02 1 0))
s>    ( QUESTION0_0_R 1 4.643e+03 1.598e+02 2.618e+02
s>        ( QUESTION2_13_L -1 4.134e+03 1.770e+02 2.278e+02
s>            ( - 3.599e+03 1 0)
s>            ( QUESTION1 -1 3.577e+02 4.171e+01 2.700e+01
s>                ( - 6.547e+00 1 0)
s>                ( - 3.094e+02 1 0)))
s>        ( - 3.497e+02 1 0))INFO: dtree.c(1439): stop. leaf nodes are specific
INFO: dtree.c(1478): Final simple tree
|( QUESTION4 1 3.683e+03 1.745e+02 1.982e+02
|    ( - 3.393e+03 1 0)
|    ( QUESTION0_0_R 1 1.150e+02 3.723e+01 1.100e+01
|        ( - 3.653e+01 1 0)
|        ( - 4.122e+01 1 0)))
s>    ( QUESTION4 1 3.683e+03 1.745e+02 1.982e+02
s>        ( - 3.393e+03 1 0)
s>        ( QUESTION0_0_R 1 1.150e+02 3.723e+01 1.100e+01
s>            ( - 3.653e+01 1 0)
s>            ( - 4.122e+01 1 0)))INFO: dtree.c(1315): Comp split 12
INFO: dtree.c(1439): stop. leaf nodes are specific
INFO: dtree.c(1478): Final simple tree
|( QUESTION0 -1 2.886e+03 2.719e+02 1.642e+02
|    ( - 1.314e+03 1 0)
|    ( - 1.300e+03 1 0))
s>    ( QUESTION0 -1 2.886e+03 2.719e+02 1.642e+02
s>        ( - 1.314e+03 1 0)
s>        ( - 1.300e+03 1 0))INFO: dtree.c(1315): Comp split 13
INFO: dtree.c(1478): Final simple tree
|( QUESTION0_8_R 1 8.505e+03 3.545e+02 4.133e+02
|    ( QUESTION0 -1 2.323e+03 1.960e+02 1.228e+02
|        ( - 1.439e+03 1 0)
|        ( - 6.873e+02 1 0))
|    ( QUESTION8 1 5.828e+03 3.273e+02 2.905e+02
|        ( QUESTION0_10_R 1 1.403e+03 1.433e+02 7.802e+01
|            ( - 1.610e+02 1 0)
|            ( - 1.099e+03 1 0))
|        ( QUESTION0_10_R 1 4.098e+03 2.610e+02 2.125e+02
|            ( QUESTION0_11_R 1 2.448e+03 2.133e+02 1.345e+02
|                ( - 1.152e+03 1 0)
|                ( - 1.083e+03 1 0))
|            ( QUESTION2_13_L -1 1.388e+03 1.498e+02 7.800e+01
|                ( - 1.131e+03 1 0)
|                ( - 1.079e+02 2 0 QUESTION0 -1 2.662e+01 1.000e+01)))))
s>    ( QUESTION0_8_R 1 8.505e+03 3.545e+02 4.133e+02
s>        ( QUESTION0 -1 2.323e+03 1.960e+02 1.228e+02
s>            ( - 1.439e+03 1 0)
s>            ( - 6.873e+02 1 0))
s>        ( QUESTION8 1 5.828e+03 3.273e+02 2.905e+02
s>            ( QUESTION0_10_R 1 1.403e+03 1.433e+02 7.802e+01
s>                ( - 1.610e+02 1 0)
s>                ( - 1.099e+03 1 0))
s>            ( QUESTION0_10_R 1 4.098e+03 2.610e+02 2.125e+02
s>                ( QUESTION0_11_R 1 2.448e+03 2.133e+02 1.345e+02
s>                    ( - 1.152e+03 1 0)
s>                    ( - 1.083e+03 1 0))
s>                ( QUESTION2_13_L -1 1.388e+03 1.498e+02 7.800e+01
s>                    ( - 1.131e+03 1 0)
s>                    ( - 1.079e+02 2 0 QUESTION0 -1 2.662e+01 1.000e+01)))))INFO: dtree.c(1478): Final simple tree
|( QUESTION2_13_L -1 1.089e+04 3.929e+02 5.168e+02
|    ( QUESTION0_10_R 1 5.689e+03 2.874e+02 2.847e+02
|        ( - 3.191e+03 1 0)
|        ( - 2.210e+03 1 0))
|    ( QUESTION0_9_R 1 4.813e+03 2.768e+02 2.321e+02
|        ( QUESTION0_19_R 1 1.967e+03 2.021e+02 9.991e+01
|            ( QUESTION2 -1 8.565e+02 1.412e+02 4.991e+01
|                ( - 2.650e+02 1 0)
|                ( QUESTION0 -1 4.503e+02 1.015e+02 3.100e+01
|                    ( - 1.698e+02 1 0)
|                    ( - 1.790e+02 1 0)))
|            ( QUESTION0_15_R 1 9.081e+02 1.358e+02 5.000e+01
|                ( - 3.669e+02 1 0)
|                ( - 4.054e+02 4 0 QUESTION2 -1 6.335e+01 2.600e+01)))
|        ( - 2.570e+03 3 0 QUESTION1 -1 4.743e+01 1.322e+02)))
s>    ( QUESTION2_13_L -1 1.089e+04 3.929e+02 5.168e+02
s>        ( QUESTION0_10_R 1 5.689e+03 2.874e+02 2.847e+02
s>            ( - 3.191e+03 1 0)
s>            ( - 2.210e+03 1 0))
s>        ( QUESTION0_9_R 1 4.813e+03 2.768e+02 2.321e+02
s>            ( QUESTION0_19_R 1 1.967e+03 2.021e+02 9.991e+01
s>                ( QUESTION2 -1 8.565e+02 1.412e+02 4.991e+01
s>                    ( - 2.650e+02 1 0)
s>                    ( QUESTION0 -1 4.503e+02 1.015e+02 3.100e+01
s>                        ( - 1.698e+02 1 0)
s>                        ( - 1.790e+02 1 0)))
s>                ( QUESTION0_15_R 1 9.081e+02 1.358e+02 5.000e+01
s>                    ( - 3.669e+02 1 0)
s>                    ( - 4.054e+02 4 0 QUESTION2 -1 6.335e+01 2.600e+01)))
s>            ( - 2.570e+03 3 0 QUESTION1 -1 4.743e+01 1.322e+02)))INFO: dtree.c(1315): Comp split 14
INFO: dtree.c(1439): stop. leaf nodes are specific
INFO: dtree.c(1478): Final simple tree
|( QUESTION17 -1 6.935e+03 3.244e+02 3.443e+02
|    ( - 2.262e+03 1 0)
|    ( QUESTION0 -1 4.349e+03 2.819e+02 2.243e+02
|        ( - 1.238e+03 3 0)
|        ( QUESTION8 -1 2.829e+03 2.246e+02 1.521e+02
|            ( - 4.383e+02 1 0)
|            ( QUESTION2_5_L -1 2.166e+03 2.145e+02 1.179e+02
|                ( - 1.055e+03 1 0)
|                ( QUESTION7 -1 8.962e+02 8.597e+01 5.695e+01
|                    ( - 6.933e+02 1 0)
|                    ( QUESTION6 -1 1.168e+02 2.177e+01 1.098e+01
|                        ( - 9.418e+00 1 0)
|                        ( - 8.566e+01 1 0)))))))
s>    ( QUESTION17 -1 6.935e+03 3.244e+02 3.443e+02
s>        ( - 2.262e+03 1 0)
s>        ( QUESTION0 -1 4.349e+03 2.819e+02 2.243e+02
s>            ( - 1.238e+03 3 0)
s>            ( QUESTION8 -1 2.829e+03 2.246e+02 1.521e+02
s>                ( - 4.383e+02 1 0)
s>                ( QUESTION2_5_L -1 2.166e+03 2.145e+02 1.179e+02
s>                    ( - 1.055e+03 1 0)
s>                    ( QUESTION7 -1 8.962e+02 8.597e+01 5.695e+01
s>                        ( - 6.933e+02 1 0)
s>                        ( QUESTION6 -1 1.168e+02 2.177e+01 1.098e+01
s>                            ( - 9.418e+00 1 0)
s>                            ( - 8.566e+01 1 0)))))))INFO: dtree.c(1439): stop. leaf nodes are specific
INFO: dtree.c(1478): Final simple tree
|( QUESTION4 -1 5.827e+03 3.287e+02 3.055e+02
|    ( - 2.485e+03 1 0)
|    ( QUESTION0 -1 3.013e+03 2.067e+02 1.616e+02
|        ( - 4.749e+02 1 0)
|        ( - 2.332e+03 1 0)))
s>    ( QUESTION4 -1 5.827e+03 3.287e+02 3.055e+02
s>        ( - 2.485e+03 1 0)
s>        ( QUESTION0 -1 3.013e+03 2.067e+02 1.616e+02
s>            ( - 4.749e+02 1 0)
s>            ( - 2.332e+03 1 0)))INFO: dtree.c(1315): Comp split 15
INFO: dtree.c(1439): stop. leaf nodes are specific
INFO: dtree.c(1478): Final simple tree
|( QUESTION0 -1 4.743e+03 2.256e+02 2.574e+02
|    ( - 3.849e+03 2 0)
|    ( - 6.691e+02 1 0))
s>    ( QUESTION0 -1 4.743e+03 2.256e+02 2.574e+02
s>        ( - 3.849e+03 2 0)
s>        ( - 6.691e+02 1 0))INFO: dtree.c(1315): Comp split 16
INFO: dtree.c(1439): stop. leaf nodes are specific
INFO: dtree.c(1478): Final simple tree
|( QUESTION0_11_R 1 3.823e+03 2.565e+02 2.025e+02
|    ( - 1.152e+03 1 0)
|    ( QUESTION0_10_R 1 2.415e+03 2.008e+02 1.373e+02
|        ( - 1.083e+03 1 0)
|        ( - 1.131e+03 1 0)))
s>    ( QUESTION0_11_R 1 3.823e+03 2.565e+02 2.025e+02
s>        ( - 1.152e+03 1 0)
s>        ( QUESTION0_10_R 1 2.415e+03 2.008e+02 1.373e+02
s>            ( - 1.083e+03 1 0)
s>            ( - 1.131e+03 1 0)))INFO: dtree.c(1439): stop. leaf nodes are specific
INFO: dtree.c(1478): Final simple tree
|( QUESTION0_13_R 1 4.266e+03 3.173e+02 2.108e+02
|    ( QUESTION7 1 1.336e+03 1.294e+02 7.202e+01
|        ( - 1.099e+03 1 0)
|        ( QUESTION0 -1 1.079e+02 2.662e+01 1.000e+01
|            ( - 6.690e+00 1 0)
|            ( - 7.460e+01 1 0)))
|    ( QUESTION0 -1 2.613e+03 2.151e+02 1.388e+02
|        ( - 1.439e+03 1 0)
|        ( QUESTION0_8_R 1 9.582e+02 1.099e+02 5.660e+01
|            ( - 6.873e+02 1 0)
|            ( - 1.610e+02 1 0))))
s>    ( QUESTION0_13_R 1 4.266e+03 3.173e+02 2.108e+02
s>        ( QUESTION7 1 1.336e+03 1.294e+02 7.202e+01
s>            ( - 1.099e+03 1 0)
s>            ( QUESTION0 -1 1.079e+02 2.662e+01 1.000e+01
s>                ( - 6.690e+00 1 0)
s>                ( - 7.460e+01 1 0)))
s>        ( QUESTION0 -1 2.613e+03 2.151e+02 1.388e+02
s>            ( - 1.439e+03 1 0)
s>            ( QUESTION0_8_R 1 9.582e+02 1.099e+02 5.660e+01
s>                ( - 6.873e+02 1 0)
s>                ( - 1.610e+02 1 0))))INFO: dtree.c(1315): Comp split 17
INFO: dtree.c(1315): Comp split 18
INFO: dtree.c(1439): stop. leaf nodes are specific
INFO: dtree.c(1478): Final simple tree
|( QUESTION0_10_R 1 6.053e+03 3.199e+02 2.997e+02
|    ( - 3.191e+03 1 0)
|    ( QUESTION0 -1 2.542e+03 1.530e+02 1.338e+02
|        ( - 2.210e+03 1 0)
|        ( - 1.790e+02 1 0)))
s>    ( QUESTION0_10_R 1 6.053e+03 3.199e+02 2.997e+02
s>        ( - 3.191e+03 1 0)
s>        ( QUESTION0 -1 2.542e+03 1.530e+02 1.338e+02
s>            ( - 2.210e+03 1 0)
s>            ( - 1.790e+02 1 0)))INFO: dtree.c(1478): Final simple tree
|( QUESTION0_9_R 1 4.437e+03 2.470e+02 2.171e+02
|    ( QUESTION0_16_R 1 1.621e+03 1.792e+02 8.491e+01
|        ( - 3.669e+02 1 0)
|        ( QUESTION1 -1 1.075e+03 1.397e+02 6.091e+01
|            ( QUESTION0_10_R 1 2.073e+02 3.222e+01 1.800e+01
|                ( - 5.241e+00 1 0)
|                ( - 1.698e+02 1 0))
|            ( QUESTION0_15_R 1 7.275e+02 9.852e+01 4.291e+01
|                ( - 2.650e+02 1 0)
|                ( QUESTION0_10_R 1 3.640e+02 5.438e+01 2.400e+01
|                    ( - 1.899e+02 2 0 QUESTION2_0_L -1 1.813e+01 1.400e+01)
|                    ( - 1.198e+02 1 0)))))
|    ( QUESTION1 -1 2.570e+03 4.743e+01 1.322e+02
|        ( - 2.514e+03 1 0)
|        ( - 8.000e+00 2 0 QUESTION0_0_R 1 8.000e+00 2.000e+00)))
s>    ( QUESTION0_9_R 1 4.437e+03 2.470e+02 2.171e+02
s>        ( QUESTION0_16_R 1 1.621e+03 1.792e+02 8.491e+01
s>            ( - 3.669e+02 1 0)
s>            ( QUESTION1 -1 1.075e+03 1.397e+02 6.091e+01
s>                ( QUESTION0_10_R 1 2.073e+02 3.222e+01 1.800e+01
s>                    ( - 5.241e+00 1 0)
s>                    ( - 1.698e+02 1 0))
s>                ( QUESTION0_15_R 1 7.275e+02 9.852e+01 4.291e+01
s>                    ( - 2.650e+02 1 0)
s>                    ( QUESTION0_10_R 1 3.640e+02 5.438e+01 2.400e+01
s>                        ( - 1.899e+02 2 0 QUESTION2_0_L -1 1.813e+01 1.400e+01)
s>                        ( - 1.198e+02 1 0)))))
s>        ( QUESTION1 -1 2.570e+03 4.743e+01 1.322e+02
s>            ( - 2.514e+03 1 0)
s>            ( - 8.000e+00 2 0 QUESTION0_0_R 1 8.000e+00 2.000e+00)))INFO: dtree.c(1315): Comp split 19
INFO: dtree.c(1439): stop. leaf nodes are specific
INFO: dtree.c(1478): Final simple tree
|( QUESTION16 -1 3.798e+03 2.560e+02 1.942e+02
|    ( - 2.262e+03 1 0)
|    ( QUESTION0 -1 1.280e+03 3.283e+01 7.418e+01
|        ( - 1.238e+03 3 0)
|        ( - 9.418e+00 1 0)))
s>    ( QUESTION16 -1 3.798e+03 2.560e+02 1.942e+02
s>        ( - 2.262e+03 1 0)
s>        ( QUESTION0 -1 1.280e+03 3.283e+01 7.418e+01
s>            ( - 1.238e+03 3 0)
s>            ( - 9.418e+00 1 0)))INFO: dtree.c(1439): stop. leaf nodes are specific
INFO: dtree.c(1478): Final simple tree
|( QUESTION8 -1 2.777e+03 2.219e+02 1.501e+02
|    ( - 4.383e+02 1 0)
|    ( QUESTION2_5_L -1 2.117e+03 2.091e+02 1.159e+02
|        ( - 1.055e+03 1 0)
|        ( QUESTION6 -1 8.524e+02 7.344e+01 5.495e+01
|            ( - 6.933e+02 1 0)
|            ( - 8.566e+01 1 0))))
s>    ( QUESTION8 -1 2.777e+03 2.219e+02 1.501e+02
s>        ( - 4.383e+02 1 0)
s>        ( QUESTION2_5_L -1 2.117e+03 2.091e+02 1.159e+02
s>            ( - 1.055e+03 1 0)
s>            ( QUESTION6 -1 8.524e+02 7.344e+01 5.495e+01
s>                ( - 6.933e+02 1 0)
s>                ( - 8.566e+01 1 0))))INFO: dtree.c(1315): Comp split 20
INFO: dtree.c(1439): stop. leaf nodes are specific
INFO: dtree.c(1478): Final simple tree
|( QUESTION0_0_R 1 3.105e+03 7.043e+01 1.634e+02
|    ( - 3.008e+03 1 0)
|    ( - 2.625e+01 1 0))
s>    ( QUESTION0_0_R 1 3.105e+03 7.043e+01 1.634e+02
s>        ( - 3.008e+03 1 0)
s>        ( - 2.625e+01 1 0))INFO: dtree.c(1439): stop. leaf nodes are specific
INFO: dtree.c(1478): Final simple tree
|( QUESTION0 -1 2.840e+03 6.667e+01 1.453e+02
|    ( QUESTION0_0_R 1 5.901e+01 2.359e+01 6.000e+00
|        ( - 1.649e+01 1 0)
|        ( - 1.892e+01 1 0))
|    ( - 2.714e+03 2 0))
s>    ( QUESTION0 -1 2.840e+03 6.667e+01 1.453e+02
s>        ( QUESTION0_0_R 1 5.901e+01 2.359e+01 6.000e+00
s>            ( - 1.649e+01 1 0)
s>            ( - 1.892e+01 1 0))
s>        ( - 2.714e+03 2 0))INFO: dtree.c(1315): Comp split 21
INFO: dtree.c(1439): stop. leaf nodes are specific
INFO: dtree.c(1478): Final simple tree
|( QUESTION0 -1 1.763e+03 1.073e+02 9.010e+01
|    ( QUESTION1 -1 1.020e+02 2.434e+01 9.000e+00
|        ( - 5.714e+00 1 0)
|        ( - 7.196e+01 1 0))
|    ( - 1.554e+03 3 0))
s>    ( QUESTION0 -1 1.763e+03 1.073e+02 9.010e+01
s>        ( QUESTION1 -1 1.020e+02 2.434e+01 9.000e+00
s>            ( - 5.714e+00 1 0)
s>            ( - 7.196e+01 1 0))
s>        ( - 1.554e+03 3 0))INFO: dtree.c(1439): stop. leaf nodes are specific
INFO: dtree.c(1478): Final simple tree
|( QUESTION0 -1 3.017e+03 2.414e+02 1.574e+02
|    ( - 1.897e+03 1 0)
|    ( WDBNDRY_E 0 8.784e+02 4.002e+01 5.107e+01
|        ( - 8.304e+02 2 0)
|        ( - 8.000e+00 1 0)))
s>    ( QUESTION0 -1 3.017e+03 2.414e+02 1.574e+02
s>        ( - 1.897e+03 1 0)
s>        ( WDBNDRY_E 0 8.784e+02 4.002e+01 5.107e+01
s>            ( - 8.304e+02 2 0)
s>            ( - 8.000e+00 1 0)))INFO: dtree.c(1315): Comp split 22
INFO: dtree.c(1439): stop. leaf nodes are specific
INFO: dtree.c(1478): Final simple tree
|( QUESTION0 -1 3.013e+03 2.067e+02 1.616e+02
|    ( - 4.749e+02 1 0)
|    ( - 2.332e+03 1 0))
s>    ( QUESTION0 -1 3.013e+03 2.067e+02 1.616e+02
s>        ( - 4.749e+02 1 0)
s>        ( - 2.332e+03 1 0))INFO: dtree.c(1315): Comp split 23
INFO: dtree.c(1439): stop. leaf nodes are specific
INFO: dtree.c(1478): Final simple tree
|( QUESTION0_16_R 1 2.170e+03 2.303e+02 1.163e+02
|    ( QUESTION0 -1 4.525e+02 7.950e+01 2.700e+01
|        ( - 2.160e+02 1 0)
|        ( - 1.570e+02 1 0))
|    ( QUESTION0_10_R 1 1.487e+03 7.884e+01 8.932e+01
|        ( - 1.287e+03 1 0)
|        ( QUESTION1 -1 1.218e+02 2.979e+01 1.000e+01
|            ( - 7.735e+01 1 0)
|            ( - 1.469e+01 1 0))))
s>    ( QUESTION0_16_R 1 2.170e+03 2.303e+02 1.163e+02
s>        ( QUESTION0 -1 4.525e+02 7.950e+01 2.700e+01
s>            ( - 2.160e+02 1 0)
s>            ( - 1.570e+02 1 0))
s>        ( QUESTION0_10_R 1 1.487e+03 7.884e+01 8.932e+01
s>            ( - 1.287e+03 1 0)
s>            ( QUESTION1 -1 1.218e+02 2.979e+01 1.000e+01
s>                ( - 7.735e+01 1 0)
s>                ( - 1.469e+01 1 0))))INFO: dtree.c(1439): stop. leaf nodes are specific
INFO: dtree.c(1478): Final simple tree
|( QUESTION0_8_R 1 3.286e+03 1.197e+02 1.755e+02
|    ( - 2.994e+03 1 0)
|    ( QUESTION0_10_R 1 1.722e+02 3.741e+01 1.399e+01
|        ( - 1.077e+02 1 0)
|        ( - 2.705e+01 1 0)))
s>    ( QUESTION0_8_R 1 3.286e+03 1.197e+02 1.755e+02
s>        ( - 2.994e+03 1 0)
s>        ( QUESTION0_10_R 1 1.722e+02 3.741e+01 1.399e+01
s>            ( - 1.077e+02 1 0)
s>            ( - 2.705e+01 1 0)))INFO: dtree.c(1315): Comp split 24
INFO: dtree.c(1439): stop. leaf nodes are specific
INFO: dtree.c(1478): Final simple tree
|( QUESTION0 -1 2.542e+03 1.530e+02 1.338e+02
|    ( - 2.210e+03 1 0)
|    ( - 1.790e+02 1 0))
s>    ( QUESTION0 -1 2.542e+03 1.530e+02 1.338e+02
s>        ( - 2.210e+03 1 0)
s>        ( - 1.790e+02 1 0))INFO: dtree.c(1315): Comp split 25
INFO: dtree.c(1439): stop. leaf nodes are specific
INFO: dtree.c(1478): Final simple tree
|( QUESTION2_12_L -1 1.188e+03 1.237e+02 6.785e+01
|    ( - 1.532e+02 1 0)
|    ( - 9.109e+02 1 0))
s>    ( QUESTION2_12_L -1 1.188e+03 1.237e+02 6.785e+01
s>        ( - 1.532e+02 1 0)
s>        ( - 9.109e+02 1 0))INFO: dtree.c(1315): Comp split 26
INFO: dtree.c(1439): stop. leaf nodes are specific
INFO: dtree.c(1478): Final simple tree
|( QUESTION0 -1 2.613e+03 2.151e+02 1.388e+02
|    ( - 1.439e+03 1 0)
|    ( QUESTION0_8_R 1 9.582e+02 1.099e+02 5.660e+01
|        ( - 6.873e+02 1 0)
|        ( - 1.610e+02 1 0)))
s>    ( QUESTION0 -1 2.613e+03 2.151e+02 1.388e+02
s>        ( - 1.439e+03 1 0)
s>        ( QUESTION0_8_R 1 9.582e+02 1.099e+02 5.660e+01
s>            ( - 6.873e+02 1 0)
s>            ( - 1.610e+02 1 0)))INFO: dtree.c(1439): stop. leaf nodes are specific
INFO: dtree.c(1478): Final simple tree
|( QUESTION7 1 1.336e+03 1.294e+02 7.202e+01
|    ( - 1.099e+03 1 0)
|    ( QUESTION0 -1 1.079e+02 2.662e+01 1.000e+01
|        ( - 6.690e+00 1 0)
|        ( - 7.460e+01 1 0)))
s>    ( QUESTION7 1 1.336e+03 1.294e+02 7.202e+01
s>        ( - 1.099e+03 1 0)
s>        ( QUESTION0 -1 1.079e+02 2.662e+01 1.000e+01
s>            ( - 6.690e+00 1 0)
s>            ( - 7.460e+01 1 0)))INFO: dtree.c(1315): Comp split 27
INFO: dtree.c(1315): Comp split 28
INFO: dtree.c(1439): stop. leaf nodes are specific
INFO: dtree.c(1478): Final simple tree
|( QUESTION0_10_R 1 2.415e+03 2.008e+02 1.373e+02
|    ( - 1.083e+03 1 0)
|    ( - 1.131e+03 1 0))
s>    ( QUESTION0_10_R 1 2.415e+03 2.008e+02 1.373e+02
s>        ( - 1.083e+03 1 0)
s>        ( - 1.131e+03 1 0))INFO: dtree.c(1315): Comp split 29
INFO: dtree.c(1439): stop. leaf nodes are specific
INFO: dtree.c(1478): Final simple tree
|( QUESTION0 -1 1.280e+03 3.283e+01 7.418e+01
|    ( - 1.238e+03 3 0)
|    ( - 9.418e+00 1 0))
s>    ( QUESTION0 -1 1.280e+03 3.283e+01 7.418e+01
s>        ( - 1.238e+03 3 0)
s>        ( - 9.418e+00 1 0))INFO: dtree.c(1315): Comp split 30
INFO: dtree.c(1439): stop. leaf nodes are specific
INFO: dtree.c(1478): Final simple tree
|( QUESTION6 -1 8.524e+02 7.344e+01 5.495e+01
|    ( - 6.933e+02 1 0)
|    ( - 8.566e+01 1 0))
s>    ( QUESTION6 -1 8.524e+02 7.344e+01 5.495e+01
s>        ( - 6.933e+02 1 0)
s>        ( - 8.566e+01 1 0))INFO: dtree.c(1439): stop. leaf nodes are specific
INFO: dtree.c(1478): Final simple tree
|( QUESTION6 -1 1.671e+03 1.775e+02 9.513e+01
|    ( - 4.383e+02 1 0)
|    ( - 1.055e+03 1 0))
s>    ( QUESTION6 -1 1.671e+03 1.775e+02 9.513e+01
s>        ( - 4.383e+02 1 0)
s>        ( - 1.055e+03 1 0))INFO: dtree.c(1315): Comp split 31
INFO: dtree.c(1439): stop. leaf nodes are specific
INFO: dtree.c(1478): Final simple tree
|( QUESTION1 -1 1.075e+03 1.397e+02 6.091e+01
|    ( QUESTION0_10_R 1 2.073e+02 3.222e+01 1.800e+01
|        ( - 5.241e+00 1 0)
|        ( - 1.698e+02 1 0))
|    ( QUESTION0_15_R 1 7.275e+02 9.852e+01 4.291e+01
|        ( - 2.650e+02 1 0)
|        ( QUESTION0_10_R 1 3.640e+02 5.438e+01 2.400e+01
|            ( QUESTION2_0_L -1 1.899e+02 1.813e+01 1.400e+01
|                ( - 1.301e+00 1 0)
|                ( - 1.705e+02 1 0))
|            ( - 1.198e+02 1 0))))
s>    ( QUESTION1 -1 1.075e+03 1.397e+02 6.091e+01
s>        ( QUESTION0_10_R 1 2.073e+02 3.222e+01 1.800e+01
s>            ( - 5.241e+00 1 0)
s>            ( - 1.698e+02 1 0))
s>        ( QUESTION0_15_R 1 7.275e+02 9.852e+01 4.291e+01
s>            ( - 2.650e+02 1 0)
s>            ( QUESTION0_10_R 1 3.640e+02 5.438e+01 2.400e+01
s>                ( QUESTION2_0_L -1 1.899e+02 1.813e+01 1.400e+01
s>                    ( - 1.301e+00 1 0)
s>                    ( - 1.705e+02 1 0))
s>                ( - 1.198e+02 1 0))))INFO: dtree.c(1439): stop. leaf nodes are specific
INFO: dtree.c(1478): Final simple tree
|( QUESTION1 -1 3.109e+03 1.796e+02 1.562e+02
|    ( - 2.514e+03 1 0)
|    ( QUESTION0_9_R 1 4.156e+02 4.066e+01 2.600e+01
|        ( - 3.669e+02 1 0)
|        ( QUESTION0_0_R 1 8.000e+00 8.000e+00 2.000e+00
|            ( - 0.000e+00 1 0)
|            ( - 0.000e+00 1 0))))
s>    ( QUESTION1 -1 3.109e+03 1.796e+02 1.562e+02
s>        ( - 2.514e+03 1 0)
s>        ( QUESTION0_9_R 1 4.156e+02 4.066e+01 2.600e+01
s>            ( - 3.669e+02 1 0)
s>            ( QUESTION0_0_R 1 8.000e+00 8.000e+00 2.000e+00
s>                ( - 0.000e+00 1 0)
s>                ( - 0.000e+00 1 0))))INFO: dtree.c(1315): Comp split 32
INFO: dtree.c(1439): stop. leaf nodes are specific
INFO: dtree.c(1478): Final simple tree
|( QUESTION0_0_R 1 7.450e+02 8.584e+01 5.900e+01
|    ( - 3.094e+02 1 0)
|    ( - 3.497e+02 1 0))
s>    ( QUESTION0_0_R 1 7.450e+02 8.584e+01 5.900e+01
s>        ( - 3.094e+02 1 0)
s>        ( - 3.497e+02 1 0))INFO: dtree.c(1439): stop. leaf nodes are specific
INFO: dtree.c(1478): Final simple tree
|( QUESTION1 -1 3.648e+03 4.256e+01 2.028e+02
|    ( - 6.547e+00 1 0)
|    ( - 3.599e+03 1 0))
s>    ( QUESTION1 -1 3.648e+03 4.256e+01 2.028e+02
s>        ( - 6.547e+00 1 0)
s>        ( - 3.599e+03 1 0))INFO: dtree.c(1315): Comp split 33
INFO: dtree.c(1439): stop. leaf nodes are specific
INFO: dtree.c(1478): Final simple tree
|( QUESTION0 -1 8.043e+03 1.814e+01 3.906e+02
|    ( - 8.024e+03 1 0)
|    ( - 7.152e-01 1 0))
s>    ( QUESTION0 -1 8.043e+03 1.814e+01 3.906e+02
s>        ( - 8.024e+03 1 0)
s>        ( - 7.152e-01 1 0))INFO: dtree.c(1439): stop. leaf nodes are specific
INFO: dtree.c(1478): Final simple tree
|( QUESTION2 -1 1.119e+03 1.444e+02 6.433e+01
|    ( - 4.790e+02 1 0)
|    ( QUESTION0_16_R 1 4.953e+02 4.687e+01 3.296e+01
|        ( - 4.317e+02 1 0)
|        ( - 1.679e+01 1 0)))
s>    ( QUESTION2 -1 1.119e+03 1.444e+02 6.433e+01
s>        ( - 4.790e+02 1 0)
s>        ( QUESTION0_16_R 1 4.953e+02 4.687e+01 3.296e+01
s>            ( - 4.317e+02 1 0)
s>            ( - 1.679e+01 1 0)))INFO: dtree.c(1315): Comp split 34
INFO: dtree.c(1439): stop. leaf nodes are specific
INFO: dtree.c(1478): Final simple tree
|( WDBNDRY_E 0 8.784e+02 4.002e+01 5.107e+01
|    ( - 8.304e+02 2 0)
|    ( - 8.000e+00 1 0))
s>    ( WDBNDRY_E 0 8.784e+02 4.002e+01 5.107e+01
s>        ( - 8.304e+02 2 0)
s>        ( - 8.000e+00 1 0))INFO: dtree.c(1315): Comp split 35
INFO: dtree.c(1439): stop. leaf nodes are specific
INFO: dtree.c(1478): Final simple tree
|( QUESTION0_10_R 1 1.487e+03 7.884e+01 8.932e+01
|    ( - 1.287e+03 1 0)
|    ( QUESTION1 -1 1.218e+02 2.979e+01 1.000e+01
|        ( - 7.735e+01 1 0)
|        ( - 1.469e+01 1 0)))
s>    ( QUESTION0_10_R 1 1.487e+03 7.884e+01 8.932e+01
s>        ( - 1.287e+03 1 0)
s>        ( QUESTION1 -1 1.218e+02 2.979e+01 1.000e+01
s>            ( - 7.735e+01 1 0)
s>            ( - 1.469e+01 1 0)))INFO: dtree.c(1439): stop. leaf nodes are specific
INFO: dtree.c(1478): Final simple tree
|( QUESTION0 -1 4.525e+02 7.950e+01 2.700e+01
|    ( - 2.160e+02 1 0)
|    ( - 1.570e+02 1 0))
s>    ( QUESTION0 -1 4.525e+02 7.950e+01 2.700e+01
s>        ( - 2.160e+02 1 0)
s>        ( - 1.570e+02 1 0))INFO: dtree.c(1315): Comp split 36
INFO: dtree.c(1315): Comp split 37
INFO: dtree.c(1439): stop. leaf nodes are specific
INFO: dtree.c(1478): Final simple tree
|( QUESTION0_8_R 1 9.582e+02 1.099e+02 5.660e+01
|    ( - 6.873e+02 1 0)
|    ( - 1.610e+02 1 0))
s>    ( QUESTION0_8_R 1 9.582e+02 1.099e+02 5.660e+01
s>        ( - 6.873e+02 1 0)
s>        ( - 1.610e+02 1 0))INFO: dtree.c(1315): Comp split 38
INFO: dtree.c(1315): Comp split 39
INFO: dtree.c(1315): Comp split 40
INFO: dtree.c(1315): Comp split 41
INFO: dtree.c(1439): stop. leaf nodes are specific
INFO: dtree.c(1478): Final simple tree
|( QUESTION0_9_R 1 4.156e+02 4.066e+01 2.600e+01
|    ( - 3.669e+02 1 0)
|    ( QUESTION0_0_R 1 8.000e+00 8.000e+00 2.000e+00
|        ( - 0.000e+00 1 0)
|        ( - 0.000e+00 1 0)))
s>    ( QUESTION0_9_R 1 4.156e+02 4.066e+01 2.600e+01
s>        ( - 3.669e+02 1 0)
s>        ( QUESTION0_0_R 1 8.000e+00 8.000e+00 2.000e+00
s>            ( - 0.000e+00 1 0)
s>            ( - 0.000e+00 1 0)))INFO: dtree.c(1315): Comp split 42
INFO: dtree.c(1315): Comp split 43
INFO: dtree.c(1439): stop. leaf nodes are specific
INFO: dtree.c(1478): Final simple tree
|( QUESTION0_0_R 1 1.150e+02 3.723e+01 1.100e+01
|    ( - 3.653e+01 1 0)
|    ( - 4.122e+01 1 0))
s>    ( QUESTION0_0_R 1 1.150e+02 3.723e+01 1.100e+01
s>        ( - 3.653e+01 1 0)
s>        ( - 4.122e+01 1 0))INFO: dtree.c(1315): Comp split 44
INFO: dtree.c(1315): Comp split 45
INFO: dtree.c(1439): stop. leaf nodes are specific
INFO: dtree.c(1478): Final simple tree
|( QUESTION0_16_R 1 4.953e+02 4.687e+01 3.296e+01
|    ( - 4.317e+02 1 0)
|    ( - 1.679e+01 1 0))
s>    ( QUESTION0_16_R 1 4.953e+02 4.687e+01 3.296e+01
s>        ( - 4.317e+02 1 0)
s>        ( - 1.679e+01 1 0))INFO: dtree.c(1315): Comp split 46
INFO: dtree.c(1439): stop. leaf nodes are specific
INFO: dtree.c(1478): Final simple tree
|( QUESTION0_15_R 1 7.275e+02 9.852e+01 4.291e+01
|    ( - 2.650e+02 1 0)
|    ( QUESTION0_10_R 1 3.640e+02 5.438e+01 2.400e+01
|        ( QUESTION2_0_L -1 1.899e+02 1.813e+01 1.400e+01
|            ( - 1.301e+00 1 0)
|            ( - 1.705e+02 1 0))
|        ( - 1.198e+02 1 0)))
s>    ( QUESTION0_15_R 1 7.275e+02 9.852e+01 4.291e+01
s>        ( - 2.650e+02 1 0)
s>        ( QUESTION0_10_R 1 3.640e+02 5.438e+01 2.400e+01
s>            ( QUESTION2_0_L -1 1.899e+02 1.813e+01 1.400e+01
s>                ( - 1.301e+00 1 0)
s>                ( - 1.705e+02 1 0))
s>            ( - 1.198e+02 1 0)))INFO: dtree.c(1439): stop. leaf nodes are specific
INFO: dtree.c(1478): Final simple tree
|( QUESTION0_10_R 1 2.073e+02 3.222e+01 1.800e+01
|    ( - 5.241e+00 1 0)
|    ( - 1.698e+02 1 0))
s>    ( QUESTION0_10_R 1 2.073e+02 3.222e+01 1.800e+01
s>        ( - 5.241e+00 1 0)
s>        ( - 1.698e+02 1 0))INFO: dtree.c(1315): Comp split 47
INFO: dtree.c(1439): stop. leaf nodes are specific
INFO: dtree.c(1478): Final simple tree
|( QUESTION0 -1 1.079e+02 2.662e+01 1.000e+01
|    ( - 6.690e+00 1 0)
|    ( - 7.460e+01 1 0))
s>    ( QUESTION0 -1 1.079e+02 2.662e+01 1.000e+01
s>        ( - 6.690e+00 1 0)
s>        ( - 7.460e+01 1 0))INFO: dtree.c(1315): Comp split 48
INFO: dtree.c(1315): Comp split 49
INFO: dtree.c(1439): stop. leaf nodes are specific
INFO: dtree.c(1478): Final simple tree
|( QUESTION0_10_R 1 1.722e+02 3.741e+01 1.399e+01
|    ( - 1.077e+02 1 0)
|    ( - 2.705e+01 1 0))
s>    ( QUESTION0_10_R 1 1.722e+02 3.741e+01 1.399e+01
s>        ( - 1.077e+02 1 0)
s>        ( - 2.705e+01 1 0))INFO: dtree.c(1315): Comp split 50
INFO: dtree.c(1315): Comp split 51
INFO: dtree.c(1439): stop. leaf nodes are specific
INFO: dtree.c(1478): Final simple tree
|( QUESTION1 -1 1.020e+02 2.434e+01 9.000e+00
|    ( - 5.714e+00 1 0)
|    ( - 7.196e+01 1 0))
s>    ( QUESTION1 -1 1.020e+02 2.434e+01 9.000e+00
s>        ( - 5.714e+00 1 0)
s>        ( - 7.196e+01 1 0))INFO: dtree.c(1315): Comp split 52
INFO: dtree.c(1439): stop. leaf nodes are specific
INFO: dtree.c(1478): Final simple tree
|( QUESTION0_10_R 1 3.640e+02 5.438e+01 2.400e+01
|    ( QUESTION2_0_L -1 1.899e+02 1.813e+01 1.400e+01
|        ( - 1.301e+00 1 0)
|        ( - 1.705e+02 1 0))
|    ( - 1.198e+02 1 0))
s>    ( QUESTION0_10_R 1 3.640e+02 5.438e+01 2.400e+01
s>        ( QUESTION2_0_L -1 1.899e+02 1.813e+01 1.400e+01
s>            ( - 1.301e+00 1 0)
s>            ( - 1.705e+02 1 0))
s>        ( - 1.198e+02 1 0))INFO: dtree.c(1315): Comp split 53
INFO: dtree.c(1315): Comp split 54
INFO: dtree.c(1315): Comp split 55
INFO: dtree.c(1439): stop. leaf nodes are specific
INFO: dtree.c(1478): Final simple tree
|( QUESTION1 -1 1.218e+02 2.979e+01 1.000e+01
|    ( - 7.735e+01 1 0)
|    ( - 1.469e+01 1 0))
s>    ( QUESTION1 -1 1.218e+02 2.979e+01 1.000e+01
s>        ( - 7.735e+01 1 0)
s>        ( - 1.469e+01 1 0))INFO: dtree.c(1315): Comp split 56
INFO: dtree.c(1315): Comp split 57
INFO: dtree.c(1315): Comp split 58
INFO: dtree.c(1439): stop. leaf nodes are specific
INFO: dtree.c(1478): Final simple tree
|( QUESTION0_0_R 1 5.901e+01 2.359e+01 6.000e+00
|    ( - 1.649e+01 1 0)
|    ( - 1.892e+01 1 0))
s>    ( QUESTION0_0_R 1 5.901e+01 2.359e+01 6.000e+00
s>        ( - 1.649e+01 1 0)
s>        ( - 1.892e+01 1 0))INFO: dtree.c(1315): Comp split 59
INFO: dtree.c(1439): stop. leaf nodes are specific
INFO: dtree.c(1478): Final simple tree
|( QUESTION2_0_L -1 1.899e+02 1.813e+01 1.400e+01
|    ( - 1.301e+00 1 0)
|    ( - 1.705e+02 1 0))
s>    ( QUESTION2_0_L -1 1.899e+02 1.813e+01 1.400e+01
s>        ( - 1.301e+00 1 0)
s>        ( - 1.705e+02 1 0))INFO: dtree.c(1315): Comp split 60
INFO: dtree.c(1315): Comp split 61
INFO: dtree.c(1315): Comp split 62
INFO: dtree.c(1439): stop. leaf nodes are specific
INFO: dtree.c(1478): Final simple tree
|( QUESTION0_0_R 1 8.000e+00 8.000e+00 2.000e+00
|    ( - 0.000e+00 1 0)
|    ( - 0.000e+00 1 0))
s>    ( QUESTION0_0_R 1 8.000e+00 8.000e+00 2.000e+00
s>        ( - 0.000e+00 1 0)
s>        ( - 0.000e+00 1 0))INFO: dtree.c(1315): Comp split 63
INFO: dtree.c(1315): Comp split 64
INFO: dtree.c(1315): Comp split 65
INFO: dtree.c(1315): Comp split 66
INFO: dtree.c(1315): Comp split 67
INFO: dtree.c(1315): Comp split 68
INFO: dtree.c(1315): Comp split 69
INFO: dtree.c(1315): Comp split 70
INFO: dtree.c(1315): Comp split 71
INFO: dtree.c(1315): Comp split 72
INFO: dtree.c(1315): Comp split 73
INFO: dtree.c(1315): Comp split 74
INFO: dtree.c(1315): Comp split 75
INFO: dtree.c(1318): stop. leaf nodes are specific
Sun Mar 12 05:24:51 2017
