Current configuration:
[NAME]		[DEFLT]	[VALUE]
-allphones	no	no
-cntthresh	0.00001	1.000000e-05
-csplitmax	100	2000
-csplitmin	1	1
-csplitthr	8e-4	0.000000e+00
-example	no	no
-fullvar	no	no
-help		no	no
-meanfn			
-mixwfn			/home/gaurav/python-scripts/py/scripts/sphinx-source2/an4/model_parameters/an4.cd_ptm_untied/mixture_weights
-moddeffn		/home/gaurav/python-scripts/py/scripts/sphinx-source2/an4/model_architecture/an4.untied.mdef
-mwfloor	1e-4	1.000000e-08
-phone			V
-psetfn			/home/gaurav/python-scripts/py/scripts/sphinx-source2/an4/model_architecture/an4.tree_questions
-ssplitmax	5	7
-ssplitmin	1	1
-ssplitthr	8e-4	0.000000e+00
-state			0
-stwt			1.0,0.05,0.0,
-treefn			/home/gaurav/python-scripts/py/scripts/sphinx-source2/an4/trees/an4.unpruned/V-0.dtree
-ts2cbfn	.semi.	.semi.
-varfloor	0.00001	1.000000e-05
-varfn			

INFO: main.c(223): Reading: /home/gaurav/python-scripts/py/scripts/sphinx-source2/an4/model_architecture/an4.untied.mdef
INFO: model_def_io.c(573): Model definition info:
INFO: model_def_io.c(574): 1618 total models defined (34 base, 1584 tri)
INFO: model_def_io.c(575): 6472 total states
INFO: model_def_io.c(576): 4854 total tied states
INFO: model_def_io.c(577): 102 total tied CI states
INFO: model_def_io.c(578): 34 total tied transition matrices
INFO: model_def_io.c(579): 4 max state/model
INFO: model_def_io.c(580): 4 min state/model
INFO: main.c(242): Building trees for [V AH IY b] through [V T IY b]
INFO: main.c(269): Covering states |[4587 4670]| == 84
INFO: main.c(275): Reading: /home/gaurav/python-scripts/py/scripts/sphinx-source2/an4/model_parameters/an4.cd_ptm_untied/mixture_weights
INFO: s3mixw_io.c(173): Read /home/gaurav/python-scripts/py/scripts/sphinx-source2/an4/model_parameters/an4.cd_ptm_untied/mixture_weights [84x4x64 array]
INFO: main.c(311): 28 of 28 models have observation count greater than 0.000010
INFO: main.c(95): nrm stwt: 0.952 0.048 0.000 
INFO: main.c(411): 28-class entropy: 2.384680e+04
INFO: main.c(549): Reading: /home/gaurav/python-scripts/py/scripts/sphinx-source2/an4/model_architecture/an4.tree_questions
INFO: main.c(588): 180 total simple questions (172 phone; 8 word bndry)
INFO: main.c(590): 42 Left Only questions, and 42 Right Only questions
INFO: dtree.c(1478): Final simple tree
|( WDBNDRY_I 0 3.003e+04 2.555e+03 1.579e+03
|    ( - 1.195e+04 1 0)
|    ( QUESTION2_12_L -1 1.552e+04 9.312e+02 8.260e+02
|        ( SILENCE 1 1.251e+04 5.958e+02 7.143e+02
|            ( - 3.293e+03 1 0)
|            ( QUESTION6 1 8.624e+03 2.051e+02 5.288e+02
|                ( - 4.664e+03 3 0 QUESTION0_10_R 1 1.361e+02 2.997e+02)
|                ( QUESTION0_0_R 1 3.756e+03 1.637e+02 2.291e+02
|                    ( - 9.329e+02 3 0 WDBNDRY_B 0 9.038e+01 6.360e+01)
|                    ( - 2.659e+03 5 0 QUESTION0_15_R 1 1.495e+02 1.655e+02))))
|        ( QUESTION0 -1 2.072e+03 2.333e+02 1.117e+02
|            ( WDBNDRY_B 0 1.330e+03 1.979e+02 8.184e+01
|                ( - 8.661e+02 3 0 QUESTION1 -1 1.171e+02 6.095e+01)
|                ( - 2.659e+02 6 0 QUESTION2_0_L -1 7.235e+01 2.089e+01))
|            ( - 5.086e+02 6 0 QUESTION2_1_L -1 9.155e+01 2.987e+01))))
s>    ( WDBNDRY_I 0 3.003e+04 2.555e+03 1.579e+03
s>        ( - 1.195e+04 1 0)
s>        ( QUESTION2_12_L -1 1.552e+04 9.312e+02 8.260e+02
s>            ( SILENCE 1 1.251e+04 5.958e+02 7.143e+02
s>                ( - 3.293e+03 1 0)
s>                ( QUESTION6 1 8.624e+03 2.051e+02 5.288e+02
s>                    ( - 4.664e+03 3 0 QUESTION0_10_R 1 1.361e+02 2.997e+02)
s>                    ( QUESTION0_0_R 1 3.756e+03 1.637e+02 2.291e+02
s>                        ( - 9.329e+02 3 0 WDBNDRY_B 0 9.038e+01 6.360e+01)
s>                        ( - 2.659e+03 5 0 QUESTION0_15_R 1 1.495e+02 1.655e+02))))
s>            ( QUESTION0 -1 2.072e+03 2.333e+02 1.117e+02
s>                ( WDBNDRY_B 0 1.330e+03 1.979e+02 8.184e+01
s>                    ( - 8.661e+02 3 0 QUESTION1 -1 1.171e+02 6.095e+01)
s>                    ( - 2.659e+02 6 0 QUESTION2_0_L -1 7.235e+01 2.089e+01))
s>                ( - 5.086e+02 6 0 QUESTION2_1_L -1 9.155e+01 2.987e+01))))INFO: dtree.c(1315): Comp split 0
INFO: dtree.c(1478): Final simple tree
|( QUESTION2_12_L -1 1.552e+04 9.312e+02 8.260e+02
|    ( SILENCE 1 1.251e+04 5.958e+02 7.143e+02
|        ( - 3.293e+03 1 0)
|        ( QUESTION6 1 8.624e+03 2.051e+02 5.288e+02
|            ( - 4.664e+03 3 0 QUESTION0_10_R 1 1.361e+02 2.997e+02)
|            ( QUESTION0_0_R 1 3.756e+03 1.637e+02 2.291e+02
|                ( - 9.329e+02 3 0 WDBNDRY_B 0 9.038e+01 6.360e+01)
|                ( QUESTION0_15_R 1 2.659e+03 1.495e+02 1.655e+02
|                    ( - 1.647e+03 2 0 QUESTION0_16_R 1 1.242e+02 1.088e+02)
|                    ( - 8.627e+02 3 0 QUESTION4 1 1.132e+02 5.669e+01)))))
|    ( QUESTION0 -1 2.072e+03 2.333e+02 1.117e+02
|        ( WDBNDRY_B 0 1.330e+03 1.979e+02 8.184e+01
|            ( - 8.661e+02 3 0 QUESTION1 -1 1.171e+02 6.095e+01)
|            ( - 2.659e+02 6 0 QUESTION2_0_L -1 7.235e+01 2.089e+01))
|        ( - 5.086e+02 6 0 QUESTION2_1_L -1 9.155e+01 2.987e+01)))
s>    ( QUESTION2_12_L -1 1.552e+04 9.312e+02 8.260e+02
s>        ( SILENCE 1 1.251e+04 5.958e+02 7.143e+02
s>            ( - 3.293e+03 1 0)
s>            ( QUESTION6 1 8.624e+03 2.051e+02 5.288e+02
s>                ( - 4.664e+03 3 0 QUESTION0_10_R 1 1.361e+02 2.997e+02)
s>                ( QUESTION0_0_R 1 3.756e+03 1.637e+02 2.291e+02
s>                    ( - 9.329e+02 3 0 WDBNDRY_B 0 9.038e+01 6.360e+01)
s>                    ( QUESTION0_15_R 1 2.659e+03 1.495e+02 1.655e+02
s>                        ( - 1.647e+03 2 0 QUESTION0_16_R 1 1.242e+02 1.088e+02)
s>                        ( - 8.627e+02 3 0 QUESTION4 1 1.132e+02 5.669e+01)))))
s>        ( QUESTION0 -1 2.072e+03 2.333e+02 1.117e+02
s>            ( WDBNDRY_B 0 1.330e+03 1.979e+02 8.184e+01
s>                ( - 8.661e+02 3 0 QUESTION1 -1 1.171e+02 6.095e+01)
s>                ( - 2.659e+02 6 0 QUESTION2_0_L -1 7.235e+01 2.089e+01))
s>            ( - 5.086e+02 6 0 QUESTION2_1_L -1 9.155e+01 2.987e+01)))INFO: dtree.c(1315): Comp split 1
INFO: dtree.c(1478): Final simple tree
|( QUESTION6 1 8.624e+03 2.051e+02 5.288e+02
|    ( QUESTION0_10_R 1 4.664e+03 1.361e+02 2.997e+02
|        ( - 3.904e+03 1 0)
|        ( - 6.239e+02 2 0 QUESTION0_16_R 1 6.429e+01 4.693e+01))
|    ( QUESTION0_0_R 1 3.756e+03 1.637e+02 2.291e+02
|        ( WDBNDRY_B 0 9.329e+02 9.038e+01 6.360e+01
|            ( - 2.084e+02 1 0)
|            ( - 6.341e+02 2 0 QUESTION0_1_R 1 5.327e+01 4.760e+01))
|        ( QUESTION0_15_R 1 2.659e+03 1.495e+02 1.655e+02
|            ( QUESTION0_16_R 1 1.647e+03 1.242e+02 1.088e+02
|                ( - 6.334e+02 1 0)
|                ( - 8.892e+02 1 0))
|            ( QUESTION4 1 8.627e+02 1.132e+02 5.669e+01
|                ( - 4.403e+02 1 0)
|                ( - 3.092e+02 2 0 QUESTION0_8_R 1 7.112e+01 2.290e+01)))))
s>    ( QUESTION6 1 8.624e+03 2.051e+02 5.288e+02
s>        ( QUESTION0_10_R 1 4.664e+03 1.361e+02 2.997e+02
s>            ( - 3.904e+03 1 0)
s>            ( - 6.239e+02 2 0 QUESTION0_16_R 1 6.429e+01 4.693e+01))
s>        ( QUESTION0_0_R 1 3.756e+03 1.637e+02 2.291e+02
s>            ( WDBNDRY_B 0 9.329e+02 9.038e+01 6.360e+01
s>                ( - 2.084e+02 1 0)
s>                ( - 6.341e+02 2 0 QUESTION0_1_R 1 5.327e+01 4.760e+01))
s>            ( QUESTION0_15_R 1 2.659e+03 1.495e+02 1.655e+02
s>                ( QUESTION0_16_R 1 1.647e+03 1.242e+02 1.088e+02
s>                    ( - 6.334e+02 1 0)
s>                    ( - 8.892e+02 1 0))
s>                ( QUESTION4 1 8.627e+02 1.132e+02 5.669e+01
s>                    ( - 4.403e+02 1 0)
s>                    ( - 3.092e+02 2 0 QUESTION0_8_R 1 7.112e+01 2.290e+01)))))INFO: dtree.c(1478): Final simple tree
|( QUESTION2_12_L -1 5.886e+03 5.211e+02 2.972e+02
|    ( - 3.293e+03 1 0)
|    ( QUESTION0 -1 2.072e+03 2.333e+02 1.117e+02
|        ( WDBNDRY_B 0 1.330e+03 1.979e+02 8.184e+01
|            ( QUESTION1 -1 8.661e+02 1.171e+02 6.095e+01
|                ( - 3.438e+02 2 0)
|                ( - 4.052e+02 1 0))
|            ( QUESTION2_0_L -1 2.659e+02 7.235e+01 2.089e+01
|                ( - 9.615e+01 5 0 QUESTION4 1 3.018e+01 1.089e+01)
|                ( - 9.735e+01 1 0)))
|        ( QUESTION2_1_L -1 5.086e+02 9.155e+01 2.987e+01
|            ( - 1.483e+02 3 0 QUESTION4 -1 3.087e+01 1.100e+01)
|            ( SILENCE -1 2.687e+02 5.215e+01 1.887e+01
|                ( - 1.726e+02 1 0)
|                ( - 4.394e+01 2 0 QUESTION2_9_L -1 1.985e+01 5.000e+00)))))
s>    ( QUESTION2_12_L -1 5.886e+03 5.211e+02 2.972e+02
s>        ( - 3.293e+03 1 0)
s>        ( QUESTION0 -1 2.072e+03 2.333e+02 1.117e+02
s>            ( WDBNDRY_B 0 1.330e+03 1.979e+02 8.184e+01
s>                ( QUESTION1 -1 8.661e+02 1.171e+02 6.095e+01
s>                    ( - 3.438e+02 2 0)
s>                    ( - 4.052e+02 1 0))
s>                ( QUESTION2_0_L -1 2.659e+02 7.235e+01 2.089e+01
s>                    ( - 9.615e+01 5 0 QUESTION4 1 3.018e+01 1.089e+01)
s>                    ( - 9.735e+01 1 0)))
s>            ( QUESTION2_1_L -1 5.086e+02 9.155e+01 2.987e+01
s>                ( - 1.483e+02 3 0 QUESTION4 -1 3.087e+01 1.100e+01)
s>                ( SILENCE -1 2.687e+02 5.215e+01 1.887e+01
s>                    ( - 1.726e+02 1 0)
s>                    ( - 4.394e+01 2 0 QUESTION2_9_L -1 1.985e+01 5.000e+00)))))INFO: dtree.c(1315): Comp split 2
INFO: dtree.c(1439): stop. leaf nodes are specific
INFO: dtree.c(1478): Final simple tree
|( SILENCE 1 3.516e+03 1.265e+02 1.955e+02
|    ( - 3.293e+03 1 0)
|    ( - 9.735e+01 1 0))
s>    ( SILENCE 1 3.516e+03 1.265e+02 1.955e+02
s>        ( - 3.293e+03 1 0)
s>        ( - 9.735e+01 1 0))INFO: dtree.c(1478): Final simple tree
|( QUESTION0 -1 1.844e+03 2.427e+02 1.017e+02
|    ( QUESTION1 -1 1.092e+03 1.386e+02 7.184e+01
|        ( - 3.438e+02 2 0)
|        ( WDBNDRY_B 0 6.101e+02 1.087e+02 4.390e+01
|            ( - 4.052e+02 1 0)
|            ( QUESTION4 1 9.615e+01 3.018e+01 1.089e+01
|                ( - 3.491e+01 3 0 QUESTION0_9_R 1 1.159e+01 5.886e+00)
|                ( - 3.106e+01 2 0 SILENCE 1 1.091e+01 5.000e+00))))
|    ( QUESTION2_1_L -1 5.086e+02 9.155e+01 2.987e+01
|        ( QUESTION4 -1 1.483e+02 3.087e+01 1.100e+01
|            ( - 1.092e+02 2 0)
|            ( - 8.239e+00 1 0))
|        ( SILENCE -1 2.687e+02 5.215e+01 1.887e+01
|            ( - 1.726e+02 1 0)
|            ( - 4.394e+01 2 0 QUESTION2_9_L -1 1.985e+01 5.000e+00))))
s>    ( QUESTION0 -1 1.844e+03 2.427e+02 1.017e+02
s>        ( QUESTION1 -1 1.092e+03 1.386e+02 7.184e+01
s>            ( - 3.438e+02 2 0)
s>            ( WDBNDRY_B 0 6.101e+02 1.087e+02 4.390e+01
s>                ( - 4.052e+02 1 0)
s>                ( QUESTION4 1 9.615e+01 3.018e+01 1.089e+01
s>                    ( - 3.491e+01 3 0 QUESTION0_9_R 1 1.159e+01 5.886e+00)
s>                    ( - 3.106e+01 2 0 SILENCE 1 1.091e+01 5.000e+00))))
s>        ( QUESTION2_1_L -1 5.086e+02 9.155e+01 2.987e+01
s>            ( QUESTION4 -1 1.483e+02 3.087e+01 1.100e+01
s>                ( - 1.092e+02 2 0)
s>                ( - 8.239e+00 1 0))
s>            ( SILENCE -1 2.687e+02 5.215e+01 1.887e+01
s>                ( - 1.726e+02 1 0)
s>                ( - 4.394e+01 2 0 QUESTION2_9_L -1 1.985e+01 5.000e+00))))INFO: dtree.c(1315): Comp split 3
INFO: dtree.c(1478): Final simple tree
|( QUESTION2_2_L -1 7.167e+02 1.302e+02 4.075e+01
|    ( WDBNDRY_B 0 1.881e+02 4.805e+01 1.589e+01
|        ( QUESTION2_9_L -1 4.394e+01 1.985e+01 5.000e+00
|            ( - 8.430e+00 1 0)
|            ( - 1.566e+01 1 0))
|        ( QUESTION4 1 9.615e+01 3.018e+01 1.089e+01
|            ( QUESTION0_9_R 1 3.491e+01 1.159e+01 5.886e+00
|                ( - 8.239e+00 1 0)
|                ( - 1.508e+01 2 0 QUESTION0_0_R 1 7.041e+00 3.886e+00))
|            ( - 3.106e+01 2 0 SILENCE 1 1.091e+01 5.000e+00)))
|    ( SILENCE -1 3.983e+02 7.739e+01 2.487e+01
|        ( - 1.726e+02 1 0)
|        ( QUESTION4 -1 1.483e+02 3.087e+01 1.100e+01
|            ( - 1.092e+02 2 0)
|            ( - 8.239e+00 1 0))))
s>    ( QUESTION2_2_L -1 7.167e+02 1.302e+02 4.075e+01
s>        ( WDBNDRY_B 0 1.881e+02 4.805e+01 1.589e+01
s>            ( QUESTION2_9_L -1 4.394e+01 1.985e+01 5.000e+00
s>                ( - 8.430e+00 1 0)
s>                ( - 1.566e+01 1 0))
s>            ( QUESTION4 1 9.615e+01 3.018e+01 1.089e+01
s>                ( QUESTION0_9_R 1 3.491e+01 1.159e+01 5.886e+00
s>                    ( - 8.239e+00 1 0)
s>                    ( - 1.508e+01 2 0 QUESTION0_0_R 1 7.041e+00 3.886e+00))
s>                ( - 3.106e+01 2 0 SILENCE 1 1.091e+01 5.000e+00)))
s>        ( SILENCE -1 3.983e+02 7.739e+01 2.487e+01
s>            ( - 1.726e+02 1 0)
s>            ( QUESTION4 -1 1.483e+02 3.087e+01 1.100e+01
s>                ( - 1.092e+02 2 0)
s>                ( - 8.239e+00 1 0))))INFO: dtree.c(1439): stop. leaf nodes are specific
INFO: dtree.c(1478): Final simple tree
|( QUESTION1 -1 8.661e+02 1.171e+02 6.095e+01
|    ( - 3.438e+02 2 0)
|    ( - 4.052e+02 1 0))
s>    ( QUESTION1 -1 8.661e+02 1.171e+02 6.095e+01
s>        ( - 3.438e+02 2 0)
s>        ( - 4.052e+02 1 0))INFO: dtree.c(1315): Comp split 4
INFO: dtree.c(1439): stop. leaf nodes are specific
INFO: dtree.c(1478): Final simple tree
|( QUESTION0_0_R 1 2.394e+03 1.368e+02 1.472e+02
|    ( WDBNDRY_B 0 9.329e+02 9.038e+01 6.360e+01
|        ( - 2.084e+02 1 0)
|        ( QUESTION0_1_R 1 6.341e+02 5.327e+01 4.760e+01
|            ( - 2.727e+02 1 0)
|            ( - 3.081e+02 1 0)))
|    ( QUESTION0_15_R 1 1.325e+03 1.263e+02 8.357e+01
|        ( - 8.892e+02 1 0)
|        ( QUESTION0_8_R 1 3.092e+02 7.112e+01 2.290e+01
|            ( - 1.921e+02 1 0)
|            ( - 4.604e+01 1 0))))
s>    ( QUESTION0_0_R 1 2.394e+03 1.368e+02 1.472e+02
s>        ( WDBNDRY_B 0 9.329e+02 9.038e+01 6.360e+01
s>            ( - 2.084e+02 1 0)
s>            ( QUESTION0_1_R 1 6.341e+02 5.327e+01 4.760e+01
s>                ( - 2.727e+02 1 0)
s>                ( - 3.081e+02 1 0)))
s>        ( QUESTION0_15_R 1 1.325e+03 1.263e+02 8.357e+01
s>            ( - 8.892e+02 1 0)
s>            ( QUESTION0_8_R 1 3.092e+02 7.112e+01 2.290e+01
s>                ( - 1.921e+02 1 0)
s>                ( - 4.604e+01 1 0))))INFO: dtree.c(1439): stop. leaf nodes are specific
INFO: dtree.c(1478): Final simple tree
|( QUESTION0_16_R 1 5.999e+03 1.462e+02 3.816e+02
|    ( QUESTION0_17_R 1 8.548e+02 8.290e+01 6.196e+01
|        ( - 1.385e+02 1 0)
|        ( - 6.334e+02 1 0))
|    ( QUESTION0_10_R 1 4.998e+03 1.261e+02 3.196e+02
|        ( - 3.904e+03 1 0)
|        ( QUESTION0_8_R 1 9.680e+02 1.066e+02 6.686e+01
|            ( - 4.403e+02 1 0)
|            ( - 4.211e+02 1 0))))
s>    ( QUESTION0_16_R 1 5.999e+03 1.462e+02 3.816e+02
s>        ( QUESTION0_17_R 1 8.548e+02 8.290e+01 6.196e+01
s>            ( - 1.385e+02 1 0)
s>            ( - 6.334e+02 1 0))
s>        ( QUESTION0_10_R 1 4.998e+03 1.261e+02 3.196e+02
s>            ( - 3.904e+03 1 0)
s>            ( QUESTION0_8_R 1 9.680e+02 1.066e+02 6.686e+01
s>                ( - 4.403e+02 1 0)
s>                ( - 4.211e+02 1 0))))INFO: dtree.c(1315): Comp split 5
INFO: dtree.c(1439): stop. leaf nodes are specific
INFO: dtree.c(1478): Final simple tree
|( WDBNDRY_B 0 3.202e+02 6.583e+01 2.200e+01
|    ( - 2.084e+02 1 0)
|    ( - 4.604e+01 1 0))
s>    ( WDBNDRY_B 0 3.202e+02 6.583e+01 2.200e+01
s>        ( - 2.084e+02 1 0)
s>        ( - 4.604e+01 1 0))INFO: dtree.c(1439): stop. leaf nodes are specific
INFO: dtree.c(1478): Final simple tree
|( QUESTION0_0_R 1 1.904e+03 1.046e+02 1.252e+02
|    ( QUESTION0_1_R 1 6.341e+02 5.327e+01 4.760e+01
|        ( - 2.727e+02 1 0)
|        ( - 3.081e+02 1 0))
|    ( QUESTION0_8_R 1 1.165e+03 8.406e+01 7.757e+01
|        ( - 1.921e+02 1 0)
|        ( - 8.892e+02 1 0)))
s>    ( QUESTION0_0_R 1 1.904e+03 1.046e+02 1.252e+02
s>        ( QUESTION0_1_R 1 6.341e+02 5.327e+01 4.760e+01
s>            ( - 2.727e+02 1 0)
s>            ( - 3.081e+02 1 0))
s>        ( QUESTION0_8_R 1 1.165e+03 8.406e+01 7.757e+01
s>            ( - 1.921e+02 1 0)
s>            ( - 8.892e+02 1 0)))INFO: dtree.c(1315): Comp split 6
INFO: dtree.c(1439): stop. leaf nodes are specific
INFO: dtree.c(1478): Final simple tree
|( QUESTION0_10_R 1 4.998e+03 1.261e+02 3.196e+02
|    ( - 3.904e+03 1 0)
|    ( QUESTION0_8_R 1 9.680e+02 1.066e+02 6.686e+01
|        ( - 4.403e+02 1 0)
|        ( - 4.211e+02 1 0)))
s>    ( QUESTION0_10_R 1 4.998e+03 1.261e+02 3.196e+02
s>        ( - 3.904e+03 1 0)
s>        ( QUESTION0_8_R 1 9.680e+02 1.066e+02 6.686e+01
s>            ( - 4.403e+02 1 0)
s>            ( - 4.211e+02 1 0)))INFO: dtree.c(1439): stop. leaf nodes are specific
INFO: dtree.c(1478): Final simple tree
|( QUESTION0_17_R 1 8.548e+02 8.290e+01 6.196e+01
|    ( - 1.385e+02 1 0)
|    ( - 6.334e+02 1 0))
s>    ( QUESTION0_17_R 1 8.548e+02 8.290e+01 6.196e+01
s>        ( - 1.385e+02 1 0)
s>        ( - 6.334e+02 1 0))INFO: dtree.c(1315): Comp split 7
INFO: dtree.c(1439): stop. leaf nodes are specific
INFO: dtree.c(1478): Final simple tree
|( QUESTION4 -1 3.153e+02 7.467e+01 2.188e+01
|    ( - 1.092e+02 2 0)
|    ( QUESTION4 1 1.314e+02 3.637e+01 1.289e+01
|        ( QUESTION0_9_R 1 3.491e+01 1.159e+01 5.886e+00
|            ( - 8.239e+00 1 0)
|            ( QUESTION0_0_R 1 1.508e+01 7.041e+00 3.886e+00
|                ( - 8.039e+00 1 0)
|                ( - 0.000e+00 1 0)))
|        ( WDBNDRY_B 0 6.015e+01 2.066e+01 7.000e+00
|            ( - 8.430e+00 1 0)
|            ( SILENCE 1 3.106e+01 1.091e+01 5.000e+00
|                ( - 0.000e+00 1 0)
|                ( - 2.015e+01 1 0)))))
s>    ( QUESTION4 -1 3.153e+02 7.467e+01 2.188e+01
s>        ( - 1.092e+02 2 0)
s>        ( QUESTION4 1 1.314e+02 3.637e+01 1.289e+01
s>            ( QUESTION0_9_R 1 3.491e+01 1.159e+01 5.886e+00
s>                ( - 8.239e+00 1 0)
s>                ( QUESTION0_0_R 1 1.508e+01 7.041e+00 3.886e+00
s>                    ( - 8.039e+00 1 0)
s>                    ( - 0.000e+00 1 0)))
s>            ( WDBNDRY_B 0 6.015e+01 2.066e+01 7.000e+00
s>                ( - 8.430e+00 1 0)
s>                ( SILENCE 1 3.106e+01 1.091e+01 5.000e+00
s>                    ( - 0.000e+00 1 0)
s>                    ( - 2.015e+01 1 0)))))INFO: dtree.c(1439): stop. leaf nodes are specific
INFO: dtree.c(1478): Final simple tree
|( SILENCE -1 2.681e+02 5.186e+01 1.887e+01
|    ( - 1.726e+02 1 0)
|    ( QUESTION6 -1 4.366e+01 1.976e+01 5.000e+00
|        ( - 8.239e+00 1 0)
|        ( - 1.566e+01 1 0)))
s>    ( SILENCE -1 2.681e+02 5.186e+01 1.887e+01
s>        ( - 1.726e+02 1 0)
s>        ( QUESTION6 -1 4.366e+01 1.976e+01 5.000e+00
s>            ( - 8.239e+00 1 0)
s>            ( - 1.566e+01 1 0)))INFO: dtree.c(1315): Comp split 8
INFO: dtree.c(1315): Comp split 9
INFO: dtree.c(1439): stop. leaf nodes are specific
INFO: dtree.c(1478): Final simple tree
|( QUESTION0_8_R 1 9.680e+02 1.066e+02 6.686e+01
|    ( - 4.403e+02 1 0)
|    ( - 4.211e+02 1 0))
s>    ( QUESTION0_8_R 1 9.680e+02 1.066e+02 6.686e+01
s>        ( - 4.403e+02 1 0)
s>        ( - 4.211e+02 1 0))INFO: dtree.c(1315): Comp split 10
INFO: dtree.c(1315): Comp split 11
INFO: dtree.c(1315): Comp split 12
INFO: dtree.c(1439): stop. leaf nodes are specific
INFO: dtree.c(1478): Final simple tree
|( QUESTION0_8_R 1 1.165e+03 8.406e+01 7.757e+01
|    ( - 1.921e+02 1 0)
|    ( - 8.892e+02 1 0))
s>    ( QUESTION0_8_R 1 1.165e+03 8.406e+01 7.757e+01
s>        ( - 1.921e+02 1 0)
s>        ( - 8.892e+02 1 0))INFO: dtree.c(1439): stop. leaf nodes are specific
INFO: dtree.c(1478): Final simple tree
|( QUESTION0_1_R 1 6.341e+02 5.327e+01 4.760e+01
|    ( - 2.727e+02 1 0)
|    ( - 3.081e+02 1 0))
s>    ( QUESTION0_1_R 1 6.341e+02 5.327e+01 4.760e+01
s>        ( - 2.727e+02 1 0)
s>        ( - 3.081e+02 1 0))INFO: dtree.c(1315): Comp split 13
INFO: dtree.c(1315): Comp split 14
INFO: dtree.c(1315): Comp split 15
INFO: dtree.c(1439): stop. leaf nodes are specific
INFO: dtree.c(1478): Final simple tree
|( QUESTION4 1 1.314e+02 3.637e+01 1.289e+01
|    ( QUESTION0_9_R 1 3.491e+01 1.159e+01 5.886e+00
|        ( - 8.239e+00 1 0)
|        ( QUESTION0_0_R 1 1.508e+01 7.041e+00 3.886e+00
|            ( - 8.039e+00 1 0)
|            ( - 0.000e+00 1 0)))
|    ( WDBNDRY_B 0 6.015e+01 2.066e+01 7.000e+00
|        ( - 8.430e+00 1 0)
|        ( SILENCE 1 3.106e+01 1.091e+01 5.000e+00
|            ( - 0.000e+00 1 0)
|            ( - 2.015e+01 1 0))))
s>    ( QUESTION4 1 1.314e+02 3.637e+01 1.289e+01
s>        ( QUESTION0_9_R 1 3.491e+01 1.159e+01 5.886e+00
s>            ( - 8.239e+00 1 0)
s>            ( QUESTION0_0_R 1 1.508e+01 7.041e+00 3.886e+00
s>                ( - 8.039e+00 1 0)
s>                ( - 0.000e+00 1 0)))
s>        ( WDBNDRY_B 0 6.015e+01 2.066e+01 7.000e+00
s>            ( - 8.430e+00 1 0)
s>            ( SILENCE 1 3.106e+01 1.091e+01 5.000e+00
s>                ( - 0.000e+00 1 0)
s>                ( - 2.015e+01 1 0))))INFO: dtree.c(1315): Comp split 16
INFO: dtree.c(1315): Comp split 17
INFO: dtree.c(1315): Comp split 18
INFO: dtree.c(1439): stop. leaf nodes are specific
INFO: dtree.c(1478): Final simple tree
|( QUESTION6 -1 4.366e+01 1.976e+01 5.000e+00
|    ( - 8.239e+00 1 0)
|    ( - 1.566e+01 1 0))
s>    ( QUESTION6 -1 4.366e+01 1.976e+01 5.000e+00
s>        ( - 8.239e+00 1 0)
s>        ( - 1.566e+01 1 0))INFO: dtree.c(1315): Comp split 19
INFO: dtree.c(1439): stop. leaf nodes are specific
INFO: dtree.c(1478): Final simple tree
|( WDBNDRY_B 0 5.547e+01 1.876e+01 7.000e+00
|    ( - 8.430e+00 1 0)
|    ( QUESTION0_8_R 1 2.828e+01 8.127e+00 5.000e+00
|        ( - 0.000e+00 1 0)
|        ( - 2.015e+01 1 0)))
s>    ( WDBNDRY_B 0 5.547e+01 1.876e+01 7.000e+00
s>        ( - 8.430e+00 1 0)
s>        ( QUESTION0_8_R 1 2.828e+01 8.127e+00 5.000e+00
s>            ( - 0.000e+00 1 0)
s>            ( - 2.015e+01 1 0)))INFO: dtree.c(1439): stop. leaf nodes are specific
INFO: dtree.c(1478): Final simple tree
|( SILENCE 1 3.854e+01 1.302e+01 5.886e+00
|    ( - 0.000e+00 1 0)
|    ( QUESTION0_0_R 1 2.552e+01 9.244e+00 4.886e+00
|        ( - 8.039e+00 1 0)
|        ( - 8.239e+00 1 0)))
s>    ( SILENCE 1 3.854e+01 1.302e+01 5.886e+00
s>        ( - 0.000e+00 1 0)
s>        ( QUESTION0_0_R 1 2.552e+01 9.244e+00 4.886e+00
s>            ( - 8.039e+00 1 0)
s>            ( - 8.239e+00 1 0)))INFO: dtree.c(1315): Comp split 20
INFO: dtree.c(1315): Comp split 21
INFO: dtree.c(1439): stop. leaf nodes are specific
INFO: dtree.c(1478): Final simple tree
|( QUESTION0_8_R 1 2.828e+01 8.127e+00 5.000e+00
|    ( - 0.000e+00 1 0)
|    ( - 2.015e+01 1 0))
s>    ( QUESTION0_8_R 1 2.828e+01 8.127e+00 5.000e+00
s>        ( - 0.000e+00 1 0)
s>        ( - 2.015e+01 1 0))INFO: dtree.c(1315): Comp split 22
INFO: dtree.c(1439): stop. leaf nodes are specific
INFO: dtree.c(1478): Final simple tree
|( QUESTION0_0_R 1 2.552e+01 9.244e+00 4.886e+00
|    ( - 8.039e+00 1 0)
|    ( - 8.239e+00 1 0))
s>    ( QUESTION0_0_R 1 2.552e+01 9.244e+00 4.886e+00
s>        ( - 8.039e+00 1 0)
s>        ( - 8.239e+00 1 0))INFO: dtree.c(1315): Comp split 23
INFO: dtree.c(1315): Comp split 24
INFO: dtree.c(1315): Comp split 25
INFO: dtree.c(1318): stop. leaf nodes are specific
Sun Mar 12 05:25:07 2017
