Current configuration:
[NAME]		[DEFLT]	[VALUE]
-allphones	no	no
-cntthresh	0.00001	1.000000e-05
-csplitmax	100	2000
-csplitmin	1	1
-csplitthr	8e-4	0.000000e+00
-example	no	no
-fullvar	no	no
-help		no	no
-meanfn			
-mixwfn			/home/gaurav/python-scripts/py/scripts/sphinx-source2/an4/model_parameters/an4.cd_ptm_untied/mixture_weights
-moddeffn		/home/gaurav/python-scripts/py/scripts/sphinx-source2/an4/model_architecture/an4.untied.mdef
-mwfloor	1e-4	1.000000e-08
-phone			EY
-psetfn			/home/gaurav/python-scripts/py/scripts/sphinx-source2/an4/model_architecture/an4.tree_questions
-ssplitmax	5	7
-ssplitmin	1	1
-ssplitthr	8e-4	0.000000e+00
-state			2
-stwt			1.0,0.05,0.0,
-treefn			/home/gaurav/python-scripts/py/scripts/sphinx-source2/an4/trees/an4.unpruned/EY-2.dtree
-ts2cbfn	.semi.	.semi.
-varfloor	0.00001	1.000000e-05
-varfn			

INFO: main.c(223): Reading: /home/gaurav/python-scripts/py/scripts/sphinx-source2/an4/model_architecture/an4.untied.mdef
INFO: model_def_io.c(573): Model definition info:
INFO: model_def_io.c(574): 1618 total models defined (34 base, 1584 tri)
INFO: model_def_io.c(575): 6472 total states
INFO: model_def_io.c(576): 4854 total tied states
INFO: model_def_io.c(577): 102 total tied CI states
INFO: model_def_io.c(578): 34 total tied transition matrices
INFO: model_def_io.c(579): 4 max state/model
INFO: model_def_io.c(580): 4 min state/model
INFO: main.c(242): Building trees for [EY AH CH b] through [EY V T b]
INFO: main.c(269): Covering states |[1326 1535]| == 210
INFO: main.c(275): Reading: /home/gaurav/python-scripts/py/scripts/sphinx-source2/an4/model_parameters/an4.cd_ptm_untied/mixture_weights
INFO: s3mixw_io.c(173): Read /home/gaurav/python-scripts/py/scripts/sphinx-source2/an4/model_parameters/an4.cd_ptm_untied/mixture_weights [210x4x64 array]
INFO: main.c(311): 70 of 70 models have observation count greater than 0.000010
INFO: main.c(95): nrm stwt: 0.000 0.048 0.952 
INFO: main.c(411): 70-class entropy: 4.522880e+04
INFO: main.c(549): Reading: /home/gaurav/python-scripts/py/scripts/sphinx-source2/an4/model_architecture/an4.tree_questions
INFO: main.c(588): 180 total simple questions (172 phone; 8 word bndry)
INFO: main.c(590): 42 Left Only questions, and 42 Right Only questions
INFO: dtree.c(1478): Final simple tree
|( WDBNDRY_E 0 5.762e+04 1.503e+03 2.729e+03
|    ( SILENCE 1 1.937e+04 4.421e+02 9.083e+02
|        ( - 1.879e+03 1 0)
|        ( QUESTION1 1 1.705e+04 3.724e+02 7.990e+02
|            ( - 3.289e+03 6 0 QUESTION7 -1 3.057e+02 1.691e+02)
|            ( QUESTION0_0_R 1 1.339e+04 3.392e+02 6.299e+02
|                ( - 2.056e+03 7 0 QUESTION10 -1 2.236e+02 1.049e+02)
|                ( QUESTION0_13_R 1 1.099e+04 3.510e+02 5.249e+02
|                    ( - 4.029e+03 10 0 QUESTION0_18_R 1 3.077e+02 1.963e+02)
|                    ( - 6.614e+03 13 0 QUESTION0 1 2.741e+02 3.287e+02)))))
|    ( WDBNDRY_B 0 3.674e+04 5.637e+02 1.821e+03
|        ( QUESTION2_2_L -1 3.412e+04 4.645e+02 1.697e+03
|            ( - 2.382e+04 18 0 QUESTION1 -1 2.978e+02 1.183e+03)
|            ( - 9.840e+03 14 0 QUESTION4 -1 2.519e+02 5.143e+02))
|        ( - 2.058e+03 1 0)))
s>    ( WDBNDRY_E 0 5.762e+04 1.503e+03 2.729e+03
s>        ( SILENCE 1 1.937e+04 4.421e+02 9.083e+02
s>            ( - 1.879e+03 1 0)
s>            ( QUESTION1 1 1.705e+04 3.724e+02 7.990e+02
s>                ( - 3.289e+03 6 0 QUESTION7 -1 3.057e+02 1.691e+02)
s>                ( QUESTION0_0_R 1 1.339e+04 3.392e+02 6.299e+02
s>                    ( - 2.056e+03 7 0 QUESTION10 -1 2.236e+02 1.049e+02)
s>                    ( QUESTION0_13_R 1 1.099e+04 3.510e+02 5.249e+02
s>                        ( - 4.029e+03 10 0 QUESTION0_18_R 1 3.077e+02 1.963e+02)
s>                        ( - 6.614e+03 13 0 QUESTION0 1 2.741e+02 3.287e+02)))))
s>        ( WDBNDRY_B 0 3.674e+04 5.637e+02 1.821e+03
s>            ( QUESTION2_2_L -1 3.412e+04 4.645e+02 1.697e+03
s>                ( - 2.382e+04 18 0 QUESTION1 -1 2.978e+02 1.183e+03)
s>                ( - 9.840e+03 14 0 QUESTION4 -1 2.519e+02 5.143e+02))
s>            ( - 2.058e+03 1 0)))INFO: dtree.c(1315): Comp split 0
INFO: dtree.c(1478): Final simple tree
|( SILENCE 1 1.937e+04 4.421e+02 9.083e+02
|    ( - 1.879e+03 1 0)
|    ( QUESTION1 1 1.705e+04 3.724e+02 7.990e+02
|        ( QUESTION7 -1 3.289e+03 3.057e+02 1.691e+02
|            ( - 2.006e+03 3 0 QUESTION0_0_R 1 2.317e+02 1.104e+02)
|            ( - 9.781e+02 3 0 QUESTION0_0_R 1 1.237e+02 5.868e+01))
|        ( QUESTION0_0_R 1 1.339e+04 3.392e+02 6.299e+02
|            ( - 2.056e+03 7 0 QUESTION10 -1 2.236e+02 1.049e+02)
|            ( QUESTION0_13_R 1 1.099e+04 3.510e+02 5.249e+02
|                ( QUESTION0_18_R 1 4.029e+03 3.077e+02 1.963e+02
|                    ( - 9.439e+02 4 0 QUESTION7 1 1.335e+02 5.398e+01)
|                    ( - 2.777e+03 6 0 QUESTION7 -1 2.499e+02 1.423e+02))
|                ( QUESTION0 1 6.614e+03 2.741e+02 3.287e+02
|                    ( - 1.661e+03 4 0 QUESTION7 -1 1.591e+02 9.000e+01)
|                    ( - 4.679e+03 9 0 QUESTION0_11_R 1 2.404e+02 2.387e+02))))))
s>    ( SILENCE 1 1.937e+04 4.421e+02 9.083e+02
s>        ( - 1.879e+03 1 0)
s>        ( QUESTION1 1 1.705e+04 3.724e+02 7.990e+02
s>            ( QUESTION7 -1 3.289e+03 3.057e+02 1.691e+02
s>                ( - 2.006e+03 3 0 QUESTION0_0_R 1 2.317e+02 1.104e+02)
s>                ( - 9.781e+02 3 0 QUESTION0_0_R 1 1.237e+02 5.868e+01))
s>            ( QUESTION0_0_R 1 1.339e+04 3.392e+02 6.299e+02
s>                ( - 2.056e+03 7 0 QUESTION10 -1 2.236e+02 1.049e+02)
s>                ( QUESTION0_13_R 1 1.099e+04 3.510e+02 5.249e+02
s>                    ( QUESTION0_18_R 1 4.029e+03 3.077e+02 1.963e+02
s>                        ( - 9.439e+02 4 0 QUESTION7 1 1.335e+02 5.398e+01)
s>                        ( - 2.777e+03 6 0 QUESTION7 -1 2.499e+02 1.423e+02))
s>                    ( QUESTION0 1 6.614e+03 2.741e+02 3.287e+02
s>                        ( - 1.661e+03 4 0 QUESTION7 -1 1.591e+02 9.000e+01)
s>                        ( - 4.679e+03 9 0 QUESTION0_11_R 1 2.404e+02 2.387e+02))))))INFO: dtree.c(1478): Final simple tree
|( WDBNDRY_B 0 3.674e+04 5.637e+02 1.821e+03
|    ( QUESTION2_2_L -1 3.412e+04 4.645e+02 1.697e+03
|        ( QUESTION1 -1 2.382e+04 2.978e+02 1.183e+03
|            ( QUESTION0_11_R 1 1.579e+04 2.720e+02 7.857e+02
|                ( - 1.081e+04 2 0)
|                ( - 4.709e+03 2 0))
|            ( QUESTION5 -1 7.731e+03 2.471e+02 3.969e+02
|                ( - 1.939e+03 6 0 QUESTION2_5_L -1 2.062e+02 1.062e+02)
|                ( - 5.545e+03 8 0 QUESTION0 -1 1.918e+02 2.907e+02)))
|        ( QUESTION4 -1 9.840e+03 2.519e+02 5.143e+02
|            ( - 4.082e+03 4 0 QUESTION0_11_R 1 1.877e+02 2.152e+02)
|            ( QUESTION0 -1 5.506e+03 2.316e+02 2.991e+02
|                ( - 8.468e+02 3 0 QUESTION2_12_L -1 1.086e+02 5.282e+01)
|                ( - 4.428e+03 7 0 QUESTION7 1 2.052e+02 2.463e+02))))
|    ( - 2.058e+03 1 0))
s>    ( WDBNDRY_B 0 3.674e+04 5.637e+02 1.821e+03
s>        ( QUESTION2_2_L -1 3.412e+04 4.645e+02 1.697e+03
s>            ( QUESTION1 -1 2.382e+04 2.978e+02 1.183e+03
s>                ( QUESTION0_11_R 1 1.579e+04 2.720e+02 7.857e+02
s>                    ( - 1.081e+04 2 0)
s>                    ( - 4.709e+03 2 0))
s>                ( QUESTION5 -1 7.731e+03 2.471e+02 3.969e+02
s>                    ( - 1.939e+03 6 0 QUESTION2_5_L -1 2.062e+02 1.062e+02)
s>                    ( - 5.545e+03 8 0 QUESTION0 -1 1.918e+02 2.907e+02)))
s>            ( QUESTION4 -1 9.840e+03 2.519e+02 5.143e+02
s>                ( - 4.082e+03 4 0 QUESTION0_11_R 1 1.877e+02 2.152e+02)
s>                ( QUESTION0 -1 5.506e+03 2.316e+02 2.991e+02
s>                    ( - 8.468e+02 3 0 QUESTION2_12_L -1 1.086e+02 5.282e+01)
s>                    ( - 4.428e+03 7 0 QUESTION7 1 2.052e+02 2.463e+02))))
s>        ( - 2.058e+03 1 0))INFO: dtree.c(1315): Comp split 1
INFO: dtree.c(1478): Final simple tree
|( QUESTION2_2_L -1 3.412e+04 4.645e+02 1.697e+03
|    ( QUESTION1 -1 2.382e+04 2.978e+02 1.183e+03
|        ( QUESTION0_11_R 1 1.579e+04 2.720e+02 7.857e+02
|            ( - 1.081e+04 2 0)
|            ( - 4.709e+03 2 0))
|        ( QUESTION5 -1 7.731e+03 2.471e+02 3.969e+02
|            ( QUESTION2_5_L -1 1.939e+03 2.062e+02 1.062e+02
|                ( - 7.011e+02 1 0)
|                ( - 1.031e+03 5 0 QUESTION0_11_R 1 9.669e+01 6.295e+01))
|            ( - 5.545e+03 8 0 QUESTION0 -1 1.918e+02 2.907e+02)))
|    ( QUESTION4 -1 9.840e+03 2.519e+02 5.143e+02
|        ( - 4.082e+03 4 0 QUESTION0_11_R 1 1.877e+02 2.152e+02)
|        ( QUESTION0 -1 5.506e+03 2.316e+02 2.991e+02
|            ( - 8.468e+02 3 0 QUESTION2_12_L -1 1.086e+02 5.282e+01)
|            ( - 4.428e+03 7 0 QUESTION7 1 2.052e+02 2.463e+02))))
s>    ( QUESTION2_2_L -1 3.412e+04 4.645e+02 1.697e+03
s>        ( QUESTION1 -1 2.382e+04 2.978e+02 1.183e+03
s>            ( QUESTION0_11_R 1 1.579e+04 2.720e+02 7.857e+02
s>                ( - 1.081e+04 2 0)
s>                ( - 4.709e+03 2 0))
s>            ( QUESTION5 -1 7.731e+03 2.471e+02 3.969e+02
s>                ( QUESTION2_5_L -1 1.939e+03 2.062e+02 1.062e+02
s>                    ( - 7.011e+02 1 0)
s>                    ( - 1.031e+03 5 0 QUESTION0_11_R 1 9.669e+01 6.295e+01))
s>                ( - 5.545e+03 8 0 QUESTION0 -1 1.918e+02 2.907e+02)))
s>        ( QUESTION4 -1 9.840e+03 2.519e+02 5.143e+02
s>            ( - 4.082e+03 4 0 QUESTION0_11_R 1 1.877e+02 2.152e+02)
s>            ( QUESTION0 -1 5.506e+03 2.316e+02 2.991e+02
s>                ( - 8.468e+02 3 0 QUESTION2_12_L -1 1.086e+02 5.282e+01)
s>                ( - 4.428e+03 7 0 QUESTION7 1 2.052e+02 2.463e+02))))INFO: dtree.c(1315): Comp split 2
INFO: dtree.c(1439): stop. leaf nodes are specific
INFO: dtree.c(1478): Final simple tree
|( QUESTION0_11_R 1 1.672e+04 2.841e+02 8.290e+02
|    ( - 1.081e+04 2 0)
|    ( QUESTION0 -1 5.626e+03 2.155e+02 2.848e+02
|        ( - 4.709e+03 2 0)
|        ( - 7.011e+02 1 0)))
s>    ( QUESTION0_11_R 1 1.672e+04 2.841e+02 8.290e+02
s>        ( - 1.081e+04 2 0)
s>        ( QUESTION0 -1 5.626e+03 2.155e+02 2.848e+02
s>            ( - 4.709e+03 2 0)
s>            ( - 7.011e+02 1 0)))INFO: dtree.c(1478): Final simple tree
|( QUESTION0_11_R 1 1.690e+04 3.079e+02 8.680e+02
|    ( SILENCE -1 3.899e+03 1.849e+02 2.174e+02
|        ( - 1.280e+03 1 0)
|        ( - 2.434e+03 12 0 QUESTION2_0_L -1 1.576e+02 1.388e+02))
|    ( QUESTION2_0_L -1 1.269e+04 2.647e+02 6.506e+02
|        ( QUESTION0 -1 1.034e+04 2.303e+02 5.286e+02
|            ( - 2.822e+03 3 0)
|            ( QUESTION2_5_L -1 7.293e+03 2.058e+02 3.745e+02
|                ( - 1.866e+03 1 0)
|                ( QUESTION6 -1 5.221e+03 2.119e+02 2.708e+02
|                    ( - 7.059e+02 2 0 QUESTION8 -1 9.732e+01 4.462e+01)
|                    ( QUESTION4 -1 4.304e+03 1.808e+02 2.262e+02
|                        ( - 3.319e+03 2 0)
|                        ( - 8.040e+02 2 0 QUESTION2_9_L -1 6.171e+01 5.095e+01)))))
|        ( - 2.080e+03 4 0 SILENCE -1 1.515e+02 1.221e+02)))
s>    ( QUESTION0_11_R 1 1.690e+04 3.079e+02 8.680e+02
s>        ( SILENCE -1 3.899e+03 1.849e+02 2.174e+02
s>            ( - 1.280e+03 1 0)
s>            ( - 2.434e+03 12 0 QUESTION2_0_L -1 1.576e+02 1.388e+02))
s>        ( QUESTION2_0_L -1 1.269e+04 2.647e+02 6.506e+02
s>            ( QUESTION0 -1 1.034e+04 2.303e+02 5.286e+02
s>                ( - 2.822e+03 3 0)
s>                ( QUESTION2_5_L -1 7.293e+03 2.058e+02 3.745e+02
s>                    ( - 1.866e+03 1 0)
s>                    ( QUESTION6 -1 5.221e+03 2.119e+02 2.708e+02
s>                        ( - 7.059e+02 2 0 QUESTION8 -1 9.732e+01 4.462e+01)
s>                        ( QUESTION4 -1 4.304e+03 1.808e+02 2.262e+02
s>                            ( - 3.319e+03 2 0)
s>                            ( - 8.040e+02 2 0 QUESTION2_9_L -1 6.171e+01 5.095e+01)))))
s>            ( - 2.080e+03 4 0 SILENCE -1 1.515e+02 1.221e+02)))INFO: dtree.c(1315): Comp split 3
INFO: dtree.c(1439): stop. leaf nodes are specific
INFO: dtree.c(1478): Final simple tree
|( QUESTION5 1 4.981e+03 3.418e+02 2.517e+02
|    ( QUESTION7 -1 2.138e+03 2.151e+02 1.112e+02
|        ( QUESTION0_14_R 1 1.254e+03 1.081e+02 7.119e+01
|            ( - 1.053e+03 1 0)
|            ( - 9.237e+01 1 0))
|        ( QUESTION0_14_R 1 6.691e+02 1.122e+02 4.003e+01
|            ( - 2.691e+02 1 0)
|            ( QUESTION0_16_R 1 2.879e+02 6.797e+01 2.100e+01
|                ( - 6.860e+01 1 0)
|                ( - 1.513e+02 1 0))))
|    ( SILENCE 1 2.501e+03 1.819e+02 1.405e+02
|        ( - 1.879e+03 1 0)
|        ( - 4.408e+02 1 0)))
s>    ( QUESTION5 1 4.981e+03 3.418e+02 2.517e+02
s>        ( QUESTION7 -1 2.138e+03 2.151e+02 1.112e+02
s>            ( QUESTION0_14_R 1 1.254e+03 1.081e+02 7.119e+01
s>                ( - 1.053e+03 1 0)
s>                ( - 9.237e+01 1 0))
s>            ( QUESTION0_14_R 1 6.691e+02 1.122e+02 4.003e+01
s>                ( - 2.691e+02 1 0)
s>                ( QUESTION0_16_R 1 2.879e+02 6.797e+01 2.100e+01
s>                    ( - 6.860e+01 1 0)
s>                    ( - 1.513e+02 1 0))))
s>        ( SILENCE 1 2.501e+03 1.819e+02 1.405e+02
s>            ( - 1.879e+03 1 0)
s>            ( - 4.408e+02 1 0)))INFO: dtree.c(1478): Final simple tree
|( QUESTION0 1 1.391e+04 3.646e+02 6.567e+02
|    ( QUESTION0_1_R 1 6.695e+03 3.430e+02 3.210e+02
|        ( QUESTION7 -1 2.128e+03 2.557e+02 1.188e+02
|            ( - 1.192e+03 1 0)
|            ( - 6.805e+02 1 0))
|        ( QUESTION7 -1 4.224e+03 2.777e+02 2.022e+02
|            ( QUESTION1 1 2.775e+03 2.514e+02 1.372e+02
|                ( - 5.822e+02 2 0)
|                ( - 1.941e+03 5 0 QUESTION0_0_R 1 1.797e+02 1.010e+02))
|            ( - 1.171e+03 4 0 QUESTION0_0_R 1 1.676e+02 6.498e+01)))
|    ( QUESTION0_8_R 1 6.849e+03 2.789e+02 3.356e+02
|        ( - 1.644e+03 2 0 QUESTION7 -1 1.814e+02 9.368e+01)
|        ( QUESTION7 1 4.926e+03 2.769e+02 2.420e+02
|            ( - 2.896e+03 7 0 QUESTION8 1 2.414e+02 1.480e+02)
|            ( - 1.753e+03 8 0 QUESTION0_13_R 1 1.808e+02 9.396e+01))))
s>    ( QUESTION0 1 1.391e+04 3.646e+02 6.567e+02
s>        ( QUESTION0_1_R 1 6.695e+03 3.430e+02 3.210e+02
s>            ( QUESTION7 -1 2.128e+03 2.557e+02 1.188e+02
s>                ( - 1.192e+03 1 0)
s>                ( - 6.805e+02 1 0))
s>            ( QUESTION7 -1 4.224e+03 2.777e+02 2.022e+02
s>                ( QUESTION1 1 2.775e+03 2.514e+02 1.372e+02
s>                    ( - 5.822e+02 2 0)
s>                    ( - 1.941e+03 5 0 QUESTION0_0_R 1 1.797e+02 1.010e+02))
s>                ( - 1.171e+03 4 0 QUESTION0_0_R 1 1.676e+02 6.498e+01)))
s>        ( QUESTION0_8_R 1 6.849e+03 2.789e+02 3.356e+02
s>            ( - 1.644e+03 2 0 QUESTION7 -1 1.814e+02 9.368e+01)
s>            ( QUESTION7 1 4.926e+03 2.769e+02 2.420e+02
s>                ( - 2.896e+03 7 0 QUESTION8 1 2.414e+02 1.480e+02)
s>                ( - 1.753e+03 8 0 QUESTION0_13_R 1 1.808e+02 9.396e+01))))INFO: dtree.c(1315): Comp split 4
INFO: dtree.c(1478): Final simple tree
|( QUESTION0_8_R 1 9.114e+03 3.285e+02 4.366e+02
|    ( QUESTION7 -1 3.203e+03 2.769e+02 1.667e+02
|        ( QUESTION0 1 1.731e+03 1.580e+02 9.363e+01
|            ( - 1.305e+03 3 0)
|            ( - 2.677e+02 1 0))
|        ( - 1.195e+03 1 0))
|    ( QUESTION7 1 5.582e+03 3.027e+02 2.700e+02
|        ( QUESTION8 1 2.896e+03 2.414e+02 1.480e+02
|            ( - 7.383e+02 4 0 QUESTION0_10_R 1 9.524e+01 4.400e+01)
|            ( - 1.916e+03 3 0 QUESTION7 -1 1.455e+02 1.040e+02))
|        ( QUESTION5 1 2.384e+03 2.259e+02 1.220e+02
|            ( QUESTION0_10_R 1 1.135e+03 1.603e+02 6.497e+01
|                ( - 3.706e+02 2 0 QUESTION7 -1 6.045e+01 2.600e+01)
|                ( - 6.041e+02 4 0 QUESTION7 -1 1.093e+02 3.897e+01))
|            ( - 1.023e+03 4 0 QUESTION6 -1 1.271e+02 5.700e+01))))
s>    ( QUESTION0_8_R 1 9.114e+03 3.285e+02 4.366e+02
s>        ( QUESTION7 -1 3.203e+03 2.769e+02 1.667e+02
s>            ( QUESTION0 1 1.731e+03 1.580e+02 9.363e+01
s>                ( - 1.305e+03 3 0)
s>                ( - 2.677e+02 1 0))
s>            ( - 1.195e+03 1 0))
s>        ( QUESTION7 1 5.582e+03 3.027e+02 2.700e+02
s>            ( QUESTION8 1 2.896e+03 2.414e+02 1.480e+02
s>                ( - 7.383e+02 4 0 QUESTION0_10_R 1 9.524e+01 4.400e+01)
s>                ( - 1.916e+03 3 0 QUESTION7 -1 1.455e+02 1.040e+02))
s>            ( QUESTION5 1 2.384e+03 2.259e+02 1.220e+02
s>                ( QUESTION0_10_R 1 1.135e+03 1.603e+02 6.497e+01
s>                    ( - 3.706e+02 2 0 QUESTION7 -1 6.045e+01 2.600e+01)
s>                    ( - 6.041e+02 4 0 QUESTION7 -1 1.093e+02 3.897e+01))
s>                ( - 1.023e+03 4 0 QUESTION6 -1 1.271e+02 5.700e+01))))INFO: dtree.c(1439): stop. leaf nodes are specific
INFO: dtree.c(1478): Final simple tree
|( QUESTION0_1_R 1 4.375e+03 2.838e+02 2.200e+02
|    ( QUESTION7 -1 2.128e+03 2.557e+02 1.188e+02
|        ( - 1.192e+03 1 0)
|        ( - 6.805e+02 1 0))
|    ( QUESTION1 1 1.963e+03 2.229e+02 1.012e+02
|        ( QUESTION7 -1 8.826e+02 1.265e+02 5.026e+01
|            ( - 5.822e+02 2 0)
|            ( - 1.739e+02 2 0))
|        ( QUESTION0_0_R 1 8.577e+02 1.405e+02 5.094e+01
|            ( - 5.208e+02 1 0)
|            ( - 1.964e+02 1 0))))
s>    ( QUESTION0_1_R 1 4.375e+03 2.838e+02 2.200e+02
s>        ( QUESTION7 -1 2.128e+03 2.557e+02 1.188e+02
s>            ( - 1.192e+03 1 0)
s>            ( - 6.805e+02 1 0))
s>        ( QUESTION1 1 1.963e+03 2.229e+02 1.012e+02
s>            ( QUESTION7 -1 8.826e+02 1.265e+02 5.026e+01
s>                ( - 5.822e+02 2 0)
s>                ( - 1.739e+02 2 0))
s>            ( QUESTION0_0_R 1 8.577e+02 1.405e+02 5.094e+01
s>                ( - 5.208e+02 1 0)
s>                ( - 1.964e+02 1 0))))INFO: dtree.c(1315): Comp split 5
INFO: dtree.c(1478): Final simple tree
|( QUESTION0_0_R 1 3.779e+03 2.508e+02 1.866e+02
|    ( QUESTION7 -1 1.311e+03 1.638e+02 7.098e+01
|        ( QUESTION0_3_R 1 8.408e+02 1.045e+02 4.800e+01
|            ( - 4.562e+02 2 0)
|            ( - 2.801e+02 2 0 QUESTION0_1_R 1 5.215e+01 2.000e+01))
|        ( - 3.068e+02 2 0 QUESTION0_1_R 1 6.837e+01 2.298e+01))
|    ( QUESTION10 1 2.217e+03 1.975e+02 1.156e+02
|        ( QUESTION0_10_R 1 8.723e+02 1.524e+02 5.098e+01
|            ( - 3.706e+02 2 0 QUESTION7 -1 6.045e+01 2.600e+01)
|            ( - 3.493e+02 2 0 QUESTION7 -1 6.693e+01 2.498e+01))
|        ( QUESTION0_8_R 1 1.147e+03 1.414e+02 6.464e+01
|            ( - 2.677e+02 1 0)
|            ( QUESTION0_10_R 1 7.383e+02 9.524e+01 4.400e+01
|                ( - 1.819e+02 2 0 QUESTION7 -1 2.833e+01 1.500e+01)
|                ( - 4.612e+02 2 0 QUESTION7 -1 7.904e+01 2.900e+01)))))
s>    ( QUESTION0_0_R 1 3.779e+03 2.508e+02 1.866e+02
s>        ( QUESTION7 -1 1.311e+03 1.638e+02 7.098e+01
s>            ( QUESTION0_3_R 1 8.408e+02 1.045e+02 4.800e+01
s>                ( - 4.562e+02 2 0)
s>                ( - 2.801e+02 2 0 QUESTION0_1_R 1 5.215e+01 2.000e+01))
s>            ( - 3.068e+02 2 0 QUESTION0_1_R 1 6.837e+01 2.298e+01))
s>        ( QUESTION10 1 2.217e+03 1.975e+02 1.156e+02
s>            ( QUESTION0_10_R 1 8.723e+02 1.524e+02 5.098e+01
s>                ( - 3.706e+02 2 0 QUESTION7 -1 6.045e+01 2.600e+01)
s>                ( - 3.493e+02 2 0 QUESTION7 -1 6.693e+01 2.498e+01))
s>            ( QUESTION0_8_R 1 1.147e+03 1.414e+02 6.464e+01
s>                ( - 2.677e+02 1 0)
s>                ( QUESTION0_10_R 1 7.383e+02 9.524e+01 4.400e+01
s>                    ( - 1.819e+02 2 0 QUESTION7 -1 2.833e+01 1.500e+01)
s>                    ( - 4.612e+02 2 0 QUESTION7 -1 7.904e+01 2.900e+01)))))INFO: dtree.c(1439): stop. leaf nodes are specific
INFO: dtree.c(1478): Final simple tree
|( QUESTION0 1 4.900e+03 2.726e+02 2.500e+02
|    ( - 1.305e+03 3 0)
|    ( QUESTION7 -1 3.322e+03 2.276e+02 1.770e+02
|        ( - 1.695e+03 1 0)
|        ( QUESTION0_8_R 1 1.400e+03 1.291e+02 8.204e+01
|            ( - 1.195e+03 1 0)
|            ( QUESTION6 -1 7.563e+01 2.060e+01 9.000e+00
|                ( - 3.683e+01 1 0)
|                ( - 1.819e+01 1 0)))))
s>    ( QUESTION0 1 4.900e+03 2.726e+02 2.500e+02
s>        ( - 1.305e+03 3 0)
s>        ( QUESTION7 -1 3.322e+03 2.276e+02 1.770e+02
s>            ( - 1.695e+03 1 0)
s>            ( QUESTION0_8_R 1 1.400e+03 1.291e+02 8.204e+01
s>                ( - 1.195e+03 1 0)
s>                ( QUESTION6 -1 7.563e+01 2.060e+01 9.000e+00
s>                    ( - 3.683e+01 1 0)
s>                    ( - 1.819e+01 1 0)))))INFO: dtree.c(1315): Comp split 6
INFO: dtree.c(1439): stop. leaf nodes are specific
INFO: dtree.c(1478): Final simple tree
|( QUESTION0_14_R 1 1.411e+03 1.465e+02 7.919e+01
|    ( - 1.053e+03 1 0)
|    ( QUESTION0_16_R 1 2.114e+02 5.042e+01 1.800e+01
|        ( - 6.860e+01 1 0)
|        ( - 9.237e+01 1 0)))
s>    ( QUESTION0_14_R 1 1.411e+03 1.465e+02 7.919e+01
s>        ( - 1.053e+03 1 0)
s>        ( QUESTION0_16_R 1 2.114e+02 5.042e+01 1.800e+01
s>            ( - 6.860e+01 1 0)
s>            ( - 9.237e+01 1 0)))INFO: dtree.c(1439): stop. leaf nodes are specific
INFO: dtree.c(1478): Final simple tree
|( SILENCE 1 3.191e+03 2.101e+02 1.725e+02
|    ( - 1.879e+03 1 0)
|    ( QUESTION0_16_R 1 1.102e+03 1.539e+02 6.309e+01
|        ( - 4.408e+02 1 0)
|        ( QUESTION0_14_R 1 5.069e+02 8.645e+01 3.203e+01
|            ( - 2.691e+02 1 0)
|            ( - 1.513e+02 1 0))))
s>    ( SILENCE 1 3.191e+03 2.101e+02 1.725e+02
s>        ( - 1.879e+03 1 0)
s>        ( QUESTION0_16_R 1 1.102e+03 1.539e+02 6.309e+01
s>            ( - 4.408e+02 1 0)
s>            ( QUESTION0_14_R 1 5.069e+02 8.645e+01 3.203e+01
s>                ( - 2.691e+02 1 0)
s>                ( - 1.513e+02 1 0))))INFO: dtree.c(1315): Comp split 7
INFO: dtree.c(1439): stop. leaf nodes are specific
INFO: dtree.c(1478): Final simple tree
|( QUESTION0_0_R 1 1.493e+03 1.054e+02 9.117e+01
|    ( - 1.192e+03 1 0)
|    ( - 1.964e+02 1 0))
s>    ( QUESTION0_0_R 1 1.493e+03 1.054e+02 9.117e+01
s>        ( - 1.192e+03 1 0)
s>        ( - 1.964e+02 1 0))INFO: dtree.c(1439): stop. leaf nodes are specific
INFO: dtree.c(1478): Final simple tree
|( QUESTION0_2_R 1 2.511e+03 2.319e+02 1.289e+02
|    ( - 5.208e+02 1 0)
|    ( QUESTION7 -1 1.759e+03 1.983e+02 9.491e+01
|        ( - 5.822e+02 2 0)
|        ( QUESTION0_0_R 1 9.781e+02 1.237e+02 5.868e+01
|            ( - 6.805e+02 1 0)
|            ( - 1.739e+02 2 0))))
s>    ( QUESTION0_2_R 1 2.511e+03 2.319e+02 1.289e+02
s>        ( - 5.208e+02 1 0)
s>        ( QUESTION7 -1 1.759e+03 1.983e+02 9.491e+01
s>            ( - 5.822e+02 2 0)
s>            ( QUESTION0_0_R 1 9.781e+02 1.237e+02 5.868e+01
s>                ( - 6.805e+02 1 0)
s>                ( - 1.739e+02 2 0))))INFO: dtree.c(1315): Comp split 8
INFO: dtree.c(1478): Final simple tree
|( SILENCE -1 1.079e+04 2.556e+02 5.657e+02
|    ( QUESTION0_11_R 1 2.239e+03 1.629e+02 1.301e+02
|        ( - 1.280e+03 1 0)
|        ( - 7.956e+02 2 0 QUESTION0_10_R 1 4.867e+01 5.148e+01))
|    ( QUESTION5 -1 8.293e+03 2.313e+02 4.356e+02
|        ( QUESTION20 -1 2.343e+03 1.766e+02 1.346e+02
|            ( - 9.806e+02 4 0 QUESTION2_9_L -1 8.949e+01 5.995e+01)
|            ( - 1.186e+03 3 0 QUESTION0_11_R 1 8.526e+01 7.460e+01))
|        ( QUESTION0_11_R 1 5.719e+03 2.196e+02 3.011e+02
|            ( QUESTION2_2_L -1 1.987e+03 1.368e+02 1.148e+02
|                ( - 5.012e+02 4 0 QUESTION0 -1 7.360e+01 3.300e+01)
|                ( QUESTION0 -1 1.349e+03 1.167e+02 8.182e+01
|                    ( - 6.569e+02 2 0 QUESTION2_12_L -1 8.245e+01 4.182e+01)
|                    ( - 5.757e+02 2 0)))
|            ( - 3.512e+03 3 0 QUESTION0 -1 9.395e+01 1.862e+02))))
s>    ( SILENCE -1 1.079e+04 2.556e+02 5.657e+02
s>        ( QUESTION0_11_R 1 2.239e+03 1.629e+02 1.301e+02
s>            ( - 1.280e+03 1 0)
s>            ( - 7.956e+02 2 0 QUESTION0_10_R 1 4.867e+01 5.148e+01))
s>        ( QUESTION5 -1 8.293e+03 2.313e+02 4.356e+02
s>            ( QUESTION20 -1 2.343e+03 1.766e+02 1.346e+02
s>                ( - 9.806e+02 4 0 QUESTION2_9_L -1 8.949e+01 5.995e+01)
s>                ( - 1.186e+03 3 0 QUESTION0_11_R 1 8.526e+01 7.460e+01))
s>            ( QUESTION0_11_R 1 5.719e+03 2.196e+02 3.011e+02
s>                ( QUESTION2_2_L -1 1.987e+03 1.368e+02 1.148e+02
s>                    ( - 5.012e+02 4 0 QUESTION0 -1 7.360e+01 3.300e+01)
s>                    ( QUESTION0 -1 1.349e+03 1.167e+02 8.182e+01
s>                        ( - 6.569e+02 2 0 QUESTION2_12_L -1 8.245e+01 4.182e+01)
s>                        ( - 5.757e+02 2 0)))
s>                ( - 3.512e+03 3 0 QUESTION0 -1 9.395e+01 1.862e+02))))INFO: dtree.c(1439): stop. leaf nodes are specific
INFO: dtree.c(1478): Final simple tree
|( QUESTION0 -1 5.742e+03 2.114e+02 3.024e+02
|    ( - 2.822e+03 3 0)
|    ( QUESTION4 -1 2.709e+03 1.374e+02 1.483e+02
|        ( - 1.866e+03 1 0)
|        ( QUESTION8 -1 7.059e+02 9.732e+01 4.462e+01
|            ( - 1.688e+02 1 0)
|            ( - 4.398e+02 1 0))))
s>    ( QUESTION0 -1 5.742e+03 2.114e+02 3.024e+02
s>        ( - 2.822e+03 3 0)
s>        ( QUESTION4 -1 2.709e+03 1.374e+02 1.483e+02
s>            ( - 1.866e+03 1 0)
s>            ( QUESTION8 -1 7.059e+02 9.732e+01 4.462e+01
s>                ( - 1.688e+02 1 0)
s>                ( - 4.398e+02 1 0))))INFO: dtree.c(1315): Comp split 9
INFO: dtree.c(1478): Final simple tree
|( QUESTION0_11_R 1 6.883e+03 2.163e+02 3.610e+02
|    ( QUESTION2_2_L -1 2.166e+03 1.506e+02 1.238e+02
|        ( QUESTION0 -1 6.665e+02 9.092e+01 4.200e+01
|            ( - 3.248e+02 3 0)
|            ( - 2.507e+02 3 0 QUESTION4 -1 5.649e+01 1.800e+01))
|        ( QUESTION0 -1 1.349e+03 1.167e+02 8.182e+01
|            ( QUESTION2_12_L -1 6.569e+02 8.245e+01 4.182e+01
|                ( - 1.771e+02 1 0)
|                ( - 3.973e+02 1 0))
|            ( - 5.757e+02 2 0)))
|    ( QUESTION5 -1 4.500e+03 1.837e+02 2.372e+02
|        ( - 8.040e+02 2 0 QUESTION2_9_L -1 6.171e+01 5.095e+01)
|        ( QUESTION0 -1 3.512e+03 9.395e+01 1.862e+02
|            ( - 9.942e+01 1 0)
|            ( - 3.319e+03 2 0))))
s>    ( QUESTION0_11_R 1 6.883e+03 2.163e+02 3.610e+02
s>        ( QUESTION2_2_L -1 2.166e+03 1.506e+02 1.238e+02
s>            ( QUESTION0 -1 6.665e+02 9.092e+01 4.200e+01
s>                ( - 3.248e+02 3 0)
s>                ( - 2.507e+02 3 0 QUESTION4 -1 5.649e+01 1.800e+01))
s>            ( QUESTION0 -1 1.349e+03 1.167e+02 8.182e+01
s>                ( QUESTION2_12_L -1 6.569e+02 8.245e+01 4.182e+01
s>                    ( - 1.771e+02 1 0)
s>                    ( - 3.973e+02 1 0))
s>                ( - 5.757e+02 2 0)))
s>        ( QUESTION5 -1 4.500e+03 1.837e+02 2.372e+02
s>            ( - 8.040e+02 2 0 QUESTION2_9_L -1 6.171e+01 5.095e+01)
s>            ( QUESTION0 -1 3.512e+03 9.395e+01 1.862e+02
s>                ( - 9.942e+01 1 0)
s>                ( - 3.319e+03 2 0))))INFO: dtree.c(1439): stop. leaf nodes are specific
INFO: dtree.c(1478): Final simple tree
|( QUESTION0_11_R 1 3.586e+03 1.969e+02 2.047e+02
|    ( SILENCE -1 1.515e+03 7.966e+01 9.359e+01
|        ( - 1.280e+03 1 0)
|        ( QUESTION7 -1 1.546e+02 2.265e+01 1.500e+01
|            ( - 1.214e+02 1 0)
|            ( - 1.060e+01 1 0)))
|    ( SILENCE -1 1.874e+03 1.325e+02 1.111e+02
|        ( QUESTION0_10_R 1 7.956e+02 4.867e+01 5.148e+01
|            ( - 7.263e+02 1 0)
|            ( - 2.061e+01 1 0))
|        ( - 9.460e+02 1 0)))
s>    ( QUESTION0_11_R 1 3.586e+03 1.969e+02 2.047e+02
s>        ( SILENCE -1 1.515e+03 7.966e+01 9.359e+01
s>            ( - 1.280e+03 1 0)
s>            ( QUESTION7 -1 1.546e+02 2.265e+01 1.500e+01
s>                ( - 1.214e+02 1 0)
s>                ( - 1.060e+01 1 0)))
s>        ( SILENCE -1 1.874e+03 1.325e+02 1.111e+02
s>            ( QUESTION0_10_R 1 7.956e+02 4.867e+01 5.148e+01
s>                ( - 7.263e+02 1 0)
s>                ( - 2.061e+01 1 0))
s>            ( - 9.460e+02 1 0)))INFO: dtree.c(1315): Comp split 10
INFO: dtree.c(1439): stop. leaf nodes are specific
INFO: dtree.c(1478): Final simple tree
|( QUESTION0_8_R 1 1.510e+03 1.288e+02 8.200e+01
|    ( - 1.305e+03 3 0)
|    ( QUESTION6 -1 7.563e+01 2.060e+01 9.000e+00
|        ( - 3.683e+01 1 0)
|        ( - 1.819e+01 1 0)))
s>    ( QUESTION0_8_R 1 1.510e+03 1.288e+02 8.200e+01
s>        ( - 1.305e+03 3 0)
s>        ( QUESTION6 -1 7.563e+01 2.060e+01 9.000e+00
s>            ( - 3.683e+01 1 0)
s>            ( - 1.819e+01 1 0)))INFO: dtree.c(1439): stop. leaf nodes are specific
INFO: dtree.c(1478): Final simple tree
|( QUESTION0_8_R 1 3.095e+03 2.047e+02 1.680e+02
|    ( - 1.195e+03 1 0)
|    ( - 1.695e+03 1 0))
s>    ( QUESTION0_8_R 1 3.095e+03 2.047e+02 1.680e+02
s>        ( - 1.195e+03 1 0)
s>        ( - 1.695e+03 1 0))INFO: dtree.c(1315): Comp split 11
INFO: dtree.c(1439): stop. leaf nodes are specific
INFO: dtree.c(1478): Final simple tree
|( QUESTION0 -1 5.626e+03 2.155e+02 2.848e+02
|    ( - 4.709e+03 2 0)
|    ( - 7.011e+02 1 0))
s>    ( QUESTION0 -1 5.626e+03 2.155e+02 2.848e+02
s>        ( - 4.709e+03 2 0)
s>        ( - 7.011e+02 1 0))INFO: dtree.c(1315): Comp split 12
INFO: dtree.c(1439): stop. leaf nodes are specific
INFO: dtree.c(1478): Final simple tree
|( QUESTION7 1 1.666e+03 1.725e+02 9.064e+01
|    ( QUESTION0_10_R 1 7.383e+02 9.524e+01 4.400e+01
|        ( QUESTION7 -1 1.819e+02 2.833e+01 1.500e+01
|            ( - 8.188e+00 1 0)
|            ( - 1.454e+02 1 0))
|        ( QUESTION7 -1 4.612e+02 7.904e+01 2.900e+01
|            ( - 2.996e+02 1 0)
|            ( - 8.251e+01 1 0)))
|    ( QUESTION0_8_R 1 7.555e+02 1.171e+02 4.664e+01
|        ( - 2.677e+02 1 0)
|        ( QUESTION7 -1 3.706e+02 6.045e+01 2.600e+01
|            ( - 1.235e+02 1 0)
|            ( - 1.867e+02 1 0))))
s>    ( QUESTION7 1 1.666e+03 1.725e+02 9.064e+01
s>        ( QUESTION0_10_R 1 7.383e+02 9.524e+01 4.400e+01
s>            ( QUESTION7 -1 1.819e+02 2.833e+01 1.500e+01
s>                ( - 8.188e+00 1 0)
s>                ( - 1.454e+02 1 0))
s>            ( QUESTION7 -1 4.612e+02 7.904e+01 2.900e+01
s>                ( - 2.996e+02 1 0)
s>                ( - 8.251e+01 1 0)))
s>        ( QUESTION0_8_R 1 7.555e+02 1.171e+02 4.664e+01
s>            ( - 2.677e+02 1 0)
s>            ( QUESTION7 -1 3.706e+02 6.045e+01 2.600e+01
s>                ( - 1.235e+02 1 0)
s>                ( - 1.867e+02 1 0))))INFO: dtree.c(1439): stop. leaf nodes are specific
INFO: dtree.c(1478): Final simple tree
|( QUESTION5 1 1.835e+03 2.080e+02 9.596e+01
|    ( QUESTION7 -1 6.041e+02 1.093e+02 3.897e+01
|        ( QUESTION0_0_R 1 2.922e+02 4.523e+01 2.198e+01
|            ( - 2.161e+01 1 0)
|            ( - 2.253e+02 1 0))
|        ( QUESTION0_0_R 1 2.026e+02 5.038e+01 1.698e+01
|            ( - 9.525e+01 1 0)
|            ( - 5.698e+01 1 0)))
|    ( QUESTION6 -1 1.023e+03 1.271e+02 5.700e+01
|        ( QUESTION0_1_R 1 7.527e+02 9.019e+01 4.400e+01
|            ( - 2.063e+02 1 0)
|            ( - 4.562e+02 2 0))
|        ( - 1.432e+02 1 0)))
s>    ( QUESTION5 1 1.835e+03 2.080e+02 9.596e+01
s>        ( QUESTION7 -1 6.041e+02 1.093e+02 3.897e+01
s>            ( QUESTION0_0_R 1 2.922e+02 4.523e+01 2.198e+01
s>                ( - 2.161e+01 1 0)
s>                ( - 2.253e+02 1 0))
s>            ( QUESTION0_0_R 1 2.026e+02 5.038e+01 1.698e+01
s>                ( - 9.525e+01 1 0)
s>                ( - 5.698e+01 1 0)))
s>        ( QUESTION6 -1 1.023e+03 1.271e+02 5.700e+01
s>            ( QUESTION0_1_R 1 7.527e+02 9.019e+01 4.400e+01
s>                ( - 2.063e+02 1 0)
s>                ( - 4.562e+02 2 0))
s>            ( - 1.432e+02 1 0)))INFO: dtree.c(1315): Comp split 13
INFO: dtree.c(1439): stop. leaf nodes are specific
INFO: dtree.c(1478): Final simple tree
|( QUESTION2_1_L -1 4.135e+03 1.390e+02 2.187e+02
|    ( - 3.319e+03 2 0)
|    ( QUESTION0 -1 6.769e+02 8.535e+01 4.346e+01
|        ( QUESTION0_11_R 1 3.409e+02 6.436e+01 2.546e+01
|            ( - 1.771e+02 1 0)
|            ( - 9.942e+01 1 0))
|        ( QUESTION4 -1 2.507e+02 5.649e+01 1.800e+01
|            ( - 1.027e+02 1 0)
|            ( QUESTION2_9_L -1 9.147e+01 2.810e+01 9.000e+00
|                ( - 4.947e+01 1 0)
|                ( - 1.391e+01 1 0)))))
s>    ( QUESTION2_1_L -1 4.135e+03 1.390e+02 2.187e+02
s>        ( - 3.319e+03 2 0)
s>        ( QUESTION0 -1 6.769e+02 8.535e+01 4.346e+01
s>            ( QUESTION0_11_R 1 3.409e+02 6.436e+01 2.546e+01
s>                ( - 1.771e+02 1 0)
s>                ( - 9.942e+01 1 0))
s>            ( QUESTION4 -1 2.507e+02 5.649e+01 1.800e+01
s>                ( - 1.027e+02 1 0)
s>                ( QUESTION2_9_L -1 9.147e+01 2.810e+01 9.000e+00
s>                    ( - 4.947e+01 1 0)
s>                    ( - 1.391e+01 1 0)))))INFO: dtree.c(1439): stop. leaf nodes are specific
INFO: dtree.c(1478): Final simple tree
|( QUESTION2_2_L -1 2.488e+03 1.747e+02 1.423e+02
|    ( QUESTION0_11_R 1 1.233e+03 1.038e+02 7.495e+01
|        ( - 3.248e+02 3 0)
|        ( QUESTION2_9_L -1 8.040e+02 6.171e+01 5.095e+01
|            ( - 2.318e+01 1 0)
|            ( - 7.192e+02 1 0)))
|    ( QUESTION0 -1 1.081e+03 1.078e+02 6.736e+01
|        ( - 3.973e+02 1 0)
|        ( - 5.757e+02 2 0)))
s>    ( QUESTION2_2_L -1 2.488e+03 1.747e+02 1.423e+02
s>        ( QUESTION0_11_R 1 1.233e+03 1.038e+02 7.495e+01
s>            ( - 3.248e+02 3 0)
s>            ( QUESTION2_9_L -1 8.040e+02 6.171e+01 5.095e+01
s>                ( - 2.318e+01 1 0)
s>                ( - 7.192e+02 1 0)))
s>        ( QUESTION0 -1 1.081e+03 1.078e+02 6.736e+01
s>            ( - 3.973e+02 1 0)
s>            ( - 5.757e+02 2 0)))INFO: dtree.c(1315): Comp split 14
INFO: dtree.c(1439): stop. leaf nodes are specific
INFO: dtree.c(1478): Final simple tree
|( QUESTION0_0_R 1 1.439e+03 1.765e+02 8.087e+01
|    ( - 6.805e+02 1 0)
|    ( - 5.822e+02 2 0))
s>    ( QUESTION0_0_R 1 1.439e+03 1.765e+02 8.087e+01
s>        ( - 6.805e+02 1 0)
s>        ( - 5.822e+02 2 0))INFO: dtree.c(1439): stop. leaf nodes are specific
INFO: dtree.c(1478): Final simple tree
|( QUESTION0_0_R 1 8.156e+02 1.210e+02 4.798e+01
|    ( - 5.208e+02 1 0)
|    ( - 1.739e+02 2 0))
s>    ( QUESTION0_0_R 1 8.156e+02 1.210e+02 4.798e+01
s>        ( - 5.208e+02 1 0)
s>        ( - 1.739e+02 2 0))INFO: dtree.c(1315): Comp split 15
INFO: dtree.c(1439): stop. leaf nodes are specific
INFO: dtree.c(1478): Final simple tree
|( QUESTION0_2_R 1 8.880e+02 1.150e+02 5.100e+01
|    ( - 4.562e+02 2 0)
|    ( QUESTION0_0_R 1 3.168e+02 5.348e+01 2.300e+01
|        ( - 2.063e+02 1 0)
|        ( - 5.698e+01 1 0)))
s>    ( QUESTION0_2_R 1 8.880e+02 1.150e+02 5.100e+01
s>        ( - 4.562e+02 2 0)
s>        ( QUESTION0_0_R 1 3.168e+02 5.348e+01 2.300e+01
s>            ( - 2.063e+02 1 0)
s>            ( - 5.698e+01 1 0)))INFO: dtree.c(1439): stop. leaf nodes are specific
INFO: dtree.c(1478): Final simple tree
|( QUESTION7 -1 7.296e+02 1.306e+02 4.497e+01
|    ( QUESTION0_0_R 1 2.922e+02 4.523e+01 2.198e+01
|        ( - 2.161e+01 1 0)
|        ( - 2.253e+02 1 0))
|    ( QUESTION0_1_R 1 3.068e+02 6.837e+01 2.298e+01
|        ( - 1.432e+02 1 0)
|        ( - 9.525e+01 1 0)))
s>    ( QUESTION7 -1 7.296e+02 1.306e+02 4.497e+01
s>        ( QUESTION0_0_R 1 2.922e+02 4.523e+01 2.198e+01
s>            ( - 2.161e+01 1 0)
s>            ( - 2.253e+02 1 0))
s>        ( QUESTION0_1_R 1 3.068e+02 6.837e+01 2.298e+01
s>            ( - 1.432e+02 1 0)
s>            ( - 9.525e+01 1 0)))INFO: dtree.c(1315): Comp split 16
INFO: dtree.c(1315): Comp split 17
INFO: dtree.c(1439): stop. leaf nodes are specific
INFO: dtree.c(1478): Final simple tree
|( QUESTION0_14_R 1 8.371e+02 1.272e+02 5.009e+01
|    ( - 2.691e+02 1 0)
|    ( - 4.408e+02 1 0))
s>    ( QUESTION0_14_R 1 8.371e+02 1.272e+02 5.009e+01
s>        ( - 2.691e+02 1 0)
s>        ( - 4.408e+02 1 0))INFO: dtree.c(1439): stop. leaf nodes are specific
INFO: dtree.c(1478): Final simple tree
|( SILENCE 1 2.142e+03 1.116e+02 1.224e+02
|    ( - 1.879e+03 1 0)
|    ( - 1.513e+02 1 0))
s>    ( SILENCE 1 2.142e+03 1.116e+02 1.224e+02
s>        ( - 1.879e+03 1 0)
s>        ( - 1.513e+02 1 0))INFO: dtree.c(1315): Comp split 18
INFO: dtree.c(1439): stop. leaf nodes are specific
INFO: dtree.c(1478): Final simple tree
|( QUESTION4 -1 2.709e+03 1.374e+02 1.483e+02
|    ( - 1.866e+03 1 0)
|    ( QUESTION8 -1 7.059e+02 9.732e+01 4.462e+01
|        ( - 1.688e+02 1 0)
|        ( - 4.398e+02 1 0)))
s>    ( QUESTION4 -1 2.709e+03 1.374e+02 1.483e+02
s>        ( - 1.866e+03 1 0)
s>        ( QUESTION8 -1 7.059e+02 9.732e+01 4.462e+01
s>            ( - 1.688e+02 1 0)
s>            ( - 4.398e+02 1 0)))INFO: dtree.c(1315): Comp split 19
INFO: dtree.c(1315): Comp split 20
INFO: dtree.c(1439): stop. leaf nodes are specific
INFO: dtree.c(1478): Final simple tree
|( QUESTION16 -1 1.987e+03 1.290e+02 1.191e+02
|    ( - 9.460e+02 1 0)
|    ( SILENCE -1 9.125e+02 6.479e+01 5.948e+01
|        ( - 7.263e+02 1 0)
|        ( - 1.214e+02 1 0)))
s>    ( QUESTION16 -1 1.987e+03 1.290e+02 1.191e+02
s>        ( - 9.460e+02 1 0)
s>        ( SILENCE -1 9.125e+02 6.479e+01 5.948e+01
s>            ( - 7.263e+02 1 0)
s>            ( - 1.214e+02 1 0)))INFO: dtree.c(1439): stop. leaf nodes are specific
INFO: dtree.c(1478): Final simple tree
|( QUESTION0_10_R 1 1.401e+03 5.629e+01 8.559e+01
|    ( SILENCE -1 1.324e+03 3.293e+01 8.159e+01
|        ( - 1.280e+03 1 0)
|        ( - 1.060e+01 1 0))
|    ( - 2.061e+01 1 0))
s>    ( QUESTION0_10_R 1 1.401e+03 5.629e+01 8.559e+01
s>        ( SILENCE -1 1.324e+03 3.293e+01 8.159e+01
s>            ( - 1.280e+03 1 0)
s>            ( - 1.060e+01 1 0))
s>        ( - 2.061e+01 1 0))INFO: dtree.c(1315): Comp split 21
INFO: dtree.c(1439): stop. leaf nodes are specific
INFO: dtree.c(1478): Final simple tree
|( QUESTION0 -1 1.153e+03 1.115e+02 7.236e+01
|    ( - 3.973e+02 1 0)
|    ( QUESTION0_11_R 1 6.438e+02 4.499e+01 4.500e+01
|        ( - 5.757e+02 2 0)
|        ( - 2.318e+01 1 0)))
s>    ( QUESTION0 -1 1.153e+03 1.115e+02 7.236e+01
s>        ( - 3.973e+02 1 0)
s>        ( QUESTION0_11_R 1 6.438e+02 4.499e+01 4.500e+01
s>            ( - 5.757e+02 2 0)
s>            ( - 2.318e+01 1 0)))INFO: dtree.c(1439): stop. leaf nodes are specific
INFO: dtree.c(1478): Final simple tree
|( QUESTION0_11_R 1 1.147e+03 1.030e+02 6.995e+01
|    ( - 3.248e+02 3 0)
|    ( - 7.192e+02 1 0))
s>    ( QUESTION0_11_R 1 1.147e+03 1.030e+02 6.995e+01
s>        ( - 3.248e+02 3 0)
s>        ( - 7.192e+02 1 0))INFO: dtree.c(1315): Comp split 22
INFO: dtree.c(1439): stop. leaf nodes are specific
INFO: dtree.c(1478): Final simple tree
|( QUESTION0_10_R 1 5.202e+02 6.710e+01 3.400e+01
|    ( QUESTION7 -1 3.706e+02 6.045e+01 2.600e+01
|        ( - 1.235e+02 1 0)
|        ( - 1.867e+02 1 0))
|    ( - 8.251e+01 1 0))
s>    ( QUESTION0_10_R 1 5.202e+02 6.710e+01 3.400e+01
s>        ( QUESTION7 -1 3.706e+02 6.045e+01 2.600e+01
s>            ( - 1.235e+02 1 0)
s>            ( - 1.867e+02 1 0))
s>        ( - 8.251e+01 1 0))INFO: dtree.c(1439): stop. leaf nodes are specific
INFO: dtree.c(1478): Final simple tree
|( QUESTION0_8_R 1 9.606e+02 1.283e+02 5.664e+01
|    ( - 2.677e+02 1 0)
|    ( QUESTION0_10_R 1 5.646e+02 8.305e+01 3.600e+01
|        ( QUESTION7 -1 1.819e+02 2.833e+01 1.500e+01
|            ( - 8.188e+00 1 0)
|            ( - 1.454e+02 1 0))
|        ( - 2.996e+02 1 0)))
s>    ( QUESTION0_8_R 1 9.606e+02 1.283e+02 5.664e+01
s>        ( - 2.677e+02 1 0)
s>        ( QUESTION0_10_R 1 5.646e+02 8.305e+01 3.600e+01
s>            ( QUESTION7 -1 1.819e+02 2.833e+01 1.500e+01
s>                ( - 8.188e+00 1 0)
s>                ( - 1.454e+02 1 0))
s>            ( - 2.996e+02 1 0)))INFO: dtree.c(1315): Comp split 23
INFO: dtree.c(1315): Comp split 24
INFO: dtree.c(1439): stop. leaf nodes are specific
INFO: dtree.c(1478): Final simple tree
|( QUESTION4 -1 2.119e+03 8.498e+01 1.177e+02
|    ( - 1.866e+03 1 0)
|    ( - 1.688e+02 1 0))
s>    ( QUESTION4 -1 2.119e+03 8.498e+01 1.177e+02
s>        ( - 1.866e+03 1 0)
s>        ( - 1.688e+02 1 0))INFO: dtree.c(1315): Comp split 25
INFO: dtree.c(1439): stop. leaf nodes are specific
INFO: dtree.c(1478): Final simple tree
|( QUESTION0_16_R 1 2.114e+02 5.042e+01 1.800e+01
|    ( - 6.860e+01 1 0)
|    ( - 9.237e+01 1 0))
s>    ( QUESTION0_16_R 1 2.114e+02 5.042e+01 1.800e+01
s>        ( - 6.860e+01 1 0)
s>        ( - 9.237e+01 1 0))INFO: dtree.c(1315): Comp split 26
INFO: dtree.c(1439): stop. leaf nodes are specific
INFO: dtree.c(1478): Final simple tree
|( QUESTION0 -1 6.769e+02 8.535e+01 4.346e+01
|    ( QUESTION0_11_R 1 3.409e+02 6.436e+01 2.546e+01
|        ( - 1.771e+02 1 0)
|        ( - 9.942e+01 1 0))
|    ( QUESTION4 -1 2.507e+02 5.649e+01 1.800e+01
|        ( - 1.027e+02 1 0)
|        ( QUESTION2_9_L -1 9.147e+01 2.810e+01 9.000e+00
|            ( - 4.947e+01 1 0)
|            ( - 1.391e+01 1 0))))
s>    ( QUESTION0 -1 6.769e+02 8.535e+01 4.346e+01
s>        ( QUESTION0_11_R 1 3.409e+02 6.436e+01 2.546e+01
s>            ( - 1.771e+02 1 0)
s>            ( - 9.942e+01 1 0))
s>        ( QUESTION4 -1 2.507e+02 5.649e+01 1.800e+01
s>            ( - 1.027e+02 1 0)
s>            ( QUESTION2_9_L -1 9.147e+01 2.810e+01 9.000e+00
s>                ( - 4.947e+01 1 0)
s>                ( - 1.391e+01 1 0))))INFO: dtree.c(1315): Comp split 27
INFO: dtree.c(1439): stop. leaf nodes are specific
INFO: dtree.c(1478): Final simple tree
|( QUESTION0_1_R 1 3.068e+02 6.837e+01 2.298e+01
|    ( - 1.432e+02 1 0)
|    ( - 9.525e+01 1 0))
s>    ( QUESTION0_1_R 1 3.068e+02 6.837e+01 2.298e+01
s>        ( - 1.432e+02 1 0)
s>        ( - 9.525e+01 1 0))INFO: dtree.c(1439): stop. leaf nodes are specific
INFO: dtree.c(1478): Final simple tree
|( QUESTION0_0_R 1 2.922e+02 4.523e+01 2.198e+01
|    ( - 2.161e+01 1 0)
|    ( - 2.253e+02 1 0))
s>    ( QUESTION0_0_R 1 2.922e+02 4.523e+01 2.198e+01
s>        ( - 2.161e+01 1 0)
s>        ( - 2.253e+02 1 0))INFO: dtree.c(1315): Comp split 28
INFO: dtree.c(1439): stop. leaf nodes are specific
INFO: dtree.c(1478): Final simple tree
|( SILENCE -1 9.125e+02 6.479e+01 5.948e+01
|    ( - 7.263e+02 1 0)
|    ( - 1.214e+02 1 0))
s>    ( SILENCE -1 9.125e+02 6.479e+01 5.948e+01
s>        ( - 7.263e+02 1 0)
s>        ( - 1.214e+02 1 0))INFO: dtree.c(1315): Comp split 29
INFO: dtree.c(1439): stop. leaf nodes are specific
INFO: dtree.c(1478): Final simple tree
|( QUESTION6 -1 7.563e+01 2.060e+01 9.000e+00
|    ( - 3.683e+01 1 0)
|    ( - 1.819e+01 1 0))
s>    ( QUESTION6 -1 7.563e+01 2.060e+01 9.000e+00
s>        ( - 3.683e+01 1 0)
s>        ( - 1.819e+01 1 0))INFO: dtree.c(1315): Comp split 30
INFO: dtree.c(1439): stop. leaf nodes are specific
INFO: dtree.c(1478): Final simple tree
|( QUESTION0_10_R 1 5.646e+02 8.305e+01 3.600e+01
|    ( QUESTION7 -1 1.819e+02 2.833e+01 1.500e+01
|        ( - 8.188e+00 1 0)
|        ( - 1.454e+02 1 0))
|    ( - 2.996e+02 1 0))
s>    ( QUESTION0_10_R 1 5.646e+02 8.305e+01 3.600e+01
s>        ( QUESTION7 -1 1.819e+02 2.833e+01 1.500e+01
s>            ( - 8.188e+00 1 0)
s>            ( - 1.454e+02 1 0))
s>        ( - 2.996e+02 1 0))INFO: dtree.c(1315): Comp split 31
INFO: dtree.c(1315): Comp split 32
INFO: dtree.c(1315): Comp split 33
INFO: dtree.c(1439): stop. leaf nodes are specific
INFO: dtree.c(1478): Final simple tree
|( QUESTION0_0_R 1 3.168e+02 5.348e+01 2.300e+01
|    ( - 2.063e+02 1 0)
|    ( - 5.698e+01 1 0))
s>    ( QUESTION0_0_R 1 3.168e+02 5.348e+01 2.300e+01
s>        ( - 2.063e+02 1 0)
s>        ( - 5.698e+01 1 0))INFO: dtree.c(1315): Comp split 34
INFO: dtree.c(1315): Comp split 35
INFO: dtree.c(1439): stop. leaf nodes are specific
INFO: dtree.c(1478): Final simple tree
|( QUESTION0_11_R 1 6.438e+02 4.499e+01 4.500e+01
|    ( - 5.757e+02 2 0)
|    ( - 2.318e+01 1 0))
s>    ( QUESTION0_11_R 1 6.438e+02 4.499e+01 4.500e+01
s>        ( - 5.757e+02 2 0)
s>        ( - 2.318e+01 1 0))INFO: dtree.c(1315): Comp split 36
INFO: dtree.c(1315): Comp split 37
INFO: dtree.c(1315): Comp split 38
INFO: dtree.c(1439): stop. leaf nodes are specific
INFO: dtree.c(1478): Final simple tree
|( QUESTION0 -1 2.705e+02 4.388e+01 2.046e+01
|    ( - 1.771e+02 1 0)
|    ( - 4.947e+01 1 0))
s>    ( QUESTION0 -1 2.705e+02 4.388e+01 2.046e+01
s>        ( - 1.771e+02 1 0)
s>        ( - 4.947e+01 1 0))INFO: dtree.c(1439): stop. leaf nodes are specific
INFO: dtree.c(1478): Final simple tree
|( QUESTION0_11_R 1 3.131e+02 6.551e+01 2.300e+01
|    ( QUESTION4 -1 1.481e+02 3.150e+01 1.200e+01
|        ( - 1.027e+02 1 0)
|        ( - 1.391e+01 1 0))
|    ( - 9.942e+01 1 0))
s>    ( QUESTION0_11_R 1 3.131e+02 6.551e+01 2.300e+01
s>        ( QUESTION4 -1 1.481e+02 3.150e+01 1.200e+01
s>            ( - 1.027e+02 1 0)
s>            ( - 1.391e+01 1 0))
s>        ( - 9.942e+01 1 0))INFO: dtree.c(1315): Comp split 39
INFO: dtree.c(1315): Comp split 40
INFO: dtree.c(1439): stop. leaf nodes are specific
INFO: dtree.c(1478): Final simple tree
|( QUESTION7 -1 1.819e+02 2.833e+01 1.500e+01
|    ( - 8.188e+00 1 0)
|    ( - 1.454e+02 1 0))
s>    ( QUESTION7 -1 1.819e+02 2.833e+01 1.500e+01
s>        ( - 8.188e+00 1 0)
s>        ( - 1.454e+02 1 0))INFO: dtree.c(1315): Comp split 41
INFO: dtree.c(1439): stop. leaf nodes are specific
INFO: dtree.c(1478): Final simple tree
|( QUESTION0_10_R 1 2.586e+02 5.259e+01 1.900e+01
|    ( - 1.235e+02 1 0)
|    ( - 8.251e+01 1 0))
s>    ( QUESTION0_10_R 1 2.586e+02 5.259e+01 1.900e+01
s>        ( - 1.235e+02 1 0)
s>        ( - 8.251e+01 1 0))INFO: dtree.c(1315): Comp split 42
INFO: dtree.c(1315): Comp split 43
INFO: dtree.c(1439): stop. leaf nodes are specific
INFO: dtree.c(1478): Final simple tree
|( SILENCE -1 5.401e+01 2.279e+01 7.000e+00
|    ( - 2.061e+01 1 0)
|    ( - 1.060e+01 1 0))
s>    ( SILENCE -1 5.401e+01 2.279e+01 7.000e+00
s>        ( - 2.061e+01 1 0)
s>        ( - 1.060e+01 1 0))INFO: dtree.c(1315): Comp split 44
INFO: dtree.c(1439): stop. leaf nodes are specific
INFO: dtree.c(1478): Final simple tree
|( QUESTION4 -1 1.481e+02 3.150e+01 1.200e+01
|    ( - 1.027e+02 1 0)
|    ( - 1.391e+01 1 0))
s>    ( QUESTION4 -1 1.481e+02 3.150e+01 1.200e+01
s>        ( - 1.027e+02 1 0)
s>        ( - 1.391e+01 1 0))INFO: dtree.c(1315): Comp split 45
INFO: dtree.c(1315): Comp split 46
INFO: dtree.c(1315): Comp split 47
INFO: dtree.c(1315): Comp split 48
INFO: dtree.c(1315): Comp split 49
INFO: dtree.c(1315): Comp split 50
INFO: dtree.c(1315): Comp split 51
INFO: dtree.c(1315): Comp split 52
INFO: dtree.c(1315): Comp split 53
INFO: dtree.c(1315): Comp split 54
INFO: dtree.c(1315): Comp split 55
INFO: dtree.c(1315): Comp split 56
INFO: dtree.c(1318): stop. leaf nodes are specific
Sun Mar 12 05:24:29 2017
