Current configuration:
[NAME]		[DEFLT]	[VALUE]
-allphones	no	no
-cntthresh	0.00001	1.000000e-05
-csplitmax	100	2000
-csplitmin	1	1
-csplitthr	8e-4	0.000000e+00
-example	no	no
-fullvar	no	no
-help		no	no
-meanfn			
-mixwfn			/home/gaurav/python-scripts/py/scripts/sphinx-source2/an4/model_parameters/an4.cd_ptm_untied/mixture_weights
-moddeffn		/home/gaurav/python-scripts/py/scripts/sphinx-source2/an4/model_architecture/an4.untied.mdef
-mwfloor	1e-4	1.000000e-08
-phone			T
-psetfn			/home/gaurav/python-scripts/py/scripts/sphinx-source2/an4/model_architecture/an4.tree_questions
-ssplitmax	5	7
-ssplitmin	1	1
-ssplitthr	8e-4	0.000000e+00
-state			2
-stwt			1.0,0.05,0.0,
-treefn			/home/gaurav/python-scripts/py/scripts/sphinx-source2/an4/trees/an4.unpruned/T-2.dtree
-ts2cbfn	.semi.	.semi.
-varfloor	0.00001	1.000000e-05
-varfn			

INFO: main.c(223): Reading: /home/gaurav/python-scripts/py/scripts/sphinx-source2/an4/model_architecture/an4.untied.mdef
INFO: model_def_io.c(573): Model definition info:
INFO: model_def_io.c(574): 1618 total models defined (34 base, 1584 tri)
INFO: model_def_io.c(575): 6472 total states
INFO: model_def_io.c(576): 4854 total tied states
INFO: model_def_io.c(577): 102 total tied CI states
INFO: model_def_io.c(578): 34 total tied transition matrices
INFO: model_def_io.c(579): 4 max state/model
INFO: model_def_io.c(580): 4 min state/model
INFO: main.c(242): Building trees for [T AH IY b] through [T V W b]
INFO: main.c(269): Covering states |[4080 4361]| == 282
INFO: main.c(275): Reading: /home/gaurav/python-scripts/py/scripts/sphinx-source2/an4/model_parameters/an4.cd_ptm_untied/mixture_weights
INFO: s3mixw_io.c(173): Read /home/gaurav/python-scripts/py/scripts/sphinx-source2/an4/model_parameters/an4.cd_ptm_untied/mixture_weights [282x4x64 array]
INFO: main.c(311): 94 of 94 models have observation count greater than 0.000010
INFO: main.c(95): nrm stwt: 0.000 0.048 0.952 
INFO: main.c(411): 94-class entropy: 5.953883e+04
INFO: main.c(549): Reading: /home/gaurav/python-scripts/py/scripts/sphinx-source2/an4/model_architecture/an4.tree_questions
INFO: main.c(588): 180 total simple questions (172 phone; 8 word bndry)
INFO: main.c(590): 42 Left Only questions, and 42 Right Only questions
INFO: dtree.c(1478): Final simple tree
|( QUESTION0_1_R 1 7.766e+04 3.259e+03 3.711e+03
|    ( QUESTION2 1 5.446e+04 1.801e+03 2.774e+03
|        ( - 2.083e+04 16 0 SILENCE -1 2.585e+02 1.139e+03)
|        ( WDBNDRY_B 0 3.183e+04 1.000e+03 1.635e+03
|            ( - 2.040e+04 16 0 QUESTION0 -1 2.828e+02 1.099e+03)
|            ( QUESTION2_1_L -1 1.043e+04 4.915e+02 5.355e+02
|                ( - 4.185e+03 3 0 WDBNDRY_E 0 6.839e+01 2.395e+02)
|                ( - 5.755e+03 6 0 QUESTION4 -1 2.907e+02 2.960e+02))))
|    ( WDBNDRY_E 0 1.994e+04 8.833e+02 9.377e+02
|        ( SILENCE 1 1.521e+04 6.574e+02 7.287e+02
|            ( - 6.598e+03 3 0 QUESTION0 -1 2.577e+02 3.605e+02)
|            ( - 7.951e+03 26 0 QUESTION0_9_R 1 3.770e+02 3.682e+02))
|        ( WDBNDRY_B 0 3.854e+03 3.778e+02 2.090e+02
|            ( - 2.133e+03 19 0 QUESTION0_8_R 1 2.822e+02 1.276e+02)
|            ( - 1.343e+03 5 0 QUESTION0_8_R 1 1.463e+02 8.147e+01))))
s>    ( QUESTION0_1_R 1 7.766e+04 3.259e+03 3.711e+03
s>        ( QUESTION2 1 5.446e+04 1.801e+03 2.774e+03
s>            ( - 2.083e+04 16 0 SILENCE -1 2.585e+02 1.139e+03)
s>            ( WDBNDRY_B 0 3.183e+04 1.000e+03 1.635e+03
s>                ( - 2.040e+04 16 0 QUESTION0 -1 2.828e+02 1.099e+03)
s>                ( QUESTION2_1_L -1 1.043e+04 4.915e+02 5.355e+02
s>                    ( - 4.185e+03 3 0 WDBNDRY_E 0 6.839e+01 2.395e+02)
s>                    ( - 5.755e+03 6 0 QUESTION4 -1 2.907e+02 2.960e+02))))
s>        ( WDBNDRY_E 0 1.994e+04 8.833e+02 9.377e+02
s>            ( SILENCE 1 1.521e+04 6.574e+02 7.287e+02
s>                ( - 6.598e+03 3 0 QUESTION0 -1 2.577e+02 3.605e+02)
s>                ( - 7.951e+03 26 0 QUESTION0_9_R 1 3.770e+02 3.682e+02))
s>            ( WDBNDRY_B 0 3.854e+03 3.778e+02 2.090e+02
s>                ( - 2.133e+03 19 0 QUESTION0_8_R 1 2.822e+02 1.276e+02)
s>                ( - 1.343e+03 5 0 QUESTION0_8_R 1 1.463e+02 8.147e+01))))INFO: dtree.c(1315): Comp split 0
INFO: dtree.c(1478): Final simple tree
|( WDBNDRY_E 0 1.994e+04 8.833e+02 9.377e+02
|    ( SILENCE 1 1.521e+04 6.574e+02 7.287e+02
|        ( - 6.598e+03 3 0 QUESTION0 -1 2.577e+02 3.605e+02)
|        ( QUESTION0_9_R 1 7.951e+03 3.770e+02 3.682e+02
|            ( QUESTION4 1 5.217e+03 2.743e+02 2.491e+02
|                ( - 1.832e+03 1 0)
|                ( - 3.111e+03 12 0 QUESTION0_15_R 1 2.336e+02 1.525e+02))
|            ( QUESTION0 1 2.356e+03 2.659e+02 1.191e+02
|                ( - 1.286e+03 9 0 QUESTION0_0_R 1 1.653e+02 6.800e+01)
|                ( - 8.043e+02 4 0 QUESTION0 -1 1.172e+02 5.106e+01))))
|    ( WDBNDRY_B 0 3.854e+03 3.778e+02 2.090e+02
|        ( QUESTION0_8_R 1 2.133e+03 2.822e+02 1.276e+02
|            ( - 1.253e+03 14 0 QUESTION5 -1 1.097e+02 8.855e+01)
|            ( - 5.980e+02 5 0 QUESTION4 -1 8.224e+01 3.900e+01))
|        ( - 1.343e+03 5 0 QUESTION0_8_R 1 1.463e+02 8.147e+01)))
s>    ( WDBNDRY_E 0 1.994e+04 8.833e+02 9.377e+02
s>        ( SILENCE 1 1.521e+04 6.574e+02 7.287e+02
s>            ( - 6.598e+03 3 0 QUESTION0 -1 2.577e+02 3.605e+02)
s>            ( QUESTION0_9_R 1 7.951e+03 3.770e+02 3.682e+02
s>                ( QUESTION4 1 5.217e+03 2.743e+02 2.491e+02
s>                    ( - 1.832e+03 1 0)
s>                    ( - 3.111e+03 12 0 QUESTION0_15_R 1 2.336e+02 1.525e+02))
s>                ( QUESTION0 1 2.356e+03 2.659e+02 1.191e+02
s>                    ( - 1.286e+03 9 0 QUESTION0_0_R 1 1.653e+02 6.800e+01)
s>                    ( - 8.043e+02 4 0 QUESTION0 -1 1.172e+02 5.106e+01))))
s>        ( WDBNDRY_B 0 3.854e+03 3.778e+02 2.090e+02
s>            ( QUESTION0_8_R 1 2.133e+03 2.822e+02 1.276e+02
s>                ( - 1.253e+03 14 0 QUESTION5 -1 1.097e+02 8.855e+01)
s>                ( - 5.980e+02 5 0 QUESTION4 -1 8.224e+01 3.900e+01))
s>            ( - 1.343e+03 5 0 QUESTION0_8_R 1 1.463e+02 8.147e+01)))INFO: dtree.c(1478): Final simple tree
|( QUESTION2 1 5.446e+04 1.801e+03 2.774e+03
|    ( SILENCE -1 2.083e+04 2.585e+02 1.139e+03
|        ( - 1.704e+03 1 0)
|        ( - 1.887e+04 15 0 QUESTION1 -1 2.339e+02 1.035e+03))
|    ( WDBNDRY_B 0 3.183e+04 1.000e+03 1.635e+03
|        ( QUESTION0 -1 2.040e+04 2.828e+02 1.099e+03
|            ( - 1.476e+04 7 0 QUESTION1 -1 2.192e+02 8.092e+02)
|            ( - 5.357e+03 9 0 QUESTION2_1_L -1 1.950e+02 2.901e+02))
|        ( QUESTION2_1_L -1 1.043e+04 4.915e+02 5.355e+02
|            ( - 4.185e+03 3 0 WDBNDRY_E 0 6.839e+01 2.395e+02)
|            ( QUESTION4 -1 5.755e+03 2.907e+02 2.960e+02
|                ( - 2.717e+03 1 0)
|                ( QUESTION16 -1 2.747e+03 2.375e+02 1.426e+02
|                    ( - 1.672e+03 2 0 QUESTION17 -1 5.721e+01 9.388e+01)
|                    ( - 8.381e+02 3 0 WDBNDRY_E 0 1.214e+02 4.872e+01))))))
s>    ( QUESTION2 1 5.446e+04 1.801e+03 2.774e+03
s>        ( SILENCE -1 2.083e+04 2.585e+02 1.139e+03
s>            ( - 1.704e+03 1 0)
s>            ( - 1.887e+04 15 0 QUESTION1 -1 2.339e+02 1.035e+03))
s>        ( WDBNDRY_B 0 3.183e+04 1.000e+03 1.635e+03
s>            ( QUESTION0 -1 2.040e+04 2.828e+02 1.099e+03
s>                ( - 1.476e+04 7 0 QUESTION1 -1 2.192e+02 8.092e+02)
s>                ( - 5.357e+03 9 0 QUESTION2_1_L -1 1.950e+02 2.901e+02))
s>            ( QUESTION2_1_L -1 1.043e+04 4.915e+02 5.355e+02
s>                ( - 4.185e+03 3 0 WDBNDRY_E 0 6.839e+01 2.395e+02)
s>                ( QUESTION4 -1 5.755e+03 2.907e+02 2.960e+02
s>                    ( - 2.717e+03 1 0)
s>                    ( QUESTION16 -1 2.747e+03 2.375e+02 1.426e+02
s>                        ( - 1.672e+03 2 0 QUESTION17 -1 5.721e+01 9.388e+01)
s>                        ( - 8.381e+02 3 0 WDBNDRY_E 0 1.214e+02 4.872e+01))))))INFO: dtree.c(1315): Comp split 1
INFO: dtree.c(1478): Final simple tree
|( WDBNDRY_B 0 3.183e+04 1.000e+03 1.635e+03
|    ( QUESTION0 -1 2.040e+04 2.828e+02 1.099e+03
|        ( QUESTION1 -1 1.476e+04 2.192e+02 8.092e+02
|            ( - 7.364e+03 2 0)
|            ( QUESTION2_0_L -1 7.176e+03 2.164e+02 4.030e+02
|                ( - 1.383e+03 3 0)
|                ( - 5.577e+03 2 0 QUESTION2_12_L -1 1.485e+02 3.190e+02)))
|        ( - 5.357e+03 9 0 QUESTION2_1_L -1 1.950e+02 2.901e+02))
|    ( QUESTION2_1_L -1 1.043e+04 4.915e+02 5.355e+02
|        ( - 4.185e+03 3 0 WDBNDRY_E 0 6.839e+01 2.395e+02)
|        ( QUESTION4 -1 5.755e+03 2.907e+02 2.960e+02
|            ( - 2.717e+03 1 0)
|            ( QUESTION16 -1 2.747e+03 2.375e+02 1.426e+02
|                ( - 1.672e+03 2 0 QUESTION17 -1 5.721e+01 9.388e+01)
|                ( - 8.381e+02 3 0 WDBNDRY_E 0 1.214e+02 4.872e+01)))))
s>    ( WDBNDRY_B 0 3.183e+04 1.000e+03 1.635e+03
s>        ( QUESTION0 -1 2.040e+04 2.828e+02 1.099e+03
s>            ( QUESTION1 -1 1.476e+04 2.192e+02 8.092e+02
s>                ( - 7.364e+03 2 0)
s>                ( QUESTION2_0_L -1 7.176e+03 2.164e+02 4.030e+02
s>                    ( - 1.383e+03 3 0)
s>                    ( - 5.577e+03 2 0 QUESTION2_12_L -1 1.485e+02 3.190e+02)))
s>            ( - 5.357e+03 9 0 QUESTION2_1_L -1 1.950e+02 2.901e+02))
s>        ( QUESTION2_1_L -1 1.043e+04 4.915e+02 5.355e+02
s>            ( - 4.185e+03 3 0 WDBNDRY_E 0 6.839e+01 2.395e+02)
s>            ( QUESTION4 -1 5.755e+03 2.907e+02 2.960e+02
s>                ( - 2.717e+03 1 0)
s>                ( QUESTION16 -1 2.747e+03 2.375e+02 1.426e+02
s>                    ( - 1.672e+03 2 0 QUESTION17 -1 5.721e+01 9.388e+01)
s>                    ( - 8.381e+02 3 0 WDBNDRY_E 0 1.214e+02 4.872e+01)))))INFO: dtree.c(1478): Final simple tree
|( SILENCE -1 2.083e+04 2.585e+02 1.139e+03
|    ( - 1.704e+03 1 0)
|    ( QUESTION1 -1 1.887e+04 2.339e+02 1.035e+03
|        ( - 3.710e+03 2 0)
|        ( QUESTION2_3_L -1 1.492e+04 2.242e+02 8.301e+02
|            ( - 3.243e+03 3 0)
|            ( QUESTION2_5_L -1 1.145e+04 2.157e+02 6.364e+02
|                ( QUESTION4 -1 8.208e+03 2.236e+02 4.645e+02
|                    ( - 3.010e+03 1 0)
|                    ( - 4.975e+03 1 0))
|                ( QUESTION16 -1 3.030e+03 1.584e+02 1.719e+02
|                    ( - 1.553e+03 3 0 QUESTION17 -1 1.014e+02 9.308e+01)
|                    ( QUESTION4 -1 1.319e+03 1.138e+02 7.884e+01
|                        ( - 6.194e+02 2 0)
|                        ( - 5.859e+02 3 0 QUESTION7 -1 4.357e+01 3.985e+01)))))))
s>    ( SILENCE -1 2.083e+04 2.585e+02 1.139e+03
s>        ( - 1.704e+03 1 0)
s>        ( QUESTION1 -1 1.887e+04 2.339e+02 1.035e+03
s>            ( - 3.710e+03 2 0)
s>            ( QUESTION2_3_L -1 1.492e+04 2.242e+02 8.301e+02
s>                ( - 3.243e+03 3 0)
s>                ( QUESTION2_5_L -1 1.145e+04 2.157e+02 6.364e+02
s>                    ( QUESTION4 -1 8.208e+03 2.236e+02 4.645e+02
s>                        ( - 3.010e+03 1 0)
s>                        ( - 4.975e+03 1 0))
s>                    ( QUESTION16 -1 3.030e+03 1.584e+02 1.719e+02
s>                        ( - 1.553e+03 3 0 QUESTION17 -1 1.014e+02 9.308e+01)
s>                        ( QUESTION4 -1 1.319e+03 1.138e+02 7.884e+01
s>                            ( - 6.194e+02 2 0)
s>                            ( - 5.859e+02 3 0 QUESTION7 -1 4.357e+01 3.985e+01)))))))INFO: dtree.c(1315): Comp split 2
INFO: dtree.c(1478): Final simple tree
|( QUESTION0 -1 2.344e+04 3.331e+02 1.253e+03
|    ( QUESTION1 -1 1.476e+04 2.192e+02 8.092e+02
|        ( - 7.364e+03 2 0)
|        ( QUESTION2_0_L -1 7.176e+03 2.164e+02 4.030e+02
|            ( - 1.383e+03 3 0)
|            ( QUESTION2_12_L -1 5.577e+03 1.485e+02 3.190e+02
|                ( - 4.595e+03 1 0)
|                ( - 8.337e+02 1 0))))
|    ( WDBNDRY_B 0 8.352e+03 2.775e+02 4.435e+02
|        ( QUESTION2_1_L -1 5.357e+03 1.950e+02 2.901e+02
|            ( - 2.029e+03 3 0 QUESTION4 -1 9.408e+01 1.164e+02)
|            ( QUESTION16 -1 3.133e+03 1.787e+02 1.737e+02
|                ( - 7.720e+02 3 0 QUESTION2_5_L -1 5.840e+01 4.909e+01)
|                ( - 2.183e+03 3 0 SILENCE -1 1.272e+02 1.246e+02)))
|        ( - 2.717e+03 1 0)))
s>    ( QUESTION0 -1 2.344e+04 3.331e+02 1.253e+03
s>        ( QUESTION1 -1 1.476e+04 2.192e+02 8.092e+02
s>            ( - 7.364e+03 2 0)
s>            ( QUESTION2_0_L -1 7.176e+03 2.164e+02 4.030e+02
s>                ( - 1.383e+03 3 0)
s>                ( QUESTION2_12_L -1 5.577e+03 1.485e+02 3.190e+02
s>                    ( - 4.595e+03 1 0)
s>                    ( - 8.337e+02 1 0))))
s>        ( WDBNDRY_B 0 8.352e+03 2.775e+02 4.435e+02
s>            ( QUESTION2_1_L -1 5.357e+03 1.950e+02 2.901e+02
s>                ( - 2.029e+03 3 0 QUESTION4 -1 9.408e+01 1.164e+02)
s>                ( QUESTION16 -1 3.133e+03 1.787e+02 1.737e+02
s>                    ( - 7.720e+02 3 0 QUESTION2_5_L -1 5.840e+01 4.909e+01)
s>                    ( - 2.183e+03 3 0 SILENCE -1 1.272e+02 1.246e+02)))
s>            ( - 2.717e+03 1 0)))INFO: dtree.c(1439): stop. leaf nodes are specific
INFO: dtree.c(1478): Final simple tree
|( QUESTION4 -1 7.324e+03 3.920e+02 3.821e+02
|    ( WDBNDRY_E 0 4.185e+03 6.839e+01 2.395e+02
|        ( - 2.757e+01 1 0)
|        ( - 4.089e+03 2 0))
|    ( QUESTION16 -1 2.747e+03 2.375e+02 1.426e+02
|        ( QUESTION17 -1 1.672e+03 5.721e+01 9.388e+01
|            ( - 2.627e+01 1 0)
|            ( - 1.588e+03 1 0))
|        ( WDBNDRY_E 0 8.381e+02 1.214e+02 4.872e+01
|            ( QUESTION0 -1 1.710e+02 3.843e+01 1.400e+01
|                ( - 1.001e+02 1 0)
|                ( - 3.246e+01 1 0))
|            ( - 5.457e+02 1 0))))
s>    ( QUESTION4 -1 7.324e+03 3.920e+02 3.821e+02
s>        ( WDBNDRY_E 0 4.185e+03 6.839e+01 2.395e+02
s>            ( - 2.757e+01 1 0)
s>            ( - 4.089e+03 2 0))
s>        ( QUESTION16 -1 2.747e+03 2.375e+02 1.426e+02
s>            ( QUESTION17 -1 1.672e+03 5.721e+01 9.388e+01
s>                ( - 2.627e+01 1 0)
s>                ( - 1.588e+03 1 0))
s>            ( WDBNDRY_E 0 8.381e+02 1.214e+02 4.872e+01
s>                ( QUESTION0 -1 1.710e+02 3.843e+01 1.400e+01
s>                    ( - 1.001e+02 1 0)
s>                    ( - 3.246e+01 1 0))
s>                ( - 5.457e+02 1 0))))INFO: dtree.c(1315): Comp split 3
INFO: dtree.c(1478): Final simple tree
|( WDBNDRY_B 0 6.725e+03 5.270e+02 3.281e+02
|    ( QUESTION0_8_R 1 2.133e+03 2.822e+02 1.276e+02
|        ( QUESTION5 -1 1.253e+03 1.097e+02 8.855e+01
|            ( - 4.395e+02 6 0 QUESTION6 -1 5.646e+01 3.157e+01)
|            ( - 7.040e+02 8 0 QUESTION1 -1 6.556e+01 5.698e+01))
|        ( - 5.980e+02 5 0 QUESTION4 -1 8.224e+01 3.900e+01))
|    ( QUESTION2 1 4.064e+03 3.842e+02 2.005e+02
|        ( WDBNDRY_E 0 2.014e+03 2.220e+02 1.125e+02
|            ( - 7.126e+02 6 0 QUESTION0 -1 1.011e+02 4.200e+01)
|            ( - 1.080e+03 2 0 QUESTION0_0_R 1 7.759e+01 7.047e+01))
|        ( QUESTION4 1 1.666e+03 2.215e+02 8.806e+01
|            ( - 6.388e+02 3 0 QUESTION0 -1 6.850e+01 4.306e+01)
|            ( QUESTION14 -1 8.052e+02 1.426e+02 4.500e+01
|                ( - 3.177e+02 3 0 QUESTION0_0_R 1 6.983e+01 2.200e+01)
|                ( - 3.450e+02 4 0 QUESTION0 -1 7.288e+01 2.300e+01)))))
s>    ( WDBNDRY_B 0 6.725e+03 5.270e+02 3.281e+02
s>        ( QUESTION0_8_R 1 2.133e+03 2.822e+02 1.276e+02
s>            ( QUESTION5 -1 1.253e+03 1.097e+02 8.855e+01
s>                ( - 4.395e+02 6 0 QUESTION6 -1 5.646e+01 3.157e+01)
s>                ( - 7.040e+02 8 0 QUESTION1 -1 6.556e+01 5.698e+01))
s>            ( - 5.980e+02 5 0 QUESTION4 -1 8.224e+01 3.900e+01))
s>        ( QUESTION2 1 4.064e+03 3.842e+02 2.005e+02
s>            ( WDBNDRY_E 0 2.014e+03 2.220e+02 1.125e+02
s>                ( - 7.126e+02 6 0 QUESTION0 -1 1.011e+02 4.200e+01)
s>                ( - 1.080e+03 2 0 QUESTION0_0_R 1 7.759e+01 7.047e+01))
s>            ( QUESTION4 1 1.666e+03 2.215e+02 8.806e+01
s>                ( - 6.388e+02 3 0 QUESTION0 -1 6.850e+01 4.306e+01)
s>                ( QUESTION14 -1 8.052e+02 1.426e+02 4.500e+01
s>                    ( - 3.177e+02 3 0 QUESTION0_0_R 1 6.983e+01 2.200e+01)
s>                    ( - 3.450e+02 4 0 QUESTION0 -1 7.288e+01 2.300e+01)))))INFO: dtree.c(1478): Final simple tree
|( SILENCE 1 1.228e+04 4.694e+02 6.096e+02
|    ( QUESTION0 -1 6.598e+03 2.577e+02 3.605e+02
|        ( - 5.611e+03 2 0)
|        ( - 7.294e+02 1 0))
|    ( QUESTION4 1 5.217e+03 2.743e+02 2.491e+02
|        ( - 1.832e+03 1 0)
|        ( QUESTION0_15_R 1 3.111e+03 2.336e+02 1.525e+02
|            ( QUESTION10 1 1.478e+03 1.563e+02 7.994e+01
|                ( - 5.250e+02 3 0 QUESTION0_16_R 1 8.936e+01 3.085e+01)
|                ( - 7.967e+02 2 0 QUESTION0_16_R 1 1.090e+02 4.909e+01))
|            ( QUESTION0 -1 1.400e+03 1.817e+02 7.253e+01
|                ( - 5.128e+02 1 0)
|                ( QUESTION0_10_R 1 7.051e+02 1.179e+02 3.900e+01
|                    ( - 2.829e+02 4 0 QUESTION0_11_R 1 6.073e+01 1.900e+01)
|                    ( - 3.042e+02 2 0 QUESTION6 1 3.178e+01 2.000e+01))))))
s>    ( SILENCE 1 1.228e+04 4.694e+02 6.096e+02
s>        ( QUESTION0 -1 6.598e+03 2.577e+02 3.605e+02
s>            ( - 5.611e+03 2 0)
s>            ( - 7.294e+02 1 0))
s>        ( QUESTION4 1 5.217e+03 2.743e+02 2.491e+02
s>            ( - 1.832e+03 1 0)
s>            ( QUESTION0_15_R 1 3.111e+03 2.336e+02 1.525e+02
s>                ( QUESTION10 1 1.478e+03 1.563e+02 7.994e+01
s>                    ( - 5.250e+02 3 0 QUESTION0_16_R 1 8.936e+01 3.085e+01)
s>                    ( - 7.967e+02 2 0 QUESTION0_16_R 1 1.090e+02 4.909e+01))
s>                ( QUESTION0 -1 1.400e+03 1.817e+02 7.253e+01
s>                    ( - 5.128e+02 1 0)
s>                    ( QUESTION0_10_R 1 7.051e+02 1.179e+02 3.900e+01
s>                        ( - 2.829e+02 4 0 QUESTION0_11_R 1 6.073e+01 1.900e+01)
s>                        ( - 3.042e+02 2 0 QUESTION6 1 3.178e+01 2.000e+01))))))INFO: dtree.c(1315): Comp split 4
INFO: dtree.c(1478): Final simple tree
|( QUESTION5 -1 1.253e+03 1.097e+02 8.855e+01
|    ( QUESTION6 -1 4.395e+02 5.646e+01 3.157e+01
|        ( QUESTION8 -1 2.117e+02 3.833e+01 1.659e+01
|            ( - 1.573e+01 1 0)
|            ( QUESTION7 -1 1.577e+02 3.671e+01 1.359e+01
|                ( - 9.348e+01 1 0)
|                ( - 2.747e+01 1 0)))
|        ( QUESTION17 -1 1.713e+02 3.772e+01 1.498e+01
|            ( - 5.738e+01 1 0)
|            ( - 7.623e+01 2 0 QUESTION2_5_L -1 1.990e+01 8.007e+00)))
|    ( QUESTION1 -1 7.040e+02 6.556e+01 5.698e+01
|        ( - 1.804e+02 2 0)
|        ( QUESTION2_2_L -1 4.580e+02 5.136e+01 3.900e+01
|            ( - 2.153e+02 2 0 QUESTION0 -1 2.211e+01 2.100e+01)
|            ( - 1.914e+02 4 0 SILENCE -1 2.888e+01 1.800e+01))))
s>    ( QUESTION5 -1 1.253e+03 1.097e+02 8.855e+01
s>        ( QUESTION6 -1 4.395e+02 5.646e+01 3.157e+01
s>            ( QUESTION8 -1 2.117e+02 3.833e+01 1.659e+01
s>                ( - 1.573e+01 1 0)
s>                ( QUESTION7 -1 1.577e+02 3.671e+01 1.359e+01
s>                    ( - 9.348e+01 1 0)
s>                    ( - 2.747e+01 1 0)))
s>            ( QUESTION17 -1 1.713e+02 3.772e+01 1.498e+01
s>                ( - 5.738e+01 1 0)
s>                ( - 7.623e+01 2 0 QUESTION2_5_L -1 1.990e+01 8.007e+00)))
s>        ( QUESTION1 -1 7.040e+02 6.556e+01 5.698e+01
s>            ( - 1.804e+02 2 0)
s>            ( QUESTION2_2_L -1 4.580e+02 5.136e+01 3.900e+01
s>                ( - 2.153e+02 2 0 QUESTION0 -1 2.211e+01 2.100e+01)
s>                ( - 1.914e+02 4 0 SILENCE -1 2.888e+01 1.800e+01))))INFO: dtree.c(1478): Final simple tree
|( WDBNDRY_E 0 4.923e+03 4.096e+02 2.395e+02
|    ( QUESTION0 1 2.356e+03 2.659e+02 1.191e+02
|        ( QUESTION0_0_R 1 1.286e+03 1.653e+02 6.800e+01
|            ( - 5.603e+02 3 0 QUESTION0 -1 6.899e+01 3.500e+01)
|            ( QUESTION0 -1 5.604e+02 1.025e+02 3.300e+01
|                ( - 1.401e+02 1 0)
|                ( - 3.178e+02 5 0 QUESTION1 1 5.918e+01 2.100e+01)))
|        ( QUESTION0 -1 8.043e+02 1.172e+02 5.106e+01
|            ( - 5.137e+02 1 0)
|            ( - 1.734e+02 3 0 QUESTION0_0_R 1 5.376e+01 1.500e+01)))
|    ( QUESTION0 1 2.157e+03 2.740e+02 1.205e+02
|        ( - 1.080e+03 2 0 QUESTION0_0_R 1 7.759e+01 7.047e+01)
|        ( QUESTION2_4_L -1 8.033e+02 9.960e+01 5.000e+01
|            ( - 3.530e+02 2 0 QUESTION4 -1 6.174e+01 2.500e+01)
|            ( - 3.506e+02 6 0 QUESTION2_10_L -1 5.917e+01 2.500e+01))))
s>    ( WDBNDRY_E 0 4.923e+03 4.096e+02 2.395e+02
s>        ( QUESTION0 1 2.356e+03 2.659e+02 1.191e+02
s>            ( QUESTION0_0_R 1 1.286e+03 1.653e+02 6.800e+01
s>                ( - 5.603e+02 3 0 QUESTION0 -1 6.899e+01 3.500e+01)
s>                ( QUESTION0 -1 5.604e+02 1.025e+02 3.300e+01
s>                    ( - 1.401e+02 1 0)
s>                    ( - 3.178e+02 5 0 QUESTION1 1 5.918e+01 2.100e+01)))
s>            ( QUESTION0 -1 8.043e+02 1.172e+02 5.106e+01
s>                ( - 5.137e+02 1 0)
s>                ( - 1.734e+02 3 0 QUESTION0_0_R 1 5.376e+01 1.500e+01)))
s>        ( QUESTION0 1 2.157e+03 2.740e+02 1.205e+02
s>            ( - 1.080e+03 2 0 QUESTION0_0_R 1 7.759e+01 7.047e+01)
s>            ( QUESTION2_4_L -1 8.033e+02 9.960e+01 5.000e+01
s>                ( - 3.530e+02 2 0 QUESTION4 -1 6.174e+01 2.500e+01)
s>                ( - 3.506e+02 6 0 QUESTION2_10_L -1 5.917e+01 2.500e+01))))INFO: dtree.c(1315): Comp split 5
INFO: dtree.c(1478): Final simple tree
|( QUESTION4 1 5.217e+03 2.743e+02 2.491e+02
|    ( - 1.832e+03 1 0)
|    ( QUESTION0_15_R 1 3.111e+03 2.336e+02 1.525e+02
|        ( QUESTION10 1 1.478e+03 1.563e+02 7.994e+01
|            ( QUESTION0_16_R 1 5.250e+02 8.936e+01 3.085e+01
|                ( - 9.430e+01 2 0 QUESTION0 -1 3.215e+01 8.000e+00)
|                ( - 3.414e+02 1 0))
|            ( QUESTION0_16_R 1 7.967e+02 1.090e+02 4.909e+01
|                ( - 3.624e+02 1 0)
|                ( - 3.254e+02 1 0)))
|        ( QUESTION0 -1 1.400e+03 1.817e+02 7.253e+01
|            ( - 5.128e+02 1 0)
|            ( QUESTION0_10_R 1 7.051e+02 1.179e+02 3.900e+01
|                ( - 2.829e+02 4 0 QUESTION0_11_R 1 6.073e+01 1.900e+01)
|                ( - 3.042e+02 2 0 QUESTION6 1 3.178e+01 2.000e+01)))))
s>    ( QUESTION4 1 5.217e+03 2.743e+02 2.491e+02
s>        ( - 1.832e+03 1 0)
s>        ( QUESTION0_15_R 1 3.111e+03 2.336e+02 1.525e+02
s>            ( QUESTION10 1 1.478e+03 1.563e+02 7.994e+01
s>                ( QUESTION0_16_R 1 5.250e+02 8.936e+01 3.085e+01
s>                    ( - 9.430e+01 2 0 QUESTION0 -1 3.215e+01 8.000e+00)
s>                    ( - 3.414e+02 1 0))
s>                ( QUESTION0_16_R 1 7.967e+02 1.090e+02 4.909e+01
s>                    ( - 3.624e+02 1 0)
s>                    ( - 3.254e+02 1 0)))
s>            ( QUESTION0 -1 1.400e+03 1.817e+02 7.253e+01
s>                ( - 5.128e+02 1 0)
s>                ( QUESTION0_10_R 1 7.051e+02 1.179e+02 3.900e+01
s>                    ( - 2.829e+02 4 0 QUESTION0_11_R 1 6.073e+01 1.900e+01)
s>                    ( - 3.042e+02 2 0 QUESTION6 1 3.178e+01 2.000e+01)))))INFO: dtree.c(1439): stop. leaf nodes are specific
INFO: dtree.c(1478): Final simple tree
|( QUESTION0 -1 6.598e+03 2.577e+02 3.605e+02
|    ( - 5.611e+03 2 0)
|    ( - 7.294e+02 1 0))
s>    ( QUESTION0 -1 6.598e+03 2.577e+02 3.605e+02
s>        ( - 5.611e+03 2 0)
s>        ( - 7.294e+02 1 0))INFO: dtree.c(1315): Comp split 6
INFO: dtree.c(1439): stop. leaf nodes are specific
INFO: dtree.c(1478): Final simple tree
|( QUESTION4 1 1.303e+03 2.016e+02 7.206e+01
|    ( QUESTION0 -1 6.388e+02 6.850e+01 4.306e+01
|        ( - 5.137e+02 1 0)
|        ( QUESTION4 -1 5.662e+01 2.380e+01 7.000e+00
|            ( - 5.247e+00 1 0)
|            ( - 2.757e+01 1 0)))
|    ( QUESTION1 1 4.624e+02 8.975e+01 2.900e+01
|        ( - 1.849e+02 2 0)
|        ( QUESTION0_0_R 1 1.878e+02 5.100e+01 1.500e+01
|            ( - 6.303e+01 1 0)
|            ( - 7.372e+01 3 0))))
s>    ( QUESTION4 1 1.303e+03 2.016e+02 7.206e+01
s>        ( QUESTION0 -1 6.388e+02 6.850e+01 4.306e+01
s>            ( - 5.137e+02 1 0)
s>            ( QUESTION4 -1 5.662e+01 2.380e+01 7.000e+00
s>                ( - 5.247e+00 1 0)
s>                ( - 2.757e+01 1 0)))
s>        ( QUESTION1 1 4.624e+02 8.975e+01 2.900e+01
s>            ( - 1.849e+02 2 0)
s>            ( QUESTION0_0_R 1 1.878e+02 5.100e+01 1.500e+01
s>                ( - 6.303e+01 1 0)
s>                ( - 7.372e+01 3 0))))INFO: dtree.c(1478): Final simple tree
|( QUESTION2 1 3.201e+03 3.060e+02 1.675e+02
|    ( WDBNDRY_E 0 1.838e+03 1.980e+02 1.055e+02
|        ( QUESTION0 -1 5.603e+02 6.899e+01 3.500e+01
|            ( - 4.218e+02 1 0)
|            ( - 6.953e+01 2 0))
|        ( QUESTION0_0_R 1 1.080e+03 7.759e+01 7.047e+01
|            ( - 7.047e+01 1 0)
|            ( - 9.317e+02 1 0)))
|    ( QUESTION2_3_L -1 1.057e+03 1.371e+02 6.200e+01
|        ( - 1.996e+02 3 0 WDBNDRY_E 0 3.196e+01 1.600e+01)
|        ( QUESTION2_2_L -1 7.202e+02 9.206e+01 4.600e+01
|            ( QUESTION4 -1 3.530e+02 6.174e+01 2.500e+01
|                ( - 2.106e+02 1 0)
|                ( - 8.074e+01 1 0))
|            ( - 2.751e+02 4 0 QUESTION2_10_L -1 5.104e+01 2.100e+01))))
s>    ( QUESTION2 1 3.201e+03 3.060e+02 1.675e+02
s>        ( WDBNDRY_E 0 1.838e+03 1.980e+02 1.055e+02
s>            ( QUESTION0 -1 5.603e+02 6.899e+01 3.500e+01
s>                ( - 4.218e+02 1 0)
s>                ( - 6.953e+01 2 0))
s>            ( QUESTION0_0_R 1 1.080e+03 7.759e+01 7.047e+01
s>                ( - 7.047e+01 1 0)
s>                ( - 9.317e+02 1 0)))
s>        ( QUESTION2_3_L -1 1.057e+03 1.371e+02 6.200e+01
s>            ( - 1.996e+02 3 0 WDBNDRY_E 0 3.196e+01 1.600e+01)
s>            ( QUESTION2_2_L -1 7.202e+02 9.206e+01 4.600e+01
s>                ( QUESTION4 -1 3.530e+02 6.174e+01 2.500e+01
s>                    ( - 2.106e+02 1 0)
s>                    ( - 8.074e+01 1 0))
s>                ( - 2.751e+02 4 0 QUESTION2_10_L -1 5.104e+01 2.100e+01))))INFO: dtree.c(1315): Comp split 7
INFO: dtree.c(1439): stop. leaf nodes are specific
INFO: dtree.c(1478): Final simple tree
|( WDBNDRY_E 0 4.199e+03 7.758e+01 2.405e+02
|    ( - 3.246e+01 1 0)
|    ( - 4.089e+03 2 0))
s>    ( WDBNDRY_E 0 4.199e+03 7.758e+01 2.405e+02
s>        ( - 3.246e+01 1 0)
s>        ( - 4.089e+03 2 0))INFO: dtree.c(1439): stop. leaf nodes are specific
INFO: dtree.c(1478): Final simple tree
|( QUESTION5 -1 2.721e+03 2.221e+02 1.416e+02
|    ( QUESTION17 -1 1.672e+03 5.721e+01 9.388e+01
|        ( - 2.627e+01 1 0)
|        ( - 1.588e+03 1 0))
|    ( WDBNDRY_E 0 8.274e+02 1.128e+02 4.772e+01
|        ( QUESTION0 -1 1.689e+02 4.125e+01 1.300e+01
|            ( - 1.001e+02 1 0)
|            ( - 2.757e+01 1 0))
|        ( - 5.457e+02 1 0)))
s>    ( QUESTION5 -1 2.721e+03 2.221e+02 1.416e+02
s>        ( QUESTION17 -1 1.672e+03 5.721e+01 9.388e+01
s>            ( - 2.627e+01 1 0)
s>            ( - 1.588e+03 1 0))
s>        ( WDBNDRY_E 0 8.274e+02 1.128e+02 4.772e+01
s>            ( QUESTION0 -1 1.689e+02 4.125e+01 1.300e+01
s>                ( - 1.001e+02 1 0)
s>                ( - 2.757e+01 1 0))
s>            ( - 5.457e+02 1 0)))INFO: dtree.c(1315): Comp split 8
INFO: dtree.c(1478): Final simple tree
|( WDBNDRY_B 0 9.938e+03 2.953e+02 5.275e+02
|    ( QUESTION2_1_L -1 6.925e+03 1.973e+02 3.741e+02
|        ( QUESTION4 -1 2.029e+03 9.408e+01 1.164e+02
|            ( - 1.786e+03 2 0)
|            ( - 1.489e+02 1 0))
|        ( QUESTION0 -1 4.699e+03 1.827e+02 2.577e+02
|            ( - 1.383e+03 3 0)
|            ( QUESTION16 -1 3.133e+03 1.787e+02 1.737e+02
|                ( - 7.720e+02 3 0 QUESTION2_5_L -1 5.840e+01 4.909e+01)
|                ( SILENCE -1 2.183e+03 1.272e+02 1.246e+02
|                    ( - 1.055e+03 1 0)
|                    ( QUESTION4 -1 1.000e+03 7.856e+01 6.002e+01
|                        ( - 7.963e+02 1 0)
|                        ( - 1.254e+02 1 0))))))
|    ( - 2.717e+03 1 0))
s>    ( WDBNDRY_B 0 9.938e+03 2.953e+02 5.275e+02
s>        ( QUESTION2_1_L -1 6.925e+03 1.973e+02 3.741e+02
s>            ( QUESTION4 -1 2.029e+03 9.408e+01 1.164e+02
s>                ( - 1.786e+03 2 0)
s>                ( - 1.489e+02 1 0))
s>            ( QUESTION0 -1 4.699e+03 1.827e+02 2.577e+02
s>                ( - 1.383e+03 3 0)
s>                ( QUESTION16 -1 3.133e+03 1.787e+02 1.737e+02
s>                    ( - 7.720e+02 3 0 QUESTION2_5_L -1 5.840e+01 4.909e+01)
s>                    ( SILENCE -1 2.183e+03 1.272e+02 1.246e+02
s>                        ( - 1.055e+03 1 0)
s>                        ( QUESTION4 -1 1.000e+03 7.856e+01 6.002e+01
s>                            ( - 7.963e+02 1 0)
s>                            ( - 1.254e+02 1 0))))))
s>        ( - 2.717e+03 1 0))INFO: dtree.c(1439): stop. leaf nodes are specific
INFO: dtree.c(1478): Final simple tree
|( QUESTION1 -1 1.315e+04 2.081e+02 7.252e+02
|    ( - 7.364e+03 2 0)
|    ( QUESTION2_12_L -1 5.577e+03 1.485e+02 3.190e+02
|        ( - 4.595e+03 1 0)
|        ( - 8.337e+02 1 0)))
s>    ( QUESTION1 -1 1.315e+04 2.081e+02 7.252e+02
s>        ( - 7.364e+03 2 0)
s>        ( QUESTION2_12_L -1 5.577e+03 1.485e+02 3.190e+02
s>            ( - 4.595e+03 1 0)
s>            ( - 8.337e+02 1 0)))INFO: dtree.c(1315): Comp split 9
INFO: dtree.c(1439): stop. leaf nodes are specific
INFO: dtree.c(1478): Final simple tree
|( WDBNDRY_B 0 3.172e+03 1.251e+02 1.774e+02
|    ( QUESTION7 -1 3.299e+02 5.558e+01 2.400e+01
|        ( - 1.489e+02 1 0)
|        ( - 1.254e+02 1 0))
|    ( - 2.717e+03 1 0))
s>    ( WDBNDRY_B 0 3.172e+03 1.251e+02 1.774e+02
s>        ( QUESTION7 -1 3.299e+02 5.558e+01 2.400e+01
s>            ( - 1.489e+02 1 0)
s>            ( - 1.254e+02 1 0))
s>        ( - 2.717e+03 1 0))INFO: dtree.c(1439): stop. leaf nodes are specific
INFO: dtree.c(1478): Final simple tree
|( QUESTION2_1_L -1 6.456e+03 1.915e+02 3.501e+02
|    ( - 1.786e+03 2 0)
|    ( SILENCE -1 4.478e+03 1.833e+02 2.467e+02
|        ( - 1.055e+03 1 0)
|        ( QUESTION0 -1 3.239e+03 1.744e+02 1.821e+02
|            ( - 1.383e+03 3 0)
|            ( QUESTION4 -1 1.682e+03 1.137e+02 9.811e+01
|                ( - 7.963e+02 1 0)
|                ( QUESTION2_5_L -1 7.720e+02 5.840e+01 4.909e+01
|                    ( - 4.899e+01 1 0)
|                    ( QUESTION2_9_L -1 6.646e+02 5.027e+01 4.309e+01
|                        ( - 2.764e+01 1 0)
|                        ( - 5.867e+02 1 0)))))))
s>    ( QUESTION2_1_L -1 6.456e+03 1.915e+02 3.501e+02
s>        ( - 1.786e+03 2 0)
s>        ( SILENCE -1 4.478e+03 1.833e+02 2.467e+02
s>            ( - 1.055e+03 1 0)
s>            ( QUESTION0 -1 3.239e+03 1.744e+02 1.821e+02
s>                ( - 1.383e+03 3 0)
s>                ( QUESTION4 -1 1.682e+03 1.137e+02 9.811e+01
s>                    ( - 7.963e+02 1 0)
s>                    ( QUESTION2_5_L -1 7.720e+02 5.840e+01 4.909e+01
s>                        ( - 4.899e+01 1 0)
s>                        ( QUESTION2_9_L -1 6.646e+02 5.027e+01 4.309e+01
s>                            ( - 2.764e+01 1 0)
s>                            ( - 5.867e+02 1 0)))))))INFO: dtree.c(1315): Comp split 10
INFO: dtree.c(1478): Final simple tree
|( QUESTION2_3_L -1 1.057e+03 1.371e+02 6.200e+01
|    ( WDBNDRY_E 0 1.996e+02 3.196e+01 1.600e+01
|        ( - 1.401e+02 1 0)
|        ( - 2.748e+01 2 0 WDBNDRY_B 0 1.289e+01 4.000e+00))
|    ( QUESTION2_2_L -1 7.202e+02 9.206e+01 4.600e+01
|        ( QUESTION4 -1 3.530e+02 6.174e+01 2.500e+01
|            ( - 2.106e+02 1 0)
|            ( - 8.074e+01 1 0))
|        ( QUESTION2_10_L -1 2.751e+02 5.104e+01 2.100e+01
|            ( WDBNDRY_B 0 1.260e+02 1.685e+01 1.100e+01
|                ( - 7.905e+00 1 0)
|                ( - 1.012e+02 1 0))
|            ( WDBNDRY_B 0 9.806e+01 1.542e+01 1.000e+01
|                ( - 8.264e+01 1 0)
|                ( - 0.000e+00 1 0)))))
s>    ( QUESTION2_3_L -1 1.057e+03 1.371e+02 6.200e+01
s>        ( WDBNDRY_E 0 1.996e+02 3.196e+01 1.600e+01
s>            ( - 1.401e+02 1 0)
s>            ( - 2.748e+01 2 0 WDBNDRY_B 0 1.289e+01 4.000e+00))
s>        ( QUESTION2_2_L -1 7.202e+02 9.206e+01 4.600e+01
s>            ( QUESTION4 -1 3.530e+02 6.174e+01 2.500e+01
s>                ( - 2.106e+02 1 0)
s>                ( - 8.074e+01 1 0))
s>            ( QUESTION2_10_L -1 2.751e+02 5.104e+01 2.100e+01
s>                ( WDBNDRY_B 0 1.260e+02 1.685e+01 1.100e+01
s>                    ( - 7.905e+00 1 0)
s>                    ( - 1.012e+02 1 0))
s>                ( WDBNDRY_B 0 9.806e+01 1.542e+01 1.000e+01
s>                    ( - 8.264e+01 1 0)
s>                    ( - 0.000e+00 1 0)))))INFO: dtree.c(1439): stop. leaf nodes are specific
INFO: dtree.c(1478): Final simple tree
|( WDBNDRY_E 0 1.838e+03 1.980e+02 1.055e+02
|    ( QUESTION0 -1 5.603e+02 6.899e+01 3.500e+01
|        ( - 4.218e+02 1 0)
|        ( - 6.953e+01 2 0))
|    ( QUESTION0_0_R 1 1.080e+03 7.759e+01 7.047e+01
|        ( - 7.047e+01 1 0)
|        ( - 9.317e+02 1 0)))
s>    ( WDBNDRY_E 0 1.838e+03 1.980e+02 1.055e+02
s>        ( QUESTION0 -1 5.603e+02 6.899e+01 3.500e+01
s>            ( - 4.218e+02 1 0)
s>            ( - 6.953e+01 2 0))
s>        ( QUESTION0_0_R 1 1.080e+03 7.759e+01 7.047e+01
s>            ( - 7.047e+01 1 0)
s>            ( - 9.317e+02 1 0)))INFO: dtree.c(1315): Comp split 11
INFO: dtree.c(1478): Final simple tree
|( QUESTION0_15_R 1 2.424e+03 2.095e+02 1.224e+02
|    ( QUESTION0_16_R 1 8.153e+02 1.116e+02 4.985e+01
|        ( - 3.624e+02 1 0)
|        ( - 3.414e+02 1 0))
|    ( QUESTION0 -1 1.400e+03 1.817e+02 7.253e+01
|        ( - 5.128e+02 1 0)
|        ( QUESTION0_10_R 1 7.051e+02 1.179e+02 3.900e+01
|            ( QUESTION0_11_R 1 2.829e+02 6.073e+01 1.900e+01
|                ( QUESTION0_12_R 1 1.280e+02 3.078e+01 1.100e+01
|                    ( - 8.174e+01 1 0)
|                    ( - 1.551e+01 1 0))
|                ( - 9.416e+01 2 0 QUESTION4 -1 3.057e+01 8.000e+00))
|            ( QUESTION6 1 3.042e+02 3.178e+01 2.000e+01
|                ( - 8.000e+00 1 0)
|                ( - 2.644e+02 1 0)))))
s>    ( QUESTION0_15_R 1 2.424e+03 2.095e+02 1.224e+02
s>        ( QUESTION0_16_R 1 8.153e+02 1.116e+02 4.985e+01
s>            ( - 3.624e+02 1 0)
s>            ( - 3.414e+02 1 0))
s>        ( QUESTION0 -1 1.400e+03 1.817e+02 7.253e+01
s>            ( - 5.128e+02 1 0)
s>            ( QUESTION0_10_R 1 7.051e+02 1.179e+02 3.900e+01
s>                ( QUESTION0_11_R 1 2.829e+02 6.073e+01 1.900e+01
s>                    ( QUESTION0_12_R 1 1.280e+02 3.078e+01 1.100e+01
s>                        ( - 8.174e+01 1 0)
s>                        ( - 1.551e+01 1 0))
s>                    ( - 9.416e+01 2 0 QUESTION4 -1 3.057e+01 8.000e+00))
s>                ( QUESTION6 1 3.042e+02 3.178e+01 2.000e+01
s>                    ( - 8.000e+00 1 0)
s>                    ( - 2.644e+02 1 0)))))INFO: dtree.c(1439): stop. leaf nodes are specific
INFO: dtree.c(1478): Final simple tree
|( QUESTION4 1 2.501e+03 1.678e+02 1.267e+02
|    ( - 1.832e+03 1 0)
|    ( QUESTION0_16_R 1 5.016e+02 8.188e+01 3.009e+01
|        ( QUESTION0 -1 9.430e+01 3.215e+01 8.000e+00
|            ( - 3.457e+01 1 0)
|            ( - 2.757e+01 1 0))
|        ( - 3.254e+02 1 0)))
s>    ( QUESTION4 1 2.501e+03 1.678e+02 1.267e+02
s>        ( - 1.832e+03 1 0)
s>        ( QUESTION0_16_R 1 5.016e+02 8.188e+01 3.009e+01
s>            ( QUESTION0 -1 9.430e+01 3.215e+01 8.000e+00
s>                ( - 3.457e+01 1 0)
s>                ( - 2.757e+01 1 0))
s>            ( - 3.254e+02 1 0)))INFO: dtree.c(1315): Comp split 12
INFO: dtree.c(1439): stop. leaf nodes are specific
INFO: dtree.c(1478): Final simple tree
|( QUESTION2_4_L -1 8.209e+03 2.286e+02 4.635e+02
|    ( QUESTION4 -1 4.320e+03 1.681e+02 2.469e+02
|        ( - 3.010e+03 1 0)
|        ( QUESTION2_9_L -1 1.141e+03 6.084e+01 7.008e+01
|            ( - 3.800e+01 1 0)
|            ( - 1.043e+03 1 0)))
|    ( QUESTION0 -1 3.661e+03 1.086e+02 2.166e+02
|        ( - 3.243e+03 3 0)
|        ( - 3.097e+02 1 0)))
s>    ( QUESTION2_4_L -1 8.209e+03 2.286e+02 4.635e+02
s>        ( QUESTION4 -1 4.320e+03 1.681e+02 2.469e+02
s>            ( - 3.010e+03 1 0)
s>            ( QUESTION2_9_L -1 1.141e+03 6.084e+01 7.008e+01
s>                ( - 3.800e+01 1 0)
s>                ( - 1.043e+03 1 0)))
s>        ( QUESTION0 -1 3.661e+03 1.086e+02 2.166e+02
s>            ( - 3.243e+03 3 0)
s>            ( - 3.097e+02 1 0)))INFO: dtree.c(1439): stop. leaf nodes are specific
INFO: dtree.c(1478): Final simple tree
|( QUESTION2_0_L -1 1.234e+04 2.365e+02 6.754e+02
|    ( QUESTION2_4_L -1 1.035e+04 2.214e+02 5.680e+02
|        ( QUESTION6 -1 5.009e+03 2.964e+01 2.897e+02
|            ( - 5.048e+00 1 0)
|            ( - 4.975e+03 1 0))
|        ( QUESTION0 -1 5.116e+03 1.707e+02 2.783e+02
|            ( - 3.710e+03 2 0)
|            ( QUESTION4 -1 1.235e+03 1.094e+02 7.384e+01
|                ( - 6.194e+02 2 0)
|                ( - 5.060e+02 1 0))))
|    ( SILENCE -1 1.752e+03 3.265e+01 1.074e+02
|        ( - 1.704e+03 1 0)
|        ( - 1.554e+01 1 0)))
s>    ( QUESTION2_0_L -1 1.234e+04 2.365e+02 6.754e+02
s>        ( QUESTION2_4_L -1 1.035e+04 2.214e+02 5.680e+02
s>            ( QUESTION6 -1 5.009e+03 2.964e+01 2.897e+02
s>                ( - 5.048e+00 1 0)
s>                ( - 4.975e+03 1 0))
s>            ( QUESTION0 -1 5.116e+03 1.707e+02 2.783e+02
s>                ( - 3.710e+03 2 0)
s>                ( QUESTION4 -1 1.235e+03 1.094e+02 7.384e+01
s>                    ( - 6.194e+02 2 0)
s>                    ( - 5.060e+02 1 0))))
s>        ( SILENCE -1 1.752e+03 3.265e+01 1.074e+02
s>            ( - 1.704e+03 1 0)
s>            ( - 1.554e+01 1 0)))INFO: dtree.c(1315): Comp split 13
INFO: dtree.c(1315): Comp split 14
INFO: dtree.c(1439): stop. leaf nodes are specific
INFO: dtree.c(1478): Final simple tree
|( QUESTION0 -1 5.116e+03 1.707e+02 2.783e+02
|    ( - 3.710e+03 2 0)
|    ( QUESTION4 -1 1.235e+03 1.094e+02 7.384e+01
|        ( - 6.194e+02 2 0)
|        ( - 5.060e+02 1 0)))
s>    ( QUESTION0 -1 5.116e+03 1.707e+02 2.783e+02
s>        ( - 3.710e+03 2 0)
s>        ( QUESTION4 -1 1.235e+03 1.094e+02 7.384e+01
s>            ( - 6.194e+02 2 0)
s>            ( - 5.060e+02 1 0)))INFO: dtree.c(1439): stop. leaf nodes are specific
INFO: dtree.c(1478): Final simple tree
|( QUESTION16 -1 6.970e+03 2.108e+02 3.971e+02
|    ( - 4.975e+03 1 0)
|    ( SILENCE -1 1.784e+03 4.397e+01 1.094e+02
|        ( - 1.704e+03 1 0)
|        ( QUESTION0 -1 3.635e+01 1.576e+01 5.000e+00
|            ( - 1.554e+01 1 0)
|            ( - 5.048e+00 1 0))))
s>    ( QUESTION16 -1 6.970e+03 2.108e+02 3.971e+02
s>        ( - 4.975e+03 1 0)
s>        ( SILENCE -1 1.784e+03 4.397e+01 1.094e+02
s>            ( - 1.704e+03 1 0)
s>            ( QUESTION0 -1 3.635e+01 1.576e+01 5.000e+00
s>                ( - 1.554e+01 1 0)
s>                ( - 5.048e+00 1 0))))INFO: dtree.c(1315): Comp split 15
INFO: dtree.c(1439): stop. leaf nodes are specific
INFO: dtree.c(1478): Final simple tree
|( QUESTION0 -1 3.759e+03 1.163e+02 2.226e+02
|    ( - 3.243e+03 3 0)
|    ( QUESTION17 -1 4.004e+02 5.267e+01 2.900e+01
|        ( - 3.097e+02 1 0)
|        ( - 3.800e+01 1 0)))
s>    ( QUESTION0 -1 3.759e+03 1.163e+02 2.226e+02
s>        ( - 3.243e+03 3 0)
s>        ( QUESTION17 -1 4.004e+02 5.267e+01 2.900e+01
s>            ( - 3.097e+02 1 0)
s>            ( - 3.800e+01 1 0)))INFO: dtree.c(1439): stop. leaf nodes are specific
INFO: dtree.c(1478): Final simple tree
|( QUESTION4 -1 4.219e+03 1.660e+02 2.409e+02
|    ( - 3.010e+03 1 0)
|    ( - 1.043e+03 1 0))
s>    ( QUESTION4 -1 4.219e+03 1.660e+02 2.409e+02
s>        ( - 3.010e+03 1 0)
s>        ( - 1.043e+03 1 0))INFO: dtree.c(1315): Comp split 16
INFO: dtree.c(1439): stop. leaf nodes are specific
INFO: dtree.c(1478): Final simple tree
|( WDBNDRY_E 0 8.274e+02 1.128e+02 4.772e+01
|    ( QUESTION0 -1 1.689e+02 4.125e+01 1.300e+01
|        ( - 1.001e+02 1 0)
|        ( - 2.757e+01 1 0))
|    ( - 5.457e+02 1 0))
s>    ( WDBNDRY_E 0 8.274e+02 1.128e+02 4.772e+01
s>        ( QUESTION0 -1 1.689e+02 4.125e+01 1.300e+01
s>            ( - 1.001e+02 1 0)
s>            ( - 2.757e+01 1 0))
s>        ( - 5.457e+02 1 0))INFO: dtree.c(1439): stop. leaf nodes are specific
INFO: dtree.c(1478): Final simple tree
|( QUESTION17 -1 1.672e+03 5.721e+01 9.388e+01
|    ( - 2.627e+01 1 0)
|    ( - 1.588e+03 1 0))
s>    ( QUESTION17 -1 1.672e+03 5.721e+01 9.388e+01
s>        ( - 2.627e+01 1 0)
s>        ( - 1.588e+03 1 0))INFO: dtree.c(1315): Comp split 17
INFO: dtree.c(1439): stop. leaf nodes are specific
INFO: dtree.c(1478): Final simple tree
|( QUESTION0 -1 1.024e+03 1.488e+02 5.653e+01
|    ( - 5.128e+02 1 0)
|    ( QUESTION6 1 3.619e+02 5.644e+01 2.300e+01
|        ( QUESTION0_10_R 1 4.105e+01 1.754e+01 5.000e+00
|            ( - 1.551e+01 1 0)
|            ( - 8.000e+00 1 0))
|        ( - 2.644e+02 1 0)))
s>    ( QUESTION0 -1 1.024e+03 1.488e+02 5.653e+01
s>        ( - 5.128e+02 1 0)
s>        ( QUESTION6 1 3.619e+02 5.644e+01 2.300e+01
s>            ( QUESTION0_10_R 1 4.105e+01 1.754e+01 5.000e+00
s>                ( - 1.551e+01 1 0)
s>                ( - 8.000e+00 1 0))
s>            ( - 2.644e+02 1 0)))INFO: dtree.c(1439): stop. leaf nodes are specific
INFO: dtree.c(1478): Final simple tree
|( QUESTION5 -1 1.180e+03 1.473e+02 6.585e+01
|    ( QUESTION0_10_R 1 6.329e+02 9.896e+01 4.000e+01
|        ( QUESTION0_11_R 1 1.716e+02 4.326e+01 1.300e+01
|            ( - 8.174e+01 1 0)
|            ( - 4.657e+01 1 0))
|        ( - 3.624e+02 1 0))
|    ( QUESTION0_10_R 1 3.995e+02 4.116e+01 2.585e+01
|        ( - 1.702e+01 1 0)
|        ( - 3.414e+02 1 0)))
s>    ( QUESTION5 -1 1.180e+03 1.473e+02 6.585e+01
s>        ( QUESTION0_10_R 1 6.329e+02 9.896e+01 4.000e+01
s>            ( QUESTION0_11_R 1 1.716e+02 4.326e+01 1.300e+01
s>                ( - 8.174e+01 1 0)
s>                ( - 4.657e+01 1 0))
s>            ( - 3.624e+02 1 0))
s>        ( QUESTION0_10_R 1 3.995e+02 4.116e+01 2.585e+01
s>            ( - 1.702e+01 1 0)
s>            ( - 3.414e+02 1 0)))INFO: dtree.c(1315): Comp split 18
INFO: dtree.c(1439): stop. leaf nodes are specific
INFO: dtree.c(1478): Final simple tree
|( QUESTION2_6_L -1 2.705e+03 1.542e+02 1.525e+02
|    ( QUESTION2_9_L -1 6.646e+02 5.027e+01 4.309e+01
|        ( - 2.764e+01 1 0)
|        ( - 5.867e+02 1 0))
|    ( QUESTION4 -1 1.886e+03 5.121e+01 1.094e+02
|        ( - 1.786e+03 2 0)
|        ( - 4.899e+01 1 0)))
s>    ( QUESTION2_6_L -1 2.705e+03 1.542e+02 1.525e+02
s>        ( QUESTION2_9_L -1 6.646e+02 5.027e+01 4.309e+01
s>            ( - 2.764e+01 1 0)
s>            ( - 5.867e+02 1 0))
s>        ( QUESTION4 -1 1.886e+03 5.121e+01 1.094e+02
s>            ( - 1.786e+03 2 0)
s>            ( - 4.899e+01 1 0)))INFO: dtree.c(1439): stop. leaf nodes are specific
INFO: dtree.c(1478): Final simple tree
|( QUESTION0 -1 3.531e+03 1.739e+02 1.976e+02
|    ( - 1.383e+03 3 0)
|    ( SILENCE -1 1.974e+03 1.230e+02 1.136e+02
|        ( - 1.055e+03 1 0)
|        ( - 7.963e+02 1 0)))
s>    ( QUESTION0 -1 3.531e+03 1.739e+02 1.976e+02
s>        ( - 1.383e+03 3 0)
s>        ( SILENCE -1 1.974e+03 1.230e+02 1.136e+02
s>            ( - 1.055e+03 1 0)
s>            ( - 7.963e+02 1 0)))INFO: dtree.c(1315): Comp split 19
INFO: dtree.c(1439): stop. leaf nodes are specific
INFO: dtree.c(1478): Final simple tree
|( SILENCE -1 1.784e+03 4.397e+01 1.094e+02
|    ( - 1.704e+03 1 0)
|    ( QUESTION0 -1 3.635e+01 1.576e+01 5.000e+00
|        ( - 1.554e+01 1 0)
|        ( - 5.048e+00 1 0)))
s>    ( SILENCE -1 1.784e+03 4.397e+01 1.094e+02
s>        ( - 1.704e+03 1 0)
s>        ( QUESTION0 -1 3.635e+01 1.576e+01 5.000e+00
s>            ( - 1.554e+01 1 0)
s>            ( - 5.048e+00 1 0)))INFO: dtree.c(1315): Comp split 20
INFO: dtree.c(1439): stop. leaf nodes are specific
INFO: dtree.c(1478): Final simple tree
|( QUESTION2_12_L -1 5.577e+03 1.485e+02 3.190e+02
|    ( - 4.595e+03 1 0)
|    ( - 8.337e+02 1 0))
s>    ( QUESTION2_12_L -1 5.577e+03 1.485e+02 3.190e+02
s>        ( - 4.595e+03 1 0)
s>        ( - 8.337e+02 1 0))INFO: dtree.c(1315): Comp split 21
INFO: dtree.c(1439): stop. leaf nodes are specific
INFO: dtree.c(1478): Final simple tree
|( QUESTION1 1 5.207e+02 1.001e+02 3.200e+01
|    ( - 1.849e+02 2 0)
|    ( QUESTION0_0_R 1 2.358e+02 6.213e+01 1.800e+01
|        ( - 6.303e+01 1 0)
|        ( QUESTION0 1 1.106e+02 3.164e+01 1.000e+01
|            ( - 7.372e+01 3 0)
|            ( - 5.247e+00 1 0))))
s>    ( QUESTION1 1 5.207e+02 1.001e+02 3.200e+01
s>        ( - 1.849e+02 2 0)
s>        ( QUESTION0_0_R 1 2.358e+02 6.213e+01 1.800e+01
s>            ( - 6.303e+01 1 0)
s>            ( QUESTION0 1 1.106e+02 3.164e+01 1.000e+01
s>                ( - 7.372e+01 3 0)
s>                ( - 5.247e+00 1 0))))INFO: dtree.c(1439): stop. leaf nodes are specific
INFO: dtree.c(1478): Final simple tree
|( QUESTION0 -1 5.772e+02 3.595e+01 4.006e+01
|    ( - 5.137e+02 1 0)
|    ( - 2.757e+01 1 0))
s>    ( QUESTION0 -1 5.772e+02 3.595e+01 4.006e+01
s>        ( - 5.137e+02 1 0)
s>        ( - 2.757e+01 1 0))INFO: dtree.c(1315): Comp split 22
INFO: dtree.c(1439): stop. leaf nodes are specific
INFO: dtree.c(1478): Final simple tree
|( QUESTION0_0_R 1 1.080e+03 7.759e+01 7.047e+01
|    ( - 7.047e+01 1 0)
|    ( - 9.317e+02 1 0))
s>    ( QUESTION0_0_R 1 1.080e+03 7.759e+01 7.047e+01
s>        ( - 7.047e+01 1 0)
s>        ( - 9.317e+02 1 0))INFO: dtree.c(1439): stop. leaf nodes are specific
INFO: dtree.c(1478): Final simple tree
|( QUESTION0 -1 5.603e+02 6.899e+01 3.500e+01
|    ( - 4.218e+02 1 0)
|    ( - 6.953e+01 2 0))
s>    ( QUESTION0 -1 5.603e+02 6.899e+01 3.500e+01
s>        ( - 4.218e+02 1 0)
s>        ( - 6.953e+01 2 0))INFO: dtree.c(1315): Comp split 23
INFO: dtree.c(1439): stop. leaf nodes are specific
INFO: dtree.c(1478): Final simple tree
|( SILENCE -1 1.974e+03 1.230e+02 1.136e+02
|    ( - 1.055e+03 1 0)
|    ( - 7.963e+02 1 0))
s>    ( SILENCE -1 1.974e+03 1.230e+02 1.136e+02
s>        ( - 1.055e+03 1 0)
s>        ( - 7.963e+02 1 0))INFO: dtree.c(1315): Comp split 24
INFO: dtree.c(1439): stop. leaf nodes are specific
INFO: dtree.c(1478): Final simple tree
|( QUESTION4 -1 1.235e+03 1.094e+02 7.384e+01
|    ( - 6.194e+02 2 0)
|    ( - 5.060e+02 1 0))
s>    ( QUESTION4 -1 1.235e+03 1.094e+02 7.384e+01
s>        ( - 6.194e+02 2 0)
s>        ( - 5.060e+02 1 0))INFO: dtree.c(1315): Comp split 25
INFO: dtree.c(1439): stop. leaf nodes are specific
INFO: dtree.c(1478): Final simple tree
|( QUESTION0_16_R 1 5.016e+02 8.188e+01 3.009e+01
|    ( QUESTION0 -1 9.430e+01 3.215e+01 8.000e+00
|        ( - 3.457e+01 1 0)
|        ( - 2.757e+01 1 0))
|    ( - 3.254e+02 1 0))
s>    ( QUESTION0_16_R 1 5.016e+02 8.188e+01 3.009e+01
s>        ( QUESTION0 -1 9.430e+01 3.215e+01 8.000e+00
s>            ( - 3.457e+01 1 0)
s>            ( - 2.757e+01 1 0))
s>        ( - 3.254e+02 1 0))INFO: dtree.c(1315): Comp split 26
INFO: dtree.c(1315): Comp split 27
INFO: dtree.c(1439): stop. leaf nodes are specific
INFO: dtree.c(1478): Final simple tree
|( QUESTION4 -1 1.886e+03 5.121e+01 1.094e+02
|    ( - 1.786e+03 2 0)
|    ( - 4.899e+01 1 0))
s>    ( QUESTION4 -1 1.886e+03 5.121e+01 1.094e+02
s>        ( - 1.786e+03 2 0)
s>        ( - 4.899e+01 1 0))INFO: dtree.c(1439): stop. leaf nodes are specific
INFO: dtree.c(1478): Final simple tree
|( QUESTION2_9_L -1 6.646e+02 5.027e+01 4.309e+01
|    ( - 2.764e+01 1 0)
|    ( - 5.867e+02 1 0))
s>    ( QUESTION2_9_L -1 6.646e+02 5.027e+01 4.309e+01
s>        ( - 2.764e+01 1 0)
s>        ( - 5.867e+02 1 0))INFO: dtree.c(1315): Comp split 28
INFO: dtree.c(1439): stop. leaf nodes are specific
INFO: dtree.c(1478): Final simple tree
|( QUESTION6 1 3.619e+02 5.644e+01 2.300e+01
|    ( QUESTION0_10_R 1 4.105e+01 1.754e+01 5.000e+00
|        ( - 1.551e+01 1 0)
|        ( - 8.000e+00 1 0))
|    ( - 2.644e+02 1 0))
s>    ( QUESTION6 1 3.619e+02 5.644e+01 2.300e+01
s>        ( QUESTION0_10_R 1 4.105e+01 1.754e+01 5.000e+00
s>            ( - 1.551e+01 1 0)
s>            ( - 8.000e+00 1 0))
s>        ( - 2.644e+02 1 0))INFO: dtree.c(1315): Comp split 29
INFO: dtree.c(1315): Comp split 30
INFO: dtree.c(1439): stop. leaf nodes are specific
INFO: dtree.c(1478): Final simple tree
|( QUESTION0_10_R 1 6.329e+02 9.896e+01 4.000e+01
|    ( QUESTION0_11_R 1 1.716e+02 4.326e+01 1.300e+01
|        ( - 8.174e+01 1 0)
|        ( - 4.657e+01 1 0))
|    ( - 3.624e+02 1 0))
s>    ( QUESTION0_10_R 1 6.329e+02 9.896e+01 4.000e+01
s>        ( QUESTION0_11_R 1 1.716e+02 4.326e+01 1.300e+01
s>            ( - 8.174e+01 1 0)
s>            ( - 4.657e+01 1 0))
s>        ( - 3.624e+02 1 0))INFO: dtree.c(1439): stop. leaf nodes are specific
INFO: dtree.c(1478): Final simple tree
|( QUESTION0_10_R 1 3.995e+02 4.116e+01 2.585e+01
|    ( - 1.702e+01 1 0)
|    ( - 3.414e+02 1 0))
s>    ( QUESTION0_10_R 1 3.995e+02 4.116e+01 2.585e+01
s>        ( - 1.702e+01 1 0)
s>        ( - 3.414e+02 1 0))INFO: dtree.c(1315): Comp split 31
INFO: dtree.c(1439): stop. leaf nodes are specific
INFO: dtree.c(1478): Final simple tree
|( WDBNDRY_E 0 2.157e+02 3.566e+01 1.700e+01
|    ( - 1.401e+02 1 0)
|    ( WDBNDRY_B 0 3.994e+01 1.735e+01 5.000e+00
|        ( - 1.459e+01 1 0)
|        ( QUESTION0_0_R 1 8.000e+00 8.000e+00 2.000e+00
|            ( - 0.000e+00 1 0)
|            ( - 0.000e+00 1 0))))
s>    ( WDBNDRY_E 0 2.157e+02 3.566e+01 1.700e+01
s>        ( - 1.401e+02 1 0)
s>        ( WDBNDRY_B 0 3.994e+01 1.735e+01 5.000e+00
s>            ( - 1.459e+01 1 0)
s>            ( QUESTION0_0_R 1 8.000e+00 8.000e+00 2.000e+00
s>                ( - 0.000e+00 1 0)
s>                ( - 0.000e+00 1 0))))INFO: dtree.c(1439): stop. leaf nodes are specific
INFO: dtree.c(1478): Final simple tree
|( QUESTION2_0_L -1 6.996e+02 8.901e+01 4.500e+01
|    ( QUESTION4 -1 3.530e+02 6.174e+01 2.500e+01
|        ( - 2.106e+02 1 0)
|        ( - 8.074e+01 1 0))
|    ( SILENCE -1 2.575e+02 4.887e+01 2.000e+01
|        ( - 8.264e+01 1 0)
|        ( WDBNDRY_B 0 1.260e+02 1.685e+01 1.100e+01
|            ( - 7.905e+00 1 0)
|            ( - 1.012e+02 1 0))))
s>    ( QUESTION2_0_L -1 6.996e+02 8.901e+01 4.500e+01
s>        ( QUESTION4 -1 3.530e+02 6.174e+01 2.500e+01
s>            ( - 2.106e+02 1 0)
s>            ( - 8.074e+01 1 0))
s>        ( SILENCE -1 2.575e+02 4.887e+01 2.000e+01
s>            ( - 8.264e+01 1 0)
s>            ( WDBNDRY_B 0 1.260e+02 1.685e+01 1.100e+01
s>                ( - 7.905e+00 1 0)
s>                ( - 1.012e+02 1 0))))INFO: dtree.c(1315): Comp split 32
INFO: dtree.c(1439): stop. leaf nodes are specific
INFO: dtree.c(1478): Final simple tree
|( QUESTION7 -1 3.299e+02 5.558e+01 2.400e+01
|    ( - 1.489e+02 1 0)
|    ( - 1.254e+02 1 0))
s>    ( QUESTION7 -1 3.299e+02 5.558e+01 2.400e+01
s>        ( - 1.489e+02 1 0)
s>        ( - 1.254e+02 1 0))INFO: dtree.c(1315): Comp split 33
INFO: dtree.c(1315): Comp split 34
INFO: dtree.c(1439): stop. leaf nodes are specific
INFO: dtree.c(1478): Final simple tree
|( QUESTION17 -1 4.004e+02 5.267e+01 2.900e+01
|    ( - 3.097e+02 1 0)
|    ( - 3.800e+01 1 0))
s>    ( QUESTION17 -1 4.004e+02 5.267e+01 2.900e+01
s>        ( - 3.097e+02 1 0)
s>        ( - 3.800e+01 1 0))INFO: dtree.c(1315): Comp split 35
INFO: dtree.c(1439): stop. leaf nodes are specific
INFO: dtree.c(1478): Final simple tree
|( QUESTION0 -1 1.689e+02 4.125e+01 1.300e+01
|    ( - 1.001e+02 1 0)
|    ( - 2.757e+01 1 0))
s>    ( QUESTION0 -1 1.689e+02 4.125e+01 1.300e+01
s>        ( - 1.001e+02 1 0)
s>        ( - 2.757e+01 1 0))INFO: dtree.c(1315): Comp split 36
INFO: dtree.c(1478): Final simple tree
|( QUESTION1 -1 8.223e+02 6.374e+01 6.499e+01
|    ( - 1.804e+02 2 0)
|    ( QUESTION2_5_L -1 5.781e+02 5.681e+01 4.700e+01
|        ( QUESTION4 -1 2.319e+02 3.256e+01 2.101e+01
|            ( - 1.570e+02 1 0)
|            ( - 4.240e+01 1 0))
|        ( QUESTION2_0_L -1 2.894e+02 3.562e+01 2.600e+01
|            ( QUESTION0 -1 1.005e+02 2.137e+01 1.100e+01
|                ( - 3.619e+01 1 0)
|                ( QUESTION4 -1 4.290e+01 1.276e+01 6.000e+00
|                    ( - 1.621e+01 2 0)
|                    ( - 1.393e+01 1 0)))
|            ( SILENCE -1 1.533e+02 2.240e+01 1.500e+01
|                ( - 1.158e+02 1 0)
|                ( - 1.513e+01 1 0)))))
s>    ( QUESTION1 -1 8.223e+02 6.374e+01 6.499e+01
s>        ( - 1.804e+02 2 0)
s>        ( QUESTION2_5_L -1 5.781e+02 5.681e+01 4.700e+01
s>            ( QUESTION4 -1 2.319e+02 3.256e+01 2.101e+01
s>                ( - 1.570e+02 1 0)
s>                ( - 4.240e+01 1 0))
s>            ( QUESTION2_0_L -1 2.894e+02 3.562e+01 2.600e+01
s>                ( QUESTION0 -1 1.005e+02 2.137e+01 1.100e+01
s>                    ( - 3.619e+01 1 0)
s>                    ( QUESTION4 -1 4.290e+01 1.276e+01 6.000e+00
s>                        ( - 1.621e+01 2 0)
s>                        ( - 1.393e+01 1 0)))
s>                ( SILENCE -1 1.533e+02 2.240e+01 1.500e+01
s>                    ( - 1.158e+02 1 0)
s>                    ( - 1.513e+01 1 0)))))INFO: dtree.c(1439): stop. leaf nodes are specific
INFO: dtree.c(1478): Final simple tree
|( QUESTION7 -1 3.192e+02 5.550e+01 2.356e+01
|    ( QUESTION8 -1 1.462e+02 3.702e+01 1.259e+01
|        ( - 1.573e+01 1 0)
|        ( - 9.348e+01 1 0))
|    ( QUESTION6 -1 1.175e+02 3.264e+01 1.097e+01
|        ( - 2.747e+01 1 0)
|        ( - 5.738e+01 1 0)))
s>    ( QUESTION7 -1 3.192e+02 5.550e+01 2.356e+01
s>        ( QUESTION8 -1 1.462e+02 3.702e+01 1.259e+01
s>            ( - 1.573e+01 1 0)
s>            ( - 9.348e+01 1 0))
s>        ( QUESTION6 -1 1.175e+02 3.264e+01 1.097e+01
s>            ( - 2.747e+01 1 0)
s>            ( - 5.738e+01 1 0)))INFO: dtree.c(1315): Comp split 37
INFO: dtree.c(1315): Comp split 38
INFO: dtree.c(1439): stop. leaf nodes are specific
INFO: dtree.c(1478): Final simple tree
|( QUESTION0_0_R 1 2.358e+02 6.213e+01 1.800e+01
|    ( - 6.303e+01 1 0)
|    ( QUESTION0 1 1.106e+02 3.164e+01 1.000e+01
|        ( - 7.372e+01 3 0)
|        ( - 5.247e+00 1 0)))
s>    ( QUESTION0_0_R 1 2.358e+02 6.213e+01 1.800e+01
s>        ( - 6.303e+01 1 0)
s>        ( QUESTION0 1 1.106e+02 3.164e+01 1.000e+01
s>            ( - 7.372e+01 3 0)
s>            ( - 5.247e+00 1 0)))INFO: dtree.c(1315): Comp split 39
INFO: dtree.c(1439): stop. leaf nodes are specific
INFO: dtree.c(1478): Final simple tree
|( QUESTION0_11_R 1 1.716e+02 4.326e+01 1.300e+01
|    ( - 8.174e+01 1 0)
|    ( - 4.657e+01 1 0))
s>    ( QUESTION0_11_R 1 1.716e+02 4.326e+01 1.300e+01
s>        ( - 8.174e+01 1 0)
s>        ( - 4.657e+01 1 0))INFO: dtree.c(1315): Comp split 40
INFO: dtree.c(1439): stop. leaf nodes are specific
INFO: dtree.c(1478): Final simple tree
|( SILENCE -1 2.575e+02 4.887e+01 2.000e+01
|    ( - 8.264e+01 1 0)
|    ( WDBNDRY_B 0 1.260e+02 1.685e+01 1.100e+01
|        ( - 7.905e+00 1 0)
|        ( - 1.012e+02 1 0)))
s>    ( SILENCE -1 2.575e+02 4.887e+01 2.000e+01
s>        ( - 8.264e+01 1 0)
s>        ( WDBNDRY_B 0 1.260e+02 1.685e+01 1.100e+01
s>            ( - 7.905e+00 1 0)
s>            ( - 1.012e+02 1 0)))INFO: dtree.c(1439): stop. leaf nodes are specific
INFO: dtree.c(1478): Final simple tree
|( QUESTION4 -1 3.530e+02 6.174e+01 2.500e+01
|    ( - 2.106e+02 1 0)
|    ( - 8.074e+01 1 0))
s>    ( QUESTION4 -1 3.530e+02 6.174e+01 2.500e+01
s>        ( - 2.106e+02 1 0)
s>        ( - 8.074e+01 1 0))INFO: dtree.c(1315): Comp split 41
INFO: dtree.c(1439): stop. leaf nodes are specific
INFO: dtree.c(1478): Final simple tree
|( QUESTION0 -1 9.430e+01 3.215e+01 8.000e+00
|    ( - 3.457e+01 1 0)
|    ( - 2.757e+01 1 0))
s>    ( QUESTION0 -1 9.430e+01 3.215e+01 8.000e+00
s>        ( - 3.457e+01 1 0)
s>        ( - 2.757e+01 1 0))INFO: dtree.c(1315): Comp split 42
INFO: dtree.c(1315): Comp split 43
INFO: dtree.c(1315): Comp split 44
INFO: dtree.c(1439): stop. leaf nodes are specific
INFO: dtree.c(1478): Final simple tree
|( QUESTION2_5_L -1 4.972e+02 5.084e+01 4.200e+01
|    ( - 1.570e+02 1 0)
|    ( QUESTION2_0_L -1 2.894e+02 3.562e+01 2.600e+01
|        ( QUESTION0 -1 1.005e+02 2.137e+01 1.100e+01
|            ( - 3.619e+01 1 0)
|            ( QUESTION4 -1 4.290e+01 1.276e+01 6.000e+00
|                ( - 1.621e+01 2 0)
|                ( - 1.393e+01 1 0)))
|        ( SILENCE -1 1.533e+02 2.240e+01 1.500e+01
|            ( - 1.158e+02 1 0)
|            ( - 1.513e+01 1 0))))
s>    ( QUESTION2_5_L -1 4.972e+02 5.084e+01 4.200e+01
s>        ( - 1.570e+02 1 0)
s>        ( QUESTION2_0_L -1 2.894e+02 3.562e+01 2.600e+01
s>            ( QUESTION0 -1 1.005e+02 2.137e+01 1.100e+01
s>                ( - 3.619e+01 1 0)
s>                ( QUESTION4 -1 4.290e+01 1.276e+01 6.000e+00
s>                    ( - 1.621e+01 2 0)
s>                    ( - 1.393e+01 1 0)))
s>            ( SILENCE -1 1.533e+02 2.240e+01 1.500e+01
s>                ( - 1.158e+02 1 0)
s>                ( - 1.513e+01 1 0))))INFO: dtree.c(1439): stop. leaf nodes are specific
INFO: dtree.c(1478): Final simple tree
|( QUESTION0 -1 2.524e+02 2.955e+01 2.299e+01
|    ( - 1.804e+02 2 0)
|    ( - 4.240e+01 1 0))
s>    ( QUESTION0 -1 2.524e+02 2.955e+01 2.299e+01
s>        ( - 1.804e+02 2 0)
s>        ( - 4.240e+01 1 0))INFO: dtree.c(1315): Comp split 45
INFO: dtree.c(1315): Comp split 46
INFO: dtree.c(1439): stop. leaf nodes are specific
INFO: dtree.c(1478): Final simple tree
|( QUESTION0 1 1.106e+02 3.164e+01 1.000e+01
|    ( - 7.372e+01 3 0)
|    ( - 5.247e+00 1 0))
s>    ( QUESTION0 1 1.106e+02 3.164e+01 1.000e+01
s>        ( - 7.372e+01 3 0)
s>        ( - 5.247e+00 1 0))INFO: dtree.c(1315): Comp split 47
INFO: dtree.c(1315): Comp split 48
INFO: dtree.c(1439): stop. leaf nodes are specific
INFO: dtree.c(1478): Final simple tree
|( QUESTION7 -1 1.577e+02 3.671e+01 1.359e+01
|    ( - 9.348e+01 1 0)
|    ( - 2.747e+01 1 0))
s>    ( QUESTION7 -1 1.577e+02 3.671e+01 1.359e+01
s>        ( - 9.348e+01 1 0)
s>        ( - 2.747e+01 1 0))INFO: dtree.c(1439): stop. leaf nodes are specific
INFO: dtree.c(1478): Final simple tree
|( QUESTION6 -1 1.005e+02 2.736e+01 9.975e+00
|    ( - 1.573e+01 1 0)
|    ( - 5.738e+01 1 0))
s>    ( QUESTION6 -1 1.005e+02 2.736e+01 9.975e+00
s>        ( - 1.573e+01 1 0)
s>        ( - 5.738e+01 1 0))INFO: dtree.c(1315): Comp split 49
INFO: dtree.c(1315): Comp split 50
INFO: dtree.c(1439): stop. leaf nodes are specific
INFO: dtree.c(1478): Final simple tree
|( QUESTION0_10_R 1 4.105e+01 1.754e+01 5.000e+00
|    ( - 1.551e+01 1 0)
|    ( - 8.000e+00 1 0))
s>    ( QUESTION0_10_R 1 4.105e+01 1.754e+01 5.000e+00
s>        ( - 1.551e+01 1 0)
s>        ( - 8.000e+00 1 0))INFO: dtree.c(1315): Comp split 51
INFO: dtree.c(1439): stop. leaf nodes are specific
INFO: dtree.c(1478): Final simple tree
|( SILENCE -1 2.256e+02 3.101e+01 2.100e+01
|    ( - 1.158e+02 1 0)
|    ( QUESTION0 -1 7.883e+01 2.080e+01 9.000e+00
|        ( - 1.513e+01 1 0)
|        ( QUESTION4 -1 4.290e+01 1.276e+01 6.000e+00
|            ( - 1.621e+01 2 0)
|            ( - 1.393e+01 1 0))))
s>    ( SILENCE -1 2.256e+02 3.101e+01 2.100e+01
s>        ( - 1.158e+02 1 0)
s>        ( QUESTION0 -1 7.883e+01 2.080e+01 9.000e+00
s>            ( - 1.513e+01 1 0)
s>            ( QUESTION4 -1 4.290e+01 1.276e+01 6.000e+00
s>                ( - 1.621e+01 2 0)
s>                ( - 1.393e+01 1 0))))INFO: dtree.c(1439): stop. leaf nodes are specific
INFO: dtree.c(1478): Final simple tree
|( QUESTION0 -1 2.153e+02 2.211e+01 2.100e+01
|    ( - 3.619e+01 1 0)
|    ( - 1.570e+02 1 0))
s>    ( QUESTION0 -1 2.153e+02 2.211e+01 2.100e+01
s>        ( - 3.619e+01 1 0)
s>        ( - 1.570e+02 1 0))INFO: dtree.c(1315): Comp split 52
INFO: dtree.c(1315): Comp split 53
INFO: dtree.c(1315): Comp split 54
INFO: dtree.c(1315): Comp split 55
INFO: dtree.c(1315): Comp split 56
INFO: dtree.c(1439): stop. leaf nodes are specific
INFO: dtree.c(1478): Final simple tree
|( WDBNDRY_B 0 1.260e+02 1.685e+01 1.100e+01
|    ( - 7.905e+00 1 0)
|    ( - 1.012e+02 1 0))
s>    ( WDBNDRY_B 0 1.260e+02 1.685e+01 1.100e+01
s>        ( - 7.905e+00 1 0)
s>        ( - 1.012e+02 1 0))INFO: dtree.c(1315): Comp split 57
INFO: dtree.c(1439): stop. leaf nodes are specific
INFO: dtree.c(1478): Final simple tree
|( QUESTION0 -1 3.635e+01 1.576e+01 5.000e+00
|    ( - 1.554e+01 1 0)
|    ( - 5.048e+00 1 0))
s>    ( QUESTION0 -1 3.635e+01 1.576e+01 5.000e+00
s>        ( - 1.554e+01 1 0)
s>        ( - 5.048e+00 1 0))INFO: dtree.c(1315): Comp split 58
INFO: dtree.c(1315): Comp split 59
INFO: dtree.c(1315): Comp split 60
INFO: dtree.c(1315): Comp split 61
INFO: dtree.c(1315): Comp split 62
INFO: dtree.c(1315): Comp split 63
INFO: dtree.c(1439): stop. leaf nodes are specific
INFO: dtree.c(1478): Final simple tree
|( WDBNDRY_B 0 3.994e+01 1.735e+01 5.000e+00
|    ( - 1.459e+01 1 0)
|    ( QUESTION0_0_R 1 8.000e+00 8.000e+00 2.000e+00
|        ( - 0.000e+00 1 0)
|        ( - 0.000e+00 1 0)))
s>    ( WDBNDRY_B 0 3.994e+01 1.735e+01 5.000e+00
s>        ( - 1.459e+01 1 0)
s>        ( QUESTION0_0_R 1 8.000e+00 8.000e+00 2.000e+00
s>            ( - 0.000e+00 1 0)
s>            ( - 0.000e+00 1 0)))INFO: dtree.c(1315): Comp split 64
INFO: dtree.c(1315): Comp split 65
INFO: dtree.c(1315): Comp split 66
INFO: dtree.c(1439): stop. leaf nodes are specific
INFO: dtree.c(1478): Final simple tree
|( QUESTION0 -1 7.883e+01 2.080e+01 9.000e+00
|    ( - 1.513e+01 1 0)
|    ( QUESTION4 -1 4.290e+01 1.276e+01 6.000e+00
|        ( - 1.621e+01 2 0)
|        ( - 1.393e+01 1 0)))
s>    ( QUESTION0 -1 7.883e+01 2.080e+01 9.000e+00
s>        ( - 1.513e+01 1 0)
s>        ( QUESTION4 -1 4.290e+01 1.276e+01 6.000e+00
s>            ( - 1.621e+01 2 0)
s>            ( - 1.393e+01 1 0)))INFO: dtree.c(1315): Comp split 67
INFO: dtree.c(1315): Comp split 68
INFO: dtree.c(1315): Comp split 69
INFO: dtree.c(1315): Comp split 70
INFO: dtree.c(1439): stop. leaf nodes are specific
INFO: dtree.c(1478): Final simple tree
|( QUESTION4 -1 4.290e+01 1.276e+01 6.000e+00
|    ( - 1.621e+01 2 0)
|    ( - 1.393e+01 1 0))
s>    ( QUESTION4 -1 4.290e+01 1.276e+01 6.000e+00
s>        ( - 1.621e+01 2 0)
s>        ( - 1.393e+01 1 0))INFO: dtree.c(1315): Comp split 71
INFO: dtree.c(1315): Comp split 72
INFO: dtree.c(1439): stop. leaf nodes are specific
INFO: dtree.c(1478): Final simple tree
|( QUESTION0_0_R 1 8.000e+00 8.000e+00 2.000e+00
|    ( - 0.000e+00 1 0)
|    ( - 0.000e+00 1 0))
s>    ( QUESTION0_0_R 1 8.000e+00 8.000e+00 2.000e+00
s>        ( - 0.000e+00 1 0)
s>        ( - 0.000e+00 1 0))INFO: dtree.c(1315): Comp split 73
INFO: dtree.c(1315): Comp split 74
INFO: dtree.c(1315): Comp split 75
INFO: dtree.c(1315): Comp split 76
INFO: dtree.c(1315): Comp split 77
INFO: dtree.c(1318): stop. leaf nodes are specific
Sun Mar 12 05:25:04 2017
