Current configuration:
[NAME]		[DEFLT]	[VALUE]
-allphones	no	no
-cntthresh	0.00001	1.000000e-05
-csplitmax	100	2000
-csplitmin	1	1
-csplitthr	8e-4	0.000000e+00
-example	no	no
-fullvar	no	no
-help		no	no
-meanfn			
-mixwfn			/home/gaurav/python-scripts/py/scripts/sphinx-source2/an4/model_parameters/an4.cd_ptm_untied/mixture_weights
-moddeffn		/home/gaurav/python-scripts/py/scripts/sphinx-source2/an4/model_architecture/an4.untied.mdef
-mwfloor	1e-4	1.000000e-08
-phone			HH
-psetfn			/home/gaurav/python-scripts/py/scripts/sphinx-source2/an4/model_architecture/an4.tree_questions
-ssplitmax	5	7
-ssplitmin	1	1
-ssplitthr	8e-4	0.000000e+00
-state			0
-stwt			1.0,0.05,0.0,
-treefn			/home/gaurav/python-scripts/py/scripts/sphinx-source2/an4/trees/an4.unpruned/HH-0.dtree
-ts2cbfn	.semi.	.semi.
-varfloor	0.00001	1.000000e-05
-varfn			

INFO: main.c(223): Reading: /home/gaurav/python-scripts/py/scripts/sphinx-source2/an4/model_architecture/an4.untied.mdef
INFO: model_def_io.c(573): Model definition info:
INFO: model_def_io.c(574): 1618 total models defined (34 base, 1584 tri)
INFO: model_def_io.c(575): 6472 total states
INFO: model_def_io.c(576): 4854 total tied states
INFO: model_def_io.c(577): 102 total tied CI states
INFO: model_def_io.c(578): 34 total tied transition matrices
INFO: model_def_io.c(579): 4 max state/model
INFO: model_def_io.c(580): 4 min state/model
INFO: main.c(242): Building trees for [HH AH AE b] through [HH V W b]
INFO: main.c(269): Covering states |[1746 1808]| == 63
INFO: main.c(275): Reading: /home/gaurav/python-scripts/py/scripts/sphinx-source2/an4/model_parameters/an4.cd_ptm_untied/mixture_weights
INFO: s3mixw_io.c(173): Read /home/gaurav/python-scripts/py/scripts/sphinx-source2/an4/model_parameters/an4.cd_ptm_untied/mixture_weights [63x4x64 array]
INFO: main.c(311): 21 of 21 models have observation count greater than 0.000010
INFO: main.c(95): nrm stwt: 0.952 0.048 0.000 
INFO: main.c(411): 21-class entropy: 2.453502e+04
INFO: main.c(549): Reading: /home/gaurav/python-scripts/py/scripts/sphinx-source2/an4/model_architecture/an4.tree_questions
INFO: main.c(588): 180 total simple questions (172 phone; 8 word bndry)
INFO: main.c(590): 42 Left Only questions, and 42 Right Only questions
INFO: dtree.c(1478): Final simple tree
|( QUESTION2_3_L -1 3.101e+04 1.732e+03 1.502e+03
|    ( QUESTION1 -1 8.403e+03 6.573e+02 4.290e+02
|        ( - 3.959e+03 3 0)
|        ( - 3.787e+03 3 0))
|    ( SILENCE -1 2.088e+04 8.802e+02 1.073e+03
|        ( - 9.151e+03 2 0 QUESTION0_8_R 1 2.341e+02 5.086e+02)
|        ( QUESTION20 -1 1.085e+04 5.406e+02 5.647e+02
|            ( QUESTION2_5_L -1 2.366e+03 3.339e+02 1.290e+02
|                ( - 9.469e+02 2 0)
|                ( - 1.086e+03 1 0))
|            ( QUESTION2_1_L -1 7.938e+03 3.738e+02 4.357e+02
|                ( - 2.766e+03 4 0 QUESTION4 -1 1.914e+02 1.621e+02)
|                ( QUESTION4 -1 4.799e+03 3.109e+02 2.737e+02
|                    ( - 1.888e+03 2 0)
|                    ( - 2.600e+03 4 0 QUESTION16 -1 2.786e+02 1.650e+02))))))
s>    ( QUESTION2_3_L -1 3.101e+04 1.732e+03 1.502e+03
s>        ( QUESTION1 -1 8.403e+03 6.573e+02 4.290e+02
s>            ( - 3.959e+03 3 0)
s>            ( - 3.787e+03 3 0))
s>        ( SILENCE -1 2.088e+04 8.802e+02 1.073e+03
s>            ( - 9.151e+03 2 0 QUESTION0_8_R 1 2.341e+02 5.086e+02)
s>            ( QUESTION20 -1 1.085e+04 5.406e+02 5.647e+02
s>                ( QUESTION2_5_L -1 2.366e+03 3.339e+02 1.290e+02
s>                    ( - 9.469e+02 2 0)
s>                    ( - 1.086e+03 1 0))
s>                ( QUESTION2_1_L -1 7.938e+03 3.738e+02 4.357e+02
s>                    ( - 2.766e+03 4 0 QUESTION4 -1 1.914e+02 1.621e+02)
s>                    ( QUESTION4 -1 4.799e+03 3.109e+02 2.737e+02
s>                        ( - 1.888e+03 2 0)
s>                        ( - 2.600e+03 4 0 QUESTION16 -1 2.786e+02 1.650e+02))))))INFO: dtree.c(1315): Comp split 0
INFO: dtree.c(1478): Final simple tree
|( SILENCE -1 2.088e+04 8.802e+02 1.073e+03
|    ( QUESTION0_8_R 1 9.151e+03 2.341e+02 5.086e+02
|        ( - 8.489e+03 1 0)
|        ( - 4.285e+02 1 0))
|    ( QUESTION20 -1 1.085e+04 5.406e+02 5.647e+02
|        ( QUESTION2_5_L -1 2.366e+03 3.339e+02 1.290e+02
|            ( - 9.469e+02 2 0)
|            ( - 1.086e+03 1 0))
|        ( QUESTION2_1_L -1 7.938e+03 3.738e+02 4.357e+02
|            ( - 2.766e+03 4 0 QUESTION4 -1 1.914e+02 1.621e+02)
|            ( QUESTION4 -1 4.799e+03 3.109e+02 2.737e+02
|                ( - 1.888e+03 2 0)
|                ( QUESTION16 -1 2.600e+03 2.786e+02 1.650e+02
|                    ( - 1.314e+03 1 0)
|                    ( - 1.007e+03 3 0 QUESTION2_12_L -1 1.075e+02 7.500e+01))))))
s>    ( SILENCE -1 2.088e+04 8.802e+02 1.073e+03
s>        ( QUESTION0_8_R 1 9.151e+03 2.341e+02 5.086e+02
s>            ( - 8.489e+03 1 0)
s>            ( - 4.285e+02 1 0))
s>        ( QUESTION20 -1 1.085e+04 5.406e+02 5.647e+02
s>            ( QUESTION2_5_L -1 2.366e+03 3.339e+02 1.290e+02
s>                ( - 9.469e+02 2 0)
s>                ( - 1.086e+03 1 0))
s>            ( QUESTION2_1_L -1 7.938e+03 3.738e+02 4.357e+02
s>                ( - 2.766e+03 4 0 QUESTION4 -1 1.914e+02 1.621e+02)
s>                ( QUESTION4 -1 4.799e+03 3.109e+02 2.737e+02
s>                    ( - 1.888e+03 2 0)
s>                    ( QUESTION16 -1 2.600e+03 2.786e+02 1.650e+02
s>                        ( - 1.314e+03 1 0)
s>                        ( - 1.007e+03 3 0 QUESTION2_12_L -1 1.075e+02 7.500e+01))))))INFO: dtree.c(1439): stop. leaf nodes are specific
INFO: dtree.c(1478): Final simple tree
|( QUESTION1 -1 8.403e+03 6.573e+02 4.290e+02
|    ( - 3.959e+03 3 0)
|    ( - 3.787e+03 3 0))
s>    ( QUESTION1 -1 8.403e+03 6.573e+02 4.290e+02
s>        ( - 3.959e+03 3 0)
s>        ( - 3.787e+03 3 0))INFO: dtree.c(1315): Comp split 1
INFO: dtree.c(1478): Final simple tree
|( QUESTION20 -1 1.148e+04 5.459e+02 5.960e+02
|    ( QUESTION2_5_L -1 2.366e+03 3.339e+02 1.290e+02
|        ( - 9.469e+02 2 0)
|        ( - 1.086e+03 1 0))
|    ( QUESTION2_5_L -1 8.566e+03 3.712e+02 4.670e+02
|        ( - 1.888e+03 2 0)
|        ( QUESTION5 -1 6.306e+03 3.430e+02 3.584e+02
|            ( QUESTION6 -1 2.560e+03 2.268e+02 1.579e+02
|                ( - 1.018e+03 3 0 QUESTION7 -1 1.084e+02 6.786e+01)
|                ( - 1.314e+03 1 0))
|            ( QUESTION3 -1 3.404e+03 2.505e+02 2.005e+02
|                ( - 1.782e+03 2 0)
|                ( SILENCE -1 1.371e+03 1.572e+02 9.131e+01
|                    ( - 4.285e+02 1 0)
|                    ( - 7.858e+02 2 0 QUESTION0_0_R 1 3.738e+01 6.000e+01))))))
s>    ( QUESTION20 -1 1.148e+04 5.459e+02 5.960e+02
s>        ( QUESTION2_5_L -1 2.366e+03 3.339e+02 1.290e+02
s>            ( - 9.469e+02 2 0)
s>            ( - 1.086e+03 1 0))
s>        ( QUESTION2_5_L -1 8.566e+03 3.712e+02 4.670e+02
s>            ( - 1.888e+03 2 0)
s>            ( QUESTION5 -1 6.306e+03 3.430e+02 3.584e+02
s>                ( QUESTION6 -1 2.560e+03 2.268e+02 1.579e+02
s>                    ( - 1.018e+03 3 0 QUESTION7 -1 1.084e+02 6.786e+01)
s>                    ( - 1.314e+03 1 0))
s>                ( QUESTION3 -1 3.404e+03 2.505e+02 2.005e+02
s>                    ( - 1.782e+03 2 0)
s>                    ( SILENCE -1 1.371e+03 1.572e+02 9.131e+01
s>                        ( - 4.285e+02 1 0)
s>                        ( - 7.858e+02 2 0 QUESTION0_0_R 1 3.738e+01 6.000e+01))))))INFO: dtree.c(1315): Comp split 2
INFO: dtree.c(1315): Comp split 3
INFO: dtree.c(1439): stop. leaf nodes are specific
INFO: dtree.c(1478): Final simple tree
|( QUESTION2_1_L -1 4.660e+03 2.990e+02 2.684e+02
|    ( QUESTION4 -1 2.766e+03 1.914e+02 1.621e+02
|        ( - 1.782e+03 2 0)
|        ( - 7.924e+02 2 0))
|    ( QUESTION0 -1 1.595e+03 1.704e+02 1.063e+02
|        ( QUESTION0_0_R 1 7.858e+02 3.738e+01 6.000e+01
|            ( - 8.000e+00 1 0)
|            ( - 7.404e+02 1 0))
|        ( SILENCE -1 6.387e+02 9.265e+01 4.631e+01
|            ( - 4.285e+02 1 0)
|            ( - 1.176e+02 1 0))))
s>    ( QUESTION2_1_L -1 4.660e+03 2.990e+02 2.684e+02
s>        ( QUESTION4 -1 2.766e+03 1.914e+02 1.621e+02
s>            ( - 1.782e+03 2 0)
s>            ( - 7.924e+02 2 0))
s>        ( QUESTION0 -1 1.595e+03 1.704e+02 1.063e+02
s>            ( QUESTION0_0_R 1 7.858e+02 3.738e+01 6.000e+01
s>                ( - 8.000e+00 1 0)
s>                ( - 7.404e+02 1 0))
s>            ( SILENCE -1 6.387e+02 9.265e+01 4.631e+01
s>                ( - 4.285e+02 1 0)
s>                ( - 1.176e+02 1 0))))INFO: dtree.c(1439): stop. leaf nodes are specific
INFO: dtree.c(1478): Final simple tree
|( QUESTION2_6_L -1 6.256e+03 4.662e+02 3.276e+02
|    ( - 1.086e+03 1 0)
|    ( QUESTION20 -1 4.704e+03 3.110e+02 2.573e+02
|        ( - 9.469e+02 2 0)
|        ( QUESTION4 -1 3.447e+03 2.440e+02 1.987e+02
|            ( - 1.888e+03 2 0)
|            ( - 1.314e+03 1 0))))
s>    ( QUESTION2_6_L -1 6.256e+03 4.662e+02 3.276e+02
s>        ( - 1.086e+03 1 0)
s>        ( QUESTION20 -1 4.704e+03 3.110e+02 2.573e+02
s>            ( - 9.469e+02 2 0)
s>            ( QUESTION4 -1 3.447e+03 2.440e+02 1.987e+02
s>                ( - 1.888e+03 2 0)
s>                ( - 1.314e+03 1 0))))INFO: dtree.c(1315): Comp split 4
INFO: dtree.c(1439): stop. leaf nodes are specific
INFO: dtree.c(1478): Final simple tree
|( QUESTION20 -1 4.704e+03 3.110e+02 2.573e+02
|    ( - 9.469e+02 2 0)
|    ( QUESTION4 -1 3.447e+03 2.440e+02 1.987e+02
|        ( - 1.888e+03 2 0)
|        ( - 1.314e+03 1 0)))
s>    ( QUESTION20 -1 4.704e+03 3.110e+02 2.573e+02
s>        ( - 9.469e+02 2 0)
s>        ( QUESTION4 -1 3.447e+03 2.440e+02 1.987e+02
s>            ( - 1.888e+03 2 0)
s>            ( - 1.314e+03 1 0)))INFO: dtree.c(1315): Comp split 5
INFO: dtree.c(1439): stop. leaf nodes are specific
INFO: dtree.c(1478): Final simple tree
|( QUESTION4 -1 3.447e+03 2.440e+02 1.987e+02
|    ( - 1.888e+03 2 0)
|    ( - 1.314e+03 1 0))
s>    ( QUESTION4 -1 3.447e+03 2.440e+02 1.987e+02
s>        ( - 1.888e+03 2 0)
s>        ( - 1.314e+03 1 0))INFO: dtree.c(1315): Comp split 6
INFO: dtree.c(1439): stop. leaf nodes are specific
INFO: dtree.c(1478): Final simple tree
|( QUESTION0 -1 1.544e+03 1.650e+02 1.043e+02
|    ( - 7.404e+02 1 0)
|    ( SILENCE -1 6.387e+02 9.265e+01 4.631e+01
|        ( - 4.285e+02 1 0)
|        ( - 1.176e+02 1 0)))
s>    ( QUESTION0 -1 1.544e+03 1.650e+02 1.043e+02
s>        ( - 7.404e+02 1 0)
s>        ( SILENCE -1 6.387e+02 9.265e+01 4.631e+01
s>            ( - 4.285e+02 1 0)
s>            ( - 1.176e+02 1 0)))INFO: dtree.c(1439): stop. leaf nodes are specific
INFO: dtree.c(1478): Final simple tree
|( QUESTION5 -1 2.808e+03 1.926e+02 1.641e+02
|    ( - 7.924e+02 2 0)
|    ( QUESTION0_0_R 1 1.823e+03 3.303e+01 1.112e+02
|        ( - 8.000e+00 1 0)
|        ( - 1.782e+03 2 0)))
s>    ( QUESTION5 -1 2.808e+03 1.926e+02 1.641e+02
s>        ( - 7.924e+02 2 0)
s>        ( QUESTION0_0_R 1 1.823e+03 3.303e+01 1.112e+02
s>            ( - 8.000e+00 1 0)
s>            ( - 1.782e+03 2 0)))INFO: dtree.c(1315): Comp split 7
INFO: dtree.c(1315): Comp split 8
INFO: dtree.c(1439): stop. leaf nodes are specific
INFO: dtree.c(1478): Final simple tree
|( QUESTION0_0_R 1 1.823e+03 3.303e+01 1.112e+02
|    ( - 8.000e+00 1 0)
|    ( - 1.782e+03 2 0))
s>    ( QUESTION0_0_R 1 1.823e+03 3.303e+01 1.112e+02
s>        ( - 8.000e+00 1 0)
s>        ( - 1.782e+03 2 0))INFO: dtree.c(1315): Comp split 9
INFO: dtree.c(1439): stop. leaf nodes are specific
INFO: dtree.c(1478): Final simple tree
|( SILENCE -1 6.387e+02 9.265e+01 4.631e+01
|    ( - 4.285e+02 1 0)
|    ( - 1.176e+02 1 0))
s>    ( SILENCE -1 6.387e+02 9.265e+01 4.631e+01
s>        ( - 4.285e+02 1 0)
s>        ( - 1.176e+02 1 0))INFO: dtree.c(1315): Comp split 10
INFO: dtree.c(1315): Comp split 11
INFO: dtree.c(1315): Comp split 12
INFO: dtree.c(1318): stop. leaf nodes are specific
Sun Mar 12 05:24:32 2017
