Current configuration:
[NAME]		[DEFLT]	[VALUE]
-allphones	no	no
-cntthresh	0.00001	1.000000e-05
-csplitmax	100	2000
-csplitmin	1	1
-csplitthr	8e-4	0.000000e+00
-example	no	no
-fullvar	no	no
-help		no	no
-meanfn			
-mixwfn			/home/gaurav/python-scripts/py/scripts/sphinx-source2/an4/model_parameters/an4.cd_ptm_untied/mixture_weights
-moddeffn		/home/gaurav/python-scripts/py/scripts/sphinx-source2/an4/model_architecture/an4.untied.mdef
-mwfloor	1e-4	1.000000e-08
-phone			V
-psetfn			/home/gaurav/python-scripts/py/scripts/sphinx-source2/an4/model_architecture/an4.tree_questions
-ssplitmax	5	7
-ssplitmin	1	1
-ssplitthr	8e-4	0.000000e+00
-state			2
-stwt			1.0,0.05,0.0,
-treefn			/home/gaurav/python-scripts/py/scripts/sphinx-source2/an4/trees/an4.unpruned/V-2.dtree
-ts2cbfn	.semi.	.semi.
-varfloor	0.00001	1.000000e-05
-varfn			

INFO: main.c(223): Reading: /home/gaurav/python-scripts/py/scripts/sphinx-source2/an4/model_architecture/an4.untied.mdef
INFO: model_def_io.c(573): Model definition info:
INFO: model_def_io.c(574): 1618 total models defined (34 base, 1584 tri)
INFO: model_def_io.c(575): 6472 total states
INFO: model_def_io.c(576): 4854 total tied states
INFO: model_def_io.c(577): 102 total tied CI states
INFO: model_def_io.c(578): 34 total tied transition matrices
INFO: model_def_io.c(579): 4 max state/model
INFO: model_def_io.c(580): 4 min state/model
INFO: main.c(242): Building trees for [V AH IY b] through [V T IY b]
INFO: main.c(269): Covering states |[4587 4670]| == 84
INFO: main.c(275): Reading: /home/gaurav/python-scripts/py/scripts/sphinx-source2/an4/model_parameters/an4.cd_ptm_untied/mixture_weights
INFO: s3mixw_io.c(173): Read /home/gaurav/python-scripts/py/scripts/sphinx-source2/an4/model_parameters/an4.cd_ptm_untied/mixture_weights [84x4x64 array]
INFO: main.c(311): 28 of 28 models have observation count greater than 0.000010
INFO: main.c(95): nrm stwt: 0.000 0.048 0.952 
INFO: main.c(411): 28-class entropy: 4.169175e+04
INFO: main.c(549): Reading: /home/gaurav/python-scripts/py/scripts/sphinx-source2/an4/model_architecture/an4.tree_questions
INFO: main.c(588): 180 total simple questions (172 phone; 8 word bndry)
INFO: main.c(590): 42 Left Only questions, and 42 Right Only questions
INFO: dtree.c(1478): Final simple tree
|( WDBNDRY_I 0 5.041e+04 2.513e+03 2.446e+03
|    ( - 8.628e+03 1 0)
|    ( QUESTION1 1 3.927e+04 1.346e+03 1.958e+03
|        ( QUESTION4 -1 9.392e+03 3.265e+02 4.973e+02
|            ( - 1.867e+03 2 0)
|            ( QUESTION2_0_L -1 7.199e+03 2.606e+02 3.891e+02
|                ( - 2.968e+03 5 0 QUESTION16 -1 1.685e+02 1.710e+02)
|                ( - 3.970e+03 4 0 QUESTION2_13_L -1 2.500e+02 2.181e+02)))
|        ( SILENCE 1 2.853e+04 7.804e+02 1.461e+03
|            ( - 1.100e+04 2 0 QUESTION2_0_L -1 5.741e+01 6.087e+02)
|            ( QUESTION0_10_R 1 1.675e+04 5.017e+02 8.518e+02
|                ( - 8.470e+03 2 0 QUESTION2_0_L -1 6.188e+01 4.581e+02)
|                ( QUESTION0_2_R 1 7.775e+03 2.932e+02 3.937e+02
|                    ( - 9.431e+02 1 0)
|                    ( - 6.538e+03 11 0 QUESTION16 1 2.348e+02 3.347e+02))))))
s>    ( WDBNDRY_I 0 5.041e+04 2.513e+03 2.446e+03
s>        ( - 8.628e+03 1 0)
s>        ( QUESTION1 1 3.927e+04 1.346e+03 1.958e+03
s>            ( QUESTION4 -1 9.392e+03 3.265e+02 4.973e+02
s>                ( - 1.867e+03 2 0)
s>                ( QUESTION2_0_L -1 7.199e+03 2.606e+02 3.891e+02
s>                    ( - 2.968e+03 5 0 QUESTION16 -1 1.685e+02 1.710e+02)
s>                    ( - 3.970e+03 4 0 QUESTION2_13_L -1 2.500e+02 2.181e+02)))
s>            ( SILENCE 1 2.853e+04 7.804e+02 1.461e+03
s>                ( - 1.100e+04 2 0 QUESTION2_0_L -1 5.741e+01 6.087e+02)
s>                ( QUESTION0_10_R 1 1.675e+04 5.017e+02 8.518e+02
s>                    ( - 8.470e+03 2 0 QUESTION2_0_L -1 6.188e+01 4.581e+02)
s>                    ( QUESTION0_2_R 1 7.775e+03 2.932e+02 3.937e+02
s>                        ( - 9.431e+02 1 0)
s>                        ( - 6.538e+03 11 0 QUESTION16 1 2.348e+02 3.347e+02))))))INFO: dtree.c(1315): Comp split 0
INFO: dtree.c(1478): Final simple tree
|( QUESTION1 1 3.927e+04 1.346e+03 1.958e+03
|    ( QUESTION4 -1 9.392e+03 3.265e+02 4.973e+02
|        ( - 1.867e+03 2 0)
|        ( QUESTION2_0_L -1 7.199e+03 2.606e+02 3.891e+02
|            ( - 2.968e+03 5 0 QUESTION16 -1 1.685e+02 1.710e+02)
|            ( QUESTION2_13_L -1 3.970e+03 2.500e+02 2.181e+02
|                ( - 1.233e+03 1 0)
|                ( - 2.487e+03 3 0 SILENCE -1 2.024e+02 1.410e+02))))
|    ( SILENCE 1 2.853e+04 7.804e+02 1.461e+03
|        ( - 1.100e+04 2 0 QUESTION2_0_L -1 5.741e+01 6.087e+02)
|        ( QUESTION0_10_R 1 1.675e+04 5.017e+02 8.518e+02
|            ( - 8.470e+03 2 0 QUESTION2_0_L -1 6.188e+01 4.581e+02)
|            ( QUESTION0_2_R 1 7.775e+03 2.932e+02 3.937e+02
|                ( - 9.431e+02 1 0)
|                ( - 6.538e+03 11 0 QUESTION16 1 2.348e+02 3.347e+02)))))
s>    ( QUESTION1 1 3.927e+04 1.346e+03 1.958e+03
s>        ( QUESTION4 -1 9.392e+03 3.265e+02 4.973e+02
s>            ( - 1.867e+03 2 0)
s>            ( QUESTION2_0_L -1 7.199e+03 2.606e+02 3.891e+02
s>                ( - 2.968e+03 5 0 QUESTION16 -1 1.685e+02 1.710e+02)
s>                ( QUESTION2_13_L -1 3.970e+03 2.500e+02 2.181e+02
s>                    ( - 1.233e+03 1 0)
s>                    ( - 2.487e+03 3 0 SILENCE -1 2.024e+02 1.410e+02))))
s>        ( SILENCE 1 2.853e+04 7.804e+02 1.461e+03
s>            ( - 1.100e+04 2 0 QUESTION2_0_L -1 5.741e+01 6.087e+02)
s>            ( QUESTION0_10_R 1 1.675e+04 5.017e+02 8.518e+02
s>                ( - 8.470e+03 2 0 QUESTION2_0_L -1 6.188e+01 4.581e+02)
s>                ( QUESTION0_2_R 1 7.775e+03 2.932e+02 3.937e+02
s>                    ( - 9.431e+02 1 0)
s>                    ( - 6.538e+03 11 0 QUESTION16 1 2.348e+02 3.347e+02)))))INFO: dtree.c(1315): Comp split 1
INFO: dtree.c(1478): Final simple tree
|( SILENCE 1 2.853e+04 7.804e+02 1.461e+03
|    ( - 1.100e+04 2 0 QUESTION2_0_L -1 5.741e+01 6.087e+02)
|    ( QUESTION0_10_R 1 1.675e+04 5.017e+02 8.518e+02
|        ( - 8.470e+03 2 0 QUESTION2_0_L -1 6.188e+01 4.581e+02)
|        ( QUESTION0_2_R 1 7.775e+03 2.932e+02 3.937e+02
|            ( - 9.431e+02 1 0)
|            ( QUESTION16 1 6.538e+03 2.348e+02 3.347e+02
|                ( QUESTION0_14_R 1 1.702e+03 1.496e+02 9.367e+01
|                    ( - 2.731e+02 1 0)
|                    ( - 1.280e+03 1 0))
|                ( QUESTION0_0_R 1 4.601e+03 2.147e+02 2.410e+02
|                    ( - 1.227e+03 2 0 QUESTION2_0_L -1 1.153e+02 7.100e+01)
|                    ( QUESTION0_16_R 1 3.159e+03 2.020e+02 1.700e+02
|                        ( - 1.384e+03 3 0 QUESTION2_0_L -1 1.287e+02 7.813e+01)
|                        ( - 1.573e+03 4 0 QUESTION0_8_R 1 1.444e+02 9.187e+01)))))))
s>    ( SILENCE 1 2.853e+04 7.804e+02 1.461e+03
s>        ( - 1.100e+04 2 0 QUESTION2_0_L -1 5.741e+01 6.087e+02)
s>        ( QUESTION0_10_R 1 1.675e+04 5.017e+02 8.518e+02
s>            ( - 8.470e+03 2 0 QUESTION2_0_L -1 6.188e+01 4.581e+02)
s>            ( QUESTION0_2_R 1 7.775e+03 2.932e+02 3.937e+02
s>                ( - 9.431e+02 1 0)
s>                ( QUESTION16 1 6.538e+03 2.348e+02 3.347e+02
s>                    ( QUESTION0_14_R 1 1.702e+03 1.496e+02 9.367e+01
s>                        ( - 2.731e+02 1 0)
s>                        ( - 1.280e+03 1 0))
s>                    ( QUESTION0_0_R 1 4.601e+03 2.147e+02 2.410e+02
s>                        ( - 1.227e+03 2 0 QUESTION2_0_L -1 1.153e+02 7.100e+01)
s>                        ( QUESTION0_16_R 1 3.159e+03 2.020e+02 1.700e+02
s>                            ( - 1.384e+03 3 0 QUESTION2_0_L -1 1.287e+02 7.813e+01)
s>                            ( - 1.573e+03 4 0 QUESTION0_8_R 1 1.444e+02 9.187e+01)))))))INFO: dtree.c(1478): Final simple tree
|( QUESTION4 -1 9.392e+03 3.265e+02 4.973e+02
|    ( - 1.867e+03 2 0)
|    ( QUESTION2_0_L -1 7.199e+03 2.606e+02 3.891e+02
|        ( QUESTION16 -1 2.968e+03 1.685e+02 1.710e+02
|            ( - 4.232e+02 2 0 QUESTION2_9_L -1 8.421e+01 3.300e+01)
|            ( QUESTION0 -1 2.377e+03 9.172e+01 1.380e+02
|                ( - 2.216e+03 2 0)
|                ( - 6.849e+01 1 0)))
|        ( QUESTION2_13_L -1 3.970e+03 2.500e+02 2.181e+02
|            ( - 1.233e+03 1 0)
|            ( SILENCE -1 2.487e+03 2.024e+02 1.410e+02
|                ( - 1.210e+03 1 0)
|                ( WDBNDRY_B 0 1.075e+03 1.469e+02 6.497e+01
|                    ( - 6.431e+02 1 0)
|                    ( - 2.853e+02 1 0))))))
s>    ( QUESTION4 -1 9.392e+03 3.265e+02 4.973e+02
s>        ( - 1.867e+03 2 0)
s>        ( QUESTION2_0_L -1 7.199e+03 2.606e+02 3.891e+02
s>            ( QUESTION16 -1 2.968e+03 1.685e+02 1.710e+02
s>                ( - 4.232e+02 2 0 QUESTION2_9_L -1 8.421e+01 3.300e+01)
s>                ( QUESTION0 -1 2.377e+03 9.172e+01 1.380e+02
s>                    ( - 2.216e+03 2 0)
s>                    ( - 6.849e+01 1 0)))
s>            ( QUESTION2_13_L -1 3.970e+03 2.500e+02 2.181e+02
s>                ( - 1.233e+03 1 0)
s>                ( SILENCE -1 2.487e+03 2.024e+02 1.410e+02
s>                    ( - 1.210e+03 1 0)
s>                    ( WDBNDRY_B 0 1.075e+03 1.469e+02 6.497e+01
s>                        ( - 6.431e+02 1 0)
s>                        ( - 2.853e+02 1 0))))))INFO: dtree.c(1315): Comp split 2
INFO: dtree.c(1439): stop. leaf nodes are specific
INFO: dtree.c(1478): Final simple tree
|( QUESTION0_0_R 1 1.288e+04 2.304e+02 7.007e+02
|    ( QUESTION2_0_L -1 1.227e+03 1.153e+02 7.100e+01
|        ( - 2.229e+02 1 0)
|        ( - 8.891e+02 1 0))
|    ( SILENCE 1 1.142e+04 1.430e+02 6.297e+02
|        ( QUESTION2_0_L -1 1.100e+04 5.741e+01 6.087e+02
|            ( - 2.595e+01 1 0)
|            ( - 1.092e+04 1 0))
|        ( - 2.731e+02 1 0)))
s>    ( QUESTION0_0_R 1 1.288e+04 2.304e+02 7.007e+02
s>        ( QUESTION2_0_L -1 1.227e+03 1.153e+02 7.100e+01
s>            ( - 2.229e+02 1 0)
s>            ( - 8.891e+02 1 0))
s>        ( SILENCE 1 1.142e+04 1.430e+02 6.297e+02
s>            ( QUESTION2_0_L -1 1.100e+04 5.741e+01 6.087e+02
s>                ( - 2.595e+01 1 0)
s>                ( - 1.092e+04 1 0))
s>            ( - 2.731e+02 1 0)))INFO: dtree.c(1478): Final simple tree
|( QUESTION0_10_R 1 1.484e+04 4.769e+02 7.598e+02
|    ( - 8.470e+03 2 0 QUESTION2_0_L -1 6.188e+01 4.581e+02)
|    ( QUESTION0_0_R 1 5.895e+03 2.949e+02 3.017e+02
|        ( - 9.431e+02 1 0)
|        ( QUESTION0_20_R 1 4.657e+03 2.178e+02 2.427e+02
|            ( - 1.280e+03 1 0)
|            ( QUESTION0_16_R 1 3.159e+03 2.020e+02 1.700e+02
|                ( QUESTION2_0_L -1 1.384e+03 1.287e+02 7.813e+01
|                    ( - 1.475e+02 1 0)
|                    ( QUESTION0_17_R 1 1.108e+03 1.171e+02 6.313e+01
|                        ( - 1.878e+02 1 0)
|                        ( - 8.028e+02 1 0)))
|                ( QUESTION0_8_R 1 1.573e+03 1.444e+02 9.187e+01
|                    ( - 6.732e+02 3 0 QUESTION2_12_L -1 5.755e+01 4.389e+01)
|                    ( - 7.558e+02 1 0))))))
s>    ( QUESTION0_10_R 1 1.484e+04 4.769e+02 7.598e+02
s>        ( - 8.470e+03 2 0 QUESTION2_0_L -1 6.188e+01 4.581e+02)
s>        ( QUESTION0_0_R 1 5.895e+03 2.949e+02 3.017e+02
s>            ( - 9.431e+02 1 0)
s>            ( QUESTION0_20_R 1 4.657e+03 2.178e+02 2.427e+02
s>                ( - 1.280e+03 1 0)
s>                ( QUESTION0_16_R 1 3.159e+03 2.020e+02 1.700e+02
s>                    ( QUESTION2_0_L -1 1.384e+03 1.287e+02 7.813e+01
s>                        ( - 1.475e+02 1 0)
s>                        ( QUESTION0_17_R 1 1.108e+03 1.171e+02 6.313e+01
s>                            ( - 1.878e+02 1 0)
s>                            ( - 8.028e+02 1 0)))
s>                    ( QUESTION0_8_R 1 1.573e+03 1.444e+02 9.187e+01
s>                        ( - 6.732e+02 3 0 QUESTION2_12_L -1 5.755e+01 4.389e+01)
s>                        ( - 7.558e+02 1 0))))))INFO: dtree.c(1315): Comp split 3
INFO: dtree.c(1478): Final simple tree
|( QUESTION0_0_R 1 5.895e+03 2.949e+02 3.017e+02
|    ( - 9.431e+02 1 0)
|    ( QUESTION0_20_R 1 4.657e+03 2.178e+02 2.427e+02
|        ( - 1.280e+03 1 0)
|        ( QUESTION0_16_R 1 3.159e+03 2.020e+02 1.700e+02
|            ( QUESTION2_0_L -1 1.384e+03 1.287e+02 7.813e+01
|                ( - 1.475e+02 1 0)
|                ( QUESTION0_17_R 1 1.108e+03 1.171e+02 6.313e+01
|                    ( - 1.878e+02 1 0)
|                    ( - 8.028e+02 1 0)))
|            ( QUESTION0_8_R 1 1.573e+03 1.444e+02 9.187e+01
|                ( QUESTION2_12_L -1 6.732e+02 5.755e+01 4.389e+01
|                    ( - 5.778e+02 1 0)
|                    ( - 3.784e+01 2 0 QUESTION2_0_L -1 1.454e+01 5.000e+00))
|                ( - 7.558e+02 1 0)))))
s>    ( QUESTION0_0_R 1 5.895e+03 2.949e+02 3.017e+02
s>        ( - 9.431e+02 1 0)
s>        ( QUESTION0_20_R 1 4.657e+03 2.178e+02 2.427e+02
s>            ( - 1.280e+03 1 0)
s>            ( QUESTION0_16_R 1 3.159e+03 2.020e+02 1.700e+02
s>                ( QUESTION2_0_L -1 1.384e+03 1.287e+02 7.813e+01
s>                    ( - 1.475e+02 1 0)
s>                    ( QUESTION0_17_R 1 1.108e+03 1.171e+02 6.313e+01
s>                        ( - 1.878e+02 1 0)
s>                        ( - 8.028e+02 1 0)))
s>                ( QUESTION0_8_R 1 1.573e+03 1.444e+02 9.187e+01
s>                    ( QUESTION2_12_L -1 6.732e+02 5.755e+01 4.389e+01
s>                        ( - 5.778e+02 1 0)
s>                        ( - 3.784e+01 2 0 QUESTION2_0_L -1 1.454e+01 5.000e+00))
s>                    ( - 7.558e+02 1 0)))))INFO: dtree.c(1439): stop. leaf nodes are specific
INFO: dtree.c(1478): Final simple tree
|( QUESTION2_0_L -1 8.470e+03 6.188e+01 4.581e+02
|    ( - 4.804e+01 1 0)
|    ( - 8.360e+03 1 0))
s>    ( QUESTION2_0_L -1 8.470e+03 6.188e+01 4.581e+02
s>        ( - 4.804e+01 1 0)
s>        ( - 8.360e+03 1 0))INFO: dtree.c(1315): Comp split 4
INFO: dtree.c(1439): stop. leaf nodes are specific
INFO: dtree.c(1478): Final simple tree
|( QUESTION2_0_L -1 4.675e+03 2.612e+02 2.580e+02
|    ( QUESTION0 -1 2.377e+03 9.172e+01 1.380e+02
|        ( - 2.216e+03 2 0)
|        ( - 6.849e+01 1 0))
|    ( SILENCE -1 2.037e+03 1.848e+02 1.200e+02
|        ( - 1.210e+03 1 0)
|        ( - 6.431e+02 1 0)))
s>    ( QUESTION2_0_L -1 4.675e+03 2.612e+02 2.580e+02
s>        ( QUESTION0 -1 2.377e+03 9.172e+01 1.380e+02
s>            ( - 2.216e+03 2 0)
s>            ( - 6.849e+01 1 0))
s>        ( SILENCE -1 2.037e+03 1.848e+02 1.200e+02
s>            ( - 1.210e+03 1 0)
s>            ( - 6.431e+02 1 0)))INFO: dtree.c(1439): stop. leaf nodes are specific
INFO: dtree.c(1478): Final simple tree
|( QUESTION4 -1 4.352e+03 2.596e+02 2.393e+02
|    ( - 1.867e+03 2 0)
|    ( QUESTION2_13_L -1 2.226e+03 1.616e+02 1.311e+02
|        ( - 1.233e+03 1 0)
|        ( WDBNDRY_B 0 8.317e+02 1.232e+02 5.400e+01
|            ( QUESTION2_9_L -1 4.232e+02 8.421e+01 3.300e+01
|                ( - 1.975e+02 1 0)
|                ( - 1.415e+02 1 0))
|            ( - 2.853e+02 1 0))))
s>    ( QUESTION4 -1 4.352e+03 2.596e+02 2.393e+02
s>        ( - 1.867e+03 2 0)
s>        ( QUESTION2_13_L -1 2.226e+03 1.616e+02 1.311e+02
s>            ( - 1.233e+03 1 0)
s>            ( WDBNDRY_B 0 8.317e+02 1.232e+02 5.400e+01
s>                ( QUESTION2_9_L -1 4.232e+02 8.421e+01 3.300e+01
s>                    ( - 1.975e+02 1 0)
s>                    ( - 1.415e+02 1 0))
s>                ( - 2.853e+02 1 0))))INFO: dtree.c(1315): Comp split 5
INFO: dtree.c(1439): stop. leaf nodes are specific
INFO: dtree.c(1478): Final simple tree
|( QUESTION0_0_R 1 1.206e+03 1.151e+02 7.400e+01
|    ( - 9.431e+02 1 0)
|    ( - 1.475e+02 1 0))
s>    ( QUESTION0_0_R 1 1.206e+03 1.151e+02 7.400e+01
s>        ( - 9.431e+02 1 0)
s>        ( - 1.475e+02 1 0))INFO: dtree.c(1439): stop. leaf nodes are specific
INFO: dtree.c(1478): Final simple tree
|( QUESTION0_20_R 1 4.369e+03 2.246e+02 2.277e+02
|    ( - 1.280e+03 1 0)
|    ( QUESTION0_16_R 1 2.865e+03 1.840e+02 1.550e+02
|        ( QUESTION0_17_R 1 1.108e+03 1.171e+02 6.313e+01
|            ( - 1.878e+02 1 0)
|            ( - 8.028e+02 1 0))
|        ( QUESTION0_8_R 1 1.573e+03 1.444e+02 9.187e+01
|            ( QUESTION2_12_L -1 6.732e+02 5.755e+01 4.389e+01
|                ( - 5.778e+02 1 0)
|                ( QUESTION2_0_L -1 3.784e+01 1.454e+01 5.000e+00
|                    ( - 0.000e+00 1 0)
|                    ( - 2.330e+01 1 0)))
|            ( - 7.558e+02 1 0))))
s>    ( QUESTION0_20_R 1 4.369e+03 2.246e+02 2.277e+02
s>        ( - 1.280e+03 1 0)
s>        ( QUESTION0_16_R 1 2.865e+03 1.840e+02 1.550e+02
s>            ( QUESTION0_17_R 1 1.108e+03 1.171e+02 6.313e+01
s>                ( - 1.878e+02 1 0)
s>                ( - 8.028e+02 1 0))
s>            ( QUESTION0_8_R 1 1.573e+03 1.444e+02 9.187e+01
s>                ( QUESTION2_12_L -1 6.732e+02 5.755e+01 4.389e+01
s>                    ( - 5.778e+02 1 0)
s>                    ( QUESTION2_0_L -1 3.784e+01 1.454e+01 5.000e+00
s>                        ( - 0.000e+00 1 0)
s>                        ( - 2.330e+01 1 0)))
s>                ( - 7.558e+02 1 0))))INFO: dtree.c(1315): Comp split 6
INFO: dtree.c(1439): stop. leaf nodes are specific
INFO: dtree.c(1478): Final simple tree
|( SILENCE -1 2.037e+03 1.848e+02 1.200e+02
|    ( - 1.210e+03 1 0)
|    ( - 6.431e+02 1 0))
s>    ( SILENCE -1 2.037e+03 1.848e+02 1.200e+02
s>        ( - 1.210e+03 1 0)
s>        ( - 6.431e+02 1 0))INFO: dtree.c(1439): stop. leaf nodes are specific
INFO: dtree.c(1478): Final simple tree
|( QUESTION0 -1 2.377e+03 9.172e+01 1.380e+02
|    ( - 2.216e+03 2 0)
|    ( - 6.849e+01 1 0))
s>    ( QUESTION0 -1 2.377e+03 9.172e+01 1.380e+02
s>        ( - 2.216e+03 2 0)
s>        ( - 6.849e+01 1 0))INFO: dtree.c(1315): Comp split 7
INFO: dtree.c(1439): stop. leaf nodes are specific
INFO: dtree.c(1478): Final simple tree
|( QUESTION2_13_L -1 2.226e+03 1.616e+02 1.311e+02
|    ( - 1.233e+03 1 0)
|    ( WDBNDRY_B 0 8.317e+02 1.232e+02 5.400e+01
|        ( QUESTION2_9_L -1 4.232e+02 8.421e+01 3.300e+01
|            ( - 1.975e+02 1 0)
|            ( - 1.415e+02 1 0))
|        ( - 2.853e+02 1 0)))
s>    ( QUESTION2_13_L -1 2.226e+03 1.616e+02 1.311e+02
s>        ( - 1.233e+03 1 0)
s>        ( WDBNDRY_B 0 8.317e+02 1.232e+02 5.400e+01
s>            ( QUESTION2_9_L -1 4.232e+02 8.421e+01 3.300e+01
s>                ( - 1.975e+02 1 0)
s>                ( - 1.415e+02 1 0))
s>            ( - 2.853e+02 1 0)))INFO: dtree.c(1315): Comp split 8
INFO: dtree.c(1439): stop. leaf nodes are specific
INFO: dtree.c(1478): Final simple tree
|( QUESTION0_19_R 1 2.335e+03 1.565e+02 1.268e+02
|    ( - 1.280e+03 1 0)
|    ( QUESTION0_8_R 1 8.988e+02 5.818e+01 5.413e+01
|        ( QUESTION2_0_L -1 3.784e+01 1.454e+01 5.000e+00
|            ( - 0.000e+00 1 0)
|            ( - 2.330e+01 1 0))
|        ( - 8.028e+02 1 0)))
s>    ( QUESTION0_19_R 1 2.335e+03 1.565e+02 1.268e+02
s>        ( - 1.280e+03 1 0)
s>        ( QUESTION0_8_R 1 8.988e+02 5.818e+01 5.413e+01
s>            ( QUESTION2_0_L -1 3.784e+01 1.454e+01 5.000e+00
s>                ( - 0.000e+00 1 0)
s>                ( - 2.330e+01 1 0))
s>            ( - 8.028e+02 1 0)))INFO: dtree.c(1439): stop. leaf nodes are specific
INFO: dtree.c(1478): Final simple tree
|( QUESTION0_19_R 1 1.788e+03 1.612e+02 1.009e+02
|    ( - 7.558e+02 1 0)
|    ( QUESTION0_8_R 1 8.715e+02 1.059e+02 5.289e+01
|        ( - 5.778e+02 1 0)
|        ( - 1.878e+02 1 0)))
s>    ( QUESTION0_19_R 1 1.788e+03 1.612e+02 1.009e+02
s>        ( - 7.558e+02 1 0)
s>        ( QUESTION0_8_R 1 8.715e+02 1.059e+02 5.289e+01
s>            ( - 5.778e+02 1 0)
s>            ( - 1.878e+02 1 0)))INFO: dtree.c(1315): Comp split 9
INFO: dtree.c(1439): stop. leaf nodes are specific
INFO: dtree.c(1478): Final simple tree
|( QUESTION2_0_L -1 1.302e+03 1.204e+02 7.500e+01
|    ( SILENCE 1 2.928e+02 4.397e+01 2.200e+01
|        ( - 2.595e+01 1 0)
|        ( - 2.229e+02 1 0))
|    ( - 8.891e+02 1 0))
s>    ( QUESTION2_0_L -1 1.302e+03 1.204e+02 7.500e+01
s>        ( SILENCE 1 2.928e+02 4.397e+01 2.200e+01
s>            ( - 2.595e+01 1 0)
s>            ( - 2.229e+02 1 0))
s>        ( - 8.891e+02 1 0))INFO: dtree.c(1439): stop. leaf nodes are specific
INFO: dtree.c(1478): Final simple tree
|( SILENCE 1 1.134e+04 1.432e+02 6.257e+02
|    ( - 1.092e+04 1 0)
|    ( - 2.731e+02 1 0))
s>    ( SILENCE 1 1.134e+04 1.432e+02 6.257e+02
s>        ( - 1.092e+04 1 0)
s>        ( - 2.731e+02 1 0))INFO: dtree.c(1315): Comp split 10
INFO: dtree.c(1315): Comp split 11
INFO: dtree.c(1439): stop. leaf nodes are specific
INFO: dtree.c(1478): Final simple tree
|( WDBNDRY_B 0 5.760e+02 9.320e+01 3.700e+01
|    ( - 1.975e+02 1 0)
|    ( - 2.853e+02 1 0))
s>    ( WDBNDRY_B 0 5.760e+02 9.320e+01 3.700e+01
s>        ( - 1.975e+02 1 0)
s>        ( - 2.853e+02 1 0))INFO: dtree.c(1439): stop. leaf nodes are specific
INFO: dtree.c(1478): Final simple tree
|( QUESTION0 -1 1.467e+03 9.247e+01 9.409e+01
|    ( - 1.233e+03 1 0)
|    ( - 1.415e+02 1 0))
s>    ( QUESTION0 -1 1.467e+03 9.247e+01 9.409e+01
s>        ( - 1.233e+03 1 0)
s>        ( - 1.415e+02 1 0))INFO: dtree.c(1315): Comp split 12
INFO: dtree.c(1439): stop. leaf nodes are specific
INFO: dtree.c(1478): Final simple tree
|( QUESTION0_8_R 1 8.715e+02 1.059e+02 5.289e+01
|    ( - 5.778e+02 1 0)
|    ( - 1.878e+02 1 0))
s>    ( QUESTION0_8_R 1 8.715e+02 1.059e+02 5.289e+01
s>        ( - 5.778e+02 1 0)
s>        ( - 1.878e+02 1 0))INFO: dtree.c(1315): Comp split 13
INFO: dtree.c(1439): stop. leaf nodes are specific
INFO: dtree.c(1478): Final simple tree
|( QUESTION0_8_R 1 8.988e+02 5.818e+01 5.413e+01
|    ( QUESTION2_0_L -1 3.784e+01 1.454e+01 5.000e+00
|        ( - 0.000e+00 1 0)
|        ( - 2.330e+01 1 0))
|    ( - 8.028e+02 1 0))
s>    ( QUESTION0_8_R 1 8.988e+02 5.818e+01 5.413e+01
s>        ( QUESTION2_0_L -1 3.784e+01 1.454e+01 5.000e+00
s>            ( - 0.000e+00 1 0)
s>            ( - 2.330e+01 1 0))
s>        ( - 8.028e+02 1 0))INFO: dtree.c(1315): Comp split 14
INFO: dtree.c(1315): Comp split 15
INFO: dtree.c(1439): stop. leaf nodes are specific
INFO: dtree.c(1478): Final simple tree
|( SILENCE 1 2.928e+02 4.397e+01 2.200e+01
|    ( - 2.595e+01 1 0)
|    ( - 2.229e+02 1 0))
s>    ( SILENCE 1 2.928e+02 4.397e+01 2.200e+01
s>        ( - 2.595e+01 1 0)
s>        ( - 2.229e+02 1 0))INFO: dtree.c(1315): Comp split 16
INFO: dtree.c(1315): Comp split 17
INFO: dtree.c(1315): Comp split 18
INFO: dtree.c(1315): Comp split 19
INFO: dtree.c(1315): Comp split 20
INFO: dtree.c(1315): Comp split 21
INFO: dtree.c(1315): Comp split 22
INFO: dtree.c(1439): stop. leaf nodes are specific
INFO: dtree.c(1478): Final simple tree
|( QUESTION2_0_L -1 3.784e+01 1.454e+01 5.000e+00
|    ( - 0.000e+00 1 0)
|    ( - 2.330e+01 1 0))
s>    ( QUESTION2_0_L -1 3.784e+01 1.454e+01 5.000e+00
s>        ( - 0.000e+00 1 0)
s>        ( - 2.330e+01 1 0))INFO: dtree.c(1315): Comp split 23
INFO: dtree.c(1315): Comp split 24
INFO: dtree.c(1315): Comp split 25
INFO: dtree.c(1318): stop. leaf nodes are specific
Sun Mar 12 05:25:08 2017
