Current configuration:
[NAME]		[DEFLT]	[VALUE]
-allphones	no	no
-cntthresh	0.00001	1.000000e-05
-csplitmax	100	2000
-csplitmin	1	1
-csplitthr	8e-4	0.000000e+00
-example	no	no
-fullvar	no	no
-help		no	no
-meanfn			
-mixwfn			/home/gaurav/python-scripts/py/scripts/sphinx-source2/an4/model_parameters/an4.cd_ptm_untied/mixture_weights
-moddeffn		/home/gaurav/python-scripts/py/scripts/sphinx-source2/an4/model_architecture/an4.untied.mdef
-mwfloor	1e-4	1.000000e-08
-phone			R
-psetfn			/home/gaurav/python-scripts/py/scripts/sphinx-source2/an4/model_architecture/an4.tree_questions
-ssplitmax	5	7
-ssplitmin	1	1
-ssplitthr	8e-4	0.000000e+00
-state			1
-stwt			1.0,0.05,0.0,
-treefn			/home/gaurav/python-scripts/py/scripts/sphinx-source2/an4/trees/an4.unpruned/R-1.dtree
-ts2cbfn	.semi.	.semi.
-varfloor	0.00001	1.000000e-05
-varfn			

INFO: main.c(223): Reading: /home/gaurav/python-scripts/py/scripts/sphinx-source2/an4/model_architecture/an4.untied.mdef
INFO: model_def_io.c(573): Model definition info:
INFO: model_def_io.c(574): 1618 total models defined (34 base, 1584 tri)
INFO: model_def_io.c(575): 6472 total states
INFO: model_def_io.c(576): 4854 total tied states
INFO: model_def_io.c(577): 102 total tied CI states
INFO: model_def_io.c(578): 34 total tied transition matrices
INFO: model_def_io.c(579): 4 max state/model
INFO: model_def_io.c(580): 4 min state/model
INFO: main.c(242): Building trees for [R AA AA e] through [R TH IY i]
INFO: main.c(269): Covering states |[3630 3758]| == 129
INFO: main.c(275): Reading: /home/gaurav/python-scripts/py/scripts/sphinx-source2/an4/model_parameters/an4.cd_ptm_untied/mixture_weights
INFO: s3mixw_io.c(173): Read /home/gaurav/python-scripts/py/scripts/sphinx-source2/an4/model_parameters/an4.cd_ptm_untied/mixture_weights [129x4x64 array]
INFO: main.c(311): 43 of 43 models have observation count greater than 0.000010
INFO: main.c(95): nrm stwt: 0.045 0.909 0.045 
INFO: main.c(411): 43-class entropy: 2.545732e+04
INFO: main.c(549): Reading: /home/gaurav/python-scripts/py/scripts/sphinx-source2/an4/model_architecture/an4.tree_questions
INFO: main.c(588): 180 total simple questions (172 phone; 8 word bndry)
INFO: main.c(590): 42 Left Only questions, and 42 Right Only questions
INFO: dtree.c(1478): Final simple tree
|( QUESTION0 -1 3.826e+04 2.641e+03 1.707e+03
|    ( SILENCE 1 2.377e+04 1.055e+03 1.112e+03
|        ( - 2.891e+03 2 0)
|        ( QUESTION6 1 1.982e+04 8.587e+02 9.514e+02
|            ( - 7.386e+03 15 0 WDBNDRY_E 0 3.671e+02 4.193e+02)
|            ( QUESTION4 1 1.158e+04 5.699e+02 5.322e+02
|                ( - 1.735e+03 4 0 QUESTION0_8_R 1 1.936e+02 9.641e+01)
|                ( - 9.271e+03 14 0 QUESTION1 1 4.959e+02 4.358e+02))))
|    ( QUESTION0_1_R 1 1.186e+04 1.418e+03 5.951e+02
|        ( - 4.018e+03 2 0 QUESTION6 -1 2.006e+02 2.467e+02)
|        ( QUESTION2 1 6.421e+03 6.757e+02 3.484e+02
|            ( QUESTION0_0_R 1 3.600e+03 5.025e+02 1.960e+02
|                ( - 1.287e+03 1 0)
|                ( - 1.811e+03 3 0 WDBNDRY_B 0 4.044e+01 1.059e+02))
|            ( - 2.145e+03 2 0 WDBNDRY_B 0 2.264e+02 1.525e+02))))
s>    ( QUESTION0 -1 3.826e+04 2.641e+03 1.707e+03
s>        ( SILENCE 1 2.377e+04 1.055e+03 1.112e+03
s>            ( - 2.891e+03 2 0)
s>            ( QUESTION6 1 1.982e+04 8.587e+02 9.514e+02
s>                ( - 7.386e+03 15 0 WDBNDRY_E 0 3.671e+02 4.193e+02)
s>                ( QUESTION4 1 1.158e+04 5.699e+02 5.322e+02
s>                    ( - 1.735e+03 4 0 QUESTION0_8_R 1 1.936e+02 9.641e+01)
s>                    ( - 9.271e+03 14 0 QUESTION1 1 4.959e+02 4.358e+02))))
s>        ( QUESTION0_1_R 1 1.186e+04 1.418e+03 5.951e+02
s>            ( - 4.018e+03 2 0 QUESTION6 -1 2.006e+02 2.467e+02)
s>            ( QUESTION2 1 6.421e+03 6.757e+02 3.484e+02
s>                ( QUESTION0_0_R 1 3.600e+03 5.025e+02 1.960e+02
s>                    ( - 1.287e+03 1 0)
s>                    ( - 1.811e+03 3 0 WDBNDRY_B 0 4.044e+01 1.059e+02))
s>                ( - 2.145e+03 2 0 WDBNDRY_B 0 2.264e+02 1.525e+02))))INFO: dtree.c(1315): Comp split 0
INFO: dtree.c(1478): Final simple tree
|( QUESTION0_1_R 1 1.186e+04 1.418e+03 5.951e+02
|    ( QUESTION6 -1 4.018e+03 2.006e+02 2.467e+02
|        ( - 3.550e+03 1 0)
|        ( - 2.673e+02 1 0))
|    ( QUESTION2 1 6.421e+03 6.757e+02 3.484e+02
|        ( QUESTION0_0_R 1 3.600e+03 5.025e+02 1.960e+02
|            ( - 1.287e+03 1 0)
|            ( WDBNDRY_B 0 1.811e+03 4.044e+01 1.059e+02
|                ( - 1.763e+03 1 0)
|                ( QUESTION7 -1 8.000e+00 8.000e+00 2.000e+00
|                    ( - 0.000e+00 1 0)
|                    ( - 0.000e+00 1 0))))
|        ( WDBNDRY_B 0 2.145e+03 2.264e+02 1.525e+02
|            ( - 5.152e+02 1 0)
|            ( - 1.404e+03 1 0))))
s>    ( QUESTION0_1_R 1 1.186e+04 1.418e+03 5.951e+02
s>        ( QUESTION6 -1 4.018e+03 2.006e+02 2.467e+02
s>            ( - 3.550e+03 1 0)
s>            ( - 2.673e+02 1 0))
s>        ( QUESTION2 1 6.421e+03 6.757e+02 3.484e+02
s>            ( QUESTION0_0_R 1 3.600e+03 5.025e+02 1.960e+02
s>                ( - 1.287e+03 1 0)
s>                ( WDBNDRY_B 0 1.811e+03 4.044e+01 1.059e+02
s>                    ( - 1.763e+03 1 0)
s>                    ( QUESTION7 -1 8.000e+00 8.000e+00 2.000e+00
s>                        ( - 0.000e+00 1 0)
s>                        ( - 0.000e+00 1 0))))
s>            ( WDBNDRY_B 0 2.145e+03 2.264e+02 1.525e+02
s>                ( - 5.152e+02 1 0)
s>                ( - 1.404e+03 1 0))))INFO: dtree.c(1478): Final simple tree
|( SILENCE 1 2.377e+04 1.055e+03 1.112e+03
|    ( - 2.891e+03 2 0)
|    ( QUESTION6 1 1.982e+04 8.587e+02 9.514e+02
|        ( WDBNDRY_E 0 7.386e+03 3.671e+02 4.193e+02
|            ( - 5.534e+03 11 0 QUESTION0_12_R 1 2.419e+02 3.169e+02)
|            ( - 1.485e+03 4 0 QUESTION7 1 8.003e+01 1.024e+02))
|        ( QUESTION4 1 1.158e+04 5.699e+02 5.322e+02
|            ( - 1.735e+03 4 0 QUESTION0_8_R 1 1.936e+02 9.641e+01)
|            ( QUESTION1 1 9.271e+03 4.959e+02 4.358e+02
|                ( - 2.619e+03 4 0 QUESTION0_0_R 1 1.775e+02 1.442e+02)
|                ( QUESTION0_0_R 1 6.156e+03 3.811e+02 2.916e+02
|                    ( - 2.390e+03 4 0 QUESTION0_3_R 1 7.569e+01 1.250e+02)
|                    ( QUESTION0_14_R 1 3.384e+03 3.166e+02 1.665e+02
|                        ( - 1.154e+03 1 0)
|                        ( - 1.913e+03 5 0 QUESTION0_8_R 1 2.176e+02 1.026e+02)))))))
s>    ( SILENCE 1 2.377e+04 1.055e+03 1.112e+03
s>        ( - 2.891e+03 2 0)
s>        ( QUESTION6 1 1.982e+04 8.587e+02 9.514e+02
s>            ( WDBNDRY_E 0 7.386e+03 3.671e+02 4.193e+02
s>                ( - 5.534e+03 11 0 QUESTION0_12_R 1 2.419e+02 3.169e+02)
s>                ( - 1.485e+03 4 0 QUESTION7 1 8.003e+01 1.024e+02))
s>            ( QUESTION4 1 1.158e+04 5.699e+02 5.322e+02
s>                ( - 1.735e+03 4 0 QUESTION0_8_R 1 1.936e+02 9.641e+01)
s>                ( QUESTION1 1 9.271e+03 4.959e+02 4.358e+02
s>                    ( - 2.619e+03 4 0 QUESTION0_0_R 1 1.775e+02 1.442e+02)
s>                    ( QUESTION0_0_R 1 6.156e+03 3.811e+02 2.916e+02
s>                        ( - 2.390e+03 4 0 QUESTION0_3_R 1 7.569e+01 1.250e+02)
s>                        ( QUESTION0_14_R 1 3.384e+03 3.166e+02 1.665e+02
s>                            ( - 1.154e+03 1 0)
s>                            ( - 1.913e+03 5 0 QUESTION0_8_R 1 2.176e+02 1.026e+02)))))))INFO: dtree.c(1315): Comp split 1
INFO: dtree.c(1439): stop. leaf nodes are specific
INFO: dtree.c(1478): Final simple tree
|( QUESTION2 1 6.421e+03 6.757e+02 3.484e+02
|    ( QUESTION0_0_R 1 3.600e+03 5.025e+02 1.960e+02
|        ( - 1.287e+03 1 0)
|        ( WDBNDRY_B 0 1.811e+03 4.044e+01 1.059e+02
|            ( - 1.763e+03 1 0)
|            ( QUESTION7 -1 8.000e+00 8.000e+00 2.000e+00
|                ( - 0.000e+00 1 0)
|                ( - 0.000e+00 1 0))))
|    ( WDBNDRY_B 0 2.145e+03 2.264e+02 1.525e+02
|        ( - 5.152e+02 1 0)
|        ( - 1.404e+03 1 0)))
s>    ( QUESTION2 1 6.421e+03 6.757e+02 3.484e+02
s>        ( QUESTION0_0_R 1 3.600e+03 5.025e+02 1.960e+02
s>            ( - 1.287e+03 1 0)
s>            ( WDBNDRY_B 0 1.811e+03 4.044e+01 1.059e+02
s>                ( - 1.763e+03 1 0)
s>                ( QUESTION7 -1 8.000e+00 8.000e+00 2.000e+00
s>                    ( - 0.000e+00 1 0)
s>                    ( - 0.000e+00 1 0))))
s>        ( WDBNDRY_B 0 2.145e+03 2.264e+02 1.525e+02
s>            ( - 5.152e+02 1 0)
s>            ( - 1.404e+03 1 0)))INFO: dtree.c(1439): stop. leaf nodes are specific
INFO: dtree.c(1478): Final simple tree
|( QUESTION6 -1 4.018e+03 2.006e+02 2.467e+02
|    ( - 3.550e+03 1 0)
|    ( - 2.673e+02 1 0))
s>    ( QUESTION6 -1 4.018e+03 2.006e+02 2.467e+02
s>        ( - 3.550e+03 1 0)
s>        ( - 2.673e+02 1 0))INFO: dtree.c(1315): Comp split 2
INFO: dtree.c(1439): stop. leaf nodes are specific
INFO: dtree.c(1478): Final simple tree
|( SILENCE 1 9.771e+03 7.244e+02 4.523e+02
|    ( - 2.891e+03 2 0)
|    ( QUESTION0_0_R 1 6.156e+03 3.811e+02 2.916e+02
|        ( QUESTION0_3_R 1 2.390e+03 7.569e+01 1.250e+02
|            ( - 2.296e+03 3 0)
|            ( - 1.882e+01 1 0))
|        ( QUESTION0_14_R 1 3.384e+03 3.166e+02 1.665e+02
|            ( - 1.154e+03 1 0)
|            ( QUESTION0_8_R 1 1.913e+03 2.176e+02 1.026e+02
|                ( - 1.104e+03 3 0)
|                ( - 5.918e+02 2 0)))))
s>    ( SILENCE 1 9.771e+03 7.244e+02 4.523e+02
s>        ( - 2.891e+03 2 0)
s>        ( QUESTION0_0_R 1 6.156e+03 3.811e+02 2.916e+02
s>            ( QUESTION0_3_R 1 2.390e+03 7.569e+01 1.250e+02
s>                ( - 2.296e+03 3 0)
s>                ( - 1.882e+01 1 0))
s>            ( QUESTION0_14_R 1 3.384e+03 3.166e+02 1.665e+02
s>                ( - 1.154e+03 1 0)
s>                ( QUESTION0_8_R 1 1.913e+03 2.176e+02 1.026e+02
s>                    ( - 1.104e+03 3 0)
s>                    ( - 5.918e+02 2 0)))))INFO: dtree.c(1478): Final simple tree
|( QUESTION5 1 1.268e+04 5.106e+02 6.599e+02
|    ( WDBNDRY_E 0 7.386e+03 3.671e+02 4.193e+02
|        ( QUESTION0_12_R 1 5.534e+03 2.419e+02 3.169e+02
|            ( - 2.693e+03 1 0)
|            ( QUESTION7 1 2.599e+03 2.162e+02 1.531e+02
|                ( - 1.903e+03 5 0 QUESTION0_10_R 1 1.663e+02 1.200e+02)
|                ( - 4.804e+02 5 0 QUESTION0_19_R 1 5.653e+01 3.314e+01)))
|        ( - 1.485e+03 4 0 QUESTION7 1 8.003e+01 1.024e+02))
|    ( QUESTION0 1 4.781e+03 4.264e+02 2.406e+02
|        ( QUESTION0_0_R 1 2.619e+03 1.775e+02 1.442e+02
|            ( - 1.801e+03 1 0)
|            ( - 6.413e+02 3 0))
|        ( QUESTION0_8_R 1 1.735e+03 1.936e+02 9.641e+01
|            ( - 9.447e+02 2 0)
|            ( - 5.966e+02 2 0 QUESTION0_0_R 1 7.840e+01 3.942e+01))))
s>    ( QUESTION5 1 1.268e+04 5.106e+02 6.599e+02
s>        ( WDBNDRY_E 0 7.386e+03 3.671e+02 4.193e+02
s>            ( QUESTION0_12_R 1 5.534e+03 2.419e+02 3.169e+02
s>                ( - 2.693e+03 1 0)
s>                ( QUESTION7 1 2.599e+03 2.162e+02 1.531e+02
s>                    ( - 1.903e+03 5 0 QUESTION0_10_R 1 1.663e+02 1.200e+02)
s>                    ( - 4.804e+02 5 0 QUESTION0_19_R 1 5.653e+01 3.314e+01)))
s>            ( - 1.485e+03 4 0 QUESTION7 1 8.003e+01 1.024e+02))
s>        ( QUESTION0 1 4.781e+03 4.264e+02 2.406e+02
s>            ( QUESTION0_0_R 1 2.619e+03 1.775e+02 1.442e+02
s>                ( - 1.801e+03 1 0)
s>                ( - 6.413e+02 3 0))
s>            ( QUESTION0_8_R 1 1.735e+03 1.936e+02 9.641e+01
s>                ( - 9.447e+02 2 0)
s>                ( - 5.966e+02 2 0 QUESTION0_0_R 1 7.840e+01 3.942e+01))))INFO: dtree.c(1315): Comp split 3
INFO: dtree.c(1439): stop. leaf nodes are specific
INFO: dtree.c(1478): Final simple tree
|( QUESTION0_0_R 1 6.156e+03 3.811e+02 2.916e+02
|    ( QUESTION0_3_R 1 2.390e+03 7.569e+01 1.250e+02
|        ( - 2.296e+03 3 0)
|        ( - 1.882e+01 1 0))
|    ( QUESTION0_14_R 1 3.384e+03 3.166e+02 1.665e+02
|        ( - 1.154e+03 1 0)
|        ( QUESTION0_8_R 1 1.913e+03 2.176e+02 1.026e+02
|            ( - 1.104e+03 3 0)
|            ( - 5.918e+02 2 0))))
s>    ( QUESTION0_0_R 1 6.156e+03 3.811e+02 2.916e+02
s>        ( QUESTION0_3_R 1 2.390e+03 7.569e+01 1.250e+02
s>            ( - 2.296e+03 3 0)
s>            ( - 1.882e+01 1 0))
s>        ( QUESTION0_14_R 1 3.384e+03 3.166e+02 1.665e+02
s>            ( - 1.154e+03 1 0)
s>            ( QUESTION0_8_R 1 1.913e+03 2.176e+02 1.026e+02
s>                ( - 1.104e+03 3 0)
s>                ( - 5.918e+02 2 0))))INFO: dtree.c(1315): Comp split 4
INFO: dtree.c(1439): stop. leaf nodes are specific
INFO: dtree.c(1478): Final simple tree
|( QUESTION0_0_R 1 3.600e+03 5.025e+02 1.960e+02
|    ( - 1.287e+03 1 0)
|    ( WDBNDRY_B 0 1.811e+03 4.044e+01 1.059e+02
|        ( - 1.763e+03 1 0)
|        ( QUESTION7 -1 8.000e+00 8.000e+00 2.000e+00
|            ( - 0.000e+00 1 0)
|            ( - 0.000e+00 1 0))))
s>    ( QUESTION0_0_R 1 3.600e+03 5.025e+02 1.960e+02
s>        ( - 1.287e+03 1 0)
s>        ( WDBNDRY_B 0 1.811e+03 4.044e+01 1.059e+02
s>            ( - 1.763e+03 1 0)
s>            ( QUESTION7 -1 8.000e+00 8.000e+00 2.000e+00
s>                ( - 0.000e+00 1 0)
s>                ( - 0.000e+00 1 0))))INFO: dtree.c(1439): stop. leaf nodes are specific
INFO: dtree.c(1478): Final simple tree
|( WDBNDRY_B 0 2.145e+03 2.264e+02 1.525e+02
|    ( - 5.152e+02 1 0)
|    ( - 1.404e+03 1 0))
s>    ( WDBNDRY_B 0 2.145e+03 2.264e+02 1.525e+02
s>        ( - 5.152e+02 1 0)
s>        ( - 1.404e+03 1 0))INFO: dtree.c(1315): Comp split 5
INFO: dtree.c(1478): Final simple tree
|( QUESTION7 1 4.245e+03 3.735e+02 2.319e+02
|    ( - 1.315e+03 2 0)
|    ( QUESTION0_16_R 1 2.557e+03 2.133e+02 1.386e+02
|        ( QUESTION0_17_R 1 5.492e+02 5.489e+01 3.856e+01
|            ( - 2.704e+01 2 0)
|            ( - 4.673e+02 1 0))
|        ( QUESTION0_8_R 1 1.794e+03 1.696e+02 9.999e+01
|            ( - 9.447e+02 2 0)
|            ( QUESTION0_13_R 1 6.801e+02 9.330e+01 4.300e+01
|                ( WDBNDRY_E 0 4.156e+02 2.961e+01 3.000e+01
|                    ( - 3.822e+02 2 0)
|                    ( - 3.818e+00 1 0))
|                ( WDBNDRY_E 0 1.711e+02 4.224e+01 1.300e+01
|                    ( - 6.686e+01 2 0 QUESTION0_1_R 1 1.596e+01 6.000e+00)
|                    ( - 6.203e+01 1 0))))))
s>    ( QUESTION7 1 4.245e+03 3.735e+02 2.319e+02
s>        ( - 1.315e+03 2 0)
s>        ( QUESTION0_16_R 1 2.557e+03 2.133e+02 1.386e+02
s>            ( QUESTION0_17_R 1 5.492e+02 5.489e+01 3.856e+01
s>                ( - 2.704e+01 2 0)
s>                ( - 4.673e+02 1 0))
s>            ( QUESTION0_8_R 1 1.794e+03 1.696e+02 9.999e+01
s>                ( - 9.447e+02 2 0)
s>                ( QUESTION0_13_R 1 6.801e+02 9.330e+01 4.300e+01
s>                    ( WDBNDRY_E 0 4.156e+02 2.961e+01 3.000e+01
s>                        ( - 3.822e+02 2 0)
s>                        ( - 3.818e+00 1 0))
s>                    ( WDBNDRY_E 0 1.711e+02 4.224e+01 1.300e+01
s>                        ( - 6.686e+01 2 0 QUESTION0_1_R 1 1.596e+01 6.000e+00)
s>                        ( - 6.203e+01 1 0))))))INFO: dtree.c(1439): stop. leaf nodes are specific
INFO: dtree.c(1478): Final simple tree
|( QUESTION0_9_R 1 7.856e+03 4.191e+02 4.279e+02
|    ( QUESTION0_12_R 1 4.818e+03 2.223e+02 2.838e+02
|        ( - 2.693e+03 1 0)
|        ( QUESTION0_10_R 1 1.903e+03 1.663e+02 1.200e+02
|            ( QUESTION0_11_R 1 1.162e+03 8.612e+01 8.037e+01
|                ( - 3.407e+02 1 0)
|                ( - 7.357e+02 2 0))
|            ( QUESTION0_18_R 1 5.738e+02 9.296e+01 3.963e+01
|                ( - 3.809e+02 1 0)
|                ( - 9.999e+01 1 0))))
|    ( QUESTION0_0_R 1 2.619e+03 1.775e+02 1.442e+02
|        ( - 1.801e+03 1 0)
|        ( - 6.413e+02 3 0)))
s>    ( QUESTION0_9_R 1 7.856e+03 4.191e+02 4.279e+02
s>        ( QUESTION0_12_R 1 4.818e+03 2.223e+02 2.838e+02
s>            ( - 2.693e+03 1 0)
s>            ( QUESTION0_10_R 1 1.903e+03 1.663e+02 1.200e+02
s>                ( QUESTION0_11_R 1 1.162e+03 8.612e+01 8.037e+01
s>                    ( - 3.407e+02 1 0)
s>                    ( - 7.357e+02 2 0))
s>                ( QUESTION0_18_R 1 5.738e+02 9.296e+01 3.963e+01
s>                    ( - 3.809e+02 1 0)
s>                    ( - 9.999e+01 1 0))))
s>        ( QUESTION0_0_R 1 2.619e+03 1.775e+02 1.442e+02
s>            ( - 1.801e+03 1 0)
s>            ( - 6.413e+02 3 0)))INFO: dtree.c(1315): Comp split 6
INFO: dtree.c(1439): stop. leaf nodes are specific
INFO: dtree.c(1478): Final simple tree
|( WDBNDRY_B 0 1.811e+03 4.044e+01 1.059e+02
|    ( - 1.763e+03 1 0)
|    ( QUESTION7 -1 8.000e+00 8.000e+00 2.000e+00
|        ( - 0.000e+00 1 0)
|        ( - 0.000e+00 1 0)))
s>    ( WDBNDRY_B 0 1.811e+03 4.044e+01 1.059e+02
s>        ( - 1.763e+03 1 0)
s>        ( QUESTION7 -1 8.000e+00 8.000e+00 2.000e+00
s>            ( - 0.000e+00 1 0)
s>            ( - 0.000e+00 1 0)))INFO: dtree.c(1315): Comp split 7
INFO: dtree.c(1439): stop. leaf nodes are specific
INFO: dtree.c(1478): Final simple tree
|( QUESTION0_8_R 1 2.002e+03 2.203e+02 1.066e+02
|    ( - 1.104e+03 3 0)
|    ( QUESTION0_0_R 1 6.780e+02 6.732e+01 4.310e+01
|        ( - 1.882e+01 1 0)
|        ( - 5.918e+02 2 0)))
s>    ( QUESTION0_8_R 1 2.002e+03 2.203e+02 1.066e+02
s>        ( - 1.104e+03 3 0)
s>        ( QUESTION0_0_R 1 6.780e+02 6.732e+01 4.310e+01
s>            ( - 1.882e+01 1 0)
s>            ( - 5.918e+02 2 0)))INFO: dtree.c(1439): stop. leaf nodes are specific
INFO: dtree.c(1478): Final simple tree
|( QUESTION0_0_R 1 3.719e+03 2.688e+02 1.850e+02
|    ( - 2.296e+03 3 0)
|    ( - 1.154e+03 1 0))
s>    ( QUESTION0_0_R 1 3.719e+03 2.688e+02 1.850e+02
s>        ( - 2.296e+03 3 0)
s>        ( - 1.154e+03 1 0))INFO: dtree.c(1315): Comp split 8
INFO: dtree.c(1439): stop. leaf nodes are specific
INFO: dtree.c(1478): Final simple tree
|( QUESTION0_12_R 1 4.818e+03 2.223e+02 2.838e+02
|    ( - 2.693e+03 1 0)
|    ( QUESTION0_10_R 1 1.903e+03 1.663e+02 1.200e+02
|        ( QUESTION0_11_R 1 1.162e+03 8.612e+01 8.037e+01
|            ( - 3.407e+02 1 0)
|            ( - 7.357e+02 2 0))
|        ( QUESTION0_18_R 1 5.738e+02 9.296e+01 3.963e+01
|            ( - 3.809e+02 1 0)
|            ( - 9.999e+01 1 0))))
s>    ( QUESTION0_12_R 1 4.818e+03 2.223e+02 2.838e+02
s>        ( - 2.693e+03 1 0)
s>        ( QUESTION0_10_R 1 1.903e+03 1.663e+02 1.200e+02
s>            ( QUESTION0_11_R 1 1.162e+03 8.612e+01 8.037e+01
s>                ( - 3.407e+02 1 0)
s>                ( - 7.357e+02 2 0))
s>            ( QUESTION0_18_R 1 5.738e+02 9.296e+01 3.963e+01
s>                ( - 3.809e+02 1 0)
s>                ( - 9.999e+01 1 0))))INFO: dtree.c(1439): stop. leaf nodes are specific
INFO: dtree.c(1478): Final simple tree
|( QUESTION0_0_R 1 2.619e+03 1.775e+02 1.442e+02
|    ( - 1.801e+03 1 0)
|    ( - 6.413e+02 3 0))
s>    ( QUESTION0_0_R 1 2.619e+03 1.775e+02 1.442e+02
s>        ( - 1.801e+03 1 0)
s>        ( - 6.413e+02 3 0))INFO: dtree.c(1315): Comp split 9
INFO: dtree.c(1439): stop. leaf nodes are specific
INFO: dtree.c(1478): Final simple tree
|( WDBNDRY_E 0 1.467e+03 8.532e+01 9.937e+01
|    ( QUESTION0_1_R 1 6.686e+01 1.596e+01 6.000e+00
|        ( - 5.089e+01 1 0)
|        ( - 0.000e+00 1 0))
|    ( - 1.315e+03 2 0))
s>    ( WDBNDRY_E 0 1.467e+03 8.532e+01 9.937e+01
s>        ( QUESTION0_1_R 1 6.686e+01 1.596e+01 6.000e+00
s>            ( - 5.089e+01 1 0)
s>            ( - 0.000e+00 1 0))
s>        ( - 1.315e+03 2 0))INFO: dtree.c(1439): stop. leaf nodes are specific
INFO: dtree.c(1478): Final simple tree
|( QUESTION0_16_R 1 2.397e+03 2.087e+02 1.326e+02
|    ( QUESTION0_17_R 1 5.492e+02 5.489e+01 3.856e+01
|        ( - 2.704e+01 2 0)
|        ( - 4.673e+02 1 0))
|    ( QUESTION0_13_R 1 1.639e+03 1.542e+02 9.399e+01
|        ( WDBNDRY_E 0 4.156e+02 2.961e+01 3.000e+01
|            ( - 3.822e+02 2 0)
|            ( - 3.818e+00 1 0))
|        ( WDBNDRY_E 0 1.070e+03 6.280e+01 6.399e+01
|            ( - 9.447e+02 2 0)
|            ( - 6.203e+01 1 0))))
s>    ( QUESTION0_16_R 1 2.397e+03 2.087e+02 1.326e+02
s>        ( QUESTION0_17_R 1 5.492e+02 5.489e+01 3.856e+01
s>            ( - 2.704e+01 2 0)
s>            ( - 4.673e+02 1 0))
s>        ( QUESTION0_13_R 1 1.639e+03 1.542e+02 9.399e+01
s>            ( WDBNDRY_E 0 4.156e+02 2.961e+01 3.000e+01
s>                ( - 3.822e+02 2 0)
s>                ( - 3.818e+00 1 0))
s>            ( WDBNDRY_E 0 1.070e+03 6.280e+01 6.399e+01
s>                ( - 9.447e+02 2 0)
s>                ( - 6.203e+01 1 0))))INFO: dtree.c(1315): Comp split 10
INFO: dtree.c(1315): Comp split 11
INFO: dtree.c(1439): stop. leaf nodes are specific
INFO: dtree.c(1478): Final simple tree
|( QUESTION0_11_R 1 1.162e+03 8.612e+01 8.037e+01
|    ( - 3.407e+02 1 0)
|    ( - 7.357e+02 2 0))
s>    ( QUESTION0_11_R 1 1.162e+03 8.612e+01 8.037e+01
s>        ( - 3.407e+02 1 0)
s>        ( - 7.357e+02 2 0))INFO: dtree.c(1439): stop. leaf nodes are specific
INFO: dtree.c(1478): Final simple tree
|( QUESTION0_10_R 1 3.393e+03 1.258e+02 2.034e+02
|    ( - 2.693e+03 1 0)
|    ( QUESTION0_18_R 1 5.738e+02 9.296e+01 3.963e+01
|        ( - 3.809e+02 1 0)
|        ( - 9.999e+01 1 0)))
s>    ( QUESTION0_10_R 1 3.393e+03 1.258e+02 2.034e+02
s>        ( - 2.693e+03 1 0)
s>        ( QUESTION0_18_R 1 5.738e+02 9.296e+01 3.963e+01
s>            ( - 3.809e+02 1 0)
s>            ( - 9.999e+01 1 0)))INFO: dtree.c(1315): Comp split 12
INFO: dtree.c(1315): Comp split 13
INFO: dtree.c(1439): stop. leaf nodes are specific
INFO: dtree.c(1478): Final simple tree
|( WDBNDRY_E 0 4.994e+02 2.825e+01 3.642e+01
|    ( - 4.673e+02 1 0)
|    ( - 3.818e+00 1 0))
s>    ( WDBNDRY_E 0 4.994e+02 2.825e+01 3.642e+01
s>        ( - 4.673e+02 1 0)
s>        ( - 3.818e+00 1 0))INFO: dtree.c(1439): stop. leaf nodes are specific
INFO: dtree.c(1478): Final simple tree
|( QUESTION0_19_R 1 1.676e+03 1.565e+02 9.614e+01
|    ( - 3.822e+02 2 0)
|    ( QUESTION0_8_R 1 1.137e+03 7.264e+01 6.813e+01
|        ( - 9.447e+02 2 0)
|        ( WDBNDRY_E 0 1.199e+02 3.088e+01 1.114e+01
|            ( - 2.704e+01 2 0)
|            ( - 6.203e+01 1 0))))
s>    ( QUESTION0_19_R 1 1.676e+03 1.565e+02 9.614e+01
s>        ( - 3.822e+02 2 0)
s>        ( QUESTION0_8_R 1 1.137e+03 7.264e+01 6.813e+01
s>            ( - 9.447e+02 2 0)
s>            ( WDBNDRY_E 0 1.199e+02 3.088e+01 1.114e+01
s>                ( - 2.704e+01 2 0)
s>                ( - 6.203e+01 1 0))))INFO: dtree.c(1315): Comp split 14
INFO: dtree.c(1439): stop. leaf nodes are specific
INFO: dtree.c(1478): Final simple tree
|( QUESTION0_0_R 1 6.780e+02 6.732e+01 4.310e+01
|    ( - 1.882e+01 1 0)
|    ( - 5.918e+02 2 0))
s>    ( QUESTION0_0_R 1 6.780e+02 6.732e+01 4.310e+01
s>        ( - 1.882e+01 1 0)
s>        ( - 5.918e+02 2 0))INFO: dtree.c(1315): Comp split 15
INFO: dtree.c(1315): Comp split 16
INFO: dtree.c(1315): Comp split 17
INFO: dtree.c(1439): stop. leaf nodes are specific
INFO: dtree.c(1478): Final simple tree
|( QUESTION0_8_R 1 1.137e+03 7.264e+01 6.813e+01
|    ( - 9.447e+02 2 0)
|    ( WDBNDRY_E 0 1.199e+02 3.088e+01 1.114e+01
|        ( - 2.704e+01 2 0)
|        ( - 6.203e+01 1 0)))
s>    ( QUESTION0_8_R 1 1.137e+03 7.264e+01 6.813e+01
s>        ( - 9.447e+02 2 0)
s>        ( WDBNDRY_E 0 1.199e+02 3.088e+01 1.114e+01
s>            ( - 2.704e+01 2 0)
s>            ( - 6.203e+01 1 0)))INFO: dtree.c(1315): Comp split 18
INFO: dtree.c(1439): stop. leaf nodes are specific
INFO: dtree.c(1478): Final simple tree
|( QUESTION0_18_R 1 5.738e+02 9.296e+01 3.963e+01
|    ( - 3.809e+02 1 0)
|    ( - 9.999e+01 1 0))
s>    ( QUESTION0_18_R 1 5.738e+02 9.296e+01 3.963e+01
s>        ( - 3.809e+02 1 0)
s>        ( - 9.999e+01 1 0))INFO: dtree.c(1315): Comp split 19
INFO: dtree.c(1315): Comp split 20
INFO: dtree.c(1315): Comp split 21
INFO: dtree.c(1439): stop. leaf nodes are specific
INFO: dtree.c(1478): Final simple tree
|( QUESTION0_1_R 1 6.686e+01 1.596e+01 6.000e+00
|    ( - 5.089e+01 1 0)
|    ( - 0.000e+00 1 0))
s>    ( QUESTION0_1_R 1 6.686e+01 1.596e+01 6.000e+00
s>        ( - 5.089e+01 1 0)
s>        ( - 0.000e+00 1 0))INFO: dtree.c(1315): Comp split 22
INFO: dtree.c(1439): stop. leaf nodes are specific
INFO: dtree.c(1478): Final simple tree
|( WDBNDRY_E 0 1.199e+02 3.088e+01 1.114e+01
|    ( - 2.704e+01 2 0)
|    ( - 6.203e+01 1 0))
s>    ( WDBNDRY_E 0 1.199e+02 3.088e+01 1.114e+01
s>        ( - 2.704e+01 2 0)
s>        ( - 6.203e+01 1 0))INFO: dtree.c(1315): Comp split 23
INFO: dtree.c(1315): Comp split 24
INFO: dtree.c(1439): stop. leaf nodes are specific
INFO: dtree.c(1478): Final simple tree
|( QUESTION7 -1 8.000e+00 8.000e+00 2.000e+00
|    ( - 0.000e+00 1 0)
|    ( - 0.000e+00 1 0))
s>    ( QUESTION7 -1 8.000e+00 8.000e+00 2.000e+00
s>        ( - 0.000e+00 1 0)
s>        ( - 0.000e+00 1 0))INFO: dtree.c(1315): Comp split 25
INFO: dtree.c(1315): Comp split 26
INFO: dtree.c(1315): Comp split 27
INFO: dtree.c(1315): Comp split 28
INFO: dtree.c(1315): Comp split 29
INFO: dtree.c(1318): stop. leaf nodes are specific
Sun Mar 12 05:24:56 2017
