Current configuration:
[NAME]		[DEFLT]	[VALUE]
-allphones	no	no
-cntthresh	0.00001	1.000000e-05
-csplitmax	100	2000
-csplitmin	1	1
-csplitthr	8e-4	0.000000e+00
-example	no	no
-fullvar	no	no
-help		no	no
-meanfn			
-mixwfn			/home/gaurav/python-scripts/py/scripts/sphinx-source2/an4/model_parameters/an4.cd_ptm_untied/mixture_weights
-moddeffn		/home/gaurav/python-scripts/py/scripts/sphinx-source2/an4/model_architecture/an4.untied.mdef
-mwfloor	1e-4	1.000000e-08
-phone			EH
-psetfn			/home/gaurav/python-scripts/py/scripts/sphinx-source2/an4/model_architecture/an4.tree_questions
-ssplitmax	5	7
-ssplitmin	1	1
-ssplitthr	8e-4	0.000000e+00
-state			0
-stwt			1.0,0.05,0.0,
-treefn			/home/gaurav/python-scripts/py/scripts/sphinx-source2/an4/trees/an4.unpruned/EH-0.dtree
-ts2cbfn	.semi.	.semi.
-varfloor	0.00001	1.000000e-05
-varfn			

INFO: main.c(223): Reading: /home/gaurav/python-scripts/py/scripts/sphinx-source2/an4/model_architecture/an4.untied.mdef
INFO: model_def_io.c(573): Model definition info:
INFO: model_def_io.c(574): 1618 total models defined (34 base, 1584 tri)
INFO: model_def_io.c(575): 6472 total states
INFO: model_def_io.c(576): 4854 total tied states
INFO: model_def_io.c(577): 102 total tied CI states
INFO: model_def_io.c(578): 34 total tied transition matrices
INFO: model_def_io.c(579): 4 max state/model
INFO: model_def_io.c(580): 4 min state/model
INFO: main.c(242): Building trees for [EH AH F b] through [EH Y S i]
INFO: main.c(269): Covering states |[978 1271]| == 294
INFO: main.c(275): Reading: /home/gaurav/python-scripts/py/scripts/sphinx-source2/an4/model_parameters/an4.cd_ptm_untied/mixture_weights
INFO: s3mixw_io.c(173): Read /home/gaurav/python-scripts/py/scripts/sphinx-source2/an4/model_parameters/an4.cd_ptm_untied/mixture_weights [294x4x64 array]
INFO: main.c(311): 98 of 98 models have observation count greater than 0.000010
INFO: main.c(95): nrm stwt: 0.952 0.048 0.000 
INFO: main.c(411): 98-class entropy: 7.596999e+04
INFO: main.c(549): Reading: /home/gaurav/python-scripts/py/scripts/sphinx-source2/an4/model_architecture/an4.tree_questions
INFO: main.c(588): 180 total simple questions (172 phone; 8 word bndry)
INFO: main.c(590): 42 Left Only questions, and 42 Right Only questions
INFO: dtree.c(1478): Final simple tree
|( WDBNDRY_B 0 9.878e+04 3.299e+03 4.586e+03
|    ( SILENCE -1 8.596e+04 2.077e+03 4.079e+03
|        ( - 1.911e+04 7 0 QUESTION0_1_R 1 3.889e+02 1.013e+03)
|        ( QUESTION1 -1 6.477e+04 9.133e+02 3.066e+03
|            ( - 2.218e+04 12 0 QUESTION4 1 3.312e+02 1.082e+03)
|            ( QUESTION2_0_L -1 4.168e+04 9.851e+02 1.984e+03
|                ( QUESTION4 -1 2.296e+04 5.172e+02 1.114e+03
|                    ( - 7.681e+03 16 0 QUESTION2_1_L -1 3.515e+02 4.098e+02)
|                    ( - 1.476e+04 37 0 QUESTION0_1_R 1 3.979e+02 7.045e+02))
|                ( - 1.774e+04 12 0 QUESTION2_17_L -1 4.665e+02 8.698e+02))))
|    ( QUESTION4 -1 9.521e+03 1.162e+03 5.069e+02
|        ( - 4.132e+03 5 0 QUESTION0_0_R 1 9.854e+01 3.009e+02)
|        ( QUESTION0 -1 4.227e+03 5.710e+02 2.060e+02
|            ( - 2.105e+03 6 0 QUESTION0_1_R 1 3.392e+02 1.176e+02)
|            ( - 1.551e+03 3 0 QUESTION0 1 2.099e+02 8.845e+01))))
s>    ( WDBNDRY_B 0 9.878e+04 3.299e+03 4.586e+03
s>        ( SILENCE -1 8.596e+04 2.077e+03 4.079e+03
s>            ( - 1.911e+04 7 0 QUESTION0_1_R 1 3.889e+02 1.013e+03)
s>            ( QUESTION1 -1 6.477e+04 9.133e+02 3.066e+03
s>                ( - 2.218e+04 12 0 QUESTION4 1 3.312e+02 1.082e+03)
s>                ( QUESTION2_0_L -1 4.168e+04 9.851e+02 1.984e+03
s>                    ( QUESTION4 -1 2.296e+04 5.172e+02 1.114e+03
s>                        ( - 7.681e+03 16 0 QUESTION2_1_L -1 3.515e+02 4.098e+02)
s>                        ( - 1.476e+04 37 0 QUESTION0_1_R 1 3.979e+02 7.045e+02))
s>                    ( - 1.774e+04 12 0 QUESTION2_17_L -1 4.665e+02 8.698e+02))))
s>        ( QUESTION4 -1 9.521e+03 1.162e+03 5.069e+02
s>            ( - 4.132e+03 5 0 QUESTION0_0_R 1 9.854e+01 3.009e+02)
s>            ( QUESTION0 -1 4.227e+03 5.710e+02 2.060e+02
s>                ( - 2.105e+03 6 0 QUESTION0_1_R 1 3.392e+02 1.176e+02)
s>                ( - 1.551e+03 3 0 QUESTION0 1 2.099e+02 8.845e+01))))INFO: dtree.c(1315): Comp split 0
INFO: dtree.c(1478): Final simple tree
|( SILENCE -1 8.596e+04 2.077e+03 4.079e+03
|    ( QUESTION0_1_R 1 1.911e+04 3.889e+02 1.013e+03
|        ( - 8.834e+03 1 0)
|        ( - 9.890e+03 6 0 QUESTION5 1 3.065e+02 5.247e+02))
|    ( QUESTION1 -1 6.477e+04 9.133e+02 3.066e+03
|        ( - 2.218e+04 12 0 QUESTION4 1 3.312e+02 1.082e+03)
|        ( QUESTION2_0_L -1 4.168e+04 9.851e+02 1.984e+03
|            ( QUESTION4 -1 2.296e+04 5.172e+02 1.114e+03
|                ( - 7.681e+03 16 0 QUESTION2_1_L -1 3.515e+02 4.098e+02)
|                ( QUESTION0_1_R 1 1.476e+04 3.979e+02 7.045e+02
|                    ( - 4.136e+03 7 0 QUESTION0 -1 2.429e+02 2.023e+02)
|                    ( - 1.022e+04 30 0 QUESTION0 1 2.939e+02 5.022e+02)))
|            ( QUESTION2_17_L -1 1.774e+04 4.665e+02 8.698e+02
|                ( - 7.812e+03 6 0 QUESTION4 1 3.150e+02 3.868e+02)
|                ( - 9.463e+03 6 0 QUESTION0 -1 3.380e+02 4.830e+02)))))
s>    ( SILENCE -1 8.596e+04 2.077e+03 4.079e+03
s>        ( QUESTION0_1_R 1 1.911e+04 3.889e+02 1.013e+03
s>            ( - 8.834e+03 1 0)
s>            ( - 9.890e+03 6 0 QUESTION5 1 3.065e+02 5.247e+02))
s>        ( QUESTION1 -1 6.477e+04 9.133e+02 3.066e+03
s>            ( - 2.218e+04 12 0 QUESTION4 1 3.312e+02 1.082e+03)
s>            ( QUESTION2_0_L -1 4.168e+04 9.851e+02 1.984e+03
s>                ( QUESTION4 -1 2.296e+04 5.172e+02 1.114e+03
s>                    ( - 7.681e+03 16 0 QUESTION2_1_L -1 3.515e+02 4.098e+02)
s>                    ( QUESTION0_1_R 1 1.476e+04 3.979e+02 7.045e+02
s>                        ( - 4.136e+03 7 0 QUESTION0 -1 2.429e+02 2.023e+02)
s>                        ( - 1.022e+04 30 0 QUESTION0 1 2.939e+02 5.022e+02)))
s>                ( QUESTION2_17_L -1 1.774e+04 4.665e+02 8.698e+02
s>                    ( - 7.812e+03 6 0 QUESTION4 1 3.150e+02 3.868e+02)
s>                    ( - 9.463e+03 6 0 QUESTION0 -1 3.380e+02 4.830e+02)))))INFO: dtree.c(1478): Final simple tree
|( QUESTION4 -1 9.521e+03 1.162e+03 5.069e+02
|    ( QUESTION0_0_R 1 4.132e+03 9.854e+01 3.009e+02
|        ( - 3.889e+03 2 0)
|        ( - 1.437e+02 3 0 QUESTION0_10_R 1 2.342e+01 1.400e+01))
|    ( QUESTION0 -1 4.227e+03 5.710e+02 2.060e+02
|        ( QUESTION0_1_R 1 2.105e+03 3.392e+02 1.176e+02
|            ( - 7.546e+02 1 0)
|            ( QUESTION0_0_R 1 1.011e+03 1.828e+02 6.444e+01
|                ( QUESTION0 1 3.463e+02 7.305e+01 2.579e+01
|                    ( - 1.243e+02 1 0)
|                    ( - 1.489e+02 3 0 QUESTION0_5_R 1 4.000e+01 1.200e+01))
|                ( - 4.823e+02 1 0)))
|        ( QUESTION0 1 1.551e+03 2.099e+02 8.845e+01
|            ( - 8.159e+02 1 0)
|            ( - 5.254e+02 2 0 QUESTION0_1_R 1 5.010e+01 3.645e+01))))
s>    ( QUESTION4 -1 9.521e+03 1.162e+03 5.069e+02
s>        ( QUESTION0_0_R 1 4.132e+03 9.854e+01 3.009e+02
s>            ( - 3.889e+03 2 0)
s>            ( - 1.437e+02 3 0 QUESTION0_10_R 1 2.342e+01 1.400e+01))
s>        ( QUESTION0 -1 4.227e+03 5.710e+02 2.060e+02
s>            ( QUESTION0_1_R 1 2.105e+03 3.392e+02 1.176e+02
s>                ( - 7.546e+02 1 0)
s>                ( QUESTION0_0_R 1 1.011e+03 1.828e+02 6.444e+01
s>                    ( QUESTION0 1 3.463e+02 7.305e+01 2.579e+01
s>                        ( - 1.243e+02 1 0)
s>                        ( - 1.489e+02 3 0 QUESTION0_5_R 1 4.000e+01 1.200e+01))
s>                    ( - 4.823e+02 1 0)))
s>            ( QUESTION0 1 1.551e+03 2.099e+02 8.845e+01
s>                ( - 8.159e+02 1 0)
s>                ( - 5.254e+02 2 0 QUESTION0_1_R 1 5.010e+01 3.645e+01))))INFO: dtree.c(1315): Comp split 1
INFO: dtree.c(1478): Final simple tree
|( QUESTION1 -1 6.477e+04 9.133e+02 3.066e+03
|    ( - 2.218e+04 12 0 QUESTION4 1 3.312e+02 1.082e+03)
|    ( QUESTION2_0_L -1 4.168e+04 9.851e+02 1.984e+03
|        ( QUESTION4 -1 2.296e+04 5.172e+02 1.114e+03
|            ( QUESTION2_1_L -1 7.681e+03 3.515e+02 4.098e+02
|                ( - 5.097e+03 10 0 QUESTION0_9_R 1 2.021e+02 2.915e+02)
|                ( - 2.232e+03 6 0 QUESTION0_8_R 1 1.863e+02 1.183e+02))
|            ( QUESTION0_1_R 1 1.476e+04 3.979e+02 7.045e+02
|                ( - 4.136e+03 7 0 QUESTION0 -1 2.429e+02 2.023e+02)
|                ( - 1.022e+04 30 0 QUESTION0 1 2.939e+02 5.022e+02)))
|        ( QUESTION2_17_L -1 1.774e+04 4.665e+02 8.698e+02
|            ( - 7.812e+03 6 0 QUESTION4 1 3.150e+02 3.868e+02)
|            ( QUESTION0 -1 9.463e+03 3.380e+02 4.830e+02
|                ( - 8.559e+03 5 0 QUESTION0 1 3.245e+02 4.340e+02)
|                ( - 5.661e+02 1 0)))))
s>    ( QUESTION1 -1 6.477e+04 9.133e+02 3.066e+03
s>        ( - 2.218e+04 12 0 QUESTION4 1 3.312e+02 1.082e+03)
s>        ( QUESTION2_0_L -1 4.168e+04 9.851e+02 1.984e+03
s>            ( QUESTION4 -1 2.296e+04 5.172e+02 1.114e+03
s>                ( QUESTION2_1_L -1 7.681e+03 3.515e+02 4.098e+02
s>                    ( - 5.097e+03 10 0 QUESTION0_9_R 1 2.021e+02 2.915e+02)
s>                    ( - 2.232e+03 6 0 QUESTION0_8_R 1 1.863e+02 1.183e+02))
s>                ( QUESTION0_1_R 1 1.476e+04 3.979e+02 7.045e+02
s>                    ( - 4.136e+03 7 0 QUESTION0 -1 2.429e+02 2.023e+02)
s>                    ( - 1.022e+04 30 0 QUESTION0 1 2.939e+02 5.022e+02)))
s>            ( QUESTION2_17_L -1 1.774e+04 4.665e+02 8.698e+02
s>                ( - 7.812e+03 6 0 QUESTION4 1 3.150e+02 3.868e+02)
s>                ( QUESTION0 -1 9.463e+03 3.380e+02 4.830e+02
s>                    ( - 8.559e+03 5 0 QUESTION0 1 3.245e+02 4.340e+02)
s>                    ( - 5.661e+02 1 0)))))INFO: dtree.c(1439): stop. leaf nodes are specific
INFO: dtree.c(1478): Final simple tree
|( QUESTION0_1_R 1 1.911e+04 3.889e+02 1.013e+03
|    ( - 8.834e+03 1 0)
|    ( QUESTION5 1 9.890e+03 3.065e+02 5.247e+02
|        ( QUESTION0_0_R 1 3.707e+03 1.213e+02 2.077e+02
|            ( QUESTION0_5_R 1 3.286e+03 4.060e+01 1.858e+02
|                ( - 3.231e+03 1 0)
|                ( - 1.404e+01 1 0))
|            ( - 2.995e+02 1 0))
|        ( QUESTION0_8_R 1 5.877e+03 2.362e+02 3.169e+02
|            ( - 3.364e+03 1 0)
|            ( QUESTION0_0_R 1 2.276e+03 1.517e+02 1.308e+02
|                ( - 1.019e+03 1 0)
|                ( - 1.105e+03 1 0)))))
s>    ( QUESTION0_1_R 1 1.911e+04 3.889e+02 1.013e+03
s>        ( - 8.834e+03 1 0)
s>        ( QUESTION5 1 9.890e+03 3.065e+02 5.247e+02
s>            ( QUESTION0_0_R 1 3.707e+03 1.213e+02 2.077e+02
s>                ( QUESTION0_5_R 1 3.286e+03 4.060e+01 1.858e+02
s>                    ( - 3.231e+03 1 0)
s>                    ( - 1.404e+01 1 0))
s>                ( - 2.995e+02 1 0))
s>            ( QUESTION0_8_R 1 5.877e+03 2.362e+02 3.169e+02
s>                ( - 3.364e+03 1 0)
s>                ( QUESTION0_0_R 1 2.276e+03 1.517e+02 1.308e+02
s>                    ( - 1.019e+03 1 0)
s>                    ( - 1.105e+03 1 0)))))INFO: dtree.c(1315): Comp split 2
INFO: dtree.c(1478): Final simple tree
|( QUESTION0 -1 2.384e+04 5.248e+02 1.163e+03
|    ( QUESTION0 1 9.425e+03 4.038e+02 4.557e+02
|        ( - 3.636e+03 3 0)
|        ( QUESTION0_1_R 1 5.386e+03 2.901e+02 2.620e+02
|            ( - 2.870e+03 3 0)
|            ( - 2.226e+03 11 0 QUESTION0_8_R 1 1.869e+02 1.167e+02)))
|    ( QUESTION4 -1 1.389e+04 3.426e+02 7.077e+02
|        ( QUESTION2_1_L -1 7.681e+03 3.515e+02 4.098e+02
|            ( - 5.097e+03 10 0 QUESTION0_9_R 1 2.021e+02 2.915e+02)
|            ( - 2.232e+03 6 0 QUESTION0_8_R 1 1.863e+02 1.183e+02))
|        ( QUESTION0_8_R 1 5.862e+03 3.050e+02 2.978e+02
|            ( - 9.620e+02 4 0 QUESTION10 -1 1.412e+02 6.800e+01)
|            ( QUESTION6 -1 4.595e+03 2.810e+02 2.298e+02
|                ( - 1.843e+03 9 0 QUESTION7 -1 1.824e+02 9.600e+01)
|                ( - 2.471e+03 8 0 QUESTION0_2_R 1 1.697e+02 1.338e+02)))))
s>    ( QUESTION0 -1 2.384e+04 5.248e+02 1.163e+03
s>        ( QUESTION0 1 9.425e+03 4.038e+02 4.557e+02
s>            ( - 3.636e+03 3 0)
s>            ( QUESTION0_1_R 1 5.386e+03 2.901e+02 2.620e+02
s>                ( - 2.870e+03 3 0)
s>                ( - 2.226e+03 11 0 QUESTION0_8_R 1 1.869e+02 1.167e+02)))
s>        ( QUESTION4 -1 1.389e+04 3.426e+02 7.077e+02
s>            ( QUESTION2_1_L -1 7.681e+03 3.515e+02 4.098e+02
s>                ( - 5.097e+03 10 0 QUESTION0_9_R 1 2.021e+02 2.915e+02)
s>                ( - 2.232e+03 6 0 QUESTION0_8_R 1 1.863e+02 1.183e+02))
s>            ( QUESTION0_8_R 1 5.862e+03 3.050e+02 2.978e+02
s>                ( - 9.620e+02 4 0 QUESTION10 -1 1.412e+02 6.800e+01)
s>                ( QUESTION6 -1 4.595e+03 2.810e+02 2.298e+02
s>                    ( - 1.843e+03 9 0 QUESTION7 -1 1.824e+02 9.600e+01)
s>                    ( - 2.471e+03 8 0 QUESTION0_2_R 1 1.697e+02 1.338e+02)))))INFO: dtree.c(1478): Final simple tree
|( QUESTION2_12_L -1 3.963e+04 6.920e+02 1.903e+03
|    ( QUESTION0 1 8.559e+03 3.245e+02 4.340e+02
|        ( - 3.238e+03 1 0)
|        ( - 4.997e+03 4 0 QUESTION0_1_R 1 2.327e+02 2.551e+02))
|    ( QUESTION1 -1 3.038e+04 3.878e+02 1.469e+03
|        ( QUESTION4 1 2.218e+04 3.312e+02 1.082e+03
|            ( QUESTION0_0_R 1 1.342e+04 2.910e+02 6.600e+02
|                ( - 3.279e+03 2 0)
|                ( - 9.853e+03 4 0 QUESTION0_8_R 1 2.198e+02 4.922e+02))
|            ( - 8.423e+03 6 0 QUESTION0 1 2.338e+02 4.218e+02))
|        ( QUESTION4 1 7.812e+03 3.150e+02 3.868e+02
|            ( QUESTION0_0_R 1 4.474e+03 2.779e+02 2.258e+02
|                ( - 3.172e+03 1 0)
|                ( - 1.024e+03 2 0 QUESTION0_8_R 1 6.737e+01 6.411e+01))
|            ( - 3.023e+03 3 0 QUESTION16 1 1.777e+02 1.610e+02))))
s>    ( QUESTION2_12_L -1 3.963e+04 6.920e+02 1.903e+03
s>        ( QUESTION0 1 8.559e+03 3.245e+02 4.340e+02
s>            ( - 3.238e+03 1 0)
s>            ( - 4.997e+03 4 0 QUESTION0_1_R 1 2.327e+02 2.551e+02))
s>        ( QUESTION1 -1 3.038e+04 3.878e+02 1.469e+03
s>            ( QUESTION4 1 2.218e+04 3.312e+02 1.082e+03
s>                ( QUESTION0_0_R 1 1.342e+04 2.910e+02 6.600e+02
s>                    ( - 3.279e+03 2 0)
s>                    ( - 9.853e+03 4 0 QUESTION0_8_R 1 2.198e+02 4.922e+02))
s>                ( - 8.423e+03 6 0 QUESTION0 1 2.338e+02 4.218e+02))
s>            ( QUESTION4 1 7.812e+03 3.150e+02 3.868e+02
s>                ( QUESTION0_0_R 1 4.474e+03 2.779e+02 2.258e+02
s>                    ( - 3.172e+03 1 0)
s>                    ( - 1.024e+03 2 0 QUESTION0_8_R 1 6.737e+01 6.411e+01))
s>                ( - 3.023e+03 3 0 QUESTION16 1 1.777e+02 1.610e+02))))INFO: dtree.c(1315): Comp split 3
INFO: dtree.c(1439): stop. leaf nodes are specific
INFO: dtree.c(1478): Final simple tree
|( QUESTION2 -1 3.348e+03 4.343e+02 1.696e+02
|    ( QUESTION0_1_R 1 1.292e+03 1.906e+02 7.891e+01
|        ( - 7.546e+02 1 0)
|        ( QUESTION0 1 3.463e+02 7.305e+01 2.579e+01
|            ( - 1.243e+02 1 0)
|            ( QUESTION0_5_R 1 1.489e+02 4.000e+01 1.200e+01
|                ( - 7.464e+01 1 0)
|                ( QUESTION2_0_L -1 3.427e+01 1.653e+01 4.000e+00
|                    ( - 9.644e+00 1 0)
|                    ( - 8.092e+00 1 0)))))
|    ( QUESTION0_0_R 1 1.622e+03 3.241e+02 9.065e+01
|        ( - 8.159e+02 1 0)
|        ( - 4.823e+02 1 0)))
s>    ( QUESTION2 -1 3.348e+03 4.343e+02 1.696e+02
s>        ( QUESTION0_1_R 1 1.292e+03 1.906e+02 7.891e+01
s>            ( - 7.546e+02 1 0)
s>            ( QUESTION0 1 3.463e+02 7.305e+01 2.579e+01
s>                ( - 1.243e+02 1 0)
s>                ( QUESTION0_5_R 1 1.489e+02 4.000e+01 1.200e+01
s>                    ( - 7.464e+01 1 0)
s>                    ( QUESTION2_0_L -1 3.427e+01 1.653e+01 4.000e+00
s>                        ( - 9.644e+00 1 0)
s>                        ( - 8.092e+00 1 0)))))
s>        ( QUESTION0_0_R 1 1.622e+03 3.241e+02 9.065e+01
s>            ( - 8.159e+02 1 0)
s>            ( - 4.823e+02 1 0)))INFO: dtree.c(1439): stop. leaf nodes are specific
INFO: dtree.c(1478): Final simple tree
|( QUESTION4 -1 4.988e+03 3.315e+02 3.373e+02
|    ( QUESTION0_0_R 1 4.132e+03 9.854e+01 3.009e+02
|        ( - 3.889e+03 2 0)
|        ( QUESTION0_10_R 1 1.437e+02 2.342e+01 1.400e+01
|            ( - 9.760e+00 1 0)
|            ( QUESTION0_14_R 1 1.105e+02 1.831e+01 1.100e+01
|                ( - 7.396e+01 1 0)
|                ( - 1.821e+01 1 0))))
|    ( QUESTION0_1_R 1 5.254e+02 5.010e+01 3.645e+01
|        ( - 4.183e+02 1 0)
|        ( - 5.695e+01 1 0)))
s>    ( QUESTION4 -1 4.988e+03 3.315e+02 3.373e+02
s>        ( QUESTION0_0_R 1 4.132e+03 9.854e+01 3.009e+02
s>            ( - 3.889e+03 2 0)
s>            ( QUESTION0_10_R 1 1.437e+02 2.342e+01 1.400e+01
s>                ( - 9.760e+00 1 0)
s>                ( QUESTION0_14_R 1 1.105e+02 1.831e+01 1.100e+01
s>                    ( - 7.396e+01 1 0)
s>                    ( - 1.821e+01 1 0))))
s>        ( QUESTION0_1_R 1 5.254e+02 5.010e+01 3.645e+01
s>            ( - 4.183e+02 1 0)
s>            ( - 5.695e+01 1 0)))INFO: dtree.c(1315): Comp split 4
INFO: dtree.c(1478): Final simple tree
|( QUESTION0_1_R 1 7.527e+03 3.162e+02 3.580e+02
|    ( QUESTION0 -1 3.437e+03 1.821e+02 1.704e+02
|        ( - 2.870e+03 3 0)
|        ( - 3.855e+02 2 0 QUESTION7 -1 8.109e+01 2.500e+01))
|    ( QUESTION0 -1 3.773e+03 2.506e+02 1.877e+02
|        ( QUESTION0_8_R 1 2.226e+03 1.869e+02 1.167e+02
|            ( - 4.961e+02 3 0)
|            ( QUESTION0_0_R 1 1.543e+03 1.448e+02 8.415e+01
|                ( - 5.017e+02 3 0)
|                ( - 8.965e+02 5 0 QUESTION0_10_R 1 9.533e+01 5.199e+01)))
|        ( QUESTION7 -1 1.297e+03 1.632e+02 7.100e+01
|            ( QUESTION0_0_R 1 7.405e+02 1.111e+02 4.400e+01
|                ( - 3.748e+02 2 0 QUESTION0 1 6.813e+01 2.500e+01)
|                ( - 2.546e+02 2 0 QUESTION0_10_R 1 2.737e+01 1.900e+01))
|            ( - 3.931e+02 3 0 QUESTION0_0_R 1 7.190e+01 2.700e+01))))
s>    ( QUESTION0_1_R 1 7.527e+03 3.162e+02 3.580e+02
s>        ( QUESTION0 -1 3.437e+03 1.821e+02 1.704e+02
s>            ( - 2.870e+03 3 0)
s>            ( - 3.855e+02 2 0 QUESTION7 -1 8.109e+01 2.500e+01))
s>        ( QUESTION0 -1 3.773e+03 2.506e+02 1.877e+02
s>            ( QUESTION0_8_R 1 2.226e+03 1.869e+02 1.167e+02
s>                ( - 4.961e+02 3 0)
s>                ( QUESTION0_0_R 1 1.543e+03 1.448e+02 8.415e+01
s>                    ( - 5.017e+02 3 0)
s>                    ( - 8.965e+02 5 0 QUESTION0_10_R 1 9.533e+01 5.199e+01)))
s>            ( QUESTION7 -1 1.297e+03 1.632e+02 7.100e+01
s>                ( QUESTION0_0_R 1 7.405e+02 1.111e+02 4.400e+01
s>                    ( - 3.748e+02 2 0 QUESTION0 1 6.813e+01 2.500e+01)
s>                    ( - 2.546e+02 2 0 QUESTION0_10_R 1 2.737e+01 1.900e+01))
s>                ( - 3.931e+02 3 0 QUESTION0_0_R 1 7.190e+01 2.700e+01))))INFO: dtree.c(1478): Final simple tree
|( QUESTION2_2_L -1 1.559e+04 4.206e+02 8.053e+02
|    ( QUESTION0_2_R 1 9.190e+03 2.842e+02 4.618e+02
|        ( QUESTION5 -1 5.586e+03 2.169e+02 2.895e+02
|            ( - 1.453e+03 3 0 QUESTION2_5_L -1 1.309e+02 8.289e+01)
|            ( - 3.917e+03 5 0 QUESTION0 -1 1.261e+02 2.066e+02))
|        ( QUESTION0_0_R 1 3.320e+03 2.147e+02 1.723e+02
|            ( - 1.197e+03 3 0 QUESTION4 -1 1.343e+02 6.845e+01)
|            ( QUESTION0_8_R 1 1.908e+03 1.846e+02 1.038e+02
|                ( - 8.687e+02 3 0 QUESTION4 -1 1.124e+02 5.185e+01)
|                ( - 8.551e+02 5 0 QUESTION0_10_R 1 1.235e+02 5.198e+01))))
|    ( QUESTION4 -1 5.983e+03 2.460e+02 3.435e+02
|        ( QUESTION0_9_R 1 5.097e+03 2.021e+02 2.915e+02
|            ( - 1.699e+03 4 0 QUESTION0_10_R 1 1.508e+02 1.050e+02)
|            ( - 3.196e+03 6 0 QUESTION0_2_R 1 1.711e+02 1.865e+02))
|        ( - 6.399e+02 2 0 QUESTION7 -1 5.668e+01 5.200e+01)))
s>    ( QUESTION2_2_L -1 1.559e+04 4.206e+02 8.053e+02
s>        ( QUESTION0_2_R 1 9.190e+03 2.842e+02 4.618e+02
s>            ( QUESTION5 -1 5.586e+03 2.169e+02 2.895e+02
s>                ( - 1.453e+03 3 0 QUESTION2_5_L -1 1.309e+02 8.289e+01)
s>                ( - 3.917e+03 5 0 QUESTION0 -1 1.261e+02 2.066e+02))
s>            ( QUESTION0_0_R 1 3.320e+03 2.147e+02 1.723e+02
s>                ( - 1.197e+03 3 0 QUESTION4 -1 1.343e+02 6.845e+01)
s>                ( QUESTION0_8_R 1 1.908e+03 1.846e+02 1.038e+02
s>                    ( - 8.687e+02 3 0 QUESTION4 -1 1.124e+02 5.185e+01)
s>                    ( - 8.551e+02 5 0 QUESTION0_10_R 1 1.235e+02 5.198e+01))))
s>        ( QUESTION4 -1 5.983e+03 2.460e+02 3.435e+02
s>            ( QUESTION0_9_R 1 5.097e+03 2.021e+02 2.915e+02
s>                ( - 1.699e+03 4 0 QUESTION0_10_R 1 1.508e+02 1.050e+02)
s>                ( - 3.196e+03 6 0 QUESTION0_2_R 1 1.711e+02 1.865e+02))
s>            ( - 6.399e+02 2 0 QUESTION7 -1 5.668e+01 5.200e+01)))INFO: dtree.c(1315): Comp split 5
INFO: dtree.c(1439): stop. leaf nodes are specific
INFO: dtree.c(1478): Final simple tree
|( QUESTION0 1 1.205e+04 3.679e+02 5.957e+02
|    ( - 3.238e+03 1 0)
|    ( QUESTION2_12_L -1 8.442e+03 2.734e+02 4.168e+02
|        ( QUESTION0_1_R 1 4.997e+03 2.327e+02 2.551e+02
|            ( - 3.235e+03 1 0)
|            ( QUESTION0_8_R 1 1.529e+03 1.546e+02 8.597e+01
|                ( - 6.243e+02 1 0)
|                ( QUESTION0_0_R 1 7.503e+02 1.177e+02 4.397e+01
|                    ( - 3.948e+02 1 0)
|                    ( - 2.378e+02 1 0))))
|        ( - 3.172e+03 1 0)))
s>    ( QUESTION0 1 1.205e+04 3.679e+02 5.957e+02
s>        ( - 3.238e+03 1 0)
s>        ( QUESTION2_12_L -1 8.442e+03 2.734e+02 4.168e+02
s>            ( QUESTION0_1_R 1 4.997e+03 2.327e+02 2.551e+02
s>                ( - 3.235e+03 1 0)
s>                ( QUESTION0_8_R 1 1.529e+03 1.546e+02 8.597e+01
s>                    ( - 6.243e+02 1 0)
s>                    ( QUESTION0_0_R 1 7.503e+02 1.177e+02 4.397e+01
s>                        ( - 3.948e+02 1 0)
s>                        ( - 2.378e+02 1 0))))
s>            ( - 3.172e+03 1 0)))INFO: dtree.c(1478): Final simple tree
|( QUESTION1 -1 2.687e+04 3.342e+02 1.307e+03
|    ( QUESTION4 1 2.218e+04 3.312e+02 1.082e+03
|        ( QUESTION0_0_R 1 1.342e+04 2.910e+02 6.600e+02
|            ( - 3.279e+03 2 0)
|            ( QUESTION0_8_R 1 9.853e+03 2.198e+02 4.922e+02
|                ( - 8.023e+03 2 0)
|                ( - 1.610e+03 2 0)))
|        ( QUESTION0 1 8.423e+03 2.338e+02 4.218e+02
|            ( - 5.900e+03 2 0)
|            ( QUESTION0_0_R 1 2.289e+03 1.962e+02 1.207e+02
|                ( - 1.288e+03 2 0)
|                ( - 8.049e+02 2 0))))
|    ( QUESTION4 1 4.359e+03 3.116e+02 2.251e+02
|        ( - 1.024e+03 2 0 QUESTION0_8_R 1 6.737e+01 6.411e+01)
|        ( - 3.023e+03 3 0 QUESTION16 1 1.777e+02 1.610e+02)))
s>    ( QUESTION1 -1 2.687e+04 3.342e+02 1.307e+03
s>        ( QUESTION4 1 2.218e+04 3.312e+02 1.082e+03
s>            ( QUESTION0_0_R 1 1.342e+04 2.910e+02 6.600e+02
s>                ( - 3.279e+03 2 0)
s>                ( QUESTION0_8_R 1 9.853e+03 2.198e+02 4.922e+02
s>                    ( - 8.023e+03 2 0)
s>                    ( - 1.610e+03 2 0)))
s>            ( QUESTION0 1 8.423e+03 2.338e+02 4.218e+02
s>                ( - 5.900e+03 2 0)
s>                ( QUESTION0_0_R 1 2.289e+03 1.962e+02 1.207e+02
s>                    ( - 1.288e+03 2 0)
s>                    ( - 8.049e+02 2 0))))
s>        ( QUESTION4 1 4.359e+03 3.116e+02 2.251e+02
s>            ( - 1.024e+03 2 0 QUESTION0_8_R 1 6.737e+01 6.411e+01)
s>            ( - 3.023e+03 3 0 QUESTION16 1 1.777e+02 1.610e+02)))INFO: dtree.c(1315): Comp split 6
INFO: dtree.c(1439): stop. leaf nodes are specific
INFO: dtree.c(1478): Final simple tree
|( QUESTION2_0_L -1 2.000e+03 3.348e+02 1.091e+02
|    ( QUESTION0_5_R 1 8.664e+02 4.080e+01 5.400e+01
|        ( - 8.159e+02 1 0)
|        ( - 9.644e+00 1 0))
|    ( QUESTION0_1_R 1 7.993e+02 3.661e+01 5.511e+01
|        ( - 7.546e+02 1 0)
|        ( - 8.092e+00 1 0)))
s>    ( QUESTION2_0_L -1 2.000e+03 3.348e+02 1.091e+02
s>        ( QUESTION0_5_R 1 8.664e+02 4.080e+01 5.400e+01
s>            ( - 8.159e+02 1 0)
s>            ( - 9.644e+00 1 0))
s>        ( QUESTION0_1_R 1 7.993e+02 3.661e+01 5.511e+01
s>            ( - 7.546e+02 1 0)
s>            ( - 8.092e+00 1 0)))INFO: dtree.c(1439): stop. leaf nodes are specific
INFO: dtree.c(1478): Final simple tree
|( QUESTION0_0_R 1 8.990e+02 1.615e+02 6.044e+01
|    ( QUESTION0 1 2.551e+02 5.616e+01 2.179e+01
|        ( - 1.243e+02 1 0)
|        ( - 7.464e+01 1 0))
|    ( - 4.823e+02 1 0))
s>    ( QUESTION0_0_R 1 8.990e+02 1.615e+02 6.044e+01
s>        ( QUESTION0 1 2.551e+02 5.616e+01 2.179e+01
s>            ( - 1.243e+02 1 0)
s>            ( - 7.464e+01 1 0))
s>        ( - 4.823e+02 1 0))INFO: dtree.c(1315): Comp split 7
INFO: dtree.c(1478): Final simple tree
|( QUESTION0_2_R 1 9.190e+03 2.842e+02 4.618e+02
|    ( QUESTION5 -1 5.586e+03 2.169e+02 2.895e+02
|        ( QUESTION2_5_L -1 1.453e+03 1.309e+02 8.289e+01
|            ( - 2.224e+02 1 0)
|            ( - 1.099e+03 2 0 QUESTION0 1 1.028e+02 6.289e+01))
|        ( QUESTION0 -1 3.917e+03 1.261e+02 2.066e+02
|            ( - 3.636e+03 3 0)
|            ( - 1.547e+02 2 0 QUESTION0 1 1.536e+01 1.300e+01)))
|    ( QUESTION0_0_R 1 3.320e+03 2.147e+02 1.723e+02
|        ( QUESTION4 -1 1.197e+03 1.343e+02 6.845e+01
|            ( - 5.751e+02 1 0)
|            ( - 4.871e+02 2 0 QUESTION2_9_L -1 8.087e+01 3.194e+01))
|        ( QUESTION0_8_R 1 1.908e+03 1.846e+02 1.038e+02
|            ( - 8.687e+02 3 0 QUESTION4 -1 1.124e+02 5.185e+01)
|            ( - 8.551e+02 5 0 QUESTION0_10_R 1 1.235e+02 5.198e+01))))
s>    ( QUESTION0_2_R 1 9.190e+03 2.842e+02 4.618e+02
s>        ( QUESTION5 -1 5.586e+03 2.169e+02 2.895e+02
s>            ( QUESTION2_5_L -1 1.453e+03 1.309e+02 8.289e+01
s>                ( - 2.224e+02 1 0)
s>                ( - 1.099e+03 2 0 QUESTION0 1 1.028e+02 6.289e+01))
s>            ( QUESTION0 -1 3.917e+03 1.261e+02 2.066e+02
s>                ( - 3.636e+03 3 0)
s>                ( - 1.547e+02 2 0 QUESTION0 1 1.536e+01 1.300e+01)))
s>        ( QUESTION0_0_R 1 3.320e+03 2.147e+02 1.723e+02
s>            ( QUESTION4 -1 1.197e+03 1.343e+02 6.845e+01
s>                ( - 5.751e+02 1 0)
s>                ( - 4.871e+02 2 0 QUESTION2_9_L -1 8.087e+01 3.194e+01))
s>            ( QUESTION0_8_R 1 1.908e+03 1.846e+02 1.038e+02
s>                ( - 8.687e+02 3 0 QUESTION4 -1 1.124e+02 5.185e+01)
s>                ( - 8.551e+02 5 0 QUESTION0_10_R 1 1.235e+02 5.198e+01))))INFO: dtree.c(1478): Final simple tree
|( QUESTION4 -1 5.983e+03 2.460e+02 3.435e+02
|    ( QUESTION0_9_R 1 5.097e+03 2.021e+02 2.915e+02
|        ( QUESTION0_10_R 1 1.699e+03 1.508e+02 1.050e+02
|            ( - 8.317e+02 2 0)
|            ( - 7.165e+02 2 0))
|        ( QUESTION0_2_R 1 3.196e+03 1.711e+02 1.865e+02
|            ( QUESTION0 1 1.164e+03 1.108e+02 7.200e+01
|                ( - 1.399e+02 1 0)
|                ( - 9.133e+02 2 0))
|            ( QUESTION0_0_R 1 1.861e+03 1.147e+02 1.145e+02
|                ( - 4.484e+02 1 0)
|                ( - 1.298e+03 2 0))))
|    ( QUESTION7 -1 6.399e+02 5.668e+01 5.200e+01
|        ( - 1.713e+01 1 0)
|        ( - 5.661e+02 1 0)))
s>    ( QUESTION4 -1 5.983e+03 2.460e+02 3.435e+02
s>        ( QUESTION0_9_R 1 5.097e+03 2.021e+02 2.915e+02
s>            ( QUESTION0_10_R 1 1.699e+03 1.508e+02 1.050e+02
s>                ( - 8.317e+02 2 0)
s>                ( - 7.165e+02 2 0))
s>            ( QUESTION0_2_R 1 3.196e+03 1.711e+02 1.865e+02
s>                ( QUESTION0 1 1.164e+03 1.108e+02 7.200e+01
s>                    ( - 1.399e+02 1 0)
s>                    ( - 9.133e+02 2 0))
s>                ( QUESTION0_0_R 1 1.861e+03 1.147e+02 1.145e+02
s>                    ( - 4.484e+02 1 0)
s>                    ( - 1.298e+03 2 0))))
s>        ( QUESTION7 -1 6.399e+02 5.668e+01 5.200e+01
s>            ( - 1.713e+01 1 0)
s>            ( - 5.661e+02 1 0)))INFO: dtree.c(1315): Comp split 8
INFO: dtree.c(1439): stop. leaf nodes are specific
INFO: dtree.c(1478): Final simple tree
|( QUESTION0_8_R 1 5.877e+03 2.362e+02 3.169e+02
|    ( - 3.364e+03 1 0)
|    ( QUESTION0_0_R 1 2.276e+03 1.517e+02 1.308e+02
|        ( - 1.019e+03 1 0)
|        ( - 1.105e+03 1 0)))
s>    ( QUESTION0_8_R 1 5.877e+03 2.362e+02 3.169e+02
s>        ( - 3.364e+03 1 0)
s>        ( QUESTION0_0_R 1 2.276e+03 1.517e+02 1.308e+02
s>            ( - 1.019e+03 1 0)
s>            ( - 1.105e+03 1 0)))INFO: dtree.c(1439): stop. leaf nodes are specific
INFO: dtree.c(1478): Final simple tree
|( QUESTION0_2_R 1 1.283e+04 2.978e+02 6.962e+02
|    ( QUESTION0_5_R 1 3.286e+03 4.060e+01 1.858e+02
|        ( - 3.231e+03 1 0)
|        ( - 1.404e+01 1 0))
|    ( QUESTION0_0_R 1 9.248e+03 1.137e+02 5.104e+02
|        ( - 8.834e+03 1 0)
|        ( - 2.995e+02 1 0)))
s>    ( QUESTION0_2_R 1 1.283e+04 2.978e+02 6.962e+02
s>        ( QUESTION0_5_R 1 3.286e+03 4.060e+01 1.858e+02
s>            ( - 3.231e+03 1 0)
s>            ( - 1.404e+01 1 0))
s>        ( QUESTION0_0_R 1 9.248e+03 1.137e+02 5.104e+02
s>            ( - 8.834e+03 1 0)
s>            ( - 2.995e+02 1 0)))INFO: dtree.c(1315): Comp split 9
INFO: dtree.c(1439): stop. leaf nodes are specific
INFO: dtree.c(1478): Final simple tree
|( QUESTION2_12_L -1 8.442e+03 2.734e+02 4.168e+02
|    ( QUESTION0_1_R 1 4.997e+03 2.327e+02 2.551e+02
|        ( - 3.235e+03 1 0)
|        ( QUESTION0_8_R 1 1.529e+03 1.546e+02 8.597e+01
|            ( - 6.243e+02 1 0)
|            ( QUESTION0_0_R 1 7.503e+02 1.177e+02 4.397e+01
|                ( - 3.948e+02 1 0)
|                ( - 2.378e+02 1 0))))
|    ( - 3.172e+03 1 0))
s>    ( QUESTION2_12_L -1 8.442e+03 2.734e+02 4.168e+02
s>        ( QUESTION0_1_R 1 4.997e+03 2.327e+02 2.551e+02
s>            ( - 3.235e+03 1 0)
s>            ( QUESTION0_8_R 1 1.529e+03 1.546e+02 8.597e+01
s>                ( - 6.243e+02 1 0)
s>                ( QUESTION0_0_R 1 7.503e+02 1.177e+02 4.397e+01
s>                    ( - 3.948e+02 1 0)
s>                    ( - 2.378e+02 1 0))))
s>        ( - 3.172e+03 1 0))INFO: dtree.c(1315): Comp split 10
INFO: dtree.c(1439): stop. leaf nodes are specific
INFO: dtree.c(1478): Final simple tree
|( QUESTION1 -1 9.775e+03 3.273e+02 4.859e+02
|    ( QUESTION0 1 8.423e+03 2.338e+02 4.218e+02
|        ( - 5.900e+03 2 0)
|        ( QUESTION0_0_R 1 2.289e+03 1.962e+02 1.207e+02
|            ( - 1.288e+03 2 0)
|            ( - 8.049e+02 2 0)))
|    ( QUESTION0_8_R 1 1.024e+03 6.737e+01 6.411e+01
|        ( - 9.008e+02 1 0)
|        ( - 5.627e+01 1 0)))
s>    ( QUESTION1 -1 9.775e+03 3.273e+02 4.859e+02
s>        ( QUESTION0 1 8.423e+03 2.338e+02 4.218e+02
s>            ( - 5.900e+03 2 0)
s>            ( QUESTION0_0_R 1 2.289e+03 1.962e+02 1.207e+02
s>                ( - 1.288e+03 2 0)
s>                ( - 8.049e+02 2 0)))
s>        ( QUESTION0_8_R 1 1.024e+03 6.737e+01 6.411e+01
s>            ( - 9.008e+02 1 0)
s>            ( - 5.627e+01 1 0)))INFO: dtree.c(1439): stop. leaf nodes are specific
INFO: dtree.c(1478): Final simple tree
|( QUESTION0_0_R 1 1.673e+04 3.030e+02 8.210e+02
|    ( QUESTION0_1_R 1 6.432e+03 2.664e+02 3.218e+02
|        ( - 3.279e+03 2 0)
|        ( QUESTION0 1 2.887e+03 1.725e+02 1.540e+02
|            ( - 1.653e+03 1 0)
|            ( - 1.061e+03 1 0)))
|    ( QUESTION0_8_R 1 9.993e+03 2.260e+02 4.992e+02
|        ( - 8.023e+03 2 0)
|        ( QUESTION0_10_R 1 1.744e+03 7.426e+01 9.644e+01
|            ( - 5.929e+01 1 0)
|            ( - 1.610e+03 2 0))))
s>    ( QUESTION0_0_R 1 1.673e+04 3.030e+02 8.210e+02
s>        ( QUESTION0_1_R 1 6.432e+03 2.664e+02 3.218e+02
s>            ( - 3.279e+03 2 0)
s>            ( QUESTION0 1 2.887e+03 1.725e+02 1.540e+02
s>                ( - 1.653e+03 1 0)
s>                ( - 1.061e+03 1 0)))
s>        ( QUESTION0_8_R 1 9.993e+03 2.260e+02 4.992e+02
s>            ( - 8.023e+03 2 0)
s>            ( QUESTION0_10_R 1 1.744e+03 7.426e+01 9.644e+01
s>                ( - 5.929e+01 1 0)
s>                ( - 1.610e+03 2 0))))INFO: dtree.c(1315): Comp split 11
INFO: dtree.c(1439): stop. leaf nodes are specific
INFO: dtree.c(1478): Final simple tree
|( QUESTION0_0_R 1 3.577e+03 2.118e+02 1.779e+02
|    ( - 2.870e+03 3 0)
|    ( - 4.961e+02 3 0))
s>    ( QUESTION0_0_R 1 3.577e+03 2.118e+02 1.779e+02
s>        ( - 2.870e+03 3 0)
s>        ( - 4.961e+02 3 0))INFO: dtree.c(1478): Final simple tree
|( QUESTION7 -1 3.606e+03 2.208e+02 1.801e+02
|    ( QUESTION0_2_R 1 1.020e+03 1.394e+02 5.700e+01
|        ( - 3.748e+02 2 0 QUESTION0 1 6.813e+01 2.500e+01)
|        ( QUESTION0_0_R 1 5.055e+02 9.791e+01 3.200e+01
|            ( - 1.530e+02 1 0)
|            ( - 2.546e+02 2 0 QUESTION0_10_R 1 2.737e+01 1.900e+01)))
|    ( QUESTION0 -1 2.366e+03 1.817e+02 1.231e+02
|        ( QUESTION0_0_R 1 1.543e+03 1.448e+02 8.415e+01
|            ( - 5.017e+02 3 0)
|            ( QUESTION0_10_R 1 8.965e+02 9.533e+01 5.199e+01
|                ( - 1.109e+02 2 0)
|                ( - 6.903e+02 3 0)))
|        ( QUESTION0_0_R 1 6.410e+02 1.019e+02 3.900e+01
|            ( - 3.231e+02 2 0 QUESTION0_1_R 1 6.647e+01 2.200e+01)
|            ( - 2.160e+02 2 0 QUESTION0_10_R 1 3.377e+01 1.700e+01))))
s>    ( QUESTION7 -1 3.606e+03 2.208e+02 1.801e+02
s>        ( QUESTION0_2_R 1 1.020e+03 1.394e+02 5.700e+01
s>            ( - 3.748e+02 2 0 QUESTION0 1 6.813e+01 2.500e+01)
s>            ( QUESTION0_0_R 1 5.055e+02 9.791e+01 3.200e+01
s>                ( - 1.530e+02 1 0)
s>                ( - 2.546e+02 2 0 QUESTION0_10_R 1 2.737e+01 1.900e+01)))
s>        ( QUESTION0 -1 2.366e+03 1.817e+02 1.231e+02
s>            ( QUESTION0_0_R 1 1.543e+03 1.448e+02 8.415e+01
s>                ( - 5.017e+02 3 0)
s>                ( QUESTION0_10_R 1 8.965e+02 9.533e+01 5.199e+01
s>                    ( - 1.109e+02 2 0)
s>                    ( - 6.903e+02 3 0)))
s>            ( QUESTION0_0_R 1 6.410e+02 1.019e+02 3.900e+01
s>                ( - 3.231e+02 2 0 QUESTION0_1_R 1 6.647e+01 2.200e+01)
s>                ( - 2.160e+02 2 0 QUESTION0_10_R 1 3.377e+01 1.700e+01))))INFO: dtree.c(1315): Comp split 12
INFO: dtree.c(1439): stop. leaf nodes are specific
INFO: dtree.c(1478): Final simple tree
|( QUESTION0_1_R 1 7.993e+02 3.661e+01 5.511e+01
|    ( - 7.546e+02 1 0)
|    ( - 8.092e+00 1 0))
s>    ( QUESTION0_1_R 1 7.993e+02 3.661e+01 5.511e+01
s>        ( - 7.546e+02 1 0)
s>        ( - 8.092e+00 1 0))INFO: dtree.c(1439): stop. leaf nodes are specific
INFO: dtree.c(1478): Final simple tree
|( QUESTION0_5_R 1 8.664e+02 4.080e+01 5.400e+01
|    ( - 8.159e+02 1 0)
|    ( - 9.644e+00 1 0))
s>    ( QUESTION0_5_R 1 8.664e+02 4.080e+01 5.400e+01
s>        ( - 8.159e+02 1 0)
s>        ( - 9.644e+00 1 0))INFO: dtree.c(1315): Comp split 13
INFO: dtree.c(1478): Final simple tree
|( QUESTION0 -1 6.251e+03 1.956e+02 3.215e+02
|    ( - 3.636e+03 3 0)
|    ( QUESTION4 -1 2.419e+03 1.798e+02 1.279e+02
|        ( QUESTION0_10_R 1 7.534e+02 1.098e+02 4.598e+01
|            ( - 2.716e+02 1 0)
|            ( QUESTION0_0_R 1 3.720e+02 7.260e+01 2.600e+01
|                ( - 1.547e+02 2 0 QUESTION0 1 1.536e+01 1.300e+01)
|                ( - 1.447e+02 1 0)))
|        ( QUESTION0 1 1.486e+03 1.456e+02 8.188e+01
|            ( - 8.263e+02 1 0)
|            ( QUESTION0_0_R 1 5.137e+02 9.189e+01 3.203e+01
|                ( - 1.702e+02 1 0)
|                ( QUESTION2_9_L -1 2.516e+02 5.841e+01 1.900e+01
|                    ( - 9.977e+01 2 0 QUESTION0_10_R 1 1.848e+01 1.000e+01)
|                    ( - 9.343e+01 1 0))))))
s>    ( QUESTION0 -1 6.251e+03 1.956e+02 3.215e+02
s>        ( - 3.636e+03 3 0)
s>        ( QUESTION4 -1 2.419e+03 1.798e+02 1.279e+02
s>            ( QUESTION0_10_R 1 7.534e+02 1.098e+02 4.598e+01
s>                ( - 2.716e+02 1 0)
s>                ( QUESTION0_0_R 1 3.720e+02 7.260e+01 2.600e+01
s>                    ( - 1.547e+02 2 0 QUESTION0 1 1.536e+01 1.300e+01)
s>                    ( - 1.447e+02 1 0)))
s>            ( QUESTION0 1 1.486e+03 1.456e+02 8.188e+01
s>                ( - 8.263e+02 1 0)
s>                ( QUESTION0_0_R 1 5.137e+02 9.189e+01 3.203e+01
s>                    ( - 1.702e+02 1 0)
s>                    ( QUESTION2_9_L -1 2.516e+02 5.841e+01 1.900e+01
s>                        ( - 9.977e+01 2 0 QUESTION0_10_R 1 1.848e+01 1.000e+01)
s>                        ( - 9.343e+01 1 0))))))INFO: dtree.c(1439): stop. leaf nodes are specific
INFO: dtree.c(1478): Final simple tree
|( QUESTION0_0_R 1 2.607e+03 1.899e+02 1.403e+02
|    ( QUESTION4 -1 1.548e+03 1.588e+02 8.845e+01
|        ( - 5.751e+02 1 0)
|        ( QUESTION0_1_R 1 8.142e+02 1.047e+02 5.194e+01
|            ( QUESTION2_9_L -1 4.871e+02 8.087e+01 3.194e+01
|                ( - 4.562e+01 1 0)
|                ( - 3.607e+02 1 0))
|            ( - 2.224e+02 1 0)))
|    ( QUESTION4 -1 8.687e+02 1.124e+02 5.185e+01
|        ( - 5.485e+02 1 0)
|        ( QUESTION2_9_L -1 2.078e+02 4.442e+01 1.600e+01
|            ( - 1.601e+01 1 0)
|            ( - 1.474e+02 1 0))))
s>    ( QUESTION0_0_R 1 2.607e+03 1.899e+02 1.403e+02
s>        ( QUESTION4 -1 1.548e+03 1.588e+02 8.845e+01
s>            ( - 5.751e+02 1 0)
s>            ( QUESTION0_1_R 1 8.142e+02 1.047e+02 5.194e+01
s>                ( QUESTION2_9_L -1 4.871e+02 8.087e+01 3.194e+01
s>                    ( - 4.562e+01 1 0)
s>                    ( - 3.607e+02 1 0))
s>                ( - 2.224e+02 1 0)))
s>        ( QUESTION4 -1 8.687e+02 1.124e+02 5.185e+01
s>            ( - 5.485e+02 1 0)
s>            ( QUESTION2_9_L -1 2.078e+02 4.442e+01 1.600e+01
s>                ( - 1.601e+01 1 0)
s>                ( - 1.474e+02 1 0))))INFO: dtree.c(1315): Comp split 14
INFO: dtree.c(1439): stop. leaf nodes are specific
INFO: dtree.c(1478): Final simple tree
|( QUESTION0_0_R 1 4.132e+03 9.854e+01 3.009e+02
|    ( - 3.889e+03 2 0)
|    ( QUESTION0_10_R 1 1.437e+02 2.342e+01 1.400e+01
|        ( - 9.760e+00 1 0)
|        ( QUESTION0_14_R 1 1.105e+02 1.831e+01 1.100e+01
|            ( - 7.396e+01 1 0)
|            ( - 1.821e+01 1 0))))
s>    ( QUESTION0_0_R 1 4.132e+03 9.854e+01 3.009e+02
s>        ( - 3.889e+03 2 0)
s>        ( QUESTION0_10_R 1 1.437e+02 2.342e+01 1.400e+01
s>            ( - 9.760e+00 1 0)
s>            ( QUESTION0_14_R 1 1.105e+02 1.831e+01 1.100e+01
s>                ( - 7.396e+01 1 0)
s>                ( - 1.821e+01 1 0))))INFO: dtree.c(1439): stop. leaf nodes are specific
INFO: dtree.c(1478): Final simple tree
|( QUESTION0_1_R 1 5.254e+02 5.010e+01 3.645e+01
|    ( - 4.183e+02 1 0)
|    ( - 5.695e+01 1 0))
s>    ( QUESTION0_1_R 1 5.254e+02 5.010e+01 3.645e+01
s>        ( - 4.183e+02 1 0)
s>        ( - 5.695e+01 1 0))INFO: dtree.c(1315): Comp split 15
INFO: dtree.c(1439): stop. leaf nodes are specific
INFO: dtree.c(1478): Final simple tree
|( QUESTION0 1 8.423e+03 2.338e+02 4.218e+02
|    ( - 5.900e+03 2 0)
|    ( QUESTION0_0_R 1 2.289e+03 1.962e+02 1.207e+02
|        ( - 1.288e+03 2 0)
|        ( - 8.049e+02 2 0)))
s>    ( QUESTION0 1 8.423e+03 2.338e+02 4.218e+02
s>        ( - 5.900e+03 2 0)
s>        ( QUESTION0_0_R 1 2.289e+03 1.962e+02 1.207e+02
s>            ( - 1.288e+03 2 0)
s>            ( - 8.049e+02 2 0)))INFO: dtree.c(1439): stop. leaf nodes are specific
INFO: dtree.c(1478): Final simple tree
|( QUESTION0_8_R 1 1.024e+03 6.737e+01 6.411e+01
|    ( - 9.008e+02 1 0)
|    ( - 5.627e+01 1 0))
s>    ( QUESTION0_8_R 1 1.024e+03 6.737e+01 6.411e+01
s>        ( - 9.008e+02 1 0)
s>        ( - 5.627e+01 1 0))INFO: dtree.c(1315): Comp split 16
INFO: dtree.c(1439): stop. leaf nodes are specific
INFO: dtree.c(1478): Final simple tree
|( QUESTION0_8_R 1 1.111e+04 2.518e+02 5.522e+02
|    ( - 8.023e+03 2 0)
|    ( QUESTION0_0_R 1 2.839e+03 1.686e+02 1.495e+02
|        ( - 1.061e+03 1 0)
|        ( - 1.610e+03 2 0)))
s>    ( QUESTION0_8_R 1 1.111e+04 2.518e+02 5.522e+02
s>        ( - 8.023e+03 2 0)
s>        ( QUESTION0_0_R 1 2.839e+03 1.686e+02 1.495e+02
s>            ( - 1.061e+03 1 0)
s>            ( - 1.610e+03 2 0)))INFO: dtree.c(1439): stop. leaf nodes are specific
INFO: dtree.c(1478): Final simple tree
|( QUESTION0_1_R 1 5.304e+03 2.409e+02 2.688e+02
|    ( - 3.279e+03 2 0)
|    ( QUESTION0_0_R 1 1.784e+03 7.150e+01 1.010e+02
|        ( - 1.653e+03 1 0)
|        ( - 5.929e+01 1 0)))
s>    ( QUESTION0_1_R 1 5.304e+03 2.409e+02 2.688e+02
s>        ( - 3.279e+03 2 0)
s>        ( QUESTION0_0_R 1 1.784e+03 7.150e+01 1.010e+02
s>            ( - 1.653e+03 1 0)
s>            ( - 5.929e+01 1 0)))INFO: dtree.c(1315): Comp split 17
INFO: dtree.c(1439): stop. leaf nodes are specific
INFO: dtree.c(1478): Final simple tree
|( QUESTION0_0_R 1 9.248e+03 1.137e+02 5.104e+02
|    ( - 8.834e+03 1 0)
|    ( - 2.995e+02 1 0))
s>    ( QUESTION0_0_R 1 9.248e+03 1.137e+02 5.104e+02
s>        ( - 8.834e+03 1 0)
s>        ( - 2.995e+02 1 0))INFO: dtree.c(1439): stop. leaf nodes are specific
INFO: dtree.c(1478): Final simple tree
|( QUESTION0_5_R 1 3.286e+03 4.060e+01 1.858e+02
|    ( - 3.231e+03 1 0)
|    ( - 1.404e+01 1 0))
s>    ( QUESTION0_5_R 1 3.286e+03 4.060e+01 1.858e+02
s>        ( - 3.231e+03 1 0)
s>        ( - 1.404e+01 1 0))INFO: dtree.c(1315): Comp split 18
INFO: dtree.c(1439): stop. leaf nodes are specific
INFO: dtree.c(1478): Final simple tree
|( QUESTION0_1_R 1 3.731e+03 1.644e+02 1.887e+02
|    ( - 3.172e+03 1 0)
|    ( - 3.948e+02 1 0))
s>    ( QUESTION0_1_R 1 3.731e+03 1.644e+02 1.887e+02
s>        ( - 3.172e+03 1 0)
s>        ( - 3.948e+02 1 0))INFO: dtree.c(1439): stop. leaf nodes are specific
INFO: dtree.c(1478): Final simple tree
|( QUESTION0_0_R 1 4.434e+03 2.116e+02 2.281e+02
|    ( - 3.235e+03 1 0)
|    ( QUESTION0_8_R 1 9.879e+02 1.258e+02 5.897e+01
|        ( - 6.243e+02 1 0)
|        ( - 2.378e+02 1 0)))
s>    ( QUESTION0_0_R 1 4.434e+03 2.116e+02 2.281e+02
s>        ( - 3.235e+03 1 0)
s>        ( QUESTION0_8_R 1 9.879e+02 1.258e+02 5.897e+01
s>            ( - 6.243e+02 1 0)
s>            ( - 2.378e+02 1 0)))INFO: dtree.c(1315): Comp split 19
INFO: dtree.c(1439): stop. leaf nodes are specific
INFO: dtree.c(1478): Final simple tree
|( QUESTION4 -1 2.625e+03 1.984e+02 1.635e+02
|    ( QUESTION0_0_R 1 1.861e+03 1.147e+02 1.145e+02
|        ( - 4.484e+02 1 0)
|        ( - 1.298e+03 2 0))
|    ( - 5.661e+02 1 0))
s>    ( QUESTION4 -1 2.625e+03 1.984e+02 1.635e+02
s>        ( QUESTION0_0_R 1 1.861e+03 1.147e+02 1.145e+02
s>            ( - 4.484e+02 1 0)
s>            ( - 1.298e+03 2 0))
s>        ( - 5.661e+02 1 0))INFO: dtree.c(1439): stop. leaf nodes are specific
INFO: dtree.c(1478): Final simple tree
|( QUESTION0_10_R 1 3.105e+03 1.859e+02 1.800e+02
|    ( - 8.317e+02 2 0)
|    ( QUESTION5 1 2.088e+03 1.398e+02 1.260e+02
|        ( - 9.133e+02 2 0)
|        ( QUESTION0_9_R 1 1.034e+03 1.281e+02 6.600e+01
|            ( - 7.165e+02 2 0)
|            ( QUESTION0_0_R 1 1.899e+02 3.287e+01 1.500e+01
|                ( - 1.399e+02 1 0)
|                ( - 1.713e+01 1 0)))))
s>    ( QUESTION0_10_R 1 3.105e+03 1.859e+02 1.800e+02
s>        ( - 8.317e+02 2 0)
s>        ( QUESTION5 1 2.088e+03 1.398e+02 1.260e+02
s>            ( - 9.133e+02 2 0)
s>            ( QUESTION0_9_R 1 1.034e+03 1.281e+02 6.600e+01
s>                ( - 7.165e+02 2 0)
s>                ( QUESTION0_0_R 1 1.899e+02 3.287e+01 1.500e+01
s>                    ( - 1.399e+02 1 0)
s>                    ( - 1.713e+01 1 0)))))INFO: dtree.c(1315): Comp split 20
INFO: dtree.c(1439): stop. leaf nodes are specific
INFO: dtree.c(1478): Final simple tree
|( QUESTION0_0_R 1 2.839e+03 1.686e+02 1.495e+02
|    ( - 1.061e+03 1 0)
|    ( - 1.610e+03 2 0))
s>    ( QUESTION0_0_R 1 2.839e+03 1.686e+02 1.495e+02
s>        ( - 1.061e+03 1 0)
s>        ( - 1.610e+03 2 0))INFO: dtree.c(1315): Comp split 21
INFO: dtree.c(1439): stop. leaf nodes are specific
INFO: dtree.c(1478): Final simple tree
|( QUESTION0_13_R 1 2.010e+03 1.822e+02 1.056e+02
|    ( QUESTION0 -1 1.031e+03 1.181e+02 5.849e+01
|        ( - 6.903e+02 3 0)
|        ( - 2.223e+02 1 0))
|    ( QUESTION0_2_R 1 7.968e+02 1.073e+02 4.716e+01
|        ( - 5.017e+02 3 0)
|        ( QUESTION0_0_R 1 1.878e+02 2.983e+01 1.500e+01
|            ( - 1.530e+02 1 0)
|            ( - 4.916e+00 1 0))))
s>    ( QUESTION0_13_R 1 2.010e+03 1.822e+02 1.056e+02
s>        ( QUESTION0 -1 1.031e+03 1.181e+02 5.849e+01
s>            ( - 6.903e+02 3 0)
s>            ( - 2.223e+02 1 0))
s>        ( QUESTION0_2_R 1 7.968e+02 1.073e+02 4.716e+01
s>            ( - 5.017e+02 3 0)
s>            ( QUESTION0_0_R 1 1.878e+02 2.983e+01 1.500e+01
s>                ( - 1.530e+02 1 0)
s>                ( - 4.916e+00 1 0))))INFO: dtree.c(1439): stop. leaf nodes are specific
INFO: dtree.c(1478): Final simple tree
|( QUESTION7 -1 1.354e+03 1.483e+02 7.451e+01
|    ( QUESTION0 1 3.748e+02 6.813e+01 2.500e+01
|        ( - 5.597e+01 1 0)
|        ( - 2.508e+02 1 0))
|    ( QUESTION0_0_R 1 8.312e+02 1.088e+02 4.951e+01
|        ( QUESTION0_1_R 1 3.231e+02 6.647e+01 2.200e+01
|            ( - 1.514e+02 1 0)
|            ( - 1.053e+02 1 0))
|        ( QUESTION0 -1 3.993e+02 7.242e+01 2.751e+01
|            ( - 1.109e+02 2 0)
|            ( QUESTION0_10_R 1 2.160e+02 3.377e+01 1.700e+01
|                ( - 1.587e+01 1 0)
|                ( - 1.663e+02 1 0)))))
s>    ( QUESTION7 -1 1.354e+03 1.483e+02 7.451e+01
s>        ( QUESTION0 1 3.748e+02 6.813e+01 2.500e+01
s>            ( - 5.597e+01 1 0)
s>            ( - 2.508e+02 1 0))
s>        ( QUESTION0_0_R 1 8.312e+02 1.088e+02 4.951e+01
s>            ( QUESTION0_1_R 1 3.231e+02 6.647e+01 2.200e+01
s>                ( - 1.514e+02 1 0)
s>                ( - 1.053e+02 1 0))
s>            ( QUESTION0 -1 3.993e+02 7.242e+01 2.751e+01
s>                ( - 1.109e+02 2 0)
s>                ( QUESTION0_10_R 1 2.160e+02 3.377e+01 1.700e+01
s>                    ( - 1.587e+01 1 0)
s>                    ( - 1.663e+02 1 0)))))INFO: dtree.c(1315): Comp split 22
INFO: dtree.c(1439): stop. leaf nodes are specific
INFO: dtree.c(1478): Final simple tree
|( QUESTION0_0_R 1 1.784e+03 7.150e+01 1.010e+02
|    ( - 1.653e+03 1 0)
|    ( - 5.929e+01 1 0))
s>    ( QUESTION0_0_R 1 1.784e+03 7.150e+01 1.010e+02
s>        ( - 1.653e+03 1 0)
s>        ( - 5.929e+01 1 0))INFO: dtree.c(1315): Comp split 23
INFO: dtree.c(1439): stop. leaf nodes are specific
INFO: dtree.c(1478): Final simple tree
|( QUESTION0_0_R 1 2.276e+03 1.517e+02 1.308e+02
|    ( - 1.019e+03 1 0)
|    ( - 1.105e+03 1 0))
s>    ( QUESTION0_0_R 1 2.276e+03 1.517e+02 1.308e+02
s>        ( - 1.019e+03 1 0)
s>        ( - 1.105e+03 1 0))INFO: dtree.c(1315): Comp split 24
INFO: dtree.c(1439): stop. leaf nodes are specific
INFO: dtree.c(1478): Final simple tree
|( QUESTION0_0_R 1 2.289e+03 1.962e+02 1.207e+02
|    ( - 1.288e+03 2 0)
|    ( - 8.049e+02 2 0))
s>    ( QUESTION0_0_R 1 2.289e+03 1.962e+02 1.207e+02
s>        ( - 1.288e+03 2 0)
s>        ( - 8.049e+02 2 0))INFO: dtree.c(1315): Comp split 25
INFO: dtree.c(1439): stop. leaf nodes are specific
INFO: dtree.c(1478): Final simple tree
|( QUESTION4 -1 7.486e+02 9.037e+01 4.551e+01
|    ( - 5.751e+02 1 0)
|    ( QUESTION0_0_R 1 8.307e+01 2.144e+01 9.000e+00
|        ( - 4.562e+01 1 0)
|        ( - 1.601e+01 1 0)))
s>    ( QUESTION4 -1 7.486e+02 9.037e+01 4.551e+01
s>        ( - 5.751e+02 1 0)
s>        ( QUESTION0_0_R 1 8.307e+01 2.144e+01 9.000e+00
s>            ( - 4.562e+01 1 0)
s>            ( - 1.601e+01 1 0)))INFO: dtree.c(1439): stop. leaf nodes are specific
INFO: dtree.c(1478): Final simple tree
|( QUESTION0_0_R 1 1.627e+03 1.581e+02 9.479e+01
|    ( QUESTION0_1_R 1 6.764e+02 9.335e+01 4.594e+01
|        ( - 3.607e+02 1 0)
|        ( - 2.224e+02 1 0))
|    ( QUESTION4 -1 7.929e+02 9.697e+01 4.885e+01
|        ( - 5.485e+02 1 0)
|        ( - 1.474e+02 1 0)))
s>    ( QUESTION0_0_R 1 1.627e+03 1.581e+02 9.479e+01
s>        ( QUESTION0_1_R 1 6.764e+02 9.335e+01 4.594e+01
s>            ( - 3.607e+02 1 0)
s>            ( - 2.224e+02 1 0))
s>        ( QUESTION4 -1 7.929e+02 9.697e+01 4.885e+01
s>            ( - 5.485e+02 1 0)
s>            ( - 1.474e+02 1 0)))INFO: dtree.c(1315): Comp split 26
INFO: dtree.c(1439): stop. leaf nodes are specific
INFO: dtree.c(1478): Final simple tree
|( QUESTION0_0_R 1 1.198e+03 1.313e+02 6.801e+01
|    ( QUESTION4 -1 3.962e+02 7.121e+01 2.603e+01
|        ( QUESTION0 1 1.547e+02 1.536e+01 1.300e+01
|            ( - 1.385e+02 1 0)
|            ( - 8.571e-01 1 0))
|        ( - 1.702e+02 1 0))
|    ( QUESTION0_10_R 1 6.703e+02 1.075e+02 4.198e+01
|        ( - 2.716e+02 1 0)
|        ( QUESTION4 -1 2.913e+02 5.316e+01 2.200e+01
|            ( - 1.447e+02 1 0)
|            ( - 9.343e+01 1 0))))
s>    ( QUESTION0_0_R 1 1.198e+03 1.313e+02 6.801e+01
s>        ( QUESTION4 -1 3.962e+02 7.121e+01 2.603e+01
s>            ( QUESTION0 1 1.547e+02 1.536e+01 1.300e+01
s>                ( - 1.385e+02 1 0)
s>                ( - 8.571e-01 1 0))
s>            ( - 1.702e+02 1 0))
s>        ( QUESTION0_10_R 1 6.703e+02 1.075e+02 4.198e+01
s>            ( - 2.716e+02 1 0)
s>            ( QUESTION4 -1 2.913e+02 5.316e+01 2.200e+01
s>                ( - 1.447e+02 1 0)
s>                ( - 9.343e+01 1 0))))INFO: dtree.c(1439): stop. leaf nodes are specific
INFO: dtree.c(1478): Final simple tree
|( QUESTION0 -1 4.833e+03 1.790e+02 2.535e+02
|    ( - 3.636e+03 3 0)
|    ( QUESTION0_0_R 1 1.018e+03 9.162e+01 5.985e+01
|        ( - 8.263e+02 1 0)
|        ( QUESTION0_10_R 1 9.977e+01 1.848e+01 1.000e+01
|            ( - 8.129e+01 1 0)
|            ( - 0.000e+00 1 0))))
s>    ( QUESTION0 -1 4.833e+03 1.790e+02 2.535e+02
s>        ( - 3.636e+03 3 0)
s>        ( QUESTION0_0_R 1 1.018e+03 9.162e+01 5.985e+01
s>            ( - 8.263e+02 1 0)
s>            ( QUESTION0_10_R 1 9.977e+01 1.848e+01 1.000e+01
s>                ( - 8.129e+01 1 0)
s>                ( - 0.000e+00 1 0))))INFO: dtree.c(1315): Comp split 27
INFO: dtree.c(1315): Comp split 28
INFO: dtree.c(1439): stop. leaf nodes are specific
INFO: dtree.c(1478): Final simple tree
|( QUESTION0_8_R 1 9.879e+02 1.258e+02 5.897e+01
|    ( - 6.243e+02 1 0)
|    ( - 2.378e+02 1 0))
s>    ( QUESTION0_8_R 1 9.879e+02 1.258e+02 5.897e+01
s>        ( - 6.243e+02 1 0)
s>        ( - 2.378e+02 1 0))INFO: dtree.c(1315): Comp split 29
INFO: dtree.c(1439): stop. leaf nodes are specific
INFO: dtree.c(1478): Final simple tree
|( QUESTION0_9_R 1 1.146e+03 1.241e+02 6.896e+01
|    ( - 8.317e+02 2 0)
|    ( QUESTION0_0_R 1 1.899e+02 3.287e+01 1.500e+01
|        ( - 1.399e+02 1 0)
|        ( - 1.713e+01 1 0)))
s>    ( QUESTION0_9_R 1 1.146e+03 1.241e+02 6.896e+01
s>        ( - 8.317e+02 2 0)
s>        ( QUESTION0_0_R 1 1.899e+02 3.287e+01 1.500e+01
s>            ( - 1.399e+02 1 0)
s>            ( - 1.713e+01 1 0)))INFO: dtree.c(1439): stop. leaf nodes are specific
INFO: dtree.c(1478): Final simple tree
|( QUESTION0_0_R 1 1.760e+03 1.303e+02 1.110e+02
|    ( - 9.133e+02 2 0)
|    ( - 7.165e+02 2 0))
s>    ( QUESTION0_0_R 1 1.760e+03 1.303e+02 1.110e+02
s>        ( - 9.133e+02 2 0)
s>        ( - 7.165e+02 2 0))INFO: dtree.c(1315): Comp split 30
INFO: dtree.c(1439): stop. leaf nodes are specific
INFO: dtree.c(1478): Final simple tree
|( QUESTION0_0_R 1 1.861e+03 1.147e+02 1.145e+02
|    ( - 4.484e+02 1 0)
|    ( - 1.298e+03 2 0))
s>    ( QUESTION0_0_R 1 1.861e+03 1.147e+02 1.145e+02
s>        ( - 4.484e+02 1 0)
s>        ( - 1.298e+03 2 0))INFO: dtree.c(1315): Comp split 31
INFO: dtree.c(1315): Comp split 32
INFO: dtree.c(1439): stop. leaf nodes are specific
INFO: dtree.c(1478): Final simple tree
|( QUESTION0_0_R 1 8.504e+02 2.415e+01 5.085e+01
|    ( - 8.263e+02 1 0)
|    ( - 0.000e+00 1 0))
s>    ( QUESTION0_0_R 1 8.504e+02 2.415e+01 5.085e+01
s>        ( - 8.263e+02 1 0)
s>        ( - 0.000e+00 1 0))INFO: dtree.c(1439): stop. leaf nodes are specific
INFO: dtree.c(1478): Final simple tree
|( QUESTION0_0_R 1 3.797e+03 7.922e+01 2.026e+02
|    ( - 3.636e+03 3 0)
|    ( - 8.129e+01 1 0))
s>    ( QUESTION0_0_R 1 3.797e+03 7.922e+01 2.026e+02
s>        ( - 3.636e+03 3 0)
s>        ( - 8.129e+01 1 0))INFO: dtree.c(1315): Comp split 33
INFO: dtree.c(1439): stop. leaf nodes are specific
INFO: dtree.c(1478): Final simple tree
|( QUESTION0_2_R 1 7.968e+02 1.073e+02 4.716e+01
|    ( - 5.017e+02 3 0)
|    ( QUESTION0_0_R 1 1.878e+02 2.983e+01 1.500e+01
|        ( - 1.530e+02 1 0)
|        ( - 4.916e+00 1 0)))
s>    ( QUESTION0_2_R 1 7.968e+02 1.073e+02 4.716e+01
s>        ( - 5.017e+02 3 0)
s>        ( QUESTION0_0_R 1 1.878e+02 2.983e+01 1.500e+01
s>            ( - 1.530e+02 1 0)
s>            ( - 4.916e+00 1 0)))INFO: dtree.c(1439): stop. leaf nodes are specific
INFO: dtree.c(1478): Final simple tree
|( QUESTION0 -1 1.031e+03 1.181e+02 5.849e+01
|    ( - 6.903e+02 3 0)
|    ( - 2.223e+02 1 0))
s>    ( QUESTION0 -1 1.031e+03 1.181e+02 5.849e+01
s>        ( - 6.903e+02 3 0)
s>        ( - 2.223e+02 1 0))INFO: dtree.c(1315): Comp split 34
INFO: dtree.c(1315): Comp split 35
INFO: dtree.c(1439): stop. leaf nodes are specific
INFO: dtree.c(1478): Final simple tree
|( QUESTION0_13_R 1 5.751e+02 8.512e+01 3.751e+01
|    ( - 1.663e+02 1 0)
|    ( QUESTION0 -1 3.237e+02 5.654e+01 2.351e+01
|        ( - 1.109e+02 2 0)
|        ( QUESTION0_0_R 1 1.562e+02 3.506e+01 1.300e+01
|            ( - 1.053e+02 1 0)
|            ( - 1.587e+01 1 0))))
s>    ( QUESTION0_13_R 1 5.751e+02 8.512e+01 3.751e+01
s>        ( - 1.663e+02 1 0)
s>        ( QUESTION0 -1 3.237e+02 5.654e+01 2.351e+01
s>            ( - 1.109e+02 2 0)
s>            ( QUESTION0_0_R 1 1.562e+02 3.506e+01 1.300e+01
s>                ( - 1.053e+02 1 0)
s>                ( - 1.587e+01 1 0))))INFO: dtree.c(1439): stop. leaf nodes are specific
INFO: dtree.c(1478): Final simple tree
|( QUESTION5 1 6.128e+02 1.058e+02 3.700e+01
|    ( - 2.508e+02 1 0)
|    ( QUESTION0_1_R 1 2.563e+02 4.893e+01 1.800e+01
|        ( - 1.514e+02 1 0)
|        ( - 5.597e+01 1 0)))
s>    ( QUESTION5 1 6.128e+02 1.058e+02 3.700e+01
s>        ( - 2.508e+02 1 0)
s>        ( QUESTION0_1_R 1 2.563e+02 4.893e+01 1.800e+01
s>            ( - 1.514e+02 1 0)
s>            ( - 5.597e+01 1 0)))INFO: dtree.c(1315): Comp split 36
INFO: dtree.c(1315): Comp split 37
INFO: dtree.c(1439): stop. leaf nodes are specific
INFO: dtree.c(1478): Final simple tree
|( QUESTION0 1 2.551e+02 5.616e+01 2.179e+01
|    ( - 1.243e+02 1 0)
|    ( - 7.464e+01 1 0))
s>    ( QUESTION0 1 2.551e+02 5.616e+01 2.179e+01
s>        ( - 1.243e+02 1 0)
s>        ( - 7.464e+01 1 0))INFO: dtree.c(1315): Comp split 38
INFO: dtree.c(1439): stop. leaf nodes are specific
INFO: dtree.c(1478): Final simple tree
|( QUESTION4 -1 7.929e+02 9.697e+01 4.885e+01
|    ( - 5.485e+02 1 0)
|    ( - 1.474e+02 1 0))
s>    ( QUESTION4 -1 7.929e+02 9.697e+01 4.885e+01
s>        ( - 5.485e+02 1 0)
s>        ( - 1.474e+02 1 0))INFO: dtree.c(1439): stop. leaf nodes are specific
INFO: dtree.c(1478): Final simple tree
|( QUESTION0_1_R 1 6.764e+02 9.335e+01 4.594e+01
|    ( - 3.607e+02 1 0)
|    ( - 2.224e+02 1 0))
s>    ( QUESTION0_1_R 1 6.764e+02 9.335e+01 4.594e+01
s>        ( - 3.607e+02 1 0)
s>        ( - 2.224e+02 1 0))INFO: dtree.c(1315): Comp split 39
INFO: dtree.c(1315): Comp split 40
INFO: dtree.c(1439): stop. leaf nodes are specific
INFO: dtree.c(1478): Final simple tree
|( QUESTION0_0_R 1 5.487e+02 8.722e+01 3.503e+01
|    ( - 1.702e+02 1 0)
|    ( QUESTION4 -1 2.913e+02 5.316e+01 2.200e+01
|        ( - 1.447e+02 1 0)
|        ( - 9.343e+01 1 0)))
s>    ( QUESTION0_0_R 1 5.487e+02 8.722e+01 3.503e+01
s>        ( - 1.702e+02 1 0)
s>        ( QUESTION4 -1 2.913e+02 5.316e+01 2.200e+01
s>            ( - 1.447e+02 1 0)
s>            ( - 9.343e+01 1 0)))INFO: dtree.c(1439): stop. leaf nodes are specific
INFO: dtree.c(1478): Final simple tree
|( QUESTION0_0_R 1 5.087e+02 8.240e+01 3.298e+01
|    ( QUESTION0 1 1.547e+02 1.536e+01 1.300e+01
|        ( - 1.385e+02 1 0)
|        ( - 8.571e-01 1 0))
|    ( - 2.716e+02 1 0))
s>    ( QUESTION0_0_R 1 5.087e+02 8.240e+01 3.298e+01
s>        ( QUESTION0 1 1.547e+02 1.536e+01 1.300e+01
s>            ( - 1.385e+02 1 0)
s>            ( - 8.571e-01 1 0))
s>        ( - 2.716e+02 1 0))INFO: dtree.c(1315): Comp split 41
INFO: dtree.c(1315): Comp split 42
INFO: dtree.c(1315): Comp split 43
INFO: dtree.c(1439): stop. leaf nodes are specific
INFO: dtree.c(1478): Final simple tree
|( QUESTION0_0_R 1 1.899e+02 3.287e+01 1.500e+01
|    ( - 1.399e+02 1 0)
|    ( - 1.713e+01 1 0))
s>    ( QUESTION0_0_R 1 1.899e+02 3.287e+01 1.500e+01
s>        ( - 1.399e+02 1 0)
s>        ( - 1.713e+01 1 0))INFO: dtree.c(1315): Comp split 44
INFO: dtree.c(1315): Comp split 45
INFO: dtree.c(1315): Comp split 46
INFO: dtree.c(1315): Comp split 47
INFO: dtree.c(1439): stop. leaf nodes are specific
INFO: dtree.c(1478): Final simple tree
|( QUESTION0_0_R 1 1.878e+02 2.983e+01 1.500e+01
|    ( - 1.530e+02 1 0)
|    ( - 4.916e+00 1 0))
s>    ( QUESTION0_0_R 1 1.878e+02 2.983e+01 1.500e+01
s>        ( - 1.530e+02 1 0)
s>        ( - 4.916e+00 1 0))INFO: dtree.c(1315): Comp split 48
INFO: dtree.c(1439): stop. leaf nodes are specific
INFO: dtree.c(1478): Final simple tree
|( QUESTION0_1_R 1 2.563e+02 4.893e+01 1.800e+01
|    ( - 1.514e+02 1 0)
|    ( - 5.597e+01 1 0))
s>    ( QUESTION0_1_R 1 2.563e+02 4.893e+01 1.800e+01
s>        ( - 1.514e+02 1 0)
s>        ( - 5.597e+01 1 0))INFO: dtree.c(1315): Comp split 49
INFO: dtree.c(1439): stop. leaf nodes are specific
INFO: dtree.c(1478): Final simple tree
|( QUESTION0_10_R 1 1.437e+02 2.342e+01 1.400e+01
|    ( - 9.760e+00 1 0)
|    ( QUESTION0_14_R 1 1.105e+02 1.831e+01 1.100e+01
|        ( - 7.396e+01 1 0)
|        ( - 1.821e+01 1 0)))
s>    ( QUESTION0_10_R 1 1.437e+02 2.342e+01 1.400e+01
s>        ( - 9.760e+00 1 0)
s>        ( QUESTION0_14_R 1 1.105e+02 1.831e+01 1.100e+01
s>            ( - 7.396e+01 1 0)
s>            ( - 1.821e+01 1 0)))INFO: dtree.c(1315): Comp split 50
INFO: dtree.c(1315): Comp split 51
INFO: dtree.c(1315): Comp split 52
INFO: dtree.c(1439): stop. leaf nodes are specific
INFO: dtree.c(1478): Final simple tree
|( QUESTION0_0_R 1 2.670e+02 5.079e+01 2.051e+01
|    ( - 1.053e+02 1 0)
|    ( - 1.109e+02 2 0))
s>    ( QUESTION0_0_R 1 2.670e+02 5.079e+01 2.051e+01
s>        ( - 1.053e+02 1 0)
s>        ( - 1.109e+02 2 0))INFO: dtree.c(1439): stop. leaf nodes are specific
INFO: dtree.c(1478): Final simple tree
|( QUESTION0_10_R 1 2.160e+02 3.377e+01 1.700e+01
|    ( - 1.587e+01 1 0)
|    ( - 1.663e+02 1 0))
s>    ( QUESTION0_10_R 1 2.160e+02 3.377e+01 1.700e+01
s>        ( - 1.587e+01 1 0)
s>        ( - 1.663e+02 1 0))INFO: dtree.c(1315): Comp split 53
INFO: dtree.c(1439): stop. leaf nodes are specific
INFO: dtree.c(1478): Final simple tree
|( QUESTION0_0_R 1 8.307e+01 2.144e+01 9.000e+00
|    ( - 4.562e+01 1 0)
|    ( - 1.601e+01 1 0))
s>    ( QUESTION0_0_R 1 8.307e+01 2.144e+01 9.000e+00
s>        ( - 4.562e+01 1 0)
s>        ( - 1.601e+01 1 0))INFO: dtree.c(1315): Comp split 54
INFO: dtree.c(1439): stop. leaf nodes are specific
INFO: dtree.c(1478): Final simple tree
|( QUESTION4 -1 2.913e+02 5.316e+01 2.200e+01
|    ( - 1.447e+02 1 0)
|    ( - 9.343e+01 1 0))
s>    ( QUESTION4 -1 2.913e+02 5.316e+01 2.200e+01
s>        ( - 1.447e+02 1 0)
s>        ( - 9.343e+01 1 0))INFO: dtree.c(1315): Comp split 55
INFO: dtree.c(1439): stop. leaf nodes are specific
INFO: dtree.c(1478): Final simple tree
|( QUESTION0 1 1.547e+02 1.536e+01 1.300e+01
|    ( - 1.385e+02 1 0)
|    ( - 8.571e-01 1 0))
s>    ( QUESTION0 1 1.547e+02 1.536e+01 1.300e+01
s>        ( - 1.385e+02 1 0)
s>        ( - 8.571e-01 1 0))INFO: dtree.c(1315): Comp split 56
INFO: dtree.c(1315): Comp split 57
INFO: dtree.c(1315): Comp split 58
INFO: dtree.c(1315): Comp split 59
INFO: dtree.c(1315): Comp split 60
INFO: dtree.c(1315): Comp split 61
INFO: dtree.c(1315): Comp split 62
INFO: dtree.c(1315): Comp split 63
INFO: dtree.c(1315): Comp split 64
INFO: dtree.c(1315): Comp split 65
INFO: dtree.c(1315): Comp split 66
INFO: dtree.c(1315): Comp split 67
INFO: dtree.c(1315): Comp split 68
INFO: dtree.c(1315): Comp split 69
INFO: dtree.c(1315): Comp split 70
INFO: dtree.c(1315): Comp split 71
INFO: dtree.c(1439): stop. leaf nodes are specific
INFO: dtree.c(1478): Final simple tree
|( QUESTION0_14_R 1 1.105e+02 1.831e+01 1.100e+01
|    ( - 7.396e+01 1 0)
|    ( - 1.821e+01 1 0))
s>    ( QUESTION0_14_R 1 1.105e+02 1.831e+01 1.100e+01
s>        ( - 7.396e+01 1 0)
s>        ( - 1.821e+01 1 0))INFO: dtree.c(1315): Comp split 72
INFO: dtree.c(1315): Comp split 73
INFO: dtree.c(1315): Comp split 74
INFO: dtree.c(1315): Comp split 75
INFO: dtree.c(1318): stop. leaf nodes are specific
Sun Mar 12 05:24:23 2017
