Current configuration:
[NAME]		[DEFLT]	[VALUE]
-allphones	no	no
-cntthresh	0.00001	1.000000e-05
-csplitmax	100	2000
-csplitmin	1	1
-csplitthr	8e-4	0.000000e+00
-example	no	no
-fullvar	no	no
-help		no	no
-meanfn			
-mixwfn			/home/gaurav/python-scripts/py/scripts/sphinx-source2/an4/model_parameters/an4.cd_ptm_untied/mixture_weights
-moddeffn		/home/gaurav/python-scripts/py/scripts/sphinx-source2/an4/model_architecture/an4.untied.mdef
-mwfloor	1e-4	1.000000e-08
-phone			AH
-psetfn			/home/gaurav/python-scripts/py/scripts/sphinx-source2/an4/model_architecture/an4.tree_questions
-ssplitmax	5	7
-ssplitmin	1	1
-ssplitthr	8e-4	0.000000e+00
-state			1
-stwt			1.0,0.05,0.0,
-treefn			/home/gaurav/python-scripts/py/scripts/sphinx-source2/an4/trees/an4.unpruned/AH-1.dtree
-ts2cbfn	.semi.	.semi.
-varfloor	0.00001	1.000000e-05
-varfn			

INFO: main.c(223): Reading: /home/gaurav/python-scripts/py/scripts/sphinx-source2/an4/model_architecture/an4.untied.mdef
INFO: model_def_io.c(573): Model definition info:
INFO: model_def_io.c(574): 1618 total models defined (34 base, 1584 tri)
INFO: model_def_io.c(575): 6472 total states
INFO: model_def_io.c(576): 4854 total tied states
INFO: model_def_io.c(577): 102 total tied CI states
INFO: model_def_io.c(578): 34 total tied transition matrices
INFO: model_def_io.c(579): 4 max state/model
INFO: model_def_io.c(580): 4 min state/model
INFO: main.c(242): Building trees for [AH AH AY s] through [AH Z N i]
INFO: main.c(269): Covering states |[177 470]| == 294
INFO: main.c(275): Reading: /home/gaurav/python-scripts/py/scripts/sphinx-source2/an4/model_parameters/an4.cd_ptm_untied/mixture_weights
INFO: s3mixw_io.c(173): Read /home/gaurav/python-scripts/py/scripts/sphinx-source2/an4/model_parameters/an4.cd_ptm_untied/mixture_weights [294x4x64 array]
INFO: main.c(311): 98 of 98 models have observation count greater than 0.000010
INFO: main.c(95): nrm stwt: 0.045 0.909 0.045 
INFO: main.c(411): 98-class entropy: 3.676072e+04
INFO: main.c(549): Reading: /home/gaurav/python-scripts/py/scripts/sphinx-source2/an4/model_architecture/an4.tree_questions
INFO: main.c(588): 180 total simple questions (172 phone; 8 word bndry)
INFO: main.c(590): 42 Left Only questions, and 42 Right Only questions
INFO: dtree.c(1478): Final simple tree
|( WDBNDRY_S 0 5.600e+04 6.028e+03 2.776e+03
|    ( SILENCE 1 2.761e+04 4.353e+02 1.721e+03
|        ( - 2.252e+03 5 0 QUESTION2 -1 1.691e+02 1.439e+02)
|        ( QUESTION1 -1 2.493e+04 3.961e+02 1.577e+03
|            ( - 1.040e+04 17 0 QUESTION0_9_R 1 2.985e+02 7.153e+02)
|            ( - 1.413e+04 58 0 QUESTION2_3_L -1 3.325e+02 8.617e+02)))
|    ( QUESTION2 -1 2.236e+04 1.671e+03 1.055e+03
|        ( - 6.326e+03 2 0 WDBNDRY_B 0 2.743e+01 3.711e+02)
|        ( QUESTION0_1_R 1 1.436e+04 1.190e+03 6.840e+02
|            ( - 6.595e+03 4 0 QUESTION2_2_L -1 2.635e+02 3.646e+02)
|            ( QUESTION20 -1 6.577e+03 5.285e+02 3.194e+02
|                ( - 1.188e+03 3 0 QUESTION0_17_R 1 3.693e+01 7.385e+01)
|                ( QUESTION0_13_R 1 4.860e+03 4.618e+02 2.455e+02
|                    ( - 2.250e+03 2 0 QUESTION0_16_R 1 8.349e+01 1.252e+02)
|                    ( - 2.148e+03 7 0 QUESTION7 -1 1.186e+02 1.203e+02))))))
s>    ( WDBNDRY_S 0 5.600e+04 6.028e+03 2.776e+03
s>        ( SILENCE 1 2.761e+04 4.353e+02 1.721e+03
s>            ( - 2.252e+03 5 0 QUESTION2 -1 1.691e+02 1.439e+02)
s>            ( QUESTION1 -1 2.493e+04 3.961e+02 1.577e+03
s>                ( - 1.040e+04 17 0 QUESTION0_9_R 1 2.985e+02 7.153e+02)
s>                ( - 1.413e+04 58 0 QUESTION2_3_L -1 3.325e+02 8.617e+02)))
s>        ( QUESTION2 -1 2.236e+04 1.671e+03 1.055e+03
s>            ( - 6.326e+03 2 0 WDBNDRY_B 0 2.743e+01 3.711e+02)
s>            ( QUESTION0_1_R 1 1.436e+04 1.190e+03 6.840e+02
s>                ( - 6.595e+03 4 0 QUESTION2_2_L -1 2.635e+02 3.646e+02)
s>                ( QUESTION20 -1 6.577e+03 5.285e+02 3.194e+02
s>                    ( - 1.188e+03 3 0 QUESTION0_17_R 1 3.693e+01 7.385e+01)
s>                    ( QUESTION0_13_R 1 4.860e+03 4.618e+02 2.455e+02
s>                        ( - 2.250e+03 2 0 QUESTION0_16_R 1 8.349e+01 1.252e+02)
s>                        ( - 2.148e+03 7 0 QUESTION7 -1 1.186e+02 1.203e+02))))))INFO: dtree.c(1315): Comp split 0
INFO: dtree.c(1478): Final simple tree
|( QUESTION2 -1 2.236e+04 1.671e+03 1.055e+03
|    ( - 6.326e+03 2 0 WDBNDRY_B 0 2.743e+01 3.711e+02)
|    ( QUESTION0_1_R 1 1.436e+04 1.190e+03 6.840e+02
|        ( QUESTION2_2_L -1 6.595e+03 2.635e+02 3.646e+02
|            ( - 5.719e+03 1 0)
|            ( QUESTION6 -1 6.121e+02 1.015e+02 3.710e+01
|                ( - 1.821e+02 2 0 QUESTION7 -1 4.726e+01 1.400e+01)
|                ( - 3.285e+02 1 0)))
|        ( QUESTION20 -1 6.577e+03 5.285e+02 3.194e+02
|            ( - 1.188e+03 3 0 QUESTION0_17_R 1 3.693e+01 7.385e+01)
|            ( QUESTION0_13_R 1 4.860e+03 4.618e+02 2.455e+02
|                ( - 2.250e+03 2 0 QUESTION0_16_R 1 8.349e+01 1.252e+02)
|                ( QUESTION7 -1 2.148e+03 1.186e+02 1.203e+02
|                    ( - 1.878e+03 2 0 QUESTION0_0_R 1 4.248e+01 1.083e+02)
|                    ( - 1.514e+02 5 0 QUESTION0_0_R 1 4.393e+01 1.200e+01))))))
s>    ( QUESTION2 -1 2.236e+04 1.671e+03 1.055e+03
s>        ( - 6.326e+03 2 0 WDBNDRY_B 0 2.743e+01 3.711e+02)
s>        ( QUESTION0_1_R 1 1.436e+04 1.190e+03 6.840e+02
s>            ( QUESTION2_2_L -1 6.595e+03 2.635e+02 3.646e+02
s>                ( - 5.719e+03 1 0)
s>                ( QUESTION6 -1 6.121e+02 1.015e+02 3.710e+01
s>                    ( - 1.821e+02 2 0 QUESTION7 -1 4.726e+01 1.400e+01)
s>                    ( - 3.285e+02 1 0)))
s>            ( QUESTION20 -1 6.577e+03 5.285e+02 3.194e+02
s>                ( - 1.188e+03 3 0 QUESTION0_17_R 1 3.693e+01 7.385e+01)
s>                ( QUESTION0_13_R 1 4.860e+03 4.618e+02 2.455e+02
s>                    ( - 2.250e+03 2 0 QUESTION0_16_R 1 8.349e+01 1.252e+02)
s>                    ( QUESTION7 -1 2.148e+03 1.186e+02 1.203e+02
s>                        ( - 1.878e+03 2 0 QUESTION0_0_R 1 4.248e+01 1.083e+02)
s>                        ( - 1.514e+02 5 0 QUESTION0_0_R 1 4.393e+01 1.200e+01))))))INFO: dtree.c(1478): Final simple tree
|( SILENCE 1 2.761e+04 4.353e+02 1.721e+03
|    ( - 2.252e+03 5 0 QUESTION2 -1 1.691e+02 1.439e+02)
|    ( QUESTION1 -1 2.493e+04 3.961e+02 1.577e+03
|        ( QUESTION0_9_R 1 1.040e+04 2.985e+02 7.153e+02
|            ( - 4.870e+03 8 0 QUESTION0_10_R 1 1.748e+02 3.490e+02)
|            ( - 5.233e+03 9 0 QUESTION2 1 2.198e+02 3.662e+02))
|        ( QUESTION2_3_L -1 1.413e+04 3.325e+02 8.617e+02
|            ( - 3.779e+03 15 0 QUESTION0_13_R 1 2.197e+02 2.396e+02)
|            ( QUESTION2 1 1.002e+04 3.057e+02 6.221e+02
|                ( - 2.445e+03 10 0 QUESTION6 -1 1.983e+02 1.685e+02)
|                ( SILENCE -1 7.267e+03 2.824e+02 4.536e+02
|                    ( - 1.128e+03 4 0 QUESTION0_10_R 1 1.275e+02 8.067e+01)
|                    ( QUESTION2_9_L -1 5.857e+03 2.384e+02 3.729e+02
|                        ( - 9.642e+02 7 0 QUESTION0_14_R 1 1.268e+02 6.626e+01)
|                        ( - 4.654e+03 22 0 QUESTION6 1 2.096e+02 3.066e+02)))))))
s>    ( SILENCE 1 2.761e+04 4.353e+02 1.721e+03
s>        ( - 2.252e+03 5 0 QUESTION2 -1 1.691e+02 1.439e+02)
s>        ( QUESTION1 -1 2.493e+04 3.961e+02 1.577e+03
s>            ( QUESTION0_9_R 1 1.040e+04 2.985e+02 7.153e+02
s>                ( - 4.870e+03 8 0 QUESTION0_10_R 1 1.748e+02 3.490e+02)
s>                ( - 5.233e+03 9 0 QUESTION2 1 2.198e+02 3.662e+02))
s>            ( QUESTION2_3_L -1 1.413e+04 3.325e+02 8.617e+02
s>                ( - 3.779e+03 15 0 QUESTION0_13_R 1 2.197e+02 2.396e+02)
s>                ( QUESTION2 1 1.002e+04 3.057e+02 6.221e+02
s>                    ( - 2.445e+03 10 0 QUESTION6 -1 1.983e+02 1.685e+02)
s>                    ( SILENCE -1 7.267e+03 2.824e+02 4.536e+02
s>                        ( - 1.128e+03 4 0 QUESTION0_10_R 1 1.275e+02 8.067e+01)
s>                        ( QUESTION2_9_L -1 5.857e+03 2.384e+02 3.729e+02
s>                            ( - 9.642e+02 7 0 QUESTION0_14_R 1 1.268e+02 6.626e+01)
s>                            ( - 4.654e+03 22 0 QUESTION6 1 2.096e+02 3.066e+02)))))))INFO: dtree.c(1315): Comp split 1
INFO: dtree.c(1478): Final simple tree
|( QUESTION0_1_R 1 1.436e+04 1.190e+03 6.840e+02
|    ( QUESTION2_2_L -1 6.595e+03 2.635e+02 3.646e+02
|        ( - 5.719e+03 1 0)
|        ( QUESTION6 -1 6.121e+02 1.015e+02 3.710e+01
|            ( - 1.821e+02 2 0 QUESTION7 -1 4.726e+01 1.400e+01)
|            ( - 3.285e+02 1 0)))
|    ( QUESTION20 -1 6.577e+03 5.285e+02 3.194e+02
|        ( - 1.188e+03 3 0 QUESTION0_17_R 1 3.693e+01 7.385e+01)
|        ( QUESTION0_13_R 1 4.860e+03 4.618e+02 2.455e+02
|            ( QUESTION0_16_R 1 2.250e+03 8.349e+01 1.252e+02
|                ( - 2.121e+03 1 0)
|                ( - 4.621e+01 1 0))
|            ( QUESTION7 -1 2.148e+03 1.186e+02 1.203e+02
|                ( - 1.878e+03 2 0 QUESTION0_0_R 1 4.248e+01 1.083e+02)
|                ( - 1.514e+02 5 0 QUESTION0_0_R 1 4.393e+01 1.200e+01)))))
s>    ( QUESTION0_1_R 1 1.436e+04 1.190e+03 6.840e+02
s>        ( QUESTION2_2_L -1 6.595e+03 2.635e+02 3.646e+02
s>            ( - 5.719e+03 1 0)
s>            ( QUESTION6 -1 6.121e+02 1.015e+02 3.710e+01
s>                ( - 1.821e+02 2 0 QUESTION7 -1 4.726e+01 1.400e+01)
s>                ( - 3.285e+02 1 0)))
s>        ( QUESTION20 -1 6.577e+03 5.285e+02 3.194e+02
s>            ( - 1.188e+03 3 0 QUESTION0_17_R 1 3.693e+01 7.385e+01)
s>            ( QUESTION0_13_R 1 4.860e+03 4.618e+02 2.455e+02
s>                ( QUESTION0_16_R 1 2.250e+03 8.349e+01 1.252e+02
s>                    ( - 2.121e+03 1 0)
s>                    ( - 4.621e+01 1 0))
s>                ( QUESTION7 -1 2.148e+03 1.186e+02 1.203e+02
s>                    ( - 1.878e+03 2 0 QUESTION0_0_R 1 4.248e+01 1.083e+02)
s>                    ( - 1.514e+02 5 0 QUESTION0_0_R 1 4.393e+01 1.200e+01)))))INFO: dtree.c(1439): stop. leaf nodes are specific
INFO: dtree.c(1478): Final simple tree
|( WDBNDRY_B 0 6.326e+03 2.743e+01 3.711e+02
|    ( - 0.000e+00 1 0)
|    ( - 6.298e+03 1 0))
s>    ( WDBNDRY_B 0 6.326e+03 2.743e+01 3.711e+02
s>        ( - 0.000e+00 1 0)
s>        ( - 6.298e+03 1 0))INFO: dtree.c(1315): Comp split 2
INFO: dtree.c(1478): Final simple tree
|( QUESTION20 -1 6.921e+03 5.311e+02 3.334e+02
|    ( - 1.188e+03 3 0 QUESTION0_17_R 1 3.693e+01 7.385e+01)
|    ( QUESTION0_13_R 1 5.202e+03 4.653e+02 2.595e+02
|        ( QUESTION0_16_R 1 2.250e+03 8.349e+01 1.252e+02
|            ( - 2.121e+03 1 0)
|            ( - 4.621e+01 1 0))
|        ( QUESTION0_2_R 1 2.486e+03 2.071e+02 1.343e+02
|            ( QUESTION7 -1 1.946e+03 6.565e+01 1.123e+02
|                ( - 1.827e+03 1 0)
|                ( - 5.256e+01 3 0 WDBNDRY_B 0 1.943e+01 6.000e+00))
|            ( QUESTION10 -1 3.335e+02 7.163e+01 2.200e+01
|                ( - 1.142e+02 1 0)
|                ( QUESTION6 -1 1.477e+02 4.179e+01 1.200e+01
|                    ( - 5.104e+01 2 0 QUESTION0_0_R 1 2.202e+01 6.000e+00)
|                    ( - 5.491e+01 2 0 WDBNDRY_E 0 1.301e+01 6.000e+00))))))
s>    ( QUESTION20 -1 6.921e+03 5.311e+02 3.334e+02
s>        ( - 1.188e+03 3 0 QUESTION0_17_R 1 3.693e+01 7.385e+01)
s>        ( QUESTION0_13_R 1 5.202e+03 4.653e+02 2.595e+02
s>            ( QUESTION0_16_R 1 2.250e+03 8.349e+01 1.252e+02
s>                ( - 2.121e+03 1 0)
s>                ( - 4.621e+01 1 0))
s>            ( QUESTION0_2_R 1 2.486e+03 2.071e+02 1.343e+02
s>                ( QUESTION7 -1 1.946e+03 6.565e+01 1.123e+02
s>                    ( - 1.827e+03 1 0)
s>                    ( - 5.256e+01 3 0 WDBNDRY_B 0 1.943e+01 6.000e+00))
s>                ( QUESTION10 -1 3.335e+02 7.163e+01 2.200e+01
s>                    ( - 1.142e+02 1 0)
s>                    ( QUESTION6 -1 1.477e+02 4.179e+01 1.200e+01
s>                        ( - 5.104e+01 2 0 QUESTION0_0_R 1 2.202e+01 6.000e+00)
s>                        ( - 5.491e+01 2 0 WDBNDRY_E 0 1.301e+01 6.000e+00))))))INFO: dtree.c(1439): stop. leaf nodes are specific
INFO: dtree.c(1478): Final simple tree
|( QUESTION2_1_L -1 6.248e+03 2.008e+02 3.506e+02
|    ( - 3.285e+02 1 0)
|    ( - 5.719e+03 1 0))
s>    ( QUESTION2_1_L -1 6.248e+03 2.008e+02 3.506e+02
s>        ( - 3.285e+02 1 0)
s>        ( - 5.719e+03 1 0))INFO: dtree.c(1315): Comp split 3
INFO: dtree.c(1439): stop. leaf nodes are specific
INFO: dtree.c(1478): Final simple tree
|( QUESTION0_17_R 1 1.432e+03 1.377e+02 8.385e+01
|    ( - 1.145e+03 1 0)
|    ( QUESTION0_1_R 1 1.497e+02 2.935e+01 1.200e+01
|        ( - 1.142e+02 1 0)
|        ( QUESTION0_0_R 1 6.182e+00 6.182e+00 2.000e+00
|            ( - 0.000e+00 1 0)
|            ( - 0.000e+00 1 0))))
s>    ( QUESTION0_17_R 1 1.432e+03 1.377e+02 8.385e+01
s>        ( - 1.145e+03 1 0)
s>        ( QUESTION0_1_R 1 1.497e+02 2.935e+01 1.200e+01
s>            ( - 1.142e+02 1 0)
s>            ( QUESTION0_0_R 1 6.182e+00 6.182e+00 2.000e+00
s>                ( - 0.000e+00 1 0)
s>                ( - 0.000e+00 1 0))))INFO: dtree.c(1478): Final simple tree
|( QUESTION0_13_R 1 4.949e+03 4.559e+02 2.495e+02
|    ( QUESTION0_16_R 1 2.250e+03 8.349e+01 1.252e+02
|        ( - 2.121e+03 1 0)
|        ( - 4.621e+01 1 0))
|    ( QUESTION0_2_R 1 2.243e+03 1.494e+02 1.243e+02
|        ( QUESTION7 -1 1.946e+03 6.565e+01 1.123e+02
|            ( - 1.827e+03 1 0)
|            ( WDBNDRY_B 0 5.256e+01 1.943e+01 6.000e+00
|                ( - 1.013e+01 2 0 QUESTION4 -1 8.656e+00 2.000e+00)
|                ( - 2.300e+01 1 0)))
|        ( QUESTION6 -1 1.477e+02 4.179e+01 1.200e+01
|            ( QUESTION0_0_R 1 5.104e+01 2.202e+01 6.000e+00
|                ( - 2.070e+01 1 0)
|                ( - 8.319e+00 1 0))
|            ( - 5.491e+01 2 0 WDBNDRY_E 0 1.301e+01 6.000e+00))))
s>    ( QUESTION0_13_R 1 4.949e+03 4.559e+02 2.495e+02
s>        ( QUESTION0_16_R 1 2.250e+03 8.349e+01 1.252e+02
s>            ( - 2.121e+03 1 0)
s>            ( - 4.621e+01 1 0))
s>        ( QUESTION0_2_R 1 2.243e+03 1.494e+02 1.243e+02
s>            ( QUESTION7 -1 1.946e+03 6.565e+01 1.123e+02
s>                ( - 1.827e+03 1 0)
s>                ( WDBNDRY_B 0 5.256e+01 1.943e+01 6.000e+00
s>                    ( - 1.013e+01 2 0 QUESTION4 -1 8.656e+00 2.000e+00)
s>                    ( - 2.300e+01 1 0)))
s>            ( QUESTION6 -1 1.477e+02 4.179e+01 1.200e+01
s>                ( QUESTION0_0_R 1 5.104e+01 2.202e+01 6.000e+00
s>                    ( - 2.070e+01 1 0)
s>                    ( - 8.319e+00 1 0))
s>                ( - 5.491e+01 2 0 WDBNDRY_E 0 1.301e+01 6.000e+00))))INFO: dtree.c(1315): Comp split 4
INFO: dtree.c(1478): Final simple tree
|( QUESTION0_9_R 1 1.810e+04 3.420e+02 1.190e+03
|    ( QUESTION0 -1 8.907e+03 2.684e+02 5.954e+02
|        ( - 5.321e+03 10 0 QUESTION6 1 1.760e+02 3.769e+02)
|        ( QUESTION2_6_L -1 3.317e+03 2.001e+02 2.185e+02
|            ( - 2.224e+03 6 0 QUESTION6 1 1.618e+02 1.614e+02)
|            ( - 8.930e+02 7 0 QUESTION2_1_L -1 1.072e+02 5.710e+01)))
|    ( QUESTION6 -1 8.851e+03 2.681e+02 5.950e+02
|        ( - 1.270e+03 6 0 QUESTION2 1 1.562e+02 8.670e+01)
|        ( QUESTION4 1 7.313e+03 2.411e+02 5.083e+02
|            ( - 1.462e+03 3 0 QUESTION1 -1 1.078e+02 1.235e+02)
|            ( QUESTION1 -1 5.609e+03 2.064e+02 3.848e+02
|                ( QUESTION2 1 3.817e+03 1.880e+02 2.651e+02
|                    ( - 2.637e+03 4 0 QUESTION0_0_R 1 8.429e+01 1.893e+02)
|                    ( - 9.927e+02 4 0 QUESTION0_2_R 1 9.710e+01 7.583e+01))
|                ( - 1.585e+03 9 0 QUESTION4 -1 1.234e+02 1.197e+02)))))
s>    ( QUESTION0_9_R 1 1.810e+04 3.420e+02 1.190e+03
s>        ( QUESTION0 -1 8.907e+03 2.684e+02 5.954e+02
s>            ( - 5.321e+03 10 0 QUESTION6 1 1.760e+02 3.769e+02)
s>            ( QUESTION2_6_L -1 3.317e+03 2.001e+02 2.185e+02
s>                ( - 2.224e+03 6 0 QUESTION6 1 1.618e+02 1.614e+02)
s>                ( - 8.930e+02 7 0 QUESTION2_1_L -1 1.072e+02 5.710e+01)))
s>        ( QUESTION6 -1 8.851e+03 2.681e+02 5.950e+02
s>            ( - 1.270e+03 6 0 QUESTION2 1 1.562e+02 8.670e+01)
s>            ( QUESTION4 1 7.313e+03 2.411e+02 5.083e+02
s>                ( - 1.462e+03 3 0 QUESTION1 -1 1.078e+02 1.235e+02)
s>                ( QUESTION1 -1 5.609e+03 2.064e+02 3.848e+02
s>                    ( QUESTION2 1 3.817e+03 1.880e+02 2.651e+02
s>                        ( - 2.637e+03 4 0 QUESTION0_0_R 1 8.429e+01 1.893e+02)
s>                        ( - 9.927e+02 4 0 QUESTION0_2_R 1 9.710e+01 7.583e+01))
s>                    ( - 1.585e+03 9 0 QUESTION4 -1 1.234e+02 1.197e+02)))))INFO: dtree.c(1478): Final simple tree
|( QUESTION0_7_R 1 8.990e+03 4.120e+02 5.305e+02
|    ( QUESTION0_13_R 1 6.070e+03 2.594e+02 3.736e+02
|        ( QUESTION0 -1 2.597e+03 2.192e+02 1.547e+02
|            ( - 1.175e+03 5 0 QUESTION0_14_R 1 1.327e+02 7.906e+01)
|            ( - 1.203e+03 4 0 SILENCE -1 1.216e+02 7.567e+01))
|        ( QUESTION2 1 3.214e+03 2.128e+02 2.188e+02
|            ( - 1.552e+03 5 0)
|            ( QUESTION0_8_R 1 1.449e+03 1.482e+02 1.058e+02
|                ( - 4.623e+02 5 0 QUESTION0 -1 4.997e+01 3.449e+01)
|                ( - 8.386e+02 5 0 SILENCE -1 1.241e+02 7.129e+01))))
|    ( QUESTION2_0_L -1 2.507e+03 1.728e+02 1.569e+02
|        ( QUESTION4 -1 1.920e+03 1.367e+02 1.259e+02
|            ( - 4.368e+02 1 0)
|            ( - 1.346e+03 4 0 QUESTION2 -1 1.198e+02 9.093e+01))
|        ( - 4.147e+02 2 0 SILENCE -1 7.876e+01 3.100e+01)))
s>    ( QUESTION0_7_R 1 8.990e+03 4.120e+02 5.305e+02
s>        ( QUESTION0_13_R 1 6.070e+03 2.594e+02 3.736e+02
s>            ( QUESTION0 -1 2.597e+03 2.192e+02 1.547e+02
s>                ( - 1.175e+03 5 0 QUESTION0_14_R 1 1.327e+02 7.906e+01)
s>                ( - 1.203e+03 4 0 SILENCE -1 1.216e+02 7.567e+01))
s>            ( QUESTION2 1 3.214e+03 2.128e+02 2.188e+02
s>                ( - 1.552e+03 5 0)
s>                ( QUESTION0_8_R 1 1.449e+03 1.482e+02 1.058e+02
s>                    ( - 4.623e+02 5 0 QUESTION0 -1 4.997e+01 3.449e+01)
s>                    ( - 8.386e+02 5 0 SILENCE -1 1.241e+02 7.129e+01))))
s>        ( QUESTION2_0_L -1 2.507e+03 1.728e+02 1.569e+02
s>            ( QUESTION4 -1 1.920e+03 1.367e+02 1.259e+02
s>                ( - 4.368e+02 1 0)
s>                ( - 1.346e+03 4 0 QUESTION2 -1 1.198e+02 9.093e+01))
s>            ( - 4.147e+02 2 0 SILENCE -1 7.876e+01 3.100e+01)))INFO: dtree.c(1315): Comp split 5
INFO: dtree.c(1439): stop. leaf nodes are specific
INFO: dtree.c(1478): Final simple tree
|( QUESTION0_16_R 1 2.408e+03 1.299e+02 1.332e+02
|    ( - 2.121e+03 1 0)
|    ( QUESTION0_0_R 1 1.572e+02 4.096e+01 1.300e+01
|        ( QUESTION0_1_R 1 6.999e+01 2.629e+01 8.000e+00
|            ( - 2.070e+01 1 0)
|            ( - 2.300e+01 1 0))
|        ( - 4.621e+01 1 0)))
s>    ( QUESTION0_16_R 1 2.408e+03 1.299e+02 1.332e+02
s>        ( - 2.121e+03 1 0)
s>        ( QUESTION0_0_R 1 1.572e+02 4.096e+01 1.300e+01
s>            ( QUESTION0_1_R 1 6.999e+01 2.629e+01 8.000e+00
s>                ( - 2.070e+01 1 0)
s>                ( - 2.300e+01 1 0))
s>            ( - 4.621e+01 1 0)))INFO: dtree.c(1439): stop. leaf nodes are specific
INFO: dtree.c(1478): Final simple tree
|( QUESTION0_0_R 1 2.074e+03 1.177e+02 1.163e+02
|    ( WDBNDRY_B 0 1.871e+03 3.339e+01 1.083e+02
|        ( QUESTION4 -1 1.013e+01 8.656e+00 2.000e+00
|            ( - 3.636e-01 1 0)
|            ( - 1.113e+00 1 0))
|        ( - 1.827e+03 1 0))
|    ( QUESTION4 1 8.542e+01 2.617e+01 8.000e+00
|        ( - 4.191e+01 1 0)
|        ( WDBNDRY_E 0 1.734e+01 9.018e+00 3.000e+00
|            ( - 0.000e+00 1 0)
|            ( - 8.319e+00 1 0))))
s>    ( QUESTION0_0_R 1 2.074e+03 1.177e+02 1.163e+02
s>        ( WDBNDRY_B 0 1.871e+03 3.339e+01 1.083e+02
s>            ( QUESTION4 -1 1.013e+01 8.656e+00 2.000e+00
s>                ( - 3.636e-01 1 0)
s>                ( - 1.113e+00 1 0))
s>            ( - 1.827e+03 1 0))
s>        ( QUESTION4 1 8.542e+01 2.617e+01 8.000e+00
s>            ( - 4.191e+01 1 0)
s>            ( WDBNDRY_E 0 1.734e+01 9.018e+00 3.000e+00
s>                ( - 0.000e+00 1 0)
s>                ( - 8.319e+00 1 0))))INFO: dtree.c(1315): Comp split 6
INFO: dtree.c(1478): Final simple tree
|( QUESTION0_13_R 1 6.070e+03 2.594e+02 3.736e+02
|    ( QUESTION0 -1 2.597e+03 2.192e+02 1.547e+02
|        ( QUESTION0_14_R 1 1.175e+03 1.327e+02 7.906e+01
|            ( - 7.884e+02 3 0)
|            ( - 2.534e+02 2 0 QUESTION0_18_R 1 3.787e+01 2.312e+01))
|        ( SILENCE -1 1.203e+03 1.216e+02 7.567e+01
|            ( - 5.766e+02 1 0)
|            ( - 5.050e+02 3 0 QUESTION6 1 8.484e+01 3.374e+01)))
|    ( QUESTION2 1 3.214e+03 2.128e+02 2.188e+02
|        ( - 1.552e+03 5 0)
|        ( QUESTION0_8_R 1 1.449e+03 1.482e+02 1.058e+02
|            ( - 4.623e+02 5 0 QUESTION0 -1 4.997e+01 3.449e+01)
|            ( SILENCE -1 8.386e+02 1.241e+02 7.129e+01
|                ( - 2.915e+02 2 0 QUESTION0_11_R 1 3.617e+01 2.974e+01)
|                ( - 4.229e+02 3 0 QUESTION0 -1 5.869e+01 4.155e+01)))))
s>    ( QUESTION0_13_R 1 6.070e+03 2.594e+02 3.736e+02
s>        ( QUESTION0 -1 2.597e+03 2.192e+02 1.547e+02
s>            ( QUESTION0_14_R 1 1.175e+03 1.327e+02 7.906e+01
s>                ( - 7.884e+02 3 0)
s>                ( - 2.534e+02 2 0 QUESTION0_18_R 1 3.787e+01 2.312e+01))
s>            ( SILENCE -1 1.203e+03 1.216e+02 7.567e+01
s>                ( - 5.766e+02 1 0)
s>                ( - 5.050e+02 3 0 QUESTION6 1 8.484e+01 3.374e+01)))
s>        ( QUESTION2 1 3.214e+03 2.128e+02 2.188e+02
s>            ( - 1.552e+03 5 0)
s>            ( QUESTION0_8_R 1 1.449e+03 1.482e+02 1.058e+02
s>                ( - 4.623e+02 5 0 QUESTION0 -1 4.997e+01 3.449e+01)
s>                ( SILENCE -1 8.386e+02 1.241e+02 7.129e+01
s>                    ( - 2.915e+02 2 0 QUESTION0_11_R 1 3.617e+01 2.974e+01)
s>                    ( - 4.229e+02 3 0 QUESTION0 -1 5.869e+01 4.155e+01)))))INFO: dtree.c(1439): stop. leaf nodes are specific
INFO: dtree.c(1478): Final simple tree
|( QUESTION2_0_L -1 2.507e+03 1.728e+02 1.569e+02
|    ( QUESTION4 -1 1.920e+03 1.367e+02 1.259e+02
|        ( - 4.368e+02 1 0)
|        ( QUESTION2 -1 1.346e+03 1.198e+02 9.093e+01
|            ( SILENCE 1 3.419e+02 5.563e+01 2.900e+01
|                ( - 2.621e+02 1 0)
|                ( - 2.415e+01 1 0))
|            ( QUESTION0 -1 8.846e+02 3.292e+01 6.193e+01
|                ( - 8.501e+02 1 0)
|                ( - 1.530e+00 1 0))))
|    ( SILENCE -1 4.147e+02 7.876e+01 3.100e+01
|        ( - 6.142e+01 1 0)
|        ( - 2.745e+02 1 0)))
s>    ( QUESTION2_0_L -1 2.507e+03 1.728e+02 1.569e+02
s>        ( QUESTION4 -1 1.920e+03 1.367e+02 1.259e+02
s>            ( - 4.368e+02 1 0)
s>            ( QUESTION2 -1 1.346e+03 1.198e+02 9.093e+01
s>                ( SILENCE 1 3.419e+02 5.563e+01 2.900e+01
s>                    ( - 2.621e+02 1 0)
s>                    ( - 2.415e+01 1 0))
s>                ( QUESTION0 -1 8.846e+02 3.292e+01 6.193e+01
s>                    ( - 8.501e+02 1 0)
s>                    ( - 1.530e+00 1 0))))
s>        ( SILENCE -1 4.147e+02 7.876e+01 3.100e+01
s>            ( - 6.142e+01 1 0)
s>            ( - 2.745e+02 1 0)))INFO: dtree.c(1315): Comp split 7
INFO: dtree.c(1478): Final simple tree
|( QUESTION6 -1 5.330e+03 2.428e+02 3.394e+02
|    ( QUESTION2 1 1.382e+03 1.609e+02 9.170e+01
|        ( - 7.338e+02 2 0)
|        ( QUESTION0 1 4.868e+02 9.450e+01 3.795e+01
|            ( - 2.597e+02 2 0 QUESTION0_0_R 1 5.733e+01 2.700e+01)
|            ( - 1.326e+02 4 0 QUESTION16 1 3.516e+01 1.095e+01)))
|    ( QUESTION0_9_R 1 3.706e+03 2.234e+02 2.477e+02
|        ( - 7.764e+02 5 0 QUESTION0_10_R 1 9.268e+01 5.210e+01)
|        ( QUESTION2_2_L -1 2.706e+03 1.482e+02 1.956e+02
|            ( QUESTION5 -1 1.979e+03 1.191e+02 1.464e+02
|                ( - 7.310e+02 2 0 QUESTION0_0_R 1 5.314e+01 5.663e+01)
|                ( QUESTION1 1 1.129e+03 1.029e+02 8.979e+01
|                    ( - 3.008e+02 3 0 QUESTION0_0_R 1 5.452e+01 2.705e+01)
|                    ( - 7.256e+02 2 0 QUESTION0_0_R 1 5.986e+01 6.274e+01)))
|            ( - 5.789e+02 6 0 QUESTION3 -1 8.215e+01 4.916e+01))))
s>    ( QUESTION6 -1 5.330e+03 2.428e+02 3.394e+02
s>        ( QUESTION2 1 1.382e+03 1.609e+02 9.170e+01
s>            ( - 7.338e+02 2 0)
s>            ( QUESTION0 1 4.868e+02 9.450e+01 3.795e+01
s>                ( - 2.597e+02 2 0 QUESTION0_0_R 1 5.733e+01 2.700e+01)
s>                ( - 1.326e+02 4 0 QUESTION16 1 3.516e+01 1.095e+01)))
s>        ( QUESTION0_9_R 1 3.706e+03 2.234e+02 2.477e+02
s>            ( - 7.764e+02 5 0 QUESTION0_10_R 1 9.268e+01 5.210e+01)
s>            ( QUESTION2_2_L -1 2.706e+03 1.482e+02 1.956e+02
s>                ( QUESTION5 -1 1.979e+03 1.191e+02 1.464e+02
s>                    ( - 7.310e+02 2 0 QUESTION0_0_R 1 5.314e+01 5.663e+01)
s>                    ( QUESTION1 1 1.129e+03 1.029e+02 8.979e+01
s>                        ( - 3.008e+02 3 0 QUESTION0_0_R 1 5.452e+01 2.705e+01)
s>                        ( - 7.256e+02 2 0 QUESTION0_0_R 1 5.986e+01 6.274e+01)))
s>                ( - 5.789e+02 6 0 QUESTION3 -1 8.215e+01 4.916e+01))))INFO: dtree.c(1478): Final simple tree
|( QUESTION0_13_R 1 1.238e+04 3.100e+02 8.510e+02
|    ( QUESTION0 -1 6.565e+03 2.119e+02 4.533e+02
|        ( QUESTION6 1 4.285e+03 1.496e+02 2.995e+02
|            ( - 4.354e+02 3 0 QUESTION0_18_R 1 1.034e+02 4.194e+01)
|            ( - 3.700e+03 4 0 QUESTION1 -1 1.098e+02 2.575e+02))
|        ( QUESTION6 1 2.068e+03 1.337e+02 1.539e+02
|            ( - 4.576e+02 3 0 QUESTION0_14_R 1 6.503e+01 3.577e+01)
|            ( - 1.477e+03 2 0 QUESTION6 -1 1.288e+02 1.181e+02)))
|    ( QUESTION0_8_R 1 5.509e+03 2.415e+02 3.977e+02
|        ( QUESTION0 1 3.865e+03 1.912e+02 2.785e+02
|            ( - 2.431e+03 3 0)
|            ( - 1.242e+03 2 0 QUESTION0 -1 2.703e+01 1.021e+02))
|        ( QUESTION0_11_R 1 1.403e+03 1.499e+02 1.192e+02
|            ( - 3.888e+02 3 0 QUESTION0 -1 8.163e+01 3.348e+01)
|            ( - 8.639e+02 3 0 QUESTION0_0_R 1 9.209e+01 8.571e+01))))
s>    ( QUESTION0_13_R 1 1.238e+04 3.100e+02 8.510e+02
s>        ( QUESTION0 -1 6.565e+03 2.119e+02 4.533e+02
s>            ( QUESTION6 1 4.285e+03 1.496e+02 2.995e+02
s>                ( - 4.354e+02 3 0 QUESTION0_18_R 1 1.034e+02 4.194e+01)
s>                ( - 3.700e+03 4 0 QUESTION1 -1 1.098e+02 2.575e+02))
s>            ( QUESTION6 1 2.068e+03 1.337e+02 1.539e+02
s>                ( - 4.576e+02 3 0 QUESTION0_14_R 1 6.503e+01 3.577e+01)
s>                ( - 1.477e+03 2 0 QUESTION6 -1 1.288e+02 1.181e+02)))
s>        ( QUESTION0_8_R 1 5.509e+03 2.415e+02 3.977e+02
s>            ( QUESTION0 1 3.865e+03 1.912e+02 2.785e+02
s>                ( - 2.431e+03 3 0)
s>                ( - 1.242e+03 2 0 QUESTION0 -1 2.703e+01 1.021e+02))
s>            ( QUESTION0_11_R 1 1.403e+03 1.499e+02 1.192e+02
s>                ( - 3.888e+02 3 0 QUESTION0 -1 8.163e+01 3.348e+01)
s>                ( - 8.639e+02 3 0 QUESTION0_0_R 1 9.209e+01 8.571e+01))))INFO: dtree.c(1315): Comp split 8
INFO: dtree.c(1439): stop. leaf nodes are specific
INFO: dtree.c(1478): Final simple tree
|( QUESTION0_8_R 1 5.172e+03 2.261e+02 3.802e+02
|    ( - 2.431e+03 3 0)
|    ( QUESTION16 -1 2.515e+03 1.755e+02 2.038e+02
|        ( - 8.335e+02 1 0)
|        ( QUESTION1 -1 1.506e+03 1.430e+02 1.305e+02
|            ( QUESTION0_0_R 1 6.657e+02 6.709e+01 6.440e+01
|                ( - 1.210e+02 1 0)
|                ( - 4.776e+02 1 0))
|            ( QUESTION0_0_R 1 6.973e+02 6.786e+01 6.611e+01
|                ( - 1.152e+02 1 0)
|                ( - 5.142e+02 1 0)))))
s>    ( QUESTION0_8_R 1 5.172e+03 2.261e+02 3.802e+02
s>        ( - 2.431e+03 3 0)
s>        ( QUESTION16 -1 2.515e+03 1.755e+02 2.038e+02
s>            ( - 8.335e+02 1 0)
s>            ( QUESTION1 -1 1.506e+03 1.430e+02 1.305e+02
s>                ( QUESTION0_0_R 1 6.657e+02 6.709e+01 6.440e+01
s>                    ( - 1.210e+02 1 0)
s>                    ( - 4.776e+02 1 0))
s>                ( QUESTION0_0_R 1 6.973e+02 6.786e+01 6.611e+01
s>                    ( - 1.152e+02 1 0)
s>                    ( - 5.142e+02 1 0)))))INFO: dtree.c(1478): Final simple tree
|( QUESTION0_13_R 1 6.860e+03 2.188e+02 4.709e+02
|    ( QUESTION6 1 4.870e+03 1.852e+02 3.352e+02
|        ( QUESTION0_18_R 1 9.850e+02 9.846e+01 7.771e+01
|            ( QUESTION0 -1 6.385e+02 9.954e+01 5.271e+01
|                ( - 1.837e+02 1 0)
|                ( - 3.553e+02 2 0 QUESTION6 -1 6.605e+01 2.877e+01))
|            ( - 2.481e+02 3 0 QUESTION0 -1 6.246e+01 2.500e+01))
|        ( QUESTION1 -1 3.700e+03 1.098e+02 2.575e+02
|            ( - 3.253e+03 2 0)
|            ( - 3.366e+02 2 0 QUESTION2_12_L -1 6.817e+01 2.790e+01)))
|    ( QUESTION0_8_R 1 1.771e+03 1.405e+02 1.356e+02
|        ( - 1.242e+03 2 0 QUESTION0 -1 2.703e+01 1.021e+02)
|        ( QUESTION0 -1 3.888e+02 8.163e+01 3.348e+01
|            ( - 2.574e+02 2 0 QUESTION0_12_R 1 4.250e+01 2.600e+01)
|            ( - 4.976e+01 1 0))))
s>    ( QUESTION0_13_R 1 6.860e+03 2.188e+02 4.709e+02
s>        ( QUESTION6 1 4.870e+03 1.852e+02 3.352e+02
s>            ( QUESTION0_18_R 1 9.850e+02 9.846e+01 7.771e+01
s>                ( QUESTION0 -1 6.385e+02 9.954e+01 5.271e+01
s>                    ( - 1.837e+02 1 0)
s>                    ( - 3.553e+02 2 0 QUESTION6 -1 6.605e+01 2.877e+01))
s>                ( - 2.481e+02 3 0 QUESTION0 -1 6.246e+01 2.500e+01))
s>            ( QUESTION1 -1 3.700e+03 1.098e+02 2.575e+02
s>                ( - 3.253e+03 2 0)
s>                ( - 3.366e+02 2 0 QUESTION2_12_L -1 6.817e+01 2.790e+01)))
s>        ( QUESTION0_8_R 1 1.771e+03 1.405e+02 1.356e+02
s>            ( - 1.242e+03 2 0 QUESTION0 -1 2.703e+01 1.021e+02)
s>            ( QUESTION0 -1 3.888e+02 8.163e+01 3.348e+01
s>                ( - 2.574e+02 2 0 QUESTION0_12_R 1 4.250e+01 2.600e+01)
s>                ( - 4.976e+01 1 0))))INFO: dtree.c(1315): Comp split 9
INFO: dtree.c(1478): Final simple tree
|( SILENCE -1 2.267e+03 1.815e+02 1.399e+02
|    ( QUESTION0_10_R 1 9.856e+02 1.174e+02 7.167e+01
|        ( QUESTION0_11_R 1 2.915e+02 3.617e+01 2.974e+01
|            ( - 2.459e+02 1 0)
|            ( - 9.442e+00 1 0))
|        ( - 5.766e+02 1 0))
|    ( QUESTION0_14_R 1 1.099e+03 1.495e+02 6.823e+01
|        ( QUESTION6 1 4.107e+02 4.954e+01 2.874e+01
|            ( - 1.347e+01 1 0)
|            ( - 3.477e+02 1 0))
|        ( QUESTION0 -1 5.393e+02 7.220e+01 3.949e+01
|            ( - 3.952e+02 2 0)
|            ( QUESTION0_8_R 1 7.192e+01 3.036e+01 8.000e+00
|                ( - 1.711e+01 3 0 QUESTION0 1 9.110e+00 3.000e+00)
|                ( - 2.445e+01 1 0)))))
s>    ( SILENCE -1 2.267e+03 1.815e+02 1.399e+02
s>        ( QUESTION0_10_R 1 9.856e+02 1.174e+02 7.167e+01
s>            ( QUESTION0_11_R 1 2.915e+02 3.617e+01 2.974e+01
s>                ( - 2.459e+02 1 0)
s>                ( - 9.442e+00 1 0))
s>            ( - 5.766e+02 1 0))
s>        ( QUESTION0_14_R 1 1.099e+03 1.495e+02 6.823e+01
s>            ( QUESTION6 1 4.107e+02 4.954e+01 2.874e+01
s>                ( - 1.347e+01 1 0)
s>                ( - 3.477e+02 1 0))
s>            ( QUESTION0 -1 5.393e+02 7.220e+01 3.949e+01
s>                ( - 3.952e+02 2 0)
s>                ( QUESTION0_8_R 1 7.192e+01 3.036e+01 8.000e+00
s>                    ( - 1.711e+01 3 0 QUESTION0 1 9.110e+00 3.000e+00)
s>                    ( - 2.445e+01 1 0)))))INFO: dtree.c(1439): stop. leaf nodes are specific
INFO: dtree.c(1478): Final simple tree
|( QUESTION0_13_R 1 3.496e+03 2.230e+02 2.337e+02
|    ( QUESTION0_14_R 1 1.175e+03 1.327e+02 7.906e+01
|        ( - 7.884e+02 3 0)
|        ( QUESTION0_18_R 1 2.534e+02 3.787e+01 2.312e+01
|            ( - 1.864e+02 1 0)
|            ( - 2.905e+01 1 0)))
|    ( QUESTION0_8_R 1 2.099e+03 1.236e+02 1.546e+02
|        ( - 1.552e+03 5 0)
|        ( QUESTION0 -1 4.229e+02 5.869e+01 4.155e+01
|            ( QUESTION0_11_R 1 8.150e+01 3.201e+01 1.204e+01
|                ( - 1.566e+01 1 0)
|                ( - 3.383e+01 1 0))
|            ( - 2.827e+02 1 0))))
s>    ( QUESTION0_13_R 1 3.496e+03 2.230e+02 2.337e+02
s>        ( QUESTION0_14_R 1 1.175e+03 1.327e+02 7.906e+01
s>            ( - 7.884e+02 3 0)
s>            ( QUESTION0_18_R 1 2.534e+02 3.787e+01 2.312e+01
s>                ( - 1.864e+02 1 0)
s>                ( - 2.905e+01 1 0)))
s>        ( QUESTION0_8_R 1 2.099e+03 1.236e+02 1.546e+02
s>            ( - 1.552e+03 5 0)
s>            ( QUESTION0 -1 4.229e+02 5.869e+01 4.155e+01
s>                ( QUESTION0_11_R 1 8.150e+01 3.201e+01 1.204e+01
s>                    ( - 1.566e+01 1 0)
s>                    ( - 3.383e+01 1 0))
s>                ( - 2.827e+02 1 0))))INFO: dtree.c(1315): Comp split 10
INFO: dtree.c(1478): Final simple tree
|( QUESTION2_2_L -1 2.706e+03 1.482e+02 1.956e+02
|    ( QUESTION5 -1 1.979e+03 1.191e+02 1.464e+02
|        ( QUESTION0_0_R 1 7.310e+02 5.314e+01 5.663e+01
|            ( - 1.806e+01 1 0)
|            ( - 6.598e+02 1 0))
|        ( QUESTION1 1 1.129e+03 1.029e+02 8.979e+01
|            ( QUESTION0_0_R 1 3.008e+02 5.452e+01 2.705e+01
|                ( - 5.686e+01 1 0)
|                ( - 1.894e+02 2 0))
|            ( QUESTION0_0_R 1 7.256e+02 5.986e+01 6.274e+01
|                ( - 5.949e+02 1 0)
|                ( - 7.084e+01 1 0))))
|    ( QUESTION3 -1 5.789e+02 8.215e+01 4.916e+01
|        ( - 1.848e+02 2 0)
|        ( - 3.120e+02 4 0 SILENCE -1 3.890e+01 2.909e+01)))
s>    ( QUESTION2_2_L -1 2.706e+03 1.482e+02 1.956e+02
s>        ( QUESTION5 -1 1.979e+03 1.191e+02 1.464e+02
s>            ( QUESTION0_0_R 1 7.310e+02 5.314e+01 5.663e+01
s>                ( - 1.806e+01 1 0)
s>                ( - 6.598e+02 1 0))
s>            ( QUESTION1 1 1.129e+03 1.029e+02 8.979e+01
s>                ( QUESTION0_0_R 1 3.008e+02 5.452e+01 2.705e+01
s>                    ( - 5.686e+01 1 0)
s>                    ( - 1.894e+02 2 0))
s>                ( QUESTION0_0_R 1 7.256e+02 5.986e+01 6.274e+01
s>                    ( - 5.949e+02 1 0)
s>                    ( - 7.084e+01 1 0))))
s>        ( QUESTION3 -1 5.789e+02 8.215e+01 4.916e+01
s>            ( - 1.848e+02 2 0)
s>            ( - 3.120e+02 4 0 SILENCE -1 3.890e+01 2.909e+01)))INFO: dtree.c(1478): Final simple tree
|( QUESTION0_8_R 1 2.326e+03 1.762e+02 1.438e+02
|    ( QUESTION2 1 9.332e+02 1.081e+02 6.570e+01
|        ( - 7.338e+02 2 0)
|        ( - 9.131e+01 2 0 QUESTION0 1 3.009e+01 1.195e+01))
|    ( QUESTION4 -1 1.217e+03 1.225e+02 7.810e+01
|        ( QUESTION0_10_R 1 7.764e+02 9.268e+01 5.210e+01
|            ( QUESTION2_1_L -1 3.606e+02 6.463e+01 2.900e+01
|                ( - 5.098e+01 1 0)
|                ( QUESTION0_11_R 1 2.450e+02 3.718e+01 2.200e+01
|                    ( - 1.374e+01 1 0)
|                    ( - 1.940e+02 1 0)))
|            ( - 3.231e+02 2 0 QUESTION2_1_L -1 3.015e+01 2.310e+01))
|        ( QUESTION0_1_R 1 3.181e+02 6.811e+01 2.600e+01
|            ( - 1.454e+02 1 0)
|            ( - 1.046e+02 3 0 QUESTION0_0_R 1 2.872e+01 9.000e+00))))
s>    ( QUESTION0_8_R 1 2.326e+03 1.762e+02 1.438e+02
s>        ( QUESTION2 1 9.332e+02 1.081e+02 6.570e+01
s>            ( - 7.338e+02 2 0)
s>            ( - 9.131e+01 2 0 QUESTION0 1 3.009e+01 1.195e+01))
s>        ( QUESTION4 -1 1.217e+03 1.225e+02 7.810e+01
s>            ( QUESTION0_10_R 1 7.764e+02 9.268e+01 5.210e+01
s>                ( QUESTION2_1_L -1 3.606e+02 6.463e+01 2.900e+01
s>                    ( - 5.098e+01 1 0)
s>                    ( QUESTION0_11_R 1 2.450e+02 3.718e+01 2.200e+01
s>                        ( - 1.374e+01 1 0)
s>                        ( - 1.940e+02 1 0)))
s>                ( - 3.231e+02 2 0 QUESTION2_1_L -1 3.015e+01 2.310e+01))
s>            ( QUESTION0_1_R 1 3.181e+02 6.811e+01 2.600e+01
s>                ( - 1.454e+02 1 0)
s>                ( - 1.046e+02 3 0 QUESTION0_0_R 1 2.872e+01 9.000e+00))))INFO: dtree.c(1315): Comp split 11
INFO: dtree.c(1439): stop. leaf nodes are specific
INFO: dtree.c(1478): Final simple tree
|( QUESTION1 -1 1.506e+03 1.430e+02 1.305e+02
|    ( QUESTION0_0_R 1 6.657e+02 6.709e+01 6.440e+01
|        ( - 1.210e+02 1 0)
|        ( - 4.776e+02 1 0))
|    ( QUESTION0_0_R 1 6.973e+02 6.786e+01 6.611e+01
|        ( - 1.152e+02 1 0)
|        ( - 5.142e+02 1 0)))
s>    ( QUESTION1 -1 1.506e+03 1.430e+02 1.305e+02
s>        ( QUESTION0_0_R 1 6.657e+02 6.709e+01 6.440e+01
s>            ( - 1.210e+02 1 0)
s>            ( - 4.776e+02 1 0))
s>        ( QUESTION0_0_R 1 6.973e+02 6.786e+01 6.611e+01
s>            ( - 1.152e+02 1 0)
s>            ( - 5.142e+02 1 0)))INFO: dtree.c(1439): stop. leaf nodes are specific
INFO: dtree.c(1478): Final simple tree
|( QUESTION0_8_R 1 3.410e+03 1.448e+02 2.497e+02
|    ( - 2.431e+03 3 0)
|    ( - 8.335e+02 1 0))
s>    ( QUESTION0_8_R 1 3.410e+03 1.448e+02 2.497e+02
s>        ( - 2.431e+03 3 0)
s>        ( - 8.335e+02 1 0))INFO: dtree.c(1315): Comp split 12
INFO: dtree.c(1478): Final simple tree
|( QUESTION6 1 4.782e+03 1.701e+02 3.333e+02
|    ( QUESTION0_18_R 1 1.359e+03 1.261e+02 1.037e+02
|        ( QUESTION0 -1 6.385e+02 9.954e+01 5.271e+01
|            ( - 1.837e+02 1 0)
|            ( QUESTION6 -1 3.553e+02 6.605e+01 2.877e+01
|                ( - 1.203e+02 1 0)
|                ( - 1.690e+02 1 0)))
|        ( QUESTION0_10_R 1 5.939e+02 8.846e+01 5.100e+01
|            ( QUESTION0_12_R 1 2.574e+02 4.250e+01 2.600e+01
|                ( - 4.287e+01 1 0)
|                ( - 1.720e+02 1 0))
|            ( QUESTION0 -1 2.481e+02 6.246e+01 2.500e+01
|                ( - 1.483e+02 2 0 QUESTION0_14_R 1 3.005e+01 1.800e+01)
|                ( - 3.728e+01 1 0))))
|    ( - 3.253e+03 2 0))
s>    ( QUESTION6 1 4.782e+03 1.701e+02 3.333e+02
s>        ( QUESTION0_18_R 1 1.359e+03 1.261e+02 1.037e+02
s>            ( QUESTION0 -1 6.385e+02 9.954e+01 5.271e+01
s>                ( - 1.837e+02 1 0)
s>                ( QUESTION6 -1 3.553e+02 6.605e+01 2.877e+01
s>                    ( - 1.203e+02 1 0)
s>                    ( - 1.690e+02 1 0)))
s>            ( QUESTION0_10_R 1 5.939e+02 8.846e+01 5.100e+01
s>                ( QUESTION0_12_R 1 2.574e+02 4.250e+01 2.600e+01
s>                    ( - 4.287e+01 1 0)
s>                    ( - 1.720e+02 1 0))
s>                ( QUESTION0 -1 2.481e+02 6.246e+01 2.500e+01
s>                    ( - 1.483e+02 2 0 QUESTION0_14_R 1 3.005e+01 1.800e+01)
s>                    ( - 3.728e+01 1 0))))
s>        ( - 3.253e+03 2 0))INFO: dtree.c(1439): stop. leaf nodes are specific
INFO: dtree.c(1478): Final simple tree
|( QUESTION1 -1 1.838e+03 1.200e+02 1.375e+02
|    ( - 1.215e+03 1 0)
|    ( QUESTION2_13_L -1 5.028e+02 1.113e+02 3.638e+01
|        ( - 2.029e+02 1 0)
|        ( QUESTION0_10_R 1 1.887e+02 5.749e+01 1.448e+01
|            ( - 4.976e+01 1 0)
|            ( QUESTION0_8_R 1 8.143e+01 1.555e+01 7.000e+00
|                ( - 3.636e-01 1 0)
|                ( - 6.553e+01 1 0)))))
s>    ( QUESTION1 -1 1.838e+03 1.200e+02 1.375e+02
s>        ( - 1.215e+03 1 0)
s>        ( QUESTION2_13_L -1 5.028e+02 1.113e+02 3.638e+01
s>            ( - 2.029e+02 1 0)
s>            ( QUESTION0_10_R 1 1.887e+02 5.749e+01 1.448e+01
s>                ( - 4.976e+01 1 0)
s>                ( QUESTION0_8_R 1 8.143e+01 1.555e+01 7.000e+00
s>                    ( - 3.636e-01 1 0)
s>                    ( - 6.553e+01 1 0)))))INFO: dtree.c(1315): Comp split 13
INFO: dtree.c(1439): stop. leaf nodes are specific
INFO: dtree.c(1478): Final simple tree
|( QUESTION0_8_R 1 2.099e+03 1.236e+02 1.546e+02
|    ( - 1.552e+03 5 0)
|    ( QUESTION0 -1 4.229e+02 5.869e+01 4.155e+01
|        ( QUESTION0_11_R 1 8.150e+01 3.201e+01 1.204e+01
|            ( - 1.566e+01 1 0)
|            ( - 3.383e+01 1 0))
|        ( - 2.827e+02 1 0)))
s>    ( QUESTION0_8_R 1 2.099e+03 1.236e+02 1.546e+02
s>        ( - 1.552e+03 5 0)
s>        ( QUESTION0 -1 4.229e+02 5.869e+01 4.155e+01
s>            ( QUESTION0_11_R 1 8.150e+01 3.201e+01 1.204e+01
s>                ( - 1.566e+01 1 0)
s>                ( - 3.383e+01 1 0))
s>            ( - 2.827e+02 1 0)))INFO: dtree.c(1439): stop. leaf nodes are specific
INFO: dtree.c(1478): Final simple tree
|( QUESTION0_14_R 1 1.175e+03 1.327e+02 7.906e+01
|    ( - 7.884e+02 3 0)
|    ( QUESTION0_18_R 1 2.534e+02 3.787e+01 2.312e+01
|        ( - 1.864e+02 1 0)
|        ( - 2.905e+01 1 0)))
s>    ( QUESTION0_14_R 1 1.175e+03 1.327e+02 7.906e+01
s>        ( - 7.884e+02 3 0)
s>        ( QUESTION0_18_R 1 2.534e+02 3.787e+01 2.312e+01
s>            ( - 1.864e+02 1 0)
s>            ( - 2.905e+01 1 0)))INFO: dtree.c(1315): Comp split 14
INFO: dtree.c(1315): Comp split 15
INFO: dtree.c(1439): stop. leaf nodes are specific
INFO: dtree.c(1478): Final simple tree
|( QUESTION0_13_R 1 8.892e+02 1.002e+02 6.210e+01
|    ( QUESTION2_1_L -1 3.231e+02 3.015e+01 2.310e+01
|        ( - 3.967e+01 1 0)
|        ( - 2.533e+02 1 0))
|    ( QUESTION7 1 4.659e+02 8.817e+01 3.900e+01
|        ( - 1.940e+02 1 0)
|        ( QUESTION0_0_R 1 1.837e+02 2.455e+01 2.000e+01
|            ( - 1.454e+02 1 0)
|            ( - 1.374e+01 1 0))))
s>    ( QUESTION0_13_R 1 8.892e+02 1.002e+02 6.210e+01
s>        ( QUESTION2_1_L -1 3.231e+02 3.015e+01 2.310e+01
s>            ( - 3.967e+01 1 0)
s>            ( - 2.533e+02 1 0))
s>        ( QUESTION7 1 4.659e+02 8.817e+01 3.900e+01
s>            ( - 1.940e+02 1 0)
s>            ( QUESTION0_0_R 1 1.837e+02 2.455e+01 2.000e+01
s>                ( - 1.454e+02 1 0)
s>                ( - 1.374e+01 1 0))))INFO: dtree.c(1439): stop. leaf nodes are specific
INFO: dtree.c(1478): Final simple tree
|( QUESTION2 1 1.240e+03 1.228e+02 8.170e+01
|    ( - 7.338e+02 2 0)
|    ( QUESTION0 1 3.835e+02 7.887e+01 2.795e+01
|        ( - 5.694e+01 1 0)
|        ( QUESTION0_10_R 1 2.477e+02 6.408e+01 1.795e+01
|            ( - 5.098e+01 1 0)
|            ( QUESTION16 1 1.326e+02 3.516e+01 1.095e+01
|                ( QUESTION0_0_R 1 5.728e+01 2.068e+01 6.000e+00
|                    ( - 3.010e+01 1 0)
|                    ( - 6.501e+00 1 0))
|                ( QUESTION0_8_R 1 4.020e+01 1.695e+01 4.951e+00
|                    ( - 4.279e+00 1 0)
|                    ( - 1.897e+01 1 0))))))
s>    ( QUESTION2 1 1.240e+03 1.228e+02 8.170e+01
s>        ( - 7.338e+02 2 0)
s>        ( QUESTION0 1 3.835e+02 7.887e+01 2.795e+01
s>            ( - 5.694e+01 1 0)
s>            ( QUESTION0_10_R 1 2.477e+02 6.408e+01 1.795e+01
s>                ( - 5.098e+01 1 0)
s>                ( QUESTION16 1 1.326e+02 3.516e+01 1.095e+01
s>                    ( QUESTION0_0_R 1 5.728e+01 2.068e+01 6.000e+00
s>                        ( - 3.010e+01 1 0)
s>                        ( - 6.501e+00 1 0))
s>                    ( QUESTION0_8_R 1 4.020e+01 1.695e+01 4.951e+00
s>                        ( - 4.279e+00 1 0)
s>                        ( - 1.897e+01 1 0))))))INFO: dtree.c(1315): Comp split 16
INFO: dtree.c(1439): stop. leaf nodes are specific
INFO: dtree.c(1478): Final simple tree
|( QUESTION2_10_L -1 8.578e+02 1.017e+02 6.000e+01
|    ( - 2.745e+02 1 0)
|    ( SILENCE 1 4.816e+02 9.196e+01 3.800e+01
|        ( - 2.621e+02 1 0)
|        ( SILENCE -1 1.275e+02 4.196e+01 1.300e+01
|            ( - 6.142e+01 1 0)
|            ( - 2.415e+01 1 0))))
s>    ( QUESTION2_10_L -1 8.578e+02 1.017e+02 6.000e+01
s>        ( - 2.745e+02 1 0)
s>        ( SILENCE 1 4.816e+02 9.196e+01 3.800e+01
s>            ( - 2.621e+02 1 0)
s>            ( SILENCE -1 1.275e+02 4.196e+01 1.300e+01
s>                ( - 6.142e+01 1 0)
s>                ( - 2.415e+01 1 0))))INFO: dtree.c(1439): stop. leaf nodes are specific
INFO: dtree.c(1478): Final simple tree
|( QUESTION4 -1 1.453e+03 1.311e+02 9.693e+01
|    ( - 4.368e+02 1 0)
|    ( QUESTION0 -1 8.846e+02 3.292e+01 6.193e+01
|        ( - 8.501e+02 1 0)
|        ( - 1.530e+00 1 0)))
s>    ( QUESTION4 -1 1.453e+03 1.311e+02 9.693e+01
s>        ( - 4.368e+02 1 0)
s>        ( QUESTION0 -1 8.846e+02 3.292e+01 6.193e+01
s>            ( - 8.501e+02 1 0)
s>            ( - 1.530e+00 1 0)))INFO: dtree.c(1315): Comp split 17
INFO: dtree.c(1439): stop. leaf nodes are specific
INFO: dtree.c(1478): Final simple tree
|( QUESTION0_10_R 1 1.029e+03 9.642e+01 7.977e+01
|    ( QUESTION0_12_R 1 2.574e+02 4.250e+01 2.600e+01
|        ( - 4.287e+01 1 0)
|        ( - 1.720e+02 1 0))
|    ( QUESTION6 -1 6.753e+02 7.364e+01 5.377e+01
|        ( - 1.203e+02 1 0)
|        ( QUESTION0_18_R 1 4.814e+02 6.438e+01 4.277e+01
|            ( - 1.690e+02 1 0)
|            ( QUESTION0 -1 2.481e+02 6.246e+01 2.500e+01
|                ( QUESTION0_14_R 1 1.483e+02 3.005e+01 1.800e+01
|                    ( - 3.836e+01 1 0)
|                    ( - 7.990e+01 1 0))
|                ( - 3.728e+01 1 0)))))
s>    ( QUESTION0_10_R 1 1.029e+03 9.642e+01 7.977e+01
s>        ( QUESTION0_12_R 1 2.574e+02 4.250e+01 2.600e+01
s>            ( - 4.287e+01 1 0)
s>            ( - 1.720e+02 1 0))
s>        ( QUESTION6 -1 6.753e+02 7.364e+01 5.377e+01
s>            ( - 1.203e+02 1 0)
s>            ( QUESTION0_18_R 1 4.814e+02 6.438e+01 4.277e+01
s>                ( - 1.690e+02 1 0)
s>                ( QUESTION0 -1 2.481e+02 6.246e+01 2.500e+01
s>                    ( QUESTION0_14_R 1 1.483e+02 3.005e+01 1.800e+01
s>                        ( - 3.836e+01 1 0)
s>                        ( - 7.990e+01 1 0))
s>                    ( - 3.728e+01 1 0)))))INFO: dtree.c(1439): stop. leaf nodes are specific
INFO: dtree.c(1478): Final simple tree
|( QUESTION0_14_R 1 3.559e+03 1.218e+02 2.536e+02
|    ( - 3.253e+03 2 0)
|    ( - 1.837e+02 1 0))
s>    ( QUESTION0_14_R 1 3.559e+03 1.218e+02 2.536e+02
s>        ( - 3.253e+03 2 0)
s>        ( - 1.837e+02 1 0))INFO: dtree.c(1315): Comp split 18
INFO: dtree.c(1439): stop. leaf nodes are specific
INFO: dtree.c(1478): Final simple tree
|( QUESTION0_10_R 1 1.064e+03 1.254e+02 7.667e+01
|    ( QUESTION0_11_R 1 2.915e+02 3.617e+01 2.974e+01
|        ( - 2.459e+02 1 0)
|        ( - 9.442e+00 1 0))
|    ( SILENCE -1 6.474e+02 4.629e+01 4.693e+01
|        ( - 5.766e+02 1 0)
|        ( - 2.445e+01 1 0)))
s>    ( QUESTION0_10_R 1 1.064e+03 1.254e+02 7.667e+01
s>        ( QUESTION0_11_R 1 2.915e+02 3.617e+01 2.974e+01
s>            ( - 2.459e+02 1 0)
s>            ( - 9.442e+00 1 0))
s>        ( SILENCE -1 6.474e+02 4.629e+01 4.693e+01
s>            ( - 5.766e+02 1 0)
s>            ( - 2.445e+01 1 0)))INFO: dtree.c(1439): stop. leaf nodes are specific
INFO: dtree.c(1478): Final simple tree
|( QUESTION0 -1 1.010e+03 1.386e+02 6.323e+01
|    ( - 3.952e+02 2 0)
|    ( QUESTION16 1 4.758e+02 7.337e+01 3.174e+01
|        ( - 3.477e+02 1 0)
|        ( QUESTION0_8_R 1 5.478e+01 2.421e+01 7.000e+00
|            ( QUESTION0 1 1.711e+01 9.110e+00 3.000e+00
|                ( - 8.000e+00 2 0)
|                ( - 0.000e+00 1 0))
|            ( - 1.347e+01 1 0))))
s>    ( QUESTION0 -1 1.010e+03 1.386e+02 6.323e+01
s>        ( - 3.952e+02 2 0)
s>        ( QUESTION16 1 4.758e+02 7.337e+01 3.174e+01
s>            ( - 3.477e+02 1 0)
s>            ( QUESTION0_8_R 1 5.478e+01 2.421e+01 7.000e+00
s>                ( QUESTION0 1 1.711e+01 9.110e+00 3.000e+00
s>                    ( - 8.000e+00 2 0)
s>                    ( - 0.000e+00 1 0))
s>                ( - 1.347e+01 1 0))))INFO: dtree.c(1315): Comp split 19
INFO: dtree.c(1439): stop. leaf nodes are specific
INFO: dtree.c(1478): Final simple tree
|( QUESTION0_2_R 1 8.389e+02 7.950e+01 7.174e+01
|    ( - 5.949e+02 1 0)
|    ( QUESTION0_0_R 1 1.645e+02 3.685e+01 2.296e+01
|        ( - 5.686e+01 1 0)
|        ( - 7.084e+01 1 0)))
s>    ( QUESTION0_2_R 1 8.389e+02 7.950e+01 7.174e+01
s>        ( - 5.949e+02 1 0)
s>        ( QUESTION0_0_R 1 1.645e+02 3.685e+01 2.296e+01
s>            ( - 5.686e+01 1 0)
s>            ( - 7.084e+01 1 0)))INFO: dtree.c(1439): stop. leaf nodes are specific
INFO: dtree.c(1478): Final simple tree
|( QUESTION2_2_L -1 1.694e+03 1.154e+02 1.238e+02
|    ( QUESTION2 1 1.000e+03 8.879e+01 7.467e+01
|        ( - 6.598e+02 1 0)
|        ( QUESTION0_0_R 1 2.514e+02 4.399e+01 2.305e+01
|            ( - 1.806e+01 1 0)
|            ( - 1.894e+02 2 0)))
|    ( QUESTION3 -1 5.789e+02 8.215e+01 4.916e+01
|        ( - 1.848e+02 2 0)
|        ( SILENCE -1 3.120e+02 3.890e+01 2.909e+01
|            ( - 2.104e+02 3 0)
|            ( - 6.269e+01 1 0))))
s>    ( QUESTION2_2_L -1 1.694e+03 1.154e+02 1.238e+02
s>        ( QUESTION2 1 1.000e+03 8.879e+01 7.467e+01
s>            ( - 6.598e+02 1 0)
s>            ( QUESTION0_0_R 1 2.514e+02 4.399e+01 2.305e+01
s>                ( - 1.806e+01 1 0)
s>                ( - 1.894e+02 2 0)))
s>        ( QUESTION3 -1 5.789e+02 8.215e+01 4.916e+01
s>            ( - 1.848e+02 2 0)
s>            ( SILENCE -1 3.120e+02 3.890e+01 2.909e+01
s>                ( - 2.104e+02 3 0)
s>                ( - 6.269e+01 1 0))))INFO: dtree.c(1315): Comp split 20
INFO: dtree.c(1439): stop. leaf nodes are specific
INFO: dtree.c(1478): Final simple tree
|( QUESTION0_10_R 1 1.887e+02 5.749e+01 1.448e+01
|    ( - 4.976e+01 1 0)
|    ( QUESTION0_8_R 1 8.143e+01 1.555e+01 7.000e+00
|        ( - 3.636e-01 1 0)
|        ( - 6.553e+01 1 0)))
s>    ( QUESTION0_10_R 1 1.887e+02 5.749e+01 1.448e+01
s>        ( - 4.976e+01 1 0)
s>        ( QUESTION0_8_R 1 8.143e+01 1.555e+01 7.000e+00
s>            ( - 3.636e-01 1 0)
s>            ( - 6.553e+01 1 0)))INFO: dtree.c(1439): stop. leaf nodes are specific
INFO: dtree.c(1478): Final simple tree
|( QUESTION0_8_R 1 1.504e+03 8.640e+01 1.230e+02
|    ( - 1.215e+03 1 0)
|    ( - 2.029e+02 1 0))
s>    ( QUESTION0_8_R 1 1.504e+03 8.640e+01 1.230e+02
s>        ( - 1.215e+03 1 0)
s>        ( - 2.029e+02 1 0))INFO: dtree.c(1315): Comp split 21
INFO: dtree.c(1315): Comp split 22
INFO: dtree.c(1439): stop. leaf nodes are specific
INFO: dtree.c(1478): Final simple tree
|( QUESTION0_0_R 1 6.973e+02 6.786e+01 6.611e+01
|    ( - 1.152e+02 1 0)
|    ( - 5.142e+02 1 0))
s>    ( QUESTION0_0_R 1 6.973e+02 6.786e+01 6.611e+01
s>        ( - 1.152e+02 1 0)
s>        ( - 5.142e+02 1 0))INFO: dtree.c(1439): stop. leaf nodes are specific
INFO: dtree.c(1478): Final simple tree
|( QUESTION0_0_R 1 6.657e+02 6.709e+01 6.440e+01
|    ( - 1.210e+02 1 0)
|    ( - 4.776e+02 1 0))
s>    ( QUESTION0_0_R 1 6.657e+02 6.709e+01 6.440e+01
s>        ( - 1.210e+02 1 0)
s>        ( - 4.776e+02 1 0))INFO: dtree.c(1315): Comp split 23
INFO: dtree.c(1439): stop. leaf nodes are specific
INFO: dtree.c(1478): Final simple tree
|( QUESTION0_8_R 1 4.112e+02 4.641e+01 2.774e+01
|    ( QUESTION0 1 1.711e+01 9.110e+00 3.000e+00
|        ( - 8.000e+00 2 0)
|        ( - 0.000e+00 1 0))
|    ( - 3.477e+02 1 0))
s>    ( QUESTION0_8_R 1 4.112e+02 4.641e+01 2.774e+01
s>        ( QUESTION0 1 1.711e+01 9.110e+00 3.000e+00
s>            ( - 8.000e+00 2 0)
s>            ( - 0.000e+00 1 0))
s>        ( - 3.477e+02 1 0))INFO: dtree.c(1439): stop. leaf nodes are specific
INFO: dtree.c(1478): Final simple tree
|( QUESTION0_8_R 1 4.597e+02 5.105e+01 3.549e+01
|    ( - 3.952e+02 2 0)
|    ( - 1.347e+01 1 0))
s>    ( QUESTION0_8_R 1 4.597e+02 5.105e+01 3.549e+01
s>        ( - 3.952e+02 2 0)
s>        ( - 1.347e+01 1 0))INFO: dtree.c(1315): Comp split 24
INFO: dtree.c(1439): stop. leaf nodes are specific
INFO: dtree.c(1478): Final simple tree
|( QUESTION0 1 2.197e+02 6.547e+01 1.895e+01
|    ( - 5.694e+01 1 0)
|    ( QUESTION0_0_R 1 9.727e+01 2.696e+01 8.951e+00
|        ( - 3.010e+01 1 0)
|        ( QUESTION0_8_R 1 4.020e+01 1.695e+01 4.951e+00
|            ( - 4.279e+00 1 0)
|            ( - 1.897e+01 1 0))))
s>    ( QUESTION0 1 2.197e+02 6.547e+01 1.895e+01
s>        ( - 5.694e+01 1 0)
s>        ( QUESTION0_0_R 1 9.727e+01 2.696e+01 8.951e+00
s>            ( - 3.010e+01 1 0)
s>            ( QUESTION0_8_R 1 4.020e+01 1.695e+01 4.951e+00
s>                ( - 4.279e+00 1 0)
s>                ( - 1.897e+01 1 0))))INFO: dtree.c(1439): stop. leaf nodes are specific
INFO: dtree.c(1478): Final simple tree
|( QUESTION0_8_R 1 8.824e+02 6.628e+01 6.275e+01
|    ( - 7.338e+02 2 0)
|    ( QUESTION0_10_R 1 8.231e+01 2.483e+01 9.000e+00
|        ( - 5.098e+01 1 0)
|        ( - 6.501e+00 1 0)))
s>    ( QUESTION0_8_R 1 8.824e+02 6.628e+01 6.275e+01
s>        ( - 7.338e+02 2 0)
s>        ( QUESTION0_10_R 1 8.231e+01 2.483e+01 9.000e+00
s>            ( - 5.098e+01 1 0)
s>            ( - 6.501e+00 1 0)))INFO: dtree.c(1315): Comp split 25
INFO: dtree.c(1439): stop. leaf nodes are specific
INFO: dtree.c(1478): Final simple tree
|( QUESTION0_1_R 1 1.497e+02 2.935e+01 1.200e+01
|    ( - 1.142e+02 1 0)
|    ( QUESTION0_0_R 1 6.182e+00 6.182e+00 2.000e+00
|        ( - 0.000e+00 1 0)
|        ( - 0.000e+00 1 0)))
s>    ( QUESTION0_1_R 1 1.497e+02 2.935e+01 1.200e+01
s>        ( - 1.142e+02 1 0)
s>        ( QUESTION0_0_R 1 6.182e+00 6.182e+00 2.000e+00
s>            ( - 0.000e+00 1 0)
s>            ( - 0.000e+00 1 0)))INFO: dtree.c(1315): Comp split 26
INFO: dtree.c(1439): stop. leaf nodes are specific
INFO: dtree.c(1478): Final simple tree
|( QUESTION0_18_R 1 2.534e+02 3.787e+01 2.312e+01
|    ( - 1.864e+02 1 0)
|    ( - 2.905e+01 1 0))
s>    ( QUESTION0_18_R 1 2.534e+02 3.787e+01 2.312e+01
s>        ( - 1.864e+02 1 0)
s>        ( - 2.905e+01 1 0))INFO: dtree.c(1315): Comp split 27
INFO: dtree.c(1439): stop. leaf nodes are specific
INFO: dtree.c(1478): Final simple tree
|( QUESTION0 -1 8.846e+02 3.292e+01 6.193e+01
|    ( - 8.501e+02 1 0)
|    ( - 1.530e+00 1 0))
s>    ( QUESTION0 -1 8.846e+02 3.292e+01 6.193e+01
s>        ( - 8.501e+02 1 0)
s>        ( - 1.530e+00 1 0))INFO: dtree.c(1315): Comp split 28
INFO: dtree.c(1439): stop. leaf nodes are specific
INFO: dtree.c(1478): Final simple tree
|( QUESTION0_0_R 1 1.572e+02 4.096e+01 1.300e+01
|    ( QUESTION0_1_R 1 6.999e+01 2.629e+01 8.000e+00
|        ( - 2.070e+01 1 0)
|        ( - 2.300e+01 1 0))
|    ( - 4.621e+01 1 0))
s>    ( QUESTION0_0_R 1 1.572e+02 4.096e+01 1.300e+01
s>        ( QUESTION0_1_R 1 6.999e+01 2.629e+01 8.000e+00
s>            ( - 2.070e+01 1 0)
s>            ( - 2.300e+01 1 0))
s>        ( - 4.621e+01 1 0))INFO: dtree.c(1315): Comp split 29
INFO: dtree.c(1439): stop. leaf nodes are specific
INFO: dtree.c(1478): Final simple tree
|( SILENCE -1 6.474e+02 4.629e+01 4.693e+01
|    ( - 5.766e+02 1 0)
|    ( - 2.445e+01 1 0))
s>    ( SILENCE -1 6.474e+02 4.629e+01 4.693e+01
s>        ( - 5.766e+02 1 0)
s>        ( - 2.445e+01 1 0))INFO: dtree.c(1439): stop. leaf nodes are specific
INFO: dtree.c(1478): Final simple tree
|( QUESTION0_11_R 1 2.915e+02 3.617e+01 2.974e+01
|    ( - 2.459e+02 1 0)
|    ( - 9.442e+00 1 0))
s>    ( QUESTION0_11_R 1 2.915e+02 3.617e+01 2.974e+01
s>        ( - 2.459e+02 1 0)
s>        ( - 9.442e+00 1 0))INFO: dtree.c(1315): Comp split 30
INFO: dtree.c(1439): stop. leaf nodes are specific
INFO: dtree.c(1478): Final simple tree
|( QUESTION0_18_R 1 4.604e+02 5.972e+01 4.577e+01
|    ( - 1.690e+02 1 0)
|    ( QUESTION0_15_R 1 2.317e+02 4.221e+01 2.800e+01
|        ( - 7.990e+01 1 0)
|        ( QUESTION0_10_R 1 1.096e+02 2.834e+01 1.600e+01
|            ( - 4.287e+01 1 0)
|            ( - 3.836e+01 1 0))))
s>    ( QUESTION0_18_R 1 4.604e+02 5.972e+01 4.577e+01
s>        ( - 1.690e+02 1 0)
s>        ( QUESTION0_15_R 1 2.317e+02 4.221e+01 2.800e+01
s>            ( - 7.990e+01 1 0)
s>            ( QUESTION0_10_R 1 1.096e+02 2.834e+01 1.600e+01
s>                ( - 4.287e+01 1 0)
s>                ( - 3.836e+01 1 0))))INFO: dtree.c(1439): stop. leaf nodes are specific
INFO: dtree.c(1478): Final simple tree
|( QUESTION0_10_R 1 4.438e+02 7.176e+01 3.400e+01
|    ( - 1.720e+02 1 0)
|    ( QUESTION0_14_R 1 2.000e+02 4.245e+01 1.800e+01
|        ( - 3.728e+01 1 0)
|        ( - 1.203e+02 1 0)))
s>    ( QUESTION0_10_R 1 4.438e+02 7.176e+01 3.400e+01
s>        ( - 1.720e+02 1 0)
s>        ( QUESTION0_14_R 1 2.000e+02 4.245e+01 1.800e+01
s>            ( - 3.728e+01 1 0)
s>            ( - 1.203e+02 1 0)))INFO: dtree.c(1315): Comp split 31
INFO: dtree.c(1439): stop. leaf nodes are specific
INFO: dtree.c(1478): Final simple tree
|( QUESTION0 -1 4.229e+02 5.869e+01 4.155e+01
|    ( QUESTION0_11_R 1 8.150e+01 3.201e+01 1.204e+01
|        ( - 1.566e+01 1 0)
|        ( - 3.383e+01 1 0))
|    ( - 2.827e+02 1 0))
s>    ( QUESTION0 -1 4.229e+02 5.869e+01 4.155e+01
s>        ( QUESTION0_11_R 1 8.150e+01 3.201e+01 1.204e+01
s>            ( - 1.566e+01 1 0)
s>            ( - 3.383e+01 1 0))
s>        ( - 2.827e+02 1 0))INFO: dtree.c(1315): Comp split 32
INFO: dtree.c(1315): Comp split 33
INFO: dtree.c(1439): stop. leaf nodes are specific
INFO: dtree.c(1478): Final simple tree
|( QUESTION4 1 1.263e+02 3.641e+01 1.000e+01
|    ( - 4.191e+01 1 0)
|    ( WDBNDRY_B 0 4.800e+01 2.053e+01 5.000e+00
|        ( QUESTION4 -1 1.013e+01 8.656e+00 2.000e+00
|            ( - 3.636e-01 1 0)
|            ( - 1.113e+00 1 0))
|        ( WDBNDRY_E 0 1.734e+01 9.018e+00 3.000e+00
|            ( - 0.000e+00 1 0)
|            ( - 8.319e+00 1 0))))
s>    ( QUESTION4 1 1.263e+02 3.641e+01 1.000e+01
s>        ( - 4.191e+01 1 0)
s>        ( WDBNDRY_B 0 4.800e+01 2.053e+01 5.000e+00
s>            ( QUESTION4 -1 1.013e+01 8.656e+00 2.000e+00
s>                ( - 3.636e-01 1 0)
s>                ( - 1.113e+00 1 0))
s>            ( WDBNDRY_E 0 1.734e+01 9.018e+00 3.000e+00
s>                ( - 0.000e+00 1 0)
s>                ( - 8.319e+00 1 0))))INFO: dtree.c(1315): Comp split 34
INFO: dtree.c(1439): stop. leaf nodes are specific
INFO: dtree.c(1478): Final simple tree
|( SILENCE -1 3.962e+02 7.266e+01 3.400e+01
|    ( - 6.142e+01 1 0)
|    ( - 2.621e+02 1 0))
s>    ( SILENCE -1 3.962e+02 7.266e+01 3.400e+01
s>        ( - 6.142e+01 1 0)
s>        ( - 2.621e+02 1 0))INFO: dtree.c(1439): stop. leaf nodes are specific
INFO: dtree.c(1478): Final simple tree
|( SILENCE 1 3.414e+02 4.274e+01 2.600e+01
|    ( - 2.745e+02 1 0)
|    ( - 2.415e+01 1 0))
s>    ( SILENCE 1 3.414e+02 4.274e+01 2.600e+01
s>        ( - 2.745e+02 1 0)
s>        ( - 2.415e+01 1 0))INFO: dtree.c(1315): Comp split 35
INFO: dtree.c(1439): stop. leaf nodes are specific
INFO: dtree.c(1478): Final simple tree
|( QUESTION3 -1 6.502e+02 8.968e+01 5.416e+01
|    ( QUESTION0_0_R 1 2.486e+02 4.568e+01 2.507e+01
|        ( - 1.806e+01 1 0)
|        ( - 1.848e+02 2 0))
|    ( SILENCE -1 3.120e+02 3.890e+01 2.909e+01
|        ( - 2.104e+02 3 0)
|        ( - 6.269e+01 1 0)))
s>    ( QUESTION3 -1 6.502e+02 8.968e+01 5.416e+01
s>        ( QUESTION0_0_R 1 2.486e+02 4.568e+01 2.507e+01
s>            ( - 1.806e+01 1 0)
s>            ( - 1.848e+02 2 0))
s>        ( SILENCE -1 3.120e+02 3.890e+01 2.909e+01
s>            ( - 2.104e+02 3 0)
s>            ( - 6.269e+01 1 0)))INFO: dtree.c(1439): stop. leaf nodes are specific
INFO: dtree.c(1478): Final simple tree
|( QUESTION0 -1 9.283e+02 7.913e+01 6.967e+01
|    ( - 1.894e+02 2 0)
|    ( - 6.598e+02 1 0))
s>    ( QUESTION0 -1 9.283e+02 7.913e+01 6.967e+01
s>        ( - 1.894e+02 2 0)
s>        ( - 6.598e+02 1 0))INFO: dtree.c(1315): Comp split 36
INFO: dtree.c(1439): stop. leaf nodes are specific
INFO: dtree.c(1478): Final simple tree
|( QUESTION0_0_R 1 2.560e+02 3.739e+01 2.100e+01
|    ( - 1.454e+02 1 0)
|    ( QUESTION0_10_R 1 7.317e+01 1.975e+01 4.000e+00
|        ( - 1.374e+01 1 0)
|        ( - 3.967e+01 1 0)))
s>    ( QUESTION0_0_R 1 2.560e+02 3.739e+01 2.100e+01
s>        ( - 1.454e+02 1 0)
s>        ( QUESTION0_10_R 1 7.317e+01 1.975e+01 4.000e+00
s>            ( - 1.374e+01 1 0)
s>            ( - 3.967e+01 1 0)))INFO: dtree.c(1439): stop. leaf nodes are specific
INFO: dtree.c(1478): Final simple tree
|( QUESTION0_10_R 1 5.236e+02 7.630e+01 4.110e+01
|    ( - 1.940e+02 1 0)
|    ( - 2.533e+02 1 0))
s>    ( QUESTION0_10_R 1 5.236e+02 7.630e+01 4.110e+01
s>        ( - 1.940e+02 1 0)
s>        ( - 2.533e+02 1 0))INFO: dtree.c(1315): Comp split 37
INFO: dtree.c(1439): stop. leaf nodes are specific
INFO: dtree.c(1478): Final simple tree
|( SILENCE -1 3.120e+02 3.890e+01 2.909e+01
|    ( - 2.104e+02 3 0)
|    ( - 6.269e+01 1 0))
s>    ( SILENCE -1 3.120e+02 3.890e+01 2.909e+01
s>        ( - 2.104e+02 3 0)
s>        ( - 6.269e+01 1 0))INFO: dtree.c(1439): stop. leaf nodes are specific
INFO: dtree.c(1478): Final simple tree
|( QUESTION0_0_R 1 2.486e+02 4.568e+01 2.507e+01
|    ( - 1.806e+01 1 0)
|    ( - 1.848e+02 2 0))
s>    ( QUESTION0_0_R 1 2.486e+02 4.568e+01 2.507e+01
s>        ( - 1.806e+01 1 0)
s>        ( - 1.848e+02 2 0))INFO: dtree.c(1315): Comp split 38
INFO: dtree.c(1315): Comp split 39
INFO: dtree.c(1439): stop. leaf nodes are specific
INFO: dtree.c(1478): Final simple tree
|( QUESTION0_0_R 1 1.645e+02 3.685e+01 2.296e+01
|    ( - 5.686e+01 1 0)
|    ( - 7.084e+01 1 0))
s>    ( QUESTION0_0_R 1 1.645e+02 3.685e+01 2.296e+01
s>        ( - 5.686e+01 1 0)
s>        ( - 7.084e+01 1 0))INFO: dtree.c(1315): Comp split 40
INFO: dtree.c(1315): Comp split 41
INFO: dtree.c(1315): Comp split 42
INFO: dtree.c(1315): Comp split 43
INFO: dtree.c(1439): stop. leaf nodes are specific
INFO: dtree.c(1478): Final simple tree
|( QUESTION0_14_R 1 2.000e+02 4.245e+01 1.800e+01
|    ( - 3.728e+01 1 0)
|    ( - 1.203e+02 1 0))
s>    ( QUESTION0_14_R 1 2.000e+02 4.245e+01 1.800e+01
s>        ( - 3.728e+01 1 0)
s>        ( - 1.203e+02 1 0))INFO: dtree.c(1315): Comp split 44
INFO: dtree.c(1315): Comp split 45
INFO: dtree.c(1315): Comp split 46
INFO: dtree.c(1439): stop. leaf nodes are specific
INFO: dtree.c(1478): Final simple tree
|( QUESTION0_10_R 1 1.601e+02 3.729e+01 2.200e+01
|    ( - 4.287e+01 1 0)
|    ( - 7.990e+01 1 0))
s>    ( QUESTION0_10_R 1 1.601e+02 3.729e+01 2.200e+01
s>        ( - 4.287e+01 1 0)
s>        ( - 7.990e+01 1 0))INFO: dtree.c(1439): stop. leaf nodes are specific
INFO: dtree.c(1478): Final simple tree
|( QUESTION0_14_R 1 2.333e+02 2.598e+01 2.377e+01
|    ( - 3.836e+01 1 0)
|    ( - 1.690e+02 1 0))
s>    ( QUESTION0_14_R 1 2.333e+02 2.598e+01 2.377e+01
s>        ( - 3.836e+01 1 0)
s>        ( - 1.690e+02 1 0))INFO: dtree.c(1315): Comp split 47
INFO: dtree.c(1439): stop. leaf nodes are specific
INFO: dtree.c(1478): Final simple tree
|( QUESTION0_10_R 1 8.231e+01 2.483e+01 9.000e+00
|    ( - 5.098e+01 1 0)
|    ( - 6.501e+00 1 0))
s>    ( QUESTION0_10_R 1 8.231e+01 2.483e+01 9.000e+00
s>        ( - 5.098e+01 1 0)
s>        ( - 6.501e+00 1 0))INFO: dtree.c(1315): Comp split 48
INFO: dtree.c(1439): stop. leaf nodes are specific
INFO: dtree.c(1478): Final simple tree
|( QUESTION0_0_R 1 9.727e+01 2.696e+01 8.951e+00
|    ( - 3.010e+01 1 0)
|    ( QUESTION0_8_R 1 4.020e+01 1.695e+01 4.951e+00
|        ( - 4.279e+00 1 0)
|        ( - 1.897e+01 1 0)))
s>    ( QUESTION0_0_R 1 9.727e+01 2.696e+01 8.951e+00
s>        ( - 3.010e+01 1 0)
s>        ( QUESTION0_8_R 1 4.020e+01 1.695e+01 4.951e+00
s>            ( - 4.279e+00 1 0)
s>            ( - 1.897e+01 1 0)))INFO: dtree.c(1315): Comp split 49
INFO: dtree.c(1439): stop. leaf nodes are specific
INFO: dtree.c(1478): Final simple tree
|( QUESTION0_11_R 1 8.150e+01 3.201e+01 1.204e+01
|    ( - 1.566e+01 1 0)
|    ( - 3.383e+01 1 0))
s>    ( QUESTION0_11_R 1 8.150e+01 3.201e+01 1.204e+01
s>        ( - 1.566e+01 1 0)
s>        ( - 3.383e+01 1 0))INFO: dtree.c(1315): Comp split 50
INFO: dtree.c(1439): stop. leaf nodes are specific
INFO: dtree.c(1478): Final simple tree
|( QUESTION0_8_R 1 8.143e+01 1.555e+01 7.000e+00
|    ( - 3.636e-01 1 0)
|    ( - 6.553e+01 1 0))
s>    ( QUESTION0_8_R 1 8.143e+01 1.555e+01 7.000e+00
s>        ( - 3.636e-01 1 0)
s>        ( - 6.553e+01 1 0))INFO: dtree.c(1315): Comp split 51
INFO: dtree.c(1315): Comp split 52
INFO: dtree.c(1439): stop. leaf nodes are specific
INFO: dtree.c(1478): Final simple tree
|( QUESTION0 1 1.711e+01 9.110e+00 3.000e+00
|    ( - 8.000e+00 2 0)
|    ( - 0.000e+00 1 0))
s>    ( QUESTION0 1 1.711e+01 9.110e+00 3.000e+00
s>        ( - 8.000e+00 2 0)
s>        ( - 0.000e+00 1 0))INFO: dtree.c(1315): Comp split 53
INFO: dtree.c(1315): Comp split 54
INFO: dtree.c(1315): Comp split 55
INFO: dtree.c(1315): Comp split 56
INFO: dtree.c(1315): Comp split 57
INFO: dtree.c(1439): stop. leaf nodes are specific
INFO: dtree.c(1478): Final simple tree
|( QUESTION0_1_R 1 6.999e+01 2.629e+01 8.000e+00
|    ( - 2.070e+01 1 0)
|    ( - 2.300e+01 1 0))
s>    ( QUESTION0_1_R 1 6.999e+01 2.629e+01 8.000e+00
s>        ( - 2.070e+01 1 0)
s>        ( - 2.300e+01 1 0))INFO: dtree.c(1315): Comp split 58
INFO: dtree.c(1315): Comp split 59
INFO: dtree.c(1315): Comp split 60
INFO: dtree.c(1439): stop. leaf nodes are specific
INFO: dtree.c(1478): Final simple tree
|( QUESTION0_10_R 1 7.317e+01 1.975e+01 4.000e+00
|    ( - 1.374e+01 1 0)
|    ( - 3.967e+01 1 0))
s>    ( QUESTION0_10_R 1 7.317e+01 1.975e+01 4.000e+00
s>        ( - 1.374e+01 1 0)
s>        ( - 3.967e+01 1 0))INFO: dtree.c(1315): Comp split 61
INFO: dtree.c(1315): Comp split 62
INFO: dtree.c(1315): Comp split 63
INFO: dtree.c(1439): stop. leaf nodes are specific
INFO: dtree.c(1478): Final simple tree
|( WDBNDRY_B 0 4.800e+01 2.053e+01 5.000e+00
|    ( QUESTION4 -1 1.013e+01 8.656e+00 2.000e+00
|        ( - 3.636e-01 1 0)
|        ( - 1.113e+00 1 0))
|    ( WDBNDRY_E 0 1.734e+01 9.018e+00 3.000e+00
|        ( - 0.000e+00 1 0)
|        ( - 8.319e+00 1 0)))
s>    ( WDBNDRY_B 0 4.800e+01 2.053e+01 5.000e+00
s>        ( QUESTION4 -1 1.013e+01 8.656e+00 2.000e+00
s>            ( - 3.636e-01 1 0)
s>            ( - 1.113e+00 1 0))
s>        ( WDBNDRY_E 0 1.734e+01 9.018e+00 3.000e+00
s>            ( - 0.000e+00 1 0)
s>            ( - 8.319e+00 1 0)))INFO: dtree.c(1315): Comp split 64
INFO: dtree.c(1315): Comp split 65
INFO: dtree.c(1315): Comp split 66
INFO: dtree.c(1315): Comp split 67
INFO: dtree.c(1439): stop. leaf nodes are specific
INFO: dtree.c(1478): Final simple tree
|( QUESTION0_0_R 1 6.182e+00 6.182e+00 2.000e+00
|    ( - 0.000e+00 1 0)
|    ( - 0.000e+00 1 0))
s>    ( QUESTION0_0_R 1 6.182e+00 6.182e+00 2.000e+00
s>        ( - 0.000e+00 1 0)
s>        ( - 0.000e+00 1 0))INFO: dtree.c(1315): Comp split 68
INFO: dtree.c(1315): Comp split 69
INFO: dtree.c(1439): stop. leaf nodes are specific
INFO: dtree.c(1478): Final simple tree
|( QUESTION0_8_R 1 4.020e+01 1.695e+01 4.951e+00
|    ( - 4.279e+00 1 0)
|    ( - 1.897e+01 1 0))
s>    ( QUESTION0_8_R 1 4.020e+01 1.695e+01 4.951e+00
s>        ( - 4.279e+00 1 0)
s>        ( - 1.897e+01 1 0))INFO: dtree.c(1315): Comp split 70
INFO: dtree.c(1315): Comp split 71
INFO: dtree.c(1315): Comp split 72
INFO: dtree.c(1315): Comp split 73
INFO: dtree.c(1439): stop. leaf nodes are specific
INFO: dtree.c(1478): Final simple tree
|( WDBNDRY_E 0 1.734e+01 9.018e+00 3.000e+00
|    ( - 0.000e+00 1 0)
|    ( - 8.319e+00 1 0))
s>    ( WDBNDRY_E 0 1.734e+01 9.018e+00 3.000e+00
s>        ( - 0.000e+00 1 0)
s>        ( - 8.319e+00 1 0))INFO: dtree.c(1439): stop. leaf nodes are specific
INFO: dtree.c(1478): Final simple tree
|( QUESTION4 -1 1.013e+01 8.656e+00 2.000e+00
|    ( - 3.636e-01 1 0)
|    ( - 1.113e+00 1 0))
s>    ( QUESTION4 -1 1.013e+01 8.656e+00 2.000e+00
s>        ( - 3.636e-01 1 0)
s>        ( - 1.113e+00 1 0))INFO: dtree.c(1315): Comp split 74
INFO: dtree.c(1315): Comp split 75
INFO: dtree.c(1315): Comp split 76
INFO: dtree.c(1315): Comp split 77
INFO: dtree.c(1315): Comp split 78
INFO: dtree.c(1315): Comp split 79
INFO: dtree.c(1315): Comp split 80
INFO: dtree.c(1315): Comp split 81
INFO: dtree.c(1318): stop. leaf nodes are specific
Sun Mar 12 05:24:14 2017
