Current configuration:
[NAME]		[DEFLT]	[VALUE]
-allphones	no	no
-cntthresh	0.00001	1.000000e-05
-csplitmax	100	2000
-csplitmin	1	1
-csplitthr	8e-4	0.000000e+00
-example	no	no
-fullvar	no	no
-help		no	no
-meanfn			
-mixwfn			/home/gaurav/python-scripts/py/scripts/sphinx-source2/an4/model_parameters/an4.cd_ptm_untied/mixture_weights
-moddeffn		/home/gaurav/python-scripts/py/scripts/sphinx-source2/an4/model_architecture/an4.untied.mdef
-mwfloor	1e-4	1.000000e-08
-phone			S
-psetfn			/home/gaurav/python-scripts/py/scripts/sphinx-source2/an4/model_architecture/an4.tree_questions
-ssplitmax	5	7
-ssplitmin	1	1
-ssplitthr	8e-4	0.000000e+00
-state			2
-stwt			1.0,0.05,0.0,
-treefn			/home/gaurav/python-scripts/py/scripts/sphinx-source2/an4/trees/an4.unpruned/S-2.dtree
-ts2cbfn	.semi.	.semi.
-varfloor	0.00001	1.000000e-05
-varfn			

INFO: main.c(223): Reading: /home/gaurav/python-scripts/py/scripts/sphinx-source2/an4/model_architecture/an4.untied.mdef
INFO: model_def_io.c(573): Model definition info:
INFO: model_def_io.c(574): 1618 total models defined (34 base, 1584 tri)
INFO: model_def_io.c(575): 6472 total states
INFO: model_def_io.c(576): 4854 total tied states
INFO: model_def_io.c(577): 102 total tied CI states
INFO: model_def_io.c(578): 34 total tied transition matrices
INFO: model_def_io.c(579): 4 max state/model
INFO: model_def_io.c(580): 4 min state/model
INFO: main.c(242): Building trees for [S AA T i] through [S V IH b]
INFO: main.c(269): Covering states |[3759 4079]| == 321
INFO: main.c(275): Reading: /home/gaurav/python-scripts/py/scripts/sphinx-source2/an4/model_parameters/an4.cd_ptm_untied/mixture_weights
INFO: s3mixw_io.c(173): Read /home/gaurav/python-scripts/py/scripts/sphinx-source2/an4/model_parameters/an4.cd_ptm_untied/mixture_weights [321x4x64 array]
INFO: main.c(311): 107 of 107 models have observation count greater than 0.000010
INFO: main.c(95): nrm stwt: 0.000 0.048 0.952 
INFO: main.c(411): 107-class entropy: 6.803050e+04
INFO: main.c(549): Reading: /home/gaurav/python-scripts/py/scripts/sphinx-source2/an4/model_architecture/an4.tree_questions
INFO: main.c(588): 180 total simple questions (172 phone; 8 word bndry)
INFO: main.c(590): 42 Left Only questions, and 42 Right Only questions
INFO: dtree.c(1478): Final simple tree
|( WDBNDRY_B 0 9.092e+04 4.575e+03 4.131e+03
|    ( QUESTION16 1 2.824e+04 1.250e+03 1.385e+03
|        ( - 1.826e+04 32 0 QUESTION0_8_R 1 4.007e+02 9.524e+02)
|        ( QUESTION0_0_R 1 8.726e+03 7.660e+02 4.328e+02
|            ( - 6.385e+03 13 0 QUESTION2 -1 2.647e+02 3.355e+02)
|            ( - 1.574e+03 1 0)))
|    ( SILENCE 1 5.811e+04 1.288e+03 2.746e+03
|        ( - 1.637e+04 2 0 QUESTION6 -1 3.241e+02 8.473e+02)
|        ( QUESTION6 1 4.045e+04 7.318e+02 1.899e+03
|            ( WDBNDRY_E 0 1.837e+04 5.638e+02 8.938e+02
|                ( - 1.574e+04 22 0 QUESTION0_11_R 1 4.348e+02 7.715e+02)
|                ( - 2.059e+03 5 0 QUESTION6 -1 1.390e+02 1.223e+02))
|            ( QUESTION1 1 2.135e+04 5.106e+02 1.005e+03
|                ( - 5.332e+03 6 0 QUESTION6 -1 3.365e+02 2.641e+02)
|                ( - 1.551e+04 26 0 QUESTION6 -1 4.371e+02 7.408e+02)))))
s>    ( WDBNDRY_B 0 9.092e+04 4.575e+03 4.131e+03
s>        ( QUESTION16 1 2.824e+04 1.250e+03 1.385e+03
s>            ( - 1.826e+04 32 0 QUESTION0_8_R 1 4.007e+02 9.524e+02)
s>            ( QUESTION0_0_R 1 8.726e+03 7.660e+02 4.328e+02
s>                ( - 6.385e+03 13 0 QUESTION2 -1 2.647e+02 3.355e+02)
s>                ( - 1.574e+03 1 0)))
s>        ( SILENCE 1 5.811e+04 1.288e+03 2.746e+03
s>            ( - 1.637e+04 2 0 QUESTION6 -1 3.241e+02 8.473e+02)
s>            ( QUESTION6 1 4.045e+04 7.318e+02 1.899e+03
s>                ( WDBNDRY_E 0 1.837e+04 5.638e+02 8.938e+02
s>                    ( - 1.574e+04 22 0 QUESTION0_11_R 1 4.348e+02 7.715e+02)
s>                    ( - 2.059e+03 5 0 QUESTION6 -1 1.390e+02 1.223e+02))
s>                ( QUESTION1 1 2.135e+04 5.106e+02 1.005e+03
s>                    ( - 5.332e+03 6 0 QUESTION6 -1 3.365e+02 2.641e+02)
s>                    ( - 1.551e+04 26 0 QUESTION6 -1 4.371e+02 7.408e+02)))))INFO: dtree.c(1315): Comp split 0
INFO: dtree.c(1478): Final simple tree
|( SILENCE 1 6.024e+04 1.340e+03 2.843e+03
|    ( - 1.637e+04 2 0 QUESTION6 -1 3.241e+02 8.473e+02)
|    ( WDBNDRY_E 0 4.253e+04 7.950e+02 1.996e+03
|        ( QUESTION0 1 3.771e+04 7.112e+02 1.772e+03
|            ( QUESTION16 -1 1.019e+04 4.042e+02 4.849e+02
|                ( - 3.440e+03 6 0 QUESTION1 1 2.719e+02 1.752e+02)
|                ( - 6.342e+03 12 0 QUESTION0 -1 3.378e+02 3.097e+02))
|            ( QUESTION0_11_R 1 2.682e+04 5.017e+02 1.287e+03
|                ( - 3.091e+03 6 0 QUESTION16 -1 2.172e+02 1.649e+02)
|                ( QUESTION17 1 2.322e+04 4.426e+02 1.123e+03
|                    ( - 3.303e+03 3 0 QUESTION0 -1 2.480e+02 1.753e+02)
|                    ( QUESTION6 -1 1.948e+04 4.140e+02 9.473e+02
|                        ( - 7.792e+03 11 0 QUESTION0_8_R 1 2.743e+02 3.909e+02)
|                        ( - 1.127e+04 15 0 QUESTION7 1 2.909e+02 5.564e+02)))))
|        ( - 4.023e+03 7 0 QUESTION6 -1 2.986e+02 2.235e+02)))
s>    ( SILENCE 1 6.024e+04 1.340e+03 2.843e+03
s>        ( - 1.637e+04 2 0 QUESTION6 -1 3.241e+02 8.473e+02)
s>        ( WDBNDRY_E 0 4.253e+04 7.950e+02 1.996e+03
s>            ( QUESTION0 1 3.771e+04 7.112e+02 1.772e+03
s>                ( QUESTION16 -1 1.019e+04 4.042e+02 4.849e+02
s>                    ( - 3.440e+03 6 0 QUESTION1 1 2.719e+02 1.752e+02)
s>                    ( - 6.342e+03 12 0 QUESTION0 -1 3.378e+02 3.097e+02))
s>                ( QUESTION0_11_R 1 2.682e+04 5.017e+02 1.287e+03
s>                    ( - 3.091e+03 6 0 QUESTION16 -1 2.172e+02 1.649e+02)
s>                    ( QUESTION17 1 2.322e+04 4.426e+02 1.123e+03
s>                        ( - 3.303e+03 3 0 QUESTION0 -1 2.480e+02 1.753e+02)
s>                        ( QUESTION6 -1 1.948e+04 4.140e+02 9.473e+02
s>                            ( - 7.792e+03 11 0 QUESTION0_8_R 1 2.743e+02 3.909e+02)
s>                            ( - 1.127e+04 15 0 QUESTION7 1 2.909e+02 5.564e+02)))))
s>            ( - 4.023e+03 7 0 QUESTION6 -1 2.986e+02 2.235e+02)))INFO: dtree.c(1478): Final simple tree
|( QUESTION0_0_R 1 2.576e+04 1.114e+03 1.288e+03
|    ( QUESTION2 -1 6.385e+03 2.647e+02 3.355e+02
|        ( - 2.207e+03 5 0 QUESTION2_13_L -1 1.406e+02 1.260e+02)
|        ( QUESTION2_4_L -1 3.913e+03 2.272e+02 2.095e+02
|            ( - 6.140e+02 3 0 QUESTION4 -1 1.032e+02 3.760e+01)
|            ( - 3.072e+03 5 0 SILENCE -1 1.712e+02 1.719e+02)))
|    ( QUESTION0_8_R 1 1.826e+04 4.007e+02 9.524e+02
|        ( QUESTION16 -1 9.234e+03 2.136e+02 4.842e+02
|            ( - 1.320e+03 3 0 QUESTION17 -1 1.017e+02 7.970e+01)
|            ( QUESTION2 -1 7.701e+03 2.002e+02 4.045e+02
|                ( - 1.719e+03 4 0 QUESTION2_0_L -1 5.491e+01 9.457e+01)
|                ( - 5.781e+03 10 0 QUESTION3 -1 1.837e+02 3.099e+02)))
|        ( SILENCE -1 8.630e+03 2.119e+02 4.682e+02
|            ( - 7.491e+02 1 0)
|            ( - 7.669e+03 14 0 QUESTION5 -1 1.818e+02 4.227e+02))))
s>    ( QUESTION0_0_R 1 2.576e+04 1.114e+03 1.288e+03
s>        ( QUESTION2 -1 6.385e+03 2.647e+02 3.355e+02
s>            ( - 2.207e+03 5 0 QUESTION2_13_L -1 1.406e+02 1.260e+02)
s>            ( QUESTION2_4_L -1 3.913e+03 2.272e+02 2.095e+02
s>                ( - 6.140e+02 3 0 QUESTION4 -1 1.032e+02 3.760e+01)
s>                ( - 3.072e+03 5 0 SILENCE -1 1.712e+02 1.719e+02)))
s>        ( QUESTION0_8_R 1 1.826e+04 4.007e+02 9.524e+02
s>            ( QUESTION16 -1 9.234e+03 2.136e+02 4.842e+02
s>                ( - 1.320e+03 3 0 QUESTION17 -1 1.017e+02 7.970e+01)
s>                ( QUESTION2 -1 7.701e+03 2.002e+02 4.045e+02
s>                    ( - 1.719e+03 4 0 QUESTION2_0_L -1 5.491e+01 9.457e+01)
s>                    ( - 5.781e+03 10 0 QUESTION3 -1 1.837e+02 3.099e+02)))
s>            ( SILENCE -1 8.630e+03 2.119e+02 4.682e+02
s>                ( - 7.491e+02 1 0)
s>                ( - 7.669e+03 14 0 QUESTION5 -1 1.818e+02 4.227e+02))))INFO: dtree.c(1315): Comp split 1
INFO: dtree.c(1478): Final simple tree
|( SILENCE 1 1.993e+04 4.728e+02 1.012e+03
|    ( QUESTION6 -1 1.637e+04 3.241e+02 8.473e+02
|        ( - 9.120e+03 1 0)
|        ( - 6.924e+03 1 0))
|    ( QUESTION16 -1 3.091e+03 2.172e+02 1.649e+02
|        ( QUESTION0_12_R 1 1.099e+03 6.446e+01 6.396e+01
|            ( - 1.515e+01 1 0)
|            ( - 1.019e+03 1 0))
|        ( QUESTION0_12_R 1 1.775e+03 1.534e+02 1.009e+02
|            ( QUESTION0 -1 7.979e+02 7.174e+01 4.800e+01
|                ( - 6.668e+02 1 0)
|                ( - 5.939e+01 1 0))
|            ( QUESTION0 -1 8.237e+02 1.105e+02 5.295e+01
|                ( - 5.131e+02 1 0)
|                ( - 2.001e+02 1 0)))))
s>    ( SILENCE 1 1.993e+04 4.728e+02 1.012e+03
s>        ( QUESTION6 -1 1.637e+04 3.241e+02 8.473e+02
s>            ( - 9.120e+03 1 0)
s>            ( - 6.924e+03 1 0))
s>        ( QUESTION16 -1 3.091e+03 2.172e+02 1.649e+02
s>            ( QUESTION0_12_R 1 1.099e+03 6.446e+01 6.396e+01
s>                ( - 1.515e+01 1 0)
s>                ( - 1.019e+03 1 0))
s>            ( QUESTION0_12_R 1 1.775e+03 1.534e+02 1.009e+02
s>                ( QUESTION0 -1 7.979e+02 7.174e+01 4.800e+01
s>                    ( - 6.668e+02 1 0)
s>                    ( - 5.939e+01 1 0))
s>                ( QUESTION0 -1 8.237e+02 1.105e+02 5.295e+01
s>                    ( - 5.131e+02 1 0)
s>                    ( - 2.001e+02 1 0)))))INFO: dtree.c(1478): Final simple tree
|( QUESTION0_10_R 1 3.885e+04 7.729e+02 1.831e+03
|    ( WDBNDRY_E 0 7.066e+03 3.691e+02 3.672e+02
|        ( - 2.812e+03 3 0 QUESTION16 -1 1.885e+02 1.487e+02)
|        ( - 3.885e+03 5 0 QUESTION6 -1 2.892e+02 2.185e+02))
|    ( QUESTION1 1 3.101e+04 6.127e+02 1.464e+03
|        ( QUESTION6 -1 5.332e+03 3.365e+02 2.641e+02
|            ( - 3.032e+03 2 0 QUESTION0_0_R 1 9.053e+01 1.591e+02)
|            ( - 1.963e+03 4 0 QUESTION0_0_R 1 1.964e+02 1.050e+02))
|        ( QUESTION0_15_R 1 2.507e+04 4.709e+02 1.200e+03
|            ( QUESTION16 -1 1.134e+04 3.982e+02 5.647e+02
|                ( - 6.305e+03 5 0 QUESTION0_18_R 1 2.548e+02 3.249e+02)
|                ( - 4.639e+03 10 0 QUESTION6 1 2.710e+02 2.398e+02))
|            ( QUESTION0 -1 1.326e+04 4.000e+02 6.350e+02
|                ( - 3.922e+03 8 0 QUESTION0_0_R 1 2.383e+02 1.961e+02)
|                ( - 8.935e+03 17 0 QUESTION4 1 3.323e+02 4.389e+02)))))
s>    ( QUESTION0_10_R 1 3.885e+04 7.729e+02 1.831e+03
s>        ( WDBNDRY_E 0 7.066e+03 3.691e+02 3.672e+02
s>            ( - 2.812e+03 3 0 QUESTION16 -1 1.885e+02 1.487e+02)
s>            ( - 3.885e+03 5 0 QUESTION6 -1 2.892e+02 2.185e+02))
s>        ( QUESTION1 1 3.101e+04 6.127e+02 1.464e+03
s>            ( QUESTION6 -1 5.332e+03 3.365e+02 2.641e+02
s>                ( - 3.032e+03 2 0 QUESTION0_0_R 1 9.053e+01 1.591e+02)
s>                ( - 1.963e+03 4 0 QUESTION0_0_R 1 1.964e+02 1.050e+02))
s>            ( QUESTION0_15_R 1 2.507e+04 4.709e+02 1.200e+03
s>                ( QUESTION16 -1 1.134e+04 3.982e+02 5.647e+02
s>                    ( - 6.305e+03 5 0 QUESTION0_18_R 1 2.548e+02 3.249e+02)
s>                    ( - 4.639e+03 10 0 QUESTION6 1 2.710e+02 2.398e+02))
s>                ( QUESTION0 -1 1.326e+04 4.000e+02 6.350e+02
s>                    ( - 3.922e+03 8 0 QUESTION0_0_R 1 2.383e+02 1.961e+02)
s>                    ( - 8.935e+03 17 0 QUESTION4 1 3.323e+02 4.389e+02)))))INFO: dtree.c(1315): Comp split 2
INFO: dtree.c(1478): Final simple tree
|( QUESTION0_8_R 1 1.826e+04 4.007e+02 9.524e+02
|    ( QUESTION16 -1 9.234e+03 2.136e+02 4.842e+02
|        ( - 1.320e+03 3 0 QUESTION17 -1 1.017e+02 7.970e+01)
|        ( QUESTION2 -1 7.701e+03 2.002e+02 4.045e+02
|            ( - 1.719e+03 4 0 QUESTION2_0_L -1 5.491e+01 9.457e+01)
|            ( QUESTION3 -1 5.781e+03 1.837e+02 3.099e+02
|                ( - 2.936e+03 7 0 QUESTION2_5_L -1 1.127e+02 1.643e+02)
|                ( - 2.662e+03 3 0 SILENCE -1 1.505e+02 1.456e+02))))
|    ( SILENCE -1 8.630e+03 2.119e+02 4.682e+02
|        ( - 7.491e+02 1 0)
|        ( QUESTION5 -1 7.669e+03 1.818e+02 4.227e+02
|            ( - 1.744e+03 6 0 QUESTION2_2_L -1 1.355e+02 1.033e+02)
|            ( QUESTION2_4_L -1 5.743e+03 1.768e+02 3.194e+02
|                ( - 1.667e+03 1 0)
|                ( - 3.900e+03 7 0 QUESTION2 -1 1.623e+02 2.186e+02)))))
s>    ( QUESTION0_8_R 1 1.826e+04 4.007e+02 9.524e+02
s>        ( QUESTION16 -1 9.234e+03 2.136e+02 4.842e+02
s>            ( - 1.320e+03 3 0 QUESTION17 -1 1.017e+02 7.970e+01)
s>            ( QUESTION2 -1 7.701e+03 2.002e+02 4.045e+02
s>                ( - 1.719e+03 4 0 QUESTION2_0_L -1 5.491e+01 9.457e+01)
s>                ( QUESTION3 -1 5.781e+03 1.837e+02 3.099e+02
s>                    ( - 2.936e+03 7 0 QUESTION2_5_L -1 1.127e+02 1.643e+02)
s>                    ( - 2.662e+03 3 0 SILENCE -1 1.505e+02 1.456e+02))))
s>        ( SILENCE -1 8.630e+03 2.119e+02 4.682e+02
s>            ( - 7.491e+02 1 0)
s>            ( QUESTION5 -1 7.669e+03 1.818e+02 4.227e+02
s>                ( - 1.744e+03 6 0 QUESTION2_2_L -1 1.355e+02 1.033e+02)
s>                ( QUESTION2_4_L -1 5.743e+03 1.768e+02 3.194e+02
s>                    ( - 1.667e+03 1 0)
s>                    ( - 3.900e+03 7 0 QUESTION2 -1 1.623e+02 2.186e+02)))))INFO: dtree.c(1478): Final simple tree
|( QUESTION2 -1 6.385e+03 2.647e+02 3.355e+02
|    ( QUESTION2_13_L -1 2.207e+03 1.406e+02 1.260e+02
|        ( - 8.507e+02 1 0)
|        ( QUESTION2_0_L -1 1.216e+03 9.627e+01 7.235e+01
|            ( - 2.042e+02 3 0)
|            ( - 9.154e+02 1 0)))
|    ( QUESTION2_4_L -1 3.913e+03 2.272e+02 2.095e+02
|        ( QUESTION4 -1 6.140e+02 1.032e+02 3.760e+01
|            ( - 3.838e+02 1 0)
|            ( - 1.270e+02 2 0 QUESTION2_9_L -1 2.800e+01 1.199e+01))
|        ( SILENCE -1 3.072e+03 1.712e+02 1.719e+02
|            ( - 1.637e+03 1 0)
|            ( QUESTION0 -1 1.264e+03 1.075e+02 7.697e+01
|                ( - 6.804e+02 2 0)
|                ( - 4.757e+02 2 0 QUESTION4 -1 5.767e+01 3.396e+01)))))
s>    ( QUESTION2 -1 6.385e+03 2.647e+02 3.355e+02
s>        ( QUESTION2_13_L -1 2.207e+03 1.406e+02 1.260e+02
s>            ( - 8.507e+02 1 0)
s>            ( QUESTION2_0_L -1 1.216e+03 9.627e+01 7.235e+01
s>                ( - 2.042e+02 3 0)
s>                ( - 9.154e+02 1 0)))
s>        ( QUESTION2_4_L -1 3.913e+03 2.272e+02 2.095e+02
s>            ( QUESTION4 -1 6.140e+02 1.032e+02 3.760e+01
s>                ( - 3.838e+02 1 0)
s>                ( - 1.270e+02 2 0 QUESTION2_9_L -1 2.800e+01 1.199e+01))
s>            ( SILENCE -1 3.072e+03 1.712e+02 1.719e+02
s>                ( - 1.637e+03 1 0)
s>                ( QUESTION0 -1 1.264e+03 1.075e+02 7.697e+01
s>                    ( - 6.804e+02 2 0)
s>                    ( - 4.757e+02 2 0 QUESTION4 -1 5.767e+01 3.396e+01)))))INFO: dtree.c(1315): Comp split 3
INFO: dtree.c(1478): Final simple tree
|( WDBNDRY_E 0 1.211e+04 4.677e+02 6.071e+02
|    ( QUESTION0_10_R 1 7.726e+03 2.984e+02 3.875e+02
|        ( QUESTION16 -1 2.812e+03 1.885e+02 1.487e+02
|            ( - 1.661e+03 1 0)
|            ( - 9.618e+02 2 0 QUESTION0 -1 7.035e+01 5.703e+01))
|        ( QUESTION6 1 4.615e+03 2.678e+02 2.388e+02
|            ( QUESTION0_16_R 1 1.930e+03 2.020e+02 1.030e+02
|                ( - 8.226e+02 6 0 QUESTION7 1 1.291e+02 4.797e+01)
|                ( - 9.058e+02 1 0))
|            ( QUESTION0_16_R 1 2.417e+03 1.694e+02 1.358e+02
|                ( - 1.716e+03 1 0)
|                ( - 5.322e+02 1 0))))
|    ( QUESTION6 -1 3.915e+03 2.912e+02 2.195e+02
|        ( - 1.710e+03 2 0 QUESTION0_10_R 1 2.786e+01 1.063e+02)
|        ( - 1.914e+03 4 0 WDBNDRY_B 0 1.293e+02 1.132e+02)))
s>    ( WDBNDRY_E 0 1.211e+04 4.677e+02 6.071e+02
s>        ( QUESTION0_10_R 1 7.726e+03 2.984e+02 3.875e+02
s>            ( QUESTION16 -1 2.812e+03 1.885e+02 1.487e+02
s>                ( - 1.661e+03 1 0)
s>                ( - 9.618e+02 2 0 QUESTION0 -1 7.035e+01 5.703e+01))
s>            ( QUESTION6 1 4.615e+03 2.678e+02 2.388e+02
s>                ( QUESTION0_16_R 1 1.930e+03 2.020e+02 1.030e+02
s>                    ( - 8.226e+02 6 0 QUESTION7 1 1.291e+02 4.797e+01)
s>                    ( - 9.058e+02 1 0))
s>                ( QUESTION0_16_R 1 2.417e+03 1.694e+02 1.358e+02
s>                    ( - 1.716e+03 1 0)
s>                    ( - 5.322e+02 1 0))))
s>        ( QUESTION6 -1 3.915e+03 2.912e+02 2.195e+02
s>            ( - 1.710e+03 2 0 QUESTION0_10_R 1 2.786e+01 1.063e+02)
s>            ( - 1.914e+03 4 0 WDBNDRY_B 0 1.293e+02 1.132e+02)))INFO: dtree.c(1478): Final simple tree
|( QUESTION1 1 2.588e+04 5.834e+02 1.224e+03
|    ( QUESTION6 -1 5.332e+03 3.365e+02 2.641e+02
|        ( - 3.032e+03 2 0 QUESTION0_0_R 1 9.053e+01 1.591e+02)
|        ( - 1.963e+03 4 0 QUESTION0_0_R 1 1.964e+02 1.050e+02))
|    ( QUESTION6 1 1.997e+04 4.274e+02 9.599e+02
|        ( QUESTION7 1 6.859e+03 2.463e+02 3.549e+02
|            ( - 5.548e+03 2 0 QUESTION0_18_R 1 1.700e+02 2.899e+02)
|            ( - 1.065e+03 4 0 QUESTION0_14_R 1 1.226e+02 6.500e+01))
|        ( QUESTION0 -1 1.268e+04 3.961e+02 6.050e+02
|            ( - 3.922e+03 8 0 QUESTION0_0_R 1 2.383e+02 1.961e+02)
|            ( QUESTION4 1 8.360e+03 3.371e+02 4.089e+02
|                ( - 2.408e+03 3 0 QUESTION0_0_R 1 1.837e+02 1.231e+02)
|                ( QUESTION0 1 5.616e+03 2.843e+02 2.858e+02
|                    ( - 2.270e+03 7 0 QUESTION0_0_R 1 1.547e+02 1.222e+02)
|                    ( - 3.061e+03 6 0 QUESTION0_14_R 1 2.213e+02 1.636e+02))))))
s>    ( QUESTION1 1 2.588e+04 5.834e+02 1.224e+03
s>        ( QUESTION6 -1 5.332e+03 3.365e+02 2.641e+02
s>            ( - 3.032e+03 2 0 QUESTION0_0_R 1 9.053e+01 1.591e+02)
s>            ( - 1.963e+03 4 0 QUESTION0_0_R 1 1.964e+02 1.050e+02))
s>        ( QUESTION6 1 1.997e+04 4.274e+02 9.599e+02
s>            ( QUESTION7 1 6.859e+03 2.463e+02 3.549e+02
s>                ( - 5.548e+03 2 0 QUESTION0_18_R 1 1.700e+02 2.899e+02)
s>                ( - 1.065e+03 4 0 QUESTION0_14_R 1 1.226e+02 6.500e+01))
s>            ( QUESTION0 -1 1.268e+04 3.961e+02 6.050e+02
s>                ( - 3.922e+03 8 0 QUESTION0_0_R 1 2.383e+02 1.961e+02)
s>                ( QUESTION4 1 8.360e+03 3.371e+02 4.089e+02
s>                    ( - 2.408e+03 3 0 QUESTION0_0_R 1 1.837e+02 1.231e+02)
s>                    ( QUESTION0 1 5.616e+03 2.843e+02 2.858e+02
s>                        ( - 2.270e+03 7 0 QUESTION0_0_R 1 1.547e+02 1.222e+02)
s>                        ( - 3.061e+03 6 0 QUESTION0_14_R 1 2.213e+02 1.636e+02))))))INFO: dtree.c(1315): Comp split 4
INFO: dtree.c(1478): Final simple tree
|( QUESTION1 1 1.135e+04 4.028e+02 5.499e+02
|    ( QUESTION6 -1 5.332e+03 3.365e+02 2.641e+02
|        ( - 3.032e+03 2 0 QUESTION0_0_R 1 9.053e+01 1.591e+02)
|        ( QUESTION0_0_R 1 1.963e+03 1.964e+02 1.050e+02
|            ( - 9.544e+02 2 0 QUESTION0 -1 1.083e+02 5.798e+01)
|            ( - 8.127e+02 2 0)))
|    ( QUESTION0 1 5.616e+03 2.843e+02 2.858e+02
|        ( QUESTION0_0_R 1 2.270e+03 1.547e+02 1.222e+02
|            ( - 1.676e+03 4 0 QUESTION6 -1 1.111e+02 9.320e+01)
|            ( - 4.396e+02 3 0 QUESTION6 -1 9.285e+01 2.900e+01))
|        ( QUESTION0_14_R 1 3.061e+03 2.213e+02 1.636e+02
|            ( QUESTION2_0_L -1 2.123e+03 1.778e+02 1.216e+02
|                ( - 6.001e+02 2 0 WDBNDRY_E 0 5.884e+01 4.100e+01)
|                ( - 1.346e+03 1 0))
|            ( - 7.165e+02 3 0 QUESTION0_0_R 1 9.603e+01 4.200e+01))))
s>    ( QUESTION1 1 1.135e+04 4.028e+02 5.499e+02
s>        ( QUESTION6 -1 5.332e+03 3.365e+02 2.641e+02
s>            ( - 3.032e+03 2 0 QUESTION0_0_R 1 9.053e+01 1.591e+02)
s>            ( QUESTION0_0_R 1 1.963e+03 1.964e+02 1.050e+02
s>                ( - 9.544e+02 2 0 QUESTION0 -1 1.083e+02 5.798e+01)
s>                ( - 8.127e+02 2 0)))
s>        ( QUESTION0 1 5.616e+03 2.843e+02 2.858e+02
s>            ( QUESTION0_0_R 1 2.270e+03 1.547e+02 1.222e+02
s>                ( - 1.676e+03 4 0 QUESTION6 -1 1.111e+02 9.320e+01)
s>                ( - 4.396e+02 3 0 QUESTION6 -1 9.285e+01 2.900e+01))
s>            ( QUESTION0_14_R 1 3.061e+03 2.213e+02 1.636e+02
s>                ( QUESTION2_0_L -1 2.123e+03 1.778e+02 1.216e+02
s>                    ( - 6.001e+02 2 0 WDBNDRY_E 0 5.884e+01 4.100e+01)
s>                    ( - 1.346e+03 1 0))
s>                ( - 7.165e+02 3 0 QUESTION0_0_R 1 9.603e+01 4.200e+01))))INFO: dtree.c(1478): Final simple tree
|( QUESTION6 1 1.389e+04 4.147e+02 6.741e+02
|    ( QUESTION7 1 6.859e+03 2.463e+02 3.549e+02
|        ( QUESTION0_18_R 1 5.548e+03 1.700e+02 2.899e+02
|            ( - 2.633e+02 1 0)
|            ( - 5.114e+03 1 0))
|        ( - 1.065e+03 4 0 QUESTION0_14_R 1 1.226e+02 6.500e+01))
|    ( QUESTION0_8_R 1 6.613e+03 2.849e+02 3.192e+02
|        ( QUESTION0 -1 3.013e+03 2.498e+02 1.509e+02
|            ( - 9.904e+02 4 0 QUESTION0 1 1.220e+02 5.781e+01)
|            ( - 1.773e+03 2 0 QUESTION6 -1 9.374e+01 9.309e+01))
|        ( QUESTION0_2_R 1 3.315e+03 2.214e+02 1.683e+02
|            ( - 1.464e+03 3 0 QUESTION0_3_R 1 1.428e+02 8.064e+01)
|            ( QUESTION0_0_R 1 1.630e+03 1.491e+02 8.767e+01
|                ( - 4.509e+02 1 0)
|                ( - 1.030e+03 1 0)))))
s>    ( QUESTION6 1 1.389e+04 4.147e+02 6.741e+02
s>        ( QUESTION7 1 6.859e+03 2.463e+02 3.549e+02
s>            ( QUESTION0_18_R 1 5.548e+03 1.700e+02 2.899e+02
s>                ( - 2.633e+02 1 0)
s>                ( - 5.114e+03 1 0))
s>            ( - 1.065e+03 4 0 QUESTION0_14_R 1 1.226e+02 6.500e+01))
s>        ( QUESTION0_8_R 1 6.613e+03 2.849e+02 3.192e+02
s>            ( QUESTION0 -1 3.013e+03 2.498e+02 1.509e+02
s>                ( - 9.904e+02 4 0 QUESTION0 1 1.220e+02 5.781e+01)
s>                ( - 1.773e+03 2 0 QUESTION6 -1 9.374e+01 9.309e+01))
s>            ( QUESTION0_2_R 1 3.315e+03 2.214e+02 1.683e+02
s>                ( - 1.464e+03 3 0 QUESTION0_3_R 1 1.428e+02 8.064e+01)
s>                ( QUESTION0_0_R 1 1.630e+03 1.491e+02 8.767e+01
s>                    ( - 4.509e+02 1 0)
s>                    ( - 1.030e+03 1 0)))))INFO: dtree.c(1315): Comp split 5
INFO: dtree.c(1439): stop. leaf nodes are specific
INFO: dtree.c(1478): Final simple tree
|( QUESTION16 -1 3.009e+03 2.144e+02 1.619e+02
|    ( - 1.019e+03 1 0)
|    ( QUESTION0_12_R 1 1.775e+03 1.534e+02 1.009e+02
|        ( QUESTION0 -1 7.979e+02 7.174e+01 4.800e+01
|            ( - 6.668e+02 1 0)
|            ( - 5.939e+01 1 0))
|        ( QUESTION0 -1 8.237e+02 1.105e+02 5.295e+01
|            ( - 5.131e+02 1 0)
|            ( - 2.001e+02 1 0))))
s>    ( QUESTION16 -1 3.009e+03 2.144e+02 1.619e+02
s>        ( - 1.019e+03 1 0)
s>        ( QUESTION0_12_R 1 1.775e+03 1.534e+02 1.009e+02
s>            ( QUESTION0 -1 7.979e+02 7.174e+01 4.800e+01
s>                ( - 6.668e+02 1 0)
s>                ( - 5.939e+01 1 0))
s>            ( QUESTION0 -1 8.237e+02 1.105e+02 5.295e+01
s>                ( - 5.131e+02 1 0)
s>                ( - 2.001e+02 1 0))))INFO: dtree.c(1439): stop. leaf nodes are specific
INFO: dtree.c(1478): Final simple tree
|( QUESTION6 -1 1.644e+04 3.243e+02 8.503e+02
|    ( - 9.120e+03 1 0)
|    ( SILENCE 1 6.995e+03 5.619e+01 3.616e+02
|        ( - 6.924e+03 1 0)
|        ( - 1.515e+01 1 0)))
s>    ( QUESTION6 -1 1.644e+04 3.243e+02 8.503e+02
s>        ( - 9.120e+03 1 0)
s>        ( SILENCE 1 6.995e+03 5.619e+01 3.616e+02
s>            ( - 6.924e+03 1 0)
s>            ( - 1.515e+01 1 0)))INFO: dtree.c(1315): Comp split 6
INFO: dtree.c(1478): Final simple tree
|( QUESTION0_10_R 1 7.726e+03 2.984e+02 3.875e+02
|    ( QUESTION16 -1 2.812e+03 1.885e+02 1.487e+02
|        ( - 1.661e+03 1 0)
|        ( - 9.618e+02 2 0 QUESTION0 -1 7.035e+01 5.703e+01))
|    ( QUESTION6 1 4.615e+03 2.678e+02 2.388e+02
|        ( QUESTION0_16_R 1 1.930e+03 2.020e+02 1.030e+02
|            ( QUESTION7 1 8.226e+02 1.291e+02 4.797e+01
|                ( - 3.224e+02 4 0 QUESTION0_18_R 1 6.523e+01 2.300e+01)
|                ( QUESTION0 -1 3.712e+02 8.708e+01 2.497e+01
|                    ( - 1.135e+02 1 0)
|                    ( - 1.707e+02 1 0)))
|            ( - 9.058e+02 1 0))
|        ( QUESTION0_16_R 1 2.417e+03 1.694e+02 1.358e+02
|            ( - 1.716e+03 1 0)
|            ( - 5.322e+02 1 0))))
s>    ( QUESTION0_10_R 1 7.726e+03 2.984e+02 3.875e+02
s>        ( QUESTION16 -1 2.812e+03 1.885e+02 1.487e+02
s>            ( - 1.661e+03 1 0)
s>            ( - 9.618e+02 2 0 QUESTION0 -1 7.035e+01 5.703e+01))
s>        ( QUESTION6 1 4.615e+03 2.678e+02 2.388e+02
s>            ( QUESTION0_16_R 1 1.930e+03 2.020e+02 1.030e+02
s>                ( QUESTION7 1 8.226e+02 1.291e+02 4.797e+01
s>                    ( - 3.224e+02 4 0 QUESTION0_18_R 1 6.523e+01 2.300e+01)
s>                    ( QUESTION0 -1 3.712e+02 8.708e+01 2.497e+01
s>                        ( - 1.135e+02 1 0)
s>                        ( - 1.707e+02 1 0)))
s>                ( - 9.058e+02 1 0))
s>            ( QUESTION0_16_R 1 2.417e+03 1.694e+02 1.358e+02
s>                ( - 1.716e+03 1 0)
s>                ( - 5.322e+02 1 0))))INFO: dtree.c(1439): stop. leaf nodes are specific
INFO: dtree.c(1478): Final simple tree
|( QUESTION6 -1 3.915e+03 2.912e+02 2.195e+02
|    ( QUESTION0_10_R 1 1.710e+03 2.786e+01 1.063e+02
|        ( - 1.682e+03 1 0)
|        ( - 0.000e+00 1 0))
|    ( WDBNDRY_B 0 1.914e+03 1.293e+02 1.132e+02
|        ( - 1.574e+03 1 0)
|        ( QUESTION0 -1 2.101e+02 4.951e+01 1.600e+01
|            ( QUESTION2_11_L -1 1.069e+02 3.035e+01 1.000e+01
|                ( - 6.576e+01 1 0)
|                ( - 1.078e+01 1 0))
|            ( - 5.369e+01 1 0))))
s>    ( QUESTION6 -1 3.915e+03 2.912e+02 2.195e+02
s>        ( QUESTION0_10_R 1 1.710e+03 2.786e+01 1.063e+02
s>            ( - 1.682e+03 1 0)
s>            ( - 0.000e+00 1 0))
s>        ( WDBNDRY_B 0 1.914e+03 1.293e+02 1.132e+02
s>            ( - 1.574e+03 1 0)
s>            ( QUESTION0 -1 2.101e+02 4.951e+01 1.600e+01
s>                ( QUESTION2_11_L -1 1.069e+02 3.035e+01 1.000e+01
s>                    ( - 6.576e+01 1 0)
s>                    ( - 1.078e+01 1 0))
s>                ( - 5.369e+01 1 0))))INFO: dtree.c(1315): Comp split 7
INFO: dtree.c(1439): stop. leaf nodes are specific
INFO: dtree.c(1478): Final simple tree
|( QUESTION7 1 7.056e+03 2.743e+02 3.659e+02
|    ( - 5.114e+03 1 0)
|    ( QUESTION13 1 1.667e+03 1.616e+02 9.500e+01
|        ( QUESTION0_14_R 1 7.474e+02 8.211e+01 4.900e+01
|            ( QUESTION6 -1 5.888e+02 6.027e+01 4.100e+01
|                ( - 5.801e+01 1 0)
|                ( - 4.706e+02 1 0))
|            ( - 7.642e+01 1 0))
|        ( QUESTION0_0_R 1 7.580e+02 9.766e+01 4.600e+01
|            ( - 4.509e+02 1 0)
|            ( - 2.094e+02 1 0))))
s>    ( QUESTION7 1 7.056e+03 2.743e+02 3.659e+02
s>        ( - 5.114e+03 1 0)
s>        ( QUESTION13 1 1.667e+03 1.616e+02 9.500e+01
s>            ( QUESTION0_14_R 1 7.474e+02 8.211e+01 4.900e+01
s>                ( QUESTION6 -1 5.888e+02 6.027e+01 4.100e+01
s>                    ( - 5.801e+01 1 0)
s>                    ( - 4.706e+02 1 0))
s>                ( - 7.642e+01 1 0))
s>            ( QUESTION0_0_R 1 7.580e+02 9.766e+01 4.600e+01
s>                ( - 4.509e+02 1 0)
s>                ( - 2.094e+02 1 0))))INFO: dtree.c(1478): Final simple tree
|( QUESTION0 -1 6.390e+03 2.890e+02 3.082e+02
|    ( QUESTION0_0_R 1 3.922e+03 2.383e+02 1.961e+02
|        ( QUESTION0_3_R 1 1.464e+03 1.428e+02 8.064e+01
|            ( - 1.008e+03 2 0)
|            ( - 3.138e+02 1 0))
|        ( QUESTION0_8_R 1 2.219e+03 1.995e+02 1.155e+02
|            ( QUESTION0 1 9.904e+02 1.220e+02 5.781e+01
|                ( - 6.409e+02 3 0)
|                ( - 2.275e+02 1 0))
|            ( - 1.030e+03 1 0)))
|    ( QUESTION6 -1 2.179e+03 1.523e+02 1.121e+02
|        ( - 1.560e+03 1 0)
|        ( QUESTION0_8_R 1 4.666e+02 8.388e+01 2.900e+01
|            ( - 1.194e+02 1 0)
|            ( - 2.633e+02 1 0))))
s>    ( QUESTION0 -1 6.390e+03 2.890e+02 3.082e+02
s>        ( QUESTION0_0_R 1 3.922e+03 2.383e+02 1.961e+02
s>            ( QUESTION0_3_R 1 1.464e+03 1.428e+02 8.064e+01
s>                ( - 1.008e+03 2 0)
s>                ( - 3.138e+02 1 0))
s>            ( QUESTION0_8_R 1 2.219e+03 1.995e+02 1.155e+02
s>                ( QUESTION0 1 9.904e+02 1.220e+02 5.781e+01
s>                    ( - 6.409e+02 3 0)
s>                    ( - 2.275e+02 1 0))
s>                ( - 1.030e+03 1 0)))
s>        ( QUESTION6 -1 2.179e+03 1.523e+02 1.121e+02
s>            ( - 1.560e+03 1 0)
s>            ( QUESTION0_8_R 1 4.666e+02 8.388e+01 2.900e+01
s>                ( - 1.194e+02 1 0)
s>                ( - 2.633e+02 1 0))))INFO: dtree.c(1315): Comp split 8
INFO: dtree.c(1478): Final simple tree
|( QUESTION0_14_R 1 6.638e+03 2.917e+02 3.328e+02
|    ( QUESTION2_0_L -1 2.123e+03 1.778e+02 1.216e+02
|        ( - 6.001e+02 2 0 WDBNDRY_E 0 5.884e+01 4.100e+01)
|        ( - 1.346e+03 1 0))
|    ( QUESTION2 1 4.223e+03 2.711e+02 2.112e+02
|        ( QUESTION0_0_R 1 2.270e+03 1.547e+02 1.222e+02
|            ( QUESTION6 -1 1.676e+03 1.111e+02 9.320e+01
|                ( - 2.849e+02 2 0)
|                ( - 1.280e+03 2 0))
|            ( - 4.396e+02 3 0 QUESTION6 -1 9.285e+01 2.900e+01))
|        ( QUESTION0_8_R 1 1.681e+03 1.522e+02 8.900e+01
|            ( - 8.127e+02 2 0)
|            ( QUESTION0_0_R 1 7.165e+02 9.603e+01 4.200e+01
|                ( - 4.888e+02 2 0 QUESTION6 -1 9.043e+01 3.100e+01)
|                ( - 1.317e+02 1 0)))))
s>    ( QUESTION0_14_R 1 6.638e+03 2.917e+02 3.328e+02
s>        ( QUESTION2_0_L -1 2.123e+03 1.778e+02 1.216e+02
s>            ( - 6.001e+02 2 0 WDBNDRY_E 0 5.884e+01 4.100e+01)
s>            ( - 1.346e+03 1 0))
s>        ( QUESTION2 1 4.223e+03 2.711e+02 2.112e+02
s>            ( QUESTION0_0_R 1 2.270e+03 1.547e+02 1.222e+02
s>                ( QUESTION6 -1 1.676e+03 1.111e+02 9.320e+01
s>                    ( - 2.849e+02 2 0)
s>                    ( - 1.280e+03 2 0))
s>                ( - 4.396e+02 3 0 QUESTION6 -1 9.285e+01 2.900e+01))
s>            ( QUESTION0_8_R 1 1.681e+03 1.522e+02 8.900e+01
s>                ( - 8.127e+02 2 0)
s>                ( QUESTION0_0_R 1 7.165e+02 9.603e+01 4.200e+01
s>                    ( - 4.888e+02 2 0 QUESTION6 -1 9.043e+01 3.100e+01)
s>                    ( - 1.317e+02 1 0)))))INFO: dtree.c(1439): stop. leaf nodes are specific
INFO: dtree.c(1478): Final simple tree
|( QUESTION0_0_R 1 4.284e+03 3.006e+02 2.171e+02
|    ( QUESTION16 -1 1.091e+03 1.320e+02 6.498e+01
|        ( - 6.604e+02 1 0)
|        ( QUESTION0 -1 2.982e+02 6.436e+01 2.200e+01
|            ( - 1.857e+02 1 0)
|            ( - 4.813e+01 1 0)))
|    ( - 2.893e+03 1 0))
s>    ( QUESTION0_0_R 1 4.284e+03 3.006e+02 2.171e+02
s>        ( QUESTION16 -1 1.091e+03 1.320e+02 6.498e+01
s>            ( - 6.604e+02 1 0)
s>            ( QUESTION0 -1 2.982e+02 6.436e+01 2.200e+01
s>                ( - 1.857e+02 1 0)
s>                ( - 4.813e+01 1 0)))
s>        ( - 2.893e+03 1 0))INFO: dtree.c(1315): Comp split 9
INFO: dtree.c(1478): Final simple tree
|( SILENCE -1 8.630e+03 2.119e+02 4.682e+02
|    ( - 7.491e+02 1 0)
|    ( QUESTION5 -1 7.669e+03 1.818e+02 4.227e+02
|        ( QUESTION2_2_L -1 1.744e+03 1.355e+02 1.033e+02
|            ( QUESTION2_5_L -1 7.866e+02 8.902e+01 5.013e+01
|                ( - 2.367e+02 1 0)
|                ( - 4.609e+02 3 0 QUESTION6 -1 4.459e+01 3.214e+01))
|            ( - 8.222e+02 2 0 QUESTION6 -1 7.280e+01 5.316e+01))
|        ( QUESTION2_4_L -1 5.743e+03 1.768e+02 3.194e+02
|            ( - 1.667e+03 1 0)
|            ( QUESTION2 -1 3.900e+03 1.623e+02 2.186e+02
|                ( - 8.421e+02 4 0 QUESTION2_0_L -1 1.921e+01 5.332e+01)
|                ( QUESTION0 -1 2.895e+03 9.131e+01 1.652e+02
|                    ( - 2.457e+03 2 0)
|                    ( - 3.474e+02 1 0))))))
s>    ( SILENCE -1 8.630e+03 2.119e+02 4.682e+02
s>        ( - 7.491e+02 1 0)
s>        ( QUESTION5 -1 7.669e+03 1.818e+02 4.227e+02
s>            ( QUESTION2_2_L -1 1.744e+03 1.355e+02 1.033e+02
s>                ( QUESTION2_5_L -1 7.866e+02 8.902e+01 5.013e+01
s>                    ( - 2.367e+02 1 0)
s>                    ( - 4.609e+02 3 0 QUESTION6 -1 4.459e+01 3.214e+01))
s>                ( - 8.222e+02 2 0 QUESTION6 -1 7.280e+01 5.316e+01))
s>            ( QUESTION2_4_L -1 5.743e+03 1.768e+02 3.194e+02
s>                ( - 1.667e+03 1 0)
s>                ( QUESTION2 -1 3.900e+03 1.623e+02 2.186e+02
s>                    ( - 8.421e+02 4 0 QUESTION2_0_L -1 1.921e+01 5.332e+01)
s>                    ( QUESTION0 -1 2.895e+03 9.131e+01 1.652e+02
s>                        ( - 2.457e+03 2 0)
s>                        ( - 3.474e+02 1 0))))))INFO: dtree.c(1478): Final simple tree
|( QUESTION16 -1 9.234e+03 2.136e+02 4.842e+02
|    ( QUESTION17 -1 1.320e+03 1.017e+02 7.970e+01
|        ( - 5.400e+02 1 0)
|        ( - 6.778e+02 2 0 QUESTION2_5_L -1 7.367e+01 4.282e+01))
|    ( QUESTION2 -1 7.701e+03 2.002e+02 4.045e+02
|        ( - 1.719e+03 4 0 QUESTION2_0_L -1 5.491e+01 9.457e+01)
|        ( QUESTION3 -1 5.781e+03 1.837e+02 3.099e+02
|            ( QUESTION2_5_L -1 2.936e+03 1.127e+02 1.643e+02
|                ( - 2.153e+03 1 0)
|                ( QUESTION7 -1 6.697e+02 8.080e+01 4.153e+01
|                    ( - 2.687e+02 2 0 QUESTION8 -1 1.464e+01 1.942e+01)
|                    ( - 3.203e+02 4 0 QUESTION4 -1 4.349e+01 2.211e+01)))
|            ( SILENCE -1 2.662e+03 1.505e+02 1.456e+02
|                ( - 8.055e+02 1 0)
|                ( - 1.705e+03 2 0)))))
s>    ( QUESTION16 -1 9.234e+03 2.136e+02 4.842e+02
s>        ( QUESTION17 -1 1.320e+03 1.017e+02 7.970e+01
s>            ( - 5.400e+02 1 0)
s>            ( - 6.778e+02 2 0 QUESTION2_5_L -1 7.367e+01 4.282e+01))
s>        ( QUESTION2 -1 7.701e+03 2.002e+02 4.045e+02
s>            ( - 1.719e+03 4 0 QUESTION2_0_L -1 5.491e+01 9.457e+01)
s>            ( QUESTION3 -1 5.781e+03 1.837e+02 3.099e+02
s>                ( QUESTION2_5_L -1 2.936e+03 1.127e+02 1.643e+02
s>                    ( - 2.153e+03 1 0)
s>                    ( QUESTION7 -1 6.697e+02 8.080e+01 4.153e+01
s>                        ( - 2.687e+02 2 0 QUESTION8 -1 1.464e+01 1.942e+01)
s>                        ( - 3.203e+02 4 0 QUESTION4 -1 4.349e+01 2.211e+01)))
s>                ( SILENCE -1 2.662e+03 1.505e+02 1.456e+02
s>                    ( - 8.055e+02 1 0)
s>                    ( - 1.705e+03 2 0)))))INFO: dtree.c(1315): Comp split 10
INFO: dtree.c(1439): stop. leaf nodes are specific
INFO: dtree.c(1478): Final simple tree
|( SILENCE 1 6.995e+03 5.619e+01 3.616e+02
|    ( - 6.924e+03 1 0)
|    ( - 1.515e+01 1 0))
s>    ( SILENCE 1 6.995e+03 5.619e+01 3.616e+02
s>        ( - 6.924e+03 1 0)
s>        ( - 1.515e+01 1 0))INFO: dtree.c(1315): Comp split 11
INFO: dtree.c(1478): Final simple tree
|( QUESTION10 1 3.878e+03 2.357e+02 2.028e+02
|    ( QUESTION0_16_R 1 1.458e+03 1.813e+02 8.004e+01
|        ( QUESTION0 -1 3.712e+02 8.708e+01 2.497e+01
|            ( - 1.135e+02 1 0)
|            ( - 1.707e+02 1 0))
|        ( - 9.058e+02 1 0))
|    ( QUESTION0_17_R 1 2.184e+03 1.455e+02 1.227e+02
|        ( QUESTION0_18_R 1 3.224e+02 6.523e+01 2.300e+01
|            ( QUESTION0 -1 1.374e+02 2.695e+01 1.200e+01
|                ( - 1.045e+02 1 0)
|                ( - 6.000e+00 1 0))
|            ( QUESTION0 -1 1.198e+02 2.914e+01 1.100e+01
|                ( - 5.745e+01 1 0)
|                ( - 3.317e+01 1 0)))
|        ( - 1.716e+03 1 0)))
s>    ( QUESTION10 1 3.878e+03 2.357e+02 2.028e+02
s>        ( QUESTION0_16_R 1 1.458e+03 1.813e+02 8.004e+01
s>            ( QUESTION0 -1 3.712e+02 8.708e+01 2.497e+01
s>                ( - 1.135e+02 1 0)
s>                ( - 1.707e+02 1 0))
s>            ( - 9.058e+02 1 0))
s>        ( QUESTION0_17_R 1 2.184e+03 1.455e+02 1.227e+02
s>            ( QUESTION0_18_R 1 3.224e+02 6.523e+01 2.300e+01
s>                ( QUESTION0 -1 1.374e+02 2.695e+01 1.200e+01
s>                    ( - 1.045e+02 1 0)
s>                    ( - 6.000e+00 1 0))
s>                ( QUESTION0 -1 1.198e+02 2.914e+01 1.100e+01
s>                    ( - 5.745e+01 1 0)
s>                    ( - 3.317e+01 1 0)))
s>            ( - 1.716e+03 1 0)))INFO: dtree.c(1439): stop. leaf nodes are specific
INFO: dtree.c(1478): Final simple tree
|( QUESTION16 -1 3.525e+03 2.037e+02 1.848e+02
|    ( - 1.661e+03 1 0)
|    ( QUESTION0_10_R 1 1.660e+03 1.663e+02 9.310e+01
|        ( QUESTION0 -1 9.618e+02 7.035e+01 5.703e+01
|            ( - 4.542e+01 1 0)
|            ( - 8.460e+02 1 0))
|        ( - 5.322e+02 1 0)))
s>    ( QUESTION16 -1 3.525e+03 2.037e+02 1.848e+02
s>        ( - 1.661e+03 1 0)
s>        ( QUESTION0_10_R 1 1.660e+03 1.663e+02 9.310e+01
s>            ( QUESTION0 -1 9.618e+02 7.035e+01 5.703e+01
s>                ( - 4.542e+01 1 0)
s>                ( - 8.460e+02 1 0))
s>            ( - 5.322e+02 1 0)))INFO: dtree.c(1315): Comp split 12
INFO: dtree.c(1439): stop. leaf nodes are specific
INFO: dtree.c(1478): Final simple tree
|( QUESTION0_8_R 1 3.410e+03 2.202e+02 1.698e+02
|    ( QUESTION6 -1 1.773e+03 9.374e+01 9.309e+01
|        ( - 1.560e+03 1 0)
|        ( - 1.194e+02 1 0))
|    ( QUESTION0_14_R 1 1.417e+03 1.241e+02 7.667e+01
|        ( - 1.030e+03 1 0)
|        ( - 2.633e+02 1 0)))
s>    ( QUESTION0_8_R 1 3.410e+03 2.202e+02 1.698e+02
s>        ( QUESTION6 -1 1.773e+03 9.374e+01 9.309e+01
s>            ( - 1.560e+03 1 0)
s>            ( - 1.194e+02 1 0))
s>        ( QUESTION0_14_R 1 1.417e+03 1.241e+02 7.667e+01
s>            ( - 1.030e+03 1 0)
s>            ( - 2.633e+02 1 0)))INFO: dtree.c(1439): stop. leaf nodes are specific
INFO: dtree.c(1478): Final simple tree
|( QUESTION0_0_R 1 2.675e+03 2.203e+02 1.385e+02
|    ( QUESTION0_3_R 1 1.464e+03 1.428e+02 8.064e+01
|        ( - 1.008e+03 2 0)
|        ( - 3.138e+02 1 0))
|    ( QUESTION0 1 9.904e+02 1.220e+02 5.781e+01
|        ( - 6.409e+02 3 0)
|        ( - 2.275e+02 1 0)))
s>    ( QUESTION0_0_R 1 2.675e+03 2.203e+02 1.385e+02
s>        ( QUESTION0_3_R 1 1.464e+03 1.428e+02 8.064e+01
s>            ( - 1.008e+03 2 0)
s>            ( - 3.138e+02 1 0))
s>        ( QUESTION0 1 9.904e+02 1.220e+02 5.781e+01
s>            ( - 6.409e+02 3 0)
s>            ( - 2.275e+02 1 0)))INFO: dtree.c(1315): Comp split 13
INFO: dtree.c(1439): stop. leaf nodes are specific
INFO: dtree.c(1478): Final simple tree
|( QUESTION0_14_R 1 2.163e+03 1.627e+02 1.206e+02
|    ( - 1.346e+03 1 0)
|    ( QUESTION6 -1 6.551e+02 9.446e+01 4.000e+01
|        ( - 2.228e+02 2 0)
|        ( QUESTION0_8_R 1 3.379e+02 8.214e+01 2.300e+01
|            ( - 1.240e+02 1 0)
|            ( - 1.317e+02 1 0))))
s>    ( QUESTION0_14_R 1 2.163e+03 1.627e+02 1.206e+02
s>        ( - 1.346e+03 1 0)
s>        ( QUESTION6 -1 6.551e+02 9.446e+01 4.000e+01
s>            ( - 2.228e+02 2 0)
s>            ( QUESTION0_8_R 1 3.379e+02 8.214e+01 2.300e+01
s>                ( - 1.240e+02 1 0)
s>                ( - 1.317e+02 1 0))))INFO: dtree.c(1439): stop. leaf nodes are specific
INFO: dtree.c(1478): Final simple tree
|( QUESTION0_3_R 1 4.173e+03 2.619e+02 2.122e+02
|    ( QUESTION6 -1 1.676e+03 1.111e+02 9.320e+01
|        ( - 2.849e+02 2 0)
|        ( - 1.280e+03 2 0))
|    ( QUESTION6 -1 2.235e+03 2.104e+02 1.190e+02
|        ( QUESTION0_0_R 1 6.677e+02 6.946e+01 4.500e+01
|            ( - 8.115e+01 1 0)
|            ( - 5.171e+02 1 0))
|        ( QUESTION0_8_R 1 1.357e+03 1.556e+02 7.400e+01
|            ( - 8.127e+02 2 0)
|            ( WDBNDRY_E 0 3.887e+02 4.728e+01 2.700e+01
|                ( - 3.172e+02 1 0)
|                ( - 2.416e+01 1 0)))))
s>    ( QUESTION0_3_R 1 4.173e+03 2.619e+02 2.122e+02
s>        ( QUESTION6 -1 1.676e+03 1.111e+02 9.320e+01
s>            ( - 2.849e+02 2 0)
s>            ( - 1.280e+03 2 0))
s>        ( QUESTION6 -1 2.235e+03 2.104e+02 1.190e+02
s>            ( QUESTION0_0_R 1 6.677e+02 6.946e+01 4.500e+01
s>                ( - 8.115e+01 1 0)
s>                ( - 5.171e+02 1 0))
s>            ( QUESTION0_8_R 1 1.357e+03 1.556e+02 7.400e+01
s>                ( - 8.127e+02 2 0)
s>                ( WDBNDRY_E 0 3.887e+02 4.728e+01 2.700e+01
s>                    ( - 3.172e+02 1 0)
s>                    ( - 2.416e+01 1 0)))))INFO: dtree.c(1315): Comp split 14
INFO: dtree.c(1439): stop. leaf nodes are specific
INFO: dtree.c(1478): Final simple tree
|( QUESTION16 -1 1.091e+03 1.320e+02 6.498e+01
|    ( - 6.604e+02 1 0)
|    ( QUESTION0 -1 2.982e+02 6.436e+01 2.200e+01
|        ( - 1.857e+02 1 0)
|        ( - 4.813e+01 1 0)))
s>    ( QUESTION16 -1 1.091e+03 1.320e+02 6.498e+01
s>        ( - 6.604e+02 1 0)
s>        ( QUESTION0 -1 2.982e+02 6.436e+01 2.200e+01
s>            ( - 1.857e+02 1 0)
s>            ( - 4.813e+01 1 0)))INFO: dtree.c(1315): Comp split 15
INFO: dtree.c(1439): stop. leaf nodes are specific
INFO: dtree.c(1478): Final simple tree
|( QUESTION0 -1 1.839e+03 9.117e+01 1.123e+02
|    ( - 6.576e+01 1 0)
|    ( - 1.682e+03 1 0))
s>    ( QUESTION0 -1 1.839e+03 9.117e+01 1.123e+02
s>        ( - 6.576e+01 1 0)
s>        ( - 1.682e+03 1 0))INFO: dtree.c(1439): stop. leaf nodes are specific
INFO: dtree.c(1478): Final simple tree
|( WDBNDRY_B 0 1.778e+03 9.376e+01 1.072e+02
|    ( - 1.574e+03 1 0)
|    ( QUESTION16 -1 1.102e+02 3.282e+01 1.000e+01
|        ( - 5.369e+01 1 0)
|        ( QUESTION0_10_R 1 2.367e+01 1.289e+01 4.000e+00
|            ( - 1.078e+01 1 0)
|            ( - 0.000e+00 1 0))))
s>    ( WDBNDRY_B 0 1.778e+03 9.376e+01 1.072e+02
s>        ( - 1.574e+03 1 0)
s>        ( QUESTION16 -1 1.102e+02 3.282e+01 1.000e+01
s>            ( - 5.369e+01 1 0)
s>            ( QUESTION0_10_R 1 2.367e+01 1.289e+01 4.000e+00
s>                ( - 1.078e+01 1 0)
s>                ( - 0.000e+00 1 0))))INFO: dtree.c(1315): Comp split 16
INFO: dtree.c(1439): stop. leaf nodes are specific
INFO: dtree.c(1478): Final simple tree
|( SILENCE -1 3.335e+03 1.907e+02 1.839e+02
|    ( - 1.637e+03 1 0)
|    ( QUESTION5 -1 1.507e+03 1.337e+02 8.896e+01
|        ( QUESTION6 -1 3.469e+02 6.576e+01 2.495e+01
|            ( - 1.542e+02 1 0)
|            ( QUESTION2_9_L -1 1.270e+02 2.800e+01 1.199e+01
|                ( - 1.568e+01 1 0)
|                ( - 8.334e+01 1 0)))
|        ( QUESTION0 -1 1.026e+03 8.212e+01 6.401e+01
|            ( - 6.804e+02 2 0)
|            ( - 2.638e+02 1 0))))
s>    ( SILENCE -1 3.335e+03 1.907e+02 1.839e+02
s>        ( - 1.637e+03 1 0)
s>        ( QUESTION5 -1 1.507e+03 1.337e+02 8.896e+01
s>            ( QUESTION6 -1 3.469e+02 6.576e+01 2.495e+01
s>                ( - 1.542e+02 1 0)
s>                ( QUESTION2_9_L -1 1.270e+02 2.800e+01 1.199e+01
s>                    ( - 1.568e+01 1 0)
s>                    ( - 8.334e+01 1 0)))
s>            ( QUESTION0 -1 1.026e+03 8.212e+01 6.401e+01
s>                ( - 6.804e+02 2 0)
s>                ( - 2.638e+02 1 0))))INFO: dtree.c(1439): stop. leaf nodes are specific
INFO: dtree.c(1478): Final simple tree
|( QUESTION2_0_L -1 2.762e+03 1.715e+02 1.516e+02
|    ( QUESTION0 -1 6.910e+02 1.030e+02 4.261e+01
|        ( - 2.042e+02 3 0)
|        ( - 3.838e+02 1 0))
|    ( QUESTION2_12_L -1 1.900e+03 1.337e+02 1.090e+02
|        ( - 9.154e+02 1 0)
|        ( - 8.507e+02 1 0)))
s>    ( QUESTION2_0_L -1 2.762e+03 1.715e+02 1.516e+02
s>        ( QUESTION0 -1 6.910e+02 1.030e+02 4.261e+01
s>            ( - 2.042e+02 3 0)
s>            ( - 3.838e+02 1 0))
s>        ( QUESTION2_12_L -1 1.900e+03 1.337e+02 1.090e+02
s>            ( - 9.154e+02 1 0)
s>            ( - 8.507e+02 1 0)))INFO: dtree.c(1315): Comp split 17
INFO: dtree.c(1439): stop. leaf nodes are specific
INFO: dtree.c(1478): Final simple tree
|( QUESTION0_14_R 1 1.502e+03 1.556e+02 8.700e+01
|    ( QUESTION6 -1 5.888e+02 6.027e+01 4.100e+01
|        ( - 5.801e+01 1 0)
|        ( - 4.706e+02 1 0))
|    ( QUESTION0_0_R 1 7.580e+02 9.766e+01 4.600e+01
|        ( - 4.509e+02 1 0)
|        ( - 2.094e+02 1 0)))
s>    ( QUESTION0_14_R 1 1.502e+03 1.556e+02 8.700e+01
s>        ( QUESTION6 -1 5.888e+02 6.027e+01 4.100e+01
s>            ( - 5.801e+01 1 0)
s>            ( - 4.706e+02 1 0))
s>        ( QUESTION0_0_R 1 7.580e+02 9.766e+01 4.600e+01
s>            ( - 4.509e+02 1 0)
s>            ( - 2.094e+02 1 0)))INFO: dtree.c(1439): stop. leaf nodes are specific
INFO: dtree.c(1478): Final simple tree
|( QUESTION0_16_R 1 5.271e+03 8.052e+01 2.789e+02
|    ( - 5.114e+03 1 0)
|    ( - 7.642e+01 1 0))
s>    ( QUESTION0_16_R 1 5.271e+03 8.052e+01 2.789e+02
s>        ( - 5.114e+03 1 0)
s>        ( - 7.642e+01 1 0))INFO: dtree.c(1315): Comp split 18
INFO: dtree.c(1439): stop. leaf nodes are specific
INFO: dtree.c(1478): Final simple tree
|( QUESTION0_8_R 1 1.357e+03 1.556e+02 7.400e+01
|    ( - 8.127e+02 2 0)
|    ( WDBNDRY_E 0 3.887e+02 4.728e+01 2.700e+01
|        ( - 3.172e+02 1 0)
|        ( - 2.416e+01 1 0)))
s>    ( QUESTION0_8_R 1 1.357e+03 1.556e+02 7.400e+01
s>        ( - 8.127e+02 2 0)
s>        ( WDBNDRY_E 0 3.887e+02 4.728e+01 2.700e+01
s>            ( - 3.172e+02 1 0)
s>            ( - 2.416e+01 1 0)))INFO: dtree.c(1439): stop. leaf nodes are specific
INFO: dtree.c(1478): Final simple tree
|( QUESTION0_3_R 1 2.540e+03 1.965e+02 1.382e+02
|    ( QUESTION6 -1 1.676e+03 1.111e+02 9.320e+01
|        ( - 2.849e+02 2 0)
|        ( - 1.280e+03 2 0))
|    ( QUESTION0_0_R 1 6.677e+02 6.946e+01 4.500e+01
|        ( - 8.115e+01 1 0)
|        ( - 5.171e+02 1 0)))
s>    ( QUESTION0_3_R 1 2.540e+03 1.965e+02 1.382e+02
s>        ( QUESTION6 -1 1.676e+03 1.111e+02 9.320e+01
s>            ( - 2.849e+02 2 0)
s>            ( - 1.280e+03 2 0))
s>        ( QUESTION0_0_R 1 6.677e+02 6.946e+01 4.500e+01
s>            ( - 8.115e+01 1 0)
s>            ( - 5.171e+02 1 0)))INFO: dtree.c(1315): Comp split 19
INFO: dtree.c(1439): stop. leaf nodes are specific
INFO: dtree.c(1478): Final simple tree
|( QUESTION0_17_R 1 2.061e+03 1.538e+02 1.157e+02
|    ( QUESTION0_18_R 1 1.918e+02 4.522e+01 1.600e+01
|        ( - 1.135e+02 1 0)
|        ( - 3.317e+01 1 0))
|    ( - 1.716e+03 1 0))
s>    ( QUESTION0_17_R 1 2.061e+03 1.538e+02 1.157e+02
s>        ( QUESTION0_18_R 1 1.918e+02 4.522e+01 1.600e+01
s>            ( - 1.135e+02 1 0)
s>            ( - 3.317e+01 1 0))
s>        ( - 1.716e+03 1 0))INFO: dtree.c(1439): stop. leaf nodes are specific
INFO: dtree.c(1478): Final simple tree
|( QUESTION0_16_R 1 1.570e+03 1.599e+02 8.704e+01
|    ( QUESTION7 1 5.043e+02 9.144e+01 3.197e+01
|        ( QUESTION0_18_R 1 2.422e+02 4.731e+01 1.800e+01
|            ( QUESTION0 -1 1.374e+02 2.695e+01 1.200e+01
|                ( - 1.045e+02 1 0)
|                ( - 6.000e+00 1 0))
|            ( - 5.745e+01 1 0))
|        ( - 1.707e+02 1 0))
|    ( - 9.058e+02 1 0))
s>    ( QUESTION0_16_R 1 1.570e+03 1.599e+02 8.704e+01
s>        ( QUESTION7 1 5.043e+02 9.144e+01 3.197e+01
s>            ( QUESTION0_18_R 1 2.422e+02 4.731e+01 1.800e+01
s>                ( QUESTION0 -1 1.374e+02 2.695e+01 1.200e+01
s>                    ( - 1.045e+02 1 0)
s>                    ( - 6.000e+00 1 0))
s>                ( - 5.745e+01 1 0))
s>            ( - 1.707e+02 1 0))
s>        ( - 9.058e+02 1 0))INFO: dtree.c(1315): Comp split 20
INFO: dtree.c(1439): stop. leaf nodes are specific
INFO: dtree.c(1478): Final simple tree
|( SILENCE -1 4.159e+03 1.866e+02 2.288e+02
|    ( - 7.491e+02 1 0)
|    ( QUESTION0 -1 3.223e+03 1.110e+02 1.832e+02
|        ( - 2.457e+03 2 0)
|        ( QUESTION4 -1 6.556e+02 7.148e+01 4.223e+01
|            ( - 3.474e+02 1 0)
|            ( - 2.367e+02 1 0))))
s>    ( SILENCE -1 4.159e+03 1.866e+02 2.288e+02
s>        ( - 7.491e+02 1 0)
s>        ( QUESTION0 -1 3.223e+03 1.110e+02 1.832e+02
s>            ( - 2.457e+03 2 0)
s>            ( QUESTION4 -1 6.556e+02 7.148e+01 4.223e+01
s>                ( - 3.474e+02 1 0)
s>                ( - 2.367e+02 1 0))))INFO: dtree.c(1478): Final simple tree
|( QUESTION5 -1 4.234e+03 1.714e+02 2.394e+02
|    ( QUESTION2_2_L -1 1.413e+03 1.298e+02 8.530e+01
|        ( QUESTION6 -1 4.609e+02 4.459e+01 3.214e+01
|            ( - 2.483e+01 1 0)
|            ( QUESTION2_9_L -1 3.914e+02 3.422e+01 2.812e+01
|                ( - 8.700e+00 1 0)
|                ( - 3.485e+02 1 0)))
|        ( QUESTION6 -1 8.222e+02 7.280e+01 5.316e+01
|            ( - 2.627e+02 1 0)
|            ( - 4.868e+02 1 0)))
|    ( QUESTION0 -1 2.650e+03 1.409e+02 1.541e+02
|        ( QUESTION2_0_L -1 8.421e+02 1.921e+01 5.332e+01
|            ( - 8.216e+02 3 0)
|            ( - 1.297e+00 1 0))
|        ( - 1.667e+03 1 0)))
s>    ( QUESTION5 -1 4.234e+03 1.714e+02 2.394e+02
s>        ( QUESTION2_2_L -1 1.413e+03 1.298e+02 8.530e+01
s>            ( QUESTION6 -1 4.609e+02 4.459e+01 3.214e+01
s>                ( - 2.483e+01 1 0)
s>                ( QUESTION2_9_L -1 3.914e+02 3.422e+01 2.812e+01
s>                    ( - 8.700e+00 1 0)
s>                    ( - 3.485e+02 1 0)))
s>            ( QUESTION6 -1 8.222e+02 7.280e+01 5.316e+01
s>                ( - 2.627e+02 1 0)
s>                ( - 4.868e+02 1 0)))
s>        ( QUESTION0 -1 2.650e+03 1.409e+02 1.541e+02
s>            ( QUESTION2_0_L -1 8.421e+02 1.921e+01 5.332e+01
s>                ( - 8.216e+02 3 0)
s>                ( - 1.297e+00 1 0))
s>            ( - 1.667e+03 1 0)))INFO: dtree.c(1315): Comp split 21
INFO: dtree.c(1478): Final simple tree
|( QUESTION2_3_L -1 4.839e+03 1.946e+02 2.589e+02
|    ( - 1.608e+03 2 0)
|    ( QUESTION2_5_L -1 3.037e+03 1.121e+02 1.699e+02
|        ( - 2.153e+03 1 0)
|        ( QUESTION4 -1 7.714e+02 7.801e+01 4.715e+01
|            ( - 2.432e+02 2 0)
|            ( QUESTION7 -1 4.502e+02 5.463e+01 2.904e+01
|                ( QUESTION8 -1 2.687e+02 1.464e+01 1.942e+01
|                    ( - 3.810e-01 1 0)
|                    ( - 2.537e+02 1 0))
|                ( QUESTION0 -1 1.269e+02 3.653e+01 9.612e+00
|                    ( - 5.679e+01 2 0 QUESTION2_12_L -1 1.244e+01 5.612e+00)
|                    ( QUESTION11 -1 3.358e+01 1.498e+01 4.000e+00
|                        ( - 1.641e+01 1 0)
|                        ( - 2.192e+00 1 0)))))))
s>    ( QUESTION2_3_L -1 4.839e+03 1.946e+02 2.589e+02
s>        ( - 1.608e+03 2 0)
s>        ( QUESTION2_5_L -1 3.037e+03 1.121e+02 1.699e+02
s>            ( - 2.153e+03 1 0)
s>            ( QUESTION4 -1 7.714e+02 7.801e+01 4.715e+01
s>                ( - 2.432e+02 2 0)
s>                ( QUESTION7 -1 4.502e+02 5.463e+01 2.904e+01
s>                    ( QUESTION8 -1 2.687e+02 1.464e+01 1.942e+01
s>                        ( - 3.810e-01 1 0)
s>                        ( - 2.537e+02 1 0))
s>                    ( QUESTION0 -1 1.269e+02 3.653e+01 9.612e+00
s>                        ( - 5.679e+01 2 0 QUESTION2_12_L -1 1.244e+01 5.612e+00)
s>                        ( QUESTION11 -1 3.358e+01 1.498e+01 4.000e+00
s>                            ( - 1.641e+01 1 0)
s>                            ( - 2.192e+00 1 0)))))))INFO: dtree.c(1439): stop. leaf nodes are specific
INFO: dtree.c(1478): Final simple tree
|( QUESTION3 -1 4.164e+03 1.832e+02 2.253e+02
|    ( QUESTION17 -1 1.320e+03 1.017e+02 7.970e+01
|        ( - 5.400e+02 1 0)
|        ( QUESTION2_5_L -1 6.778e+02 7.367e+01 4.282e+01
|            ( - 3.015e+02 1 0)
|            ( - 3.026e+02 1 0)))
|    ( SILENCE -1 2.662e+03 1.505e+02 1.456e+02
|        ( - 8.055e+02 1 0)
|        ( - 1.705e+03 2 0)))
s>    ( QUESTION3 -1 4.164e+03 1.832e+02 2.253e+02
s>        ( QUESTION17 -1 1.320e+03 1.017e+02 7.970e+01
s>            ( - 5.400e+02 1 0)
s>            ( QUESTION2_5_L -1 6.778e+02 7.367e+01 4.282e+01
s>                ( - 3.015e+02 1 0)
s>                ( - 3.026e+02 1 0)))
s>        ( SILENCE -1 2.662e+03 1.505e+02 1.456e+02
s>            ( - 8.055e+02 1 0)
s>            ( - 1.705e+03 2 0)))INFO: dtree.c(1315): Comp split 22
INFO: dtree.c(1439): stop. leaf nodes are specific
INFO: dtree.c(1478): Final simple tree
|( QUESTION0 1 9.904e+02 1.220e+02 5.781e+01
|    ( - 6.409e+02 3 0)
|    ( - 2.275e+02 1 0))
s>    ( QUESTION0 1 9.904e+02 1.220e+02 5.781e+01
s>        ( - 6.409e+02 3 0)
s>        ( - 2.275e+02 1 0))INFO: dtree.c(1439): stop. leaf nodes are specific
INFO: dtree.c(1478): Final simple tree
|( QUESTION0_3_R 1 1.464e+03 1.428e+02 8.064e+01
|    ( - 1.008e+03 2 0)
|    ( - 3.138e+02 1 0))
s>    ( QUESTION0_3_R 1 1.464e+03 1.428e+02 8.064e+01
s>        ( - 1.008e+03 2 0)
s>        ( - 3.138e+02 1 0))INFO: dtree.c(1315): Comp split 23
INFO: dtree.c(1439): stop. leaf nodes are specific
INFO: dtree.c(1478): Final simple tree
|( QUESTION0_14_R 1 1.417e+03 1.241e+02 7.667e+01
|    ( - 1.030e+03 1 0)
|    ( - 2.633e+02 1 0))
s>    ( QUESTION0_14_R 1 1.417e+03 1.241e+02 7.667e+01
s>        ( - 1.030e+03 1 0)
s>        ( - 2.633e+02 1 0))INFO: dtree.c(1439): stop. leaf nodes are specific
INFO: dtree.c(1478): Final simple tree
|( QUESTION6 -1 1.773e+03 9.374e+01 9.309e+01
|    ( - 1.560e+03 1 0)
|    ( - 1.194e+02 1 0))
s>    ( QUESTION6 -1 1.773e+03 9.374e+01 9.309e+01
s>        ( - 1.560e+03 1 0)
s>        ( - 1.194e+02 1 0))INFO: dtree.c(1315): Comp split 24
INFO: dtree.c(1439): stop. leaf nodes are specific
INFO: dtree.c(1478): Final simple tree
|( QUESTION0_12_R 1 1.775e+03 1.534e+02 1.009e+02
|    ( QUESTION0 -1 7.979e+02 7.174e+01 4.800e+01
|        ( - 6.668e+02 1 0)
|        ( - 5.939e+01 1 0))
|    ( QUESTION0 -1 8.237e+02 1.105e+02 5.295e+01
|        ( - 5.131e+02 1 0)
|        ( - 2.001e+02 1 0)))
s>    ( QUESTION0_12_R 1 1.775e+03 1.534e+02 1.009e+02
s>        ( QUESTION0 -1 7.979e+02 7.174e+01 4.800e+01
s>            ( - 6.668e+02 1 0)
s>            ( - 5.939e+01 1 0))
s>        ( QUESTION0 -1 8.237e+02 1.105e+02 5.295e+01
s>            ( - 5.131e+02 1 0)
s>            ( - 2.001e+02 1 0)))INFO: dtree.c(1315): Comp split 25
INFO: dtree.c(1439): stop. leaf nodes are specific
INFO: dtree.c(1478): Final simple tree
|( QUESTION0_10_R 1 1.660e+03 1.663e+02 9.310e+01
|    ( QUESTION0 -1 9.618e+02 7.035e+01 5.703e+01
|        ( - 4.542e+01 1 0)
|        ( - 8.460e+02 1 0))
|    ( - 5.322e+02 1 0))
s>    ( QUESTION0_10_R 1 1.660e+03 1.663e+02 9.310e+01
s>        ( QUESTION0 -1 9.618e+02 7.035e+01 5.703e+01
s>            ( - 4.542e+01 1 0)
s>            ( - 8.460e+02 1 0))
s>        ( - 5.322e+02 1 0))INFO: dtree.c(1315): Comp split 26
INFO: dtree.c(1439): stop. leaf nodes are specific
INFO: dtree.c(1478): Final simple tree
|( QUESTION4 -1 2.589e+03 8.540e+01 1.468e+02
|    ( - 2.153e+03 1 0)
|    ( QUESTION0 -1 3.505e+02 4.009e+01 2.404e+01
|        ( QUESTION2_12_L -1 5.679e+01 1.244e+01 5.612e+00
|            ( - 7.545e+00 1 0)
|            ( - 3.681e+01 1 0))
|        ( - 2.537e+02 1 0)))
s>    ( QUESTION4 -1 2.589e+03 8.540e+01 1.468e+02
s>        ( - 2.153e+03 1 0)
s>        ( QUESTION0 -1 3.505e+02 4.009e+01 2.404e+01
s>            ( QUESTION2_12_L -1 5.679e+01 1.244e+01 5.612e+00
s>                ( - 7.545e+00 1 0)
s>                ( - 3.681e+01 1 0))
s>            ( - 2.537e+02 1 0)))INFO: dtree.c(1439): stop. leaf nodes are specific
INFO: dtree.c(1478): Final simple tree
|( QUESTION0 -1 2.051e+03 1.074e+02 1.121e+02
|    ( - 1.608e+03 2 0)
|    ( QUESTION10 -1 3.356e+02 4.465e+01 2.311e+01
|        ( QUESTION11 -1 3.358e+01 1.498e+01 4.000e+00
|            ( - 1.641e+01 1 0)
|            ( - 2.192e+00 1 0))
|        ( QUESTION4 -1 2.574e+02 1.381e+01 1.911e+01
|            ( - 2.432e+02 2 0)
|            ( - 3.810e-01 1 0))))
s>    ( QUESTION0 -1 2.051e+03 1.074e+02 1.121e+02
s>        ( - 1.608e+03 2 0)
s>        ( QUESTION10 -1 3.356e+02 4.465e+01 2.311e+01
s>            ( QUESTION11 -1 3.358e+01 1.498e+01 4.000e+00
s>                ( - 1.641e+01 1 0)
s>                ( - 2.192e+00 1 0))
s>            ( QUESTION4 -1 2.574e+02 1.381e+01 1.911e+01
s>                ( - 2.432e+02 2 0)
s>                ( - 3.810e-01 1 0))))INFO: dtree.c(1315): Comp split 27
INFO: dtree.c(1439): stop. leaf nodes are specific
INFO: dtree.c(1478): Final simple tree
|( QUESTION0_0_R 1 6.677e+02 6.946e+01 4.500e+01
|    ( - 8.115e+01 1 0)
|    ( - 5.171e+02 1 0))
s>    ( QUESTION0_0_R 1 6.677e+02 6.946e+01 4.500e+01
s>        ( - 8.115e+01 1 0)
s>        ( - 5.171e+02 1 0))INFO: dtree.c(1439): stop. leaf nodes are specific
INFO: dtree.c(1478): Final simple tree
|( QUESTION6 -1 1.676e+03 1.111e+02 9.320e+01
|    ( - 2.849e+02 2 0)
|    ( - 1.280e+03 2 0))
s>    ( QUESTION6 -1 1.676e+03 1.111e+02 9.320e+01
s>        ( - 2.849e+02 2 0)
s>        ( - 1.280e+03 2 0))INFO: dtree.c(1315): Comp split 28
INFO: dtree.c(1439): stop. leaf nodes are specific
INFO: dtree.c(1478): Final simple tree
|( QUESTION5 -1 1.507e+03 1.337e+02 8.896e+01
|    ( QUESTION6 -1 3.469e+02 6.576e+01 2.495e+01
|        ( - 1.542e+02 1 0)
|        ( QUESTION2_9_L -1 1.270e+02 2.800e+01 1.199e+01
|            ( - 1.568e+01 1 0)
|            ( - 8.334e+01 1 0)))
|    ( QUESTION0 -1 1.026e+03 8.212e+01 6.401e+01
|        ( - 6.804e+02 2 0)
|        ( - 2.638e+02 1 0)))
s>    ( QUESTION5 -1 1.507e+03 1.337e+02 8.896e+01
s>        ( QUESTION6 -1 3.469e+02 6.576e+01 2.495e+01
s>            ( - 1.542e+02 1 0)
s>            ( QUESTION2_9_L -1 1.270e+02 2.800e+01 1.199e+01
s>                ( - 1.568e+01 1 0)
s>                ( - 8.334e+01 1 0)))
s>        ( QUESTION0 -1 1.026e+03 8.212e+01 6.401e+01
s>            ( - 6.804e+02 2 0)
s>            ( - 2.638e+02 1 0)))INFO: dtree.c(1315): Comp split 29
INFO: dtree.c(1439): stop. leaf nodes are specific
INFO: dtree.c(1478): Final simple tree
|( QUESTION0 -1 3.223e+03 1.110e+02 1.832e+02
|    ( - 2.457e+03 2 0)
|    ( QUESTION4 -1 6.556e+02 7.148e+01 4.223e+01
|        ( - 3.474e+02 1 0)
|        ( - 2.367e+02 1 0)))
s>    ( QUESTION0 -1 3.223e+03 1.110e+02 1.832e+02
s>        ( - 2.457e+03 2 0)
s>        ( QUESTION4 -1 6.556e+02 7.148e+01 4.223e+01
s>            ( - 3.474e+02 1 0)
s>            ( - 2.367e+02 1 0)))INFO: dtree.c(1315): Comp split 30
INFO: dtree.c(1439): stop. leaf nodes are specific
INFO: dtree.c(1478): Final simple tree
|( QUESTION17 -1 1.320e+03 1.017e+02 7.970e+01
|    ( - 5.400e+02 1 0)
|    ( QUESTION2_5_L -1 6.778e+02 7.367e+01 4.282e+01
|        ( - 3.015e+02 1 0)
|        ( - 3.026e+02 1 0)))
s>    ( QUESTION17 -1 1.320e+03 1.017e+02 7.970e+01
s>        ( - 5.400e+02 1 0)
s>        ( QUESTION2_5_L -1 6.778e+02 7.367e+01 4.282e+01
s>            ( - 3.015e+02 1 0)
s>            ( - 3.026e+02 1 0)))INFO: dtree.c(1439): stop. leaf nodes are specific
INFO: dtree.c(1478): Final simple tree
|( SILENCE -1 2.662e+03 1.505e+02 1.456e+02
|    ( - 8.055e+02 1 0)
|    ( - 1.705e+03 2 0))
s>    ( SILENCE -1 2.662e+03 1.505e+02 1.456e+02
s>        ( - 8.055e+02 1 0)
s>        ( - 1.705e+03 2 0))INFO: dtree.c(1315): Comp split 31
INFO: dtree.c(1439): stop. leaf nodes are specific
INFO: dtree.c(1478): Final simple tree
|( QUESTION0 -1 1.366e+03 1.312e+02 7.923e+01
|    ( - 8.507e+02 1 0)
|    ( - 3.838e+02 1 0))
s>    ( QUESTION0 -1 1.366e+03 1.312e+02 7.923e+01
s>        ( - 8.507e+02 1 0)
s>        ( - 3.838e+02 1 0))INFO: dtree.c(1439): stop. leaf nodes are specific
INFO: dtree.c(1478): Final simple tree
|( QUESTION2_0_L -1 1.216e+03 9.627e+01 7.235e+01
|    ( - 2.042e+02 3 0)
|    ( - 9.154e+02 1 0))
s>    ( QUESTION2_0_L -1 1.216e+03 9.627e+01 7.235e+01
s>        ( - 2.042e+02 3 0)
s>        ( - 9.154e+02 1 0))INFO: dtree.c(1315): Comp split 32
INFO: dtree.c(1439): stop. leaf nodes are specific
INFO: dtree.c(1478): Final simple tree
|( QUESTION2_3_L -1 1.423e+03 1.220e+02 8.545e+01
|    ( - 8.216e+02 3 0)
|    ( QUESTION16 -1 4.797e+02 4.836e+01 3.314e+01
|        ( QUESTION2_9_L -1 3.914e+02 3.422e+01 2.812e+01
|            ( - 8.700e+00 1 0)
|            ( - 3.485e+02 1 0))
|        ( QUESTION0 -1 3.993e+01 1.380e+01 5.013e+00
|            ( - 1.297e+00 1 0)
|            ( - 2.483e+01 1 0))))
s>    ( QUESTION2_3_L -1 1.423e+03 1.220e+02 8.545e+01
s>        ( - 8.216e+02 3 0)
s>        ( QUESTION16 -1 4.797e+02 4.836e+01 3.314e+01
s>            ( QUESTION2_9_L -1 3.914e+02 3.422e+01 2.812e+01
s>                ( - 8.700e+00 1 0)
s>                ( - 3.485e+02 1 0))
s>            ( QUESTION0 -1 3.993e+01 1.380e+01 5.013e+00
s>                ( - 1.297e+00 1 0)
s>                ( - 2.483e+01 1 0))))INFO: dtree.c(1439): stop. leaf nodes are specific
INFO: dtree.c(1478): Final simple tree
|( QUESTION4 -1 2.631e+03 1.425e+02 1.540e+02
|    ( - 1.667e+03 1 0)
|    ( QUESTION6 -1 8.222e+02 7.280e+01 5.316e+01
|        ( - 2.627e+02 1 0)
|        ( - 4.868e+02 1 0)))
s>    ( QUESTION4 -1 2.631e+03 1.425e+02 1.540e+02
s>        ( - 1.667e+03 1 0)
s>        ( QUESTION6 -1 8.222e+02 7.280e+01 5.316e+01
s>            ( - 2.627e+02 1 0)
s>            ( - 4.868e+02 1 0)))INFO: dtree.c(1315): Comp split 33
INFO: dtree.c(1439): stop. leaf nodes are specific
INFO: dtree.c(1478): Final simple tree
|( QUESTION0_8_R 1 4.169e+02 6.237e+01 2.800e+01
|    ( - 2.228e+02 2 0)
|    ( - 1.317e+02 1 0))
s>    ( QUESTION0_8_R 1 4.169e+02 6.237e+01 2.800e+01
s>        ( - 2.228e+02 2 0)
s>        ( - 1.317e+02 1 0))INFO: dtree.c(1439): stop. leaf nodes are specific
INFO: dtree.c(1478): Final simple tree
|( QUESTION0_8_R 1 1.571e+03 1.016e+02 9.262e+01
|    ( - 1.240e+02 1 0)
|    ( - 1.346e+03 1 0))
s>    ( QUESTION0_8_R 1 1.571e+03 1.016e+02 9.262e+01
s>        ( - 1.240e+02 1 0)
s>        ( - 1.346e+03 1 0))INFO: dtree.c(1315): Comp split 34
INFO: dtree.c(1439): stop. leaf nodes are specific
INFO: dtree.c(1478): Final simple tree
|( QUESTION0 -1 9.618e+02 7.035e+01 5.703e+01
|    ( - 4.542e+01 1 0)
|    ( - 8.460e+02 1 0))
s>    ( QUESTION0 -1 9.618e+02 7.035e+01 5.703e+01
s>        ( - 4.542e+01 1 0)
s>        ( - 8.460e+02 1 0))INFO: dtree.c(1315): Comp split 35
INFO: dtree.c(1439): stop. leaf nodes are specific
INFO: dtree.c(1478): Final simple tree
|( QUESTION7 1 5.043e+02 9.144e+01 3.197e+01
|    ( QUESTION0_18_R 1 2.422e+02 4.731e+01 1.800e+01
|        ( QUESTION0 -1 1.374e+02 2.695e+01 1.200e+01
|            ( - 1.045e+02 1 0)
|            ( - 6.000e+00 1 0))
|        ( - 5.745e+01 1 0))
|    ( - 1.707e+02 1 0))
s>    ( QUESTION7 1 5.043e+02 9.144e+01 3.197e+01
s>        ( QUESTION0_18_R 1 2.422e+02 4.731e+01 1.800e+01
s>            ( QUESTION0 -1 1.374e+02 2.695e+01 1.200e+01
s>                ( - 1.045e+02 1 0)
s>                ( - 6.000e+00 1 0))
s>            ( - 5.745e+01 1 0))
s>        ( - 1.707e+02 1 0))INFO: dtree.c(1315): Comp split 36
INFO: dtree.c(1439): stop. leaf nodes are specific
INFO: dtree.c(1478): Final simple tree
|( QUESTION0_0_R 1 7.580e+02 9.766e+01 4.600e+01
|    ( - 4.509e+02 1 0)
|    ( - 2.094e+02 1 0))
s>    ( QUESTION0_0_R 1 7.580e+02 9.766e+01 4.600e+01
s>        ( - 4.509e+02 1 0)
s>        ( - 2.094e+02 1 0))INFO: dtree.c(1439): stop. leaf nodes are specific
INFO: dtree.c(1478): Final simple tree
|( QUESTION6 -1 5.888e+02 6.027e+01 4.100e+01
|    ( - 5.801e+01 1 0)
|    ( - 4.706e+02 1 0))
s>    ( QUESTION6 -1 5.888e+02 6.027e+01 4.100e+01
s>        ( - 5.801e+01 1 0)
s>        ( - 4.706e+02 1 0))INFO: dtree.c(1315): Comp split 37
INFO: dtree.c(1439): stop. leaf nodes are specific
INFO: dtree.c(1478): Final simple tree
|( WDBNDRY_E 0 3.887e+02 4.728e+01 2.700e+01
|    ( - 3.172e+02 1 0)
|    ( - 2.416e+01 1 0))
s>    ( WDBNDRY_E 0 3.887e+02 4.728e+01 2.700e+01
s>        ( - 3.172e+02 1 0)
s>        ( - 2.416e+01 1 0))INFO: dtree.c(1315): Comp split 38
INFO: dtree.c(1439): stop. leaf nodes are specific
INFO: dtree.c(1478): Final simple tree
|( QUESTION0_18_R 1 1.918e+02 4.522e+01 1.600e+01
|    ( - 1.135e+02 1 0)
|    ( - 3.317e+01 1 0))
s>    ( QUESTION0_18_R 1 1.918e+02 4.522e+01 1.600e+01
s>        ( - 1.135e+02 1 0)
s>        ( - 3.317e+01 1 0))INFO: dtree.c(1315): Comp split 39
INFO: dtree.c(1439): stop. leaf nodes are specific
INFO: dtree.c(1478): Final simple tree
|( QUESTION0 -1 8.237e+02 1.105e+02 5.295e+01
|    ( - 5.131e+02 1 0)
|    ( - 2.001e+02 1 0))
s>    ( QUESTION0 -1 8.237e+02 1.105e+02 5.295e+01
s>        ( - 5.131e+02 1 0)
s>        ( - 2.001e+02 1 0))INFO: dtree.c(1439): stop. leaf nodes are specific
INFO: dtree.c(1478): Final simple tree
|( QUESTION0 -1 7.979e+02 7.174e+01 4.800e+01
|    ( - 6.668e+02 1 0)
|    ( - 5.939e+01 1 0))
s>    ( QUESTION0 -1 7.979e+02 7.174e+01 4.800e+01
s>        ( - 6.668e+02 1 0)
s>        ( - 5.939e+01 1 0))INFO: dtree.c(1315): Comp split 40
INFO: dtree.c(1315): Comp split 41
INFO: dtree.c(1315): Comp split 42
INFO: dtree.c(1439): stop. leaf nodes are specific
INFO: dtree.c(1478): Final simple tree
|( QUESTION6 -1 8.222e+02 7.280e+01 5.316e+01
|    ( - 2.627e+02 1 0)
|    ( - 4.868e+02 1 0))
s>    ( QUESTION6 -1 8.222e+02 7.280e+01 5.316e+01
s>        ( - 2.627e+02 1 0)
s>        ( - 4.868e+02 1 0))INFO: dtree.c(1315): Comp split 43
INFO: dtree.c(1439): stop. leaf nodes are specific
INFO: dtree.c(1478): Final simple tree
|( QUESTION6 -1 3.469e+02 6.576e+01 2.495e+01
|    ( - 1.542e+02 1 0)
|    ( QUESTION2_9_L -1 1.270e+02 2.800e+01 1.199e+01
|        ( - 1.568e+01 1 0)
|        ( - 8.334e+01 1 0)))
s>    ( QUESTION6 -1 3.469e+02 6.576e+01 2.495e+01
s>        ( - 1.542e+02 1 0)
s>        ( QUESTION2_9_L -1 1.270e+02 2.800e+01 1.199e+01
s>            ( - 1.568e+01 1 0)
s>            ( - 8.334e+01 1 0)))INFO: dtree.c(1439): stop. leaf nodes are specific
INFO: dtree.c(1478): Final simple tree
|( QUESTION0 -1 1.026e+03 8.212e+01 6.401e+01
|    ( - 6.804e+02 2 0)
|    ( - 2.638e+02 1 0))
s>    ( QUESTION0 -1 1.026e+03 8.212e+01 6.401e+01
s>        ( - 6.804e+02 2 0)
s>        ( - 2.638e+02 1 0))INFO: dtree.c(1315): Comp split 44
INFO: dtree.c(1439): stop. leaf nodes are specific
INFO: dtree.c(1478): Final simple tree
|( QUESTION0 -1 2.982e+02 6.436e+01 2.200e+01
|    ( - 1.857e+02 1 0)
|    ( - 4.813e+01 1 0))
s>    ( QUESTION0 -1 2.982e+02 6.436e+01 2.200e+01
s>        ( - 1.857e+02 1 0)
s>        ( - 4.813e+01 1 0))INFO: dtree.c(1315): Comp split 45
INFO: dtree.c(1315): Comp split 46
INFO: dtree.c(1315): Comp split 47
INFO: dtree.c(1439): stop. leaf nodes are specific
INFO: dtree.c(1478): Final simple tree
|( QUESTION16 -1 4.797e+02 4.836e+01 3.314e+01
|    ( QUESTION2_9_L -1 3.914e+02 3.422e+01 2.812e+01
|        ( - 8.700e+00 1 0)
|        ( - 3.485e+02 1 0))
|    ( QUESTION0 -1 3.993e+01 1.380e+01 5.013e+00
|        ( - 1.297e+00 1 0)
|        ( - 2.483e+01 1 0)))
s>    ( QUESTION16 -1 4.797e+02 4.836e+01 3.314e+01
s>        ( QUESTION2_9_L -1 3.914e+02 3.422e+01 2.812e+01
s>            ( - 8.700e+00 1 0)
s>            ( - 3.485e+02 1 0))
s>        ( QUESTION0 -1 3.993e+01 1.380e+01 5.013e+00
s>            ( - 1.297e+00 1 0)
s>            ( - 2.483e+01 1 0)))INFO: dtree.c(1315): Comp split 48
INFO: dtree.c(1315): Comp split 49
INFO: dtree.c(1315): Comp split 50
INFO: dtree.c(1439): stop. leaf nodes are specific
INFO: dtree.c(1478): Final simple tree
|( QUESTION4 -1 6.556e+02 7.148e+01 4.223e+01
|    ( - 3.474e+02 1 0)
|    ( - 2.367e+02 1 0))
s>    ( QUESTION4 -1 6.556e+02 7.148e+01 4.223e+01
s>        ( - 3.474e+02 1 0)
s>        ( - 2.367e+02 1 0))INFO: dtree.c(1315): Comp split 51
INFO: dtree.c(1315): Comp split 52
INFO: dtree.c(1439): stop. leaf nodes are specific
INFO: dtree.c(1478): Final simple tree
|( QUESTION4 -1 3.203e+02 4.349e+01 2.211e+01
|    ( - 2.432e+02 2 0)
|    ( QUESTION11 -1 3.358e+01 1.498e+01 4.000e+00
|        ( - 1.641e+01 1 0)
|        ( - 2.192e+00 1 0)))
s>    ( QUESTION4 -1 3.203e+02 4.349e+01 2.211e+01
s>        ( - 2.432e+02 2 0)
s>        ( QUESTION11 -1 3.358e+01 1.498e+01 4.000e+00
s>            ( - 1.641e+01 1 0)
s>            ( - 2.192e+00 1 0)))INFO: dtree.c(1439): stop. leaf nodes are specific
INFO: dtree.c(1478): Final simple tree
|( QUESTION0 -1 1.623e+03 1.495e+01 8.995e+01
|    ( - 1.608e+03 2 0)
|    ( - 3.810e-01 1 0))
s>    ( QUESTION0 -1 1.623e+03 1.495e+01 8.995e+01
s>        ( - 1.608e+03 2 0)
s>        ( - 3.810e-01 1 0))INFO: dtree.c(1315): Comp split 53
INFO: dtree.c(1439): stop. leaf nodes are specific
INFO: dtree.c(1478): Final simple tree
|( QUESTION2_5_L -1 6.778e+02 7.367e+01 4.282e+01
|    ( - 3.015e+02 1 0)
|    ( - 3.026e+02 1 0))
s>    ( QUESTION2_5_L -1 6.778e+02 7.367e+01 4.282e+01
s>        ( - 3.015e+02 1 0)
s>        ( - 3.026e+02 1 0))INFO: dtree.c(1315): Comp split 54
INFO: dtree.c(1315): Comp split 55
INFO: dtree.c(1315): Comp split 56
INFO: dtree.c(1315): Comp split 57
INFO: dtree.c(1439): stop. leaf nodes are specific
INFO: dtree.c(1478): Final simple tree
|( QUESTION16 -1 1.102e+02 3.282e+01 1.000e+01
|    ( - 5.369e+01 1 0)
|    ( QUESTION0_10_R 1 2.367e+01 1.289e+01 4.000e+00
|        ( - 1.078e+01 1 0)
|        ( - 0.000e+00 1 0)))
s>    ( QUESTION16 -1 1.102e+02 3.282e+01 1.000e+01
s>        ( - 5.369e+01 1 0)
s>        ( QUESTION0_10_R 1 2.367e+01 1.289e+01 4.000e+00
s>            ( - 1.078e+01 1 0)
s>            ( - 0.000e+00 1 0)))INFO: dtree.c(1315): Comp split 58
INFO: dtree.c(1315): Comp split 59
INFO: dtree.c(1439): stop. leaf nodes are specific
INFO: dtree.c(1478): Final simple tree
|( QUESTION0_18_R 1 2.422e+02 4.731e+01 1.800e+01
|    ( QUESTION0 -1 1.374e+02 2.695e+01 1.200e+01
|        ( - 1.045e+02 1 0)
|        ( - 6.000e+00 1 0))
|    ( - 5.745e+01 1 0))
s>    ( QUESTION0_18_R 1 2.422e+02 4.731e+01 1.800e+01
s>        ( QUESTION0 -1 1.374e+02 2.695e+01 1.200e+01
s>            ( - 1.045e+02 1 0)
s>            ( - 6.000e+00 1 0))
s>        ( - 5.745e+01 1 0))INFO: dtree.c(1315): Comp split 60
INFO: dtree.c(1315): Comp split 61
INFO: dtree.c(1439): stop. leaf nodes are specific
INFO: dtree.c(1478): Final simple tree
|( QUESTION0 -1 3.505e+02 4.009e+01 2.404e+01
|    ( QUESTION2_12_L -1 5.679e+01 1.244e+01 5.612e+00
|        ( - 7.545e+00 1 0)
|        ( - 3.681e+01 1 0))
|    ( - 2.537e+02 1 0))
s>    ( QUESTION0 -1 3.505e+02 4.009e+01 2.404e+01
s>        ( QUESTION2_12_L -1 5.679e+01 1.244e+01 5.612e+00
s>            ( - 7.545e+00 1 0)
s>            ( - 3.681e+01 1 0))
s>        ( - 2.537e+02 1 0))INFO: dtree.c(1315): Comp split 62
INFO: dtree.c(1315): Comp split 63
INFO: dtree.c(1315): Comp split 64
INFO: dtree.c(1315): Comp split 65
INFO: dtree.c(1315): Comp split 66
INFO: dtree.c(1315): Comp split 67
INFO: dtree.c(1315): Comp split 68
INFO: dtree.c(1315): Comp split 69
INFO: dtree.c(1315): Comp split 70
INFO: dtree.c(1439): stop. leaf nodes are specific
INFO: dtree.c(1478): Final simple tree
|( QUESTION2_9_L -1 1.270e+02 2.800e+01 1.199e+01
|    ( - 1.568e+01 1 0)
|    ( - 8.334e+01 1 0))
s>    ( QUESTION2_9_L -1 1.270e+02 2.800e+01 1.199e+01
s>        ( - 1.568e+01 1 0)
s>        ( - 8.334e+01 1 0))INFO: dtree.c(1315): Comp split 71
INFO: dtree.c(1439): stop. leaf nodes are specific
INFO: dtree.c(1478): Final simple tree
|( QUESTION6 -1 6.558e+01 2.339e+01 7.013e+00
|    ( - 2.483e+01 1 0)
|    ( QUESTION0 -1 1.735e+01 7.357e+00 3.000e+00
|        ( - 1.297e+00 1 0)
|        ( - 8.700e+00 1 0)))
s>    ( QUESTION6 -1 6.558e+01 2.339e+01 7.013e+00
s>        ( - 2.483e+01 1 0)
s>        ( QUESTION0 -1 1.735e+01 7.357e+00 3.000e+00
s>            ( - 1.297e+00 1 0)
s>            ( - 8.700e+00 1 0)))INFO: dtree.c(1315): Comp split 72
INFO: dtree.c(1315): Comp split 73
INFO: dtree.c(1315): Comp split 74
INFO: dtree.c(1315): Comp split 75
INFO: dtree.c(1439): stop. leaf nodes are specific
INFO: dtree.c(1478): Final simple tree
|( QUESTION0_18_R 1 7.873e+01 1.529e+01 8.000e+00
|    ( - 6.000e+00 1 0)
|    ( - 5.745e+01 1 0))
s>    ( QUESTION0_18_R 1 7.873e+01 1.529e+01 8.000e+00
s>        ( - 6.000e+00 1 0)
s>        ( - 5.745e+01 1 0))INFO: dtree.c(1315): Comp split 76
INFO: dtree.c(1315): Comp split 77
INFO: dtree.c(1315): Comp split 78
INFO: dtree.c(1315): Comp split 79
INFO: dtree.c(1439): stop. leaf nodes are specific
INFO: dtree.c(1478): Final simple tree
|( QUESTION11 -1 3.358e+01 1.498e+01 4.000e+00
|    ( - 1.641e+01 1 0)
|    ( - 2.192e+00 1 0))
s>    ( QUESTION11 -1 3.358e+01 1.498e+01 4.000e+00
s>        ( - 1.641e+01 1 0)
s>        ( - 2.192e+00 1 0))INFO: dtree.c(1315): Comp split 80
INFO: dtree.c(1439): stop. leaf nodes are specific
INFO: dtree.c(1478): Final simple tree
|( QUESTION2_12_L -1 5.679e+01 1.244e+01 5.612e+00
|    ( - 7.545e+00 1 0)
|    ( - 3.681e+01 1 0))
s>    ( QUESTION2_12_L -1 5.679e+01 1.244e+01 5.612e+00
s>        ( - 7.545e+00 1 0)
s>        ( - 3.681e+01 1 0))INFO: dtree.c(1315): Comp split 81
INFO: dtree.c(1439): stop. leaf nodes are specific
INFO: dtree.c(1478): Final simple tree
|( QUESTION0_10_R 1 2.367e+01 1.289e+01 4.000e+00
|    ( - 1.078e+01 1 0)
|    ( - 0.000e+00 1 0))
s>    ( QUESTION0_10_R 1 2.367e+01 1.289e+01 4.000e+00
s>        ( - 1.078e+01 1 0)
s>        ( - 0.000e+00 1 0))INFO: dtree.c(1315): Comp split 82
INFO: dtree.c(1315): Comp split 83
INFO: dtree.c(1439): stop. leaf nodes are specific
INFO: dtree.c(1478): Final simple tree
|( QUESTION0 -1 1.735e+01 7.357e+00 3.000e+00
|    ( - 1.297e+00 1 0)
|    ( - 8.700e+00 1 0))
s>    ( QUESTION0 -1 1.735e+01 7.357e+00 3.000e+00
s>        ( - 1.297e+00 1 0)
s>        ( - 8.700e+00 1 0))INFO: dtree.c(1315): Comp split 84
INFO: dtree.c(1315): Comp split 85
INFO: dtree.c(1315): Comp split 86
INFO: dtree.c(1315): Comp split 87
INFO: dtree.c(1315): Comp split 88
INFO: dtree.c(1315): Comp split 89
INFO: dtree.c(1315): Comp split 90
INFO: dtree.c(1318): stop. leaf nodes are specific
Sun Mar 12 05:25:01 2017
