Current configuration:
[NAME]		[DEFLT]	[VALUE]
-allphones	no	no
-cntthresh	0.00001	1.000000e-05
-csplitmax	100	2000
-csplitmin	1	1
-csplitthr	8e-4	0.000000e+00
-example	no	no
-fullvar	no	no
-help		no	no
-meanfn			
-mixwfn			/home/gaurav/python-scripts/py/scripts/sphinx-source2/an4/model_parameters/an4.cd_ptm_untied/mixture_weights
-moddeffn		/home/gaurav/python-scripts/py/scripts/sphinx-source2/an4/model_architecture/an4.untied.mdef
-mwfloor	1e-4	1.000000e-08
-phone			T
-psetfn			/home/gaurav/python-scripts/py/scripts/sphinx-source2/an4/model_architecture/an4.tree_questions
-ssplitmax	5	7
-ssplitmin	1	1
-ssplitthr	8e-4	0.000000e+00
-state			0
-stwt			1.0,0.05,0.0,
-treefn			/home/gaurav/python-scripts/py/scripts/sphinx-source2/an4/trees/an4.unpruned/T-0.dtree
-ts2cbfn	.semi.	.semi.
-varfloor	0.00001	1.000000e-05
-varfn			

INFO: main.c(223): Reading: /home/gaurav/python-scripts/py/scripts/sphinx-source2/an4/model_architecture/an4.untied.mdef
INFO: model_def_io.c(573): Model definition info:
INFO: model_def_io.c(574): 1618 total models defined (34 base, 1584 tri)
INFO: model_def_io.c(575): 6472 total states
INFO: model_def_io.c(576): 4854 total tied states
INFO: model_def_io.c(577): 102 total tied CI states
INFO: model_def_io.c(578): 34 total tied transition matrices
INFO: model_def_io.c(579): 4 max state/model
INFO: model_def_io.c(580): 4 min state/model
INFO: main.c(242): Building trees for [T AH IY b] through [T V W b]
INFO: main.c(269): Covering states |[4080 4361]| == 282
INFO: main.c(275): Reading: /home/gaurav/python-scripts/py/scripts/sphinx-source2/an4/model_parameters/an4.cd_ptm_untied/mixture_weights
INFO: s3mixw_io.c(173): Read /home/gaurav/python-scripts/py/scripts/sphinx-source2/an4/model_parameters/an4.cd_ptm_untied/mixture_weights [282x4x64 array]
INFO: main.c(311): 94 of 94 models have observation count greater than 0.000010
INFO: main.c(95): nrm stwt: 0.952 0.048 0.000 
INFO: main.c(411): 94-class entropy: 7.645370e+04
INFO: main.c(549): Reading: /home/gaurav/python-scripts/py/scripts/sphinx-source2/an4/model_architecture/an4.tree_questions
INFO: main.c(588): 180 total simple questions (172 phone; 8 word bndry)
INFO: main.c(590): 42 Left Only questions, and 42 Right Only questions
INFO: dtree.c(1478): Final simple tree
|( QUESTION0 -1 9.561e+04 2.110e+03 4.721e+03
|    ( QUESTION1 1 5.133e+04 6.446e+02 2.643e+03
|        ( - 2.286e+04 9 0 QUESTION2_12_L -1 4.471e+02 1.202e+03)
|        ( WDBNDRY_E 0 2.782e+04 5.744e+02 1.441e+03
|            ( - 1.376e+04 10 0 QUESTION0_16_R 1 2.746e+02 7.270e+02)
|            ( - 1.348e+04 13 0 QUESTION1 -1 3.923e+02 7.142e+02)))
|    ( WDBNDRY_I 0 4.218e+04 1.061e+03 2.078e+03
|        ( QUESTION2_1_L -1 1.176e+04 7.372e+02 5.906e+02
|            ( - 7.275e+03 5 0 QUESTION0_0_R 1 2.692e+02 4.007e+02)
|            ( - 3.752e+03 4 0 QUESTION16 -1 3.776e+02 1.899e+02))
|        ( QUESTION4 -1 2.935e+04 6.032e+02 1.487e+03
|            ( QUESTION2_1_L -1 9.622e+03 5.707e+02 5.004e+02
|                ( - 5.946e+03 9 0 QUESTION2 1 2.675e+02 3.308e+02)
|                ( - 3.105e+03 4 0 QUESTION1 1 1.888e+02 1.696e+02))
|            ( - 1.913e+04 40 0 QUESTION2_5_L -1 4.667e+02 9.869e+02))))
s>    ( QUESTION0 -1 9.561e+04 2.110e+03 4.721e+03
s>        ( QUESTION1 1 5.133e+04 6.446e+02 2.643e+03
s>            ( - 2.286e+04 9 0 QUESTION2_12_L -1 4.471e+02 1.202e+03)
s>            ( WDBNDRY_E 0 2.782e+04 5.744e+02 1.441e+03
s>                ( - 1.376e+04 10 0 QUESTION0_16_R 1 2.746e+02 7.270e+02)
s>                ( - 1.348e+04 13 0 QUESTION1 -1 3.923e+02 7.142e+02)))
s>        ( WDBNDRY_I 0 4.218e+04 1.061e+03 2.078e+03
s>            ( QUESTION2_1_L -1 1.176e+04 7.372e+02 5.906e+02
s>                ( - 7.275e+03 5 0 QUESTION0_0_R 1 2.692e+02 4.007e+02)
s>                ( - 3.752e+03 4 0 QUESTION16 -1 3.776e+02 1.899e+02))
s>            ( QUESTION4 -1 2.935e+04 6.032e+02 1.487e+03
s>                ( QUESTION2_1_L -1 9.622e+03 5.707e+02 5.004e+02
s>                    ( - 5.946e+03 9 0 QUESTION2 1 2.675e+02 3.308e+02)
s>                    ( - 3.105e+03 4 0 QUESTION1 1 1.888e+02 1.696e+02))
s>                ( - 1.913e+04 40 0 QUESTION2_5_L -1 4.667e+02 9.869e+02))))INFO: dtree.c(1315): Comp split 0
INFO: dtree.c(1478): Final simple tree
|( WDBNDRY_I 0 4.218e+04 1.061e+03 2.078e+03
|    ( QUESTION2_1_L -1 1.176e+04 7.372e+02 5.906e+02
|        ( - 7.275e+03 5 0 QUESTION0_0_R 1 2.692e+02 4.007e+02)
|        ( QUESTION16 -1 3.752e+03 3.776e+02 1.899e+02
|            ( - 1.198e+03 2 0 QUESTION17 -1 3.343e+01 7.179e+01)
|            ( - 2.176e+03 2 0 QUESTION0_0_R 1 1.564e+02 1.182e+02)))
|    ( QUESTION4 -1 2.935e+04 6.032e+02 1.487e+03
|        ( QUESTION2_1_L -1 9.622e+03 5.707e+02 5.004e+02
|            ( - 5.946e+03 9 0 QUESTION2 1 2.675e+02 3.308e+02)
|            ( - 3.105e+03 4 0 QUESTION1 1 1.888e+02 1.696e+02))
|        ( QUESTION2_5_L -1 1.913e+04 4.667e+02 9.869e+02
|            ( - 6.889e+03 4 0 QUESTION0_0_R 1 1.290e+02 3.825e+02)
|            ( SILENCE -1 1.177e+04 4.325e+02 6.044e+02
|                ( - 3.218e+03 4 0 QUESTION2 1 1.779e+02 1.887e+02)
|                ( - 8.123e+03 32 0 QUESTION2_2_L -1 3.160e+02 4.157e+02)))))
s>    ( WDBNDRY_I 0 4.218e+04 1.061e+03 2.078e+03
s>        ( QUESTION2_1_L -1 1.176e+04 7.372e+02 5.906e+02
s>            ( - 7.275e+03 5 0 QUESTION0_0_R 1 2.692e+02 4.007e+02)
s>            ( QUESTION16 -1 3.752e+03 3.776e+02 1.899e+02
s>                ( - 1.198e+03 2 0 QUESTION17 -1 3.343e+01 7.179e+01)
s>                ( - 2.176e+03 2 0 QUESTION0_0_R 1 1.564e+02 1.182e+02)))
s>        ( QUESTION4 -1 2.935e+04 6.032e+02 1.487e+03
s>            ( QUESTION2_1_L -1 9.622e+03 5.707e+02 5.004e+02
s>                ( - 5.946e+03 9 0 QUESTION2 1 2.675e+02 3.308e+02)
s>                ( - 3.105e+03 4 0 QUESTION1 1 1.888e+02 1.696e+02))
s>            ( QUESTION2_5_L -1 1.913e+04 4.667e+02 9.869e+02
s>                ( - 6.889e+03 4 0 QUESTION0_0_R 1 1.290e+02 3.825e+02)
s>                ( SILENCE -1 1.177e+04 4.325e+02 6.044e+02
s>                    ( - 3.218e+03 4 0 QUESTION2 1 1.779e+02 1.887e+02)
s>                    ( - 8.123e+03 32 0 QUESTION2_2_L -1 3.160e+02 4.157e+02)))))INFO: dtree.c(1478): Final simple tree
|( QUESTION1 1 5.133e+04 6.446e+02 2.643e+03
|    ( QUESTION2_12_L -1 2.286e+04 4.471e+02 1.202e+03
|        ( - 7.665e+03 1 0)
|        ( WDBNDRY_B 0 1.475e+04 3.197e+02 7.759e+02
|            ( QUESTION1 -1 1.326e+04 3.029e+02 7.097e+02
|                ( - 9.074e+03 2 0)
|                ( - 3.888e+03 4 0 QUESTION2_0_L -1 2.163e+02 2.085e+02))
|            ( - 1.166e+03 2 0 WDBNDRY_E 0 1.118e+02 6.621e+01)))
|    ( WDBNDRY_E 0 2.782e+04 5.744e+02 1.441e+03
|        ( - 1.376e+04 10 0 QUESTION0_16_R 1 2.746e+02 7.270e+02)
|        ( QUESTION1 -1 1.348e+04 3.923e+02 7.142e+02
|            ( - 6.280e+03 5 0 QUESTION0_0_R 1 1.880e+02 3.463e+02)
|            ( QUESTION2_0_L -1 6.811e+03 3.502e+02 3.679e+02
|                ( - 5.312e+03 5 0 QUESTION0_0_R 1 1.386e+02 2.798e+02)
|                ( - 1.148e+03 3 0 QUESTION0_9_R 1 1.230e+02 8.810e+01)))))
s>    ( QUESTION1 1 5.133e+04 6.446e+02 2.643e+03
s>        ( QUESTION2_12_L -1 2.286e+04 4.471e+02 1.202e+03
s>            ( - 7.665e+03 1 0)
s>            ( WDBNDRY_B 0 1.475e+04 3.197e+02 7.759e+02
s>                ( QUESTION1 -1 1.326e+04 3.029e+02 7.097e+02
s>                    ( - 9.074e+03 2 0)
s>                    ( - 3.888e+03 4 0 QUESTION2_0_L -1 2.163e+02 2.085e+02))
s>                ( - 1.166e+03 2 0 WDBNDRY_E 0 1.118e+02 6.621e+01)))
s>        ( WDBNDRY_E 0 2.782e+04 5.744e+02 1.441e+03
s>            ( - 1.376e+04 10 0 QUESTION0_16_R 1 2.746e+02 7.270e+02)
s>            ( QUESTION1 -1 1.348e+04 3.923e+02 7.142e+02
s>                ( - 6.280e+03 5 0 QUESTION0_0_R 1 1.880e+02 3.463e+02)
s>                ( QUESTION2_0_L -1 6.811e+03 3.502e+02 3.679e+02
s>                    ( - 5.312e+03 5 0 QUESTION0_0_R 1 1.386e+02 2.798e+02)
s>                    ( - 1.148e+03 3 0 QUESTION0_9_R 1 1.230e+02 8.810e+01)))))INFO: dtree.c(1315): Comp split 1
INFO: dtree.c(1478): Final simple tree
|( QUESTION20 -1 2.722e+04 5.486e+02 1.390e+03
|    ( QUESTION2_5_L -1 1.094e+04 4.673e+02 5.743e+02
|        ( - 6.889e+03 4 0 QUESTION0_0_R 1 1.290e+02 3.825e+02)
|        ( WDBNDRY_B 0 3.579e+03 2.600e+02 1.918e+02
|            ( - 1.709e+03 5 0 QUESTION1 1 1.568e+02 1.010e+02)
|            ( - 1.610e+03 2 0 WDBNDRY_E 0 1.687e+02 9.079e+01)))
|    ( SILENCE -1 1.574e+04 5.133e+02 8.152e+02
|        ( - 3.218e+03 4 0 QUESTION2 1 1.779e+02 1.887e+02)
|        ( WDBNDRY_B 0 1.201e+04 3.042e+02 6.265e+02
|            ( QUESTION1 1 9.177e+03 2.851e+02 4.983e+02
|                ( - 3.610e+03 4 0 QUESTION4 -1 1.642e+02 2.068e+02)
|                ( QUESTION16 -1 5.282e+03 2.467e+02 2.914e+02
|                    ( - 1.471e+03 2 0 QUESTION0_0_R 1 1.065e+02 9.300e+01)
|                    ( - 3.564e+03 9 0 QUESTION7 -1 2.350e+02 1.984e+02)))
|            ( - 2.526e+03 21 0 QUESTION0_0_R 1 2.252e+02 1.282e+02))))
s>    ( QUESTION20 -1 2.722e+04 5.486e+02 1.390e+03
s>        ( QUESTION2_5_L -1 1.094e+04 4.673e+02 5.743e+02
s>            ( - 6.889e+03 4 0 QUESTION0_0_R 1 1.290e+02 3.825e+02)
s>            ( WDBNDRY_B 0 3.579e+03 2.600e+02 1.918e+02
s>                ( - 1.709e+03 5 0 QUESTION1 1 1.568e+02 1.010e+02)
s>                ( - 1.610e+03 2 0 WDBNDRY_E 0 1.687e+02 9.079e+01)))
s>        ( SILENCE -1 1.574e+04 5.133e+02 8.152e+02
s>            ( - 3.218e+03 4 0 QUESTION2 1 1.779e+02 1.887e+02)
s>            ( WDBNDRY_B 0 1.201e+04 3.042e+02 6.265e+02
s>                ( QUESTION1 1 9.177e+03 2.851e+02 4.983e+02
s>                    ( - 3.610e+03 4 0 QUESTION4 -1 1.642e+02 2.068e+02)
s>                    ( QUESTION16 -1 5.282e+03 2.467e+02 2.914e+02
s>                        ( - 1.471e+03 2 0 QUESTION0_0_R 1 1.065e+02 9.300e+01)
s>                        ( - 3.564e+03 9 0 QUESTION7 -1 2.350e+02 1.984e+02)))
s>                ( - 2.526e+03 21 0 QUESTION0_0_R 1 2.252e+02 1.282e+02))))INFO: dtree.c(1478): Final simple tree
|( QUESTION2_1_L -1 1.368e+04 8.991e+02 6.884e+02
|    ( QUESTION0_0_R 1 7.275e+03 2.692e+02 4.007e+02
|        ( QUESTION0_1_R 1 5.745e+03 8.483e+01 3.190e+02
|            ( - 5.589e+03 2 0)
|            ( - 7.136e+01 2 0 QUESTION0_3_R 1 1.647e+01 7.000e+00))
|        ( - 1.260e+03 1 0))
|    ( QUESTION2 1 5.510e+03 2.412e+02 2.877e+02
|        ( QUESTION0_0_R 1 2.206e+03 1.302e+02 1.258e+02
|            ( - 1.843e+03 1 0)
|            ( - 2.327e+02 1 0))
|        ( WDBNDRY_B 0 3.063e+03 1.607e+02 1.620e+02
|            ( - 7.261e+02 2 0 QUESTION0_0_R 1 8.345e+01 4.383e+01)
|            ( QUESTION0_0_R 1 2.176e+03 1.564e+02 1.182e+02
|                ( - 1.767e+03 1 0)
|                ( - 2.530e+02 1 0)))))
s>    ( QUESTION2_1_L -1 1.368e+04 8.991e+02 6.884e+02
s>        ( QUESTION0_0_R 1 7.275e+03 2.692e+02 4.007e+02
s>            ( QUESTION0_1_R 1 5.745e+03 8.483e+01 3.190e+02
s>                ( - 5.589e+03 2 0)
s>                ( - 7.136e+01 2 0 QUESTION0_3_R 1 1.647e+01 7.000e+00))
s>            ( - 1.260e+03 1 0))
s>        ( QUESTION2 1 5.510e+03 2.412e+02 2.877e+02
s>            ( QUESTION0_0_R 1 2.206e+03 1.302e+02 1.258e+02
s>                ( - 1.843e+03 1 0)
s>                ( - 2.327e+02 1 0))
s>            ( WDBNDRY_B 0 3.063e+03 1.607e+02 1.620e+02
s>                ( - 7.261e+02 2 0 QUESTION0_0_R 1 8.345e+01 4.383e+01)
s>                ( QUESTION0_0_R 1 2.176e+03 1.564e+02 1.182e+02
s>                    ( - 1.767e+03 1 0)
s>                    ( - 2.530e+02 1 0)))))INFO: dtree.c(1315): Comp split 2
INFO: dtree.c(1439): stop. leaf nodes are specific
INFO: dtree.c(1478): Final simple tree
|( QUESTION2 1 5.510e+03 2.412e+02 2.877e+02
|    ( QUESTION0_0_R 1 2.206e+03 1.302e+02 1.258e+02
|        ( - 1.843e+03 1 0)
|        ( - 2.327e+02 1 0))
|    ( WDBNDRY_B 0 3.063e+03 1.607e+02 1.620e+02
|        ( QUESTION0_0_R 1 7.261e+02 8.345e+01 4.383e+01
|            ( - 5.703e+02 1 0)
|            ( - 7.238e+01 1 0))
|        ( QUESTION0_0_R 1 2.176e+03 1.564e+02 1.182e+02
|            ( - 1.767e+03 1 0)
|            ( - 2.530e+02 1 0))))
s>    ( QUESTION2 1 5.510e+03 2.412e+02 2.877e+02
s>        ( QUESTION0_0_R 1 2.206e+03 1.302e+02 1.258e+02
s>            ( - 1.843e+03 1 0)
s>            ( - 2.327e+02 1 0))
s>        ( WDBNDRY_B 0 3.063e+03 1.607e+02 1.620e+02
s>            ( QUESTION0_0_R 1 7.261e+02 8.345e+01 4.383e+01
s>                ( - 5.703e+02 1 0)
s>                ( - 7.238e+01 1 0))
s>            ( QUESTION0_0_R 1 2.176e+03 1.564e+02 1.182e+02
s>                ( - 1.767e+03 1 0)
s>                ( - 2.530e+02 1 0))))INFO: dtree.c(1439): stop. leaf nodes are specific
INFO: dtree.c(1478): Final simple tree
|( QUESTION0_0_R 1 7.275e+03 2.692e+02 4.007e+02
|    ( QUESTION0_1_R 1 5.745e+03 8.483e+01 3.190e+02
|        ( - 5.589e+03 2 0)
|        ( QUESTION0_3_R 1 7.136e+01 1.647e+01 7.000e+00
|            ( - 5.489e+01 1 0)
|            ( - 0.000e+00 1 0)))
|    ( - 1.260e+03 1 0))
s>    ( QUESTION0_0_R 1 7.275e+03 2.692e+02 4.007e+02
s>        ( QUESTION0_1_R 1 5.745e+03 8.483e+01 3.190e+02
s>            ( - 5.589e+03 2 0)
s>            ( QUESTION0_3_R 1 7.136e+01 1.647e+01 7.000e+00
s>                ( - 5.489e+01 1 0)
s>                ( - 0.000e+00 1 0)))
s>        ( - 1.260e+03 1 0))INFO: dtree.c(1315): Comp split 3
INFO: dtree.c(1478): Final simple tree
|( WDBNDRY_B 0 2.929e+04 6.034e+02 1.507e+03
|    ( QUESTION1 -1 1.341e+04 3.849e+02 7.112e+02
|        ( - 6.210e+03 4 0 QUESTION0_0_R 1 1.763e+02 3.433e+02)
|        ( QUESTION2_0_L -1 6.811e+03 3.502e+02 3.679e+02
|            ( - 5.312e+03 5 0 QUESTION0_0_R 1 1.386e+02 2.798e+02)
|            ( - 1.148e+03 3 0 QUESTION0_9_R 1 1.230e+02 8.810e+01)))
|    ( QUESTION0 1 1.528e+04 2.854e+02 7.963e+02
|        ( QUESTION0_2_R 1 1.805e+03 2.078e+02 9.821e+01
|            ( - 4.309e+02 1 0)
|            ( - 1.166e+03 2 0 WDBNDRY_E 0 1.118e+02 6.621e+01))
|        ( QUESTION0_13_R 1 1.319e+04 2.756e+02 6.980e+02
|            ( QUESTION0_16_R 1 4.205e+03 2.384e+02 2.267e+02
|                ( - 2.671e+03 2 0 QUESTION0_17_R 1 1.293e+02 1.461e+02)
|                ( - 1.295e+03 3 0 QUESTION0_20_R 1 1.172e+02 8.058e+01))
|            ( - 8.705e+03 5 0 SILENCE 1 2.040e+02 4.714e+02))))
s>    ( WDBNDRY_B 0 2.929e+04 6.034e+02 1.507e+03
s>        ( QUESTION1 -1 1.341e+04 3.849e+02 7.112e+02
s>            ( - 6.210e+03 4 0 QUESTION0_0_R 1 1.763e+02 3.433e+02)
s>            ( QUESTION2_0_L -1 6.811e+03 3.502e+02 3.679e+02
s>                ( - 5.312e+03 5 0 QUESTION0_0_R 1 1.386e+02 2.798e+02)
s>                ( - 1.148e+03 3 0 QUESTION0_9_R 1 1.230e+02 8.810e+01)))
s>        ( QUESTION0 1 1.528e+04 2.854e+02 7.963e+02
s>            ( QUESTION0_2_R 1 1.805e+03 2.078e+02 9.821e+01
s>                ( - 4.309e+02 1 0)
s>                ( - 1.166e+03 2 0 WDBNDRY_E 0 1.118e+02 6.621e+01))
s>            ( QUESTION0_13_R 1 1.319e+04 2.756e+02 6.980e+02
s>                ( QUESTION0_16_R 1 4.205e+03 2.384e+02 2.267e+02
s>                    ( - 2.671e+03 2 0 QUESTION0_17_R 1 1.293e+02 1.461e+02)
s>                    ( - 1.295e+03 3 0 QUESTION0_20_R 1 1.172e+02 8.058e+01))
s>                ( - 8.705e+03 5 0 SILENCE 1 2.040e+02 4.714e+02))))INFO: dtree.c(1439): stop. leaf nodes are specific
INFO: dtree.c(1478): Final simple tree
|( QUESTION2_0_L -1 2.137e+04 4.469e+02 1.136e+03
|    ( QUESTION1 -1 1.130e+04 3.010e+02 6.108e+02
|        ( - 9.074e+03 2 0)
|        ( - 1.929e+03 3 0))
|    ( QUESTION2_12_L -1 9.621e+03 2.137e+02 5.250e+02
|        ( - 7.665e+03 1 0)
|        ( - 1.742e+03 1 0)))
s>    ( QUESTION2_0_L -1 2.137e+04 4.469e+02 1.136e+03
s>        ( QUESTION1 -1 1.130e+04 3.010e+02 6.108e+02
s>            ( - 9.074e+03 2 0)
s>            ( - 1.929e+03 3 0))
s>        ( QUESTION2_12_L -1 9.621e+03 2.137e+02 5.250e+02
s>            ( - 7.665e+03 1 0)
s>            ( - 1.742e+03 1 0)))INFO: dtree.c(1315): Comp split 4
INFO: dtree.c(1478): Final simple tree
|( WDBNDRY_I 0 1.406e+04 4.827e+02 7.173e+02
|    ( - 1.198e+03 2 0 QUESTION17 -1 3.343e+01 7.179e+01)
|    ( QUESTION4 -1 1.238e+04 3.097e+02 6.455e+02
|        ( QUESTION2 1 5.946e+03 2.675e+02 3.308e+02
|            ( - 2.301e+03 4 0 QUESTION0_0_R 1 1.456e+02 1.370e+02)
|            ( - 3.377e+03 5 0 WDBNDRY_B 0 1.543e+02 1.938e+02))
|        ( QUESTION10 -1 6.120e+03 2.850e+02 3.147e+02
|            ( QUESTION1 1 2.647e+03 1.906e+02 1.382e+02
|                ( - 6.349e+02 4 0 WDBNDRY_B 0 9.847e+01 3.800e+01)
|                ( QUESTION6 1 1.821e+03 1.706e+02 1.002e+02
|                    ( - 6.495e+02 6 0 QUESTION7 1 1.099e+02 4.061e+01)
|                    ( - 1.001e+03 10 0 QUESTION0 1 1.144e+02 5.959e+01)))
|            ( QUESTION6 -1 3.188e+03 2.333e+02 1.765e+02
|                ( - 1.052e+03 4 0 QUESTION0_0_R 1 1.152e+02 6.148e+01)
|                ( - 1.902e+03 3 0 QUESTION0_0_R 1 1.463e+02 1.150e+02)))))
s>    ( WDBNDRY_I 0 1.406e+04 4.827e+02 7.173e+02
s>        ( - 1.198e+03 2 0 QUESTION17 -1 3.343e+01 7.179e+01)
s>        ( QUESTION4 -1 1.238e+04 3.097e+02 6.455e+02
s>            ( QUESTION2 1 5.946e+03 2.675e+02 3.308e+02
s>                ( - 2.301e+03 4 0 QUESTION0_0_R 1 1.456e+02 1.370e+02)
s>                ( - 3.377e+03 5 0 WDBNDRY_B 0 1.543e+02 1.938e+02))
s>            ( QUESTION10 -1 6.120e+03 2.850e+02 3.147e+02
s>                ( QUESTION1 1 2.647e+03 1.906e+02 1.382e+02
s>                    ( - 6.349e+02 4 0 WDBNDRY_B 0 9.847e+01 3.800e+01)
s>                    ( QUESTION6 1 1.821e+03 1.706e+02 1.002e+02
s>                        ( - 6.495e+02 6 0 QUESTION7 1 1.099e+02 4.061e+01)
s>                        ( - 1.001e+03 10 0 QUESTION0 1 1.144e+02 5.959e+01)))
s>                ( QUESTION6 -1 3.188e+03 2.333e+02 1.765e+02
s>                    ( - 1.052e+03 4 0 QUESTION0_0_R 1 1.152e+02 6.148e+01)
s>                    ( - 1.902e+03 3 0 QUESTION0_0_R 1 1.463e+02 1.150e+02)))))INFO: dtree.c(1478): Final simple tree
|( QUESTION2_5_L -1 1.253e+04 4.129e+02 6.723e+02
|    ( QUESTION0_0_R 1 6.889e+03 1.290e+02 3.825e+02
|        ( - 6.461e+03 2 0 QUESTION1 1 2.917e+01 3.605e+02)
|        ( - 2.991e+02 2 0 QUESTION0_8_R 1 6.098e+01 2.200e+01))
|    ( SILENCE -1 5.229e+03 3.022e+02 2.897e+02
|        ( QUESTION2 1 3.218e+03 1.779e+02 1.887e+02
|            ( QUESTION0_0_R 1 1.990e+03 1.277e+02 1.209e+02
|                ( - 1.576e+03 1 0)
|                ( - 2.860e+02 1 0))
|            ( QUESTION0_0_R 1 1.050e+03 1.204e+02 6.781e+01
|                ( - 6.564e+02 1 0)
|                ( - 2.732e+02 1 0)))
|        ( QUESTION1 1 1.709e+03 1.568e+02 1.010e+02
|            ( - 5.493e+02 2 0 QUESTION2_9_L -1 3.465e+01 3.702e+01)
|            ( - 1.003e+03 3 0 QUESTION0_0_R 1 7.013e+01 6.397e+01))))
s>    ( QUESTION2_5_L -1 1.253e+04 4.129e+02 6.723e+02
s>        ( QUESTION0_0_R 1 6.889e+03 1.290e+02 3.825e+02
s>            ( - 6.461e+03 2 0 QUESTION1 1 2.917e+01 3.605e+02)
s>            ( - 2.991e+02 2 0 QUESTION0_8_R 1 6.098e+01 2.200e+01))
s>        ( SILENCE -1 5.229e+03 3.022e+02 2.897e+02
s>            ( QUESTION2 1 3.218e+03 1.779e+02 1.887e+02
s>                ( QUESTION0_0_R 1 1.990e+03 1.277e+02 1.209e+02
s>                    ( - 1.576e+03 1 0)
s>                    ( - 2.860e+02 1 0))
s>                ( QUESTION0_0_R 1 1.050e+03 1.204e+02 6.781e+01
s>                    ( - 6.564e+02 1 0)
s>                    ( - 2.732e+02 1 0)))
s>            ( QUESTION1 1 1.709e+03 1.568e+02 1.010e+02
s>                ( - 5.493e+02 2 0 QUESTION2_9_L -1 3.465e+01 3.702e+01)
s>                ( - 1.003e+03 3 0 QUESTION0_0_R 1 7.013e+01 6.397e+01))))INFO: dtree.c(1315): Comp split 5
INFO: dtree.c(1478): Final simple tree
|( QUESTION6 1 1.462e+04 2.718e+02 7.643e+02
|    ( QUESTION0_19_R 1 2.312e+03 1.591e+02 1.393e+02
|        ( - 8.472e+02 2 0 WDBNDRY_E 0 5.854e+01 5.759e+01)
|        ( - 1.306e+03 2 0 QUESTION0_10_R 1 1.241e+02 8.171e+01))
|    ( QUESTION0 1 1.203e+04 2.559e+02 6.250e+02
|        ( - 1.166e+03 2 0 WDBNDRY_E 0 1.118e+02 6.621e+01)
|        ( QUESTION0_9_R 1 1.061e+04 2.658e+02 5.587e+02
|            ( QUESTION0_16_R 1 2.743e+03 1.299e+02 1.491e+02
|                ( - 2.283e+03 1 0)
|                ( - 3.304e+02 1 0))
|            ( SILENCE 1 7.603e+03 1.822e+02 4.097e+02
|                ( - 5.546e+03 2 0)
|                ( QUESTION0_0_R 1 1.875e+03 1.309e+02 1.089e+02
|                    ( - 4.048e+02 1 0)
|                    ( - 1.339e+03 1 0))))))
s>    ( QUESTION6 1 1.462e+04 2.718e+02 7.643e+02
s>        ( QUESTION0_19_R 1 2.312e+03 1.591e+02 1.393e+02
s>            ( - 8.472e+02 2 0 WDBNDRY_E 0 5.854e+01 5.759e+01)
s>            ( - 1.306e+03 2 0 QUESTION0_10_R 1 1.241e+02 8.171e+01))
s>        ( QUESTION0 1 1.203e+04 2.559e+02 6.250e+02
s>            ( - 1.166e+03 2 0 WDBNDRY_E 0 1.118e+02 6.621e+01)
s>            ( QUESTION0_9_R 1 1.061e+04 2.658e+02 5.587e+02
s>                ( QUESTION0_16_R 1 2.743e+03 1.299e+02 1.491e+02
s>                    ( - 2.283e+03 1 0)
s>                    ( - 3.304e+02 1 0))
s>                ( SILENCE 1 7.603e+03 1.822e+02 4.097e+02
s>                    ( - 5.546e+03 2 0)
s>                    ( QUESTION0_0_R 1 1.875e+03 1.309e+02 1.089e+02
s>                        ( - 4.048e+02 1 0)
s>                        ( - 1.339e+03 1 0))))))INFO: dtree.c(1478): Final simple tree
|( QUESTION1 -1 1.404e+04 3.765e+02 7.432e+02
|    ( QUESTION0_1_R 1 6.850e+03 2.209e+02 3.753e+02
|        ( - 5.354e+03 2 0)
|        ( WDBNDRY_B 0 1.275e+03 1.644e+02 7.606e+01
|            ( - 6.798e+02 2 0)
|            ( - 4.309e+02 1 0)))
|    ( QUESTION2_0_L -1 6.811e+03 3.502e+02 3.679e+02
|        ( QUESTION0_0_R 1 5.312e+03 1.386e+02 2.798e+02
|            ( - 4.870e+03 3 0)
|            ( - 3.033e+02 2 0 QUESTION0_8_R 1 4.828e+01 2.199e+01))
|        ( QUESTION0_9_R 1 1.148e+03 1.230e+02 8.810e+01
|            ( - 4.914e+02 1 0)
|            ( QUESTION0_0_R 1 5.337e+02 9.830e+01 4.610e+01
|                ( - 3.423e+02 1 0)
|                ( - 9.308e+01 1 0)))))
s>    ( QUESTION1 -1 1.404e+04 3.765e+02 7.432e+02
s>        ( QUESTION0_1_R 1 6.850e+03 2.209e+02 3.753e+02
s>            ( - 5.354e+03 2 0)
s>            ( WDBNDRY_B 0 1.275e+03 1.644e+02 7.606e+01
s>                ( - 6.798e+02 2 0)
s>                ( - 4.309e+02 1 0)))
s>        ( QUESTION2_0_L -1 6.811e+03 3.502e+02 3.679e+02
s>            ( QUESTION0_0_R 1 5.312e+03 1.386e+02 2.798e+02
s>                ( - 4.870e+03 3 0)
s>                ( - 3.033e+02 2 0 QUESTION0_8_R 1 4.828e+01 2.199e+01))
s>            ( QUESTION0_9_R 1 1.148e+03 1.230e+02 8.810e+01
s>                ( - 4.914e+02 1 0)
s>                ( QUESTION0_0_R 1 5.337e+02 9.830e+01 4.610e+01
s>                    ( - 3.423e+02 1 0)
s>                    ( - 9.308e+01 1 0)))))INFO: dtree.c(1315): Comp split 6
INFO: dtree.c(1478): Final simple tree
|( QUESTION16 -1 1.019e+04 3.042e+02 5.460e+02
|    ( QUESTION0_0_R 1 1.902e+03 1.463e+02 1.150e+02
|        ( - 1.105e+03 1 0)
|        ( - 6.508e+02 2 0 WDBNDRY_B 0 1.010e+02 4.300e+01))
|    ( QUESTION1 1 7.987e+03 2.813e+02 4.310e+02
|        ( - 3.086e+03 2 0)
|        ( QUESTION13 -1 4.619e+03 2.103e+02 2.492e+02
|            ( QUESTION6 1 1.605e+03 1.638e+02 8.919e+01
|                ( QUESTION7 1 6.495e+02 1.099e+02 4.061e+01
|                    ( - 3.491e+02 3 0 QUESTION0_11_R 1 7.106e+01 2.461e+01)
|                    ( - 1.905e+02 3 0 QUESTION0_15_R 1 4.603e+01 1.599e+01))
|                ( - 7.914e+02 8 0 QUESTION5 1 1.019e+02 4.859e+01))
|            ( QUESTION0_0_R 1 2.804e+03 1.790e+02 1.600e+02
|                ( - 1.858e+03 4 0 WDBNDRY_B 0 9.978e+01 1.120e+02)
|                ( - 7.666e+02 5 0 WDBNDRY_B 0 7.303e+01 4.800e+01)))))
s>    ( QUESTION16 -1 1.019e+04 3.042e+02 5.460e+02
s>        ( QUESTION0_0_R 1 1.902e+03 1.463e+02 1.150e+02
s>            ( - 1.105e+03 1 0)
s>            ( - 6.508e+02 2 0 WDBNDRY_B 0 1.010e+02 4.300e+01))
s>        ( QUESTION1 1 7.987e+03 2.813e+02 4.310e+02
s>            ( - 3.086e+03 2 0)
s>            ( QUESTION13 -1 4.619e+03 2.103e+02 2.492e+02
s>                ( QUESTION6 1 1.605e+03 1.638e+02 8.919e+01
s>                    ( QUESTION7 1 6.495e+02 1.099e+02 4.061e+01
s>                        ( - 3.491e+02 3 0 QUESTION0_11_R 1 7.106e+01 2.461e+01)
s>                        ( - 1.905e+02 3 0 QUESTION0_15_R 1 4.603e+01 1.599e+01))
s>                    ( - 7.914e+02 8 0 QUESTION5 1 1.019e+02 4.859e+01))
s>                ( QUESTION0_0_R 1 2.804e+03 1.790e+02 1.600e+02
s>                    ( - 1.858e+03 4 0 WDBNDRY_B 0 9.978e+01 1.120e+02)
s>                    ( - 7.666e+02 5 0 WDBNDRY_B 0 7.303e+01 4.800e+01)))))INFO: dtree.c(1478): Final simple tree
|( WDBNDRY_I 0 3.357e+03 3.048e+02 1.713e+02
|    ( QUESTION17 -1 1.198e+03 3.343e+01 7.179e+01
|        ( - 1.302e+01 1 0)
|        ( - 1.151e+03 1 0))
|    ( QUESTION1 1 1.855e+03 1.817e+02 9.948e+01
|        ( WDBNDRY_B 0 8.545e+02 1.208e+02 4.900e+01
|            ( QUESTION7 -1 3.597e+02 7.295e+01 2.500e+01
|                ( - 1.244e+02 1 0)
|                ( - 1.624e+02 1 0))
|            ( QUESTION0_0_R 1 3.740e+02 6.558e+01 2.400e+01
|                ( - 2.019e+02 1 0)
|                ( - 1.065e+02 2 0)))
|        ( QUESTION0_0_R 1 8.186e+02 1.104e+02 5.048e+01
|            ( - 4.958e+02 1 0)
|            ( - 2.123e+02 2 0 QUESTION8 -1 2.514e+01 1.721e+01))))
s>    ( WDBNDRY_I 0 3.357e+03 3.048e+02 1.713e+02
s>        ( QUESTION17 -1 1.198e+03 3.343e+01 7.179e+01
s>            ( - 1.302e+01 1 0)
s>            ( - 1.151e+03 1 0))
s>        ( QUESTION1 1 1.855e+03 1.817e+02 9.948e+01
s>            ( WDBNDRY_B 0 8.545e+02 1.208e+02 4.900e+01
s>                ( QUESTION7 -1 3.597e+02 7.295e+01 2.500e+01
s>                    ( - 1.244e+02 1 0)
s>                    ( - 1.624e+02 1 0))
s>                ( QUESTION0_0_R 1 3.740e+02 6.558e+01 2.400e+01
s>                    ( - 2.019e+02 1 0)
s>                    ( - 1.065e+02 2 0)))
s>            ( QUESTION0_0_R 1 8.186e+02 1.104e+02 5.048e+01
s>                ( - 4.958e+02 1 0)
s>                ( - 2.123e+02 2 0 QUESTION8 -1 2.514e+01 1.721e+01))))INFO: dtree.c(1315): Comp split 7
INFO: dtree.c(1439): stop. leaf nodes are specific
INFO: dtree.c(1478): Final simple tree
|( QUESTION2_12_L -1 9.621e+03 2.137e+02 5.250e+02
|    ( - 7.665e+03 1 0)
|    ( - 1.742e+03 1 0))
s>    ( QUESTION2_12_L -1 9.621e+03 2.137e+02 5.250e+02
s>        ( - 7.665e+03 1 0)
s>        ( - 1.742e+03 1 0))INFO: dtree.c(1439): stop. leaf nodes are specific
INFO: dtree.c(1478): Final simple tree
|( QUESTION1 -1 1.130e+04 3.010e+02 6.108e+02
|    ( - 9.074e+03 2 0)
|    ( - 1.929e+03 3 0))
s>    ( QUESTION1 -1 1.130e+04 3.010e+02 6.108e+02
s>        ( - 9.074e+03 2 0)
s>        ( - 1.929e+03 3 0))INFO: dtree.c(1315): Comp split 8
INFO: dtree.c(1439): stop. leaf nodes are specific
INFO: dtree.c(1478): Final simple tree
|( WDBNDRY_B 0 1.524e+03 1.582e+02 1.111e+02
|    ( QUESTION0_0_R 1 9.350e+02 1.013e+02 7.910e+01
|        ( - 3.423e+02 1 0)
|        ( - 4.914e+02 1 0))
|    ( - 4.309e+02 1 0))
s>    ( WDBNDRY_B 0 1.524e+03 1.582e+02 1.111e+02
s>        ( QUESTION0_0_R 1 9.350e+02 1.013e+02 7.910e+01
s>            ( - 3.423e+02 1 0)
s>            ( - 4.914e+02 1 0))
s>        ( - 4.309e+02 1 0))INFO: dtree.c(1439): stop. leaf nodes are specific
INFO: dtree.c(1478): Final simple tree
|( QUESTION1 -1 1.208e+04 3.651e+02 6.321e+02
|    ( QUESTION0_0_R 1 6.210e+03 1.763e+02 3.433e+02
|        ( - 5.354e+03 2 0)
|        ( - 6.798e+02 2 0))
|    ( QUESTION0_0_R 1 5.501e+03 1.684e+02 2.888e+02
|        ( - 4.870e+03 3 0)
|        ( QUESTION2_0_L -1 4.618e+02 6.534e+01 3.099e+01
|            ( QUESTION0_8_R 1 3.033e+02 4.828e+01 2.199e+01
|                ( - 2.106e+02 1 0)
|                ( - 4.444e+01 1 0))
|            ( - 9.308e+01 1 0))))
s>    ( QUESTION1 -1 1.208e+04 3.651e+02 6.321e+02
s>        ( QUESTION0_0_R 1 6.210e+03 1.763e+02 3.433e+02
s>            ( - 5.354e+03 2 0)
s>            ( - 6.798e+02 2 0))
s>        ( QUESTION0_0_R 1 5.501e+03 1.684e+02 2.888e+02
s>            ( - 4.870e+03 3 0)
s>            ( QUESTION2_0_L -1 4.618e+02 6.534e+01 3.099e+01
s>                ( QUESTION0_8_R 1 3.033e+02 4.828e+01 2.199e+01
s>                    ( - 2.106e+02 1 0)
s>                    ( - 4.444e+01 1 0))
s>                ( - 9.308e+01 1 0))))INFO: dtree.c(1315): Comp split 9
INFO: dtree.c(1478): Final simple tree
|( SILENCE -1 5.229e+03 3.022e+02 2.897e+02
|    ( QUESTION2 1 3.218e+03 1.779e+02 1.887e+02
|        ( QUESTION0_0_R 1 1.990e+03 1.277e+02 1.209e+02
|            ( - 1.576e+03 1 0)
|            ( - 2.860e+02 1 0))
|        ( QUESTION0_0_R 1 1.050e+03 1.204e+02 6.781e+01
|            ( - 6.564e+02 1 0)
|            ( - 2.732e+02 1 0)))
|    ( QUESTION1 1 1.709e+03 1.568e+02 1.010e+02
|        ( QUESTION2_9_L -1 5.493e+02 3.465e+01 3.702e+01
|            ( - 3.679e+01 1 0)
|            ( - 4.778e+02 1 0))
|        ( QUESTION0_0_R 1 1.003e+03 7.013e+01 6.397e+01
|            ( - 8.088e+02 2 0 QUESTION2_9_L -1 3.215e+01 5.196e+01)
|            ( - 1.239e+02 1 0))))
s>    ( SILENCE -1 5.229e+03 3.022e+02 2.897e+02
s>        ( QUESTION2 1 3.218e+03 1.779e+02 1.887e+02
s>            ( QUESTION0_0_R 1 1.990e+03 1.277e+02 1.209e+02
s>                ( - 1.576e+03 1 0)
s>                ( - 2.860e+02 1 0))
s>            ( QUESTION0_0_R 1 1.050e+03 1.204e+02 6.781e+01
s>                ( - 6.564e+02 1 0)
s>                ( - 2.732e+02 1 0)))
s>        ( QUESTION1 1 1.709e+03 1.568e+02 1.010e+02
s>            ( QUESTION2_9_L -1 5.493e+02 3.465e+01 3.702e+01
s>                ( - 3.679e+01 1 0)
s>                ( - 4.778e+02 1 0))
s>            ( QUESTION0_0_R 1 1.003e+03 7.013e+01 6.397e+01
s>                ( - 8.088e+02 2 0 QUESTION2_9_L -1 3.215e+01 5.196e+01)
s>                ( - 1.239e+02 1 0))))INFO: dtree.c(1439): stop. leaf nodes are specific
INFO: dtree.c(1478): Final simple tree
|( QUESTION0_0_R 1 6.889e+03 1.290e+02 3.825e+02
|    ( QUESTION1 1 6.461e+03 2.917e+01 3.605e+02
|        ( - 5.143e+00 1 0)
|        ( - 6.426e+03 1 0))
|    ( QUESTION0_8_R 1 2.991e+02 6.098e+01 2.200e+01
|        ( - 9.378e+01 1 0)
|        ( - 1.444e+02 1 0)))
s>    ( QUESTION0_0_R 1 6.889e+03 1.290e+02 3.825e+02
s>        ( QUESTION1 1 6.461e+03 2.917e+01 3.605e+02
s>            ( - 5.143e+00 1 0)
s>            ( - 6.426e+03 1 0))
s>        ( QUESTION0_8_R 1 2.991e+02 6.098e+01 2.200e+01
s>            ( - 9.378e+01 1 0)
s>            ( - 1.444e+02 1 0)))INFO: dtree.c(1315): Comp split 10
INFO: dtree.c(1439): stop. leaf nodes are specific
INFO: dtree.c(1478): Final simple tree
|( QUESTION0_0_R 1 6.552e+03 2.116e+02 3.603e+02
|    ( - 5.354e+03 2 0)
|    ( QUESTION1 -1 9.866e+02 9.613e+01 6.106e+01
|        ( - 6.798e+02 2 0)
|        ( - 2.106e+02 1 0)))
s>    ( QUESTION0_0_R 1 6.552e+03 2.116e+02 3.603e+02
s>        ( - 5.354e+03 2 0)
s>        ( QUESTION1 -1 9.866e+02 9.613e+01 6.106e+01
s>            ( - 6.798e+02 2 0)
s>            ( - 2.106e+02 1 0)))INFO: dtree.c(1439): stop. leaf nodes are specific
INFO: dtree.c(1478): Final simple tree
|( QUESTION0_0_R 1 5.154e+03 1.147e+02 2.718e+02
|    ( - 4.870e+03 3 0)
|    ( QUESTION0_8_R 1 1.686e+02 3.105e+01 1.399e+01
|        ( - 9.308e+01 1 0)
|        ( - 4.444e+01 1 0)))
s>    ( QUESTION0_0_R 1 5.154e+03 1.147e+02 2.718e+02
s>        ( - 4.870e+03 3 0)
s>        ( QUESTION0_8_R 1 1.686e+02 3.105e+01 1.399e+01
s>            ( - 9.308e+01 1 0)
s>            ( - 4.444e+01 1 0)))INFO: dtree.c(1315): Comp split 11
INFO: dtree.c(1439): stop. leaf nodes are specific
INFO: dtree.c(1478): Final simple tree
|( QUESTION0_9_R 1 1.016e+04 2.480e+02 5.490e+02
|    ( QUESTION0_19_R 1 2.312e+03 1.591e+02 1.393e+02
|        ( WDBNDRY_E 0 8.472e+02 5.854e+01 5.759e+01
|            ( - 7.861e+02 1 0)
|            ( - 2.624e+00 1 0))
|        ( QUESTION0_10_R 1 1.306e+03 1.241e+02 8.171e+01
|            ( - 9.227e+02 1 0)
|            ( - 2.590e+02 1 0)))
|    ( SILENCE 1 7.603e+03 1.822e+02 4.097e+02
|        ( - 5.546e+03 2 0)
|        ( QUESTION0_0_R 1 1.875e+03 1.309e+02 1.089e+02
|            ( - 4.048e+02 1 0)
|            ( - 1.339e+03 1 0))))
s>    ( QUESTION0_9_R 1 1.016e+04 2.480e+02 5.490e+02
s>        ( QUESTION0_19_R 1 2.312e+03 1.591e+02 1.393e+02
s>            ( WDBNDRY_E 0 8.472e+02 5.854e+01 5.759e+01
s>                ( - 7.861e+02 1 0)
s>                ( - 2.624e+00 1 0))
s>            ( QUESTION0_10_R 1 1.306e+03 1.241e+02 8.171e+01
s>                ( - 9.227e+02 1 0)
s>                ( - 2.590e+02 1 0)))
s>        ( SILENCE 1 7.603e+03 1.822e+02 4.097e+02
s>            ( - 5.546e+03 2 0)
s>            ( QUESTION0_0_R 1 1.875e+03 1.309e+02 1.089e+02
s>                ( - 4.048e+02 1 0)
s>                ( - 1.339e+03 1 0))))INFO: dtree.c(1439): stop. leaf nodes are specific
INFO: dtree.c(1478): Final simple tree
|( QUESTION0_9_R 1 4.119e+03 2.094e+02 2.153e+02
|    ( QUESTION0_16_R 1 2.743e+03 1.299e+02 1.491e+02
|        ( - 2.283e+03 1 0)
|        ( - 3.304e+02 1 0))
|    ( WDBNDRY_E 0 1.166e+03 1.118e+02 6.621e+01
|        ( - 3.687e+02 1 0)
|        ( - 6.860e+02 1 0)))
s>    ( QUESTION0_9_R 1 4.119e+03 2.094e+02 2.153e+02
s>        ( QUESTION0_16_R 1 2.743e+03 1.299e+02 1.491e+02
s>            ( - 2.283e+03 1 0)
s>            ( - 3.304e+02 1 0))
s>        ( WDBNDRY_E 0 1.166e+03 1.118e+02 6.621e+01
s>            ( - 3.687e+02 1 0)
s>            ( - 6.860e+02 1 0)))INFO: dtree.c(1315): Comp split 12
INFO: dtree.c(1439): stop. leaf nodes are specific
INFO: dtree.c(1478): Final simple tree
|( WDBNDRY_B 0 1.462e+03 1.019e+02 8.579e+01
|    ( - 1.624e+02 1 0)
|    ( QUESTION17 -1 1.198e+03 3.343e+01 7.179e+01
|        ( - 1.302e+01 1 0)
|        ( - 1.151e+03 1 0)))
s>    ( WDBNDRY_B 0 1.462e+03 1.019e+02 8.579e+01
s>        ( - 1.624e+02 1 0)
s>        ( QUESTION17 -1 1.198e+03 3.343e+01 7.179e+01
s>            ( - 1.302e+01 1 0)
s>            ( - 1.151e+03 1 0)))INFO: dtree.c(1439): stop. leaf nodes are specific
INFO: dtree.c(1478): Final simple tree
|( QUESTION1 1 1.567e+03 1.631e+02 8.548e+01
|    ( WDBNDRY_B 0 5.851e+02 8.670e+01 3.500e+01
|        ( - 1.244e+02 1 0)
|        ( QUESTION0_0_R 1 3.740e+02 6.558e+01 2.400e+01
|            ( - 2.019e+02 1 0)
|            ( - 1.065e+02 2 0)))
|    ( QUESTION0_0_R 1 8.186e+02 1.104e+02 5.048e+01
|        ( - 4.958e+02 1 0)
|        ( QUESTION8 -1 2.123e+02 2.514e+01 1.721e+01
|            ( - 7.143e+00 1 0)
|            ( - 1.800e+02 1 0))))
s>    ( QUESTION1 1 1.567e+03 1.631e+02 8.548e+01
s>        ( WDBNDRY_B 0 5.851e+02 8.670e+01 3.500e+01
s>            ( - 1.244e+02 1 0)
s>            ( QUESTION0_0_R 1 3.740e+02 6.558e+01 2.400e+01
s>                ( - 2.019e+02 1 0)
s>                ( - 1.065e+02 2 0)))
s>        ( QUESTION0_0_R 1 8.186e+02 1.104e+02 5.048e+01
s>            ( - 4.958e+02 1 0)
s>            ( QUESTION8 -1 2.123e+02 2.514e+01 1.721e+01
s>                ( - 7.143e+00 1 0)
s>                ( - 1.800e+02 1 0))))INFO: dtree.c(1315): Comp split 13
INFO: dtree.c(1478): Final simple tree
|( QUESTION16 -1 3.189e+03 2.197e+02 1.790e+02
|    ( QUESTION0_0_R 1 1.902e+03 1.463e+02 1.150e+02
|        ( - 1.105e+03 1 0)
|        ( WDBNDRY_B 0 6.508e+02 1.010e+02 4.300e+01
|            ( - 2.596e+02 1 0)
|            ( - 2.902e+02 1 0)))
|    ( WDBNDRY_B 0 1.066e+03 1.115e+02 6.399e+01
|        ( QUESTION4 -1 6.441e+02 6.536e+01 4.200e+01
|            ( - 5.395e+02 2 0)
|            ( - 3.932e+01 1 0))
|        ( QUESTION4 -1 3.108e+02 7.093e+01 2.199e+01
|            ( - 4.942e+01 2 0 QUESTION0_8_R 1 1.272e+01 6.000e+00)
|            ( QUESTION0_15_R 1 1.905e+02 4.603e+01 1.599e+01
|                ( - 5.909e+01 1 0)
|                ( - 8.532e+01 2 0 QUESTION0_10_R 1 2.200e+01 8.993e+00)))))
s>    ( QUESTION16 -1 3.189e+03 2.197e+02 1.790e+02
s>        ( QUESTION0_0_R 1 1.902e+03 1.463e+02 1.150e+02
s>            ( - 1.105e+03 1 0)
s>            ( WDBNDRY_B 0 6.508e+02 1.010e+02 4.300e+01
s>                ( - 2.596e+02 1 0)
s>                ( - 2.902e+02 1 0)))
s>        ( WDBNDRY_B 0 1.066e+03 1.115e+02 6.399e+01
s>            ( QUESTION4 -1 6.441e+02 6.536e+01 4.200e+01
s>                ( - 5.395e+02 2 0)
s>                ( - 3.932e+01 1 0))
s>            ( QUESTION4 -1 3.108e+02 7.093e+01 2.199e+01
s>                ( - 4.942e+01 2 0 QUESTION0_8_R 1 1.272e+01 6.000e+00)
s>                ( QUESTION0_15_R 1 1.905e+02 4.603e+01 1.599e+01
s>                    ( - 5.909e+01 1 0)
s>                    ( - 8.532e+01 2 0 QUESTION0_10_R 1 2.200e+01 8.993e+00)))))INFO: dtree.c(1478): Final simple tree
|( QUESTION1 1 6.686e+03 2.554e+02 3.670e+02
|    ( - 3.086e+03 2 0)
|    ( WDBNDRY_B 0 3.344e+03 1.995e+02 1.852e+02
|        ( QUESTION4 -1 1.711e+03 5.586e+01 1.060e+02
|            ( - 1.616e+03 2 0)
|            ( - 3.912e+01 1 0))
|        ( QUESTION6 1 1.433e+03 1.555e+02 7.920e+01
|            ( QUESTION0_11_R 1 3.491e+02 7.106e+01 2.461e+01
|                ( - 1.472e+02 1 0)
|                ( - 1.309e+02 2 0 QUESTION0_10_R 1 3.074e+01 1.161e+01))
|            ( QUESTION0_0_R 1 9.287e+02 1.257e+02 5.459e+01
|                ( - 2.095e+02 4 0 QUESTION0_3_R 1 5.561e+01 1.599e+01)
|                ( QUESTION0_8_R 1 5.935e+02 8.468e+01 3.859e+01
|                    ( - 2.075e+02 4 0 QUESTION0 1 3.830e+01 1.600e+01)
|                    ( - 3.013e+02 1 0))))))
s>    ( QUESTION1 1 6.686e+03 2.554e+02 3.670e+02
s>        ( - 3.086e+03 2 0)
s>        ( WDBNDRY_B 0 3.344e+03 1.995e+02 1.852e+02
s>            ( QUESTION4 -1 1.711e+03 5.586e+01 1.060e+02
s>                ( - 1.616e+03 2 0)
s>                ( - 3.912e+01 1 0))
s>            ( QUESTION6 1 1.433e+03 1.555e+02 7.920e+01
s>                ( QUESTION0_11_R 1 3.491e+02 7.106e+01 2.461e+01
s>                    ( - 1.472e+02 1 0)
s>                    ( - 1.309e+02 2 0 QUESTION0_10_R 1 3.074e+01 1.161e+01))
s>                ( QUESTION0_0_R 1 9.287e+02 1.257e+02 5.459e+01
s>                    ( - 2.095e+02 4 0 QUESTION0_3_R 1 5.561e+01 1.599e+01)
s>                    ( QUESTION0_8_R 1 5.935e+02 8.468e+01 3.859e+01
s>                        ( - 2.075e+02 4 0 QUESTION0 1 3.830e+01 1.600e+01)
s>                        ( - 3.013e+02 1 0))))))INFO: dtree.c(1315): Comp split 14
INFO: dtree.c(1439): stop. leaf nodes are specific
INFO: dtree.c(1478): Final simple tree
|( QUESTION1 1 1.709e+03 1.568e+02 1.010e+02
|    ( QUESTION2_9_L -1 5.493e+02 3.465e+01 3.702e+01
|        ( - 3.679e+01 1 0)
|        ( - 4.778e+02 1 0))
|    ( QUESTION0_0_R 1 1.003e+03 7.013e+01 6.397e+01
|        ( QUESTION2_9_L -1 8.088e+02 3.215e+01 5.196e+01
|            ( - 4.394e+00 1 0)
|            ( - 7.722e+02 1 0))
|        ( - 1.239e+02 1 0)))
s>    ( QUESTION1 1 1.709e+03 1.568e+02 1.010e+02
s>        ( QUESTION2_9_L -1 5.493e+02 3.465e+01 3.702e+01
s>            ( - 3.679e+01 1 0)
s>            ( - 4.778e+02 1 0))
s>        ( QUESTION0_0_R 1 1.003e+03 7.013e+01 6.397e+01
s>            ( QUESTION2_9_L -1 8.088e+02 3.215e+01 5.196e+01
s>                ( - 4.394e+00 1 0)
s>                ( - 7.722e+02 1 0))
s>            ( - 1.239e+02 1 0)))INFO: dtree.c(1439): stop. leaf nodes are specific
INFO: dtree.c(1478): Final simple tree
|( QUESTION2 1 3.218e+03 1.779e+02 1.887e+02
|    ( QUESTION0_0_R 1 1.990e+03 1.277e+02 1.209e+02
|        ( - 1.576e+03 1 0)
|        ( - 2.860e+02 1 0))
|    ( QUESTION0_0_R 1 1.050e+03 1.204e+02 6.781e+01
|        ( - 6.564e+02 1 0)
|        ( - 2.732e+02 1 0)))
s>    ( QUESTION2 1 3.218e+03 1.779e+02 1.887e+02
s>        ( QUESTION0_0_R 1 1.990e+03 1.277e+02 1.209e+02
s>            ( - 1.576e+03 1 0)
s>            ( - 2.860e+02 1 0))
s>        ( QUESTION0_0_R 1 1.050e+03 1.204e+02 6.781e+01
s>            ( - 6.564e+02 1 0)
s>            ( - 2.732e+02 1 0)))INFO: dtree.c(1315): Comp split 15
INFO: dtree.c(1315): Comp split 16
INFO: dtree.c(1439): stop. leaf nodes are specific
INFO: dtree.c(1478): Final simple tree
|( QUESTION0_1_R 1 5.745e+03 8.483e+01 3.190e+02
|    ( - 5.589e+03 2 0)
|    ( QUESTION0_3_R 1 7.136e+01 1.647e+01 7.000e+00
|        ( - 5.489e+01 1 0)
|        ( - 0.000e+00 1 0)))
s>    ( QUESTION0_1_R 1 5.745e+03 8.483e+01 3.190e+02
s>        ( - 5.589e+03 2 0)
s>        ( QUESTION0_3_R 1 7.136e+01 1.647e+01 7.000e+00
s>            ( - 5.489e+01 1 0)
s>            ( - 0.000e+00 1 0)))INFO: dtree.c(1315): Comp split 17
INFO: dtree.c(1439): stop. leaf nodes are specific
INFO: dtree.c(1478): Final simple tree
|( WDBNDRY_B 0 2.735e+03 1.667e+02 1.576e+02
|    ( QUESTION4 -1 1.711e+03 5.586e+01 1.060e+02
|        ( - 1.616e+03 2 0)
|        ( - 3.912e+01 1 0))
|    ( QUESTION0_13_R 1 8.573e+02 1.195e+02 5.159e+01
|        ( - 3.013e+02 1 0)
|        ( QUESTION0 1 4.366e+02 8.484e+01 2.900e+01
|            ( - 1.502e+02 3 0)
|            ( QUESTION0_8_R 1 2.015e+02 3.532e+01 1.600e+01
|                ( - 1.902e+01 1 0)
|                ( - 1.472e+02 1 0)))))
s>    ( WDBNDRY_B 0 2.735e+03 1.667e+02 1.576e+02
s>        ( QUESTION4 -1 1.711e+03 5.586e+01 1.060e+02
s>            ( - 1.616e+03 2 0)
s>            ( - 3.912e+01 1 0))
s>        ( QUESTION0_13_R 1 8.573e+02 1.195e+02 5.159e+01
s>            ( - 3.013e+02 1 0)
s>            ( QUESTION0 1 4.366e+02 8.484e+01 2.900e+01
s>                ( - 1.502e+02 3 0)
s>                ( QUESTION0_8_R 1 2.015e+02 3.532e+01 1.600e+01
s>                    ( - 1.902e+01 1 0)
s>                    ( - 1.472e+02 1 0)))))INFO: dtree.c(1439): stop. leaf nodes are specific
INFO: dtree.c(1478): Final simple tree
|( WDBNDRY_B 0 3.685e+03 1.654e+02 2.095e+02
|    ( - 3.086e+03 2 0)
|    ( QUESTION5 1 4.334e+02 9.574e+01 2.761e+01
|        ( QUESTION0_13_R 1 1.663e+02 3.786e+01 1.361e+01
|            ( - 6.220e+01 1 0)
|            ( QUESTION0_0_R 1 6.619e+01 2.131e+01 6.615e+00
|                ( - 6.952e+00 1 0)
|                ( - 3.792e+01 1 0)))
|        ( QUESTION0_1_R 1 1.714e+02 4.849e+01 1.399e+01
|            ( - 4.784e+01 1 0)
|            ( - 7.509e+01 2 0))))
s>    ( WDBNDRY_B 0 3.685e+03 1.654e+02 2.095e+02
s>        ( - 3.086e+03 2 0)
s>        ( QUESTION5 1 4.334e+02 9.574e+01 2.761e+01
s>            ( QUESTION0_13_R 1 1.663e+02 3.786e+01 1.361e+01
s>                ( - 6.220e+01 1 0)
s>                ( QUESTION0_0_R 1 6.619e+01 2.131e+01 6.615e+00
s>                    ( - 6.952e+00 1 0)
s>                    ( - 3.792e+01 1 0)))
s>            ( QUESTION0_1_R 1 1.714e+02 4.849e+01 1.399e+01
s>                ( - 4.784e+01 1 0)
s>                ( - 7.509e+01 2 0))))INFO: dtree.c(1315): Comp split 18
INFO: dtree.c(1439): stop. leaf nodes are specific
INFO: dtree.c(1478): Final simple tree
|( WDBNDRY_B 0 2.903e+03 1.566e+02 1.540e+02
|    ( - 5.703e+02 1 0)
|    ( QUESTION0_0_R 1 2.176e+03 1.564e+02 1.182e+02
|        ( - 1.767e+03 1 0)
|        ( - 2.530e+02 1 0)))
s>    ( WDBNDRY_B 0 2.903e+03 1.566e+02 1.540e+02
s>        ( - 5.703e+02 1 0)
s>        ( QUESTION0_0_R 1 2.176e+03 1.564e+02 1.182e+02
s>            ( - 1.767e+03 1 0)
s>            ( - 2.530e+02 1 0)))INFO: dtree.c(1439): stop. leaf nodes are specific
INFO: dtree.c(1478): Final simple tree
|( QUESTION0_0_R 1 2.346e+03 1.496e+02 1.337e+02
|    ( - 1.843e+03 1 0)
|    ( QUESTION0_8_R 1 3.534e+02 4.825e+01 2.700e+01
|        ( - 2.327e+02 1 0)
|        ( - 7.238e+01 1 0)))
s>    ( QUESTION0_0_R 1 2.346e+03 1.496e+02 1.337e+02
s>        ( - 1.843e+03 1 0)
s>        ( QUESTION0_8_R 1 3.534e+02 4.825e+01 2.700e+01
s>            ( - 2.327e+02 1 0)
s>            ( - 7.238e+01 1 0)))INFO: dtree.c(1315): Comp split 19
INFO: dtree.c(1439): stop. leaf nodes are specific
INFO: dtree.c(1478): Final simple tree
|( QUESTION0_10_R 1 2.470e+03 1.648e+02 1.493e+02
|    ( - 9.227e+02 1 0)
|    ( QUESTION0_0_R 1 1.382e+03 1.302e+02 8.758e+01
|        ( - 4.048e+02 1 0)
|        ( WDBNDRY_E 0 8.472e+02 5.854e+01 5.759e+01
|            ( - 7.861e+02 1 0)
|            ( - 2.624e+00 1 0))))
s>    ( QUESTION0_10_R 1 2.470e+03 1.648e+02 1.493e+02
s>        ( - 9.227e+02 1 0)
s>        ( QUESTION0_0_R 1 1.382e+03 1.302e+02 8.758e+01
s>            ( - 4.048e+02 1 0)
s>            ( WDBNDRY_E 0 8.472e+02 5.854e+01 5.759e+01
s>                ( - 7.861e+02 1 0)
s>                ( - 2.624e+00 1 0))))INFO: dtree.c(1439): stop. leaf nodes are specific
INFO: dtree.c(1478): Final simple tree
|( SILENCE 1 7.438e+03 1.778e+02 3.997e+02
|    ( - 5.546e+03 2 0)
|    ( QUESTION0_8_R 1 1.714e+03 1.159e+02 9.887e+01
|        ( - 1.339e+03 1 0)
|        ( - 2.590e+02 1 0)))
s>    ( SILENCE 1 7.438e+03 1.778e+02 3.997e+02
s>        ( - 5.546e+03 2 0)
s>        ( QUESTION0_8_R 1 1.714e+03 1.159e+02 9.887e+01
s>            ( - 1.339e+03 1 0)
s>            ( - 2.590e+02 1 0)))INFO: dtree.c(1315): Comp split 20
INFO: dtree.c(1439): stop. leaf nodes are specific
INFO: dtree.c(1478): Final simple tree
|( WDBNDRY_B 0 1.066e+03 1.115e+02 6.399e+01
|    ( QUESTION4 -1 6.441e+02 6.536e+01 4.200e+01
|        ( - 5.395e+02 2 0)
|        ( - 3.932e+01 1 0))
|    ( QUESTION4 -1 3.108e+02 7.093e+01 2.199e+01
|        ( QUESTION0_8_R 1 4.942e+01 1.272e+01 6.000e+00
|            ( - 0.000e+00 1 0)
|            ( - 3.670e+01 1 0))
|        ( QUESTION0_15_R 1 1.905e+02 4.603e+01 1.599e+01
|            ( - 5.909e+01 1 0)
|            ( QUESTION0_10_R 1 8.532e+01 2.200e+01 8.993e+00
|                ( - 5.245e+01 1 0)
|                ( - 1.088e+01 1 0)))))
s>    ( WDBNDRY_B 0 1.066e+03 1.115e+02 6.399e+01
s>        ( QUESTION4 -1 6.441e+02 6.536e+01 4.200e+01
s>            ( - 5.395e+02 2 0)
s>            ( - 3.932e+01 1 0))
s>        ( QUESTION4 -1 3.108e+02 7.093e+01 2.199e+01
s>            ( QUESTION0_8_R 1 4.942e+01 1.272e+01 6.000e+00
s>                ( - 0.000e+00 1 0)
s>                ( - 3.670e+01 1 0))
s>            ( QUESTION0_15_R 1 1.905e+02 4.603e+01 1.599e+01
s>                ( - 5.909e+01 1 0)
s>                ( QUESTION0_10_R 1 8.532e+01 2.200e+01 8.993e+00
s>                    ( - 5.245e+01 1 0)
s>                    ( - 1.088e+01 1 0)))))INFO: dtree.c(1439): stop. leaf nodes are specific
INFO: dtree.c(1478): Final simple tree
|( QUESTION0_0_R 1 1.902e+03 1.463e+02 1.150e+02
|    ( - 1.105e+03 1 0)
|    ( WDBNDRY_B 0 6.508e+02 1.010e+02 4.300e+01
|        ( - 2.596e+02 1 0)
|        ( - 2.902e+02 1 0)))
s>    ( QUESTION0_0_R 1 1.902e+03 1.463e+02 1.150e+02
s>        ( - 1.105e+03 1 0)
s>        ( WDBNDRY_B 0 6.508e+02 1.010e+02 4.300e+01
s>            ( - 2.596e+02 1 0)
s>            ( - 2.902e+02 1 0)))INFO: dtree.c(1315): Comp split 21
INFO: dtree.c(1315): Comp split 22
INFO: dtree.c(1439): stop. leaf nodes are specific
INFO: dtree.c(1478): Final simple tree
|( QUESTION1 -1 9.866e+02 9.613e+01 6.106e+01
|    ( - 6.798e+02 2 0)
|    ( - 2.106e+02 1 0))
s>    ( QUESTION1 -1 9.866e+02 9.613e+01 6.106e+01
s>        ( - 6.798e+02 2 0)
s>        ( - 2.106e+02 1 0))INFO: dtree.c(1315): Comp split 23
INFO: dtree.c(1439): stop. leaf nodes are specific
INFO: dtree.c(1478): Final simple tree
|( WDBNDRY_E 0 1.166e+03 1.118e+02 6.621e+01
|    ( - 3.687e+02 1 0)
|    ( - 6.860e+02 1 0))
s>    ( WDBNDRY_E 0 1.166e+03 1.118e+02 6.621e+01
s>        ( - 3.687e+02 1 0)
s>        ( - 6.860e+02 1 0))INFO: dtree.c(1439): stop. leaf nodes are specific
INFO: dtree.c(1478): Final simple tree
|( QUESTION0_16_R 1 2.743e+03 1.299e+02 1.491e+02
|    ( - 2.283e+03 1 0)
|    ( - 3.304e+02 1 0))
s>    ( QUESTION0_16_R 1 2.743e+03 1.299e+02 1.491e+02
s>        ( - 2.283e+03 1 0)
s>        ( - 3.304e+02 1 0))INFO: dtree.c(1315): Comp split 24
INFO: dtree.c(1439): stop. leaf nodes are specific
INFO: dtree.c(1478): Final simple tree
|( WDBNDRY_B 0 9.408e+02 1.175e+02 5.483e+01
|    ( - 5.703e+02 1 0)
|    ( - 2.530e+02 1 0))
s>    ( WDBNDRY_B 0 9.408e+02 1.175e+02 5.483e+01
s>        ( - 5.703e+02 1 0)
s>        ( - 2.530e+02 1 0))INFO: dtree.c(1315): Comp split 25
INFO: dtree.c(1439): stop. leaf nodes are specific
INFO: dtree.c(1478): Final simple tree
|( QUESTION0_0_R 1 1.044e+03 1.014e+02 6.581e+01
|    ( - 6.564e+02 1 0)
|    ( - 2.860e+02 1 0))
s>    ( QUESTION0_0_R 1 1.044e+03 1.014e+02 6.581e+01
s>        ( - 6.564e+02 1 0)
s>        ( - 2.860e+02 1 0))INFO: dtree.c(1439): stop. leaf nodes are specific
INFO: dtree.c(1478): Final simple tree
|( QUESTION0_0_R 1 1.986e+03 1.372e+02 1.229e+02
|    ( - 1.576e+03 1 0)
|    ( - 2.732e+02 1 0))
s>    ( QUESTION0_0_R 1 1.986e+03 1.372e+02 1.229e+02
s>        ( - 1.576e+03 1 0)
s>        ( - 2.732e+02 1 0))INFO: dtree.c(1315): Comp split 26
INFO: dtree.c(1439): stop. leaf nodes are specific
INFO: dtree.c(1478): Final simple tree
|( QUESTION0_8_R 1 1.714e+03 1.159e+02 9.887e+01
|    ( - 1.339e+03 1 0)
|    ( - 2.590e+02 1 0))
s>    ( QUESTION0_8_R 1 1.714e+03 1.159e+02 9.887e+01
s>        ( - 1.339e+03 1 0)
s>        ( - 2.590e+02 1 0))INFO: dtree.c(1315): Comp split 27
INFO: dtree.c(1439): stop. leaf nodes are specific
INFO: dtree.c(1478): Final simple tree
|( QUESTION0_3_R 1 2.095e+02 5.561e+01 1.599e+01
|    ( - 7.509e+01 2 0)
|    ( QUESTION0_1_R 1 7.883e+01 2.404e+01 8.000e+00
|        ( - 4.784e+01 1 0)
|        ( - 6.952e+00 1 0)))
s>    ( QUESTION0_3_R 1 2.095e+02 5.561e+01 1.599e+01
s>        ( - 7.509e+01 2 0)
s>        ( QUESTION0_1_R 1 7.883e+01 2.404e+01 8.000e+00
s>            ( - 4.784e+01 1 0)
s>            ( - 6.952e+00 1 0)))INFO: dtree.c(1439): stop. leaf nodes are specific
INFO: dtree.c(1478): Final simple tree
|( WDBNDRY_B 0 3.306e+03 8.837e+01 1.935e+02
|    ( - 3.086e+03 2 0)
|    ( QUESTION0_10_R 1 1.309e+02 3.074e+01 1.161e+01
|        ( - 3.792e+01 1 0)
|        ( - 6.220e+01 1 0)))
s>    ( WDBNDRY_B 0 3.306e+03 8.837e+01 1.935e+02
s>        ( - 3.086e+03 2 0)
s>        ( QUESTION0_10_R 1 1.309e+02 3.074e+01 1.161e+01
s>            ( - 3.792e+01 1 0)
s>            ( - 6.220e+01 1 0)))INFO: dtree.c(1315): Comp split 28
INFO: dtree.c(1439): stop. leaf nodes are specific
INFO: dtree.c(1478): Final simple tree
|( QUESTION0_0_R 1 1.317e+03 1.262e+02 8.458e+01
|    ( - 4.048e+02 1 0)
|    ( - 7.861e+02 1 0))
s>    ( QUESTION0_0_R 1 1.317e+03 1.262e+02 8.458e+01
s>        ( - 4.048e+02 1 0)
s>        ( - 7.861e+02 1 0))INFO: dtree.c(1439): stop. leaf nodes are specific
INFO: dtree.c(1478): Final simple tree
|( WDBNDRY_E 0 9.854e+02 6.008e+01 6.471e+01
|    ( - 9.227e+02 1 0)
|    ( - 2.624e+00 1 0))
s>    ( WDBNDRY_E 0 9.854e+02 6.008e+01 6.471e+01
s>        ( - 9.227e+02 1 0)
s>        ( - 2.624e+00 1 0))INFO: dtree.c(1315): Comp split 29
INFO: dtree.c(1439): stop. leaf nodes are specific
INFO: dtree.c(1478): Final simple tree
|( QUESTION0 1 5.323e+02 1.018e+02 3.500e+01
|    ( WDBNDRY_B 0 2.289e+02 3.959e+01 1.900e+01
|        ( - 3.912e+01 1 0)
|        ( - 1.502e+02 3 0))
|    ( QUESTION0_8_R 1 2.015e+02 3.532e+01 1.600e+01
|        ( - 1.902e+01 1 0)
|        ( - 1.472e+02 1 0)))
s>    ( QUESTION0 1 5.323e+02 1.018e+02 3.500e+01
s>        ( WDBNDRY_B 0 2.289e+02 3.959e+01 1.900e+01
s>            ( - 3.912e+01 1 0)
s>            ( - 1.502e+02 3 0))
s>        ( QUESTION0_8_R 1 2.015e+02 3.532e+01 1.600e+01
s>            ( - 1.902e+01 1 0)
s>            ( - 1.472e+02 1 0)))INFO: dtree.c(1439): stop. leaf nodes are specific
INFO: dtree.c(1478): Final simple tree
|( WDBNDRY_B 0 2.035e+03 1.182e+02 1.226e+02
|    ( - 1.616e+03 2 0)
|    ( - 3.013e+02 1 0))
s>    ( WDBNDRY_B 0 2.035e+03 1.182e+02 1.226e+02
s>        ( - 1.616e+03 2 0)
s>        ( - 3.013e+02 1 0))INFO: dtree.c(1315): Comp split 30
INFO: dtree.c(1439): stop. leaf nodes are specific
INFO: dtree.c(1478): Final simple tree
|( WDBNDRY_B 0 6.233e+02 8.996e+01 3.700e+01
|    ( QUESTION0_0_R 1 1.593e+02 2.775e+01 1.300e+01
|        ( - 1.244e+02 1 0)
|        ( - 7.143e+00 1 0))
|    ( QUESTION0_0_R 1 3.740e+02 6.558e+01 2.400e+01
|        ( - 2.019e+02 1 0)
|        ( - 1.065e+02 2 0)))
s>    ( WDBNDRY_B 0 6.233e+02 8.996e+01 3.700e+01
s>        ( QUESTION0_0_R 1 1.593e+02 2.775e+01 1.300e+01
s>            ( - 1.244e+02 1 0)
s>            ( - 7.143e+00 1 0))
s>        ( QUESTION0_0_R 1 3.740e+02 6.558e+01 2.400e+01
s>            ( - 2.019e+02 1 0)
s>            ( - 1.065e+02 2 0)))INFO: dtree.c(1439): stop. leaf nodes are specific
INFO: dtree.c(1478): Final simple tree
|( QUESTION0_0_R 1 7.780e+02 1.021e+02 4.848e+01
|    ( - 4.958e+02 1 0)
|    ( - 1.800e+02 1 0))
s>    ( QUESTION0_0_R 1 7.780e+02 1.021e+02 4.848e+01
s>        ( - 4.958e+02 1 0)
s>        ( - 1.800e+02 1 0))INFO: dtree.c(1315): Comp split 31
INFO: dtree.c(1439): stop. leaf nodes are specific
INFO: dtree.c(1478): Final simple tree
|( QUESTION2_9_L -1 5.825e+02 4.125e+01 3.902e+01
|    ( QUESTION1 1 6.344e+01 2.225e+01 7.000e+00
|        ( - 3.679e+01 1 0)
|        ( - 4.394e+00 1 0))
|    ( - 4.778e+02 1 0))
s>    ( QUESTION2_9_L -1 5.825e+02 4.125e+01 3.902e+01
s>        ( QUESTION1 1 6.344e+01 2.225e+01 7.000e+00
s>            ( - 3.679e+01 1 0)
s>            ( - 4.394e+00 1 0))
s>        ( - 4.778e+02 1 0))INFO: dtree.c(1439): stop. leaf nodes are specific
INFO: dtree.c(1478): Final simple tree
|( QUESTION0_0_R 1 9.645e+02 6.843e+01 6.197e+01
|    ( - 7.722e+02 1 0)
|    ( - 1.239e+02 1 0))
s>    ( QUESTION0_0_R 1 9.645e+02 6.843e+01 6.197e+01
s>        ( - 7.722e+02 1 0)
s>        ( - 1.239e+02 1 0))INFO: dtree.c(1315): Comp split 32
INFO: dtree.c(1439): stop. leaf nodes are specific
INFO: dtree.c(1478): Final simple tree
|( QUESTION0_0_R 1 9.350e+02 1.013e+02 7.910e+01
|    ( - 3.423e+02 1 0)
|    ( - 4.914e+02 1 0))
s>    ( QUESTION0_0_R 1 9.350e+02 1.013e+02 7.910e+01
s>        ( - 3.423e+02 1 0)
s>        ( - 4.914e+02 1 0))INFO: dtree.c(1315): Comp split 33
INFO: dtree.c(1439): stop. leaf nodes are specific
INFO: dtree.c(1478): Final simple tree
|( QUESTION0_8_R 1 3.534e+02 4.825e+01 2.700e+01
|    ( - 2.327e+02 1 0)
|    ( - 7.238e+01 1 0))
s>    ( QUESTION0_8_R 1 3.534e+02 4.825e+01 2.700e+01
s>        ( - 2.327e+02 1 0)
s>        ( - 7.238e+01 1 0))INFO: dtree.c(1315): Comp split 34
INFO: dtree.c(1439): stop. leaf nodes are specific
INFO: dtree.c(1478): Final simple tree
|( WDBNDRY_B 0 6.508e+02 1.010e+02 4.300e+01
|    ( - 2.596e+02 1 0)
|    ( - 2.902e+02 1 0))
s>    ( WDBNDRY_B 0 6.508e+02 1.010e+02 4.300e+01
s>        ( - 2.596e+02 1 0)
s>        ( - 2.902e+02 1 0))INFO: dtree.c(1315): Comp split 35
INFO: dtree.c(1315): Comp split 36
INFO: dtree.c(1439): stop. leaf nodes are specific
INFO: dtree.c(1478): Final simple tree
|( WDBNDRY_B 0 6.933e+02 6.852e+01 4.599e+01
|    ( - 5.395e+02 2 0)
|    ( QUESTION0_10_R 1 8.532e+01 2.200e+01 8.993e+00
|        ( - 5.245e+01 1 0)
|        ( - 1.088e+01 1 0)))
s>    ( WDBNDRY_B 0 6.933e+02 6.852e+01 4.599e+01
s>        ( - 5.395e+02 2 0)
s>        ( QUESTION0_10_R 1 8.532e+01 2.200e+01 8.993e+00
s>            ( - 5.245e+01 1 0)
s>            ( - 1.088e+01 1 0)))INFO: dtree.c(1439): stop. leaf nodes are specific
INFO: dtree.c(1478): Final simple tree
|( QUESTION0_13_R 1 2.410e+02 6.479e+01 1.800e+01
|    ( - 5.909e+01 1 0)
|    ( QUESTION0_8_R 1 1.171e+02 2.877e+01 1.100e+01
|        ( WDBNDRY_B 0 5.168e+01 1.236e+01 6.000e+00
|            ( - 3.932e+01 1 0)
|            ( - 0.000e+00 1 0))
|        ( - 3.670e+01 1 0)))
s>    ( QUESTION0_13_R 1 2.410e+02 6.479e+01 1.800e+01
s>        ( - 5.909e+01 1 0)
s>        ( QUESTION0_8_R 1 1.171e+02 2.877e+01 1.100e+01
s>            ( WDBNDRY_B 0 5.168e+01 1.236e+01 6.000e+00
s>                ( - 3.932e+01 1 0)
s>                ( - 0.000e+00 1 0))
s>            ( - 3.670e+01 1 0)))INFO: dtree.c(1315): Comp split 37
INFO: dtree.c(1315): Comp split 38
INFO: dtree.c(1439): stop. leaf nodes are specific
INFO: dtree.c(1478): Final simple tree
|( QUESTION0_8_R 1 2.991e+02 6.098e+01 2.200e+01
|    ( - 9.378e+01 1 0)
|    ( - 1.444e+02 1 0))
s>    ( QUESTION0_8_R 1 2.991e+02 6.098e+01 2.200e+01
s>        ( - 9.378e+01 1 0)
s>        ( - 1.444e+02 1 0))INFO: dtree.c(1439): stop. leaf nodes are specific
INFO: dtree.c(1478): Final simple tree
|( QUESTION1 1 6.461e+03 2.917e+01 3.605e+02
|    ( - 5.143e+00 1 0)
|    ( - 6.426e+03 1 0))
s>    ( QUESTION1 1 6.461e+03 2.917e+01 3.605e+02
s>        ( - 5.143e+00 1 0)
s>        ( - 6.426e+03 1 0))INFO: dtree.c(1315): Comp split 39
INFO: dtree.c(1315): Comp split 40
INFO: dtree.c(1315): Comp split 41
INFO: dtree.c(1315): Comp split 42
INFO: dtree.c(1315): Comp split 43
INFO: dtree.c(1439): stop. leaf nodes are specific
INFO: dtree.c(1478): Final simple tree
|( QUESTION0_8_R 1 1.686e+02 3.105e+01 1.399e+01
|    ( - 9.308e+01 1 0)
|    ( - 4.444e+01 1 0))
s>    ( QUESTION0_8_R 1 1.686e+02 3.105e+01 1.399e+01
s>        ( - 9.308e+01 1 0)
s>        ( - 4.444e+01 1 0))INFO: dtree.c(1315): Comp split 44
INFO: dtree.c(1315): Comp split 45
INFO: dtree.c(1315): Comp split 46
INFO: dtree.c(1439): stop. leaf nodes are specific
INFO: dtree.c(1478): Final simple tree
|( QUESTION17 -1 1.198e+03 3.343e+01 7.179e+01
|    ( - 1.302e+01 1 0)
|    ( - 1.151e+03 1 0))
s>    ( QUESTION17 -1 1.198e+03 3.343e+01 7.179e+01
s>        ( - 1.302e+01 1 0)
s>        ( - 1.151e+03 1 0))INFO: dtree.c(1315): Comp split 47
INFO: dtree.c(1439): stop. leaf nodes are specific
INFO: dtree.c(1478): Final simple tree
|( QUESTION0_8_R 1 2.015e+02 3.532e+01 1.600e+01
|    ( - 1.902e+01 1 0)
|    ( - 1.472e+02 1 0))
s>    ( QUESTION0_8_R 1 2.015e+02 3.532e+01 1.600e+01
s>        ( - 1.902e+01 1 0)
s>        ( - 1.472e+02 1 0))INFO: dtree.c(1439): stop. leaf nodes are specific
INFO: dtree.c(1478): Final simple tree
|( WDBNDRY_B 0 2.289e+02 3.959e+01 1.900e+01
|    ( - 3.912e+01 1 0)
|    ( - 1.502e+02 3 0))
s>    ( WDBNDRY_B 0 2.289e+02 3.959e+01 1.900e+01
s>        ( - 3.912e+01 1 0)
s>        ( - 1.502e+02 3 0))INFO: dtree.c(1315): Comp split 48
INFO: dtree.c(1315): Comp split 49
INFO: dtree.c(1315): Comp split 50
INFO: dtree.c(1315): Comp split 51
INFO: dtree.c(1315): Comp split 52
INFO: dtree.c(1439): stop. leaf nodes are specific
INFO: dtree.c(1478): Final simple tree
|( WDBNDRY_B 0 2.374e+02 2.836e+01 1.700e+01
|    ( - 7.143e+00 1 0)
|    ( - 2.019e+02 1 0))
s>    ( WDBNDRY_B 0 2.374e+02 2.836e+01 1.700e+01
s>        ( - 7.143e+00 1 0)
s>        ( - 2.019e+02 1 0))INFO: dtree.c(1439): stop. leaf nodes are specific
INFO: dtree.c(1478): Final simple tree
|( WDBNDRY_B 0 2.927e+02 6.180e+01 2.000e+01
|    ( - 1.244e+02 1 0)
|    ( - 1.065e+02 2 0))
s>    ( WDBNDRY_B 0 2.927e+02 6.180e+01 2.000e+01
s>        ( - 1.244e+02 1 0)
s>        ( - 1.065e+02 2 0))INFO: dtree.c(1315): Comp split 53
INFO: dtree.c(1439): stop. leaf nodes are specific
INFO: dtree.c(1478): Final simple tree
|( QUESTION0_10_R 1 1.309e+02 3.074e+01 1.161e+01
|    ( - 3.792e+01 1 0)
|    ( - 6.220e+01 1 0))
s>    ( QUESTION0_10_R 1 1.309e+02 3.074e+01 1.161e+01
s>        ( - 3.792e+01 1 0)
s>        ( - 6.220e+01 1 0))INFO: dtree.c(1315): Comp split 54
INFO: dtree.c(1439): stop. leaf nodes are specific
INFO: dtree.c(1478): Final simple tree
|( QUESTION0_3_R 1 7.136e+01 1.647e+01 7.000e+00
|    ( - 5.489e+01 1 0)
|    ( - 0.000e+00 1 0))
s>    ( QUESTION0_3_R 1 7.136e+01 1.647e+01 7.000e+00
s>        ( - 5.489e+01 1 0)
s>        ( - 0.000e+00 1 0))INFO: dtree.c(1315): Comp split 55
INFO: dtree.c(1439): stop. leaf nodes are specific
INFO: dtree.c(1478): Final simple tree
|( QUESTION0_10_R 1 8.532e+01 2.200e+01 8.993e+00
|    ( - 5.245e+01 1 0)
|    ( - 1.088e+01 1 0))
s>    ( QUESTION0_10_R 1 8.532e+01 2.200e+01 8.993e+00
s>        ( - 5.245e+01 1 0)
s>        ( - 1.088e+01 1 0))INFO: dtree.c(1315): Comp split 56
INFO: dtree.c(1315): Comp split 57
INFO: dtree.c(1439): stop. leaf nodes are specific
INFO: dtree.c(1478): Final simple tree
|( QUESTION0_8_R 1 1.171e+02 2.877e+01 1.100e+01
|    ( WDBNDRY_B 0 5.168e+01 1.236e+01 6.000e+00
|        ( - 3.932e+01 1 0)
|        ( - 0.000e+00 1 0))
|    ( - 3.670e+01 1 0))
s>    ( QUESTION0_8_R 1 1.171e+02 2.877e+01 1.100e+01
s>        ( WDBNDRY_B 0 5.168e+01 1.236e+01 6.000e+00
s>            ( - 3.932e+01 1 0)
s>            ( - 0.000e+00 1 0))
s>        ( - 3.670e+01 1 0))INFO: dtree.c(1315): Comp split 58
INFO: dtree.c(1315): Comp split 59
INFO: dtree.c(1315): Comp split 60
INFO: dtree.c(1315): Comp split 61
INFO: dtree.c(1439): stop. leaf nodes are specific
INFO: dtree.c(1478): Final simple tree
|( QUESTION0_1_R 1 7.883e+01 2.404e+01 8.000e+00
|    ( - 4.784e+01 1 0)
|    ( - 6.952e+00 1 0))
s>    ( QUESTION0_1_R 1 7.883e+01 2.404e+01 8.000e+00
s>        ( - 4.784e+01 1 0)
s>        ( - 6.952e+00 1 0))INFO: dtree.c(1315): Comp split 62
INFO: dtree.c(1315): Comp split 63
INFO: dtree.c(1439): stop. leaf nodes are specific
INFO: dtree.c(1478): Final simple tree
|( QUESTION1 1 6.344e+01 2.225e+01 7.000e+00
|    ( - 3.679e+01 1 0)
|    ( - 4.394e+00 1 0))
s>    ( QUESTION1 1 6.344e+01 2.225e+01 7.000e+00
s>        ( - 3.679e+01 1 0)
s>        ( - 4.394e+00 1 0))INFO: dtree.c(1315): Comp split 64
INFO: dtree.c(1315): Comp split 65
INFO: dtree.c(1315): Comp split 66
INFO: dtree.c(1315): Comp split 67
INFO: dtree.c(1315): Comp split 68
INFO: dtree.c(1315): Comp split 69
INFO: dtree.c(1315): Comp split 70
INFO: dtree.c(1439): stop. leaf nodes are specific
INFO: dtree.c(1478): Final simple tree
|( WDBNDRY_B 0 5.168e+01 1.236e+01 6.000e+00
|    ( - 3.932e+01 1 0)
|    ( - 0.000e+00 1 0))
s>    ( WDBNDRY_B 0 5.168e+01 1.236e+01 6.000e+00
s>        ( - 3.932e+01 1 0)
s>        ( - 0.000e+00 1 0))INFO: dtree.c(1315): Comp split 71
INFO: dtree.c(1315): Comp split 72
INFO: dtree.c(1315): Comp split 73
INFO: dtree.c(1315): Comp split 74
INFO: dtree.c(1315): Comp split 75
INFO: dtree.c(1315): Comp split 76
INFO: dtree.c(1315): Comp split 77
INFO: dtree.c(1318): stop. leaf nodes are specific
Sun Mar 12 05:25:02 2017
