Current configuration:
[NAME]		[DEFLT]	[VALUE]
-allphones	no	no
-cntthresh	0.00001	1.000000e-05
-csplitmax	100	2000
-csplitmin	1	1
-csplitthr	8e-4	0.000000e+00
-example	no	no
-fullvar	no	no
-help		no	no
-meanfn			
-mixwfn			/home/gaurav/python-scripts/py/scripts/sphinx-source2/an4/model_parameters/an4.cd_ptm_untied/mixture_weights
-moddeffn		/home/gaurav/python-scripts/py/scripts/sphinx-source2/an4/model_architecture/an4.untied.mdef
-mwfloor	1e-4	1.000000e-08
-phone			EH
-psetfn			/home/gaurav/python-scripts/py/scripts/sphinx-source2/an4/model_architecture/an4.tree_questions
-ssplitmax	5	7
-ssplitmin	1	1
-ssplitthr	8e-4	0.000000e+00
-state			1
-stwt			1.0,0.05,0.0,
-treefn			/home/gaurav/python-scripts/py/scripts/sphinx-source2/an4/trees/an4.unpruned/EH-1.dtree
-ts2cbfn	.semi.	.semi.
-varfloor	0.00001	1.000000e-05
-varfn			

INFO: main.c(223): Reading: /home/gaurav/python-scripts/py/scripts/sphinx-source2/an4/model_architecture/an4.untied.mdef
INFO: model_def_io.c(573): Model definition info:
INFO: model_def_io.c(574): 1618 total models defined (34 base, 1584 tri)
INFO: model_def_io.c(575): 6472 total states
INFO: model_def_io.c(576): 4854 total tied states
INFO: model_def_io.c(577): 102 total tied CI states
INFO: model_def_io.c(578): 34 total tied transition matrices
INFO: model_def_io.c(579): 4 max state/model
INFO: model_def_io.c(580): 4 min state/model
INFO: main.c(242): Building trees for [EH AH F b] through [EH Y S i]
INFO: main.c(269): Covering states |[978 1271]| == 294
INFO: main.c(275): Reading: /home/gaurav/python-scripts/py/scripts/sphinx-source2/an4/model_parameters/an4.cd_ptm_untied/mixture_weights
INFO: s3mixw_io.c(173): Read /home/gaurav/python-scripts/py/scripts/sphinx-source2/an4/model_parameters/an4.cd_ptm_untied/mixture_weights [294x4x64 array]
INFO: main.c(311): 98 of 98 models have observation count greater than 0.000010
INFO: main.c(95): nrm stwt: 0.045 0.909 0.045 
INFO: main.c(411): 98-class entropy: 5.437910e+04
INFO: main.c(549): Reading: /home/gaurav/python-scripts/py/scripts/sphinx-source2/an4/model_architecture/an4.tree_questions
INFO: main.c(588): 180 total simple questions (172 phone; 8 word bndry)
INFO: main.c(590): 42 Left Only questions, and 42 Right Only questions
INFO: dtree.c(1478): Final simple tree
|( WDBNDRY_B 0 7.359e+04 2.594e+03 3.330e+03
|    ( SILENCE -1 6.078e+04 1.326e+03 2.787e+03
|        ( - 1.400e+04 7 0 QUESTION0_1_R 1 3.773e+02 7.210e+02)
|        ( QUESTION0_1_R 1 4.545e+04 8.151e+02 2.066e+03
|            ( - 1.357e+04 13 0 QUESTION1 -1 3.435e+02 6.398e+02)
|            ( QUESTION1 -1 3.107e+04 5.842e+02 1.427e+03
|                ( - 1.368e+04 10 0 QUESTION0_0_R 1 3.138e+02 6.597e+02)
|                ( QUESTION2_3_L -1 1.681e+04 4.126e+02 7.670e+02
|                    ( - 4.149e+03 14 0 QUESTION0_0_R 1 2.604e+02 2.070e+02)
|                    ( - 1.225e+04 40 0 QUESTION0 -1 3.231e+02 5.600e+02)))))
|    ( QUESTION4 -1 1.022e+04 1.105e+03 5.422e+02
|        ( - 4.616e+03 5 0 QUESTION0_0_R 1 1.905e+02 3.168e+02)
|        ( QUESTION0 -1 4.498e+03 5.530e+02 2.255e+02
|            ( - 2.186e+03 6 0 QUESTION0_0_R 1 3.412e+02 1.212e+02)
|            ( - 1.759e+03 3 0 QUESTION0 1 2.349e+02 1.043e+02))))
s>    ( WDBNDRY_B 0 7.359e+04 2.594e+03 3.330e+03
s>        ( SILENCE -1 6.078e+04 1.326e+03 2.787e+03
s>            ( - 1.400e+04 7 0 QUESTION0_1_R 1 3.773e+02 7.210e+02)
s>            ( QUESTION0_1_R 1 4.545e+04 8.151e+02 2.066e+03
s>                ( - 1.357e+04 13 0 QUESTION1 -1 3.435e+02 6.398e+02)
s>                ( QUESTION1 -1 3.107e+04 5.842e+02 1.427e+03
s>                    ( - 1.368e+04 10 0 QUESTION0_0_R 1 3.138e+02 6.597e+02)
s>                    ( QUESTION2_3_L -1 1.681e+04 4.126e+02 7.670e+02
s>                        ( - 4.149e+03 14 0 QUESTION0_0_R 1 2.604e+02 2.070e+02)
s>                        ( - 1.225e+04 40 0 QUESTION0 -1 3.231e+02 5.600e+02)))))
s>        ( QUESTION4 -1 1.022e+04 1.105e+03 5.422e+02
s>            ( - 4.616e+03 5 0 QUESTION0_0_R 1 1.905e+02 3.168e+02)
s>            ( QUESTION0 -1 4.498e+03 5.530e+02 2.255e+02
s>                ( - 2.186e+03 6 0 QUESTION0_0_R 1 3.412e+02 1.212e+02)
s>                ( - 1.759e+03 3 0 QUESTION0 1 2.349e+02 1.043e+02))))INFO: dtree.c(1315): Comp split 0
INFO: dtree.c(1478): Final simple tree
|( SILENCE -1 6.302e+04 1.302e+03 2.892e+03
|    ( QUESTION0_1_R 1 1.400e+04 3.773e+02 7.210e+02
|        ( - 6.604e+03 1 0)
|        ( - 7.017e+03 6 0 QUESTION5 1 2.570e+02 3.567e+02))
|    ( QUESTION0_1_R 1 4.772e+04 8.104e+02 2.171e+03
|        ( QUESTION2_0_L -1 1.464e+04 3.557e+02 6.891e+02
|            ( - 9.637e+03 12 0 QUESTION1 -1 3.651e+02 4.587e+02)
|            ( - 4.650e+03 2 0 QUESTION2_12_L -1 2.823e+02 2.304e+02))
|        ( QUESTION1 -1 3.227e+04 6.067e+02 1.482e+03
|            ( - 1.368e+04 10 0 QUESTION0_0_R 1 3.138e+02 6.597e+02)
|            ( QUESTION2_3_L -1 1.798e+04 4.185e+02 8.219e+02
|                ( - 4.149e+03 14 0 QUESTION0_0_R 1 2.604e+02 2.070e+02)
|                ( WDBNDRY_B 0 1.342e+04 3.739e+02 6.149e+02
|                    ( - 1.225e+04 40 0 QUESTION0 -1 3.231e+02 5.600e+02)
|                    ( - 7.939e+02 2 0 QUESTION0 1 8.424e+01 5.488e+01))))))
s>    ( SILENCE -1 6.302e+04 1.302e+03 2.892e+03
s>        ( QUESTION0_1_R 1 1.400e+04 3.773e+02 7.210e+02
s>            ( - 6.604e+03 1 0)
s>            ( - 7.017e+03 6 0 QUESTION5 1 2.570e+02 3.567e+02))
s>        ( QUESTION0_1_R 1 4.772e+04 8.104e+02 2.171e+03
s>            ( QUESTION2_0_L -1 1.464e+04 3.557e+02 6.891e+02
s>                ( - 9.637e+03 12 0 QUESTION1 -1 3.651e+02 4.587e+02)
s>                ( - 4.650e+03 2 0 QUESTION2_12_L -1 2.823e+02 2.304e+02))
s>            ( QUESTION1 -1 3.227e+04 6.067e+02 1.482e+03
s>                ( - 1.368e+04 10 0 QUESTION0_0_R 1 3.138e+02 6.597e+02)
s>                ( QUESTION2_3_L -1 1.798e+04 4.185e+02 8.219e+02
s>                    ( - 4.149e+03 14 0 QUESTION0_0_R 1 2.604e+02 2.070e+02)
s>                    ( WDBNDRY_B 0 1.342e+04 3.739e+02 6.149e+02
s>                        ( - 1.225e+04 40 0 QUESTION0 -1 3.231e+02 5.600e+02)
s>                        ( - 7.939e+02 2 0 QUESTION0 1 8.424e+01 5.488e+01))))))INFO: dtree.c(1478): Final simple tree
|( QUESTION0 -1 7.806e+03 1.005e+03 4.380e+02
|    ( QUESTION0_0_R 1 2.186e+03 3.412e+02 1.212e+02
|        ( QUESTION0_1_R 1 1.139e+03 1.939e+02 7.214e+01
|            ( - 5.777e+02 1 0)
|            ( QUESTION2_0_L -1 3.677e+02 7.760e+01 2.601e+01
|                ( - 1.116e+02 2 0 QUESTION0_5_R 1 3.155e+01 1.100e+01)
|                ( - 1.785e+02 2 0 QUESTION0_5_R 1 3.353e+01 1.501e+01)))
|        ( - 7.057e+02 1 0))
|    ( QUESTION0_0_R 1 4.616e+03 1.905e+02 3.168e+02
|        ( - 4.138e+03 2 0)
|        ( QUESTION0_14_R 1 2.872e+02 4.602e+01 2.404e+01
|            ( - 7.612e+01 1 0)
|            ( QUESTION0_10_R 1 1.651e+02 3.753e+01 1.604e+01
|                ( - 8.780e+01 1 0)
|                ( - 3.976e+01 1 0)))))
s>    ( QUESTION0 -1 7.806e+03 1.005e+03 4.380e+02
s>        ( QUESTION0_0_R 1 2.186e+03 3.412e+02 1.212e+02
s>            ( QUESTION0_1_R 1 1.139e+03 1.939e+02 7.214e+01
s>                ( - 5.777e+02 1 0)
s>                ( QUESTION2_0_L -1 3.677e+02 7.760e+01 2.601e+01
s>                    ( - 1.116e+02 2 0 QUESTION0_5_R 1 3.155e+01 1.100e+01)
s>                    ( - 1.785e+02 2 0 QUESTION0_5_R 1 3.353e+01 1.501e+01)))
s>            ( - 7.057e+02 1 0))
s>        ( QUESTION0_0_R 1 4.616e+03 1.905e+02 3.168e+02
s>            ( - 4.138e+03 2 0)
s>            ( QUESTION0_14_R 1 2.872e+02 4.602e+01 2.404e+01
s>                ( - 7.612e+01 1 0)
s>                ( QUESTION0_10_R 1 1.651e+02 3.753e+01 1.604e+01
s>                    ( - 8.780e+01 1 0)
s>                    ( - 3.976e+01 1 0)))))INFO: dtree.c(1315): Comp split 1
INFO: dtree.c(1478): Final simple tree
|( QUESTION0_1_R 1 4.772e+04 8.104e+02 2.171e+03
|    ( QUESTION2_0_L -1 1.464e+04 3.557e+02 6.891e+02
|        ( QUESTION1 -1 9.637e+03 3.651e+02 4.587e+02
|            ( - 3.155e+03 2 0)
|            ( QUESTION7 -1 6.117e+03 3.357e+02 2.959e+02
|                ( - 1.111e+03 2 0 WDBNDRY_B 0 1.247e+02 6.738e+01)
|                ( - 4.670e+03 8 0 QUESTION2_4_L -1 2.231e+02 2.285e+02)))
|        ( - 4.650e+03 2 0 QUESTION2_12_L -1 2.823e+02 2.304e+02))
|    ( QUESTION1 -1 3.227e+04 6.067e+02 1.482e+03
|        ( - 1.368e+04 10 0 QUESTION0_0_R 1 3.138e+02 6.597e+02)
|        ( QUESTION2_3_L -1 1.798e+04 4.185e+02 8.219e+02
|            ( - 4.149e+03 14 0 QUESTION0_0_R 1 2.604e+02 2.070e+02)
|            ( WDBNDRY_B 0 1.342e+04 3.739e+02 6.149e+02
|                ( - 1.225e+04 40 0 QUESTION0 -1 3.231e+02 5.600e+02)
|                ( - 7.939e+02 2 0 QUESTION0 1 8.424e+01 5.488e+01)))))
s>    ( QUESTION0_1_R 1 4.772e+04 8.104e+02 2.171e+03
s>        ( QUESTION2_0_L -1 1.464e+04 3.557e+02 6.891e+02
s>            ( QUESTION1 -1 9.637e+03 3.651e+02 4.587e+02
s>                ( - 3.155e+03 2 0)
s>                ( QUESTION7 -1 6.117e+03 3.357e+02 2.959e+02
s>                    ( - 1.111e+03 2 0 WDBNDRY_B 0 1.247e+02 6.738e+01)
s>                    ( - 4.670e+03 8 0 QUESTION2_4_L -1 2.231e+02 2.285e+02)))
s>            ( - 4.650e+03 2 0 QUESTION2_12_L -1 2.823e+02 2.304e+02))
s>        ( QUESTION1 -1 3.227e+04 6.067e+02 1.482e+03
s>            ( - 1.368e+04 10 0 QUESTION0_0_R 1 3.138e+02 6.597e+02)
s>            ( QUESTION2_3_L -1 1.798e+04 4.185e+02 8.219e+02
s>                ( - 4.149e+03 14 0 QUESTION0_0_R 1 2.604e+02 2.070e+02)
s>                ( WDBNDRY_B 0 1.342e+04 3.739e+02 6.149e+02
s>                    ( - 1.225e+04 40 0 QUESTION0 -1 3.231e+02 5.600e+02)
s>                    ( - 7.939e+02 2 0 QUESTION0 1 8.424e+01 5.488e+01)))))INFO: dtree.c(1439): stop. leaf nodes are specific
INFO: dtree.c(1478): Final simple tree
|( QUESTION0_1_R 1 1.400e+04 3.773e+02 7.210e+02
|    ( - 6.604e+03 1 0)
|    ( QUESTION5 1 7.017e+03 2.570e+02 3.567e+02
|        ( QUESTION0_5_R 1 2.348e+03 1.380e+02 1.274e+02
|            ( - 1.870e+03 1 0)
|            ( QUESTION0_0_R 1 3.396e+02 5.539e+01 2.400e+01
|                ( - 3.190e+01 1 0)
|                ( - 2.523e+02 1 0)))
|        ( QUESTION0_8_R 1 4.413e+03 1.732e+02 2.293e+02
|            ( - 2.383e+03 1 0)
|            ( QUESTION0_0_R 1 1.857e+03 1.453e+02 1.038e+02
|                ( - 6.585e+02 1 0)
|                ( - 1.053e+03 1 0)))))
s>    ( QUESTION0_1_R 1 1.400e+04 3.773e+02 7.210e+02
s>        ( - 6.604e+03 1 0)
s>        ( QUESTION5 1 7.017e+03 2.570e+02 3.567e+02
s>            ( QUESTION0_5_R 1 2.348e+03 1.380e+02 1.274e+02
s>                ( - 1.870e+03 1 0)
s>                ( QUESTION0_0_R 1 3.396e+02 5.539e+01 2.400e+01
s>                    ( - 3.190e+01 1 0)
s>                    ( - 2.523e+02 1 0)))
s>            ( QUESTION0_8_R 1 4.413e+03 1.732e+02 2.293e+02
s>                ( - 2.383e+03 1 0)
s>                ( QUESTION0_0_R 1 1.857e+03 1.453e+02 1.038e+02
s>                    ( - 6.585e+02 1 0)
s>                    ( - 1.053e+03 1 0)))))INFO: dtree.c(1315): Comp split 2
INFO: dtree.c(1439): stop. leaf nodes are specific
INFO: dtree.c(1478): Final simple tree
|( QUESTION0_0_R 1 4.616e+03 1.905e+02 3.168e+02
|    ( - 4.138e+03 2 0)
|    ( QUESTION0_14_R 1 2.872e+02 4.602e+01 2.404e+01
|        ( - 7.612e+01 1 0)
|        ( QUESTION0_10_R 1 1.651e+02 3.753e+01 1.604e+01
|            ( - 8.780e+01 1 0)
|            ( - 3.976e+01 1 0))))
s>    ( QUESTION0_0_R 1 4.616e+03 1.905e+02 3.168e+02
s>        ( - 4.138e+03 2 0)
s>        ( QUESTION0_14_R 1 2.872e+02 4.602e+01 2.404e+01
s>            ( - 7.612e+01 1 0)
s>            ( QUESTION0_10_R 1 1.651e+02 3.753e+01 1.604e+01
s>                ( - 8.780e+01 1 0)
s>                ( - 3.976e+01 1 0))))INFO: dtree.c(1439): stop. leaf nodes are specific
INFO: dtree.c(1478): Final simple tree
|( QUESTION0_0_R 1 2.186e+03 3.412e+02 1.212e+02
|    ( QUESTION0_1_R 1 1.139e+03 1.939e+02 7.214e+01
|        ( - 5.777e+02 1 0)
|        ( QUESTION2_0_L -1 3.677e+02 7.760e+01 2.601e+01
|            ( QUESTION0_5_R 1 1.116e+02 3.155e+01 1.100e+01
|                ( - 4.033e+01 1 0)
|                ( - 3.971e+01 1 0))
|            ( QUESTION0_5_R 1 1.785e+02 3.353e+01 1.501e+01
|                ( - 1.350e+02 1 0)
|                ( - 1.005e+01 1 0))))
|    ( - 7.057e+02 1 0))
s>    ( QUESTION0_0_R 1 2.186e+03 3.412e+02 1.212e+02
s>        ( QUESTION0_1_R 1 1.139e+03 1.939e+02 7.214e+01
s>            ( - 5.777e+02 1 0)
s>            ( QUESTION2_0_L -1 3.677e+02 7.760e+01 2.601e+01
s>                ( QUESTION0_5_R 1 1.116e+02 3.155e+01 1.100e+01
s>                    ( - 4.033e+01 1 0)
s>                    ( - 3.971e+01 1 0))
s>                ( QUESTION0_5_R 1 1.785e+02 3.353e+01 1.501e+01
s>                    ( - 1.350e+02 1 0)
s>                    ( - 1.005e+01 1 0))))
s>        ( - 7.057e+02 1 0))INFO: dtree.c(1315): Comp split 3
INFO: dtree.c(1478): Final simple tree
|( QUESTION1 -1 3.371e+04 6.120e+02 1.549e+03
|    ( QUESTION0_0_R 1 1.368e+04 3.138e+02 6.597e+02
|        ( - 4.175e+03 4 0 QUESTION0 1 2.224e+02 2.100e+02)
|        ( - 9.187e+03 6 0 QUESTION0_8_R 1 2.288e+02 4.497e+02))
|    ( WDBNDRY_B 0 1.942e+04 4.650e+02 8.893e+02
|        ( QUESTION2_3_L -1 1.720e+04 4.154e+02 7.850e+02
|            ( QUESTION0_0_R 1 4.149e+03 2.604e+02 2.070e+02
|                ( - 2.194e+03 6 0 QUESTION0 1 1.300e+02 1.164e+02)
|                ( - 1.695e+03 8 0 QUESTION0_8_R 1 1.665e+02 9.059e+01))
|            ( QUESTION0 -1 1.263e+04 3.189e+02 5.780e+02
|                ( QUESTION2_12_L -1 5.238e+03 2.821e+02 2.440e+02
|                    ( - 2.452e+03 4 0 QUESTION0 1 2.156e+02 1.179e+02)
|                    ( - 2.504e+03 5 0 QUESTION4 1 2.288e+02 1.261e+02))
|                ( - 7.075e+03 32 0 QUESTION0_0_R 1 2.557e+02 3.340e+02)))
|        ( - 1.759e+03 3 0 QUESTION0 1 2.349e+02 1.043e+02)))
s>    ( QUESTION1 -1 3.371e+04 6.120e+02 1.549e+03
s>        ( QUESTION0_0_R 1 1.368e+04 3.138e+02 6.597e+02
s>            ( - 4.175e+03 4 0 QUESTION0 1 2.224e+02 2.100e+02)
s>            ( - 9.187e+03 6 0 QUESTION0_8_R 1 2.288e+02 4.497e+02))
s>        ( WDBNDRY_B 0 1.942e+04 4.650e+02 8.893e+02
s>            ( QUESTION2_3_L -1 1.720e+04 4.154e+02 7.850e+02
s>                ( QUESTION0_0_R 1 4.149e+03 2.604e+02 2.070e+02
s>                    ( - 2.194e+03 6 0 QUESTION0 1 1.300e+02 1.164e+02)
s>                    ( - 1.695e+03 8 0 QUESTION0_8_R 1 1.665e+02 9.059e+01))
s>                ( QUESTION0 -1 1.263e+04 3.189e+02 5.780e+02
s>                    ( QUESTION2_12_L -1 5.238e+03 2.821e+02 2.440e+02
s>                        ( - 2.452e+03 4 0 QUESTION0 1 2.156e+02 1.179e+02)
s>                        ( - 2.504e+03 5 0 QUESTION4 1 2.288e+02 1.261e+02))
s>                    ( - 7.075e+03 32 0 QUESTION0_0_R 1 2.557e+02 3.340e+02)))
s>            ( - 1.759e+03 3 0 QUESTION0 1 2.349e+02 1.043e+02)))INFO: dtree.c(1478): Final simple tree
|( QUESTION1 -1 1.318e+04 3.456e+02 6.218e+02
|    ( - 3.155e+03 2 0)
|    ( QUESTION2_0_L -1 9.682e+03 3.617e+02 4.589e+02
|        ( QUESTION2_4_L -1 4.670e+03 2.231e+02 2.285e+02
|            ( QUESTION16 -1 1.622e+03 1.954e+02 8.793e+01
|                ( - 6.595e+02 2 0 QUESTION2_9_L -1 9.524e+01 4.246e+01)
|                ( QUESTION4 -1 7.675e+02 1.030e+02 4.546e+01
|                    ( - 4.357e+02 1 0)
|                    ( - 2.288e+02 1 0)))
|            ( QUESTION0 -1 2.825e+03 1.308e+02 1.406e+02
|                ( - 2.484e+03 3 0)
|                ( - 2.104e+02 1 0)))
|        ( QUESTION2_12_L -1 4.650e+03 2.823e+02 2.304e+02
|            ( - 1.853e+03 1 0)
|            ( - 2.515e+03 1 0))))
s>    ( QUESTION1 -1 1.318e+04 3.456e+02 6.218e+02
s>        ( - 3.155e+03 2 0)
s>        ( QUESTION2_0_L -1 9.682e+03 3.617e+02 4.589e+02
s>            ( QUESTION2_4_L -1 4.670e+03 2.231e+02 2.285e+02
s>                ( QUESTION16 -1 1.622e+03 1.954e+02 8.793e+01
s>                    ( - 6.595e+02 2 0 QUESTION2_9_L -1 9.524e+01 4.246e+01)
s>                    ( QUESTION4 -1 7.675e+02 1.030e+02 4.546e+01
s>                        ( - 4.357e+02 1 0)
s>                        ( - 2.288e+02 1 0)))
s>                ( QUESTION0 -1 2.825e+03 1.308e+02 1.406e+02
s>                    ( - 2.484e+03 3 0)
s>                    ( - 2.104e+02 1 0)))
s>            ( QUESTION2_12_L -1 4.650e+03 2.823e+02 2.304e+02
s>                ( - 1.853e+03 1 0)
s>                ( - 2.515e+03 1 0))))INFO: dtree.c(1315): Comp split 4
INFO: dtree.c(1478): Final simple tree
|( QUESTION0_0_R 1 1.643e+04 3.636e+02 7.858e+02
|    ( QUESTION0 1 5.692e+03 2.478e+02 2.762e+02
|        ( QUESTION1 -1 3.950e+03 1.992e+02 1.991e+02
|            ( - 3.086e+03 2 0)
|            ( - 6.653e+02 1 0))
|        ( QUESTION1 -1 1.494e+03 1.602e+02 7.714e+01
|            ( - 8.668e+02 2 0)
|            ( - 4.669e+02 1 0)))
|    ( QUESTION0_8_R 1 1.037e+04 2.295e+02 5.096e+02
|        ( QUESTION1 -1 7.709e+03 1.649e+02 3.856e+02
|            ( - 6.804e+03 2 0)
|            ( - 7.400e+02 1 0))
|        ( QUESTION0_10_R 1 2.432e+03 1.671e+02 1.240e+02
|            ( - 7.972e+02 3 0 QUESTION1 -1 5.216e+01 4.660e+01)
|            ( - 1.468e+03 3 0 QUESTION1 -1 9.896e+01 7.735e+01))))
s>    ( QUESTION0_0_R 1 1.643e+04 3.636e+02 7.858e+02
s>        ( QUESTION0 1 5.692e+03 2.478e+02 2.762e+02
s>            ( QUESTION1 -1 3.950e+03 1.992e+02 1.991e+02
s>                ( - 3.086e+03 2 0)
s>                ( - 6.653e+02 1 0))
s>            ( QUESTION1 -1 1.494e+03 1.602e+02 7.714e+01
s>                ( - 8.668e+02 2 0)
s>                ( - 4.669e+02 1 0)))
s>        ( QUESTION0_8_R 1 1.037e+04 2.295e+02 5.096e+02
s>            ( QUESTION1 -1 7.709e+03 1.649e+02 3.856e+02
s>                ( - 6.804e+03 2 0)
s>                ( - 7.400e+02 1 0))
s>            ( QUESTION0_10_R 1 2.432e+03 1.671e+02 1.240e+02
s>                ( - 7.972e+02 3 0 QUESTION1 -1 5.216e+01 4.660e+01)
s>                ( - 1.468e+03 3 0 QUESTION1 -1 9.896e+01 7.735e+01))))INFO: dtree.c(1478): Final simple tree
|( WDBNDRY_B 0 1.656e+04 4.544e+02 7.632e+02
|    ( QUESTION2_3_L -1 1.434e+04 3.713e+02 6.589e+02
|        ( QUESTION0_0_R 1 4.149e+03 2.604e+02 2.070e+02
|            ( - 2.194e+03 6 0 QUESTION0 1 1.300e+02 1.164e+02)
|            ( - 1.695e+03 8 0 QUESTION0_8_R 1 1.665e+02 9.059e+01))
|        ( QUESTION0 -1 9.824e+03 2.969e+02 4.519e+02
|            ( - 2.452e+03 4 0 QUESTION0 1 2.156e+02 1.179e+02)
|            ( QUESTION0_0_R 1 7.075e+03 2.557e+02 3.340e+02
|                ( - 2.609e+03 12 0 QUESTION6 -1 2.077e+02 1.311e+02)
|                ( QUESTION2_2_L -1 4.210e+03 2.312e+02 2.029e+02
|                    ( - 1.443e+03 10 0 QUESTION0_8_R 1 1.787e+02 7.396e+01)
|                    ( - 2.536e+03 10 0 QUESTION0_10_R 1 1.674e+02 1.289e+02)))))
|    ( QUESTION0 1 1.759e+03 2.349e+02 1.043e+02
|        ( - 6.347e+02 1 0)
|        ( - 8.891e+02 2 0 QUESTION0_1_R 1 6.488e+01 5.738e+01)))
s>    ( WDBNDRY_B 0 1.656e+04 4.544e+02 7.632e+02
s>        ( QUESTION2_3_L -1 1.434e+04 3.713e+02 6.589e+02
s>            ( QUESTION0_0_R 1 4.149e+03 2.604e+02 2.070e+02
s>                ( - 2.194e+03 6 0 QUESTION0 1 1.300e+02 1.164e+02)
s>                ( - 1.695e+03 8 0 QUESTION0_8_R 1 1.665e+02 9.059e+01))
s>            ( QUESTION0 -1 9.824e+03 2.969e+02 4.519e+02
s>                ( - 2.452e+03 4 0 QUESTION0 1 2.156e+02 1.179e+02)
s>                ( QUESTION0_0_R 1 7.075e+03 2.557e+02 3.340e+02
s>                    ( - 2.609e+03 12 0 QUESTION6 -1 2.077e+02 1.311e+02)
s>                    ( QUESTION2_2_L -1 4.210e+03 2.312e+02 2.029e+02
s>                        ( - 1.443e+03 10 0 QUESTION0_8_R 1 1.787e+02 7.396e+01)
s>                        ( - 2.536e+03 10 0 QUESTION0_10_R 1 1.674e+02 1.289e+02)))))
s>        ( QUESTION0 1 1.759e+03 2.349e+02 1.043e+02
s>            ( - 6.347e+02 1 0)
s>            ( - 8.891e+02 2 0 QUESTION0_1_R 1 6.488e+01 5.738e+01)))INFO: dtree.c(1315): Comp split 5
INFO: dtree.c(1478): Final simple tree
|( QUESTION2_12_L -1 1.232e+04 3.177e+02 5.684e+02
|    ( QUESTION0 1 2.452e+03 2.156e+02 1.179e+02
|        ( - 1.013e+03 1 0)
|        ( - 1.224e+03 3 0 QUESTION0_8_R 1 1.695e+02 6.490e+01))
|    ( QUESTION0_0_R 1 9.548e+03 2.902e+02 4.505e+02
|        ( QUESTION5 -1 5.048e+03 2.582e+02 2.476e+02
|            ( - 1.698e+03 7 0 QUESTION6 -1 1.703e+02 8.911e+01)
|            ( QUESTION0 1 3.092e+03 2.005e+02 1.584e+02
|                ( - 1.993e+03 5 0 QUESTION0 -1 1.102e+02 1.066e+02)
|                ( - 8.981e+02 6 0 QUESTION2_1_L -1 1.068e+02 5.186e+01)))
|        ( QUESTION2_2_L -1 4.210e+03 2.312e+02 2.029e+02
|            ( QUESTION0_8_R 1 1.443e+03 1.787e+02 7.396e+01
|                ( - 6.000e+02 3 0 QUESTION4 -1 9.823e+01 3.499e+01)
|                ( - 6.643e+02 7 0 QUESTION6 -1 9.515e+01 3.898e+01))
|            ( - 2.536e+03 10 0 QUESTION0_10_R 1 1.674e+02 1.289e+02))))
s>    ( QUESTION2_12_L -1 1.232e+04 3.177e+02 5.684e+02
s>        ( QUESTION0 1 2.452e+03 2.156e+02 1.179e+02
s>            ( - 1.013e+03 1 0)
s>            ( - 1.224e+03 3 0 QUESTION0_8_R 1 1.695e+02 6.490e+01))
s>        ( QUESTION0_0_R 1 9.548e+03 2.902e+02 4.505e+02
s>            ( QUESTION5 -1 5.048e+03 2.582e+02 2.476e+02
s>                ( - 1.698e+03 7 0 QUESTION6 -1 1.703e+02 8.911e+01)
s>                ( QUESTION0 1 3.092e+03 2.005e+02 1.584e+02
s>                    ( - 1.993e+03 5 0 QUESTION0 -1 1.102e+02 1.066e+02)
s>                    ( - 8.981e+02 6 0 QUESTION2_1_L -1 1.068e+02 5.186e+01)))
s>            ( QUESTION2_2_L -1 4.210e+03 2.312e+02 2.029e+02
s>                ( QUESTION0_8_R 1 1.443e+03 1.787e+02 7.396e+01
s>                    ( - 6.000e+02 3 0 QUESTION4 -1 9.823e+01 3.499e+01)
s>                    ( - 6.643e+02 7 0 QUESTION6 -1 9.515e+01 3.898e+01))
s>                ( - 2.536e+03 10 0 QUESTION0_10_R 1 1.674e+02 1.289e+02))))INFO: dtree.c(1439): stop. leaf nodes are specific
INFO: dtree.c(1478): Final simple tree
|( WDBNDRY_B 0 3.783e+03 3.290e+02 1.948e+02
|    ( QUESTION0_8_R 1 1.695e+03 1.665e+02 9.059e+01
|        ( - 8.459e+02 3 0)
|        ( QUESTION0_10_R 1 6.829e+02 6.901e+01 3.947e+01
|            ( - 8.993e+01 2 0)
|            ( - 5.240e+02 3 0)))
|    ( QUESTION0 1 1.759e+03 2.349e+02 1.043e+02
|        ( - 6.347e+02 1 0)
|        ( QUESTION0_1_R 1 8.891e+02 6.488e+01 5.738e+01
|            ( - 7.493e+02 1 0)
|            ( - 7.494e+01 1 0))))
s>    ( WDBNDRY_B 0 3.783e+03 3.290e+02 1.948e+02
s>        ( QUESTION0_8_R 1 1.695e+03 1.665e+02 9.059e+01
s>            ( - 8.459e+02 3 0)
s>            ( QUESTION0_10_R 1 6.829e+02 6.901e+01 3.947e+01
s>                ( - 8.993e+01 2 0)
s>                ( - 5.240e+02 3 0)))
s>        ( QUESTION0 1 1.759e+03 2.349e+02 1.043e+02
s>            ( - 6.347e+02 1 0)
s>            ( QUESTION0_1_R 1 8.891e+02 6.488e+01 5.738e+01
s>                ( - 7.493e+02 1 0)
s>                ( - 7.494e+01 1 0))))INFO: dtree.c(1315): Comp split 6
INFO: dtree.c(1439): stop. leaf nodes are specific
INFO: dtree.c(1478): Final simple tree
|( QUESTION2_0_L -1 5.826e+03 2.884e+02 2.825e+02
|    ( QUESTION0 -1 3.685e+03 2.151e+02 1.830e+02
|        ( - 2.484e+03 3 0)
|        ( QUESTION4 -1 9.864e+02 1.166e+02 5.746e+01
|            ( - 2.104e+02 1 0)
|            ( QUESTION2_9_L -1 6.595e+02 9.524e+01 4.246e+01
|                ( - 1.496e+02 1 0)
|                ( - 4.146e+02 1 0))))
|    ( - 1.853e+03 1 0))
s>    ( QUESTION2_0_L -1 5.826e+03 2.884e+02 2.825e+02
s>        ( QUESTION0 -1 3.685e+03 2.151e+02 1.830e+02
s>            ( - 2.484e+03 3 0)
s>            ( QUESTION4 -1 9.864e+02 1.166e+02 5.746e+01
s>                ( - 2.104e+02 1 0)
s>                ( QUESTION2_9_L -1 6.595e+02 9.524e+01 4.246e+01
s>                    ( - 1.496e+02 1 0)
s>                    ( - 4.146e+02 1 0))))
s>        ( - 1.853e+03 1 0))INFO: dtree.c(1439): stop. leaf nodes are specific
INFO: dtree.c(1478): Final simple tree
|( QUESTION2 -1 6.920e+03 2.903e+02 3.393e+02
|    ( - 2.515e+03 1 0)
|    ( QUESTION0 -1 4.115e+03 1.925e+02 2.083e+02
|        ( - 3.155e+03 2 0)
|        ( QUESTION4 -1 7.675e+02 1.030e+02 4.546e+01
|            ( - 4.357e+02 1 0)
|            ( - 2.288e+02 1 0))))
s>    ( QUESTION2 -1 6.920e+03 2.903e+02 3.393e+02
s>        ( - 2.515e+03 1 0)
s>        ( QUESTION0 -1 4.115e+03 1.925e+02 2.083e+02
s>            ( - 3.155e+03 2 0)
s>            ( QUESTION4 -1 7.675e+02 1.030e+02 4.546e+01
s>                ( - 4.357e+02 1 0)
s>                ( - 2.288e+02 1 0))))INFO: dtree.c(1315): Comp split 7
INFO: dtree.c(1439): stop. leaf nodes are specific
INFO: dtree.c(1478): Final simple tree
|( QUESTION0_0_R 1 6.986e+03 1.294e+02 3.833e+02
|    ( - 6.604e+03 1 0)
|    ( - 2.523e+02 1 0))
s>    ( QUESTION0_0_R 1 6.986e+03 1.294e+02 3.833e+02
s>        ( - 6.604e+03 1 0)
s>        ( - 2.523e+02 1 0))INFO: dtree.c(1439): stop. leaf nodes are specific
INFO: dtree.c(1478): Final simple tree
|( QUESTION5 1 6.627e+03 2.475e+02 3.377e+02
|    ( QUESTION0_5_R 1 1.966e+03 6.440e+01 1.084e+02
|        ( - 1.870e+03 1 0)
|        ( - 3.190e+01 1 0))
|    ( QUESTION0_8_R 1 4.413e+03 1.732e+02 2.293e+02
|        ( - 2.383e+03 1 0)
|        ( QUESTION0_0_R 1 1.857e+03 1.453e+02 1.038e+02
|            ( - 6.585e+02 1 0)
|            ( - 1.053e+03 1 0))))
s>    ( QUESTION5 1 6.627e+03 2.475e+02 3.377e+02
s>        ( QUESTION0_5_R 1 1.966e+03 6.440e+01 1.084e+02
s>            ( - 1.870e+03 1 0)
s>            ( - 3.190e+01 1 0))
s>        ( QUESTION0_8_R 1 4.413e+03 1.732e+02 2.293e+02
s>            ( - 2.383e+03 1 0)
s>            ( QUESTION0_0_R 1 1.857e+03 1.453e+02 1.038e+02
s>                ( - 6.585e+02 1 0)
s>                ( - 1.053e+03 1 0))))INFO: dtree.c(1315): Comp split 8
INFO: dtree.c(1478): Final simple tree
|( QUESTION0_0_R 1 6.752e+03 2.857e+02 3.264e+02
|    ( QUESTION0 1 3.092e+03 2.005e+02 1.584e+02
|        ( QUESTION0 -1 1.993e+03 1.102e+02 1.066e+02
|            ( - 1.690e+03 3 0)
|            ( - 1.927e+02 2 0 QUESTION2_1_L -1 4.407e+01 1.500e+01))
|        ( QUESTION2_1_L -1 8.981e+02 1.068e+02 5.186e+01
|            ( - 3.552e+02 2 0)
|            ( - 4.361e+02 4 0 QUESTION0 -1 4.399e+01 2.885e+01)))
|    ( QUESTION0_10_R 1 3.375e+03 2.029e+02 1.679e+02
|        ( - 7.892e+02 6 0 QUESTION2_1_L -1 9.696e+01 4.637e+01)
|        ( QUESTION4 -1 2.383e+03 1.529e+02 1.215e+02
|            ( QUESTION0_8_R 1 1.466e+03 1.213e+02 7.855e+01
|                ( - 7.648e+02 2 0)
|                ( - 5.803e+02 3 0 QUESTION2_1_L -1 5.164e+01 3.393e+01))
|            ( - 7.636e+02 6 0 QUESTION11 -1 9.847e+01 4.300e+01))))
s>    ( QUESTION0_0_R 1 6.752e+03 2.857e+02 3.264e+02
s>        ( QUESTION0 1 3.092e+03 2.005e+02 1.584e+02
s>            ( QUESTION0 -1 1.993e+03 1.102e+02 1.066e+02
s>                ( - 1.690e+03 3 0)
s>                ( - 1.927e+02 2 0 QUESTION2_1_L -1 4.407e+01 1.500e+01))
s>            ( QUESTION2_1_L -1 8.981e+02 1.068e+02 5.186e+01
s>                ( - 3.552e+02 2 0)
s>                ( - 4.361e+02 4 0 QUESTION0 -1 4.399e+01 2.885e+01)))
s>        ( QUESTION0_10_R 1 3.375e+03 2.029e+02 1.679e+02
s>            ( - 7.892e+02 6 0 QUESTION2_1_L -1 9.696e+01 4.637e+01)
s>            ( QUESTION4 -1 2.383e+03 1.529e+02 1.215e+02
s>                ( QUESTION0_8_R 1 1.466e+03 1.213e+02 7.855e+01
s>                    ( - 7.648e+02 2 0)
s>                    ( - 5.803e+02 3 0 QUESTION2_1_L -1 5.164e+01 3.393e+01))
s>                ( - 7.636e+02 6 0 QUESTION11 -1 9.847e+01 4.300e+01))))INFO: dtree.c(1478): Final simple tree
|( QUESTION2_2_L -1 5.194e+03 2.525e+02 2.420e+02
|    ( QUESTION0 1 1.588e+03 1.640e+02 8.109e+01
|        ( - 5.781e+02 2 0 QUESTION6 -1 6.098e+01 3.511e+01)
|        ( QUESTION4 -1 8.454e+02 1.153e+02 4.599e+01
|            ( - 2.833e+02 1 0)
|            ( - 4.468e+02 4 0 QUESTION0_0_R 1 7.818e+01 2.700e+01)))
|    ( QUESTION0 1 3.354e+03 2.441e+02 1.609e+02
|        ( - 1.199e+03 2 0 QUESTION0 -1 9.754e+01 6.300e+01)
|        ( QUESTION0_0_R 1 1.911e+03 1.865e+02 9.790e+01
|            ( QUESTION0_1_R 1 8.758e+02 1.288e+02 5.100e+01
|                ( - 2.371e+02 1 0)
|                ( - 5.099e+02 2 0 QUESTION0 -1 7.437e+01 3.300e+01))
|            ( QUESTION0_8_R 1 8.483e+02 1.358e+02 4.690e+01
|                ( - 4.239e+02 1 0)
|                ( - 2.887e+02 1 0)))))
s>    ( QUESTION2_2_L -1 5.194e+03 2.525e+02 2.420e+02
s>        ( QUESTION0 1 1.588e+03 1.640e+02 8.109e+01
s>            ( - 5.781e+02 2 0 QUESTION6 -1 6.098e+01 3.511e+01)
s>            ( QUESTION4 -1 8.454e+02 1.153e+02 4.599e+01
s>                ( - 2.833e+02 1 0)
s>                ( - 4.468e+02 4 0 QUESTION0_0_R 1 7.818e+01 2.700e+01)))
s>        ( QUESTION0 1 3.354e+03 2.441e+02 1.609e+02
s>            ( - 1.199e+03 2 0 QUESTION0 -1 9.754e+01 6.300e+01)
s>            ( QUESTION0_0_R 1 1.911e+03 1.865e+02 9.790e+01
s>                ( QUESTION0_1_R 1 8.758e+02 1.288e+02 5.100e+01
s>                    ( - 2.371e+02 1 0)
s>                    ( - 5.099e+02 2 0 QUESTION0 -1 7.437e+01 3.300e+01))
s>                ( QUESTION0_8_R 1 8.483e+02 1.358e+02 4.690e+01
s>                    ( - 4.239e+02 1 0)
s>                    ( - 2.887e+02 1 0)))))INFO: dtree.c(1315): Comp split 9
INFO: dtree.c(1439): stop. leaf nodes are specific
INFO: dtree.c(1478): Final simple tree
|( QUESTION0_8_R 1 1.037e+04 2.295e+02 5.096e+02
|    ( QUESTION1 -1 7.709e+03 1.649e+02 3.856e+02
|        ( - 6.804e+03 2 0)
|        ( - 7.400e+02 1 0))
|    ( QUESTION0_10_R 1 2.432e+03 1.671e+02 1.240e+02
|        ( QUESTION1 -1 7.972e+02 5.216e+01 4.660e+01
|            ( - 7.203e+02 2 0)
|            ( - 2.478e+01 1 0))
|        ( QUESTION1 -1 1.468e+03 9.896e+01 7.735e+01
|            ( - 1.275e+03 2 0)
|            ( - 9.357e+01 1 0))))
s>    ( QUESTION0_8_R 1 1.037e+04 2.295e+02 5.096e+02
s>        ( QUESTION1 -1 7.709e+03 1.649e+02 3.856e+02
s>            ( - 6.804e+03 2 0)
s>            ( - 7.400e+02 1 0))
s>        ( QUESTION0_10_R 1 2.432e+03 1.671e+02 1.240e+02
s>            ( QUESTION1 -1 7.972e+02 5.216e+01 4.660e+01
s>                ( - 7.203e+02 2 0)
s>                ( - 2.478e+01 1 0))
s>            ( QUESTION1 -1 1.468e+03 9.896e+01 7.735e+01
s>                ( - 1.275e+03 2 0)
s>                ( - 9.357e+01 1 0))))INFO: dtree.c(1439): stop. leaf nodes are specific
INFO: dtree.c(1478): Final simple tree
|( QUESTION0 1 5.692e+03 2.478e+02 2.762e+02
|    ( QUESTION1 -1 3.950e+03 1.992e+02 1.991e+02
|        ( - 3.086e+03 2 0)
|        ( - 6.653e+02 1 0))
|    ( QUESTION1 -1 1.494e+03 1.602e+02 7.714e+01
|        ( - 8.668e+02 2 0)
|        ( - 4.669e+02 1 0)))
s>    ( QUESTION0 1 5.692e+03 2.478e+02 2.762e+02
s>        ( QUESTION1 -1 3.950e+03 1.992e+02 1.991e+02
s>            ( - 3.086e+03 2 0)
s>            ( - 6.653e+02 1 0))
s>        ( QUESTION1 -1 1.494e+03 1.602e+02 7.714e+01
s>            ( - 8.668e+02 2 0)
s>            ( - 4.669e+02 1 0)))INFO: dtree.c(1315): Comp split 10
INFO: dtree.c(1439): stop. leaf nodes are specific
INFO: dtree.c(1478): Final simple tree
|( QUESTION0_0_R 1 9.778e+02 1.372e+02 6.194e+01
|    ( - 1.350e+02 1 0)
|    ( - 7.057e+02 1 0))
s>    ( QUESTION0_0_R 1 9.778e+02 1.372e+02 6.194e+01
s>        ( - 1.350e+02 1 0)
s>        ( - 7.057e+02 1 0))INFO: dtree.c(1439): stop. leaf nodes are specific
INFO: dtree.c(1478): Final simple tree
|( QUESTION0_1_R 1 8.636e+02 1.304e+02 5.929e+01
|    ( - 5.777e+02 1 0)
|    ( QUESTION0_5_R 1 1.555e+02 3.886e+01 1.316e+01
|        ( - 4.033e+01 1 0)
|        ( QUESTION2_0_L -1 7.628e+01 2.652e+01 8.159e+00
|            ( - 3.971e+01 1 0)
|            ( - 1.005e+01 1 0))))
s>    ( QUESTION0_1_R 1 8.636e+02 1.304e+02 5.929e+01
s>        ( - 5.777e+02 1 0)
s>        ( QUESTION0_5_R 1 1.555e+02 3.886e+01 1.316e+01
s>            ( - 4.033e+01 1 0)
s>            ( QUESTION2_0_L -1 7.628e+01 2.652e+01 8.159e+00
s>                ( - 3.971e+01 1 0)
s>                ( - 1.005e+01 1 0))))INFO: dtree.c(1315): Comp split 11
INFO: dtree.c(1439): stop. leaf nodes are specific
INFO: dtree.c(1478): Final simple tree
|( QUESTION0 1 1.759e+03 2.349e+02 1.043e+02
|    ( - 6.347e+02 1 0)
|    ( QUESTION0_1_R 1 8.891e+02 6.488e+01 5.738e+01
|        ( - 7.493e+02 1 0)
|        ( - 7.494e+01 1 0)))
s>    ( QUESTION0 1 1.759e+03 2.349e+02 1.043e+02
s>        ( - 6.347e+02 1 0)
s>        ( QUESTION0_1_R 1 8.891e+02 6.488e+01 5.738e+01
s>            ( - 7.493e+02 1 0)
s>            ( - 7.494e+01 1 0)))INFO: dtree.c(1439): stop. leaf nodes are specific
INFO: dtree.c(1478): Final simple tree
|( QUESTION0_8_R 1 1.695e+03 1.665e+02 9.059e+01
|    ( - 8.459e+02 3 0)
|    ( QUESTION0_10_R 1 6.829e+02 6.901e+01 3.947e+01
|        ( - 8.993e+01 2 0)
|        ( - 5.240e+02 3 0)))
s>    ( QUESTION0_8_R 1 1.695e+03 1.665e+02 9.059e+01
s>        ( - 8.459e+02 3 0)
s>        ( QUESTION0_10_R 1 6.829e+02 6.901e+01 3.947e+01
s>            ( - 8.993e+01 2 0)
s>            ( - 5.240e+02 3 0)))INFO: dtree.c(1315): Comp split 12
INFO: dtree.c(1478): Final simple tree
|( QUESTION0_2_R 1 2.658e+03 2.109e+02 1.321e+02
|    ( QUESTION0 1 1.484e+03 1.540e+02 7.911e+01
|        ( QUESTION6 -1 5.781e+02 6.098e+01 3.511e+01
|            ( - 3.579e+01 1 0)
|            ( - 4.813e+02 1 0))
|        ( QUESTION6 -1 7.516e+02 9.206e+01 4.400e+01
|            ( - 1.888e+02 1 0)
|            ( QUESTION0 -1 4.707e+02 7.390e+01 2.900e+01
|                ( - 2.467e+02 1 0)
|                ( - 1.501e+02 2 0 QUESTION2_5_L -1 4.010e+01 1.100e+01))))
|    ( QUESTION0_0_R 1 9.632e+02 1.260e+02 5.299e+01
|        ( - 2.371e+02 1 0)
|        ( QUESTION4 -1 6.000e+02 9.823e+01 3.499e+01
|            ( - 2.833e+02 1 0)
|            ( - 2.185e+02 2 0 QUESTION2_9_L -1 4.383e+01 1.600e+01))))
s>    ( QUESTION0_2_R 1 2.658e+03 2.109e+02 1.321e+02
s>        ( QUESTION0 1 1.484e+03 1.540e+02 7.911e+01
s>            ( QUESTION6 -1 5.781e+02 6.098e+01 3.511e+01
s>                ( - 3.579e+01 1 0)
s>                ( - 4.813e+02 1 0))
s>            ( QUESTION6 -1 7.516e+02 9.206e+01 4.400e+01
s>                ( - 1.888e+02 1 0)
s>                ( QUESTION0 -1 4.707e+02 7.390e+01 2.900e+01
s>                    ( - 2.467e+02 1 0)
s>                    ( - 1.501e+02 2 0 QUESTION2_5_L -1 4.010e+01 1.100e+01))))
s>        ( QUESTION0_0_R 1 9.632e+02 1.260e+02 5.299e+01
s>            ( - 2.371e+02 1 0)
s>            ( QUESTION4 -1 6.000e+02 9.823e+01 3.499e+01
s>                ( - 2.833e+02 1 0)
s>                ( - 2.185e+02 2 0 QUESTION2_9_L -1 4.383e+01 1.600e+01))))INFO: dtree.c(1439): stop. leaf nodes are specific
INFO: dtree.c(1478): Final simple tree
|( QUESTION0_0_R 1 2.242e+03 1.949e+02 1.099e+02
|    ( QUESTION0 -1 1.199e+03 9.754e+01 6.300e+01
|        ( - 1.013e+03 1 0)
|        ( - 8.838e+01 1 0))
|    ( QUESTION0_8_R 1 8.483e+02 1.358e+02 4.690e+01
|        ( - 4.239e+02 1 0)
|        ( - 2.887e+02 1 0)))
s>    ( QUESTION0_0_R 1 2.242e+03 1.949e+02 1.099e+02
s>        ( QUESTION0 -1 1.199e+03 9.754e+01 6.300e+01
s>            ( - 1.013e+03 1 0)
s>            ( - 8.838e+01 1 0))
s>        ( QUESTION0_8_R 1 8.483e+02 1.358e+02 4.690e+01
s>            ( - 4.239e+02 1 0)
s>            ( - 2.887e+02 1 0)))INFO: dtree.c(1315): Comp split 13
INFO: dtree.c(1439): stop. leaf nodes are specific
INFO: dtree.c(1478): Final simple tree
|( QUESTION0 -1 2.120e+03 1.176e+02 1.125e+02
|    ( - 1.853e+03 1 0)
|    ( - 1.496e+02 1 0))
s>    ( QUESTION0 -1 2.120e+03 1.176e+02 1.125e+02
s>        ( - 1.853e+03 1 0)
s>        ( - 1.496e+02 1 0))INFO: dtree.c(1439): stop. leaf nodes are specific
INFO: dtree.c(1478): Final simple tree
|( QUESTION0 -1 3.414e+03 2.043e+02 1.700e+02
|    ( - 2.484e+03 3 0)
|    ( QUESTION4 -1 7.266e+02 1.016e+02 4.446e+01
|        ( - 2.104e+02 1 0)
|        ( - 4.146e+02 1 0)))
s>    ( QUESTION0 -1 3.414e+03 2.043e+02 1.700e+02
s>        ( - 2.484e+03 3 0)
s>        ( QUESTION4 -1 7.266e+02 1.016e+02 4.446e+01
s>            ( - 2.104e+02 1 0)
s>            ( - 4.146e+02 1 0)))INFO: dtree.c(1315): Comp split 14
INFO: dtree.c(1439): stop. leaf nodes are specific
INFO: dtree.c(1478): Final simple tree
|( QUESTION0 -1 4.115e+03 1.925e+02 2.083e+02
|    ( - 3.155e+03 2 0)
|    ( QUESTION4 -1 7.675e+02 1.030e+02 4.546e+01
|        ( - 4.357e+02 1 0)
|        ( - 2.288e+02 1 0)))
s>    ( QUESTION0 -1 4.115e+03 1.925e+02 2.083e+02
s>        ( - 3.155e+03 2 0)
s>        ( QUESTION4 -1 7.675e+02 1.030e+02 4.546e+01
s>            ( - 4.357e+02 1 0)
s>            ( - 2.288e+02 1 0)))INFO: dtree.c(1315): Comp split 15
INFO: dtree.c(1478): Final simple tree
|( QUESTION4 1 3.887e+03 2.196e+02 1.909e+02
|    ( QUESTION4 -1 2.383e+03 1.529e+02 1.215e+02
|        ( QUESTION0_8_R 1 1.466e+03 1.213e+02 7.855e+01
|            ( - 7.648e+02 2 0)
|            ( - 5.803e+02 3 0 QUESTION2_1_L -1 5.164e+01 3.393e+01))
|        ( QUESTION11 -1 7.636e+02 9.847e+01 4.300e+01
|            ( - 1.495e+02 1 0)
|            ( QUESTION0_8_R 1 5.156e+02 7.508e+01 3.000e+01
|                ( - 9.870e+01 2 0 QUESTION7 -1 3.333e+01 8.000e+00)
|                ( - 3.419e+02 3 0 QUESTION6 -1 4.924e+01 2.200e+01))))
|    ( QUESTION0_0_R 1 1.284e+03 1.397e+02 6.937e+01
|        ( - 3.552e+02 2 0)
|        ( QUESTION2_1_L -1 7.892e+02 9.696e+01 4.637e+01
|            ( - 5.095e+02 3 0 QUESTION4 -1 4.911e+01 3.237e+01)
|            ( - 1.827e+02 3 0 QUESTION4 -1 4.243e+01 1.400e+01))))
s>    ( QUESTION4 1 3.887e+03 2.196e+02 1.909e+02
s>        ( QUESTION4 -1 2.383e+03 1.529e+02 1.215e+02
s>            ( QUESTION0_8_R 1 1.466e+03 1.213e+02 7.855e+01
s>                ( - 7.648e+02 2 0)
s>                ( - 5.803e+02 3 0 QUESTION2_1_L -1 5.164e+01 3.393e+01))
s>            ( QUESTION11 -1 7.636e+02 9.847e+01 4.300e+01
s>                ( - 1.495e+02 1 0)
s>                ( QUESTION0_8_R 1 5.156e+02 7.508e+01 3.000e+01
s>                    ( - 9.870e+01 2 0 QUESTION7 -1 3.333e+01 8.000e+00)
s>                    ( - 3.419e+02 3 0 QUESTION6 -1 4.924e+01 2.200e+01))))
s>        ( QUESTION0_0_R 1 1.284e+03 1.397e+02 6.937e+01
s>            ( - 3.552e+02 2 0)
s>            ( QUESTION2_1_L -1 7.892e+02 9.696e+01 4.637e+01
s>                ( - 5.095e+02 3 0 QUESTION4 -1 4.911e+01 3.237e+01)
s>                ( - 1.827e+02 3 0 QUESTION4 -1 4.243e+01 1.400e+01))))INFO: dtree.c(1439): stop. leaf nodes are specific
INFO: dtree.c(1478): Final simple tree
|( QUESTION0 1 2.578e+03 1.485e+02 1.354e+02
|    ( QUESTION0 -1 1.993e+03 1.102e+02 1.066e+02
|        ( - 1.690e+03 3 0)
|        ( QUESTION2_1_L -1 1.927e+02 4.407e+01 1.500e+01
|            ( - 1.029e+02 1 0)
|            ( - 4.578e+01 1 0)))
|    ( QUESTION0 -1 4.361e+02 4.399e+01 2.885e+01
|        ( - 3.737e+02 3 0)
|        ( - 1.846e+01 1 0)))
s>    ( QUESTION0 1 2.578e+03 1.485e+02 1.354e+02
s>        ( QUESTION0 -1 1.993e+03 1.102e+02 1.066e+02
s>            ( - 1.690e+03 3 0)
s>            ( QUESTION2_1_L -1 1.927e+02 4.407e+01 1.500e+01
s>                ( - 1.029e+02 1 0)
s>                ( - 4.578e+01 1 0)))
s>        ( QUESTION0 -1 4.361e+02 4.399e+01 2.885e+01
s>            ( - 3.737e+02 3 0)
s>            ( - 1.846e+01 1 0)))INFO: dtree.c(1315): Comp split 16
INFO: dtree.c(1439): stop. leaf nodes are specific
INFO: dtree.c(1478): Final simple tree
|( QUESTION1 -1 2.346e+03 2.011e+02 1.154e+02
|    ( - 8.668e+02 2 0)
|    ( QUESTION0 1 1.278e+03 1.463e+02 6.625e+01
|        ( - 6.653e+02 1 0)
|        ( - 4.669e+02 1 0)))
s>    ( QUESTION1 -1 2.346e+03 2.011e+02 1.154e+02
s>        ( - 8.668e+02 2 0)
s>        ( QUESTION0 1 1.278e+03 1.463e+02 6.625e+01
s>            ( - 6.653e+02 1 0)
s>            ( - 4.669e+02 1 0)))INFO: dtree.c(1315): Comp split 17
INFO: dtree.c(1439): stop. leaf nodes are specific
INFO: dtree.c(1478): Final simple tree
|( QUESTION0_8_R 1 4.413e+03 1.732e+02 2.293e+02
|    ( - 2.383e+03 1 0)
|    ( QUESTION0_0_R 1 1.857e+03 1.453e+02 1.038e+02
|        ( - 6.585e+02 1 0)
|        ( - 1.053e+03 1 0)))
s>    ( QUESTION0_8_R 1 4.413e+03 1.732e+02 2.293e+02
s>        ( - 2.383e+03 1 0)
s>        ( QUESTION0_0_R 1 1.857e+03 1.453e+02 1.038e+02
s>            ( - 6.585e+02 1 0)
s>            ( - 1.053e+03 1 0)))INFO: dtree.c(1439): stop. leaf nodes are specific
INFO: dtree.c(1478): Final simple tree
|( QUESTION0_5_R 1 1.966e+03 6.440e+01 1.084e+02
|    ( - 1.870e+03 1 0)
|    ( - 3.190e+01 1 0))
s>    ( QUESTION0_5_R 1 1.966e+03 6.440e+01 1.084e+02
s>        ( - 1.870e+03 1 0)
s>        ( - 3.190e+01 1 0))INFO: dtree.c(1315): Comp split 18
INFO: dtree.c(1439): stop. leaf nodes are specific
INFO: dtree.c(1478): Final simple tree
|( QUESTION0_10_R 1 2.239e+03 1.668e+02 1.140e+02
|    ( QUESTION1 -1 7.972e+02 5.216e+01 4.660e+01
|        ( - 7.203e+02 2 0)
|        ( - 2.478e+01 1 0))
|    ( - 1.275e+03 2 0))
s>    ( QUESTION0_10_R 1 2.239e+03 1.668e+02 1.140e+02
s>        ( QUESTION1 -1 7.972e+02 5.216e+01 4.660e+01
s>            ( - 7.203e+02 2 0)
s>            ( - 2.478e+01 1 0))
s>        ( - 1.275e+03 2 0))INFO: dtree.c(1439): stop. leaf nodes are specific
INFO: dtree.c(1478): Final simple tree
|( QUESTION1 -1 7.894e+03 1.822e+02 3.956e+02
|    ( - 6.804e+03 2 0)
|    ( QUESTION0_8_R 1 9.071e+02 7.355e+01 5.583e+01
|        ( - 7.400e+02 1 0)
|        ( - 9.357e+01 1 0)))
s>    ( QUESTION1 -1 7.894e+03 1.822e+02 3.956e+02
s>        ( - 6.804e+03 2 0)
s>        ( QUESTION0_8_R 1 9.071e+02 7.355e+01 5.583e+01
s>            ( - 7.400e+02 1 0)
s>            ( - 9.357e+01 1 0)))INFO: dtree.c(1315): Comp split 19
INFO: dtree.c(1439): stop. leaf nodes are specific
INFO: dtree.c(1478): Final simple tree
|( QUESTION0_1_R 1 8.891e+02 6.488e+01 5.738e+01
|    ( - 7.493e+02 1 0)
|    ( - 7.494e+01 1 0))
s>    ( QUESTION0_1_R 1 8.891e+02 6.488e+01 5.738e+01
s>        ( - 7.493e+02 1 0)
s>        ( - 7.494e+01 1 0))INFO: dtree.c(1315): Comp split 20
INFO: dtree.c(1478): Final simple tree
|( QUESTION4 -1 2.383e+03 1.529e+02 1.215e+02
|    ( QUESTION0_8_R 1 1.466e+03 1.213e+02 7.855e+01
|        ( - 7.648e+02 2 0)
|        ( QUESTION2_1_L -1 5.803e+02 5.164e+01 3.393e+01
|            ( - 4.973e+02 2 0)
|            ( - 3.135e+01 1 0)))
|    ( QUESTION11 -1 7.636e+02 9.847e+01 4.300e+01
|        ( - 1.495e+02 1 0)
|        ( QUESTION0_8_R 1 5.156e+02 7.508e+01 3.000e+01
|            ( QUESTION7 -1 9.870e+01 3.333e+01 8.000e+00
|                ( - 1.993e+01 1 0)
|                ( - 4.544e+01 1 0))
|            ( QUESTION6 -1 3.419e+02 4.924e+01 2.200e+01
|                ( - 1.936e+02 1 0)
|                ( - 9.907e+01 2 0 QUESTION2_9_L -1 2.015e+01 8.000e+00)))))
s>    ( QUESTION4 -1 2.383e+03 1.529e+02 1.215e+02
s>        ( QUESTION0_8_R 1 1.466e+03 1.213e+02 7.855e+01
s>            ( - 7.648e+02 2 0)
s>            ( QUESTION2_1_L -1 5.803e+02 5.164e+01 3.393e+01
s>                ( - 4.973e+02 2 0)
s>                ( - 3.135e+01 1 0)))
s>        ( QUESTION11 -1 7.636e+02 9.847e+01 4.300e+01
s>            ( - 1.495e+02 1 0)
s>            ( QUESTION0_8_R 1 5.156e+02 7.508e+01 3.000e+01
s>                ( QUESTION7 -1 9.870e+01 3.333e+01 8.000e+00
s>                    ( - 1.993e+01 1 0)
s>                    ( - 4.544e+01 1 0))
s>                ( QUESTION6 -1 3.419e+02 4.924e+01 2.200e+01
s>                    ( - 1.936e+02 1 0)
s>                    ( - 9.907e+01 2 0 QUESTION2_9_L -1 2.015e+01 8.000e+00)))))INFO: dtree.c(1439): stop. leaf nodes are specific
INFO: dtree.c(1478): Final simple tree
|( QUESTION0_0_R 1 1.284e+03 1.397e+02 6.937e+01
|    ( - 3.552e+02 2 0)
|    ( QUESTION2_1_L -1 7.892e+02 9.696e+01 4.637e+01
|        ( QUESTION4 -1 5.095e+02 4.911e+01 3.237e+01
|            ( - 4.385e+02 2 0)
|            ( - 2.196e+01 1 0))
|        ( QUESTION4 -1 1.827e+02 4.243e+01 1.400e+01
|            ( - 6.564e+01 1 0)
|            ( QUESTION6 -1 7.460e+01 2.421e+01 8.000e+00
|                ( - 3.080e+01 1 0)
|                ( - 1.959e+01 1 0)))))
s>    ( QUESTION0_0_R 1 1.284e+03 1.397e+02 6.937e+01
s>        ( - 3.552e+02 2 0)
s>        ( QUESTION2_1_L -1 7.892e+02 9.696e+01 4.637e+01
s>            ( QUESTION4 -1 5.095e+02 4.911e+01 3.237e+01
s>                ( - 4.385e+02 2 0)
s>                ( - 2.196e+01 1 0))
s>            ( QUESTION4 -1 1.827e+02 4.243e+01 1.400e+01
s>                ( - 6.564e+01 1 0)
s>                ( QUESTION6 -1 7.460e+01 2.421e+01 8.000e+00
s>                    ( - 3.080e+01 1 0)
s>                    ( - 1.959e+01 1 0)))))INFO: dtree.c(1315): Comp split 21
INFO: dtree.c(1439): stop. leaf nodes are specific
INFO: dtree.c(1478): Final simple tree
|( QUESTION0_0_R 1 1.214e+03 1.426e+02 6.399e+01
|    ( QUESTION0_1_R 1 4.709e+02 8.368e+01 2.900e+01
|        ( - 2.371e+02 1 0)
|        ( QUESTION2_5_L -1 1.501e+02 4.010e+01 1.100e+01
|            ( - 3.678e+01 1 0)
|            ( - 7.324e+01 1 0)))
|    ( QUESTION4 -1 6.000e+02 9.823e+01 3.499e+01
|        ( - 2.833e+02 1 0)
|        ( QUESTION2_9_L -1 2.185e+02 4.383e+01 1.600e+01
|            ( - 3.963e+01 1 0)
|            ( - 1.350e+02 1 0))))
s>    ( QUESTION0_0_R 1 1.214e+03 1.426e+02 6.399e+01
s>        ( QUESTION0_1_R 1 4.709e+02 8.368e+01 2.900e+01
s>            ( - 2.371e+02 1 0)
s>            ( QUESTION2_5_L -1 1.501e+02 4.010e+01 1.100e+01
s>                ( - 3.678e+01 1 0)
s>                ( - 7.324e+01 1 0)))
s>        ( QUESTION4 -1 6.000e+02 9.823e+01 3.499e+01
s>            ( - 2.833e+02 1 0)
s>            ( QUESTION2_9_L -1 2.185e+02 4.383e+01 1.600e+01
s>                ( - 3.963e+01 1 0)
s>                ( - 1.350e+02 1 0))))INFO: dtree.c(1439): stop. leaf nodes are specific
INFO: dtree.c(1478): Final simple tree
|( QUESTION16 -1 1.232e+03 1.455e+02 6.811e+01
|    ( - 4.813e+02 1 0)
|    ( QUESTION0 -1 6.050e+02 8.561e+01 3.800e+01
|        ( - 2.467e+02 1 0)
|        ( QUESTION0 1 2.727e+02 4.812e+01 2.000e+01
|            ( - 3.579e+01 1 0)
|            ( - 1.888e+02 1 0))))
s>    ( QUESTION16 -1 1.232e+03 1.455e+02 6.811e+01
s>        ( - 4.813e+02 1 0)
s>        ( QUESTION0 -1 6.050e+02 8.561e+01 3.800e+01
s>            ( - 2.467e+02 1 0)
s>            ( QUESTION0 1 2.727e+02 4.812e+01 2.000e+01
s>                ( - 3.579e+01 1 0)
s>                ( - 1.888e+02 1 0))))INFO: dtree.c(1315): Comp split 22
INFO: dtree.c(1439): stop. leaf nodes are specific
INFO: dtree.c(1478): Final simple tree
|( QUESTION4 -1 7.266e+02 1.016e+02 4.446e+01
|    ( - 2.104e+02 1 0)
|    ( - 4.146e+02 1 0))
s>    ( QUESTION4 -1 7.266e+02 1.016e+02 4.446e+01
s>        ( - 2.104e+02 1 0)
s>        ( - 4.146e+02 1 0))INFO: dtree.c(1315): Comp split 23
INFO: dtree.c(1439): stop. leaf nodes are specific
INFO: dtree.c(1478): Final simple tree
|( QUESTION0_0_R 1 4.532e+02 7.612e+01 2.998e+01
|    ( - 8.838e+01 1 0)
|    ( - 2.887e+02 1 0))
s>    ( QUESTION0_0_R 1 4.532e+02 7.612e+01 2.998e+01
s>        ( - 8.838e+01 1 0)
s>        ( - 2.887e+02 1 0))INFO: dtree.c(1439): stop. leaf nodes are specific
INFO: dtree.c(1478): Final simple tree
|( QUESTION0_0_R 1 1.586e+03 1.489e+02 7.993e+01
|    ( - 1.013e+03 1 0)
|    ( - 4.239e+02 1 0))
s>    ( QUESTION0_0_R 1 1.586e+03 1.489e+02 7.993e+01
s>        ( - 1.013e+03 1 0)
s>        ( - 4.239e+02 1 0))INFO: dtree.c(1315): Comp split 24
INFO: dtree.c(1439): stop. leaf nodes are specific
INFO: dtree.c(1478): Final simple tree
|( QUESTION0 1 1.278e+03 1.463e+02 6.625e+01
|    ( - 6.653e+02 1 0)
|    ( - 4.669e+02 1 0))
s>    ( QUESTION0 1 1.278e+03 1.463e+02 6.625e+01
s>        ( - 6.653e+02 1 0)
s>        ( - 4.669e+02 1 0))INFO: dtree.c(1315): Comp split 25
INFO: dtree.c(1439): stop. leaf nodes are specific
INFO: dtree.c(1478): Final simple tree
|( QUESTION4 -1 7.675e+02 1.030e+02 4.546e+01
|    ( - 4.357e+02 1 0)
|    ( - 2.288e+02 1 0))
s>    ( QUESTION4 -1 7.675e+02 1.030e+02 4.546e+01
s>        ( - 4.357e+02 1 0)
s>        ( - 2.288e+02 1 0))INFO: dtree.c(1315): Comp split 26
INFO: dtree.c(1439): stop. leaf nodes are specific
INFO: dtree.c(1478): Final simple tree
|( QUESTION0_14_R 1 2.872e+02 4.602e+01 2.404e+01
|    ( - 7.612e+01 1 0)
|    ( QUESTION0_10_R 1 1.651e+02 3.753e+01 1.604e+01
|        ( - 8.780e+01 1 0)
|        ( - 3.976e+01 1 0)))
s>    ( QUESTION0_14_R 1 2.872e+02 4.602e+01 2.404e+01
s>        ( - 7.612e+01 1 0)
s>        ( QUESTION0_10_R 1 1.651e+02 3.753e+01 1.604e+01
s>            ( - 8.780e+01 1 0)
s>            ( - 3.976e+01 1 0)))INFO: dtree.c(1315): Comp split 27
INFO: dtree.c(1439): stop. leaf nodes are specific
INFO: dtree.c(1478): Final simple tree
|( QUESTION0_8_R 1 9.071e+02 7.355e+01 5.583e+01
|    ( - 7.400e+02 1 0)
|    ( - 9.357e+01 1 0))
s>    ( QUESTION0_8_R 1 9.071e+02 7.355e+01 5.583e+01
s>        ( - 7.400e+02 1 0)
s>        ( - 9.357e+01 1 0))INFO: dtree.c(1315): Comp split 28
INFO: dtree.c(1439): stop. leaf nodes are specific
INFO: dtree.c(1478): Final simple tree
|( QUESTION0_0_R 1 1.857e+03 1.453e+02 1.038e+02
|    ( - 6.585e+02 1 0)
|    ( - 1.053e+03 1 0))
s>    ( QUESTION0_0_R 1 1.857e+03 1.453e+02 1.038e+02
s>        ( - 6.585e+02 1 0)
s>        ( - 1.053e+03 1 0))INFO: dtree.c(1315): Comp split 29
INFO: dtree.c(1439): stop. leaf nodes are specific
INFO: dtree.c(1478): Final simple tree
|( QUESTION1 -1 7.972e+02 5.216e+01 4.660e+01
|    ( - 7.203e+02 2 0)
|    ( - 2.478e+01 1 0))
s>    ( QUESTION1 -1 7.972e+02 5.216e+01 4.660e+01
s>        ( - 7.203e+02 2 0)
s>        ( - 2.478e+01 1 0))INFO: dtree.c(1315): Comp split 30
INFO: dtree.c(1439): stop. leaf nodes are specific
INFO: dtree.c(1478): Final simple tree
|( QUESTION0_10_R 1 6.829e+02 6.901e+01 3.947e+01
|    ( - 8.993e+01 2 0)
|    ( - 5.240e+02 3 0))
s>    ( QUESTION0_10_R 1 6.829e+02 6.901e+01 3.947e+01
s>        ( - 8.993e+01 2 0)
s>        ( - 5.240e+02 3 0))INFO: dtree.c(1315): Comp split 31
INFO: dtree.c(1439): stop. leaf nodes are specific
INFO: dtree.c(1478): Final simple tree
|( QUESTION4 -1 5.895e+02 6.967e+01 3.737e+01
|    ( - 4.385e+02 2 0)
|    ( QUESTION7 -1 8.133e+01 2.856e+01 9.000e+00
|        ( - 2.196e+01 1 0)
|        ( - 3.080e+01 1 0)))
s>    ( QUESTION4 -1 5.895e+02 6.967e+01 3.737e+01
s>        ( - 4.385e+02 2 0)
s>        ( QUESTION7 -1 8.133e+01 2.856e+01 9.000e+00
s>            ( - 2.196e+01 1 0)
s>            ( - 3.080e+01 1 0)))INFO: dtree.c(1439): stop. leaf nodes are specific
INFO: dtree.c(1478): Final simple tree
|( QUESTION0_0_R 1 5.330e+02 6.514e+01 3.200e+01
|    ( - 3.552e+02 2 0)
|    ( QUESTION4 -1 1.127e+02 2.746e+01 9.000e+00
|        ( - 6.564e+01 1 0)
|        ( - 1.959e+01 1 0)))
s>    ( QUESTION0_0_R 1 5.330e+02 6.514e+01 3.200e+01
s>        ( - 3.552e+02 2 0)
s>        ( QUESTION4 -1 1.127e+02 2.746e+01 9.000e+00
s>            ( - 6.564e+01 1 0)
s>            ( - 1.959e+01 1 0)))INFO: dtree.c(1315): Comp split 32
INFO: dtree.c(1439): stop. leaf nodes are specific
INFO: dtree.c(1478): Final simple tree
|( QUESTION4 -1 1.032e+03 1.160e+02 5.696e+01
|    ( - 4.973e+02 2 0)
|    ( QUESTION7 -1 4.188e+02 7.568e+01 2.700e+01
|        ( - 1.936e+02 1 0)
|        ( - 1.495e+02 1 0)))
s>    ( QUESTION4 -1 1.032e+03 1.160e+02 5.696e+01
s>        ( - 4.973e+02 2 0)
s>        ( QUESTION7 -1 4.188e+02 7.568e+01 2.700e+01
s>            ( - 1.936e+02 1 0)
s>            ( - 1.495e+02 1 0)))INFO: dtree.c(1439): stop. leaf nodes are specific
INFO: dtree.c(1478): Final simple tree
|( QUESTION4 -1 1.191e+03 9.917e+01 6.459e+01
|    ( QUESTION0_8_R 1 8.448e+02 4.872e+01 4.859e+01
|        ( - 7.648e+02 2 0)
|        ( - 3.135e+01 1 0))
|    ( QUESTION0_8_R 1 2.472e+02 4.940e+01 1.600e+01
|        ( QUESTION7 -1 9.870e+01 3.333e+01 8.000e+00
|            ( - 1.993e+01 1 0)
|            ( - 4.544e+01 1 0))
|        ( QUESTION2_9_L -1 9.907e+01 2.015e+01 8.000e+00
|            ( - 5.556e+00 1 0)
|            ( - 7.336e+01 1 0))))
s>    ( QUESTION4 -1 1.191e+03 9.917e+01 6.459e+01
s>        ( QUESTION0_8_R 1 8.448e+02 4.872e+01 4.859e+01
s>            ( - 7.648e+02 2 0)
s>            ( - 3.135e+01 1 0))
s>        ( QUESTION0_8_R 1 2.472e+02 4.940e+01 1.600e+01
s>            ( QUESTION7 -1 9.870e+01 3.333e+01 8.000e+00
s>                ( - 1.993e+01 1 0)
s>                ( - 4.544e+01 1 0))
s>            ( QUESTION2_9_L -1 9.907e+01 2.015e+01 8.000e+00
s>                ( - 5.556e+00 1 0)
s>                ( - 7.336e+01 1 0))))INFO: dtree.c(1315): Comp split 33
INFO: dtree.c(1439): stop. leaf nodes are specific
INFO: dtree.c(1478): Final simple tree
|( QUESTION0 1 7.354e+02 1.066e+02 4.385e+01
|    ( QUESTION2_1_L -1 1.927e+02 4.407e+01 1.500e+01
|        ( - 1.029e+02 1 0)
|        ( - 4.578e+01 1 0))
|    ( QUESTION0 -1 4.361e+02 4.399e+01 2.885e+01
|        ( - 3.737e+02 3 0)
|        ( - 1.846e+01 1 0)))
s>    ( QUESTION0 1 7.354e+02 1.066e+02 4.385e+01
s>        ( QUESTION2_1_L -1 1.927e+02 4.407e+01 1.500e+01
s>            ( - 1.029e+02 1 0)
s>            ( - 4.578e+01 1 0))
s>        ( QUESTION0 -1 4.361e+02 4.399e+01 2.885e+01
s>            ( - 3.737e+02 3 0)
s>            ( - 1.846e+01 1 0)))INFO: dtree.c(1315): Comp split 34
INFO: dtree.c(1439): stop. leaf nodes are specific
INFO: dtree.c(1478): Final simple tree
|( QUESTION0_0_R 1 4.222e+02 6.560e+01 2.599e+01
|    ( - 7.324e+01 1 0)
|    ( - 2.833e+02 1 0))
s>    ( QUESTION0_0_R 1 4.222e+02 6.560e+01 2.599e+01
s>        ( - 7.324e+01 1 0)
s>        ( - 2.833e+02 1 0))INFO: dtree.c(1439): stop. leaf nodes are specific
INFO: dtree.c(1478): Final simple tree
|( QUESTION0_1_R 1 6.416e+02 1.069e+02 3.800e+01
|    ( - 2.371e+02 1 0)
|    ( QUESTION2_9_L -1 2.975e+02 4.469e+01 2.000e+01
|        ( - 3.963e+01 1 0)
|        ( QUESTION0_0_R 1 2.132e+02 4.140e+01 1.500e+01
|            ( - 3.678e+01 1 0)
|            ( - 1.350e+02 1 0))))
s>    ( QUESTION0_1_R 1 6.416e+02 1.069e+02 3.800e+01
s>        ( - 2.371e+02 1 0)
s>        ( QUESTION2_9_L -1 2.975e+02 4.469e+01 2.000e+01
s>            ( - 3.963e+01 1 0)
s>            ( QUESTION0_0_R 1 2.132e+02 4.140e+01 1.500e+01
s>                ( - 3.678e+01 1 0)
s>                ( - 1.350e+02 1 0))))INFO: dtree.c(1315): Comp split 35
INFO: dtree.c(1315): Comp split 36
INFO: dtree.c(1315): Comp split 37
INFO: dtree.c(1439): stop. leaf nodes are specific
INFO: dtree.c(1478): Final simple tree
|( QUESTION0 -1 6.050e+02 8.561e+01 3.800e+01
|    ( - 2.467e+02 1 0)
|    ( QUESTION0 1 2.727e+02 4.812e+01 2.000e+01
|        ( - 3.579e+01 1 0)
|        ( - 1.888e+02 1 0)))
s>    ( QUESTION0 -1 6.050e+02 8.561e+01 3.800e+01
s>        ( - 2.467e+02 1 0)
s>        ( QUESTION0 1 2.727e+02 4.812e+01 2.000e+01
s>            ( - 3.579e+01 1 0)
s>            ( - 1.888e+02 1 0)))INFO: dtree.c(1315): Comp split 38
INFO: dtree.c(1315): Comp split 39
INFO: dtree.c(1315): Comp split 40
INFO: dtree.c(1439): stop. leaf nodes are specific
INFO: dtree.c(1478): Final simple tree
|( QUESTION0_5_R 1 1.555e+02 3.886e+01 1.316e+01
|    ( - 4.033e+01 1 0)
|    ( QUESTION2_0_L -1 7.628e+01 2.652e+01 8.159e+00
|        ( - 3.971e+01 1 0)
|        ( - 1.005e+01 1 0)))
s>    ( QUESTION0_5_R 1 1.555e+02 3.886e+01 1.316e+01
s>        ( - 4.033e+01 1 0)
s>        ( QUESTION2_0_L -1 7.628e+01 2.652e+01 8.159e+00
s>            ( - 3.971e+01 1 0)
s>            ( - 1.005e+01 1 0)))INFO: dtree.c(1315): Comp split 41
INFO: dtree.c(1315): Comp split 42
INFO: dtree.c(1315): Comp split 43
INFO: dtree.c(1439): stop. leaf nodes are specific
INFO: dtree.c(1478): Final simple tree
|( QUESTION7 -1 4.188e+02 7.568e+01 2.700e+01
|    ( - 1.936e+02 1 0)
|    ( - 1.495e+02 1 0))
s>    ( QUESTION7 -1 4.188e+02 7.568e+01 2.700e+01
s>        ( - 1.936e+02 1 0)
s>        ( - 1.495e+02 1 0))INFO: dtree.c(1315): Comp split 44
INFO: dtree.c(1439): stop. leaf nodes are specific
INFO: dtree.c(1478): Final simple tree
|( QUESTION2_9_L -1 2.975e+02 4.469e+01 2.000e+01
|    ( - 3.963e+01 1 0)
|    ( QUESTION0_0_R 1 2.132e+02 4.140e+01 1.500e+01
|        ( - 3.678e+01 1 0)
|        ( - 1.350e+02 1 0)))
s>    ( QUESTION2_9_L -1 2.975e+02 4.469e+01 2.000e+01
s>        ( - 3.963e+01 1 0)
s>        ( QUESTION0_0_R 1 2.132e+02 4.140e+01 1.500e+01
s>            ( - 3.678e+01 1 0)
s>            ( - 1.350e+02 1 0)))INFO: dtree.c(1315): Comp split 45
INFO: dtree.c(1439): stop. leaf nodes are specific
INFO: dtree.c(1478): Final simple tree
|( QUESTION0 -1 4.361e+02 4.399e+01 2.885e+01
|    ( - 3.737e+02 3 0)
|    ( - 1.846e+01 1 0))
s>    ( QUESTION0 -1 4.361e+02 4.399e+01 2.885e+01
s>        ( - 3.737e+02 3 0)
s>        ( - 1.846e+01 1 0))INFO: dtree.c(1439): stop. leaf nodes are specific
INFO: dtree.c(1478): Final simple tree
|( QUESTION2_1_L -1 1.927e+02 4.407e+01 1.500e+01
|    ( - 1.029e+02 1 0)
|    ( - 4.578e+01 1 0))
s>    ( QUESTION2_1_L -1 1.927e+02 4.407e+01 1.500e+01
s>        ( - 1.029e+02 1 0)
s>        ( - 4.578e+01 1 0))INFO: dtree.c(1315): Comp split 46
INFO: dtree.c(1439): stop. leaf nodes are specific
INFO: dtree.c(1478): Final simple tree
|( QUESTION0_8_R 1 3.207e+02 5.603e+01 1.998e+01
|    ( QUESTION7 -1 9.870e+01 3.333e+01 8.000e+00
|        ( - 1.993e+01 1 0)
|        ( - 4.544e+01 1 0))
|    ( QUESTION4 -1 1.660e+02 3.559e+01 1.198e+01
|        ( - 3.135e+01 1 0)
|        ( QUESTION2_9_L -1 9.907e+01 2.015e+01 8.000e+00
|            ( - 5.556e+00 1 0)
|            ( - 7.336e+01 1 0))))
s>    ( QUESTION0_8_R 1 3.207e+02 5.603e+01 1.998e+01
s>        ( QUESTION7 -1 9.870e+01 3.333e+01 8.000e+00
s>            ( - 1.993e+01 1 0)
s>            ( - 4.544e+01 1 0))
s>        ( QUESTION4 -1 1.660e+02 3.559e+01 1.198e+01
s>            ( - 3.135e+01 1 0)
s>            ( QUESTION2_9_L -1 9.907e+01 2.015e+01 8.000e+00
s>                ( - 5.556e+00 1 0)
s>                ( - 7.336e+01 1 0))))INFO: dtree.c(1315): Comp split 47
INFO: dtree.c(1315): Comp split 48
INFO: dtree.c(1315): Comp split 49
INFO: dtree.c(1439): stop. leaf nodes are specific
INFO: dtree.c(1478): Final simple tree
|( QUESTION0 1 2.727e+02 4.812e+01 2.000e+01
|    ( - 3.579e+01 1 0)
|    ( - 1.888e+02 1 0))
s>    ( QUESTION0 1 2.727e+02 4.812e+01 2.000e+01
s>        ( - 3.579e+01 1 0)
s>        ( - 1.888e+02 1 0))INFO: dtree.c(1315): Comp split 50
INFO: dtree.c(1315): Comp split 51
INFO: dtree.c(1315): Comp split 52
INFO: dtree.c(1315): Comp split 53
INFO: dtree.c(1439): stop. leaf nodes are specific
INFO: dtree.c(1478): Final simple tree
|( QUESTION7 -1 8.133e+01 2.856e+01 9.000e+00
|    ( - 2.196e+01 1 0)
|    ( - 3.080e+01 1 0))
s>    ( QUESTION7 -1 8.133e+01 2.856e+01 9.000e+00
s>        ( - 2.196e+01 1 0)
s>        ( - 3.080e+01 1 0))INFO: dtree.c(1315): Comp split 54
INFO: dtree.c(1315): Comp split 55
INFO: dtree.c(1315): Comp split 56
INFO: dtree.c(1439): stop. leaf nodes are specific
INFO: dtree.c(1478): Final simple tree
|( QUESTION4 -1 1.127e+02 2.746e+01 9.000e+00
|    ( - 6.564e+01 1 0)
|    ( - 1.959e+01 1 0))
s>    ( QUESTION4 -1 1.127e+02 2.746e+01 9.000e+00
s>        ( - 6.564e+01 1 0)
s>        ( - 1.959e+01 1 0))INFO: dtree.c(1315): Comp split 57
INFO: dtree.c(1315): Comp split 58
INFO: dtree.c(1315): Comp split 59
INFO: dtree.c(1439): stop. leaf nodes are specific
INFO: dtree.c(1478): Final simple tree
|( QUESTION0_8_R 1 1.278e+02 3.450e+01 1.100e+01
|    ( - 1.993e+01 1 0)
|    ( - 7.336e+01 1 0))
s>    ( QUESTION0_8_R 1 1.278e+02 3.450e+01 1.100e+01
s>        ( - 1.993e+01 1 0)
s>        ( - 7.336e+01 1 0))INFO: dtree.c(1439): stop. leaf nodes are specific
INFO: dtree.c(1478): Final simple tree
|( QUESTION4 -1 1.316e+02 3.299e+01 8.975e+00
|    ( - 3.135e+01 1 0)
|    ( QUESTION0_8_R 1 6.722e+01 1.622e+01 5.000e+00
|        ( - 4.544e+01 1 0)
|        ( - 5.556e+00 1 0)))
s>    ( QUESTION4 -1 1.316e+02 3.299e+01 8.975e+00
s>        ( - 3.135e+01 1 0)
s>        ( QUESTION0_8_R 1 6.722e+01 1.622e+01 5.000e+00
s>            ( - 4.544e+01 1 0)
s>            ( - 5.556e+00 1 0)))INFO: dtree.c(1315): Comp split 60
INFO: dtree.c(1439): stop. leaf nodes are specific
INFO: dtree.c(1478): Final simple tree
|( QUESTION0_0_R 1 1.037e+02 2.727e+01 8.997e+00
|    ( - 3.678e+01 1 0)
|    ( - 3.963e+01 1 0))
s>    ( QUESTION0_0_R 1 1.037e+02 2.727e+01 8.997e+00
s>        ( - 3.678e+01 1 0)
s>        ( - 3.963e+01 1 0))INFO: dtree.c(1315): Comp split 61
INFO: dtree.c(1315): Comp split 62
INFO: dtree.c(1315): Comp split 63
INFO: dtree.c(1439): stop. leaf nodes are specific
INFO: dtree.c(1478): Final simple tree
|( QUESTION0_10_R 1 1.651e+02 3.753e+01 1.604e+01
|    ( - 8.780e+01 1 0)
|    ( - 3.976e+01 1 0))
s>    ( QUESTION0_10_R 1 1.651e+02 3.753e+01 1.604e+01
s>        ( - 8.780e+01 1 0)
s>        ( - 3.976e+01 1 0))INFO: dtree.c(1315): Comp split 64
INFO: dtree.c(1315): Comp split 65
INFO: dtree.c(1315): Comp split 66
INFO: dtree.c(1439): stop. leaf nodes are specific
INFO: dtree.c(1478): Final simple tree
|( QUESTION0_5_R 1 7.605e+01 2.567e+01 7.159e+00
|    ( - 4.033e+01 1 0)
|    ( - 1.005e+01 1 0))
s>    ( QUESTION0_5_R 1 7.605e+01 2.567e+01 7.159e+00
s>        ( - 4.033e+01 1 0)
s>        ( - 1.005e+01 1 0))INFO: dtree.c(1315): Comp split 67
INFO: dtree.c(1315): Comp split 68
INFO: dtree.c(1315): Comp split 69
INFO: dtree.c(1439): stop. leaf nodes are specific
INFO: dtree.c(1478): Final simple tree
|( QUESTION0_8_R 1 6.722e+01 1.622e+01 5.000e+00
|    ( - 4.544e+01 1 0)
|    ( - 5.556e+00 1 0))
s>    ( QUESTION0_8_R 1 6.722e+01 1.622e+01 5.000e+00
s>        ( - 4.544e+01 1 0)
s>        ( - 5.556e+00 1 0))INFO: dtree.c(1315): Comp split 70
INFO: dtree.c(1315): Comp split 71
INFO: dtree.c(1315): Comp split 72
INFO: dtree.c(1315): Comp split 73
INFO: dtree.c(1315): Comp split 74
INFO: dtree.c(1315): Comp split 75
INFO: dtree.c(1318): stop. leaf nodes are specific
Sun Mar 12 05:24:24 2017
