Current configuration:
[NAME]		[DEFLT]	[VALUE]
-allphones	no	no
-cntthresh	0.00001	1.000000e-05
-csplitmax	100	2000
-csplitmin	1	1
-csplitthr	8e-4	0.000000e+00
-example	no	no
-fullvar	no	no
-help		no	no
-meanfn			
-mixwfn			/home/gaurav/python-scripts/py/scripts/sphinx-source2/an4/model_parameters/an4.cd_ptm_untied/mixture_weights
-moddeffn		/home/gaurav/python-scripts/py/scripts/sphinx-source2/an4/model_architecture/an4.untied.mdef
-mwfloor	1e-4	1.000000e-08
-phone			CH
-psetfn			/home/gaurav/python-scripts/py/scripts/sphinx-source2/an4/model_architecture/an4.tree_questions
-ssplitmax	5	7
-ssplitmin	1	1
-ssplitthr	8e-4	0.000000e+00
-state			1
-stwt			1.0,0.05,0.0,
-treefn			/home/gaurav/python-scripts/py/scripts/sphinx-source2/an4/trees/an4.unpruned/CH-1.dtree
-ts2cbfn	.semi.	.semi.
-varfloor	0.00001	1.000000e-05
-varfn			

INFO: main.c(223): Reading: /home/gaurav/python-scripts/py/scripts/sphinx-source2/an4/model_architecture/an4.untied.mdef
INFO: model_def_io.c(573): Model definition info:
INFO: model_def_io.c(574): 1618 total models defined (34 base, 1584 tri)
INFO: model_def_io.c(575): 6472 total states
INFO: model_def_io.c(576): 4854 total tied states
INFO: model_def_io.c(577): 102 total tied CI states
INFO: model_def_io.c(578): 34 total tied transition matrices
INFO: model_def_io.c(579): 4 max state/model
INFO: model_def_io.c(580): 4 min state/model
INFO: main.c(242): Building trees for [CH EY AA e] through [CH R TH e]
INFO: main.c(269): Covering states |[789 860]| == 72
INFO: main.c(275): Reading: /home/gaurav/python-scripts/py/scripts/sphinx-source2/an4/model_parameters/an4.cd_ptm_untied/mixture_weights
INFO: s3mixw_io.c(173): Read /home/gaurav/python-scripts/py/scripts/sphinx-source2/an4/model_parameters/an4.cd_ptm_untied/mixture_weights [72x4x64 array]
INFO: main.c(311): 24 of 24 models have observation count greater than 0.000010
INFO: main.c(95): nrm stwt: 0.045 0.909 0.045 
INFO: main.c(411): 24-class entropy: 2.105683e+04
INFO: main.c(549): Reading: /home/gaurav/python-scripts/py/scripts/sphinx-source2/an4/model_architecture/an4.tree_questions
INFO: main.c(588): 180 total simple questions (172 phone; 8 word bndry)
INFO: main.c(590): 42 Left Only questions, and 42 Right Only questions
INFO: dtree.c(1478): Final simple tree
|( SILENCE 1 2.432e+04 5.591e+02 1.303e+03
|    ( - 9.617e+03 1 0)
|    ( QUESTION2 1 1.415e+04 2.563e+02 7.610e+02
|        ( QUESTION0_0_R 1 7.212e+03 1.900e+02 3.883e+02
|            ( - 2.553e+03 2 0)
|            ( - 4.468e+03 3 0))
|        ( QUESTION0_15_R 1 6.680e+03 2.081e+02 3.727e+02
|            ( QUESTION0_16_R 1 1.844e+03 1.527e+02 1.120e+02
|                ( - 1.249e+03 4 0 QUESTION0_18_R 1 1.202e+02 7.900e+01)
|                ( - 4.424e+02 3 0 QUESTION0 -1 7.830e+01 3.300e+01))
|            ( QUESTION0_9_R 1 4.628e+03 2.023e+02 2.607e+02
|                ( QUESTION0_10_R 1 2.529e+03 1.638e+02 1.470e+02
|                    ( - 1.243e+03 4 0 QUESTION8 1 1.293e+02 7.653e+01)
|                    ( - 1.122e+03 2 0 QUESTION6 1 6.043e+01 7.052e+01))
|                ( - 1.897e+03 5 0 QUESTION0_0_R 1 1.415e+02 1.137e+02)))))
s>    ( SILENCE 1 2.432e+04 5.591e+02 1.303e+03
s>        ( - 9.617e+03 1 0)
s>        ( QUESTION2 1 1.415e+04 2.563e+02 7.610e+02
s>            ( QUESTION0_0_R 1 7.212e+03 1.900e+02 3.883e+02
s>                ( - 2.553e+03 2 0)
s>                ( - 4.468e+03 3 0))
s>            ( QUESTION0_15_R 1 6.680e+03 2.081e+02 3.727e+02
s>                ( QUESTION0_16_R 1 1.844e+03 1.527e+02 1.120e+02
s>                    ( - 1.249e+03 4 0 QUESTION0_18_R 1 1.202e+02 7.900e+01)
s>                    ( - 4.424e+02 3 0 QUESTION0 -1 7.830e+01 3.300e+01))
s>                ( QUESTION0_9_R 1 4.628e+03 2.023e+02 2.607e+02
s>                    ( QUESTION0_10_R 1 2.529e+03 1.638e+02 1.470e+02
s>                        ( - 1.243e+03 4 0 QUESTION8 1 1.293e+02 7.653e+01)
s>                        ( - 1.122e+03 2 0 QUESTION6 1 6.043e+01 7.052e+01))
s>                    ( - 1.897e+03 5 0 QUESTION0_0_R 1 1.415e+02 1.137e+02)))))INFO: dtree.c(1315): Comp split 0
INFO: dtree.c(1439): stop. leaf nodes are specific
INFO: dtree.c(1478): Final simple tree
|( SILENCE 1 1.020e+04 1.454e+02 5.752e+02
|    ( - 9.617e+03 1 0)
|    ( QUESTION0 -1 4.424e+02 7.830e+01 3.300e+01
|        ( QUESTION0_20_R 1 2.808e+02 3.532e+01 2.400e+01
|            ( - 9.999e+01 1 0)
|            ( - 1.454e+02 1 0))
|        ( - 8.330e+01 1 0)))
s>    ( SILENCE 1 1.020e+04 1.454e+02 5.752e+02
s>        ( - 9.617e+03 1 0)
s>        ( QUESTION0 -1 4.424e+02 7.830e+01 3.300e+01
s>            ( QUESTION0_20_R 1 2.808e+02 3.532e+01 2.400e+01
s>                ( - 9.999e+01 1 0)
s>                ( - 1.454e+02 1 0))
s>            ( - 8.330e+01 1 0)))INFO: dtree.c(1478): Final simple tree
|( QUESTION2 1 1.353e+04 2.538e+02 7.280e+02
|    ( QUESTION0_0_R 1 7.212e+03 1.900e+02 3.883e+02
|        ( - 2.553e+03 2 0)
|        ( - 4.468e+03 3 0))
|    ( QUESTION0_13_R 1 6.065e+03 2.012e+02 3.397e+02
|        ( QUESTION16 1 2.538e+03 1.762e+02 1.495e+02
|            ( - 1.027e+03 1 0)
|            ( - 1.335e+03 5 0 QUESTION0_18_R 1 1.198e+02 8.400e+01))
|        ( QUESTION0_9_R 1 3.325e+03 1.856e+02 1.902e+02
|            ( QUESTION8 1 1.243e+03 1.293e+02 7.653e+01
|                ( - 2.195e+02 1 0)
|                ( - 8.939e+02 3 0 QUESTION0_11_R 1 7.603e+01 5.853e+01))
|            ( QUESTION0_0_R 1 1.897e+03 1.415e+02 1.137e+02
|                ( - 1.119e+03 2 0 QUESTION0 1 1.006e+02 7.284e+01)
|                ( - 6.359e+02 3 0 QUESTION0 1 8.725e+01 4.083e+01)))))
s>    ( QUESTION2 1 1.353e+04 2.538e+02 7.280e+02
s>        ( QUESTION0_0_R 1 7.212e+03 1.900e+02 3.883e+02
s>            ( - 2.553e+03 2 0)
s>            ( - 4.468e+03 3 0))
s>        ( QUESTION0_13_R 1 6.065e+03 2.012e+02 3.397e+02
s>            ( QUESTION16 1 2.538e+03 1.762e+02 1.495e+02
s>                ( - 1.027e+03 1 0)
s>                ( - 1.335e+03 5 0 QUESTION0_18_R 1 1.198e+02 8.400e+01))
s>            ( QUESTION0_9_R 1 3.325e+03 1.856e+02 1.902e+02
s>                ( QUESTION8 1 1.243e+03 1.293e+02 7.653e+01
s>                    ( - 2.195e+02 1 0)
s>                    ( - 8.939e+02 3 0 QUESTION0_11_R 1 7.603e+01 5.853e+01))
s>                ( QUESTION0_0_R 1 1.897e+03 1.415e+02 1.137e+02
s>                    ( - 1.119e+03 2 0 QUESTION0 1 1.006e+02 7.284e+01)
s>                    ( - 6.359e+02 3 0 QUESTION0 1 8.725e+01 4.083e+01)))))INFO: dtree.c(1315): Comp split 1
INFO: dtree.c(1478): Final simple tree
|( QUESTION0_10_R 1 3.723e+03 1.969e+02 2.154e+02
|    ( QUESTION0_11_R 1 8.939e+02 7.603e+01 5.853e+01
|        ( - 1.287e+02 1 0)
|        ( QUESTION0 -1 6.891e+02 5.896e+01 4.746e+01
|            ( - 5.579e+02 1 0)
|            ( - 7.220e+01 1 0)))
|    ( QUESTION0_0_R 1 2.632e+03 1.772e+02 1.568e+02
|        ( QUESTION0 1 1.119e+03 1.006e+02 7.284e+01
|            ( - 8.854e+02 1 0)
|            ( - 1.334e+02 1 0))
|        ( QUESTION0_18_R 1 1.335e+03 1.198e+02 8.400e+01
|            ( - 2.837e+02 2 0 QUESTION7 1 5.442e+01 2.400e+01)
|            ( QUESTION0_17_R 1 9.319e+02 1.017e+02 6.000e+01
|                ( - 5.492e+02 1 0)
|                ( - 2.809e+02 2 0 QUESTION0_14_R 1 4.199e+01 2.100e+01)))))
s>    ( QUESTION0_10_R 1 3.723e+03 1.969e+02 2.154e+02
s>        ( QUESTION0_11_R 1 8.939e+02 7.603e+01 5.853e+01
s>            ( - 1.287e+02 1 0)
s>            ( QUESTION0 -1 6.891e+02 5.896e+01 4.746e+01
s>                ( - 5.579e+02 1 0)
s>                ( - 7.220e+01 1 0)))
s>        ( QUESTION0_0_R 1 2.632e+03 1.772e+02 1.568e+02
s>            ( QUESTION0 1 1.119e+03 1.006e+02 7.284e+01
s>                ( - 8.854e+02 1 0)
s>                ( - 1.334e+02 1 0))
s>            ( QUESTION0_18_R 1 1.335e+03 1.198e+02 8.400e+01
s>                ( - 2.837e+02 2 0 QUESTION7 1 5.442e+01 2.400e+01)
s>                ( QUESTION0_17_R 1 9.319e+02 1.017e+02 6.000e+01
s>                    ( - 5.492e+02 1 0)
s>                    ( - 2.809e+02 2 0 QUESTION0_14_R 1 4.199e+01 2.100e+01)))))INFO: dtree.c(1439): stop. leaf nodes are specific
INFO: dtree.c(1478): Final simple tree
|( QUESTION0_8_R 1 9.520e+03 1.896e+02 5.126e+02
|    ( QUESTION2 1 5.253e+03 1.492e+02 2.835e+02
|        ( - 4.468e+03 3 0)
|        ( QUESTION0 1 6.359e+02 8.725e+01 4.083e+01
|            ( - 3.179e+02 2 0)
|            ( - 2.307e+02 1 0)))
|    ( QUESTION0_0_R 1 4.077e+03 1.749e+02 2.291e+02
|        ( - 2.553e+03 2 0)
|        ( QUESTION0_10_R 1 1.349e+03 1.023e+02 8.352e+01
|            ( - 2.195e+02 1 0)
|            ( - 1.027e+03 1 0))))
s>    ( QUESTION0_8_R 1 9.520e+03 1.896e+02 5.126e+02
s>        ( QUESTION2 1 5.253e+03 1.492e+02 2.835e+02
s>            ( - 4.468e+03 3 0)
s>            ( QUESTION0 1 6.359e+02 8.725e+01 4.083e+01
s>                ( - 3.179e+02 2 0)
s>                ( - 2.307e+02 1 0)))
s>        ( QUESTION0_0_R 1 4.077e+03 1.749e+02 2.291e+02
s>            ( - 2.553e+03 2 0)
s>            ( QUESTION0_10_R 1 1.349e+03 1.023e+02 8.352e+01
s>                ( - 2.195e+02 1 0)
s>                ( - 1.027e+03 1 0))))INFO: dtree.c(1315): Comp split 2
INFO: dtree.c(1439): stop. leaf nodes are specific
INFO: dtree.c(1478): Final simple tree
|( QUESTION0_0_R 1 3.292e+03 1.169e+02 1.865e+02
|    ( - 2.553e+03 2 0)
|    ( QUESTION0_8_R 1 6.216e+02 8.416e+01 4.100e+01
|        ( - 3.179e+02 2 0)
|        ( - 2.195e+02 1 0)))
s>    ( QUESTION0_0_R 1 3.292e+03 1.169e+02 1.865e+02
s>        ( - 2.553e+03 2 0)
s>        ( QUESTION0_8_R 1 6.216e+02 8.416e+01 4.100e+01
s>            ( - 3.179e+02 2 0)
s>            ( - 2.195e+02 1 0)))INFO: dtree.c(1439): stop. leaf nodes are specific
INFO: dtree.c(1478): Final simple tree
|( QUESTION0 1 6.025e+03 1.682e+02 3.261e+02
|    ( - 4.468e+03 3 0)
|    ( QUESTION0_8_R 1 1.388e+03 1.308e+02 8.334e+01
|        ( - 2.307e+02 1 0)
|        ( - 1.027e+03 1 0)))
s>    ( QUESTION0 1 6.025e+03 1.682e+02 3.261e+02
s>        ( - 4.468e+03 3 0)
s>        ( QUESTION0_8_R 1 1.388e+03 1.308e+02 8.334e+01
s>            ( - 2.307e+02 1 0)
s>            ( - 1.027e+03 1 0)))INFO: dtree.c(1315): Comp split 3
INFO: dtree.c(1439): stop. leaf nodes are specific
INFO: dtree.c(1478): Final simple tree
|( QUESTION0_0_R 1 1.973e+03 1.554e+02 1.198e+02
|    ( - 8.854e+02 1 0)
|    ( QUESTION0_17_R 1 9.319e+02 1.017e+02 6.000e+01
|        ( - 5.492e+02 1 0)
|        ( QUESTION0_14_R 1 2.809e+02 4.199e+01 2.100e+01
|            ( - 3.488e+01 1 0)
|            ( - 2.041e+02 1 0))))
s>    ( QUESTION0_0_R 1 1.973e+03 1.554e+02 1.198e+02
s>        ( - 8.854e+02 1 0)
s>        ( QUESTION0_17_R 1 9.319e+02 1.017e+02 6.000e+01
s>            ( - 5.492e+02 1 0)
s>            ( QUESTION0_14_R 1 2.809e+02 4.199e+01 2.100e+01
s>                ( - 3.488e+01 1 0)
s>                ( - 2.041e+02 1 0))))INFO: dtree.c(1439): stop. leaf nodes are specific
INFO: dtree.c(1478): Final simple tree
|( QUESTION0_10_R 1 1.547e+03 1.586e+02 9.553e+01
|    ( QUESTION0_11_R 1 8.939e+02 7.603e+01 5.853e+01
|        ( - 1.287e+02 1 0)
|        ( QUESTION0 -1 6.891e+02 5.896e+01 4.746e+01
|            ( - 5.579e+02 1 0)
|            ( - 7.220e+01 1 0)))
|    ( QUESTION0_0_R 1 4.950e+02 7.787e+01 3.700e+01
|        ( - 1.334e+02 1 0)
|        ( QUESTION7 1 2.837e+02 5.442e+01 2.400e+01
|            ( - 1.415e+02 1 0)
|            ( - 8.781e+01 1 0))))
s>    ( QUESTION0_10_R 1 1.547e+03 1.586e+02 9.553e+01
s>        ( QUESTION0_11_R 1 8.939e+02 7.603e+01 5.853e+01
s>            ( - 1.287e+02 1 0)
s>            ( QUESTION0 -1 6.891e+02 5.896e+01 4.746e+01
s>                ( - 5.579e+02 1 0)
s>                ( - 7.220e+01 1 0)))
s>        ( QUESTION0_0_R 1 4.950e+02 7.787e+01 3.700e+01
s>            ( - 1.334e+02 1 0)
s>            ( QUESTION7 1 2.837e+02 5.442e+01 2.400e+01
s>                ( - 1.415e+02 1 0)
s>                ( - 8.781e+01 1 0))))INFO: dtree.c(1315): Comp split 4
INFO: dtree.c(1439): stop. leaf nodes are specific
INFO: dtree.c(1478): Final simple tree
|( QUESTION0_8_R 1 1.388e+03 1.308e+02 8.334e+01
|    ( - 2.307e+02 1 0)
|    ( - 1.027e+03 1 0))
s>    ( QUESTION0_8_R 1 1.388e+03 1.308e+02 8.334e+01
s>        ( - 2.307e+02 1 0)
s>        ( - 1.027e+03 1 0))INFO: dtree.c(1315): Comp split 5
INFO: dtree.c(1439): stop. leaf nodes are specific
INFO: dtree.c(1478): Final simple tree
|( QUESTION0_0_R 1 4.950e+02 7.787e+01 3.700e+01
|    ( - 1.334e+02 1 0)
|    ( QUESTION7 1 2.837e+02 5.442e+01 2.400e+01
|        ( - 1.415e+02 1 0)
|        ( - 8.781e+01 1 0)))
s>    ( QUESTION0_0_R 1 4.950e+02 7.787e+01 3.700e+01
s>        ( - 1.334e+02 1 0)
s>        ( QUESTION7 1 2.837e+02 5.442e+01 2.400e+01
s>            ( - 1.415e+02 1 0)
s>            ( - 8.781e+01 1 0)))INFO: dtree.c(1439): stop. leaf nodes are specific
INFO: dtree.c(1478): Final simple tree
|( QUESTION0_11_R 1 8.939e+02 7.603e+01 5.853e+01
|    ( - 1.287e+02 1 0)
|    ( QUESTION0 -1 6.891e+02 5.896e+01 4.746e+01
|        ( - 5.579e+02 1 0)
|        ( - 7.220e+01 1 0)))
s>    ( QUESTION0_11_R 1 8.939e+02 7.603e+01 5.853e+01
s>        ( - 1.287e+02 1 0)
s>        ( QUESTION0 -1 6.891e+02 5.896e+01 4.746e+01
s>            ( - 5.579e+02 1 0)
s>            ( - 7.220e+01 1 0)))INFO: dtree.c(1315): Comp split 6
INFO: dtree.c(1439): stop. leaf nodes are specific
INFO: dtree.c(1478): Final simple tree
|( QUESTION0_17_R 1 9.319e+02 1.017e+02 6.000e+01
|    ( - 5.492e+02 1 0)
|    ( QUESTION0_14_R 1 2.809e+02 4.199e+01 2.100e+01
|        ( - 3.488e+01 1 0)
|        ( - 2.041e+02 1 0)))
s>    ( QUESTION0_17_R 1 9.319e+02 1.017e+02 6.000e+01
s>        ( - 5.492e+02 1 0)
s>        ( QUESTION0_14_R 1 2.809e+02 4.199e+01 2.100e+01
s>            ( - 3.488e+01 1 0)
s>            ( - 2.041e+02 1 0)))INFO: dtree.c(1315): Comp split 7
INFO: dtree.c(1439): stop. leaf nodes are specific
INFO: dtree.c(1478): Final simple tree
|( QUESTION0 -1 4.424e+02 7.830e+01 3.300e+01
|    ( QUESTION0_20_R 1 2.808e+02 3.532e+01 2.400e+01
|        ( - 9.999e+01 1 0)
|        ( - 1.454e+02 1 0))
|    ( - 8.330e+01 1 0))
s>    ( QUESTION0 -1 4.424e+02 7.830e+01 3.300e+01
s>        ( QUESTION0_20_R 1 2.808e+02 3.532e+01 2.400e+01
s>            ( - 9.999e+01 1 0)
s>            ( - 1.454e+02 1 0))
s>        ( - 8.330e+01 1 0))INFO: dtree.c(1315): Comp split 8
INFO: dtree.c(1315): Comp split 9
INFO: dtree.c(1439): stop. leaf nodes are specific
INFO: dtree.c(1478): Final simple tree
|( QUESTION0_8_R 1 6.216e+02 8.416e+01 4.100e+01
|    ( - 3.179e+02 2 0)
|    ( - 2.195e+02 1 0))
s>    ( QUESTION0_8_R 1 6.216e+02 8.416e+01 4.100e+01
s>        ( - 3.179e+02 2 0)
s>        ( - 2.195e+02 1 0))INFO: dtree.c(1315): Comp split 10
INFO: dtree.c(1439): stop. leaf nodes are specific
INFO: dtree.c(1478): Final simple tree
|( QUESTION0_14_R 1 2.809e+02 4.199e+01 2.100e+01
|    ( - 3.488e+01 1 0)
|    ( - 2.041e+02 1 0))
s>    ( QUESTION0_14_R 1 2.809e+02 4.199e+01 2.100e+01
s>        ( - 3.488e+01 1 0)
s>        ( - 2.041e+02 1 0))INFO: dtree.c(1315): Comp split 11
INFO: dtree.c(1439): stop. leaf nodes are specific
INFO: dtree.c(1478): Final simple tree
|( QUESTION0_11_R 1 2.490e+02 4.810e+01 1.906e+01
|    ( - 1.287e+02 1 0)
|    ( - 7.220e+01 1 0))
s>    ( QUESTION0_11_R 1 2.490e+02 4.810e+01 1.906e+01
s>        ( - 1.287e+02 1 0)
s>        ( - 7.220e+01 1 0))INFO: dtree.c(1315): Comp split 12
INFO: dtree.c(1315): Comp split 13
INFO: dtree.c(1439): stop. leaf nodes are specific
INFO: dtree.c(1478): Final simple tree
|( QUESTION0_20_R 1 2.808e+02 3.532e+01 2.400e+01
|    ( - 9.999e+01 1 0)
|    ( - 1.454e+02 1 0))
s>    ( QUESTION0_20_R 1 2.808e+02 3.532e+01 2.400e+01
s>        ( - 9.999e+01 1 0)
s>        ( - 1.454e+02 1 0))INFO: dtree.c(1315): Comp split 14
INFO: dtree.c(1439): stop. leaf nodes are specific
INFO: dtree.c(1478): Final simple tree
|( QUESTION7 1 2.837e+02 5.442e+01 2.400e+01
|    ( - 1.415e+02 1 0)
|    ( - 8.781e+01 1 0))
s>    ( QUESTION7 1 2.837e+02 5.442e+01 2.400e+01
s>        ( - 1.415e+02 1 0)
s>        ( - 8.781e+01 1 0))INFO: dtree.c(1315): Comp split 15
INFO: dtree.c(1315): Comp split 16
INFO: dtree.c(1315): Comp split 17
INFO: dtree.c(1315): Comp split 18
INFO: dtree.c(1315): Comp split 19
INFO: dtree.c(1318): stop. leaf nodes are specific
Sun Mar 12 05:24:20 2017
