Current configuration:
[NAME]		[DEFLT]	[VALUE]
-allphones	no	no
-cntthresh	0.00001	1.000000e-05
-csplitmax	100	2000
-csplitmin	1	1
-csplitthr	8e-4	0.000000e+00
-example	no	no
-fullvar	no	no
-help		no	no
-meanfn			
-mixwfn			/home/gaurav/python-scripts/py/scripts/sphinx-source2/an4/model_parameters/an4.cd_ptm_untied/mixture_weights
-moddeffn		/home/gaurav/python-scripts/py/scripts/sphinx-source2/an4/model_architecture/an4.untied.mdef
-mwfloor	1e-4	1.000000e-08
-phone			D
-psetfn			/home/gaurav/python-scripts/py/scripts/sphinx-source2/an4/model_architecture/an4.tree_questions
-ssplitmax	5	7
-ssplitmin	1	1
-ssplitthr	8e-4	0.000000e+00
-state			0
-stwt			1.0,0.05,0.0,
-treefn			/home/gaurav/python-scripts/py/scripts/sphinx-source2/an4/trees/an4.unpruned/D-0.dtree
-ts2cbfn	.semi.	.semi.
-varfloor	0.00001	1.000000e-05
-varfn			

INFO: main.c(223): Reading: /home/gaurav/python-scripts/py/scripts/sphinx-source2/an4/model_architecture/an4.untied.mdef
INFO: model_def_io.c(573): Model definition info:
INFO: model_def_io.c(574): 1618 total models defined (34 base, 1584 tri)
INFO: model_def_io.c(575): 6472 total states
INFO: model_def_io.c(576): 4854 total tied states
INFO: model_def_io.c(577): 102 total tied CI states
INFO: model_def_io.c(578): 34 total tied transition matrices
INFO: model_def_io.c(579): 4 max state/model
INFO: model_def_io.c(580): 4 min state/model
INFO: main.c(242): Building trees for [D AH AH b] through [D UW IY b]
INFO: main.c(269): Covering states |[861 977]| == 117
INFO: main.c(275): Reading: /home/gaurav/python-scripts/py/scripts/sphinx-source2/an4/model_parameters/an4.cd_ptm_untied/mixture_weights
INFO: s3mixw_io.c(173): Read /home/gaurav/python-scripts/py/scripts/sphinx-source2/an4/model_parameters/an4.cd_ptm_untied/mixture_weights [117x4x64 array]
INFO: main.c(311): 39 of 39 models have observation count greater than 0.000010
INFO: main.c(95): nrm stwt: 0.952 0.048 0.000 
INFO: main.c(411): 39-class entropy: 1.961782e+04
INFO: main.c(549): Reading: /home/gaurav/python-scripts/py/scripts/sphinx-source2/an4/model_architecture/an4.tree_questions
INFO: main.c(588): 180 total simple questions (172 phone; 8 word bndry)
INFO: main.c(590): 42 Left Only questions, and 42 Right Only questions
INFO: dtree.c(1478): Final simple tree
|( QUESTION0 -1 2.673e+04 9.606e+02 1.322e+03
|    ( QUESTION1 -1 1.521e+04 5.092e+02 7.707e+02
|        ( - 6.969e+03 4 0 QUESTION0_0_R 1 2.893e+02 3.756e+02)
|        ( QUESTION2_0_L -1 7.733e+03 4.508e+02 3.951e+02
|            ( - 3.384e+03 6 0 QUESTION0_0_R 1 1.676e+02 1.813e+02)
|            ( QUESTION2_12_L -1 3.898e+03 3.197e+02 2.138e+02
|                ( - 1.512e+03 2 0 QUESTION0_0_R 1 6.147e+01 9.605e+01)
|                ( - 2.066e+03 2 0 QUESTION0_0_R 1 1.752e+02 1.177e+02))))
|    ( WDBNDRY_B 0 1.056e+04 7.536e+02 5.508e+02
|        ( QUESTION16 -1 6.554e+03 3.847e+02 3.770e+02
|            ( - 9.225e+02 3 0 QUESTION2_9_L -1 4.329e+01 6.038e+01)
|            ( - 5.247e+03 9 0 SILENCE -1 2.954e+02 3.166e+02))
|        ( QUESTION1 1 3.249e+03 4.144e+02 1.738e+02
|            ( - 1.001e+03 3 0 WDBNDRY_E 0 1.229e+02 6.785e+01)
|            ( - 1.834e+03 10 0 QUESTION5 1 2.484e+02 1.060e+02))))
s>    ( QUESTION0 -1 2.673e+04 9.606e+02 1.322e+03
s>        ( QUESTION1 -1 1.521e+04 5.092e+02 7.707e+02
s>            ( - 6.969e+03 4 0 QUESTION0_0_R 1 2.893e+02 3.756e+02)
s>            ( QUESTION2_0_L -1 7.733e+03 4.508e+02 3.951e+02
s>                ( - 3.384e+03 6 0 QUESTION0_0_R 1 1.676e+02 1.813e+02)
s>                ( QUESTION2_12_L -1 3.898e+03 3.197e+02 2.138e+02
s>                    ( - 1.512e+03 2 0 QUESTION0_0_R 1 6.147e+01 9.605e+01)
s>                    ( - 2.066e+03 2 0 QUESTION0_0_R 1 1.752e+02 1.177e+02))))
s>        ( WDBNDRY_B 0 1.056e+04 7.536e+02 5.508e+02
s>            ( QUESTION16 -1 6.554e+03 3.847e+02 3.770e+02
s>                ( - 9.225e+02 3 0 QUESTION2_9_L -1 4.329e+01 6.038e+01)
s>                ( - 5.247e+03 9 0 SILENCE -1 2.954e+02 3.166e+02))
s>            ( QUESTION1 1 3.249e+03 4.144e+02 1.738e+02
s>                ( - 1.001e+03 3 0 WDBNDRY_E 0 1.229e+02 6.785e+01)
s>                ( - 1.834e+03 10 0 QUESTION5 1 2.484e+02 1.060e+02))))INFO: dtree.c(1315): Comp split 0
INFO: dtree.c(1478): Final simple tree
|( WDBNDRY_I 0 8.354e+03 5.329e+02 4.155e+02
|    ( QUESTION0_0_R 1 1.081e+03 1.607e+02 7.085e+01
|        ( - 7.430e+02 1 0)
|        ( - 1.773e+02 1 0))
|    ( WDBNDRY_B 0 6.740e+03 3.654e+02 3.447e+02
|        ( QUESTION0 -1 4.547e+03 2.805e+02 2.397e+02
|            ( QUESTION0_0_R 1 3.344e+03 1.546e+02 1.793e+02
|                ( - 2.909e+03 3 0)
|                ( - 2.804e+02 2 0))
|            ( - 9.225e+02 3 0 QUESTION2_9_L -1 4.329e+01 6.038e+01))
|        ( QUESTION0_1_R 1 1.828e+03 2.374e+02 1.050e+02
|            ( - 6.220e+02 1 0)
|            ( QUESTION5 1 9.684e+02 1.510e+02 5.400e+01
|                ( - 3.900e+02 3 0 QUESTION0_0_R 1 7.417e+01 2.700e+01)
|                ( - 4.274e+02 8 0 QUESTION0 1 8.881e+01 2.700e+01)))))
s>    ( WDBNDRY_I 0 8.354e+03 5.329e+02 4.155e+02
s>        ( QUESTION0_0_R 1 1.081e+03 1.607e+02 7.085e+01
s>            ( - 7.430e+02 1 0)
s>            ( - 1.773e+02 1 0))
s>        ( WDBNDRY_B 0 6.740e+03 3.654e+02 3.447e+02
s>            ( QUESTION0 -1 4.547e+03 2.805e+02 2.397e+02
s>                ( QUESTION0_0_R 1 3.344e+03 1.546e+02 1.793e+02
s>                    ( - 2.909e+03 3 0)
s>                    ( - 2.804e+02 2 0))
s>                ( - 9.225e+02 3 0 QUESTION2_9_L -1 4.329e+01 6.038e+01))
s>            ( QUESTION0_1_R 1 1.828e+03 2.374e+02 1.050e+02
s>                ( - 6.220e+02 1 0)
s>                ( QUESTION5 1 9.684e+02 1.510e+02 5.400e+01
s>                    ( - 3.900e+02 3 0 QUESTION0_0_R 1 7.417e+01 2.700e+01)
s>                    ( - 4.274e+02 8 0 QUESTION0 1 8.881e+01 2.700e+01)))))INFO: dtree.c(1478): Final simple tree
|( QUESTION0 -1 1.728e+04 8.260e+02 9.060e+02
|    ( QUESTION2_13_L -1 1.121e+04 3.926e+02 5.894e+02
|        ( QUESTION0_0_R 1 2.066e+03 1.752e+02 1.177e+02
|            ( - 1.574e+03 1 0)
|            ( - 3.166e+02 1 0))
|        ( QUESTION0_0_R 1 8.751e+03 2.991e+02 4.717e+02
|            ( QUESTION1 -1 5.529e+03 2.573e+02 3.131e+02
|                ( - 3.849e+03 2 0)
|                ( - 1.423e+03 1 0))
|            ( - 2.923e+03 3 0 QUESTION1 -1 6.406e+01 1.586e+02)))
|    ( SILENCE -1 5.247e+03 2.954e+02 3.166e+02
|        ( - 1.171e+03 3 0 QUESTION2 1 1.137e+02 7.447e+01)
|        ( QUESTION2_5_L -1 3.781e+03 2.239e+02 2.421e+02
|            ( - 2.085e+03 1 0)
|            ( - 1.472e+03 5 0 QUESTION7 -1 1.322e+02 1.060e+02))))
s>    ( QUESTION0 -1 1.728e+04 8.260e+02 9.060e+02
s>        ( QUESTION2_13_L -1 1.121e+04 3.926e+02 5.894e+02
s>            ( QUESTION0_0_R 1 2.066e+03 1.752e+02 1.177e+02
s>                ( - 1.574e+03 1 0)
s>                ( - 3.166e+02 1 0))
s>            ( QUESTION0_0_R 1 8.751e+03 2.991e+02 4.717e+02
s>                ( QUESTION1 -1 5.529e+03 2.573e+02 3.131e+02
s>                    ( - 3.849e+03 2 0)
s>                    ( - 1.423e+03 1 0))
s>                ( - 2.923e+03 3 0 QUESTION1 -1 6.406e+01 1.586e+02)))
s>        ( SILENCE -1 5.247e+03 2.954e+02 3.166e+02
s>            ( - 1.171e+03 3 0 QUESTION2 1 1.137e+02 7.447e+01)
s>            ( QUESTION2_5_L -1 3.781e+03 2.239e+02 2.421e+02
s>                ( - 2.085e+03 1 0)
s>                ( - 1.472e+03 5 0 QUESTION7 -1 1.322e+02 1.060e+02))))INFO: dtree.c(1315): Comp split 1
INFO: dtree.c(1439): stop. leaf nodes are specific
INFO: dtree.c(1478): Final simple tree
|( QUESTION2_13_L -1 1.121e+04 3.926e+02 5.894e+02
|    ( QUESTION0_0_R 1 2.066e+03 1.752e+02 1.177e+02
|        ( - 1.574e+03 1 0)
|        ( - 3.166e+02 1 0))
|    ( QUESTION0_0_R 1 8.751e+03 2.991e+02 4.717e+02
|        ( QUESTION1 -1 5.529e+03 2.573e+02 3.131e+02
|            ( - 3.849e+03 2 0)
|            ( - 1.423e+03 1 0))
|        ( QUESTION1 -1 2.923e+03 6.406e+01 1.586e+02
|            ( - 2.831e+03 2 0)
|            ( - 2.800e+01 1 0))))
s>    ( QUESTION2_13_L -1 1.121e+04 3.926e+02 5.894e+02
s>        ( QUESTION0_0_R 1 2.066e+03 1.752e+02 1.177e+02
s>            ( - 1.574e+03 1 0)
s>            ( - 3.166e+02 1 0))
s>        ( QUESTION0_0_R 1 8.751e+03 2.991e+02 4.717e+02
s>            ( QUESTION1 -1 5.529e+03 2.573e+02 3.131e+02
s>                ( - 3.849e+03 2 0)
s>                ( - 1.423e+03 1 0))
s>            ( QUESTION1 -1 2.923e+03 6.406e+01 1.586e+02
s>                ( - 2.831e+03 2 0)
s>                ( - 2.800e+01 1 0))))INFO: dtree.c(1478): Final simple tree
|( SILENCE -1 5.247e+03 2.954e+02 3.166e+02
|    ( QUESTION2 1 1.171e+03 1.137e+02 7.447e+01
|        ( - 4.389e+02 1 0)
|        ( QUESTION0_0_R 1 6.180e+02 5.508e+01 4.350e+01
|            ( - 5.296e+02 1 0)
|            ( - 3.332e+01 1 0)))
|    ( QUESTION2_5_L -1 3.781e+03 2.239e+02 2.421e+02
|        ( - 2.085e+03 1 0)
|        ( QUESTION7 -1 1.472e+03 1.322e+02 1.060e+02
|            ( QUESTION0_0_R 1 5.272e+02 8.599e+01 4.700e+01
|                ( - 3.319e+02 1 0)
|                ( - 1.093e+02 1 0))
|            ( QUESTION0_0_R 1 8.129e+02 5.103e+01 5.900e+01
|                ( - 7.619e+01 1 0)
|                ( - 6.857e+02 2 0 QUESTION4 -1 2.584e+01 5.100e+01)))))
s>    ( SILENCE -1 5.247e+03 2.954e+02 3.166e+02
s>        ( QUESTION2 1 1.171e+03 1.137e+02 7.447e+01
s>            ( - 4.389e+02 1 0)
s>            ( QUESTION0_0_R 1 6.180e+02 5.508e+01 4.350e+01
s>                ( - 5.296e+02 1 0)
s>                ( - 3.332e+01 1 0)))
s>        ( QUESTION2_5_L -1 3.781e+03 2.239e+02 2.421e+02
s>            ( - 2.085e+03 1 0)
s>            ( QUESTION7 -1 1.472e+03 1.322e+02 1.060e+02
s>                ( QUESTION0_0_R 1 5.272e+02 8.599e+01 4.700e+01
s>                    ( - 3.319e+02 1 0)
s>                    ( - 1.093e+02 1 0))
s>                ( QUESTION0_0_R 1 8.129e+02 5.103e+01 5.900e+01
s>                    ( - 7.619e+01 1 0)
s>                    ( - 6.857e+02 2 0 QUESTION4 -1 2.584e+01 5.100e+01)))))INFO: dtree.c(1315): Comp split 2
INFO: dtree.c(1478): Final simple tree
|( QUESTION0 -1 5.437e+03 3.004e+02 2.807e+02
|    ( QUESTION0_0_R 1 3.344e+03 1.546e+02 1.793e+02
|        ( - 2.909e+03 3 0)
|        ( - 2.804e+02 2 0))
|    ( QUESTION0_1_R 1 1.793e+03 2.090e+02 1.014e+02
|        ( QUESTION2_9_L -1 8.746e+02 4.227e+01 5.838e+01
|            ( - 3.732e+01 1 0)
|            ( - 7.950e+02 1 0))
|        ( QUESTION17 -1 7.096e+02 1.089e+02 4.300e+01
|            ( QUESTION0_0_R 1 3.658e+02 6.873e+01 2.600e+01
|                ( - 1.876e+02 1 0)
|                ( - 1.094e+02 1 0))
|            ( WDBNDRY_I 0 2.350e+02 3.867e+01 1.700e+01
|                ( - 1.773e+02 1 0)
|                ( - 1.902e+01 2 0 WDBNDRY_B 0 1.102e+01 3.000e+00)))))
s>    ( QUESTION0 -1 5.437e+03 3.004e+02 2.807e+02
s>        ( QUESTION0_0_R 1 3.344e+03 1.546e+02 1.793e+02
s>            ( - 2.909e+03 3 0)
s>            ( - 2.804e+02 2 0))
s>        ( QUESTION0_1_R 1 1.793e+03 2.090e+02 1.014e+02
s>            ( QUESTION2_9_L -1 8.746e+02 4.227e+01 5.838e+01
s>                ( - 3.732e+01 1 0)
s>                ( - 7.950e+02 1 0))
s>            ( QUESTION17 -1 7.096e+02 1.089e+02 4.300e+01
s>                ( QUESTION0_0_R 1 3.658e+02 6.873e+01 2.600e+01
s>                    ( - 1.876e+02 1 0)
s>                    ( - 1.094e+02 1 0))
s>                ( WDBNDRY_I 0 2.350e+02 3.867e+01 1.700e+01
s>                    ( - 1.773e+02 1 0)
s>                    ( - 1.902e+01 2 0 WDBNDRY_B 0 1.102e+01 3.000e+00)))))INFO: dtree.c(1478): Final simple tree
|( QUESTION1 1 2.328e+03 3.530e+02 1.348e+02
|    ( WDBNDRY_E 0 1.001e+03 1.229e+02 6.785e+01
|        ( QUESTION4 -1 1.347e+02 3.688e+01 1.100e+01
|            ( - 1.892e+01 1 0)
|            ( - 7.892e+01 1 0))
|        ( - 7.430e+02 1 0))
|    ( QUESTION0_0_R 1 9.742e+02 1.384e+02 6.700e+01
|        ( - 6.220e+02 1 0)
|        ( SILENCE 1 2.138e+02 5.736e+01 1.600e+01
|            ( - 5.628e+01 1 0)
|            ( QUESTION4 -1 1.001e+02 3.368e+01 9.000e+00
|                ( QUESTION0 1 4.004e+01 1.926e+01 5.000e+00
|                    ( - 1.278e+01 1 0)
|                    ( - 8.000e+00 2 0 QUESTION0_8_R 1 8.000e+00 2.000e+00))
|                ( - 2.642e+01 2 0 QUESTION0 -1 1.403e+01 4.000e+00)))))
s>    ( QUESTION1 1 2.328e+03 3.530e+02 1.348e+02
s>        ( WDBNDRY_E 0 1.001e+03 1.229e+02 6.785e+01
s>            ( QUESTION4 -1 1.347e+02 3.688e+01 1.100e+01
s>                ( - 1.892e+01 1 0)
s>                ( - 7.892e+01 1 0))
s>            ( - 7.430e+02 1 0))
s>        ( QUESTION0_0_R 1 9.742e+02 1.384e+02 6.700e+01
s>            ( - 6.220e+02 1 0)
s>            ( SILENCE 1 2.138e+02 5.736e+01 1.600e+01
s>                ( - 5.628e+01 1 0)
s>                ( QUESTION4 -1 1.001e+02 3.368e+01 9.000e+00
s>                    ( QUESTION0 1 4.004e+01 1.926e+01 5.000e+00
s>                        ( - 1.278e+01 1 0)
s>                        ( - 8.000e+00 2 0 QUESTION0_8_R 1 8.000e+00 2.000e+00))
s>                    ( - 2.642e+01 2 0 QUESTION0 -1 1.403e+01 4.000e+00)))))INFO: dtree.c(1315): Comp split 3
INFO: dtree.c(1439): stop. leaf nodes are specific
INFO: dtree.c(1478): Final simple tree
|( QUESTION1 -1 6.022e+03 2.800e+02 3.361e+02
|    ( - 3.849e+03 2 0)
|    ( QUESTION0_0_R 1 1.893e+03 1.537e+02 1.150e+02
|        ( - 1.423e+03 1 0)
|        ( - 3.166e+02 1 0)))
s>    ( QUESTION1 -1 6.022e+03 2.800e+02 3.361e+02
s>        ( - 3.849e+03 2 0)
s>        ( QUESTION0_0_R 1 1.893e+03 1.537e+02 1.150e+02
s>            ( - 1.423e+03 1 0)
s>            ( - 3.166e+02 1 0)))INFO: dtree.c(1439): stop. leaf nodes are specific
INFO: dtree.c(1478): Final simple tree
|( QUESTION0_0_R 1 4.776e+03 2.790e+02 2.533e+02
|    ( - 1.574e+03 1 0)
|    ( QUESTION1 -1 2.923e+03 6.406e+01 1.586e+02
|        ( - 2.831e+03 2 0)
|        ( - 2.800e+01 1 0)))
s>    ( QUESTION0_0_R 1 4.776e+03 2.790e+02 2.533e+02
s>        ( - 1.574e+03 1 0)
s>        ( QUESTION1 -1 2.923e+03 6.406e+01 1.586e+02
s>            ( - 2.831e+03 2 0)
s>            ( - 2.800e+01 1 0)))INFO: dtree.c(1315): Comp split 4
INFO: dtree.c(1439): stop. leaf nodes are specific
INFO: dtree.c(1478): Final simple tree
|( WDBNDRY_E 0 1.013e+03 1.323e+02 6.885e+01
|    ( QUESTION0_8_R 1 1.379e+02 3.256e+01 1.200e+01
|        ( - 7.892e+01 1 0)
|        ( QUESTION0 -1 2.642e+01 1.403e+01 4.000e+00
|            ( - 6.000e+00 1 0)
|            ( - 6.394e+00 1 0)))
|    ( - 7.430e+02 1 0))
s>    ( WDBNDRY_E 0 1.013e+03 1.323e+02 6.885e+01
s>        ( QUESTION0_8_R 1 1.379e+02 3.256e+01 1.200e+01
s>            ( - 7.892e+01 1 0)
s>            ( QUESTION0 -1 2.642e+01 1.403e+01 4.000e+00
s>                ( - 6.000e+00 1 0)
s>                ( - 6.394e+00 1 0)))
s>        ( - 7.430e+02 1 0))INFO: dtree.c(1439): stop. leaf nodes are specific
INFO: dtree.c(1478): Final simple tree
|( QUESTION0_0_R 1 9.407e+02 1.230e+02 6.600e+01
|    ( - 6.220e+02 1 0)
|    ( QUESTION0_8_R 1 1.958e+02 5.690e+01 1.500e+01
|        ( QUESTION2 1 6.538e+01 2.260e+01 7.000e+00
|            ( - 1.278e+01 1 0)
|            ( QUESTION0 1 3.000e+01 1.108e+01 4.000e+00
|                ( - 1.892e+01 1 0)
|                ( - 0.000e+00 1 0)))
|        ( SILENCE 1 7.346e+01 1.718e+01 8.000e+00
|            ( - 5.628e+01 1 0)
|            ( - 0.000e+00 1 0))))
s>    ( QUESTION0_0_R 1 9.407e+02 1.230e+02 6.600e+01
s>        ( - 6.220e+02 1 0)
s>        ( QUESTION0_8_R 1 1.958e+02 5.690e+01 1.500e+01
s>            ( QUESTION2 1 6.538e+01 2.260e+01 7.000e+00
s>                ( - 1.278e+01 1 0)
s>                ( QUESTION0 1 3.000e+01 1.108e+01 4.000e+00
s>                    ( - 1.892e+01 1 0)
s>                    ( - 0.000e+00 1 0)))
s>            ( SILENCE 1 7.346e+01 1.718e+01 8.000e+00
s>                ( - 5.628e+01 1 0)
s>                ( - 0.000e+00 1 0))))INFO: dtree.c(1315): Comp split 5
INFO: dtree.c(1439): stop. leaf nodes are specific
INFO: dtree.c(1478): Final simple tree
|( QUESTION0_0_R 1 3.540e+03 1.602e+02 1.893e+02
|    ( - 2.909e+03 3 0)
|    ( WDBNDRY_B 0 4.706e+02 8.079e+01 3.000e+01
|        ( - 2.804e+02 2 0)
|        ( - 1.094e+02 1 0)))
s>    ( QUESTION0_0_R 1 3.540e+03 1.602e+02 1.893e+02
s>        ( - 2.909e+03 3 0)
s>        ( WDBNDRY_B 0 4.706e+02 8.079e+01 3.000e+01
s>            ( - 2.804e+02 2 0)
s>            ( - 1.094e+02 1 0)))INFO: dtree.c(1439): stop. leaf nodes are specific
INFO: dtree.c(1478): Final simple tree
|( QUESTION0_1_R 1 1.583e+03 1.952e+02 9.138e+01
|    ( QUESTION2_9_L -1 8.746e+02 4.227e+01 5.838e+01
|        ( - 3.732e+01 1 0)
|        ( - 7.950e+02 1 0))
|    ( QUESTION0_0_R 1 5.132e+02 9.063e+01 3.300e+01
|        ( - 1.876e+02 1 0)
|        ( WDBNDRY_I 0 2.350e+02 3.867e+01 1.700e+01
|            ( - 1.773e+02 1 0)
|            ( WDBNDRY_B 0 1.902e+01 1.102e+01 3.000e+00
|                ( - 8.000e+00 1 0)
|                ( - 0.000e+00 1 0)))))
s>    ( QUESTION0_1_R 1 1.583e+03 1.952e+02 9.138e+01
s>        ( QUESTION2_9_L -1 8.746e+02 4.227e+01 5.838e+01
s>            ( - 3.732e+01 1 0)
s>            ( - 7.950e+02 1 0))
s>        ( QUESTION0_0_R 1 5.132e+02 9.063e+01 3.300e+01
s>            ( - 1.876e+02 1 0)
s>            ( WDBNDRY_I 0 2.350e+02 3.867e+01 1.700e+01
s>                ( - 1.773e+02 1 0)
s>                ( WDBNDRY_B 0 1.902e+01 1.102e+01 3.000e+00
s>                    ( - 8.000e+00 1 0)
s>                    ( - 0.000e+00 1 0)))))INFO: dtree.c(1315): Comp split 6
INFO: dtree.c(1439): stop. leaf nodes are specific
INFO: dtree.c(1478): Final simple tree
|( QUESTION2 1 1.309e+03 1.171e+02 8.247e+01
|    ( - 4.389e+02 1 0)
|    ( SILENCE -1 7.530e+02 5.881e+01 5.150e+01
|        ( QUESTION0_0_R 1 6.180e+02 5.508e+01 4.350e+01
|            ( - 5.296e+02 1 0)
|            ( - 3.332e+01 1 0))
|        ( - 7.619e+01 1 0)))
s>    ( QUESTION2 1 1.309e+03 1.171e+02 8.247e+01
s>        ( - 4.389e+02 1 0)
s>        ( SILENCE -1 7.530e+02 5.881e+01 5.150e+01
s>            ( QUESTION0_0_R 1 6.180e+02 5.508e+01 4.350e+01
s>                ( - 5.296e+02 1 0)
s>                ( - 3.332e+01 1 0))
s>            ( - 7.619e+01 1 0)))INFO: dtree.c(1439): stop. leaf nodes are specific
INFO: dtree.c(1478): Final simple tree
|( QUESTION2_5_L -1 3.641e+03 2.197e+02 2.341e+02
|    ( - 2.085e+03 1 0)
|    ( QUESTION0_0_R 1 1.337e+03 1.302e+02 9.800e+01
|        ( - 3.319e+02 1 0)
|        ( QUESTION7 -1 8.747e+02 7.968e+01 6.200e+01
|            ( - 1.093e+02 1 0)
|            ( QUESTION4 -1 6.857e+02 2.584e+01 5.100e+01
|                ( - 6.370e+02 1 0)
|                ( - 2.285e+01 1 0)))))
s>    ( QUESTION2_5_L -1 3.641e+03 2.197e+02 2.341e+02
s>        ( - 2.085e+03 1 0)
s>        ( QUESTION0_0_R 1 1.337e+03 1.302e+02 9.800e+01
s>            ( - 3.319e+02 1 0)
s>            ( QUESTION7 -1 8.747e+02 7.968e+01 6.200e+01
s>                ( - 1.093e+02 1 0)
s>                ( QUESTION4 -1 6.857e+02 2.584e+01 5.100e+01
s>                    ( - 6.370e+02 1 0)
s>                    ( - 2.285e+01 1 0)))))INFO: dtree.c(1315): Comp split 7
INFO: dtree.c(1439): stop. leaf nodes are specific
INFO: dtree.c(1478): Final simple tree
|( QUESTION0_0_R 1 1.893e+03 1.537e+02 1.150e+02
|    ( - 1.423e+03 1 0)
|    ( - 3.166e+02 1 0))
s>    ( QUESTION0_0_R 1 1.893e+03 1.537e+02 1.150e+02
s>        ( - 1.423e+03 1 0)
s>        ( - 3.166e+02 1 0))INFO: dtree.c(1315): Comp split 8
INFO: dtree.c(1439): stop. leaf nodes are specific
INFO: dtree.c(1478): Final simple tree
|( QUESTION1 -1 2.923e+03 6.406e+01 1.586e+02
|    ( - 2.831e+03 2 0)
|    ( - 2.800e+01 1 0))
s>    ( QUESTION1 -1 2.923e+03 6.406e+01 1.586e+02
s>        ( - 2.831e+03 2 0)
s>        ( - 2.800e+01 1 0))INFO: dtree.c(1315): Comp split 9
INFO: dtree.c(1439): stop. leaf nodes are specific
INFO: dtree.c(1478): Final simple tree
|( QUESTION4 -1 1.134e+03 1.174e+02 8.700e+01
|    ( - 6.370e+02 1 0)
|    ( QUESTION0_0_R 1 3.796e+02 2.479e+01 4.000e+01
|        ( - 3.319e+02 1 0)
|        ( - 2.285e+01 1 0)))
s>    ( QUESTION4 -1 1.134e+03 1.174e+02 8.700e+01
s>        ( - 6.370e+02 1 0)
s>        ( QUESTION0_0_R 1 3.796e+02 2.479e+01 4.000e+01
s>            ( - 3.319e+02 1 0)
s>            ( - 2.285e+01 1 0)))INFO: dtree.c(1439): stop. leaf nodes are specific
INFO: dtree.c(1478): Final simple tree
|( QUESTION0_0_R 1 2.266e+03 7.217e+01 1.471e+02
|    ( - 2.085e+03 1 0)
|    ( - 1.093e+02 1 0))
s>    ( QUESTION0_0_R 1 2.266e+03 7.217e+01 1.471e+02
s>        ( - 2.085e+03 1 0)
s>        ( - 1.093e+02 1 0))INFO: dtree.c(1315): Comp split 10
INFO: dtree.c(1439): stop. leaf nodes are specific
INFO: dtree.c(1478): Final simple tree
|( QUESTION0_0_R 1 5.132e+02 9.063e+01 3.300e+01
|    ( - 1.876e+02 1 0)
|    ( WDBNDRY_I 0 2.350e+02 3.867e+01 1.700e+01
|        ( - 1.773e+02 1 0)
|        ( WDBNDRY_B 0 1.902e+01 1.102e+01 3.000e+00
|            ( - 8.000e+00 1 0)
|            ( - 0.000e+00 1 0))))
s>    ( QUESTION0_0_R 1 5.132e+02 9.063e+01 3.300e+01
s>        ( - 1.876e+02 1 0)
s>        ( WDBNDRY_I 0 2.350e+02 3.867e+01 1.700e+01
s>            ( - 1.773e+02 1 0)
s>            ( WDBNDRY_B 0 1.902e+01 1.102e+01 3.000e+00
s>                ( - 8.000e+00 1 0)
s>                ( - 0.000e+00 1 0))))INFO: dtree.c(1439): stop. leaf nodes are specific
INFO: dtree.c(1478): Final simple tree
|( QUESTION2_9_L -1 8.746e+02 4.227e+01 5.838e+01
|    ( - 3.732e+01 1 0)
|    ( - 7.950e+02 1 0))
s>    ( QUESTION2_9_L -1 8.746e+02 4.227e+01 5.838e+01
s>        ( - 3.732e+01 1 0)
s>        ( - 7.950e+02 1 0))INFO: dtree.c(1315): Comp split 11
INFO: dtree.c(1439): stop. leaf nodes are specific
INFO: dtree.c(1478): Final simple tree
|( WDBNDRY_B 0 4.706e+02 8.079e+01 3.000e+01
|    ( - 2.804e+02 2 0)
|    ( - 1.094e+02 1 0))
s>    ( WDBNDRY_B 0 4.706e+02 8.079e+01 3.000e+01
s>        ( - 2.804e+02 2 0)
s>        ( - 1.094e+02 1 0))INFO: dtree.c(1315): Comp split 12
INFO: dtree.c(1315): Comp split 13
INFO: dtree.c(1439): stop. leaf nodes are specific
INFO: dtree.c(1478): Final simple tree
|( QUESTION0_8_R 1 1.379e+02 3.256e+01 1.200e+01
|    ( - 7.892e+01 1 0)
|    ( QUESTION0 -1 2.642e+01 1.403e+01 4.000e+00
|        ( - 6.000e+00 1 0)
|        ( - 6.394e+00 1 0)))
s>    ( QUESTION0_8_R 1 1.379e+02 3.256e+01 1.200e+01
s>        ( - 7.892e+01 1 0)
s>        ( QUESTION0 -1 2.642e+01 1.403e+01 4.000e+00
s>            ( - 6.000e+00 1 0)
s>            ( - 6.394e+00 1 0)))INFO: dtree.c(1315): Comp split 14
INFO: dtree.c(1439): stop. leaf nodes are specific
INFO: dtree.c(1478): Final simple tree
|( SILENCE 1 1.747e+02 5.300e+01 1.400e+01
|    ( - 5.628e+01 1 0)
|    ( QUESTION2 1 6.538e+01 2.260e+01 7.000e+00
|        ( - 1.278e+01 1 0)
|        ( QUESTION0 1 3.000e+01 1.108e+01 4.000e+00
|            ( - 1.892e+01 1 0)
|            ( - 0.000e+00 1 0))))
s>    ( SILENCE 1 1.747e+02 5.300e+01 1.400e+01
s>        ( - 5.628e+01 1 0)
s>        ( QUESTION2 1 6.538e+01 2.260e+01 7.000e+00
s>            ( - 1.278e+01 1 0)
s>            ( QUESTION0 1 3.000e+01 1.108e+01 4.000e+00
s>                ( - 1.892e+01 1 0)
s>                ( - 0.000e+00 1 0))))INFO: dtree.c(1439): stop. leaf nodes are specific
INFO: dtree.c(1478): Final simple tree
|( QUESTION0_0_R 1 6.418e+02 1.983e+01 5.200e+01
|    ( - 6.220e+02 1 0)
|    ( - 0.000e+00 1 0))
s>    ( QUESTION0_0_R 1 6.418e+02 1.983e+01 5.200e+01
s>        ( - 6.220e+02 1 0)
s>        ( - 0.000e+00 1 0))INFO: dtree.c(1315): Comp split 15
INFO: dtree.c(1439): stop. leaf nodes are specific
INFO: dtree.c(1478): Final simple tree
|( QUESTION0_0_R 1 3.796e+02 2.479e+01 4.000e+01
|    ( - 3.319e+02 1 0)
|    ( - 2.285e+01 1 0))
s>    ( QUESTION0_0_R 1 3.796e+02 2.479e+01 4.000e+01
s>        ( - 3.319e+02 1 0)
s>        ( - 2.285e+01 1 0))INFO: dtree.c(1315): Comp split 16
INFO: dtree.c(1439): stop. leaf nodes are specific
INFO: dtree.c(1478): Final simple tree
|( SILENCE -1 7.530e+02 5.881e+01 5.150e+01
|    ( QUESTION0_0_R 1 6.180e+02 5.508e+01 4.350e+01
|        ( - 5.296e+02 1 0)
|        ( - 3.332e+01 1 0))
|    ( - 7.619e+01 1 0))
s>    ( SILENCE -1 7.530e+02 5.881e+01 5.150e+01
s>        ( QUESTION0_0_R 1 6.180e+02 5.508e+01 4.350e+01
s>            ( - 5.296e+02 1 0)
s>            ( - 3.332e+01 1 0))
s>        ( - 7.619e+01 1 0))INFO: dtree.c(1315): Comp split 17
INFO: dtree.c(1439): stop. leaf nodes are specific
INFO: dtree.c(1478): Final simple tree
|( WDBNDRY_I 0 2.350e+02 3.867e+01 1.700e+01
|    ( - 1.773e+02 1 0)
|    ( WDBNDRY_B 0 1.902e+01 1.102e+01 3.000e+00
|        ( - 8.000e+00 1 0)
|        ( - 0.000e+00 1 0)))
s>    ( WDBNDRY_I 0 2.350e+02 3.867e+01 1.700e+01
s>        ( - 1.773e+02 1 0)
s>        ( WDBNDRY_B 0 1.902e+01 1.102e+01 3.000e+00
s>            ( - 8.000e+00 1 0)
s>            ( - 0.000e+00 1 0)))INFO: dtree.c(1315): Comp split 18
INFO: dtree.c(1439): stop. leaf nodes are specific
INFO: dtree.c(1478): Final simple tree
|( SILENCE -1 1.382e+02 2.873e+01 1.300e+01
|    ( - 3.332e+01 1 0)
|    ( - 7.619e+01 1 0))
s>    ( SILENCE -1 1.382e+02 2.873e+01 1.300e+01
s>        ( - 3.332e+01 1 0)
s>        ( - 7.619e+01 1 0))INFO: dtree.c(1315): Comp split 19
INFO: dtree.c(1315): Comp split 20
INFO: dtree.c(1315): Comp split 21
INFO: dtree.c(1315): Comp split 22
INFO: dtree.c(1439): stop. leaf nodes are specific
INFO: dtree.c(1478): Final simple tree
|( QUESTION2 1 6.538e+01 2.260e+01 7.000e+00
|    ( - 1.278e+01 1 0)
|    ( QUESTION0 1 3.000e+01 1.108e+01 4.000e+00
|        ( - 1.892e+01 1 0)
|        ( - 0.000e+00 1 0)))
s>    ( QUESTION2 1 6.538e+01 2.260e+01 7.000e+00
s>        ( - 1.278e+01 1 0)
s>        ( QUESTION0 1 3.000e+01 1.108e+01 4.000e+00
s>            ( - 1.892e+01 1 0)
s>            ( - 0.000e+00 1 0)))INFO: dtree.c(1315): Comp split 23
INFO: dtree.c(1315): Comp split 24
INFO: dtree.c(1439): stop. leaf nodes are specific
INFO: dtree.c(1478): Final simple tree
|( WDBNDRY_B 0 1.902e+01 1.102e+01 3.000e+00
|    ( - 8.000e+00 1 0)
|    ( - 0.000e+00 1 0))
s>    ( WDBNDRY_B 0 1.902e+01 1.102e+01 3.000e+00
s>        ( - 8.000e+00 1 0)
s>        ( - 0.000e+00 1 0))INFO: dtree.c(1315): Comp split 25
INFO: dtree.c(1439): stop. leaf nodes are specific
INFO: dtree.c(1478): Final simple tree
|( QUESTION0 -1 2.642e+01 1.403e+01 4.000e+00
|    ( - 6.000e+00 1 0)
|    ( - 6.394e+00 1 0))
s>    ( QUESTION0 -1 2.642e+01 1.403e+01 4.000e+00
s>        ( - 6.000e+00 1 0)
s>        ( - 6.394e+00 1 0))INFO: dtree.c(1315): Comp split 26
INFO: dtree.c(1315): Comp split 27
INFO: dtree.c(1315): Comp split 28
INFO: dtree.c(1439): stop. leaf nodes are specific
INFO: dtree.c(1478): Final simple tree
|( QUESTION0 1 3.000e+01 1.108e+01 4.000e+00
|    ( - 1.892e+01 1 0)
|    ( - 0.000e+00 1 0))
s>    ( QUESTION0 1 3.000e+01 1.108e+01 4.000e+00
s>        ( - 1.892e+01 1 0)
s>        ( - 0.000e+00 1 0))INFO: dtree.c(1315): Comp split 29
INFO: dtree.c(1315): Comp split 30
INFO: dtree.c(1315): Comp split 31
INFO: dtree.c(1315): Comp split 32
INFO: dtree.c(1315): Comp split 33
INFO: dtree.c(1318): stop. leaf nodes are specific
Sun Mar 12 05:24:21 2017
