Current configuration:
[NAME]		[DEFLT]	[VALUE]
-allphones	no	no
-cntthresh	0.00001	1.000000e-05
-csplitmax	100	2000
-csplitmin	1	1
-csplitthr	8e-4	0.000000e+00
-example	no	no
-fullvar	no	no
-help		no	no
-meanfn			
-mixwfn			/home/gaurav/python-scripts/py/scripts/sphinx-source2/an4/model_parameters/an4.cd_ptm_untied/mixture_weights
-moddeffn		/home/gaurav/python-scripts/py/scripts/sphinx-source2/an4/model_architecture/an4.untied.mdef
-mwfloor	1e-4	1.000000e-08
-phone			AY
-psetfn			/home/gaurav/python-scripts/py/scripts/sphinx-source2/an4/model_architecture/an4.tree_questions
-ssplitmax	5	7
-ssplitmin	1	1
-ssplitthr	8e-4	0.000000e+00
-state			2
-stwt			1.0,0.05,0.0,
-treefn			/home/gaurav/python-scripts/py/scripts/sphinx-source2/an4/trees/an4.unpruned/AY-2.dtree
-ts2cbfn	.semi.	.semi.
-varfloor	0.00001	1.000000e-05
-varfn			

INFO: main.c(223): Reading: /home/gaurav/python-scripts/py/scripts/sphinx-source2/an4/model_architecture/an4.untied.mdef
INFO: model_def_io.c(573): Model definition info:
INFO: model_def_io.c(574): 1618 total models defined (34 base, 1584 tri)
INFO: model_def_io.c(575): 6472 total states
INFO: model_def_io.c(576): 4854 total tied states
INFO: model_def_io.c(577): 102 total tied CI states
INFO: model_def_io.c(578): 34 total tied transition matrices
INFO: model_def_io.c(579): 4 max state/model
INFO: model_def_io.c(580): 4 min state/model
INFO: main.c(242): Building trees for [AY AH EH s] through [AY W Z e]
INFO: main.c(269): Covering states |[480 734]| == 255
INFO: main.c(275): Reading: /home/gaurav/python-scripts/py/scripts/sphinx-source2/an4/model_parameters/an4.cd_ptm_untied/mixture_weights
INFO: s3mixw_io.c(173): Read /home/gaurav/python-scripts/py/scripts/sphinx-source2/an4/model_parameters/an4.cd_ptm_untied/mixture_weights [255x4x64 array]
INFO: main.c(311): 85 of 85 models have observation count greater than 0.000010
INFO: main.c(95): nrm stwt: 0.000 0.048 0.952 
INFO: main.c(411): 85-class entropy: 6.287539e+04
INFO: main.c(549): Reading: /home/gaurav/python-scripts/py/scripts/sphinx-source2/an4/model_architecture/an4.tree_questions
INFO: main.c(588): 180 total simple questions (172 phone; 8 word bndry)
INFO: main.c(590): 42 Left Only questions, and 42 Right Only questions
INFO: dtree.c(1478): Final simple tree
|( WDBNDRY_I 0 7.855e+04 2.659e+03 3.756e+03
|    ( QUESTION0_1_R 1 2.807e+04 1.124e+03 1.402e+03
|        ( - 1.133e+04 1 0)
|        ( - 1.562e+04 1 0))
|    ( SILENCE 1 4.782e+04 8.902e+02 2.354e+03
|        ( - 5.770e+03 5 0 WDBNDRY_E 0 1.982e+02 3.082e+02)
|        ( QUESTION6 1 4.116e+04 5.609e+02 2.046e+03
|            ( QUESTION0_11_R 1 1.792e+04 3.656e+02 9.139e+02
|                ( - 2.311e+03 10 0 QUESTION2 -1 2.412e+02 1.262e+02)
|                ( - 1.524e+04 21 0 QUESTION2_10_L -1 2.878e+02 7.877e+02))
|            ( QUESTION0_14_R 1 2.268e+04 3.597e+02 1.132e+03
|                ( - 1.179e+04 11 0 QUESTION1 -1 3.047e+02 5.972e+02)
|                ( QUESTION0_0_R 1 1.054e+04 3.175e+02 5.350e+02
|                    ( - 3.041e+03 11 0 QUESTION3 -1 1.947e+02 1.689e+02)
|                    ( - 7.177e+03 25 0 QUESTION4 -1 3.144e+02 3.661e+02))))))
s>    ( WDBNDRY_I 0 7.855e+04 2.659e+03 3.756e+03
s>        ( QUESTION0_1_R 1 2.807e+04 1.124e+03 1.402e+03
s>            ( - 1.133e+04 1 0)
s>            ( - 1.562e+04 1 0))
s>        ( SILENCE 1 4.782e+04 8.902e+02 2.354e+03
s>            ( - 5.770e+03 5 0 WDBNDRY_E 0 1.982e+02 3.082e+02)
s>            ( QUESTION6 1 4.116e+04 5.609e+02 2.046e+03
s>                ( QUESTION0_11_R 1 1.792e+04 3.656e+02 9.139e+02
s>                    ( - 2.311e+03 10 0 QUESTION2 -1 2.412e+02 1.262e+02)
s>                    ( - 1.524e+04 21 0 QUESTION2_10_L -1 2.878e+02 7.877e+02))
s>                ( QUESTION0_14_R 1 2.268e+04 3.597e+02 1.132e+03
s>                    ( - 1.179e+04 11 0 QUESTION1 -1 3.047e+02 5.972e+02)
s>                    ( QUESTION0_0_R 1 1.054e+04 3.175e+02 5.350e+02
s>                        ( - 3.041e+03 11 0 QUESTION3 -1 1.947e+02 1.689e+02)
s>                        ( - 7.177e+03 25 0 QUESTION4 -1 3.144e+02 3.661e+02))))))INFO: dtree.c(1315): Comp split 0
INFO: dtree.c(1478): Final simple tree
|( SILENCE 1 4.782e+04 8.902e+02 2.354e+03
|    ( - 5.770e+03 5 0 WDBNDRY_E 0 1.982e+02 3.082e+02)
|    ( QUESTION6 1 4.116e+04 5.609e+02 2.046e+03
|        ( QUESTION0_11_R 1 1.792e+04 3.656e+02 9.139e+02
|            ( - 2.311e+03 10 0 QUESTION2 -1 2.412e+02 1.262e+02)
|            ( - 1.524e+04 21 0 QUESTION2_10_L -1 2.878e+02 7.877e+02))
|        ( QUESTION0_14_R 1 2.268e+04 3.597e+02 1.132e+03
|            ( QUESTION1 -1 1.179e+04 3.047e+02 5.972e+02
|                ( - 3.738e+03 2 0)
|                ( - 7.745e+03 9 0 QUESTION2_2_L -1 2.940e+02 4.027e+02))
|            ( QUESTION0_0_R 1 1.054e+04 3.175e+02 5.350e+02
|                ( - 3.041e+03 11 0 QUESTION3 -1 1.947e+02 1.689e+02)
|                ( QUESTION4 -1 7.177e+03 3.144e+02 3.661e+02
|                    ( - 1.422e+03 5 0 QUESTION2_1_L -1 1.356e+02 8.601e+01)
|                    ( - 5.441e+03 20 0 QUESTION4 1 2.947e+02 2.801e+02))))))
s>    ( SILENCE 1 4.782e+04 8.902e+02 2.354e+03
s>        ( - 5.770e+03 5 0 WDBNDRY_E 0 1.982e+02 3.082e+02)
s>        ( QUESTION6 1 4.116e+04 5.609e+02 2.046e+03
s>            ( QUESTION0_11_R 1 1.792e+04 3.656e+02 9.139e+02
s>                ( - 2.311e+03 10 0 QUESTION2 -1 2.412e+02 1.262e+02)
s>                ( - 1.524e+04 21 0 QUESTION2_10_L -1 2.878e+02 7.877e+02))
s>            ( QUESTION0_14_R 1 2.268e+04 3.597e+02 1.132e+03
s>                ( QUESTION1 -1 1.179e+04 3.047e+02 5.972e+02
s>                    ( - 3.738e+03 2 0)
s>                    ( - 7.745e+03 9 0 QUESTION2_2_L -1 2.940e+02 4.027e+02))
s>                ( QUESTION0_0_R 1 1.054e+04 3.175e+02 5.350e+02
s>                    ( - 3.041e+03 11 0 QUESTION3 -1 1.947e+02 1.689e+02)
s>                    ( QUESTION4 -1 7.177e+03 3.144e+02 3.661e+02
s>                        ( - 1.422e+03 5 0 QUESTION2_1_L -1 1.356e+02 8.601e+01)
s>                        ( - 5.441e+03 20 0 QUESTION4 1 2.947e+02 2.801e+02))))))INFO: dtree.c(1439): stop. leaf nodes are specific
INFO: dtree.c(1478): Final simple tree
|( QUESTION0_1_R 1 2.807e+04 1.124e+03 1.402e+03
|    ( - 1.133e+04 1 0)
|    ( - 1.562e+04 1 0))
s>    ( QUESTION0_1_R 1 2.807e+04 1.124e+03 1.402e+03
s>        ( - 1.133e+04 1 0)
s>        ( - 1.562e+04 1 0))INFO: dtree.c(1315): Comp split 1
INFO: dtree.c(1315): Comp split 2
INFO: dtree.c(1478): Final simple tree
|( QUESTION6 1 4.116e+04 5.609e+02 2.046e+03
|    ( QUESTION0_11_R 1 1.792e+04 3.656e+02 9.139e+02
|        ( - 2.311e+03 10 0 QUESTION2 -1 2.412e+02 1.262e+02)
|        ( - 1.524e+04 21 0 QUESTION2_10_L -1 2.878e+02 7.877e+02))
|    ( QUESTION0_14_R 1 2.268e+04 3.597e+02 1.132e+03
|        ( QUESTION1 -1 1.179e+04 3.047e+02 5.972e+02
|            ( - 3.738e+03 2 0)
|            ( - 7.745e+03 9 0 QUESTION2_2_L -1 2.940e+02 4.027e+02))
|        ( QUESTION0_0_R 1 1.054e+04 3.175e+02 5.350e+02
|            ( - 3.041e+03 11 0 QUESTION3 -1 1.947e+02 1.689e+02)
|            ( QUESTION4 -1 7.177e+03 3.144e+02 3.661e+02
|                ( - 1.422e+03 5 0 QUESTION2_1_L -1 1.356e+02 8.601e+01)
|                ( QUESTION4 1 5.441e+03 2.947e+02 2.801e+02
|                    ( - 2.271e+03 8 0 QUESTION2_3_L -1 2.244e+02 1.248e+02)
|                    ( - 2.875e+03 12 0 QUESTION2 -1 1.938e+02 1.553e+02))))))
s>    ( QUESTION6 1 4.116e+04 5.609e+02 2.046e+03
s>        ( QUESTION0_11_R 1 1.792e+04 3.656e+02 9.139e+02
s>            ( - 2.311e+03 10 0 QUESTION2 -1 2.412e+02 1.262e+02)
s>            ( - 1.524e+04 21 0 QUESTION2_10_L -1 2.878e+02 7.877e+02))
s>        ( QUESTION0_14_R 1 2.268e+04 3.597e+02 1.132e+03
s>            ( QUESTION1 -1 1.179e+04 3.047e+02 5.972e+02
s>                ( - 3.738e+03 2 0)
s>                ( - 7.745e+03 9 0 QUESTION2_2_L -1 2.940e+02 4.027e+02))
s>            ( QUESTION0_0_R 1 1.054e+04 3.175e+02 5.350e+02
s>                ( - 3.041e+03 11 0 QUESTION3 -1 1.947e+02 1.689e+02)
s>                ( QUESTION4 -1 7.177e+03 3.144e+02 3.661e+02
s>                    ( - 1.422e+03 5 0 QUESTION2_1_L -1 1.356e+02 8.601e+01)
s>                    ( QUESTION4 1 5.441e+03 2.947e+02 2.801e+02
s>                        ( - 2.271e+03 8 0 QUESTION2_3_L -1 2.244e+02 1.248e+02)
s>                        ( - 2.875e+03 12 0 QUESTION2 -1 1.938e+02 1.553e+02))))))INFO: dtree.c(1439): stop. leaf nodes are specific
INFO: dtree.c(1478): Final simple tree
|( WDBNDRY_E 0 5.770e+03 1.982e+02 3.082e+02
|    ( - 4.988e+03 1 0)
|    ( QUESTION5 -1 5.840e+02 9.595e+01 4.100e+01
|        ( QUESTION6 -1 2.039e+02 5.665e+01 1.800e+01
|            ( - 9.715e+01 1 0)
|            ( - 5.012e+01 1 0))
|        ( QUESTION0 -1 2.842e+02 5.615e+01 2.300e+01
|            ( - 1.050e+02 1 0)
|            ( - 1.230e+02 1 0))))
s>    ( WDBNDRY_E 0 5.770e+03 1.982e+02 3.082e+02
s>        ( - 4.988e+03 1 0)
s>        ( QUESTION5 -1 5.840e+02 9.595e+01 4.100e+01
s>            ( QUESTION6 -1 2.039e+02 5.665e+01 1.800e+01
s>                ( - 9.715e+01 1 0)
s>                ( - 5.012e+01 1 0))
s>            ( QUESTION0 -1 2.842e+02 5.615e+01 2.300e+01
s>                ( - 1.050e+02 1 0)
s>                ( - 1.230e+02 1 0))))INFO: dtree.c(1315): Comp split 3
INFO: dtree.c(1478): Final simple tree
|( QUESTION1 -1 1.665e+04 3.211e+02 8.385e+02
|    ( - 4.199e+03 4 0 QUESTION0_8_R 1 1.907e+02 2.157e+02)
|    ( QUESTION2_2_L -1 1.213e+04 2.972e+02 6.228e+02
|        ( QUESTION16 -1 6.022e+03 2.443e+02 3.254e+02
|            ( - 1.230e+03 2 0 QUESTION0_8_R 1 7.743e+01 7.601e+01)
|            ( QUESTION0 -1 4.547e+03 2.253e+02 2.494e+02
|                ( - 2.116e+03 3 0 QUESTION0_8_R 1 8.386e+01 1.215e+02)
|                ( QUESTION0_8_R 1 2.206e+03 2.069e+02 1.279e+02
|                    ( - 9.657e+02 3 0 QUESTION0 1 1.229e+02 6.101e+01)
|                    ( - 1.033e+03 2 0 QUESTION4 -1 1.430e+02 6.684e+01))))
|        ( QUESTION4 -1 5.808e+03 2.688e+02 2.974e+02
|            ( - 1.240e+03 5 0 QUESTION0_14_R 1 1.503e+02 7.200e+01)
|            ( QUESTION0_14_R 1 4.300e+03 2.245e+02 2.254e+02
|                ( - 2.126e+03 2 0 WDBNDRY_E 0 1.283e+02 1.153e+02)
|                ( - 1.949e+03 7 0 QUESTION1 1 1.609e+02 1.101e+02)))))
s>    ( QUESTION1 -1 1.665e+04 3.211e+02 8.385e+02
s>        ( - 4.199e+03 4 0 QUESTION0_8_R 1 1.907e+02 2.157e+02)
s>        ( QUESTION2_2_L -1 1.213e+04 2.972e+02 6.228e+02
s>            ( QUESTION16 -1 6.022e+03 2.443e+02 3.254e+02
s>                ( - 1.230e+03 2 0 QUESTION0_8_R 1 7.743e+01 7.601e+01)
s>                ( QUESTION0 -1 4.547e+03 2.253e+02 2.494e+02
s>                    ( - 2.116e+03 3 0 QUESTION0_8_R 1 8.386e+01 1.215e+02)
s>                    ( QUESTION0_8_R 1 2.206e+03 2.069e+02 1.279e+02
s>                        ( - 9.657e+02 3 0 QUESTION0 1 1.229e+02 6.101e+01)
s>                        ( - 1.033e+03 2 0 QUESTION4 -1 1.430e+02 6.684e+01))))
s>            ( QUESTION4 -1 5.808e+03 2.688e+02 2.974e+02
s>                ( - 1.240e+03 5 0 QUESTION0_14_R 1 1.503e+02 7.200e+01)
s>                ( QUESTION0_14_R 1 4.300e+03 2.245e+02 2.254e+02
s>                    ( - 2.126e+03 2 0 WDBNDRY_E 0 1.283e+02 1.153e+02)
s>                    ( - 1.949e+03 7 0 QUESTION1 1 1.609e+02 1.101e+02)))))INFO: dtree.c(1478): Final simple tree
|( QUESTION2_18_L -1 2.383e+04 3.971e+02 1.208e+03
|    ( QUESTION7 1 4.596e+03 2.977e+02 2.423e+02
|        ( - 1.642e+03 4 0 QUESTION0_18_R 1 1.703e+02 9.510e+01)
|        ( - 2.656e+03 8 0 QUESTION11 1 2.159e+02 1.472e+02))
|    ( QUESTION16 -1 1.884e+04 3.088e+02 9.653e+02
|        ( QUESTION0_9_R 1 2.663e+03 2.246e+02 1.431e+02
|            ( - 1.083e+03 5 0 QUESTION7 1 1.508e+02 6.506e+01)
|            ( - 1.356e+03 3 0 QUESTION0_0_R 1 1.929e+02 7.799e+01))
|        ( QUESTION1 -1 1.587e+04 3.012e+02 8.223e+02
|            ( QUESTION8 1 1.159e+04 2.332e+02 6.024e+02
|                ( - 1.017e+03 3 0 QUESTION0_18_R 1 1.071e+02 6.396e+01)
|                ( - 1.034e+04 6 0 QUESTION5 1 2.074e+02 5.384e+02))
|            ( QUESTION0_11_R 1 3.972e+03 2.444e+02 2.199e+02
|                ( - 9.700e+02 5 0 QUESTION2_3_L -1 1.505e+02 6.000e+01)
|                ( - 2.758e+03 16 0 QUESTION0_1_R 1 1.916e+02 1.599e+02)))))
s>    ( QUESTION2_18_L -1 2.383e+04 3.971e+02 1.208e+03
s>        ( QUESTION7 1 4.596e+03 2.977e+02 2.423e+02
s>            ( - 1.642e+03 4 0 QUESTION0_18_R 1 1.703e+02 9.510e+01)
s>            ( - 2.656e+03 8 0 QUESTION11 1 2.159e+02 1.472e+02))
s>        ( QUESTION16 -1 1.884e+04 3.088e+02 9.653e+02
s>            ( QUESTION0_9_R 1 2.663e+03 2.246e+02 1.431e+02
s>                ( - 1.083e+03 5 0 QUESTION7 1 1.508e+02 6.506e+01)
s>                ( - 1.356e+03 3 0 QUESTION0_0_R 1 1.929e+02 7.799e+01))
s>            ( QUESTION1 -1 1.587e+04 3.012e+02 8.223e+02
s>                ( QUESTION8 1 1.159e+04 2.332e+02 6.024e+02
s>                    ( - 1.017e+03 3 0 QUESTION0_18_R 1 1.071e+02 6.396e+01)
s>                    ( - 1.034e+04 6 0 QUESTION5 1 2.074e+02 5.384e+02))
s>                ( QUESTION0_11_R 1 3.972e+03 2.444e+02 2.199e+02
s>                    ( - 9.700e+02 5 0 QUESTION2_3_L -1 1.505e+02 6.000e+01)
s>                    ( - 2.758e+03 16 0 QUESTION0_1_R 1 1.916e+02 1.599e+02)))))INFO: dtree.c(1315): Comp split 4
INFO: dtree.c(1478): Final simple tree
|( WDBNDRY_E 0 5.491e+03 2.997e+02 2.852e+02
|    ( QUESTION11 1 2.656e+03 2.159e+02 1.472e+02
|        ( QUESTION0_10_R 1 9.754e+02 1.795e+02 6.020e+01
|            ( - 4.472e+02 1 0)
|            ( - 3.488e+02 1 0))
|        ( QUESTION0_0_R 1 1.465e+03 1.704e+02 8.700e+01
|            ( - 2.989e+02 3 0 QUESTION0_4_R 1 6.064e+01 2.400e+01)
|            ( QUESTION0_14_R 1 9.953e+02 1.182e+02 6.300e+01
|                ( - 1.778e+02 1 0)
|                ( - 6.993e+02 2 0 QUESTION0_8_R 1 9.562e+01 4.800e+01))))
|    ( QUESTION0_0_R 1 2.535e+03 2.222e+02 1.380e+02
|        ( - 3.712e+02 1 0)
|        ( QUESTION0 -1 1.942e+03 2.056e+02 1.110e+02
|            ( - 6.070e+02 2 0 QUESTION0_12_R 1 1.100e+02 4.000e+01)
|            ( - 1.129e+03 5 0 QUESTION0_8_R 1 1.098e+02 7.097e+01))))
s>    ( WDBNDRY_E 0 5.491e+03 2.997e+02 2.852e+02
s>        ( QUESTION11 1 2.656e+03 2.159e+02 1.472e+02
s>            ( QUESTION0_10_R 1 9.754e+02 1.795e+02 6.020e+01
s>                ( - 4.472e+02 1 0)
s>                ( - 3.488e+02 1 0))
s>            ( QUESTION0_0_R 1 1.465e+03 1.704e+02 8.700e+01
s>                ( - 2.989e+02 3 0 QUESTION0_4_R 1 6.064e+01 2.400e+01)
s>                ( QUESTION0_14_R 1 9.953e+02 1.182e+02 6.300e+01
s>                    ( - 1.778e+02 1 0)
s>                    ( - 6.993e+02 2 0 QUESTION0_8_R 1 9.562e+01 4.800e+01))))
s>        ( QUESTION0_0_R 1 2.535e+03 2.222e+02 1.380e+02
s>            ( - 3.712e+02 1 0)
s>            ( QUESTION0 -1 1.942e+03 2.056e+02 1.110e+02
s>                ( - 6.070e+02 2 0 QUESTION0_12_R 1 1.100e+02 4.000e+01)
s>                ( - 1.129e+03 5 0 QUESTION0_8_R 1 1.098e+02 7.097e+01))))INFO: dtree.c(1478): Final simple tree
|( QUESTION8 1 1.782e+04 2.779e+02 9.224e+02
|    ( WDBNDRY_E 0 2.623e+03 1.962e+02 1.501e+02
|        ( - 1.005e+03 3 0 QUESTION0_18_R 1 1.434e+02 6.210e+01)
|        ( - 1.422e+03 6 0 QUESTION0_18_R 1 1.275e+02 8.796e+01))
|    ( QUESTION0 1 1.492e+04 2.583e+02 7.724e+02
|        ( - 1.894e+03 5 0 QUESTION1 -1 1.470e+02 1.099e+02)
|        ( QUESTION16 -1 1.277e+04 2.462e+02 6.624e+02
|            ( - 7.659e+02 3 0 QUESTION7 1 1.262e+02 4.906e+01)
|            ( QUESTION1 -1 1.175e+04 2.206e+02 6.134e+02
|                ( QUESTION4 1 9.502e+03 1.751e+02 4.944e+02
|                    ( - 5.184e+02 3 0 QUESTION0_8_R 1 1.104e+02 3.478e+01)
|                    ( - 8.808e+03 2 0 QUESTION0_0_R 1 4.372e+01 4.596e+02))
|                ( QUESTION2_18_L -1 2.032e+03 1.977e+02 1.190e+02
|                    ( - 4.748e+02 1 0)
|                    ( - 1.360e+03 11 0 QUESTION2_2_L -1 1.143e+02 8.600e+01))))))
s>    ( QUESTION8 1 1.782e+04 2.779e+02 9.224e+02
s>        ( WDBNDRY_E 0 2.623e+03 1.962e+02 1.501e+02
s>            ( - 1.005e+03 3 0 QUESTION0_18_R 1 1.434e+02 6.210e+01)
s>            ( - 1.422e+03 6 0 QUESTION0_18_R 1 1.275e+02 8.796e+01))
s>        ( QUESTION0 1 1.492e+04 2.583e+02 7.724e+02
s>            ( - 1.894e+03 5 0 QUESTION1 -1 1.470e+02 1.099e+02)
s>            ( QUESTION16 -1 1.277e+04 2.462e+02 6.624e+02
s>                ( - 7.659e+02 3 0 QUESTION7 1 1.262e+02 4.906e+01)
s>                ( QUESTION1 -1 1.175e+04 2.206e+02 6.134e+02
s>                    ( QUESTION4 1 9.502e+03 1.751e+02 4.944e+02
s>                        ( - 5.184e+02 3 0 QUESTION0_8_R 1 1.104e+02 3.478e+01)
s>                        ( - 8.808e+03 2 0 QUESTION0_0_R 1 4.372e+01 4.596e+02))
s>                    ( QUESTION2_18_L -1 2.032e+03 1.977e+02 1.190e+02
s>                        ( - 4.748e+02 1 0)
s>                        ( - 1.360e+03 11 0 QUESTION2_2_L -1 1.143e+02 8.600e+01))))))INFO: dtree.c(1315): Comp split 5
INFO: dtree.c(1439): stop. leaf nodes are specific
INFO: dtree.c(1478): Final simple tree
|( WDBNDRY_E 0 1.869e+03 2.025e+02 1.072e+02
|    ( QUESTION0_10_R 1 1.296e+03 1.493e+02 8.020e+01
|        ( - 4.472e+02 1 0)
|        ( QUESTION0_8_R 1 6.993e+02 9.562e+01 4.800e+01
|            ( - 2.938e+02 1 0)
|            ( - 3.099e+02 1 0)))
|    ( - 3.712e+02 1 0))
s>    ( WDBNDRY_E 0 1.869e+03 2.025e+02 1.072e+02
s>        ( QUESTION0_10_R 1 1.296e+03 1.493e+02 8.020e+01
s>            ( - 4.472e+02 1 0)
s>            ( QUESTION0_8_R 1 6.993e+02 9.562e+01 4.800e+01
s>                ( - 2.938e+02 1 0)
s>                ( - 3.099e+02 1 0)))
s>        ( - 3.712e+02 1 0))INFO: dtree.c(1478): Final simple tree
|( QUESTION10 1 3.196e+03 2.264e+02 1.780e+02
|    ( QUESTION2_3_L -1 1.356e+03 1.616e+02 8.300e+01
|        ( - 3.112e+02 1 0)
|        ( QUESTION0_14_R 1 8.829e+02 1.002e+02 5.900e+01
|            ( - 1.778e+02 1 0)
|            ( WDBNDRY_E 0 6.050e+02 7.773e+01 4.400e+01
|                ( - 3.488e+02 1 0)
|                ( - 1.785e+02 2 0 QUESTION4 -1 2.414e+01 1.600e+01))))
|    ( QUESTION0_8_R 1 1.614e+03 1.738e+02 9.497e+01
|        ( QUESTION2_9_L -1 7.918e+02 8.633e+01 5.097e+01
|            ( - 9.749e+01 1 0)
|            ( - 6.080e+02 1 0))
|        ( WDBNDRY_E 0 6.480e+02 1.032e+02 4.400e+01
|            ( - 2.989e+02 3 0 QUESTION0_4_R 1 6.064e+01 2.400e+01)
|            ( - 2.458e+02 2 0 QUESTION0 -1 4.511e+01 2.000e+01))))
s>    ( QUESTION10 1 3.196e+03 2.264e+02 1.780e+02
s>        ( QUESTION2_3_L -1 1.356e+03 1.616e+02 8.300e+01
s>            ( - 3.112e+02 1 0)
s>            ( QUESTION0_14_R 1 8.829e+02 1.002e+02 5.900e+01
s>                ( - 1.778e+02 1 0)
s>                ( WDBNDRY_E 0 6.050e+02 7.773e+01 4.400e+01
s>                    ( - 3.488e+02 1 0)
s>                    ( - 1.785e+02 2 0 QUESTION4 -1 2.414e+01 1.600e+01))))
s>        ( QUESTION0_8_R 1 1.614e+03 1.738e+02 9.497e+01
s>            ( QUESTION2_9_L -1 7.918e+02 8.633e+01 5.097e+01
s>                ( - 9.749e+01 1 0)
s>                ( - 6.080e+02 1 0))
s>            ( WDBNDRY_E 0 6.480e+02 1.032e+02 4.400e+01
s>                ( - 2.989e+02 3 0 QUESTION0_4_R 1 6.064e+01 2.400e+01)
s>                ( - 2.458e+02 2 0 QUESTION0 -1 4.511e+01 2.000e+01))))INFO: dtree.c(1315): Comp split 6
INFO: dtree.c(1478): Final simple tree
|( QUESTION2_1_L -1 8.243e+03 2.729e+02 4.315e+02
|    ( QUESTION0_8_R 1 1.406e+03 1.713e+02 8.000e+01
|        ( - 2.143e+02 3 0 QUESTION4 -1 4.986e+01 1.800e+01)
|        ( - 1.021e+03 3 0 QUESTION0_14_R 1 1.296e+02 6.200e+01))
|    ( QUESTION0 -1 6.563e+03 2.451e+02 3.515e+02
|        ( QUESTION0_14_R 1 4.113e+03 2.241e+02 2.236e+02
|            ( - 1.991e+03 2 0)
|            ( QUESTION1 1 1.897e+03 1.663e+02 1.081e+02
|                ( - 1.059e+03 2 0)
|                ( - 6.724e+02 5 0 QUESTION0_8_R 1 1.031e+02 4.400e+01)))
|        ( QUESTION0_8_R 1 2.206e+03 2.069e+02 1.279e+02
|            ( - 9.657e+02 3 0 QUESTION0 1 1.229e+02 6.101e+01)
|            ( QUESTION4 -1 1.033e+03 1.430e+02 6.684e+01
|                ( - 4.541e+02 1 0)
|                ( - 4.360e+02 1 0)))))
s>    ( QUESTION2_1_L -1 8.243e+03 2.729e+02 4.315e+02
s>        ( QUESTION0_8_R 1 1.406e+03 1.713e+02 8.000e+01
s>            ( - 2.143e+02 3 0 QUESTION4 -1 4.986e+01 1.800e+01)
s>            ( - 1.021e+03 3 0 QUESTION0_14_R 1 1.296e+02 6.200e+01))
s>        ( QUESTION0 -1 6.563e+03 2.451e+02 3.515e+02
s>            ( QUESTION0_14_R 1 4.113e+03 2.241e+02 2.236e+02
s>                ( - 1.991e+03 2 0)
s>                ( QUESTION1 1 1.897e+03 1.663e+02 1.081e+02
s>                    ( - 1.059e+03 2 0)
s>                    ( - 6.724e+02 5 0 QUESTION0_8_R 1 1.031e+02 4.400e+01)))
s>            ( QUESTION0_8_R 1 2.206e+03 2.069e+02 1.279e+02
s>                ( - 9.657e+02 3 0 QUESTION0 1 1.229e+02 6.101e+01)
s>                ( QUESTION4 -1 1.033e+03 1.430e+02 6.684e+01
s>                    ( - 4.541e+02 1 0)
s>                    ( - 4.360e+02 1 0)))))INFO: dtree.c(1439): stop. leaf nodes are specific
INFO: dtree.c(1478): Final simple tree
|( QUESTION1 -1 8.037e+03 2.867e+02 4.071e+02
|    ( QUESTION0_8_R 1 4.199e+03 1.907e+02 2.157e+02
|        ( QUESTION1 1 2.703e+02 7.543e+01 2.127e+01
|            ( - 6.898e+01 1 0)
|            ( - 1.259e+02 1 0))
|        ( - 3.738e+03 2 0))
|    ( QUESTION0 -1 3.552e+03 1.952e+02 1.913e+02
|        ( WDBNDRY_E 0 2.126e+03 1.283e+02 1.153e+02
|            ( - 1.885e+03 1 0)
|            ( - 1.130e+02 1 0))
|        ( QUESTION0_8_R 1 1.230e+03 7.743e+01 7.601e+01
|            ( - 1.110e+02 1 0)
|            ( - 1.042e+03 1 0))))
s>    ( QUESTION1 -1 8.037e+03 2.867e+02 4.071e+02
s>        ( QUESTION0_8_R 1 4.199e+03 1.907e+02 2.157e+02
s>            ( QUESTION1 1 2.703e+02 7.543e+01 2.127e+01
s>                ( - 6.898e+01 1 0)
s>                ( - 1.259e+02 1 0))
s>            ( - 3.738e+03 2 0))
s>        ( QUESTION0 -1 3.552e+03 1.952e+02 1.913e+02
s>            ( WDBNDRY_E 0 2.126e+03 1.283e+02 1.153e+02
s>                ( - 1.885e+03 1 0)
s>                ( - 1.130e+02 1 0))
s>            ( QUESTION0_8_R 1 1.230e+03 7.743e+01 7.601e+01
s>                ( - 1.110e+02 1 0)
s>                ( - 1.042e+03 1 0))))INFO: dtree.c(1315): Comp split 7
INFO: dtree.c(1478): Final simple tree
|( QUESTION1 -1 1.116e+04 2.678e+02 5.764e+02
|    ( QUESTION4 1 9.502e+03 1.751e+02 4.944e+02
|        ( QUESTION0_8_R 1 5.184e+02 1.104e+02 3.478e+01
|            ( - 1.915e+02 1 0)
|            ( - 2.165e+02 2 0))
|        ( QUESTION0_0_R 1 8.808e+03 4.372e+01 4.596e+02
|            ( - 2.800e+01 1 0)
|            ( - 8.737e+03 1 0)))
|    ( QUESTION2_9_L -1 1.388e+03 1.534e+02 8.206e+01
|        ( QUESTION0_10_R 1 5.939e+02 8.999e+01 4.006e+01
|            ( - 4.257e+02 1 0)
|            ( - 7.819e+01 1 0))
|        ( WDBNDRY_E 0 6.403e+02 8.011e+01 4.200e+01
|            ( - 4.748e+02 1 0)
|            ( - 8.537e+01 1 0))))
s>    ( QUESTION1 -1 1.116e+04 2.678e+02 5.764e+02
s>        ( QUESTION4 1 9.502e+03 1.751e+02 4.944e+02
s>            ( QUESTION0_8_R 1 5.184e+02 1.104e+02 3.478e+01
s>                ( - 1.915e+02 1 0)
s>                ( - 2.165e+02 2 0))
s>            ( QUESTION0_0_R 1 8.808e+03 4.372e+01 4.596e+02
s>                ( - 2.800e+01 1 0)
s>                ( - 8.737e+03 1 0)))
s>        ( QUESTION2_9_L -1 1.388e+03 1.534e+02 8.206e+01
s>            ( QUESTION0_10_R 1 5.939e+02 8.999e+01 4.006e+01
s>                ( - 4.257e+02 1 0)
s>                ( - 7.819e+01 1 0))
s>            ( WDBNDRY_E 0 6.403e+02 8.011e+01 4.200e+01
s>                ( - 4.748e+02 1 0)
s>                ( - 8.537e+01 1 0))))INFO: dtree.c(1478): Final simple tree
|( QUESTION0_1_R 1 6.328e+03 2.583e+02 3.460e+02
|    ( QUESTION1 -1 1.656e+03 1.353e+02 9.791e+01
|        ( - 6.659e+02 1 0)
|        ( - 8.549e+02 3 0 QUESTION0 -1 1.006e+02 5.389e+01))
|    ( QUESTION2_10_L -1 4.413e+03 2.211e+02 2.481e+02
|        ( QUESTION0_18_R 1 1.092e+03 1.488e+02 6.710e+01
|            ( - 5.356e+02 1 0)
|            ( - 4.079e+02 3 0 QUESTION0_17_R 1 7.083e+01 2.900e+01))
|        ( QUESTION8 1 3.100e+03 1.991e+02 1.810e+02
|            ( QUESTION0_18_R 1 1.422e+03 1.275e+02 8.796e+01
|                ( - 5.140e+02 3 0 SILENCE -1 6.907e+01 3.996e+01)
|                ( - 7.807e+02 3 0 QUESTION0_10_R 1 1.087e+02 4.800e+01))
|            ( QUESTION0_13_R 1 1.479e+03 1.116e+02 9.300e+01
|                ( - 4.783e+02 4 0 SILENCE -1 6.223e+01 3.400e+01)
|                ( - 8.889e+02 7 0 QUESTION0_0_R 1 9.787e+01 5.900e+01)))))
s>    ( QUESTION0_1_R 1 6.328e+03 2.583e+02 3.460e+02
s>        ( QUESTION1 -1 1.656e+03 1.353e+02 9.791e+01
s>            ( - 6.659e+02 1 0)
s>            ( - 8.549e+02 3 0 QUESTION0 -1 1.006e+02 5.389e+01))
s>        ( QUESTION2_10_L -1 4.413e+03 2.211e+02 2.481e+02
s>            ( QUESTION0_18_R 1 1.092e+03 1.488e+02 6.710e+01
s>                ( - 5.356e+02 1 0)
s>                ( - 4.079e+02 3 0 QUESTION0_17_R 1 7.083e+01 2.900e+01))
s>            ( QUESTION8 1 3.100e+03 1.991e+02 1.810e+02
s>                ( QUESTION0_18_R 1 1.422e+03 1.275e+02 8.796e+01
s>                    ( - 5.140e+02 3 0 SILENCE -1 6.907e+01 3.996e+01)
s>                    ( - 7.807e+02 3 0 QUESTION0_10_R 1 1.087e+02 4.800e+01))
s>                ( QUESTION0_13_R 1 1.479e+03 1.116e+02 9.300e+01
s>                    ( - 4.783e+02 4 0 SILENCE -1 6.223e+01 3.400e+01)
s>                    ( - 8.889e+02 7 0 QUESTION0_0_R 1 9.787e+01 5.900e+01)))))INFO: dtree.c(1315): Comp split 8
INFO: dtree.c(1478): Final simple tree
|( QUESTION0_8_R 1 2.899e+03 2.086e+02 1.581e+02
|    ( QUESTION1 1 1.949e+03 1.621e+02 1.101e+02
|        ( - 1.059e+03 2 0)
|        ( WDBNDRY_E 0 7.283e+02 1.326e+02 4.600e+01
|            ( - 2.746e+02 3 0)
|            ( QUESTION0 -1 3.212e+02 6.574e+01 2.400e+01
|                ( - 4.121e+01 1 0)
|                ( QUESTION4 -1 2.143e+02 4.986e+01 1.800e+01
|                    ( QUESTION0 1 9.631e+01 3.498e+01 1.000e+01
|                        ( - 4.357e+01 1 0)
|                        ( - 1.776e+01 1 0))
|                    ( - 6.810e+01 1 0)))))
|    ( WDBNDRY_E 0 7.408e+02 1.035e+02 4.800e+01
|        ( - 1.832e+02 1 0)
|        ( - 4.541e+02 1 0)))
s>    ( QUESTION0_8_R 1 2.899e+03 2.086e+02 1.581e+02
s>        ( QUESTION1 1 1.949e+03 1.621e+02 1.101e+02
s>            ( - 1.059e+03 2 0)
s>            ( WDBNDRY_E 0 7.283e+02 1.326e+02 4.600e+01
s>                ( - 2.746e+02 3 0)
s>                ( QUESTION0 -1 3.212e+02 6.574e+01 2.400e+01
s>                    ( - 4.121e+01 1 0)
s>                    ( QUESTION4 -1 2.143e+02 4.986e+01 1.800e+01
s>                        ( QUESTION0 1 9.631e+01 3.498e+01 1.000e+01
s>                            ( - 4.357e+01 1 0)
s>                            ( - 1.776e+01 1 0))
s>                        ( - 6.810e+01 1 0)))))
s>        ( WDBNDRY_E 0 7.408e+02 1.035e+02 4.800e+01
s>            ( - 1.832e+02 1 0)
s>            ( - 4.541e+02 1 0)))INFO: dtree.c(1439): stop. leaf nodes are specific
INFO: dtree.c(1478): Final simple tree
|( QUESTION4 -1 5.013e+03 2.564e+02 2.734e+02
|    ( QUESTION0_14_R 1 1.987e+03 2.051e+02 1.150e+02
|        ( - 6.038e+02 2 0)
|        ( QUESTION0 1 1.178e+03 9.388e+01 7.601e+01
|            ( - 2.792e+02 1 0)
|            ( QUESTION0_8_R 1 8.054e+02 9.877e+01 5.301e+01
|                ( - 4.193e+02 1 0)
|                ( - 2.874e+02 1 0))))
|    ( QUESTION0 -1 2.769e+03 1.884e+02 1.584e+02
|        ( - 1.991e+03 2 0)
|        ( QUESTION0_8_R 1 5.898e+02 9.081e+01 4.284e+01
|            ( - 6.302e+01 1 0)
|            ( - 4.360e+02 1 0))))
s>    ( QUESTION4 -1 5.013e+03 2.564e+02 2.734e+02
s>        ( QUESTION0_14_R 1 1.987e+03 2.051e+02 1.150e+02
s>            ( - 6.038e+02 2 0)
s>            ( QUESTION0 1 1.178e+03 9.388e+01 7.601e+01
s>                ( - 2.792e+02 1 0)
s>                ( QUESTION0_8_R 1 8.054e+02 9.877e+01 5.301e+01
s>                    ( - 4.193e+02 1 0)
s>                    ( - 2.874e+02 1 0))))
s>        ( QUESTION0 -1 2.769e+03 1.884e+02 1.584e+02
s>            ( - 1.991e+03 2 0)
s>            ( QUESTION0_8_R 1 5.898e+02 9.081e+01 4.284e+01
s>                ( - 6.302e+01 1 0)
s>                ( - 4.360e+02 1 0))))INFO: dtree.c(1315): Comp split 9
INFO: dtree.c(1439): stop. leaf nodes are specific
INFO: dtree.c(1478): Final simple tree
|( QUESTION7 1 1.699e+03 1.775e+02 9.984e+01
|    ( WDBNDRY_E 0 1.057e+03 1.562e+02 6.406e+01
|        ( - 4.748e+02 1 0)
|        ( - 4.257e+02 1 0))
|    ( QUESTION0_8_R 1 4.645e+02 5.895e+01 3.578e+01
|        ( - 1.915e+02 1 0)
|        ( QUESTION0_10_R 1 2.140e+02 5.046e+01 1.800e+01
|            ( - 8.537e+01 1 0)
|            ( - 7.819e+01 1 0))))
s>    ( QUESTION7 1 1.699e+03 1.775e+02 9.984e+01
s>        ( WDBNDRY_E 0 1.057e+03 1.562e+02 6.406e+01
s>            ( - 4.748e+02 1 0)
s>            ( - 4.257e+02 1 0))
s>        ( QUESTION0_8_R 1 4.645e+02 5.895e+01 3.578e+01
s>            ( - 1.915e+02 1 0)
s>            ( QUESTION0_10_R 1 2.140e+02 5.046e+01 1.800e+01
s>                ( - 8.537e+01 1 0)
s>                ( - 7.819e+01 1 0))))INFO: dtree.c(1439): stop. leaf nodes are specific
INFO: dtree.c(1478): Final simple tree
|( QUESTION0_13_R 1 9.155e+03 1.300e+02 4.766e+02
|    ( - 2.165e+02 2 0)
|    ( QUESTION0_0_R 1 8.808e+03 4.372e+01 4.596e+02
|        ( - 2.800e+01 1 0)
|        ( - 8.737e+03 1 0)))
s>    ( QUESTION0_13_R 1 9.155e+03 1.300e+02 4.766e+02
s>        ( - 2.165e+02 2 0)
s>        ( QUESTION0_0_R 1 8.808e+03 4.372e+01 4.596e+02
s>            ( - 2.800e+01 1 0)
s>            ( - 8.737e+03 1 0)))INFO: dtree.c(1315): Comp split 10
INFO: dtree.c(1478): Final simple tree
|( QUESTION7 1 2.126e+03 1.364e+02 1.330e+02
|    ( QUESTION0 -1 1.031e+03 1.005e+02 7.196e+01
|        ( - 4.043e+02 2 0 WDBNDRY_E 0 5.274e+01 3.296e+01)
|        ( QUESTION10 -1 5.262e+02 6.501e+01 3.900e+01
|            ( - 7.467e+01 1 0)
|            ( QUESTION0_10_R 1 3.865e+02 5.737e+01 3.100e+01
|                ( - 1.434e+02 2 0 SILENCE -1 3.111e+01 1.400e+01)
|                ( - 1.858e+02 2 0 SILENCE -1 4.593e+01 1.700e+01))))
|    ( QUESTION0_0_R 1 9.581e+02 1.078e+02 6.100e+01
|        ( - 1.813e+02 2 0 SILENCE -1 3.843e+01 1.600e+01)
|        ( QUESTION0_14_R 1 6.690e+02 7.384e+01 4.500e+01
|            ( SILENCE -1 3.183e+02 5.785e+01 2.400e+01
|                ( - 5.518e+01 1 0)
|                ( - 2.053e+02 2 0))
|            ( - 2.769e+02 2 0 WDBNDRY_E 0 5.124e+01 2.100e+01))))
s>    ( QUESTION7 1 2.126e+03 1.364e+02 1.330e+02
s>        ( QUESTION0 -1 1.031e+03 1.005e+02 7.196e+01
s>            ( - 4.043e+02 2 0 WDBNDRY_E 0 5.274e+01 3.296e+01)
s>            ( QUESTION10 -1 5.262e+02 6.501e+01 3.900e+01
s>                ( - 7.467e+01 1 0)
s>                ( QUESTION0_10_R 1 3.865e+02 5.737e+01 3.100e+01
s>                    ( - 1.434e+02 2 0 SILENCE -1 3.111e+01 1.400e+01)
s>                    ( - 1.858e+02 2 0 SILENCE -1 4.593e+01 1.700e+01))))
s>        ( QUESTION0_0_R 1 9.581e+02 1.078e+02 6.100e+01
s>            ( - 1.813e+02 2 0 SILENCE -1 3.843e+01 1.600e+01)
s>            ( QUESTION0_14_R 1 6.690e+02 7.384e+01 4.500e+01
s>                ( SILENCE -1 3.183e+02 5.785e+01 2.400e+01
s>                    ( - 5.518e+01 1 0)
s>                    ( - 2.053e+02 2 0))
s>                ( - 2.769e+02 2 0 WDBNDRY_E 0 5.124e+01 2.100e+01))))INFO: dtree.c(1478): Final simple tree
|( QUESTION0_0_R 1 3.899e+03 2.152e+02 2.130e+02
|    ( QUESTION1 -1 1.656e+03 1.353e+02 9.791e+01
|        ( - 6.659e+02 1 0)
|        ( QUESTION0 -1 8.549e+02 1.006e+02 5.389e+01
|            ( - 4.406e+02 1 0)
|            ( QUESTION2_1_L -1 3.137e+02 6.950e+01 2.289e+01
|                ( - 1.185e+02 1 0)
|                ( - 1.257e+02 1 0))))
|    ( QUESTION0_18_R 1 2.028e+03 1.666e+02 1.151e+02
|        ( - 5.356e+02 1 0)
|        ( QUESTION0_17_R 1 1.325e+03 1.467e+02 7.700e+01
|            ( WDBNDRY_E 0 7.665e+02 1.173e+02 4.700e+01
|                ( - 2.581e+02 1 0)
|                ( - 3.911e+02 1 0))
|            ( - 4.122e+02 4 0 QUESTION0 -1 6.360e+01 3.000e+01))))
s>    ( QUESTION0_0_R 1 3.899e+03 2.152e+02 2.130e+02
s>        ( QUESTION1 -1 1.656e+03 1.353e+02 9.791e+01
s>            ( - 6.659e+02 1 0)
s>            ( QUESTION0 -1 8.549e+02 1.006e+02 5.389e+01
s>                ( - 4.406e+02 1 0)
s>                ( QUESTION2_1_L -1 3.137e+02 6.950e+01 2.289e+01
s>                    ( - 1.185e+02 1 0)
s>                    ( - 1.257e+02 1 0))))
s>        ( QUESTION0_18_R 1 2.028e+03 1.666e+02 1.151e+02
s>            ( - 5.356e+02 1 0)
s>            ( QUESTION0_17_R 1 1.325e+03 1.467e+02 7.700e+01
s>                ( WDBNDRY_E 0 7.665e+02 1.173e+02 4.700e+01
s>                    ( - 2.581e+02 1 0)
s>                    ( - 3.911e+02 1 0))
s>                ( - 4.122e+02 4 0 QUESTION0 -1 6.360e+01 3.000e+01))))INFO: dtree.c(1315): Comp split 11
INFO: dtree.c(1439): stop. leaf nodes are specific
INFO: dtree.c(1478): Final simple tree
|( QUESTION0 -1 3.820e+03 2.073e+02 2.043e+02
|    ( WDBNDRY_E 0 2.383e+03 1.867e+02 1.283e+02
|        ( - 1.885e+03 1 0)
|        ( QUESTION0_8_R 1 3.109e+02 7.198e+01 2.429e+01
|            ( - 1.259e+02 1 0)
|            ( - 1.130e+02 1 0)))
|    ( QUESTION0_8_R 1 1.230e+03 7.743e+01 7.601e+01
|        ( - 1.110e+02 1 0)
|        ( - 1.042e+03 1 0)))
s>    ( QUESTION0 -1 3.820e+03 2.073e+02 2.043e+02
s>        ( WDBNDRY_E 0 2.383e+03 1.867e+02 1.283e+02
s>            ( - 1.885e+03 1 0)
s>            ( QUESTION0_8_R 1 3.109e+02 7.198e+01 2.429e+01
s>                ( - 1.259e+02 1 0)
s>                ( - 1.130e+02 1 0)))
s>        ( QUESTION0_8_R 1 1.230e+03 7.743e+01 7.601e+01
s>            ( - 1.110e+02 1 0)
s>            ( - 1.042e+03 1 0)))INFO: dtree.c(1439): stop. leaf nodes are specific
INFO: dtree.c(1478): Final simple tree
|( QUESTION0_8_R 1 3.920e+03 1.134e+02 2.027e+02
|    ( - 6.898e+01 1 0)
|    ( - 3.738e+03 2 0))
s>    ( QUESTION0_8_R 1 3.920e+03 1.134e+02 2.027e+02
s>        ( - 6.898e+01 1 0)
s>        ( - 3.738e+03 2 0))INFO: dtree.c(1315): Comp split 12
INFO: dtree.c(1439): stop. leaf nodes are specific
INFO: dtree.c(1478): Final simple tree
|( QUESTION0_14_R 1 3.369e+03 1.992e+02 1.916e+02
|    ( - 1.991e+03 2 0)
|    ( QUESTION0 1 1.178e+03 9.388e+01 7.601e+01
|        ( - 2.792e+02 1 0)
|        ( QUESTION0_8_R 1 8.054e+02 9.877e+01 5.301e+01
|            ( - 4.193e+02 1 0)
|            ( - 2.874e+02 1 0))))
s>    ( QUESTION0_14_R 1 3.369e+03 1.992e+02 1.916e+02
s>        ( - 1.991e+03 2 0)
s>        ( QUESTION0 1 1.178e+03 9.388e+01 7.601e+01
s>            ( - 2.792e+02 1 0)
s>            ( QUESTION0_8_R 1 8.054e+02 9.877e+01 5.301e+01
s>                ( - 4.193e+02 1 0)
s>                ( - 2.874e+02 1 0))))INFO: dtree.c(1439): stop. leaf nodes are specific
INFO: dtree.c(1478): Final simple tree
|( QUESTION4 -1 1.364e+03 1.707e+02 8.184e+01
|    ( - 6.038e+02 2 0)
|    ( QUESTION0_8_R 1 5.898e+02 9.081e+01 4.284e+01
|        ( - 6.302e+01 1 0)
|        ( - 4.360e+02 1 0)))
s>    ( QUESTION4 -1 1.364e+03 1.707e+02 8.184e+01
s>        ( - 6.038e+02 2 0)
s>        ( QUESTION0_8_R 1 5.898e+02 9.081e+01 4.284e+01
s>            ( - 6.302e+01 1 0)
s>            ( - 4.360e+02 1 0)))INFO: dtree.c(1315): Comp split 13
INFO: dtree.c(1439): stop. leaf nodes are specific
INFO: dtree.c(1478): Final simple tree
|( QUESTION2_2_L -1 2.043e+03 1.599e+02 1.179e+02
|    ( QUESTION2 -1 1.433e+03 1.267e+02 8.691e+01
|        ( - 4.406e+02 1 0)
|        ( QUESTION0 -1 8.657e+02 7.408e+01 5.591e+01
|            ( - 6.659e+02 1 0)
|            ( - 1.257e+02 1 0)))
|    ( WDBNDRY_E 0 4.503e+02 7.371e+01 3.100e+01
|        ( - 2.581e+02 1 0)
|        ( - 1.185e+02 1 0)))
s>    ( QUESTION2_2_L -1 2.043e+03 1.599e+02 1.179e+02
s>        ( QUESTION2 -1 1.433e+03 1.267e+02 8.691e+01
s>            ( - 4.406e+02 1 0)
s>            ( QUESTION0 -1 8.657e+02 7.408e+01 5.591e+01
s>                ( - 6.659e+02 1 0)
s>                ( - 1.257e+02 1 0)))
s>        ( WDBNDRY_E 0 4.503e+02 7.371e+01 3.100e+01
s>            ( - 2.581e+02 1 0)
s>            ( - 1.185e+02 1 0)))INFO: dtree.c(1439): stop. leaf nodes are specific
INFO: dtree.c(1478): Final simple tree
|( QUESTION0_17_R 1 1.615e+03 1.511e+02 9.510e+01
|    ( WDBNDRY_E 0 1.052e+03 1.249e+02 6.510e+01
|        ( - 5.356e+02 1 0)
|        ( - 3.911e+02 1 0))
|    ( QUESTION0 -1 4.122e+02 6.360e+01 3.000e+01
|        ( QUESTION1 -1 2.901e+02 4.353e+01 2.300e+01
|            ( - 1.676e+02 1 0)
|            ( WDBNDRY_E 0 7.898e+01 2.128e+01 9.000e+00
|                ( - 1.833e+01 1 0)
|                ( - 3.936e+01 1 0)))
|        ( - 5.853e+01 1 0)))
s>    ( QUESTION0_17_R 1 1.615e+03 1.511e+02 9.510e+01
s>        ( WDBNDRY_E 0 1.052e+03 1.249e+02 6.510e+01
s>            ( - 5.356e+02 1 0)
s>            ( - 3.911e+02 1 0))
s>        ( QUESTION0 -1 4.122e+02 6.360e+01 3.000e+01
s>            ( QUESTION1 -1 2.901e+02 4.353e+01 2.300e+01
s>                ( - 1.676e+02 1 0)
s>                ( WDBNDRY_E 0 7.898e+01 2.128e+01 9.000e+00
s>                    ( - 1.833e+01 1 0)
s>                    ( - 3.936e+01 1 0)))
s>            ( - 5.853e+01 1 0)))INFO: dtree.c(1315): Comp split 14
INFO: dtree.c(1439): stop. leaf nodes are specific
INFO: dtree.c(1478): Final simple tree
|( QUESTION2_3_L -1 1.532e+03 1.641e+02 9.400e+01
|    ( - 3.112e+02 1 0)
|    ( QUESTION11 1 1.057e+03 1.138e+02 7.000e+01
|        ( WDBNDRY_E 0 6.050e+02 7.773e+01 4.400e+01
|            ( - 3.488e+02 1 0)
|            ( QUESTION4 -1 1.785e+02 2.414e+01 1.600e+01
|                ( - 8.140e+01 1 0)
|                ( - 7.295e+01 1 0)))
|        ( WDBNDRY_E 0 3.383e+02 6.306e+01 2.600e+01
|            ( - 1.778e+02 1 0)
|            ( - 9.749e+01 1 0))))
s>    ( QUESTION2_3_L -1 1.532e+03 1.641e+02 9.400e+01
s>        ( - 3.112e+02 1 0)
s>        ( QUESTION11 1 1.057e+03 1.138e+02 7.000e+01
s>            ( WDBNDRY_E 0 6.050e+02 7.773e+01 4.400e+01
s>                ( - 3.488e+02 1 0)
s>                ( QUESTION4 -1 1.785e+02 2.414e+01 1.600e+01
s>                    ( - 8.140e+01 1 0)
s>                    ( - 7.295e+01 1 0)))
s>            ( WDBNDRY_E 0 3.383e+02 6.306e+01 2.600e+01
s>                ( - 1.778e+02 1 0)
s>                ( - 9.749e+01 1 0))))INFO: dtree.c(1439): stop. leaf nodes are specific
INFO: dtree.c(1478): Final simple tree
|( QUESTION0 -1 1.426e+03 1.717e+02 8.397e+01
|    ( WDBNDRY_E 0 5.788e+02 9.401e+01 4.000e+01
|        ( QUESTION0_4_R 1 2.989e+02 6.064e+01 2.400e+01
|            ( - 1.588e+02 1 0)
|            ( QUESTION0_1_R 1 7.952e+01 3.086e+01 1.000e+01
|                ( - 2.763e+01 1 0)
|                ( - 2.102e+01 1 0)))
|        ( - 1.858e+02 1 0))
|    ( QUESTION0_8_R 1 6.752e+02 5.237e+01 4.397e+01
|        ( - 6.080e+02 1 0)
|        ( - 1.488e+01 1 0)))
s>    ( QUESTION0 -1 1.426e+03 1.717e+02 8.397e+01
s>        ( WDBNDRY_E 0 5.788e+02 9.401e+01 4.000e+01
s>            ( QUESTION0_4_R 1 2.989e+02 6.064e+01 2.400e+01
s>                ( - 1.588e+02 1 0)
s>                ( QUESTION0_1_R 1 7.952e+01 3.086e+01 1.000e+01
s>                    ( - 2.763e+01 1 0)
s>                    ( - 2.102e+01 1 0)))
s>            ( - 1.858e+02 1 0))
s>        ( QUESTION0_8_R 1 6.752e+02 5.237e+01 4.397e+01
s>            ( - 6.080e+02 1 0)
s>            ( - 1.488e+01 1 0)))INFO: dtree.c(1315): Comp split 15
INFO: dtree.c(1439): stop. leaf nodes are specific
INFO: dtree.c(1478): Final simple tree
|( QUESTION0_14_R 1 8.496e+02 1.254e+02 5.400e+01
|    ( - 4.541e+02 1 0)
|    ( WDBNDRY_E 0 2.702e+02 4.578e+01 2.200e+01
|        ( - 1.832e+02 1 0)
|        ( - 4.121e+01 1 0)))
s>    ( QUESTION0_14_R 1 8.496e+02 1.254e+02 5.400e+01
s>        ( - 4.541e+02 1 0)
s>        ( WDBNDRY_E 0 2.702e+02 4.578e+01 2.200e+01
s>            ( - 1.832e+02 1 0)
s>            ( - 4.121e+01 1 0)))INFO: dtree.c(1439): stop. leaf nodes are specific
INFO: dtree.c(1478): Final simple tree
|( QUESTION2 1 1.831e+03 1.662e+02 1.041e+02
|    ( WDBNDRY_E 0 5.343e+02 1.057e+02 3.600e+01
|        ( - 2.746e+02 3 0)
|        ( QUESTION4 -1 1.541e+02 4.241e+01 1.400e+01
|            ( - 4.357e+01 1 0)
|            ( - 6.810e+01 1 0)))
|    ( WDBNDRY_E 0 1.131e+03 5.431e+01 6.808e+01
|        ( - 1.059e+03 2 0)
|        ( - 1.776e+01 1 0)))
s>    ( QUESTION2 1 1.831e+03 1.662e+02 1.041e+02
s>        ( WDBNDRY_E 0 5.343e+02 1.057e+02 3.600e+01
s>            ( - 2.746e+02 3 0)
s>            ( QUESTION4 -1 1.541e+02 4.241e+01 1.400e+01
s>                ( - 4.357e+01 1 0)
s>                ( - 6.810e+01 1 0)))
s>        ( WDBNDRY_E 0 1.131e+03 5.431e+01 6.808e+01
s>            ( - 1.059e+03 2 0)
s>            ( - 1.776e+01 1 0)))INFO: dtree.c(1315): Comp split 16
INFO: dtree.c(1439): stop. leaf nodes are specific
INFO: dtree.c(1478): Final simple tree
|( QUESTION0_8_R 1 3.109e+02 7.198e+01 2.429e+01
|    ( - 1.259e+02 1 0)
|    ( - 1.130e+02 1 0))
s>    ( QUESTION0_8_R 1 3.109e+02 7.198e+01 2.429e+01
s>        ( - 1.259e+02 1 0)
s>        ( - 1.130e+02 1 0))INFO: dtree.c(1439): stop. leaf nodes are specific
INFO: dtree.c(1478): Final simple tree
|( WDBNDRY_E 0 3.297e+03 1.813e+02 1.800e+02
|    ( - 1.885e+03 1 0)
|    ( QUESTION0_8_R 1 1.230e+03 7.743e+01 7.601e+01
|        ( - 1.110e+02 1 0)
|        ( - 1.042e+03 1 0)))
s>    ( WDBNDRY_E 0 3.297e+03 1.813e+02 1.800e+02
s>        ( - 1.885e+03 1 0)
s>        ( QUESTION0_8_R 1 1.230e+03 7.743e+01 7.601e+01
s>            ( - 1.110e+02 1 0)
s>            ( - 1.042e+03 1 0)))INFO: dtree.c(1315): Comp split 17
INFO: dtree.c(1439): stop. leaf nodes are specific
INFO: dtree.c(1478): Final simple tree
|( QUESTION0_10_R 1 1.296e+03 1.493e+02 8.020e+01
|    ( - 4.472e+02 1 0)
|    ( QUESTION0_8_R 1 6.993e+02 9.562e+01 4.800e+01
|        ( - 2.938e+02 1 0)
|        ( - 3.099e+02 1 0)))
s>    ( QUESTION0_10_R 1 1.296e+03 1.493e+02 8.020e+01
s>        ( - 4.472e+02 1 0)
s>        ( QUESTION0_8_R 1 6.993e+02 9.562e+01 4.800e+01
s>            ( - 2.938e+02 1 0)
s>            ( - 3.099e+02 1 0)))INFO: dtree.c(1315): Comp split 18
INFO: dtree.c(1439): stop. leaf nodes are specific
INFO: dtree.c(1478): Final simple tree
|( WDBNDRY_E 0 1.073e+03 1.336e+02 6.878e+01
|    ( - 4.748e+02 1 0)
|    ( QUESTION0_8_R 1 4.645e+02 5.895e+01 3.578e+01
|        ( - 1.915e+02 1 0)
|        ( QUESTION0_10_R 1 2.140e+02 5.046e+01 1.800e+01
|            ( - 8.537e+01 1 0)
|            ( - 7.819e+01 1 0))))
s>    ( WDBNDRY_E 0 1.073e+03 1.336e+02 6.878e+01
s>        ( - 4.748e+02 1 0)
s>        ( QUESTION0_8_R 1 4.645e+02 5.895e+01 3.578e+01
s>            ( - 1.915e+02 1 0)
s>            ( QUESTION0_10_R 1 2.140e+02 5.046e+01 1.800e+01
s>                ( - 8.537e+01 1 0)
s>                ( - 7.819e+01 1 0))))INFO: dtree.c(1315): Comp split 19
INFO: dtree.c(1439): stop. leaf nodes are specific
INFO: dtree.c(1478): Final simple tree
|( QUESTION0 1 1.178e+03 9.388e+01 7.601e+01
|    ( - 2.792e+02 1 0)
|    ( QUESTION0_8_R 1 8.054e+02 9.877e+01 5.301e+01
|        ( - 4.193e+02 1 0)
|        ( - 2.874e+02 1 0)))
s>    ( QUESTION0 1 1.178e+03 9.388e+01 7.601e+01
s>        ( - 2.792e+02 1 0)
s>        ( QUESTION0_8_R 1 8.054e+02 9.877e+01 5.301e+01
s>            ( - 4.193e+02 1 0)
s>            ( - 2.874e+02 1 0)))INFO: dtree.c(1315): Comp split 20
INFO: dtree.c(1439): stop. leaf nodes are specific
INFO: dtree.c(1478): Final simple tree
|( QUESTION5 -1 5.840e+02 9.595e+01 4.100e+01
|    ( QUESTION6 -1 2.039e+02 5.665e+01 1.800e+01
|        ( - 9.715e+01 1 0)
|        ( - 5.012e+01 1 0))
|    ( QUESTION0 -1 2.842e+02 5.615e+01 2.300e+01
|        ( - 1.050e+02 1 0)
|        ( - 1.230e+02 1 0)))
s>    ( QUESTION5 -1 5.840e+02 9.595e+01 4.100e+01
s>        ( QUESTION6 -1 2.039e+02 5.665e+01 1.800e+01
s>            ( - 9.715e+01 1 0)
s>            ( - 5.012e+01 1 0))
s>        ( QUESTION0 -1 2.842e+02 5.615e+01 2.300e+01
s>            ( - 1.050e+02 1 0)
s>            ( - 1.230e+02 1 0)))INFO: dtree.c(1315): Comp split 21
INFO: dtree.c(1439): stop. leaf nodes are specific
INFO: dtree.c(1478): Final simple tree
|( QUESTION0_13_R 1 6.686e+02 8.697e+01 4.600e+01
|    ( WDBNDRY_E 0 3.609e+02 4.892e+01 2.700e+01
|        ( - 1.068e+02 1 0)
|        ( - 2.053e+02 2 0))
|    ( QUESTION0_8_R 1 2.207e+02 2.713e+01 1.900e+01
|        ( - 1.189e+02 1 0)
|        ( - 7.467e+01 1 0)))
s>    ( QUESTION0_13_R 1 6.686e+02 8.697e+01 4.600e+01
s>        ( WDBNDRY_E 0 3.609e+02 4.892e+01 2.700e+01
s>            ( - 1.068e+02 1 0)
s>            ( - 2.053e+02 2 0))
s>        ( QUESTION0_8_R 1 2.207e+02 2.713e+01 1.900e+01
s>            ( - 1.189e+02 1 0)
s>            ( - 7.467e+01 1 0)))INFO: dtree.c(1478): Final simple tree
|( QUESTION0_0_R 1 1.264e+03 1.069e+02 8.696e+01
|    ( SILENCE -1 1.813e+02 3.843e+01 1.600e+01
|        ( - 2.476e+01 1 0)
|        ( - 1.181e+02 1 0))
|    ( SILENCE -1 9.754e+02 8.505e+01 7.096e+01
|        ( QUESTION0_15_R 1 2.510e+02 5.684e+01 2.100e+01
|            ( - 6.684e+01 1 0)
|            ( - 1.273e+02 2 0 QUESTION0_10_R 1 3.178e+01 1.300e+01))
|        ( WDBNDRY_E 0 6.394e+02 5.922e+01 4.996e+01
|            ( - 9.185e+01 1 0)
|            ( QUESTION0 -1 4.883e+02 5.036e+01 3.996e+01
|                ( - 2.597e+02 1 0)
|                ( QUESTION0_10_R 1 1.782e+02 3.326e+01 1.700e+01
|                    ( - 7.195e+01 1 0)
|                    ( - 7.299e+01 1 0))))))
s>    ( QUESTION0_0_R 1 1.264e+03 1.069e+02 8.696e+01
s>        ( SILENCE -1 1.813e+02 3.843e+01 1.600e+01
s>            ( - 2.476e+01 1 0)
s>            ( - 1.181e+02 1 0))
s>        ( SILENCE -1 9.754e+02 8.505e+01 7.096e+01
s>            ( QUESTION0_15_R 1 2.510e+02 5.684e+01 2.100e+01
s>                ( - 6.684e+01 1 0)
s>                ( - 1.273e+02 2 0 QUESTION0_10_R 1 3.178e+01 1.300e+01))
s>            ( WDBNDRY_E 0 6.394e+02 5.922e+01 4.996e+01
s>                ( - 9.185e+01 1 0)
s>                ( QUESTION0 -1 4.883e+02 5.036e+01 3.996e+01
s>                    ( - 2.597e+02 1 0)
s>                    ( QUESTION0_10_R 1 1.782e+02 3.326e+01 1.700e+01
s>                        ( - 7.195e+01 1 0)
s>                        ( - 7.299e+01 1 0))))))INFO: dtree.c(1315): Comp split 22
INFO: dtree.c(1439): stop. leaf nodes are specific
INFO: dtree.c(1478): Final simple tree
|( QUESTION0_8_R 1 1.230e+03 7.743e+01 7.601e+01
|    ( - 1.110e+02 1 0)
|    ( - 1.042e+03 1 0))
s>    ( QUESTION0_8_R 1 1.230e+03 7.743e+01 7.601e+01
s>        ( - 1.110e+02 1 0)
s>        ( - 1.042e+03 1 0))INFO: dtree.c(1315): Comp split 23
INFO: dtree.c(1439): stop. leaf nodes are specific
INFO: dtree.c(1478): Final simple tree
|( WDBNDRY_E 0 1.282e+03 1.024e+02 7.608e+01
|    ( - 1.059e+03 2 0)
|    ( QUESTION0 1 1.213e+02 3.548e+01 1.200e+01
|        ( - 6.810e+01 1 0)
|        ( - 1.776e+01 1 0)))
s>    ( WDBNDRY_E 0 1.282e+03 1.024e+02 7.608e+01
s>        ( - 1.059e+03 2 0)
s>        ( QUESTION0 1 1.213e+02 3.548e+01 1.200e+01
s>            ( - 6.810e+01 1 0)
s>            ( - 1.776e+01 1 0)))INFO: dtree.c(1439): stop. leaf nodes are specific
INFO: dtree.c(1478): Final simple tree
|( WDBNDRY_E 0 3.767e+02 5.861e+01 2.800e+01
|    ( - 2.746e+02 3 0)
|    ( - 4.357e+01 1 0))
s>    ( WDBNDRY_E 0 3.767e+02 5.861e+01 2.800e+01
s>        ( - 2.746e+02 3 0)
s>        ( - 4.357e+01 1 0))INFO: dtree.c(1315): Comp split 24
INFO: dtree.c(1439): stop. leaf nodes are specific
INFO: dtree.c(1478): Final simple tree
|( WDBNDRY_E 0 5.788e+02 9.401e+01 4.000e+01
|    ( QUESTION0_4_R 1 2.989e+02 6.064e+01 2.400e+01
|        ( - 1.588e+02 1 0)
|        ( QUESTION0_1_R 1 7.952e+01 3.086e+01 1.000e+01
|            ( - 2.763e+01 1 0)
|            ( - 2.102e+01 1 0)))
|    ( - 1.858e+02 1 0))
s>    ( WDBNDRY_E 0 5.788e+02 9.401e+01 4.000e+01
s>        ( QUESTION0_4_R 1 2.989e+02 6.064e+01 2.400e+01
s>            ( - 1.588e+02 1 0)
s>            ( QUESTION0_1_R 1 7.952e+01 3.086e+01 1.000e+01
s>                ( - 2.763e+01 1 0)
s>                ( - 2.102e+01 1 0)))
s>        ( - 1.858e+02 1 0))INFO: dtree.c(1439): stop. leaf nodes are specific
INFO: dtree.c(1478): Final simple tree
|( QUESTION0_8_R 1 6.752e+02 5.237e+01 4.397e+01
|    ( - 6.080e+02 1 0)
|    ( - 1.488e+01 1 0))
s>    ( QUESTION0_8_R 1 6.752e+02 5.237e+01 4.397e+01
s>        ( - 6.080e+02 1 0)
s>        ( - 1.488e+01 1 0))INFO: dtree.c(1315): Comp split 25
INFO: dtree.c(1439): stop. leaf nodes are specific
INFO: dtree.c(1478): Final simple tree
|( QUESTION0_8_R 1 5.898e+02 9.081e+01 4.284e+01
|    ( - 6.302e+01 1 0)
|    ( - 4.360e+02 1 0))
s>    ( QUESTION0_8_R 1 5.898e+02 9.081e+01 4.284e+01
s>        ( - 6.302e+01 1 0)
s>        ( - 4.360e+02 1 0))INFO: dtree.c(1315): Comp split 26
INFO: dtree.c(1439): stop. leaf nodes are specific
INFO: dtree.c(1478): Final simple tree
|( QUESTION0 -1 8.657e+02 7.408e+01 5.591e+01
|    ( - 6.659e+02 1 0)
|    ( - 1.257e+02 1 0))
s>    ( QUESTION0 -1 8.657e+02 7.408e+01 5.591e+01
s>        ( - 6.659e+02 1 0)
s>        ( - 1.257e+02 1 0))INFO: dtree.c(1439): stop. leaf nodes are specific
INFO: dtree.c(1478): Final simple tree
|( QUESTION2_2_L -1 1.011e+03 1.198e+02 6.200e+01
|    ( - 4.406e+02 1 0)
|    ( WDBNDRY_E 0 4.503e+02 7.371e+01 3.100e+01
|        ( - 2.581e+02 1 0)
|        ( - 1.185e+02 1 0)))
s>    ( QUESTION2_2_L -1 1.011e+03 1.198e+02 6.200e+01
s>        ( - 4.406e+02 1 0)
s>        ( WDBNDRY_E 0 4.503e+02 7.371e+01 3.100e+01
s>            ( - 2.581e+02 1 0)
s>            ( - 1.185e+02 1 0)))INFO: dtree.c(1315): Comp split 27
INFO: dtree.c(1439): stop. leaf nodes are specific
INFO: dtree.c(1478): Final simple tree
|( QUESTION11 1 1.057e+03 1.138e+02 7.000e+01
|    ( WDBNDRY_E 0 6.050e+02 7.773e+01 4.400e+01
|        ( - 3.488e+02 1 0)
|        ( QUESTION4 -1 1.785e+02 2.414e+01 1.600e+01
|            ( - 8.140e+01 1 0)
|            ( - 7.295e+01 1 0)))
|    ( WDBNDRY_E 0 3.383e+02 6.306e+01 2.600e+01
|        ( - 1.778e+02 1 0)
|        ( - 9.749e+01 1 0)))
s>    ( QUESTION11 1 1.057e+03 1.138e+02 7.000e+01
s>        ( WDBNDRY_E 0 6.050e+02 7.773e+01 4.400e+01
s>            ( - 3.488e+02 1 0)
s>            ( QUESTION4 -1 1.785e+02 2.414e+01 1.600e+01
s>                ( - 8.140e+01 1 0)
s>                ( - 7.295e+01 1 0)))
s>        ( WDBNDRY_E 0 3.383e+02 6.306e+01 2.600e+01
s>            ( - 1.778e+02 1 0)
s>            ( - 9.749e+01 1 0)))INFO: dtree.c(1315): Comp split 28
INFO: dtree.c(1439): stop. leaf nodes are specific
INFO: dtree.c(1478): Final simple tree
|( QUESTION0 -1 4.122e+02 6.360e+01 3.000e+01
|    ( QUESTION1 -1 2.901e+02 4.353e+01 2.300e+01
|        ( - 1.676e+02 1 0)
|        ( WDBNDRY_E 0 7.898e+01 2.128e+01 9.000e+00
|            ( - 1.833e+01 1 0)
|            ( - 3.936e+01 1 0)))
|    ( - 5.853e+01 1 0))
s>    ( QUESTION0 -1 4.122e+02 6.360e+01 3.000e+01
s>        ( QUESTION1 -1 2.901e+02 4.353e+01 2.300e+01
s>            ( - 1.676e+02 1 0)
s>            ( WDBNDRY_E 0 7.898e+01 2.128e+01 9.000e+00
s>                ( - 1.833e+01 1 0)
s>                ( - 3.936e+01 1 0)))
s>        ( - 5.853e+01 1 0))INFO: dtree.c(1439): stop. leaf nodes are specific
INFO: dtree.c(1478): Final simple tree
|( WDBNDRY_E 0 1.052e+03 1.249e+02 6.510e+01
|    ( - 5.356e+02 1 0)
|    ( - 3.911e+02 1 0))
s>    ( WDBNDRY_E 0 1.052e+03 1.249e+02 6.510e+01
s>        ( - 5.356e+02 1 0)
s>        ( - 3.911e+02 1 0))INFO: dtree.c(1315): Comp split 29
INFO: dtree.c(1439): stop. leaf nodes are specific
INFO: dtree.c(1478): Final simple tree
|( QUESTION0_8_R 1 6.993e+02 9.562e+01 4.800e+01
|    ( - 2.938e+02 1 0)
|    ( - 3.099e+02 1 0))
s>    ( QUESTION0_8_R 1 6.993e+02 9.562e+01 4.800e+01
s>        ( - 2.938e+02 1 0)
s>        ( - 3.099e+02 1 0))INFO: dtree.c(1315): Comp split 30
INFO: dtree.c(1439): stop. leaf nodes are specific
INFO: dtree.c(1478): Final simple tree
|( QUESTION0_8_R 1 4.645e+02 5.895e+01 3.578e+01
|    ( - 1.915e+02 1 0)
|    ( QUESTION0_10_R 1 2.140e+02 5.046e+01 1.800e+01
|        ( - 8.537e+01 1 0)
|        ( - 7.819e+01 1 0)))
s>    ( QUESTION0_8_R 1 4.645e+02 5.895e+01 3.578e+01
s>        ( - 1.915e+02 1 0)
s>        ( QUESTION0_10_R 1 2.140e+02 5.046e+01 1.800e+01
s>            ( - 8.537e+01 1 0)
s>            ( - 7.819e+01 1 0)))INFO: dtree.c(1315): Comp split 31
INFO: dtree.c(1439): stop. leaf nodes are specific
INFO: dtree.c(1478): Final simple tree
|( SILENCE -1 4.316e+02 7.572e+01 3.300e+01
|    ( QUESTION0_0_R 1 1.259e+02 3.431e+01 1.200e+01
|        ( - 2.476e+01 1 0)
|        ( - 6.684e+01 1 0))
|    ( QUESTION0_0_R 1 2.300e+02 3.887e+01 2.100e+01
|        ( - 1.181e+02 1 0)
|        ( - 7.299e+01 1 0)))
s>    ( SILENCE -1 4.316e+02 7.572e+01 3.300e+01
s>        ( QUESTION0_0_R 1 1.259e+02 3.431e+01 1.200e+01
s>            ( - 2.476e+01 1 0)
s>            ( - 6.684e+01 1 0))
s>        ( QUESTION0_0_R 1 2.300e+02 3.887e+01 2.100e+01
s>            ( - 1.181e+02 1 0)
s>            ( - 7.299e+01 1 0)))INFO: dtree.c(1439): stop. leaf nodes are specific
INFO: dtree.c(1478): Final simple tree
|( QUESTION0_10_R 1 6.995e+02 6.948e+01 5.396e+01
|    ( QUESTION3 -1 2.719e+02 4.613e+01 2.400e+01
|        ( - 7.195e+01 1 0)
|        ( WDBNDRY_E 0 1.538e+02 2.167e+01 1.600e+01
|            ( - 9.185e+01 1 0)
|            ( - 4.033e+01 1 0)))
|    ( SILENCE -1 3.581e+02 4.317e+01 2.996e+01
|        ( - 5.518e+01 1 0)
|        ( - 2.597e+02 1 0)))
s>    ( QUESTION0_10_R 1 6.995e+02 6.948e+01 5.396e+01
s>        ( QUESTION3 -1 2.719e+02 4.613e+01 2.400e+01
s>            ( - 7.195e+01 1 0)
s>            ( WDBNDRY_E 0 1.538e+02 2.167e+01 1.600e+01
s>                ( - 9.185e+01 1 0)
s>                ( - 4.033e+01 1 0)))
s>        ( SILENCE -1 3.581e+02 4.317e+01 2.996e+01
s>            ( - 5.518e+01 1 0)
s>            ( - 2.597e+02 1 0)))INFO: dtree.c(1315): Comp split 32
INFO: dtree.c(1439): stop. leaf nodes are specific
INFO: dtree.c(1478): Final simple tree
|( QUESTION0_0_R 1 8.808e+03 4.372e+01 4.596e+02
|    ( - 2.800e+01 1 0)
|    ( - 8.737e+03 1 0))
s>    ( QUESTION0_0_R 1 8.808e+03 4.372e+01 4.596e+02
s>        ( - 2.800e+01 1 0)
s>        ( - 8.737e+03 1 0))INFO: dtree.c(1315): Comp split 33
INFO: dtree.c(1439): stop. leaf nodes are specific
INFO: dtree.c(1478): Final simple tree
|( QUESTION0_8_R 1 6.328e+02 6.627e+01 4.600e+01
|    ( - 2.792e+02 1 0)
|    ( - 2.874e+02 1 0))
s>    ( QUESTION0_8_R 1 6.328e+02 6.627e+01 4.600e+01
s>        ( - 2.792e+02 1 0)
s>        ( - 2.874e+02 1 0))INFO: dtree.c(1315): Comp split 34
INFO: dtree.c(1439): stop. leaf nodes are specific
INFO: dtree.c(1478): Final simple tree
|( WDBNDRY_E 0 2.702e+02 4.578e+01 2.200e+01
|    ( - 1.832e+02 1 0)
|    ( - 4.121e+01 1 0))
s>    ( WDBNDRY_E 0 2.702e+02 4.578e+01 2.200e+01
s>        ( - 1.832e+02 1 0)
s>        ( - 4.121e+01 1 0))INFO: dtree.c(1315): Comp split 35
INFO: dtree.c(1315): Comp split 36
INFO: dtree.c(1439): stop. leaf nodes are specific
INFO: dtree.c(1478): Final simple tree
|( WDBNDRY_E 0 4.503e+02 7.371e+01 3.100e+01
|    ( - 2.581e+02 1 0)
|    ( - 1.185e+02 1 0))
s>    ( WDBNDRY_E 0 4.503e+02 7.371e+01 3.100e+01
s>        ( - 2.581e+02 1 0)
s>        ( - 1.185e+02 1 0))INFO: dtree.c(1315): Comp split 37
INFO: dtree.c(1439): stop. leaf nodes are specific
INFO: dtree.c(1478): Final simple tree
|( WDBNDRY_E 0 6.050e+02 7.773e+01 4.400e+01
|    ( - 3.488e+02 1 0)
|    ( QUESTION4 -1 1.785e+02 2.414e+01 1.600e+01
|        ( - 8.140e+01 1 0)
|        ( - 7.295e+01 1 0)))
s>    ( WDBNDRY_E 0 6.050e+02 7.773e+01 4.400e+01
s>        ( - 3.488e+02 1 0)
s>        ( QUESTION4 -1 1.785e+02 2.414e+01 1.600e+01
s>            ( - 8.140e+01 1 0)
s>            ( - 7.295e+01 1 0)))INFO: dtree.c(1439): stop. leaf nodes are specific
INFO: dtree.c(1478): Final simple tree
|( WDBNDRY_E 0 3.383e+02 6.306e+01 2.600e+01
|    ( - 1.778e+02 1 0)
|    ( - 9.749e+01 1 0))
s>    ( WDBNDRY_E 0 3.383e+02 6.306e+01 2.600e+01
s>        ( - 1.778e+02 1 0)
s>        ( - 9.749e+01 1 0))INFO: dtree.c(1315): Comp split 38
INFO: dtree.c(1315): Comp split 39
INFO: dtree.c(1439): stop. leaf nodes are specific
INFO: dtree.c(1478): Final simple tree
|( QUESTION0 1 1.213e+02 3.548e+01 1.200e+01
|    ( - 6.810e+01 1 0)
|    ( - 1.776e+01 1 0))
s>    ( QUESTION0 1 1.213e+02 3.548e+01 1.200e+01
s>        ( - 6.810e+01 1 0)
s>        ( - 1.776e+01 1 0))INFO: dtree.c(1315): Comp split 40
INFO: dtree.c(1439): stop. leaf nodes are specific
INFO: dtree.c(1478): Final simple tree
|( QUESTION0 -1 2.842e+02 5.615e+01 2.300e+01
|    ( - 1.050e+02 1 0)
|    ( - 1.230e+02 1 0))
s>    ( QUESTION0 -1 2.842e+02 5.615e+01 2.300e+01
s>        ( - 1.050e+02 1 0)
s>        ( - 1.230e+02 1 0))INFO: dtree.c(1439): stop. leaf nodes are specific
INFO: dtree.c(1478): Final simple tree
|( QUESTION6 -1 2.039e+02 5.665e+01 1.800e+01
|    ( - 9.715e+01 1 0)
|    ( - 5.012e+01 1 0))
s>    ( QUESTION6 -1 2.039e+02 5.665e+01 1.800e+01
s>        ( - 9.715e+01 1 0)
s>        ( - 5.012e+01 1 0))INFO: dtree.c(1315): Comp split 41
INFO: dtree.c(1315): Comp split 42
INFO: dtree.c(1439): stop. leaf nodes are specific
INFO: dtree.c(1478): Final simple tree
|( WDBNDRY_E 0 2.584e+02 5.156e+01 2.100e+01
|    ( - 2.102e+01 1 0)
|    ( - 1.858e+02 1 0))
s>    ( WDBNDRY_E 0 2.584e+02 5.156e+01 2.100e+01
s>        ( - 2.102e+01 1 0)
s>        ( - 1.858e+02 1 0))INFO: dtree.c(1439): stop. leaf nodes are specific
INFO: dtree.c(1478): Final simple tree
|( QUESTION0_1_R 1 2.254e+02 3.900e+01 1.900e+01
|    ( - 2.763e+01 1 0)
|    ( - 1.588e+02 1 0))
s>    ( QUESTION0_1_R 1 2.254e+02 3.900e+01 1.900e+01
s>        ( - 2.763e+01 1 0)
s>        ( - 1.588e+02 1 0))INFO: dtree.c(1315): Comp split 43
INFO: dtree.c(1315): Comp split 44
INFO: dtree.c(1439): stop. leaf nodes are specific
INFO: dtree.c(1478): Final simple tree
|( QUESTION0_8_R 1 2.207e+02 2.713e+01 1.900e+01
|    ( - 1.189e+02 1 0)
|    ( - 7.467e+01 1 0))
s>    ( QUESTION0_8_R 1 2.207e+02 2.713e+01 1.900e+01
s>        ( - 1.189e+02 1 0)
s>        ( - 7.467e+01 1 0))INFO: dtree.c(1439): stop. leaf nodes are specific
INFO: dtree.c(1478): Final simple tree
|( WDBNDRY_E 0 3.609e+02 4.892e+01 2.700e+01
|    ( - 1.068e+02 1 0)
|    ( - 2.053e+02 2 0))
s>    ( WDBNDRY_E 0 3.609e+02 4.892e+01 2.700e+01
s>        ( - 1.068e+02 1 0)
s>        ( - 2.053e+02 2 0))INFO: dtree.c(1315): Comp split 45
INFO: dtree.c(1439): stop. leaf nodes are specific
INFO: dtree.c(1478): Final simple tree
|( WDBNDRY_E 0 1.538e+02 2.167e+01 1.600e+01
|    ( - 9.185e+01 1 0)
|    ( - 4.033e+01 1 0))
s>    ( WDBNDRY_E 0 1.538e+02 2.167e+01 1.600e+01
s>        ( - 9.185e+01 1 0)
s>        ( - 4.033e+01 1 0))INFO: dtree.c(1439): stop. leaf nodes are specific
INFO: dtree.c(1478): Final simple tree
|( SILENCE -1 4.674e+02 4.675e+01 3.796e+01
|    ( - 5.518e+01 1 0)
|    ( QUESTION0_10_R 1 3.655e+02 3.383e+01 3.096e+01
|        ( - 7.195e+01 1 0)
|        ( - 2.597e+02 1 0)))
s>    ( SILENCE -1 4.674e+02 4.675e+01 3.796e+01
s>        ( - 5.518e+01 1 0)
s>        ( QUESTION0_10_R 1 3.655e+02 3.383e+01 3.096e+01
s>            ( - 7.195e+01 1 0)
s>            ( - 2.597e+02 1 0)))INFO: dtree.c(1315): Comp split 46
INFO: dtree.c(1439): stop. leaf nodes are specific
INFO: dtree.c(1478): Final simple tree
|( QUESTION4 -1 1.785e+02 2.414e+01 1.600e+01
|    ( - 8.140e+01 1 0)
|    ( - 7.295e+01 1 0))
s>    ( QUESTION4 -1 1.785e+02 2.414e+01 1.600e+01
s>        ( - 8.140e+01 1 0)
s>        ( - 7.295e+01 1 0))INFO: dtree.c(1315): Comp split 47
INFO: dtree.c(1315): Comp split 48
INFO: dtree.c(1439): stop. leaf nodes are specific
INFO: dtree.c(1478): Final simple tree
|( QUESTION0_0_R 1 2.300e+02 3.887e+01 2.100e+01
|    ( - 1.181e+02 1 0)
|    ( - 7.299e+01 1 0))
s>    ( QUESTION0_0_R 1 2.300e+02 3.887e+01 2.100e+01
s>        ( - 1.181e+02 1 0)
s>        ( - 7.299e+01 1 0))INFO: dtree.c(1439): stop. leaf nodes are specific
INFO: dtree.c(1478): Final simple tree
|( QUESTION0_0_R 1 1.259e+02 3.431e+01 1.200e+01
|    ( - 2.476e+01 1 0)
|    ( - 6.684e+01 1 0))
s>    ( QUESTION0_0_R 1 1.259e+02 3.431e+01 1.200e+01
s>        ( - 2.476e+01 1 0)
s>        ( - 6.684e+01 1 0))INFO: dtree.c(1315): Comp split 49
INFO: dtree.c(1315): Comp split 50
INFO: dtree.c(1315): Comp split 51
INFO: dtree.c(1315): Comp split 52
INFO: dtree.c(1439): stop. leaf nodes are specific
INFO: dtree.c(1478): Final simple tree
|( QUESTION0_10_R 1 1.347e+02 3.685e+01 1.200e+01
|    ( - 5.853e+01 1 0)
|    ( - 3.936e+01 1 0))
s>    ( QUESTION0_10_R 1 1.347e+02 3.685e+01 1.200e+01
s>        ( - 5.853e+01 1 0)
s>        ( - 3.936e+01 1 0))INFO: dtree.c(1439): stop. leaf nodes are specific
INFO: dtree.c(1478): Final simple tree
|( WDBNDRY_E 0 2.096e+02 2.369e+01 1.800e+01
|    ( - 1.833e+01 1 0)
|    ( - 1.676e+02 1 0))
s>    ( WDBNDRY_E 0 2.096e+02 2.369e+01 1.800e+01
s>        ( - 1.833e+01 1 0)
s>        ( - 1.676e+02 1 0))INFO: dtree.c(1315): Comp split 53
INFO: dtree.c(1315): Comp split 54
INFO: dtree.c(1315): Comp split 55
INFO: dtree.c(1439): stop. leaf nodes are specific
INFO: dtree.c(1478): Final simple tree
|( QUESTION0_10_R 1 2.140e+02 5.046e+01 1.800e+01
|    ( - 8.537e+01 1 0)
|    ( - 7.819e+01 1 0))
s>    ( QUESTION0_10_R 1 2.140e+02 5.046e+01 1.800e+01
s>        ( - 8.537e+01 1 0)
s>        ( - 7.819e+01 1 0))INFO: dtree.c(1315): Comp split 56
INFO: dtree.c(1315): Comp split 57
INFO: dtree.c(1315): Comp split 58
INFO: dtree.c(1315): Comp split 59
INFO: dtree.c(1315): Comp split 60
INFO: dtree.c(1315): Comp split 61
INFO: dtree.c(1315): Comp split 62
INFO: dtree.c(1315): Comp split 63
INFO: dtree.c(1439): stop. leaf nodes are specific
INFO: dtree.c(1478): Final simple tree
|( QUESTION0_10_R 1 3.655e+02 3.383e+01 3.096e+01
|    ( - 7.195e+01 1 0)
|    ( - 2.597e+02 1 0))
s>    ( QUESTION0_10_R 1 3.655e+02 3.383e+01 3.096e+01
s>        ( - 7.195e+01 1 0)
s>        ( - 2.597e+02 1 0))INFO: dtree.c(1315): Comp split 64
INFO: dtree.c(1315): Comp split 65
INFO: dtree.c(1315): Comp split 66
INFO: dtree.c(1315): Comp split 67
INFO: dtree.c(1315): Comp split 68
INFO: dtree.c(1315): Comp split 69
INFO: dtree.c(1315): Comp split 70
INFO: dtree.c(1315): Comp split 71
INFO: dtree.c(1315): Comp split 72
INFO: dtree.c(1315): Comp split 73
INFO: dtree.c(1315): Comp split 74
INFO: dtree.c(1315): Comp split 75
INFO: dtree.c(1315): Comp split 76
INFO: dtree.c(1318): stop. leaf nodes are specific
Sun Mar 12 05:24:19 2017
