Current configuration:
[NAME]		[DEFLT]	[VALUE]
-allphones	no	no
-cntthresh	0.00001	1.000000e-05
-csplitmax	100	2000
-csplitmin	1	1
-csplitthr	8e-4	0.000000e+00
-example	no	no
-fullvar	no	no
-help		no	no
-meanfn			
-mixwfn			/home/gaurav/python-scripts/py/scripts/sphinx-source2/an4/model_parameters/an4.cd_ptm_untied/mixture_weights
-moddeffn		/home/gaurav/python-scripts/py/scripts/sphinx-source2/an4/model_architecture/an4.untied.mdef
-mwfloor	1e-4	1.000000e-08
-phone			Y
-psetfn			/home/gaurav/python-scripts/py/scripts/sphinx-source2/an4/model_architecture/an4.tree_questions
-ssplitmax	5	7
-ssplitmin	1	1
-ssplitthr	8e-4	0.000000e+00
-state			0
-stwt			1.0,0.05,0.0,
-treefn			/home/gaurav/python-scripts/py/scripts/sphinx-source2/an4/trees/an4.unpruned/Y-0.dtree
-ts2cbfn	.semi.	.semi.
-varfloor	0.00001	1.000000e-05
-varfn			

INFO: main.c(223): Reading: /home/gaurav/python-scripts/py/scripts/sphinx-source2/an4/model_architecture/an4.untied.mdef
INFO: model_def_io.c(573): Model definition info:
INFO: model_def_io.c(574): 1618 total models defined (34 base, 1584 tri)
INFO: model_def_io.c(575): 6472 total states
INFO: model_def_io.c(576): 4854 total tied states
INFO: model_def_io.c(577): 102 total tied CI states
INFO: model_def_io.c(578): 34 total tied transition matrices
INFO: model_def_io.c(579): 4 max state/model
INFO: model_def_io.c(580): 4 min state/model
INFO: main.c(242): Building trees for [Y AH UW b] through [Y UW UW b]
INFO: main.c(269): Covering states |[4725 4778]| == 54
INFO: main.c(275): Reading: /home/gaurav/python-scripts/py/scripts/sphinx-source2/an4/model_parameters/an4.cd_ptm_untied/mixture_weights
INFO: s3mixw_io.c(173): Read /home/gaurav/python-scripts/py/scripts/sphinx-source2/an4/model_parameters/an4.cd_ptm_untied/mixture_weights [54x4x64 array]
INFO: main.c(311): 18 of 18 models have observation count greater than 0.000010
INFO: main.c(95): nrm stwt: 0.952 0.048 0.000 
INFO: main.c(411): 18-class entropy: 2.742761e+04
INFO: main.c(549): Reading: /home/gaurav/python-scripts/py/scripts/sphinx-source2/an4/model_architecture/an4.tree_questions
INFO: main.c(588): 180 total simple questions (172 phone; 8 word bndry)
INFO: main.c(590): 42 Left Only questions, and 42 Right Only questions
INFO: dtree.c(1478): Final simple tree
|( QUESTION1 -1 3.426e+04 1.649e+03 1.593e+03
|    ( - 9.201e+03 2 0)
|    ( QUESTION2_3_L -1 2.341e+04 1.274e+03 1.081e+03
|        ( WDBNDRY_B 0 1.064e+04 5.866e+02 5.121e+02
|            ( - 3.623e+03 3 0)
|            ( - 6.431e+03 1 0))
|        ( WDBNDRY_B 0 1.149e+04 7.669e+02 5.690e+02
|            ( SILENCE -1 8.552e+03 4.397e+02 4.361e+02
|                ( - 2.961e+03 2 0 QUESTION0_0_R 1 1.312e+02 1.716e+02)
|                ( QUESTION16 -1 5.151e+03 3.441e+02 2.645e+02
|                    ( - 6.725e+02 2 0 QUESTION2_9_L -1 1.036e+02 4.500e+01)
|                    ( QUESTION2_1_L -1 4.134e+03 2.666e+02 2.195e+02
|                        ( - 1.597e+03 2 0 QUESTION4 -1 1.601e+02 9.289e+01)
|                        ( - 2.271e+03 4 0 QUESTION0 -1 2.216e+02 1.266e+02))))
|            ( - 2.174e+03 2 0 QUESTION4 -1 8.359e+01 1.329e+02))))
s>    ( QUESTION1 -1 3.426e+04 1.649e+03 1.593e+03
s>        ( - 9.201e+03 2 0)
s>        ( QUESTION2_3_L -1 2.341e+04 1.274e+03 1.081e+03
s>            ( WDBNDRY_B 0 1.064e+04 5.866e+02 5.121e+02
s>                ( - 3.623e+03 3 0)
s>                ( - 6.431e+03 1 0))
s>            ( WDBNDRY_B 0 1.149e+04 7.669e+02 5.690e+02
s>                ( SILENCE -1 8.552e+03 4.397e+02 4.361e+02
s>                    ( - 2.961e+03 2 0 QUESTION0_0_R 1 1.312e+02 1.716e+02)
s>                    ( QUESTION16 -1 5.151e+03 3.441e+02 2.645e+02
s>                        ( - 6.725e+02 2 0 QUESTION2_9_L -1 1.036e+02 4.500e+01)
s>                        ( QUESTION2_1_L -1 4.134e+03 2.666e+02 2.195e+02
s>                            ( - 1.597e+03 2 0 QUESTION4 -1 1.601e+02 9.289e+01)
s>                            ( - 2.271e+03 4 0 QUESTION0 -1 2.216e+02 1.266e+02))))
s>                ( - 2.174e+03 2 0 QUESTION4 -1 8.359e+01 1.329e+02))))INFO: dtree.c(1315): Comp split 0
INFO: dtree.c(1439): stop. leaf nodes are specific
INFO: dtree.c(1478): Final simple tree
|( QUESTION6 -1 1.467e+04 8.753e+02 6.900e+02
|    ( - 2.041e+03 1 0)
|    ( WDBNDRY_B 0 1.176e+04 6.110e+02 5.631e+02
|        ( QUESTION0 -1 4.558e+03 2.621e+02 2.351e+02
|            ( - 3.623e+03 3 0)
|            ( QUESTION2_9_L -1 6.725e+02 1.036e+02 4.500e+01
|                ( - 4.471e+02 1 0)
|                ( - 1.217e+02 1 0)))
|        ( QUESTION0 -1 6.588e+03 1.082e+02 3.280e+02
|            ( - 6.431e+03 1 0)
|            ( - 4.936e+01 1 0))))
s>    ( QUESTION6 -1 1.467e+04 8.753e+02 6.900e+02
s>        ( - 2.041e+03 1 0)
s>        ( WDBNDRY_B 0 1.176e+04 6.110e+02 5.631e+02
s>            ( QUESTION0 -1 4.558e+03 2.621e+02 2.351e+02
s>                ( - 3.623e+03 3 0)
s>                ( QUESTION2_9_L -1 6.725e+02 1.036e+02 4.500e+01
s>                    ( - 4.471e+02 1 0)
s>                    ( - 1.217e+02 1 0)))
s>            ( QUESTION0 -1 6.588e+03 1.082e+02 3.280e+02
s>                ( - 6.431e+03 1 0)
s>                ( - 4.936e+01 1 0))))INFO: dtree.c(1478): Final simple tree
|( QUESTION1 -1 1.786e+04 1.170e+03 9.027e+02
|    ( - 9.201e+03 2 0)
|    ( SILENCE -1 7.485e+03 3.896e+02 3.911e+02
|        ( QUESTION0_0_R 1 2.961e+03 1.312e+02 1.716e+02
|            ( - 2.071e+02 1 0)
|            ( - 2.623e+03 1 0))
|        ( QUESTION2_1_L -1 4.134e+03 2.666e+02 2.195e+02
|            ( QUESTION4 -1 1.597e+03 1.601e+02 9.289e+01
|                ( - 5.220e+02 1 0)
|                ( - 9.145e+02 1 0))
|            ( QUESTION0 -1 2.271e+03 2.216e+02 1.266e+02
|                ( QUESTION2_12_L -1 9.200e+02 1.535e+02 5.873e+01
|                    ( - 5.175e+02 1 0)
|                    ( - 2.490e+02 1 0))
|                ( - 1.130e+03 2 0 QUESTION4 -1 1.038e+02 6.785e+01)))))
s>    ( QUESTION1 -1 1.786e+04 1.170e+03 9.027e+02
s>        ( - 9.201e+03 2 0)
s>        ( SILENCE -1 7.485e+03 3.896e+02 3.911e+02
s>            ( QUESTION0_0_R 1 2.961e+03 1.312e+02 1.716e+02
s>                ( - 2.071e+02 1 0)
s>                ( - 2.623e+03 1 0))
s>            ( QUESTION2_1_L -1 4.134e+03 2.666e+02 2.195e+02
s>                ( QUESTION4 -1 1.597e+03 1.601e+02 9.289e+01
s>                    ( - 5.220e+02 1 0)
s>                    ( - 9.145e+02 1 0))
s>                ( QUESTION0 -1 2.271e+03 2.216e+02 1.266e+02
s>                    ( QUESTION2_12_L -1 9.200e+02 1.535e+02 5.873e+01
s>                        ( - 5.175e+02 1 0)
s>                        ( - 2.490e+02 1 0))
s>                    ( - 1.130e+03 2 0 QUESTION4 -1 1.038e+02 6.785e+01)))))INFO: dtree.c(1315): Comp split 1
INFO: dtree.c(1478): Final simple tree
|( SILENCE -1 7.485e+03 3.896e+02 3.911e+02
|    ( QUESTION0_0_R 1 2.961e+03 1.312e+02 1.716e+02
|        ( - 2.071e+02 1 0)
|        ( - 2.623e+03 1 0))
|    ( QUESTION2_1_L -1 4.134e+03 2.666e+02 2.195e+02
|        ( QUESTION4 -1 1.597e+03 1.601e+02 9.289e+01
|            ( - 5.220e+02 1 0)
|            ( - 9.145e+02 1 0))
|        ( QUESTION0 -1 2.271e+03 2.216e+02 1.266e+02
|            ( QUESTION2_12_L -1 9.200e+02 1.535e+02 5.873e+01
|                ( - 5.175e+02 1 0)
|                ( - 2.490e+02 1 0))
|            ( QUESTION4 -1 1.130e+03 1.038e+02 6.785e+01
|                ( - 8.239e+02 1 0)
|                ( - 2.020e+02 1 0)))))
s>    ( SILENCE -1 7.485e+03 3.896e+02 3.911e+02
s>        ( QUESTION0_0_R 1 2.961e+03 1.312e+02 1.716e+02
s>            ( - 2.071e+02 1 0)
s>            ( - 2.623e+03 1 0))
s>        ( QUESTION2_1_L -1 4.134e+03 2.666e+02 2.195e+02
s>            ( QUESTION4 -1 1.597e+03 1.601e+02 9.289e+01
s>                ( - 5.220e+02 1 0)
s>                ( - 9.145e+02 1 0))
s>            ( QUESTION0 -1 2.271e+03 2.216e+02 1.266e+02
s>                ( QUESTION2_12_L -1 9.200e+02 1.535e+02 5.873e+01
s>                    ( - 5.175e+02 1 0)
s>                    ( - 2.490e+02 1 0))
s>                ( QUESTION4 -1 1.130e+03 1.038e+02 6.785e+01
s>                    ( - 8.239e+02 1 0)
s>                    ( - 2.020e+02 1 0)))))INFO: dtree.c(1315): Comp split 2
INFO: dtree.c(1439): stop. leaf nodes are specific
INFO: dtree.c(1478): Final simple tree
|( WDBNDRY_B 0 1.161e+04 6.189e+02 5.571e+02
|    ( QUESTION0 -1 4.558e+03 2.621e+02 2.351e+02
|        ( - 3.623e+03 3 0)
|        ( QUESTION2_9_L -1 6.725e+02 1.036e+02 4.500e+01
|            ( - 4.471e+02 1 0)
|            ( - 1.217e+02 1 0)))
|    ( - 6.431e+03 1 0))
s>    ( WDBNDRY_B 0 1.161e+04 6.189e+02 5.571e+02
s>        ( QUESTION0 -1 4.558e+03 2.621e+02 2.351e+02
s>            ( - 3.623e+03 3 0)
s>            ( QUESTION2_9_L -1 6.725e+02 1.036e+02 4.500e+01
s>                ( - 4.471e+02 1 0)
s>                ( - 1.217e+02 1 0)))
s>        ( - 6.431e+03 1 0))INFO: dtree.c(1439): stop. leaf nodes are specific
INFO: dtree.c(1478): Final simple tree
|( QUESTION4 -1 2.174e+03 8.359e+01 1.329e+02
|    ( - 4.936e+01 1 0)
|    ( - 2.041e+03 1 0))
s>    ( QUESTION4 -1 2.174e+03 8.359e+01 1.329e+02
s>        ( - 4.936e+01 1 0)
s>        ( - 2.041e+03 1 0))INFO: dtree.c(1315): Comp split 3
INFO: dtree.c(1439): stop. leaf nodes are specific
INFO: dtree.c(1478): Final simple tree
|( QUESTION0 -1 4.558e+03 2.621e+02 2.351e+02
|    ( - 3.623e+03 3 0)
|    ( QUESTION2_9_L -1 6.725e+02 1.036e+02 4.500e+01
|        ( - 4.471e+02 1 0)
|        ( - 1.217e+02 1 0)))
s>    ( QUESTION0 -1 4.558e+03 2.621e+02 2.351e+02
s>        ( - 3.623e+03 3 0)
s>        ( QUESTION2_9_L -1 6.725e+02 1.036e+02 4.500e+01
s>            ( - 4.471e+02 1 0)
s>            ( - 1.217e+02 1 0)))INFO: dtree.c(1315): Comp split 4
INFO: dtree.c(1439): stop. leaf nodes are specific
INFO: dtree.c(1478): Final simple tree
|( QUESTION2_1_L -1 4.134e+03 2.666e+02 2.195e+02
|    ( QUESTION4 -1 1.597e+03 1.601e+02 9.289e+01
|        ( - 5.220e+02 1 0)
|        ( - 9.145e+02 1 0))
|    ( QUESTION0 -1 2.271e+03 2.216e+02 1.266e+02
|        ( QUESTION2_12_L -1 9.200e+02 1.535e+02 5.873e+01
|            ( - 5.175e+02 1 0)
|            ( - 2.490e+02 1 0))
|        ( QUESTION4 -1 1.130e+03 1.038e+02 6.785e+01
|            ( - 8.239e+02 1 0)
|            ( - 2.020e+02 1 0))))
s>    ( QUESTION2_1_L -1 4.134e+03 2.666e+02 2.195e+02
s>        ( QUESTION4 -1 1.597e+03 1.601e+02 9.289e+01
s>            ( - 5.220e+02 1 0)
s>            ( - 9.145e+02 1 0))
s>        ( QUESTION0 -1 2.271e+03 2.216e+02 1.266e+02
s>            ( QUESTION2_12_L -1 9.200e+02 1.535e+02 5.873e+01
s>                ( - 5.175e+02 1 0)
s>                ( - 2.490e+02 1 0))
s>            ( QUESTION4 -1 1.130e+03 1.038e+02 6.785e+01
s>                ( - 8.239e+02 1 0)
s>                ( - 2.020e+02 1 0))))INFO: dtree.c(1439): stop. leaf nodes are specific
INFO: dtree.c(1478): Final simple tree
|( QUESTION0_0_R 1 2.961e+03 1.312e+02 1.716e+02
|    ( - 2.071e+02 1 0)
|    ( - 2.623e+03 1 0))
s>    ( QUESTION0_0_R 1 2.961e+03 1.312e+02 1.716e+02
s>        ( - 2.071e+02 1 0)
s>        ( - 2.623e+03 1 0))INFO: dtree.c(1315): Comp split 5
INFO: dtree.c(1439): stop. leaf nodes are specific
INFO: dtree.c(1478): Final simple tree
|( QUESTION0 -1 1.527e+03 1.860e+02 9.073e+01
|    ( - 5.175e+02 1 0)
|    ( - 8.239e+02 1 0))
s>    ( QUESTION0 -1 1.527e+03 1.860e+02 9.073e+01
s>        ( - 5.175e+02 1 0)
s>        ( - 8.239e+02 1 0))INFO: dtree.c(1439): stop. leaf nodes are specific
INFO: dtree.c(1478): Final simple tree
|( QUESTION5 -1 2.316e+03 1.967e+02 1.287e+02
|    ( QUESTION7 -1 1.224e+03 1.079e+02 7.374e+01
|        ( - 9.145e+02 1 0)
|        ( - 2.020e+02 1 0))
|    ( QUESTION0 -1 8.949e+02 1.239e+02 5.500e+01
|        ( - 2.490e+02 1 0)
|        ( - 5.220e+02 1 0)))
s>    ( QUESTION5 -1 2.316e+03 1.967e+02 1.287e+02
s>        ( QUESTION7 -1 1.224e+03 1.079e+02 7.374e+01
s>            ( - 9.145e+02 1 0)
s>            ( - 2.020e+02 1 0))
s>        ( QUESTION0 -1 8.949e+02 1.239e+02 5.500e+01
s>            ( - 2.490e+02 1 0)
s>            ( - 5.220e+02 1 0)))INFO: dtree.c(1315): Comp split 6
INFO: dtree.c(1439): stop. leaf nodes are specific
INFO: dtree.c(1478): Final simple tree
|( QUESTION2_9_L -1 6.725e+02 1.036e+02 4.500e+01
|    ( - 4.471e+02 1 0)
|    ( - 1.217e+02 1 0))
s>    ( QUESTION2_9_L -1 6.725e+02 1.036e+02 4.500e+01
s>        ( - 4.471e+02 1 0)
s>        ( - 1.217e+02 1 0))INFO: dtree.c(1315): Comp split 7
INFO: dtree.c(1439): stop. leaf nodes are specific
INFO: dtree.c(1478): Final simple tree
|( QUESTION0 -1 8.949e+02 1.239e+02 5.500e+01
|    ( - 2.490e+02 1 0)
|    ( - 5.220e+02 1 0))
s>    ( QUESTION0 -1 8.949e+02 1.239e+02 5.500e+01
s>        ( - 2.490e+02 1 0)
s>        ( - 5.220e+02 1 0))INFO: dtree.c(1439): stop. leaf nodes are specific
INFO: dtree.c(1478): Final simple tree
|( QUESTION7 -1 1.224e+03 1.079e+02 7.374e+01
|    ( - 9.145e+02 1 0)
|    ( - 2.020e+02 1 0))
s>    ( QUESTION7 -1 1.224e+03 1.079e+02 7.374e+01
s>        ( - 9.145e+02 1 0)
s>        ( - 2.020e+02 1 0))INFO: dtree.c(1315): Comp split 8
INFO: dtree.c(1315): Comp split 9
INFO: dtree.c(1315): Comp split 10
INFO: dtree.c(1315): Comp split 11
INFO: dtree.c(1315): Comp split 12
INFO: dtree.c(1315): Comp split 13
INFO: dtree.c(1315): Comp split 14
INFO: dtree.c(1318): stop. leaf nodes are specific
Sun Mar 12 05:25:09 2017
