Current configuration:
[NAME]		[DEFLT]	[VALUE]
-allphones	no	no
-cntthresh	0.00001	1.000000e-05
-csplitmax	100	2000
-csplitmin	1	1
-csplitthr	8e-4	0.000000e+00
-example	no	no
-fullvar	no	no
-help		no	no
-meanfn			
-mixwfn			/home/gaurav/python-scripts/py/scripts/sphinx-source2/an4/model_parameters/an4.cd_ptm_untied/mixture_weights
-moddeffn		/home/gaurav/python-scripts/py/scripts/sphinx-source2/an4/model_architecture/an4.untied.mdef
-mwfloor	1e-4	1.000000e-08
-phone			EY
-psetfn			/home/gaurav/python-scripts/py/scripts/sphinx-source2/an4/model_architecture/an4.tree_questions
-ssplitmax	5	7
-ssplitmin	1	1
-ssplitthr	8e-4	0.000000e+00
-state			0
-stwt			1.0,0.05,0.0,
-treefn			/home/gaurav/python-scripts/py/scripts/sphinx-source2/an4/trees/an4.unpruned/EY-0.dtree
-ts2cbfn	.semi.	.semi.
-varfloor	0.00001	1.000000e-05
-varfn			

INFO: main.c(223): Reading: /home/gaurav/python-scripts/py/scripts/sphinx-source2/an4/model_architecture/an4.untied.mdef
INFO: model_def_io.c(573): Model definition info:
INFO: model_def_io.c(574): 1618 total models defined (34 base, 1584 tri)
INFO: model_def_io.c(575): 6472 total states
INFO: model_def_io.c(576): 4854 total tied states
INFO: model_def_io.c(577): 102 total tied CI states
INFO: model_def_io.c(578): 34 total tied transition matrices
INFO: model_def_io.c(579): 4 max state/model
INFO: model_def_io.c(580): 4 min state/model
INFO: main.c(242): Building trees for [EY AH CH b] through [EY V T b]
INFO: main.c(269): Covering states |[1326 1535]| == 210
INFO: main.c(275): Reading: /home/gaurav/python-scripts/py/scripts/sphinx-source2/an4/model_parameters/an4.cd_ptm_untied/mixture_weights
INFO: s3mixw_io.c(173): Read /home/gaurav/python-scripts/py/scripts/sphinx-source2/an4/model_parameters/an4.cd_ptm_untied/mixture_weights [210x4x64 array]
INFO: main.c(311): 70 of 70 models have observation count greater than 0.000010
INFO: main.c(95): nrm stwt: 0.952 0.048 0.000 
INFO: main.c(411): 70-class entropy: 5.348127e+04
INFO: main.c(549): Reading: /home/gaurav/python-scripts/py/scripts/sphinx-source2/an4/model_architecture/an4.tree_questions
INFO: main.c(588): 180 total simple questions (172 phone; 8 word bndry)
INFO: main.c(590): 42 Left Only questions, and 42 Right Only questions
INFO: dtree.c(1478): Final simple tree
|( WDBNDRY_B 0 6.915e+04 2.226e+03 3.115e+03
|    ( QUESTION1 -1 5.364e+04 1.180e+03 2.460e+03
|        ( QUESTION0_11_R 1 2.227e+04 5.911e+02 1.044e+03
|            ( - 1.492e+04 2 0)
|            ( - 6.762e+03 2 0))
|        ( QUESTION0 -1 3.019e+04 6.889e+02 1.416e+03
|            ( QUESTION2_0_L -1 8.755e+03 4.386e+02 4.280e+02
|                ( - 5.596e+03 6 0 QUESTION0_11_R 1 2.455e+02 2.851e+02)
|                ( - 2.720e+03 3 0 QUESTION2_12_L -1 2.747e+02 1.429e+02))
|            ( QUESTION17 -1 2.074e+04 4.978e+02 9.876e+02
|                ( - 2.536e+03 1 0)
|                ( - 1.771e+04 18 0 SILENCE -1 4.203e+02 8.454e+02))))
|    ( QUESTION7 -1 1.329e+04 9.973e+02 6.558e+02
|        ( - 7.168e+03 19 0 QUESTION0 1 2.345e+02 3.804e+02)
|        ( - 5.123e+03 19 0 WDBNDRY_E 0 3.523e+02 2.754e+02)))
s>    ( WDBNDRY_B 0 6.915e+04 2.226e+03 3.115e+03
s>        ( QUESTION1 -1 5.364e+04 1.180e+03 2.460e+03
s>            ( QUESTION0_11_R 1 2.227e+04 5.911e+02 1.044e+03
s>                ( - 1.492e+04 2 0)
s>                ( - 6.762e+03 2 0))
s>            ( QUESTION0 -1 3.019e+04 6.889e+02 1.416e+03
s>                ( QUESTION2_0_L -1 8.755e+03 4.386e+02 4.280e+02
s>                    ( - 5.596e+03 6 0 QUESTION0_11_R 1 2.455e+02 2.851e+02)
s>                    ( - 2.720e+03 3 0 QUESTION2_12_L -1 2.747e+02 1.429e+02))
s>                ( QUESTION17 -1 2.074e+04 4.978e+02 9.876e+02
s>                    ( - 2.536e+03 1 0)
s>                    ( - 1.771e+04 18 0 SILENCE -1 4.203e+02 8.454e+02))))
s>        ( QUESTION7 -1 1.329e+04 9.973e+02 6.558e+02
s>            ( - 7.168e+03 19 0 QUESTION0 1 2.345e+02 3.804e+02)
s>            ( - 5.123e+03 19 0 WDBNDRY_E 0 3.523e+02 2.754e+02)))INFO: dtree.c(1315): Comp split 0
INFO: dtree.c(1478): Final simple tree
|( QUESTION1 -1 5.364e+04 1.180e+03 2.460e+03
|    ( QUESTION0_11_R 1 2.227e+04 5.911e+02 1.044e+03
|        ( - 1.492e+04 2 0)
|        ( - 6.762e+03 2 0))
|    ( QUESTION0 -1 3.019e+04 6.889e+02 1.416e+03
|        ( QUESTION2_0_L -1 8.755e+03 4.386e+02 4.280e+02
|            ( - 5.596e+03 6 0 QUESTION0_11_R 1 2.455e+02 2.851e+02)
|            ( - 2.720e+03 3 0 QUESTION2_12_L -1 2.747e+02 1.429e+02))
|        ( QUESTION17 -1 2.074e+04 4.978e+02 9.876e+02
|            ( - 2.536e+03 1 0)
|            ( SILENCE -1 1.771e+04 4.203e+02 8.454e+02
|                ( - 4.179e+03 3 0 QUESTION7 1 2.247e+02 2.274e+02)
|                ( QUESTION6 -1 1.311e+04 3.639e+02 6.181e+02
|                    ( - 1.933e+03 4 0 QUESTION0_11_R 1 1.821e+02 1.024e+02)
|                    ( - 1.081e+04 11 0 QUESTION2_1_L -1 3.416e+02 5.157e+02))))))
s>    ( QUESTION1 -1 5.364e+04 1.180e+03 2.460e+03
s>        ( QUESTION0_11_R 1 2.227e+04 5.911e+02 1.044e+03
s>            ( - 1.492e+04 2 0)
s>            ( - 6.762e+03 2 0))
s>        ( QUESTION0 -1 3.019e+04 6.889e+02 1.416e+03
s>            ( QUESTION2_0_L -1 8.755e+03 4.386e+02 4.280e+02
s>                ( - 5.596e+03 6 0 QUESTION0_11_R 1 2.455e+02 2.851e+02)
s>                ( - 2.720e+03 3 0 QUESTION2_12_L -1 2.747e+02 1.429e+02))
s>            ( QUESTION17 -1 2.074e+04 4.978e+02 9.876e+02
s>                ( - 2.536e+03 1 0)
s>                ( SILENCE -1 1.771e+04 4.203e+02 8.454e+02
s>                    ( - 4.179e+03 3 0 QUESTION7 1 2.247e+02 2.274e+02)
s>                    ( QUESTION6 -1 1.311e+04 3.639e+02 6.181e+02
s>                        ( - 1.933e+03 4 0 QUESTION0_11_R 1 1.821e+02 1.024e+02)
s>                        ( - 1.081e+04 11 0 QUESTION2_1_L -1 3.416e+02 5.157e+02))))))INFO: dtree.c(1478): Final simple tree
|( QUESTION7 -1 1.329e+04 9.973e+02 6.558e+02
|    ( QUESTION0 1 7.168e+03 2.345e+02 3.804e+02
|        ( QUESTION1 1 2.602e+03 1.874e+02 1.455e+02
|            ( - 1.206e+03 3 0 QUESTION0_0_R 1 1.157e+02 7.456e+01)
|            ( - 1.209e+03 5 0 QUESTION0_0_R 1 1.233e+02 7.097e+01))
|        ( QUESTION16 1 4.331e+03 2.058e+02 2.349e+02
|            ( - 9.526e+02 2 0 QUESTION0_0_R 1 6.117e+01 5.928e+01)
|            ( - 3.173e+03 9 0 QUESTION0_7_R 1 1.722e+02 1.756e+02)))
|    ( WDBNDRY_E 0 5.123e+03 3.523e+02 2.754e+02
|        ( QUESTION0_8_R 1 3.651e+03 3.219e+02 1.952e+02
|            ( QUESTION2 1 1.111e+03 1.824e+02 6.269e+01
|                ( - 5.173e+02 1 0)
|                ( - 4.108e+02 3 0 QUESTION0 1 8.175e+01 2.869e+01))
|            ( - 2.219e+03 14 0 QUESTION0_13_R 1 1.677e+02 1.325e+02))
|        ( - 1.120e+03 1 0)))
s>    ( QUESTION7 -1 1.329e+04 9.973e+02 6.558e+02
s>        ( QUESTION0 1 7.168e+03 2.345e+02 3.804e+02
s>            ( QUESTION1 1 2.602e+03 1.874e+02 1.455e+02
s>                ( - 1.206e+03 3 0 QUESTION0_0_R 1 1.157e+02 7.456e+01)
s>                ( - 1.209e+03 5 0 QUESTION0_0_R 1 1.233e+02 7.097e+01))
s>            ( QUESTION16 1 4.331e+03 2.058e+02 2.349e+02
s>                ( - 9.526e+02 2 0 QUESTION0_0_R 1 6.117e+01 5.928e+01)
s>                ( - 3.173e+03 9 0 QUESTION0_7_R 1 1.722e+02 1.756e+02)))
s>        ( WDBNDRY_E 0 5.123e+03 3.523e+02 2.754e+02
s>            ( QUESTION0_8_R 1 3.651e+03 3.219e+02 1.952e+02
s>                ( QUESTION2 1 1.111e+03 1.824e+02 6.269e+01
s>                    ( - 5.173e+02 1 0)
s>                    ( - 4.108e+02 3 0 QUESTION0 1 8.175e+01 2.869e+01))
s>                ( - 2.219e+03 14 0 QUESTION0_13_R 1 1.677e+02 1.325e+02))
s>            ( - 1.120e+03 1 0)))INFO: dtree.c(1315): Comp split 1
INFO: dtree.c(1478): Final simple tree
|( QUESTION0 -1 3.019e+04 6.889e+02 1.416e+03
|    ( QUESTION2_0_L -1 8.755e+03 4.386e+02 4.280e+02
|        ( - 5.596e+03 6 0 QUESTION0_11_R 1 2.455e+02 2.851e+02)
|        ( QUESTION2_12_L -1 2.720e+03 2.747e+02 1.429e+02
|            ( - 1.997e+03 2 0 QUESTION0_11_R 1 2.254e+02 1.139e+02)
|            ( - 4.481e+02 1 0)))
|    ( QUESTION17 -1 2.074e+04 4.978e+02 9.876e+02
|        ( - 2.536e+03 1 0)
|        ( SILENCE -1 1.771e+04 4.203e+02 8.454e+02
|            ( - 4.179e+03 3 0 QUESTION7 1 2.247e+02 2.274e+02)
|            ( QUESTION6 -1 1.311e+04 3.639e+02 6.181e+02
|                ( - 1.933e+03 4 0 QUESTION0_11_R 1 1.821e+02 1.024e+02)
|                ( QUESTION2_1_L -1 1.081e+04 3.416e+02 5.157e+02
|                    ( - 4.817e+03 4 0 QUESTION0_11_R 1 2.650e+02 2.420e+02)
|                    ( - 5.654e+03 7 0 QUESTION4 -1 2.639e+02 2.737e+02))))))
s>    ( QUESTION0 -1 3.019e+04 6.889e+02 1.416e+03
s>        ( QUESTION2_0_L -1 8.755e+03 4.386e+02 4.280e+02
s>            ( - 5.596e+03 6 0 QUESTION0_11_R 1 2.455e+02 2.851e+02)
s>            ( QUESTION2_12_L -1 2.720e+03 2.747e+02 1.429e+02
s>                ( - 1.997e+03 2 0 QUESTION0_11_R 1 2.254e+02 1.139e+02)
s>                ( - 4.481e+02 1 0)))
s>        ( QUESTION17 -1 2.074e+04 4.978e+02 9.876e+02
s>            ( - 2.536e+03 1 0)
s>            ( SILENCE -1 1.771e+04 4.203e+02 8.454e+02
s>                ( - 4.179e+03 3 0 QUESTION7 1 2.247e+02 2.274e+02)
s>                ( QUESTION6 -1 1.311e+04 3.639e+02 6.181e+02
s>                    ( - 1.933e+03 4 0 QUESTION0_11_R 1 1.821e+02 1.024e+02)
s>                    ( QUESTION2_1_L -1 1.081e+04 3.416e+02 5.157e+02
s>                        ( - 4.817e+03 4 0 QUESTION0_11_R 1 2.650e+02 2.420e+02)
s>                        ( - 5.654e+03 7 0 QUESTION4 -1 2.639e+02 2.737e+02))))))INFO: dtree.c(1439): stop. leaf nodes are specific
INFO: dtree.c(1478): Final simple tree
|( QUESTION0_11_R 1 2.227e+04 5.911e+02 1.044e+03
|    ( - 1.492e+04 2 0)
|    ( - 6.762e+03 2 0))
s>    ( QUESTION0_11_R 1 2.227e+04 5.911e+02 1.044e+03
s>        ( - 1.492e+04 2 0)
s>        ( - 6.762e+03 2 0))INFO: dtree.c(1315): Comp split 2
INFO: dtree.c(1478): Final simple tree
|( QUESTION7 -1 8.032e+03 3.470e+02 4.144e+02
|    ( QUESTION0 1 7.168e+03 2.345e+02 3.804e+02
|        ( QUESTION1 1 2.602e+03 1.874e+02 1.455e+02
|            ( - 1.206e+03 3 0 QUESTION0_0_R 1 1.157e+02 7.456e+01)
|            ( QUESTION0_0_R 1 1.209e+03 1.233e+02 7.097e+01
|                ( - 3.847e+02 2 0)
|                ( - 7.012e+02 3 0)))
|        ( QUESTION16 1 4.331e+03 2.058e+02 2.349e+02
|            ( - 9.526e+02 2 0 QUESTION0_0_R 1 6.117e+01 5.928e+01)
|            ( QUESTION0_7_R 1 3.173e+03 1.722e+02 1.756e+02
|                ( QUESTION7 1 1.918e+03 1.346e+02 1.102e+02
|                    ( - 1.046e+03 3 0 QUESTION8 1 1.023e+02 6.317e+01)
|                    ( - 7.381e+02 4 0 QUESTION11 1 8.848e+01 4.707e+01))
|                ( - 1.082e+03 2 0 SILENCE 1 8.545e+01 6.533e+01))))
|    ( - 5.173e+02 1 0))
s>    ( QUESTION7 -1 8.032e+03 3.470e+02 4.144e+02
s>        ( QUESTION0 1 7.168e+03 2.345e+02 3.804e+02
s>            ( QUESTION1 1 2.602e+03 1.874e+02 1.455e+02
s>                ( - 1.206e+03 3 0 QUESTION0_0_R 1 1.157e+02 7.456e+01)
s>                ( QUESTION0_0_R 1 1.209e+03 1.233e+02 7.097e+01
s>                    ( - 3.847e+02 2 0)
s>                    ( - 7.012e+02 3 0)))
s>            ( QUESTION16 1 4.331e+03 2.058e+02 2.349e+02
s>                ( - 9.526e+02 2 0 QUESTION0_0_R 1 6.117e+01 5.928e+01)
s>                ( QUESTION0_7_R 1 3.173e+03 1.722e+02 1.756e+02
s>                    ( QUESTION7 1 1.918e+03 1.346e+02 1.102e+02
s>                        ( - 1.046e+03 3 0 QUESTION8 1 1.023e+02 6.317e+01)
s>                        ( - 7.381e+02 4 0 QUESTION11 1 8.848e+01 4.707e+01))
s>                    ( - 1.082e+03 2 0 SILENCE 1 8.545e+01 6.533e+01))))
s>        ( - 5.173e+02 1 0))INFO: dtree.c(1478): Final simple tree
|( QUESTION0_8_R 1 4.237e+03 3.130e+02 2.414e+02
|    ( WDBNDRY_E 0 1.705e+03 1.748e+02 1.089e+02
|        ( - 4.108e+02 3 0 QUESTION0 1 8.175e+01 2.869e+01)
|        ( - 1.120e+03 1 0))
|    ( QUESTION0_13_R 1 2.219e+03 1.677e+02 1.325e+02
|        ( QUESTION0_16_R 1 8.108e+02 1.058e+02 5.036e+01
|            ( - 3.555e+02 4 0 QUESTION0_18_R 1 7.459e+01 2.594e+01)
|            ( - 3.496e+02 2 0 QUESTION0_14_R 1 5.834e+01 2.442e+01))
|        ( QUESTION0 1 1.240e+03 1.413e+02 8.215e+01
|            ( QUESTION0_1_R 1 6.188e+02 8.529e+01 4.537e+01
|                ( - 1.564e+02 1 0)
|                ( - 3.772e+02 1 0))
|            ( QUESTION0_11_R 1 4.801e+02 9.588e+01 3.678e+01
|                ( - 1.932e+02 2 0 QUESTION0_12_R 1 4.228e+01 1.487e+01)
|                ( - 1.910e+02 4 0 QUESTION6 -1 4.409e+01 2.191e+01)))))
s>    ( QUESTION0_8_R 1 4.237e+03 3.130e+02 2.414e+02
s>        ( WDBNDRY_E 0 1.705e+03 1.748e+02 1.089e+02
s>            ( - 4.108e+02 3 0 QUESTION0 1 8.175e+01 2.869e+01)
s>            ( - 1.120e+03 1 0))
s>        ( QUESTION0_13_R 1 2.219e+03 1.677e+02 1.325e+02
s>            ( QUESTION0_16_R 1 8.108e+02 1.058e+02 5.036e+01
s>                ( - 3.555e+02 4 0 QUESTION0_18_R 1 7.459e+01 2.594e+01)
s>                ( - 3.496e+02 2 0 QUESTION0_14_R 1 5.834e+01 2.442e+01))
s>            ( QUESTION0 1 1.240e+03 1.413e+02 8.215e+01
s>                ( QUESTION0_1_R 1 6.188e+02 8.529e+01 4.537e+01
s>                    ( - 1.564e+02 1 0)
s>                    ( - 3.772e+02 1 0))
s>                ( QUESTION0_11_R 1 4.801e+02 9.588e+01 3.678e+01
s>                    ( - 1.932e+02 2 0 QUESTION0_12_R 1 4.228e+01 1.487e+01)
s>                    ( - 1.910e+02 4 0 QUESTION6 -1 4.409e+01 2.191e+01)))))INFO: dtree.c(1315): Comp split 3
INFO: dtree.c(1478): Final simple tree
|( SILENCE -1 1.845e+04 4.409e+02 8.744e+02
|    ( QUESTION7 1 4.179e+03 2.247e+02 2.274e+02
|        ( - 1.128e+03 1 0)
|        ( - 2.827e+03 2 0 QUESTION0_10_R 1 6.778e+01 1.564e+02))
|    ( QUESTION6 -1 1.383e+04 3.729e+02 6.470e+02
|        ( - 1.933e+03 4 0 QUESTION0_11_R 1 1.821e+02 1.024e+02)
|        ( QUESTION2_2_L -1 1.152e+04 3.625e+02 5.447e+02
|            ( QUESTION4 -1 5.654e+03 2.639e+02 2.737e+02
|                ( QUESTION0_11_R 1 3.473e+03 2.244e+02 1.736e+02
|                    ( - 4.173e+02 1 0)
|                    ( - 2.831e+03 1 0))
|                ( - 1.917e+03 5 0 QUESTION2_5_L -1 2.057e+02 1.001e+02))
|            ( QUESTION0_11_R 1 5.504e+03 3.004e+02 2.710e+02
|                ( - 1.920e+03 3 0 QUESTION0 -1 2.036e+02 1.010e+02)
|                ( - 3.284e+03 2 0)))))
s>    ( SILENCE -1 1.845e+04 4.409e+02 8.744e+02
s>        ( QUESTION7 1 4.179e+03 2.247e+02 2.274e+02
s>            ( - 1.128e+03 1 0)
s>            ( - 2.827e+03 2 0 QUESTION0_10_R 1 6.778e+01 1.564e+02))
s>        ( QUESTION6 -1 1.383e+04 3.729e+02 6.470e+02
s>            ( - 1.933e+03 4 0 QUESTION0_11_R 1 1.821e+02 1.024e+02)
s>            ( QUESTION2_2_L -1 1.152e+04 3.625e+02 5.447e+02
s>                ( QUESTION4 -1 5.654e+03 2.639e+02 2.737e+02
s>                    ( QUESTION0_11_R 1 3.473e+03 2.244e+02 1.736e+02
s>                        ( - 4.173e+02 1 0)
s>                        ( - 2.831e+03 1 0))
s>                    ( - 1.917e+03 5 0 QUESTION2_5_L -1 2.057e+02 1.001e+02))
s>                ( QUESTION0_11_R 1 5.504e+03 3.004e+02 2.710e+02
s>                    ( - 1.920e+03 3 0 QUESTION0 -1 2.036e+02 1.010e+02)
s>                    ( - 3.284e+03 2 0)))))INFO: dtree.c(1439): stop. leaf nodes are specific
INFO: dtree.c(1478): Final simple tree
|( QUESTION2_0_L -1 1.087e+04 4.863e+02 5.412e+02
|    ( QUESTION0_11_R 1 5.596e+03 2.455e+02 2.851e+02
|        ( - 7.008e+02 3 0)
|        ( - 4.650e+03 3 0))
|    ( QUESTION0_11_R 1 4.787e+03 2.796e+02 2.561e+02
|        ( - 1.138e+03 1 0)
|        ( QUESTION0 -1 3.370e+03 1.997e+02 1.881e+02
|            ( - 6.343e+02 1 0)
|            ( - 2.536e+03 1 0))))
s>    ( QUESTION2_0_L -1 1.087e+04 4.863e+02 5.412e+02
s>        ( QUESTION0_11_R 1 5.596e+03 2.455e+02 2.851e+02
s>            ( - 7.008e+02 3 0)
s>            ( - 4.650e+03 3 0))
s>        ( QUESTION0_11_R 1 4.787e+03 2.796e+02 2.561e+02
s>            ( - 1.138e+03 1 0)
s>            ( QUESTION0 -1 3.370e+03 1.997e+02 1.881e+02
s>                ( - 6.343e+02 1 0)
s>                ( - 2.536e+03 1 0))))INFO: dtree.c(1315): Comp split 4
INFO: dtree.c(1315): Comp split 5
INFO: dtree.c(1439): stop. leaf nodes are specific
INFO: dtree.c(1478): Final simple tree
|( QUESTION0_11_R 1 4.787e+03 2.796e+02 2.561e+02
|    ( - 1.138e+03 1 0)
|    ( QUESTION0 -1 3.370e+03 1.997e+02 1.881e+02
|        ( - 6.343e+02 1 0)
|        ( - 2.536e+03 1 0)))
s>    ( QUESTION0_11_R 1 4.787e+03 2.796e+02 2.561e+02
s>        ( - 1.138e+03 1 0)
s>        ( QUESTION0 -1 3.370e+03 1.997e+02 1.881e+02
s>            ( - 6.343e+02 1 0)
s>            ( - 2.536e+03 1 0)))INFO: dtree.c(1439): stop. leaf nodes are specific
INFO: dtree.c(1478): Final simple tree
|( QUESTION0_11_R 1 5.596e+03 2.455e+02 2.851e+02
|    ( - 7.008e+02 3 0)
|    ( - 4.650e+03 3 0))
s>    ( QUESTION0_11_R 1 5.596e+03 2.455e+02 2.851e+02
s>        ( - 7.008e+02 3 0)
s>        ( - 4.650e+03 3 0))INFO: dtree.c(1315): Comp split 6
INFO: dtree.c(1478): Final simple tree
|( QUESTION0_11_R 1 8.307e+03 3.249e+02 4.001e+02
|    ( QUESTION4 -1 2.913e+03 2.462e+02 1.470e+02
|        ( QUESTION2_1_L -1 1.851e+03 1.660e+02 1.010e+02
|            ( - 1.268e+03 2 0)
|            ( - 4.173e+02 1 0))
|        ( QUESTION0 -1 8.153e+02 1.326e+02 4.596e+01
|            ( - 4.481e+02 1 0)
|            ( - 2.346e+02 2 0 QUESTION2_9_L -1 3.426e+01 1.700e+01)))
|    ( QUESTION2_6_L -1 5.069e+03 2.322e+02 2.531e+02
|        ( QUESTION2_9_L -1 7.724e+02 8.177e+01 4.560e+01
|            ( - 6.127e+01 1 0)
|            ( - 6.293e+02 1 0))
|        ( QUESTION4 -1 4.065e+03 1.811e+02 2.075e+02
|            ( - 3.284e+03 2 0)
|            ( - 5.997e+02 1 0))))
s>    ( QUESTION0_11_R 1 8.307e+03 3.249e+02 4.001e+02
s>        ( QUESTION4 -1 2.913e+03 2.462e+02 1.470e+02
s>            ( QUESTION2_1_L -1 1.851e+03 1.660e+02 1.010e+02
s>                ( - 1.268e+03 2 0)
s>                ( - 4.173e+02 1 0))
s>            ( QUESTION0 -1 8.153e+02 1.326e+02 4.596e+01
s>                ( - 4.481e+02 1 0)
s>                ( - 2.346e+02 2 0 QUESTION2_9_L -1 3.426e+01 1.700e+01)))
s>        ( QUESTION2_6_L -1 5.069e+03 2.322e+02 2.531e+02
s>            ( QUESTION2_9_L -1 7.724e+02 8.177e+01 4.560e+01
s>                ( - 6.127e+01 1 0)
s>                ( - 6.293e+02 1 0))
s>            ( QUESTION4 -1 4.065e+03 1.811e+02 2.075e+02
s>                ( - 3.284e+03 2 0)
s>                ( - 5.997e+02 1 0))))INFO: dtree.c(1478): Final simple tree
|( SILENCE -1 9.671e+03 4.101e+02 4.743e+02
|    ( QUESTION7 1 4.179e+03 2.247e+02 2.274e+02
|        ( - 1.128e+03 1 0)
|        ( QUESTION0_10_R 1 2.827e+03 6.778e+01 1.564e+02
|            ( - 2.711e+03 1 0)
|            ( - 4.804e+01 1 0)))
|    ( QUESTION7 -1 5.081e+03 3.231e+02 2.469e+02
|        ( QUESTION0_11_R 1 1.726e+03 1.414e+02 9.336e+01
|            ( - 1.736e+02 1 0)
|            ( QUESTION8 -1 1.411e+03 1.192e+02 7.736e+01
|                ( - 9.379e+01 1 0)
|                ( - 1.198e+03 1 0)))
|        ( QUESTION0_11_R 1 3.032e+03 1.248e+02 1.536e+02
|            ( - 7.640e+01 1 0)
|            ( - 2.831e+03 1 0))))
s>    ( SILENCE -1 9.671e+03 4.101e+02 4.743e+02
s>        ( QUESTION7 1 4.179e+03 2.247e+02 2.274e+02
s>            ( - 1.128e+03 1 0)
s>            ( QUESTION0_10_R 1 2.827e+03 6.778e+01 1.564e+02
s>                ( - 2.711e+03 1 0)
s>                ( - 4.804e+01 1 0)))
s>        ( QUESTION7 -1 5.081e+03 3.231e+02 2.469e+02
s>            ( QUESTION0_11_R 1 1.726e+03 1.414e+02 9.336e+01
s>                ( - 1.736e+02 1 0)
s>                ( QUESTION8 -1 1.411e+03 1.192e+02 7.736e+01
s>                    ( - 9.379e+01 1 0)
s>                    ( - 1.198e+03 1 0)))
s>            ( QUESTION0_11_R 1 3.032e+03 1.248e+02 1.536e+02
s>                ( - 7.640e+01 1 0)
s>                ( - 2.831e+03 1 0))))INFO: dtree.c(1315): Comp split 7
INFO: dtree.c(1439): stop. leaf nodes are specific
INFO: dtree.c(1478): Final simple tree
|( QUESTION4 -1 4.526e+03 3.037e+02 2.219e+02
|    ( - 2.831e+03 1 0)
|    ( QUESTION0_11_R 1 1.392e+03 1.176e+02 7.736e+01
|        ( - 7.640e+01 1 0)
|        ( - 1.198e+03 1 0)))
s>    ( QUESTION4 -1 4.526e+03 3.037e+02 2.219e+02
s>        ( - 2.831e+03 1 0)
s>        ( QUESTION0_11_R 1 1.392e+03 1.176e+02 7.736e+01
s>            ( - 7.640e+01 1 0)
s>            ( - 1.198e+03 1 0)))INFO: dtree.c(1439): stop. leaf nodes are specific
INFO: dtree.c(1478): Final simple tree
|( QUESTION7 1 4.673e+03 2.358e+02 2.524e+02
|    ( SILENCE -1 1.316e+03 9.455e+01 8.000e+01
|        ( - 1.128e+03 1 0)
|        ( - 9.379e+01 1 0))
|    ( SILENCE -1 3.121e+03 1.207e+02 1.724e+02
|        ( QUESTION0_10_R 1 2.827e+03 6.778e+01 1.564e+02
|            ( - 2.711e+03 1 0)
|            ( - 4.804e+01 1 0))
|        ( - 1.736e+02 1 0)))
s>    ( QUESTION7 1 4.673e+03 2.358e+02 2.524e+02
s>        ( SILENCE -1 1.316e+03 9.455e+01 8.000e+01
s>            ( - 1.128e+03 1 0)
s>            ( - 9.379e+01 1 0))
s>        ( SILENCE -1 3.121e+03 1.207e+02 1.724e+02
s>            ( QUESTION0_10_R 1 2.827e+03 6.778e+01 1.564e+02
s>                ( - 2.711e+03 1 0)
s>                ( - 4.804e+01 1 0))
s>            ( - 1.736e+02 1 0)))INFO: dtree.c(1315): Comp split 8
INFO: dtree.c(1439): stop. leaf nodes are specific
INFO: dtree.c(1478): Final simple tree
|( QUESTION4 -1 4.065e+03 1.811e+02 2.075e+02
|    ( - 3.284e+03 2 0)
|    ( - 5.997e+02 1 0))
s>    ( QUESTION4 -1 4.065e+03 1.811e+02 2.075e+02
s>        ( - 3.284e+03 2 0)
s>        ( - 5.997e+02 1 0))INFO: dtree.c(1439): stop. leaf nodes are specific
INFO: dtree.c(1478): Final simple tree
|( QUESTION4 -1 3.879e+03 2.643e+02 1.926e+02
|    ( QUESTION2_1_L -1 1.851e+03 1.660e+02 1.010e+02
|        ( - 1.268e+03 2 0)
|        ( - 4.173e+02 1 0))
|    ( QUESTION0 -1 1.763e+03 2.035e+02 9.156e+01
|        ( - 4.481e+02 1 0)
|        ( QUESTION2_9_L -1 1.112e+03 1.254e+02 6.260e+01
|            ( QUESTION0_11_R 1 3.139e+02 5.952e+01 2.212e+01
|                ( - 1.931e+02 1 0)
|                ( - 6.127e+01 1 0))
|            ( QUESTION0_11_R 1 6.723e+02 3.578e+01 4.048e+01
|                ( - 7.223e+00 1 0)
|                ( - 6.293e+02 1 0)))))
s>    ( QUESTION4 -1 3.879e+03 2.643e+02 1.926e+02
s>        ( QUESTION2_1_L -1 1.851e+03 1.660e+02 1.010e+02
s>            ( - 1.268e+03 2 0)
s>            ( - 4.173e+02 1 0))
s>        ( QUESTION0 -1 1.763e+03 2.035e+02 9.156e+01
s>            ( - 4.481e+02 1 0)
s>            ( QUESTION2_9_L -1 1.112e+03 1.254e+02 6.260e+01
s>                ( QUESTION0_11_R 1 3.139e+02 5.952e+01 2.212e+01
s>                    ( - 1.931e+02 1 0)
s>                    ( - 6.127e+01 1 0))
s>                ( QUESTION0_11_R 1 6.723e+02 3.578e+01 4.048e+01
s>                    ( - 7.223e+00 1 0)
s>                    ( - 6.293e+02 1 0)))))INFO: dtree.c(1315): Comp split 9
INFO: dtree.c(1478): Final simple tree
|( QUESTION0 1 7.168e+03 2.345e+02 3.804e+02
|    ( QUESTION1 1 2.602e+03 1.874e+02 1.455e+02
|        ( QUESTION0_0_R 1 1.206e+03 1.157e+02 7.456e+01
|            ( - 6.422e+02 1 0)
|            ( - 4.478e+02 2 0))
|        ( QUESTION0_0_R 1 1.209e+03 1.233e+02 7.097e+01
|            ( - 3.847e+02 2 0)
|            ( - 7.012e+02 3 0)))
|    ( QUESTION16 1 4.331e+03 2.058e+02 2.349e+02
|        ( - 9.526e+02 2 0 QUESTION0_0_R 1 6.117e+01 5.928e+01)
|        ( QUESTION0_7_R 1 3.173e+03 1.722e+02 1.756e+02
|            ( QUESTION7 1 1.918e+03 1.346e+02 1.102e+02
|                ( - 1.046e+03 3 0 QUESTION8 1 1.023e+02 6.317e+01)
|                ( - 7.381e+02 4 0 QUESTION11 1 8.848e+01 4.707e+01))
|            ( - 1.082e+03 2 0 SILENCE 1 8.545e+01 6.533e+01))))
s>    ( QUESTION0 1 7.168e+03 2.345e+02 3.804e+02
s>        ( QUESTION1 1 2.602e+03 1.874e+02 1.455e+02
s>            ( QUESTION0_0_R 1 1.206e+03 1.157e+02 7.456e+01
s>                ( - 6.422e+02 1 0)
s>                ( - 4.478e+02 2 0))
s>            ( QUESTION0_0_R 1 1.209e+03 1.233e+02 7.097e+01
s>                ( - 3.847e+02 2 0)
s>                ( - 7.012e+02 3 0)))
s>        ( QUESTION16 1 4.331e+03 2.058e+02 2.349e+02
s>            ( - 9.526e+02 2 0 QUESTION0_0_R 1 6.117e+01 5.928e+01)
s>            ( QUESTION0_7_R 1 3.173e+03 1.722e+02 1.756e+02
s>                ( QUESTION7 1 1.918e+03 1.346e+02 1.102e+02
s>                    ( - 1.046e+03 3 0 QUESTION8 1 1.023e+02 6.317e+01)
s>                    ( - 7.381e+02 4 0 QUESTION11 1 8.848e+01 4.707e+01))
s>                ( - 1.082e+03 2 0 SILENCE 1 8.545e+01 6.533e+01))))INFO: dtree.c(1315): Comp split 10
INFO: dtree.c(1439): stop. leaf nodes are specific
INFO: dtree.c(1478): Final simple tree
|( WDBNDRY_E 0 1.452e+03 1.415e+02 1.021e+02
|    ( QUESTION6 -1 1.910e+02 4.409e+01 2.191e+01
|        ( QUESTION0_0_R 1 7.697e+01 3.355e+01 1.495e+01
|            ( - 2.700e+01 1 0)
|            ( - 1.643e+01 1 0))
|        ( QUESTION0_0_R 1 6.991e+01 1.017e+01 6.963e+00
|            ( - 5.915e+01 1 0)
|            ( - 5.840e-01 1 0)))
|    ( - 1.120e+03 1 0))
s>    ( WDBNDRY_E 0 1.452e+03 1.415e+02 1.021e+02
s>        ( QUESTION6 -1 1.910e+02 4.409e+01 2.191e+01
s>            ( QUESTION0_0_R 1 7.697e+01 3.355e+01 1.495e+01
s>                ( - 2.700e+01 1 0)
s>                ( - 1.643e+01 1 0))
s>            ( QUESTION0_0_R 1 6.991e+01 1.017e+01 6.963e+00
s>                ( - 5.915e+01 1 0)
s>                ( - 5.840e-01 1 0)))
s>        ( - 1.120e+03 1 0))INFO: dtree.c(1478): Final simple tree
|( QUESTION0_0_R 1 2.464e+03 1.796e+02 1.393e+02
|    ( QUESTION0_1_R 1 6.188e+02 8.529e+01 4.537e+01
|        ( - 1.564e+02 1 0)
|        ( - 3.772e+02 1 0))
|    ( QUESTION5 1 1.665e+03 1.572e+02 9.392e+01
|        ( QUESTION6 1 9.023e+02 1.056e+02 5.523e+01
|            ( QUESTION0_10_R 1 4.472e+02 8.177e+01 3.081e+01
|                ( - 1.932e+02 2 0 QUESTION0_12_R 1 4.228e+01 1.487e+01)
|                ( - 1.722e+02 3 0 QUESTION0_18_R 1 4.231e+01 1.594e+01))
|            ( - 3.496e+02 2 0 QUESTION0_14_R 1 5.834e+01 2.442e+01))
|        ( QUESTION0 1 6.059e+02 8.558e+01 3.869e+01
|            ( - 1.318e+02 2 0)
|            ( QUESTION0_8_R 1 3.885e+02 7.758e+01 2.769e+01
|                ( - 1.972e+02 1 0)
|                ( - 1.137e+02 1 0)))))
s>    ( QUESTION0_0_R 1 2.464e+03 1.796e+02 1.393e+02
s>        ( QUESTION0_1_R 1 6.188e+02 8.529e+01 4.537e+01
s>            ( - 1.564e+02 1 0)
s>            ( - 3.772e+02 1 0))
s>        ( QUESTION5 1 1.665e+03 1.572e+02 9.392e+01
s>            ( QUESTION6 1 9.023e+02 1.056e+02 5.523e+01
s>                ( QUESTION0_10_R 1 4.472e+02 8.177e+01 3.081e+01
s>                    ( - 1.932e+02 2 0 QUESTION0_12_R 1 4.228e+01 1.487e+01)
s>                    ( - 1.722e+02 3 0 QUESTION0_18_R 1 4.231e+01 1.594e+01))
s>                ( - 3.496e+02 2 0 QUESTION0_14_R 1 5.834e+01 2.442e+01))
s>            ( QUESTION0 1 6.059e+02 8.558e+01 3.869e+01
s>                ( - 1.318e+02 2 0)
s>                ( QUESTION0_8_R 1 3.885e+02 7.758e+01 2.769e+01
s>                    ( - 1.972e+02 1 0)
s>                    ( - 1.137e+02 1 0)))))INFO: dtree.c(1315): Comp split 11
INFO: dtree.c(1439): stop. leaf nodes are specific
INFO: dtree.c(1478): Final simple tree
|( QUESTION0_11_R 1 1.392e+03 1.176e+02 7.736e+01
|    ( - 7.640e+01 1 0)
|    ( - 1.198e+03 1 0))
s>    ( QUESTION0_11_R 1 1.392e+03 1.176e+02 7.736e+01
s>        ( - 7.640e+01 1 0)
s>        ( - 1.198e+03 1 0))INFO: dtree.c(1315): Comp split 12
INFO: dtree.c(1439): stop. leaf nodes are specific
INFO: dtree.c(1478): Final simple tree
|( QUESTION0 -1 3.370e+03 1.997e+02 1.881e+02
|    ( - 6.343e+02 1 0)
|    ( - 2.536e+03 1 0))
s>    ( QUESTION0 -1 3.370e+03 1.997e+02 1.881e+02
s>        ( - 6.343e+02 1 0)
s>        ( - 2.536e+03 1 0))INFO: dtree.c(1315): Comp split 13
INFO: dtree.c(1439): stop. leaf nodes are specific
INFO: dtree.c(1478): Final simple tree
|( QUESTION4 -1 1.499e+03 1.568e+02 8.248e+01
|    ( - 4.173e+02 1 0)
|    ( QUESTION0_11_R 1 9.245e+02 1.020e+02 5.348e+01
|        ( - 1.931e+02 1 0)
|        ( - 6.293e+02 1 0)))
s>    ( QUESTION4 -1 1.499e+03 1.568e+02 8.248e+01
s>        ( - 4.173e+02 1 0)
s>        ( QUESTION0_11_R 1 9.245e+02 1.020e+02 5.348e+01
s>            ( - 1.931e+02 1 0)
s>            ( - 6.293e+02 1 0)))INFO: dtree.c(1439): stop. leaf nodes are specific
INFO: dtree.c(1478): Final simple tree
|( QUESTION4 -1 2.112e+03 2.098e+02 1.101e+02
|    ( - 1.268e+03 2 0)
|    ( QUESTION0 -1 6.340e+02 9.089e+01 3.808e+01
|        ( - 4.481e+02 1 0)
|        ( QUESTION0_11_R 1 9.508e+01 2.659e+01 9.118e+00
|            ( - 7.223e+00 1 0)
|            ( - 6.127e+01 1 0))))
s>    ( QUESTION4 -1 2.112e+03 2.098e+02 1.101e+02
s>        ( - 1.268e+03 2 0)
s>        ( QUESTION0 -1 6.340e+02 9.089e+01 3.808e+01
s>            ( - 4.481e+02 1 0)
s>            ( QUESTION0_11_R 1 9.508e+01 2.659e+01 9.118e+00
s>                ( - 7.223e+00 1 0)
s>                ( - 6.127e+01 1 0))))INFO: dtree.c(1315): Comp split 14
INFO: dtree.c(1439): stop. leaf nodes are specific
INFO: dtree.c(1478): Final simple tree
|( QUESTION0_10_R 1 2.827e+03 6.778e+01 1.564e+02
|    ( - 2.711e+03 1 0)
|    ( - 4.804e+01 1 0))
s>    ( QUESTION0_10_R 1 2.827e+03 6.778e+01 1.564e+02
s>        ( - 2.711e+03 1 0)
s>        ( - 4.804e+01 1 0))INFO: dtree.c(1439): stop. leaf nodes are specific
INFO: dtree.c(1478): Final simple tree
|( SILENCE -1 1.592e+03 1.344e+02 9.600e+01
|    ( - 1.128e+03 1 0)
|    ( QUESTION0_11_R 1 3.297e+02 6.227e+01 2.500e+01
|        ( - 1.736e+02 1 0)
|        ( - 9.379e+01 1 0)))
s>    ( SILENCE -1 1.592e+03 1.344e+02 9.600e+01
s>        ( - 1.128e+03 1 0)
s>        ( QUESTION0_11_R 1 3.297e+02 6.227e+01 2.500e+01
s>            ( - 1.736e+02 1 0)
s>            ( - 9.379e+01 1 0)))INFO: dtree.c(1315): Comp split 15
INFO: dtree.c(1478): Final simple tree
|( QUESTION3 1 4.029e+03 1.847e+02 2.196e+02
|    ( QUESTION7 1 2.141e+03 1.435e+02 1.212e+02
|        ( QUESTION8 1 1.046e+03 1.023e+02 6.317e+01
|            ( - 4.358e+02 2 0 QUESTION0_10_R 1 5.222e+01 3.017e+01)
|            ( - 5.074e+02 1 0))
|        ( QUESTION11 1 9.517e+02 9.654e+01 5.807e+01
|            ( QUESTION0_10_R 1 2.651e+02 6.223e+01 1.907e+01
|                ( - 1.116e+02 1 0)
|                ( - 9.132e+01 1 0))
|            ( QUESTION0_8_R 1 5.900e+02 8.420e+01 3.900e+01
|                ( - 2.371e+02 1 0)
|                ( - 2.687e+02 2 0 QUESTION0_0_R 1 4.943e+01 2.000e+01))))
|    ( SILENCE 1 1.703e+03 1.339e+02 9.833e+01
|        ( - 8.683e+02 1 0)
|        ( - 7.012e+02 3 0)))
s>    ( QUESTION3 1 4.029e+03 1.847e+02 2.196e+02
s>        ( QUESTION7 1 2.141e+03 1.435e+02 1.212e+02
s>            ( QUESTION8 1 1.046e+03 1.023e+02 6.317e+01
s>                ( - 4.358e+02 2 0 QUESTION0_10_R 1 5.222e+01 3.017e+01)
s>                ( - 5.074e+02 1 0))
s>            ( QUESTION11 1 9.517e+02 9.654e+01 5.807e+01
s>                ( QUESTION0_10_R 1 2.651e+02 6.223e+01 1.907e+01
s>                    ( - 1.116e+02 1 0)
s>                    ( - 9.132e+01 1 0))
s>                ( QUESTION0_8_R 1 5.900e+02 8.420e+01 3.900e+01
s>                    ( - 2.371e+02 1 0)
s>                    ( - 2.687e+02 2 0 QUESTION0_0_R 1 4.943e+01 2.000e+01))))
s>        ( SILENCE 1 1.703e+03 1.339e+02 9.833e+01
s>            ( - 8.683e+02 1 0)
s>            ( - 7.012e+02 3 0)))INFO: dtree.c(1439): stop. leaf nodes are specific
INFO: dtree.c(1478): Final simple tree
|( QUESTION0 1 2.891e+03 2.028e+02 1.608e+02
|    ( QUESTION0_2_R 1 1.736e+03 1.456e+02 1.015e+02
|        ( - 3.847e+02 2 0)
|        ( QUESTION0_0_R 1 1.206e+03 1.157e+02 7.456e+01
|            ( - 6.422e+02 1 0)
|            ( - 4.478e+02 2 0)))
|    ( QUESTION0_0_R 1 9.526e+02 6.117e+01 5.928e+01
|        ( - 3.917e+01 1 0)
|        ( - 8.523e+02 1 0)))
s>    ( QUESTION0 1 2.891e+03 2.028e+02 1.608e+02
s>        ( QUESTION0_2_R 1 1.736e+03 1.456e+02 1.015e+02
s>            ( - 3.847e+02 2 0)
s>            ( QUESTION0_0_R 1 1.206e+03 1.157e+02 7.456e+01
s>                ( - 6.422e+02 1 0)
s>                ( - 4.478e+02 2 0)))
s>        ( QUESTION0_0_R 1 9.526e+02 6.117e+01 5.928e+01
s>            ( - 3.917e+01 1 0)
s>            ( - 8.523e+02 1 0)))INFO: dtree.c(1315): Comp split 16
INFO: dtree.c(1315): Comp split 17
INFO: dtree.c(1439): stop. leaf nodes are specific
INFO: dtree.c(1478): Final simple tree
|( QUESTION0_11_R 1 5.879e+02 7.854e+01 3.608e+01
|    ( - 4.481e+02 1 0)
|    ( - 6.127e+01 1 0))
s>    ( QUESTION0_11_R 1 5.879e+02 7.854e+01 3.608e+01
s>        ( - 4.481e+02 1 0)
s>        ( - 6.127e+01 1 0))INFO: dtree.c(1439): stop. leaf nodes are specific
INFO: dtree.c(1478): Final simple tree
|( QUESTION4 -1 1.312e+03 3.653e+01 7.400e+01
|    ( - 1.268e+03 2 0)
|    ( - 7.223e+00 1 0))
s>    ( QUESTION4 -1 1.312e+03 3.653e+01 7.400e+01
s>        ( - 1.268e+03 2 0)
s>        ( - 7.223e+00 1 0))INFO: dtree.c(1315): Comp split 18
INFO: dtree.c(1439): stop. leaf nodes are specific
INFO: dtree.c(1478): Final simple tree
|( QUESTION0_2_R 1 1.736e+03 1.456e+02 1.015e+02
|    ( - 3.847e+02 2 0)
|    ( QUESTION0_0_R 1 1.206e+03 1.157e+02 7.456e+01
|        ( - 6.422e+02 1 0)
|        ( - 4.478e+02 2 0)))
s>    ( QUESTION0_2_R 1 1.736e+03 1.456e+02 1.015e+02
s>        ( - 3.847e+02 2 0)
s>        ( QUESTION0_0_R 1 1.206e+03 1.157e+02 7.456e+01
s>            ( - 6.422e+02 1 0)
s>            ( - 4.478e+02 2 0)))INFO: dtree.c(1439): stop. leaf nodes are specific
INFO: dtree.c(1478): Final simple tree
|( QUESTION0_0_R 1 9.526e+02 6.117e+01 5.928e+01
|    ( - 3.917e+01 1 0)
|    ( - 8.523e+02 1 0))
s>    ( QUESTION0_0_R 1 9.526e+02 6.117e+01 5.928e+01
s>        ( - 3.917e+01 1 0)
s>        ( - 8.523e+02 1 0))INFO: dtree.c(1315): Comp split 19
INFO: dtree.c(1439): stop. leaf nodes are specific
INFO: dtree.c(1478): Final simple tree
|( QUESTION0_8_R 1 1.859e+03 1.472e+02 1.060e+02
|    ( QUESTION0 1 1.016e+03 7.771e+01 6.300e+01
|        ( - 7.012e+02 3 0)
|        ( - 2.371e+02 1 0))
|    ( QUESTION0_11_R 1 6.960e+02 7.706e+01 4.300e+01
|        ( - 1.116e+02 1 0)
|        ( - 5.074e+02 1 0)))
s>    ( QUESTION0_8_R 1 1.859e+03 1.472e+02 1.060e+02
s>        ( QUESTION0 1 1.016e+03 7.771e+01 6.300e+01
s>            ( - 7.012e+02 3 0)
s>            ( - 2.371e+02 1 0))
s>        ( QUESTION0_11_R 1 6.960e+02 7.706e+01 4.300e+01
s>            ( - 1.116e+02 1 0)
s>            ( - 5.074e+02 1 0)))INFO: dtree.c(1439): stop. leaf nodes are specific
INFO: dtree.c(1478): Final simple tree
|( QUESTION0_16_R 1 1.968e+03 1.265e+02 1.136e+02
|    ( QUESTION7 1 5.067e+02 6.562e+01 3.424e+01
|        ( - 3.498e+02 1 0)
|        ( - 9.132e+01 1 0))
|    ( SILENCE 1 1.334e+03 1.102e+02 7.933e+01
|        ( - 8.683e+02 1 0)
|        ( QUESTION0_0_R 1 3.559e+02 6.542e+01 2.500e+01
|            ( - 1.287e+02 1 0)
|            ( QUESTION0_10_R 1 1.618e+02 3.737e+01 1.400e+01
|                ( - 3.383e+01 1 0)
|                ( - 9.055e+01 1 0)))))
s>    ( QUESTION0_16_R 1 1.968e+03 1.265e+02 1.136e+02
s>        ( QUESTION7 1 5.067e+02 6.562e+01 3.424e+01
s>            ( - 3.498e+02 1 0)
s>            ( - 9.132e+01 1 0))
s>        ( SILENCE 1 1.334e+03 1.102e+02 7.933e+01
s>            ( - 8.683e+02 1 0)
s>            ( QUESTION0_0_R 1 3.559e+02 6.542e+01 2.500e+01
s>                ( - 1.287e+02 1 0)
s>                ( QUESTION0_10_R 1 1.618e+02 3.737e+01 1.400e+01
s>                    ( - 3.383e+01 1 0)
s>                    ( - 9.055e+01 1 0)))))INFO: dtree.c(1315): Comp split 20
INFO: dtree.c(1439): stop. leaf nodes are specific
INFO: dtree.c(1478): Final simple tree
|( QUESTION0 1 1.119e+03 1.414e+02 6.892e+01
|    ( QUESTION0_0_R 1 5.888e+02 7.983e+01 4.123e+01
|        ( - 3.772e+02 1 0)
|        ( - 1.318e+02 2 0))
|    ( QUESTION0_8_R 1 3.885e+02 7.758e+01 2.769e+01
|        ( - 1.972e+02 1 0)
|        ( - 1.137e+02 1 0)))
s>    ( QUESTION0 1 1.119e+03 1.414e+02 6.892e+01
s>        ( QUESTION0_0_R 1 5.888e+02 7.983e+01 4.123e+01
s>            ( - 3.772e+02 1 0)
s>            ( - 1.318e+02 2 0))
s>        ( QUESTION0_8_R 1 3.885e+02 7.758e+01 2.769e+01
s>            ( - 1.972e+02 1 0)
s>            ( - 1.137e+02 1 0)))INFO: dtree.c(1478): Final simple tree
|( QUESTION0_13_R 1 1.143e+03 1.146e+02 7.037e+01
|    ( QUESTION0_18_R 1 6.119e+02 9.249e+01 4.036e+01
|        ( QUESTION7 1 1.070e+02 2.640e+01 1.194e+01
|            ( - 5.462e+01 1 0)
|            ( - 2.597e+01 1 0))
|        ( QUESTION0_19_R 1 4.124e+02 6.464e+01 2.842e+01
|            ( - 9.114e+01 1 0)
|            ( QUESTION0_14_R 1 2.567e+02 3.366e+01 1.942e+01
|                ( - 2.001e+02 1 0)
|                ( - 2.289e+01 1 0))))
|    ( QUESTION0_0_R 1 4.168e+02 6.724e+01 3.001e+01
|        ( - 1.564e+02 1 0)
|        ( QUESTION0_12_R 1 1.932e+02 4.228e+01 1.487e+01
|            ( - 4.419e+01 1 0)
|            ( - 1.067e+02 1 0))))
s>    ( QUESTION0_13_R 1 1.143e+03 1.146e+02 7.037e+01
s>        ( QUESTION0_18_R 1 6.119e+02 9.249e+01 4.036e+01
s>            ( QUESTION7 1 1.070e+02 2.640e+01 1.194e+01
s>                ( - 5.462e+01 1 0)
s>                ( - 2.597e+01 1 0))
s>            ( QUESTION0_19_R 1 4.124e+02 6.464e+01 2.842e+01
s>                ( - 9.114e+01 1 0)
s>                ( QUESTION0_14_R 1 2.567e+02 3.366e+01 1.942e+01
s>                    ( - 2.001e+02 1 0)
s>                    ( - 2.289e+01 1 0))))
s>        ( QUESTION0_0_R 1 4.168e+02 6.724e+01 3.001e+01
s>            ( - 1.564e+02 1 0)
s>            ( QUESTION0_12_R 1 1.932e+02 4.228e+01 1.487e+01
s>                ( - 4.419e+01 1 0)
s>                ( - 1.067e+02 1 0))))INFO: dtree.c(1315): Comp split 21
INFO: dtree.c(1315): Comp split 22
INFO: dtree.c(1315): Comp split 23
INFO: dtree.c(1439): stop. leaf nodes are specific
INFO: dtree.c(1478): Final simple tree
|( QUESTION0_11_R 1 9.245e+02 1.020e+02 5.348e+01
|    ( - 1.931e+02 1 0)
|    ( - 6.293e+02 1 0))
s>    ( QUESTION0_11_R 1 9.245e+02 1.020e+02 5.348e+01
s>        ( - 1.931e+02 1 0)
s>        ( - 6.293e+02 1 0))INFO: dtree.c(1315): Comp split 24
INFO: dtree.c(1439): stop. leaf nodes are specific
INFO: dtree.c(1478): Final simple tree
|( QUESTION0_11_R 1 6.960e+02 7.706e+01 4.300e+01
|    ( - 1.116e+02 1 0)
|    ( - 5.074e+02 1 0))
s>    ( QUESTION0_11_R 1 6.960e+02 7.706e+01 4.300e+01
s>        ( - 1.116e+02 1 0)
s>        ( - 5.074e+02 1 0))INFO: dtree.c(1439): stop. leaf nodes are specific
INFO: dtree.c(1478): Final simple tree
|( QUESTION0 1 1.016e+03 7.771e+01 6.300e+01
|    ( - 7.012e+02 3 0)
|    ( - 2.371e+02 1 0))
s>    ( QUESTION0 1 1.016e+03 7.771e+01 6.300e+01
s>        ( - 7.012e+02 3 0)
s>        ( - 2.371e+02 1 0))INFO: dtree.c(1315): Comp split 25
INFO: dtree.c(1439): stop. leaf nodes are specific
INFO: dtree.c(1478): Final simple tree
|( QUESTION0_0_R 1 1.206e+03 1.157e+02 7.456e+01
|    ( - 6.422e+02 1 0)
|    ( - 4.478e+02 2 0))
s>    ( QUESTION0_0_R 1 1.206e+03 1.157e+02 7.456e+01
s>        ( - 6.422e+02 1 0)
s>        ( - 4.478e+02 2 0))INFO: dtree.c(1315): Comp split 26
INFO: dtree.c(1439): stop. leaf nodes are specific
INFO: dtree.c(1478): Final simple tree
|( QUESTION6 -1 1.910e+02 4.409e+01 2.191e+01
|    ( QUESTION0_0_R 1 7.697e+01 3.355e+01 1.495e+01
|        ( - 2.700e+01 1 0)
|        ( - 1.643e+01 1 0))
|    ( QUESTION0_0_R 1 6.991e+01 1.017e+01 6.963e+00
|        ( - 5.915e+01 1 0)
|        ( - 5.840e-01 1 0)))
s>    ( QUESTION6 -1 1.910e+02 4.409e+01 2.191e+01
s>        ( QUESTION0_0_R 1 7.697e+01 3.355e+01 1.495e+01
s>            ( - 2.700e+01 1 0)
s>            ( - 1.643e+01 1 0))
s>        ( QUESTION0_0_R 1 6.991e+01 1.017e+01 6.963e+00
s>            ( - 5.915e+01 1 0)
s>            ( - 5.840e-01 1 0)))INFO: dtree.c(1315): Comp split 27
INFO: dtree.c(1439): stop. leaf nodes are specific
INFO: dtree.c(1478): Final simple tree
|( QUESTION0_8_R 1 3.885e+02 7.758e+01 2.769e+01
|    ( - 1.972e+02 1 0)
|    ( - 1.137e+02 1 0))
s>    ( QUESTION0_8_R 1 3.885e+02 7.758e+01 2.769e+01
s>        ( - 1.972e+02 1 0)
s>        ( - 1.137e+02 1 0))INFO: dtree.c(1439): stop. leaf nodes are specific
INFO: dtree.c(1478): Final simple tree
|( QUESTION0_0_R 1 5.888e+02 7.983e+01 4.123e+01
|    ( - 3.772e+02 1 0)
|    ( - 1.318e+02 2 0))
s>    ( QUESTION0_0_R 1 5.888e+02 7.983e+01 4.123e+01
s>        ( - 3.772e+02 1 0)
s>        ( - 1.318e+02 2 0))INFO: dtree.c(1315): Comp split 28
INFO: dtree.c(1439): stop. leaf nodes are specific
INFO: dtree.c(1478): Final simple tree
|( SILENCE 1 1.119e+03 8.927e+01 6.833e+01
|    ( - 8.683e+02 1 0)
|    ( QUESTION0_10_R 1 1.618e+02 3.737e+01 1.400e+01
|        ( - 3.383e+01 1 0)
|        ( - 9.055e+01 1 0)))
s>    ( SILENCE 1 1.119e+03 8.927e+01 6.833e+01
s>        ( - 8.683e+02 1 0)
s>        ( QUESTION0_10_R 1 1.618e+02 3.737e+01 1.400e+01
s>            ( - 3.383e+01 1 0)
s>            ( - 9.055e+01 1 0)))INFO: dtree.c(1439): stop. leaf nodes are specific
INFO: dtree.c(1478): Final simple tree
|( QUESTION7 1 7.111e+02 7.944e+01 4.524e+01
|    ( - 3.498e+02 1 0)
|    ( QUESTION0_0_R 1 2.819e+02 6.182e+01 2.007e+01
|        ( - 1.287e+02 1 0)
|        ( - 9.132e+01 1 0)))
s>    ( QUESTION7 1 7.111e+02 7.944e+01 4.524e+01
s>        ( - 3.498e+02 1 0)
s>        ( QUESTION0_0_R 1 2.819e+02 6.182e+01 2.007e+01
s>            ( - 1.287e+02 1 0)
s>            ( - 9.132e+01 1 0)))INFO: dtree.c(1315): Comp split 29
INFO: dtree.c(1439): stop. leaf nodes are specific
INFO: dtree.c(1478): Final simple tree
|( QUESTION0_11_R 1 3.297e+02 6.227e+01 2.500e+01
|    ( - 1.736e+02 1 0)
|    ( - 9.379e+01 1 0))
s>    ( QUESTION0_11_R 1 3.297e+02 6.227e+01 2.500e+01
s>        ( - 1.736e+02 1 0)
s>        ( - 9.379e+01 1 0))INFO: dtree.c(1315): Comp split 30
INFO: dtree.c(1439): stop. leaf nodes are specific
INFO: dtree.c(1478): Final simple tree
|( QUESTION0_19_R 1 5.868e+02 7.297e+01 3.834e+01
|    ( - 9.114e+01 1 0)
|    ( QUESTION0_10_R 1 4.226e+02 5.926e+01 2.934e+01
|        ( - 1.067e+02 1 0)
|        ( QUESTION0_14_R 1 2.567e+02 3.366e+01 1.942e+01
|            ( - 2.001e+02 1 0)
|            ( - 2.289e+01 1 0))))
s>    ( QUESTION0_19_R 1 5.868e+02 7.297e+01 3.834e+01
s>        ( - 9.114e+01 1 0)
s>        ( QUESTION0_10_R 1 4.226e+02 5.926e+01 2.934e+01
s>            ( - 1.067e+02 1 0)
s>            ( QUESTION0_14_R 1 2.567e+02 3.366e+01 1.942e+01
s>                ( - 2.001e+02 1 0)
s>                ( - 2.289e+01 1 0))))INFO: dtree.c(1439): stop. leaf nodes are specific
INFO: dtree.c(1478): Final simple tree
|( QUESTION0_0_R 1 4.304e+02 7.732e+01 3.203e+01
|    ( - 1.564e+02 1 0)
|    ( QUESTION0_10_R 1 1.967e+02 4.547e+01 1.689e+01
|        ( - 4.419e+01 1 0)
|        ( QUESTION7 1 1.070e+02 2.640e+01 1.194e+01
|            ( - 5.462e+01 1 0)
|            ( - 2.597e+01 1 0))))
s>    ( QUESTION0_0_R 1 4.304e+02 7.732e+01 3.203e+01
s>        ( - 1.564e+02 1 0)
s>        ( QUESTION0_10_R 1 1.967e+02 4.547e+01 1.689e+01
s>            ( - 4.419e+01 1 0)
s>            ( QUESTION7 1 1.070e+02 2.640e+01 1.194e+01
s>                ( - 5.462e+01 1 0)
s>                ( - 2.597e+01 1 0))))INFO: dtree.c(1315): Comp split 31
INFO: dtree.c(1315): Comp split 32
INFO: dtree.c(1315): Comp split 33
INFO: dtree.c(1315): Comp split 34
INFO: dtree.c(1439): stop. leaf nodes are specific
INFO: dtree.c(1478): Final simple tree
|( QUESTION0_10_R 1 1.618e+02 3.737e+01 1.400e+01
|    ( - 3.383e+01 1 0)
|    ( - 9.055e+01 1 0))
s>    ( QUESTION0_10_R 1 1.618e+02 3.737e+01 1.400e+01
s>        ( - 3.383e+01 1 0)
s>        ( - 9.055e+01 1 0))INFO: dtree.c(1315): Comp split 35
INFO: dtree.c(1315): Comp split 36
INFO: dtree.c(1439): stop. leaf nodes are specific
INFO: dtree.c(1478): Final simple tree
|( QUESTION0_0_R 1 2.819e+02 6.182e+01 2.007e+01
|    ( - 1.287e+02 1 0)
|    ( - 9.132e+01 1 0))
s>    ( QUESTION0_0_R 1 2.819e+02 6.182e+01 2.007e+01
s>        ( - 1.287e+02 1 0)
s>        ( - 9.132e+01 1 0))INFO: dtree.c(1315): Comp split 37
INFO: dtree.c(1315): Comp split 38
INFO: dtree.c(1315): Comp split 39
INFO: dtree.c(1315): Comp split 40
INFO: dtree.c(1439): stop. leaf nodes are specific
INFO: dtree.c(1478): Final simple tree
|( QUESTION0_10_R 1 1.967e+02 4.547e+01 1.689e+01
|    ( - 4.419e+01 1 0)
|    ( QUESTION7 1 1.070e+02 2.640e+01 1.194e+01
|        ( - 5.462e+01 1 0)
|        ( - 2.597e+01 1 0)))
s>    ( QUESTION0_10_R 1 1.967e+02 4.547e+01 1.689e+01
s>        ( - 4.419e+01 1 0)
s>        ( QUESTION7 1 1.070e+02 2.640e+01 1.194e+01
s>            ( - 5.462e+01 1 0)
s>            ( - 2.597e+01 1 0)))INFO: dtree.c(1315): Comp split 41
INFO: dtree.c(1315): Comp split 42
INFO: dtree.c(1439): stop. leaf nodes are specific
INFO: dtree.c(1478): Final simple tree
|( QUESTION0_14_R 1 2.567e+02 3.366e+01 1.942e+01
|    ( - 2.001e+02 1 0)
|    ( - 2.289e+01 1 0))
s>    ( QUESTION0_14_R 1 2.567e+02 3.366e+01 1.942e+01
s>        ( - 2.001e+02 1 0)
s>        ( - 2.289e+01 1 0))INFO: dtree.c(1439): stop. leaf nodes are specific
INFO: dtree.c(1478): Final simple tree
|( QUESTION0_10_R 1 2.566e+02 5.875e+01 1.892e+01
|    ( - 1.067e+02 1 0)
|    ( - 9.114e+01 1 0))
s>    ( QUESTION0_10_R 1 2.566e+02 5.875e+01 1.892e+01
s>        ( - 1.067e+02 1 0)
s>        ( - 9.114e+01 1 0))INFO: dtree.c(1315): Comp split 43
INFO: dtree.c(1315): Comp split 44
INFO: dtree.c(1315): Comp split 45
INFO: dtree.c(1315): Comp split 46
INFO: dtree.c(1315): Comp split 47
INFO: dtree.c(1315): Comp split 48
INFO: dtree.c(1439): stop. leaf nodes are specific
INFO: dtree.c(1478): Final simple tree
|( QUESTION7 1 1.070e+02 2.640e+01 1.194e+01
|    ( - 5.462e+01 1 0)
|    ( - 2.597e+01 1 0))
s>    ( QUESTION7 1 1.070e+02 2.640e+01 1.194e+01
s>        ( - 5.462e+01 1 0)
s>        ( - 2.597e+01 1 0))INFO: dtree.c(1315): Comp split 49
INFO: dtree.c(1439): stop. leaf nodes are specific
INFO: dtree.c(1478): Final simple tree
|( QUESTION0_0_R 1 6.991e+01 1.017e+01 6.963e+00
|    ( - 5.915e+01 1 0)
|    ( - 5.840e-01 1 0))
s>    ( QUESTION0_0_R 1 6.991e+01 1.017e+01 6.963e+00
s>        ( - 5.915e+01 1 0)
s>        ( - 5.840e-01 1 0))INFO: dtree.c(1439): stop. leaf nodes are specific
INFO: dtree.c(1478): Final simple tree
|( QUESTION0_0_R 1 7.697e+01 3.355e+01 1.495e+01
|    ( - 2.700e+01 1 0)
|    ( - 1.643e+01 1 0))
s>    ( QUESTION0_0_R 1 7.697e+01 3.355e+01 1.495e+01
s>        ( - 2.700e+01 1 0)
s>        ( - 1.643e+01 1 0))INFO: dtree.c(1315): Comp split 50
INFO: dtree.c(1315): Comp split 51
INFO: dtree.c(1315): Comp split 52
INFO: dtree.c(1315): Comp split 53
INFO: dtree.c(1315): Comp split 54
INFO: dtree.c(1315): Comp split 55
INFO: dtree.c(1315): Comp split 56
INFO: dtree.c(1318): stop. leaf nodes are specific
Sun Mar 12 05:24:27 2017
