Current configuration:
[NAME]		[DEFLT]	[VALUE]
-allphones	no	no
-cntthresh	0.00001	1.000000e-05
-csplitmax	100	2000
-csplitmin	1	1
-csplitthr	8e-4	0.000000e+00
-example	no	no
-fullvar	no	no
-help		no	no
-meanfn			
-mixwfn			/home/gaurav/python-scripts/py/scripts/sphinx-source2/an4/model_parameters/an4.cd_ptm_untied/mixture_weights
-moddeffn		/home/gaurav/python-scripts/py/scripts/sphinx-source2/an4/model_architecture/an4.untied.mdef
-mwfloor	1e-4	1.000000e-08
-phone			HH
-psetfn			/home/gaurav/python-scripts/py/scripts/sphinx-source2/an4/model_architecture/an4.tree_questions
-ssplitmax	5	7
-ssplitmin	1	1
-ssplitthr	8e-4	0.000000e+00
-state			1
-stwt			1.0,0.05,0.0,
-treefn			/home/gaurav/python-scripts/py/scripts/sphinx-source2/an4/trees/an4.unpruned/HH-1.dtree
-ts2cbfn	.semi.	.semi.
-varfloor	0.00001	1.000000e-05
-varfn			

INFO: main.c(223): Reading: /home/gaurav/python-scripts/py/scripts/sphinx-source2/an4/model_architecture/an4.untied.mdef
INFO: model_def_io.c(573): Model definition info:
INFO: model_def_io.c(574): 1618 total models defined (34 base, 1584 tri)
INFO: model_def_io.c(575): 6472 total states
INFO: model_def_io.c(576): 4854 total tied states
INFO: model_def_io.c(577): 102 total tied CI states
INFO: model_def_io.c(578): 34 total tied transition matrices
INFO: model_def_io.c(579): 4 max state/model
INFO: model_def_io.c(580): 4 min state/model
INFO: main.c(242): Building trees for [HH AH AE b] through [HH V W b]
INFO: main.c(269): Covering states |[1746 1808]| == 63
INFO: main.c(275): Reading: /home/gaurav/python-scripts/py/scripts/sphinx-source2/an4/model_parameters/an4.cd_ptm_untied/mixture_weights
INFO: s3mixw_io.c(173): Read /home/gaurav/python-scripts/py/scripts/sphinx-source2/an4/model_parameters/an4.cd_ptm_untied/mixture_weights [63x4x64 array]
INFO: main.c(311): 21 of 21 models have observation count greater than 0.000010
INFO: main.c(95): nrm stwt: 0.045 0.909 0.045 
INFO: main.c(411): 21-class entropy: 1.710019e+04
INFO: main.c(549): Reading: /home/gaurav/python-scripts/py/scripts/sphinx-source2/an4/model_architecture/an4.tree_questions
INFO: main.c(588): 180 total simple questions (172 phone; 8 word bndry)
INFO: main.c(590): 42 Left Only questions, and 42 Right Only questions
INFO: dtree.c(1478): Final simple tree
|( QUESTION0 -1 2.224e+04 1.419e+03 1.037e+03
|    ( QUESTION1 -1 8.348e+03 5.877e+02 4.471e+02
|        ( - 2.640e+03 3 0)
|        ( - 5.121e+03 5 0 QUESTION2_0_L -1 2.192e+02 2.813e+02))
|    ( SILENCE -1 1.247e+04 6.623e+02 5.899e+02
|        ( QUESTION0_8_R 1 5.911e+03 2.238e+02 3.126e+02
|            ( - 5.442e+03 1 0)
|            ( - 2.452e+02 1 0))
|        ( QUESTION2_8_L -1 5.896e+03 3.898e+02 2.773e+02
|            ( - 1.161e+03 1 0)
|            ( QUESTION2_1_L -1 4.345e+03 3.141e+02 2.072e+02
|                ( - 1.446e+03 4 0 QUESTION4 -1 1.503e+02 7.587e+01)
|                ( QUESTION4 -1 2.585e+03 2.330e+02 1.314e+02
|                    ( - 1.130e+03 2 0)
|                    ( - 1.222e+03 4 0 QUESTION17 -1 1.562e+02 6.783e+01))))))
s>    ( QUESTION0 -1 2.224e+04 1.419e+03 1.037e+03
s>        ( QUESTION1 -1 8.348e+03 5.877e+02 4.471e+02
s>            ( - 2.640e+03 3 0)
s>            ( - 5.121e+03 5 0 QUESTION2_0_L -1 2.192e+02 2.813e+02))
s>        ( SILENCE -1 1.247e+04 6.623e+02 5.899e+02
s>            ( QUESTION0_8_R 1 5.911e+03 2.238e+02 3.126e+02
s>                ( - 5.442e+03 1 0)
s>                ( - 2.452e+02 1 0))
s>            ( QUESTION2_8_L -1 5.896e+03 3.898e+02 2.773e+02
s>                ( - 1.161e+03 1 0)
s>                ( QUESTION2_1_L -1 4.345e+03 3.141e+02 2.072e+02
s>                    ( - 1.446e+03 4 0 QUESTION4 -1 1.503e+02 7.587e+01)
s>                    ( QUESTION4 -1 2.585e+03 2.330e+02 1.314e+02
s>                        ( - 1.130e+03 2 0)
s>                        ( - 1.222e+03 4 0 QUESTION17 -1 1.562e+02 6.783e+01))))))INFO: dtree.c(1315): Comp split 0
INFO: dtree.c(1478): Final simple tree
|( SILENCE -1 1.247e+04 6.623e+02 5.899e+02
|    ( QUESTION0_8_R 1 5.911e+03 2.238e+02 3.126e+02
|        ( - 5.442e+03 1 0)
|        ( - 2.452e+02 1 0))
|    ( QUESTION2_8_L -1 5.896e+03 3.898e+02 2.773e+02
|        ( - 1.161e+03 1 0)
|        ( QUESTION2_1_L -1 4.345e+03 3.141e+02 2.072e+02
|            ( QUESTION4 -1 1.446e+03 1.503e+02 7.587e+01
|                ( - 8.410e+02 2 0)
|                ( - 4.550e+02 2 0))
|            ( QUESTION4 -1 2.585e+03 2.330e+02 1.314e+02
|                ( - 1.130e+03 2 0)
|                ( QUESTION17 -1 1.222e+03 1.562e+02 6.783e+01
|                    ( - 3.247e+02 1 0)
|                    ( - 7.415e+02 3 0 QUESTION6 -1 6.086e+01 4.584e+01))))))
s>    ( SILENCE -1 1.247e+04 6.623e+02 5.899e+02
s>        ( QUESTION0_8_R 1 5.911e+03 2.238e+02 3.126e+02
s>            ( - 5.442e+03 1 0)
s>            ( - 2.452e+02 1 0))
s>        ( QUESTION2_8_L -1 5.896e+03 3.898e+02 2.773e+02
s>            ( - 1.161e+03 1 0)
s>            ( QUESTION2_1_L -1 4.345e+03 3.141e+02 2.072e+02
s>                ( QUESTION4 -1 1.446e+03 1.503e+02 7.587e+01
s>                    ( - 8.410e+02 2 0)
s>                    ( - 4.550e+02 2 0))
s>                ( QUESTION4 -1 2.585e+03 2.330e+02 1.314e+02
s>                    ( - 1.130e+03 2 0)
s>                    ( QUESTION17 -1 1.222e+03 1.562e+02 6.783e+01
s>                        ( - 3.247e+02 1 0)
s>                        ( - 7.415e+02 3 0 QUESTION6 -1 6.086e+01 4.584e+01))))))INFO: dtree.c(1439): stop. leaf nodes are specific
INFO: dtree.c(1478): Final simple tree
|( QUESTION1 -1 8.348e+03 5.877e+02 4.471e+02
|    ( - 2.640e+03 3 0)
|    ( QUESTION2_0_L -1 5.121e+03 2.192e+02 2.813e+02
|        ( - 4.691e+03 3 0)
|        ( QUESTION0_0_R 1 2.110e+02 3.361e+01 1.500e+01
|            ( - 8.000e+00 1 0)
|            ( - 1.694e+02 1 0))))
s>    ( QUESTION1 -1 8.348e+03 5.877e+02 4.471e+02
s>        ( - 2.640e+03 3 0)
s>        ( QUESTION2_0_L -1 5.121e+03 2.192e+02 2.813e+02
s>            ( - 4.691e+03 3 0)
s>            ( QUESTION0_0_R 1 2.110e+02 3.361e+01 1.500e+01
s>                ( - 8.000e+00 1 0)
s>                ( - 1.694e+02 1 0))))INFO: dtree.c(1315): Comp split 1
INFO: dtree.c(1478): Final simple tree
|( QUESTION2_8_L -1 6.348e+03 3.971e+02 2.954e+02
|    ( - 1.161e+03 1 0)
|    ( QUESTION2_1_L -1 4.790e+03 3.178e+02 2.253e+02
|        ( QUESTION4 -1 1.446e+03 1.503e+02 7.587e+01
|            ( - 8.410e+02 2 0)
|            ( - 4.550e+02 2 0))
|        ( QUESTION5 -1 3.026e+03 2.606e+02 1.494e+02
|            ( QUESTION17 -1 1.222e+03 1.562e+02 6.783e+01
|                ( - 3.247e+02 1 0)
|                ( QUESTION6 -1 7.415e+02 6.086e+01 4.584e+01
|                    ( - 3.743e+01 1 0)
|                    ( - 6.432e+02 2 0)))
|            ( SILENCE -1 1.543e+03 1.681e+02 8.159e+01
|                ( - 2.452e+02 1 0)
|                ( - 1.130e+03 2 0)))))
s>    ( QUESTION2_8_L -1 6.348e+03 3.971e+02 2.954e+02
s>        ( - 1.161e+03 1 0)
s>        ( QUESTION2_1_L -1 4.790e+03 3.178e+02 2.253e+02
s>            ( QUESTION4 -1 1.446e+03 1.503e+02 7.587e+01
s>                ( - 8.410e+02 2 0)
s>                ( - 4.550e+02 2 0))
s>            ( QUESTION5 -1 3.026e+03 2.606e+02 1.494e+02
s>                ( QUESTION17 -1 1.222e+03 1.562e+02 6.783e+01
s>                    ( - 3.247e+02 1 0)
s>                    ( QUESTION6 -1 7.415e+02 6.086e+01 4.584e+01
s>                        ( - 3.743e+01 1 0)
s>                        ( - 6.432e+02 2 0)))
s>                ( SILENCE -1 1.543e+03 1.681e+02 8.159e+01
s>                    ( - 2.452e+02 1 0)
s>                    ( - 1.130e+03 2 0)))))INFO: dtree.c(1315): Comp split 2
INFO: dtree.c(1439): stop. leaf nodes are specific
INFO: dtree.c(1478): Final simple tree
|( QUESTION0_0_R 1 4.749e+03 5.040e+01 2.683e+02
|    ( - 8.000e+00 1 0)
|    ( - 4.691e+03 3 0))
s>    ( QUESTION0_0_R 1 4.749e+03 5.040e+01 2.683e+02
s>        ( - 8.000e+00 1 0)
s>        ( - 4.691e+03 3 0))INFO: dtree.c(1439): stop. leaf nodes are specific
INFO: dtree.c(1478): Final simple tree
|( QUESTION1 -1 2.998e+03 1.890e+02 1.789e+02
|    ( - 2.640e+03 3 0)
|    ( - 1.694e+02 1 0))
s>    ( QUESTION1 -1 2.998e+03 1.890e+02 1.789e+02
s>        ( - 2.640e+03 3 0)
s>        ( - 1.694e+02 1 0))INFO: dtree.c(1315): Comp split 3
INFO: dtree.c(1439): stop. leaf nodes are specific
INFO: dtree.c(1478): Final simple tree
|( QUESTION2_1_L -1 2.837e+03 2.390e+02 1.398e+02
|    ( QUESTION4 -1 1.446e+03 1.503e+02 7.587e+01
|        ( - 8.410e+02 2 0)
|        ( - 4.550e+02 2 0))
|    ( QUESTION16 -1 1.152e+03 1.694e+02 6.390e+01
|        ( - 6.432e+02 2 0)
|        ( SILENCE -1 3.391e+02 5.643e+01 2.307e+01
|            ( - 2.452e+02 1 0)
|            ( - 3.743e+01 1 0))))
s>    ( QUESTION2_1_L -1 2.837e+03 2.390e+02 1.398e+02
s>        ( QUESTION4 -1 1.446e+03 1.503e+02 7.587e+01
s>            ( - 8.410e+02 2 0)
s>            ( - 4.550e+02 2 0))
s>        ( QUESTION16 -1 1.152e+03 1.694e+02 6.390e+01
s>            ( - 6.432e+02 2 0)
s>            ( SILENCE -1 3.391e+02 5.643e+01 2.307e+01
s>                ( - 2.452e+02 1 0)
s>                ( - 3.743e+01 1 0))))INFO: dtree.c(1439): stop. leaf nodes are specific
INFO: dtree.c(1478): Final simple tree
|( QUESTION20 -1 3.087e+03 3.193e+02 1.556e+02
|    ( - 1.161e+03 1 0)
|    ( QUESTION4 -1 1.607e+03 1.525e+02 8.551e+01
|        ( - 1.130e+03 2 0)
|        ( - 3.247e+02 1 0)))
s>    ( QUESTION20 -1 3.087e+03 3.193e+02 1.556e+02
s>        ( - 1.161e+03 1 0)
s>        ( QUESTION4 -1 1.607e+03 1.525e+02 8.551e+01
s>            ( - 1.130e+03 2 0)
s>            ( - 3.247e+02 1 0)))INFO: dtree.c(1315): Comp split 4
INFO: dtree.c(1439): stop. leaf nodes are specific
INFO: dtree.c(1478): Final simple tree
|( QUESTION4 -1 1.607e+03 1.525e+02 8.551e+01
|    ( - 1.130e+03 2 0)
|    ( - 3.247e+02 1 0))
s>    ( QUESTION4 -1 1.607e+03 1.525e+02 8.551e+01
s>        ( - 1.130e+03 2 0)
s>        ( - 3.247e+02 1 0))INFO: dtree.c(1315): Comp split 5
INFO: dtree.c(1439): stop. leaf nodes are specific
INFO: dtree.c(1478): Final simple tree
|( QUESTION16 -1 1.152e+03 1.694e+02 6.390e+01
|    ( - 6.432e+02 2 0)
|    ( SILENCE -1 3.391e+02 5.643e+01 2.307e+01
|        ( - 2.452e+02 1 0)
|        ( - 3.743e+01 1 0)))
s>    ( QUESTION16 -1 1.152e+03 1.694e+02 6.390e+01
s>        ( - 6.432e+02 2 0)
s>        ( SILENCE -1 3.391e+02 5.643e+01 2.307e+01
s>            ( - 2.452e+02 1 0)
s>            ( - 3.743e+01 1 0)))INFO: dtree.c(1439): stop. leaf nodes are specific
INFO: dtree.c(1478): Final simple tree
|( QUESTION4 -1 1.446e+03 1.503e+02 7.587e+01
|    ( - 8.410e+02 2 0)
|    ( - 4.550e+02 2 0))
s>    ( QUESTION4 -1 1.446e+03 1.503e+02 7.587e+01
s>        ( - 8.410e+02 2 0)
s>        ( - 4.550e+02 2 0))INFO: dtree.c(1315): Comp split 6
INFO: dtree.c(1315): Comp split 7
INFO: dtree.c(1439): stop. leaf nodes are specific
INFO: dtree.c(1478): Final simple tree
|( SILENCE -1 3.391e+02 5.643e+01 2.307e+01
|    ( - 2.452e+02 1 0)
|    ( - 3.743e+01 1 0))
s>    ( SILENCE -1 3.391e+02 5.643e+01 2.307e+01
s>        ( - 2.452e+02 1 0)
s>        ( - 3.743e+01 1 0))INFO: dtree.c(1315): Comp split 8
INFO: dtree.c(1315): Comp split 9
INFO: dtree.c(1315): Comp split 10
INFO: dtree.c(1315): Comp split 11
INFO: dtree.c(1315): Comp split 12
INFO: dtree.c(1318): stop. leaf nodes are specific
Sun Mar 12 05:24:33 2017
