Current configuration:
[NAME]		[DEFLT]	[VALUE]
-allphones	no	no
-cntthresh	0.00001	1.000000e-05
-csplitmax	100	2000
-csplitmin	1	1
-csplitthr	8e-4	0.000000e+00
-example	no	no
-fullvar	no	no
-help		no	no
-meanfn			
-mixwfn			/home/gaurav/python-scripts/py/scripts/sphinx-source2/an4/model_parameters/an4.cd_ptm_untied/mixture_weights
-moddeffn		/home/gaurav/python-scripts/py/scripts/sphinx-source2/an4/model_architecture/an4.untied.mdef
-mwfloor	1e-4	1.000000e-08
-phone			AH
-psetfn			/home/gaurav/python-scripts/py/scripts/sphinx-source2/an4/model_architecture/an4.tree_questions
-ssplitmax	5	7
-ssplitmin	1	1
-ssplitthr	8e-4	0.000000e+00
-state			0
-stwt			1.0,0.05,0.0,
-treefn			/home/gaurav/python-scripts/py/scripts/sphinx-source2/an4/trees/an4.unpruned/AH-0.dtree
-ts2cbfn	.semi.	.semi.
-varfloor	0.00001	1.000000e-05
-varfn			

INFO: main.c(223): Reading: /home/gaurav/python-scripts/py/scripts/sphinx-source2/an4/model_architecture/an4.untied.mdef
INFO: model_def_io.c(573): Model definition info:
INFO: model_def_io.c(574): 1618 total models defined (34 base, 1584 tri)
INFO: model_def_io.c(575): 6472 total states
INFO: model_def_io.c(576): 4854 total tied states
INFO: model_def_io.c(577): 102 total tied CI states
INFO: model_def_io.c(578): 34 total tied transition matrices
INFO: model_def_io.c(579): 4 max state/model
INFO: model_def_io.c(580): 4 min state/model
INFO: main.c(242): Building trees for [AH AH AY s] through [AH Z N i]
INFO: main.c(269): Covering states |[177 470]| == 294
INFO: main.c(275): Reading: /home/gaurav/python-scripts/py/scripts/sphinx-source2/an4/model_parameters/an4.cd_ptm_untied/mixture_weights
INFO: s3mixw_io.c(173): Read /home/gaurav/python-scripts/py/scripts/sphinx-source2/an4/model_parameters/an4.cd_ptm_untied/mixture_weights [294x4x64 array]
INFO: main.c(311): 98 of 98 models have observation count greater than 0.000010
INFO: main.c(95): nrm stwt: 0.952 0.048 0.000 
INFO: main.c(411): 98-class entropy: 3.249754e+04
INFO: main.c(549): Reading: /home/gaurav/python-scripts/py/scripts/sphinx-source2/an4/model_architecture/an4.tree_questions
INFO: main.c(588): 180 total simple questions (172 phone; 8 word bndry)
INFO: main.c(590): 42 Left Only questions, and 42 Right Only questions
INFO: dtree.c(1478): Final simple tree
|( QUESTION2_18_L -1 4.880e+04 3.361e+03 2.187e+03
|    ( - 7.083e+03 2 0 QUESTION0_0_R 1 2.303e+02 4.370e+02)
|    ( WDBNDRY_S 0 3.835e+04 1.950e+03 1.750e+03
|        ( QUESTION1 -1 2.201e+04 4.142e+02 1.065e+03
|            ( - 8.897e+03 18 0 QUESTION5 1 2.692e+02 4.415e+02)
|            ( QUESTION2_2_L -1 1.269e+04 3.829e+02 6.231e+02
|                ( - 8.429e+03 44 0 QUESTION0 -1 3.028e+02 4.149e+02)
|                ( - 3.883e+03 18 0 SILENCE -1 2.385e+02 2.082e+02)))
|        ( QUESTION4 1 1.440e+04 1.029e+03 6.852e+02
|            ( - 7.290e+03 5 0 QUESTION2_5_L -1 2.895e+02 3.943e+02)
|            ( QUESTION6 -1 6.078e+03 5.354e+02 2.909e+02
|                ( QUESTION0 1 4.025e+03 3.097e+02 2.041e+02
|                    ( - 1.966e+03 3 0 QUESTION7 -1 4.372e+01 1.118e+02)
|                    ( - 1.749e+03 2 0 WDBNDRY_B 0 3.794e+01 9.227e+01))
|                ( - 1.518e+03 6 0 QUESTION5 -1 1.965e+02 8.681e+01)))))
s>    ( QUESTION2_18_L -1 4.880e+04 3.361e+03 2.187e+03
s>        ( - 7.083e+03 2 0 QUESTION0_0_R 1 2.303e+02 4.370e+02)
s>        ( WDBNDRY_S 0 3.835e+04 1.950e+03 1.750e+03
s>            ( QUESTION1 -1 2.201e+04 4.142e+02 1.065e+03
s>                ( - 8.897e+03 18 0 QUESTION5 1 2.692e+02 4.415e+02)
s>                ( QUESTION2_2_L -1 1.269e+04 3.829e+02 6.231e+02
s>                    ( - 8.429e+03 44 0 QUESTION0 -1 3.028e+02 4.149e+02)
s>                    ( - 3.883e+03 18 0 SILENCE -1 2.385e+02 2.082e+02)))
s>            ( QUESTION4 1 1.440e+04 1.029e+03 6.852e+02
s>                ( - 7.290e+03 5 0 QUESTION2_5_L -1 2.895e+02 3.943e+02)
s>                ( QUESTION6 -1 6.078e+03 5.354e+02 2.909e+02
s>                    ( QUESTION0 1 4.025e+03 3.097e+02 2.041e+02
s>                        ( - 1.966e+03 3 0 QUESTION7 -1 4.372e+01 1.118e+02)
s>                        ( - 1.749e+03 2 0 WDBNDRY_B 0 3.794e+01 9.227e+01))
s>                    ( - 1.518e+03 6 0 QUESTION5 -1 1.965e+02 8.681e+01)))))INFO: dtree.c(1315): Comp split 0
INFO: dtree.c(1478): Final simple tree
|( WDBNDRY_S 0 2.658e+04 8.746e+02 1.244e+03
|    ( QUESTION1 -1 2.201e+04 4.142e+02 1.065e+03
|        ( QUESTION5 1 8.897e+03 2.692e+02 4.415e+02
|            ( - 4.039e+03 9 0 QUESTION0_14_R 1 2.197e+02 2.072e+02)
|            ( - 4.589e+03 9 0 SILENCE 1 2.458e+02 2.343e+02))
|        ( QUESTION2_2_L -1 1.269e+04 3.829e+02 6.231e+02
|            ( QUESTION0 -1 8.429e+03 3.028e+02 4.149e+02
|                ( - 2.853e+03 16 0 QUESTION0_8_R 1 2.288e+02 1.474e+02)
|                ( QUESTION16 -1 5.273e+03 2.706e+02 2.675e+02
|                    ( - 2.340e+03 15 0 QUESTION2_9_L -1 1.840e+02 1.228e+02)
|                    ( - 2.663e+03 13 0 QUESTION0_8_R 1 1.622e+02 1.447e+02)))
|            ( - 3.883e+03 18 0 SILENCE -1 2.385e+02 2.082e+02)))
|    ( QUESTION16 -1 3.695e+03 4.486e+02 1.791e+02
|        ( - 1.159e+03 2 0 QUESTION0_0_R 1 2.046e+01 7.181e+01)
|        ( - 2.087e+03 6 0 QUESTION0_16_R 1 1.787e+02 1.073e+02)))
s>    ( WDBNDRY_S 0 2.658e+04 8.746e+02 1.244e+03
s>        ( QUESTION1 -1 2.201e+04 4.142e+02 1.065e+03
s>            ( QUESTION5 1 8.897e+03 2.692e+02 4.415e+02
s>                ( - 4.039e+03 9 0 QUESTION0_14_R 1 2.197e+02 2.072e+02)
s>                ( - 4.589e+03 9 0 SILENCE 1 2.458e+02 2.343e+02))
s>            ( QUESTION2_2_L -1 1.269e+04 3.829e+02 6.231e+02
s>                ( QUESTION0 -1 8.429e+03 3.028e+02 4.149e+02
s>                    ( - 2.853e+03 16 0 QUESTION0_8_R 1 2.288e+02 1.474e+02)
s>                    ( QUESTION16 -1 5.273e+03 2.706e+02 2.675e+02
s>                        ( - 2.340e+03 15 0 QUESTION2_9_L -1 1.840e+02 1.228e+02)
s>                        ( - 2.663e+03 13 0 QUESTION0_8_R 1 1.622e+02 1.447e+02)))
s>                ( - 3.883e+03 18 0 SILENCE -1 2.385e+02 2.082e+02)))
s>        ( QUESTION16 -1 3.695e+03 4.486e+02 1.791e+02
s>            ( - 1.159e+03 2 0 QUESTION0_0_R 1 2.046e+01 7.181e+01)
s>            ( - 2.087e+03 6 0 QUESTION0_16_R 1 1.787e+02 1.073e+02)))INFO: dtree.c(1478): Final simple tree
|( QUESTION0 -1 1.880e+04 1.808e+03 9.431e+02
|    ( - 6.689e+03 1 0)
|    ( QUESTION20 -1 1.031e+04 7.662e+02 5.212e+02
|        ( QUESTION2_5_L -1 6.864e+03 2.178e+02 3.773e+02
|            ( - 6.135e+03 1 0)
|            ( - 5.117e+02 2 0 QUESTION0_0_R 1 1.989e+01 3.400e+01))
|        ( QUESTION0_2_R 1 2.677e+03 2.450e+02 1.438e+02
|            ( QUESTION7 -1 1.915e+03 4.340e+01 1.098e+02
|                ( - 1.853e+03 1 0)
|                ( - 1.922e+01 1 0))
|            ( QUESTION0_0_R 1 5.170e+02 9.096e+01 3.400e+01
|                ( QUESTION7 -1 2.272e+02 4.590e+01 1.700e+01
|                    ( - 3.686e+01 1 0)
|                    ( - 1.445e+02 1 0))
|                ( - 1.988e+02 2 0 QUESTION0 1 2.728e+01 1.700e+01)))))
s>    ( QUESTION0 -1 1.880e+04 1.808e+03 9.431e+02
s>        ( - 6.689e+03 1 0)
s>        ( QUESTION20 -1 1.031e+04 7.662e+02 5.212e+02
s>            ( QUESTION2_5_L -1 6.864e+03 2.178e+02 3.773e+02
s>                ( - 6.135e+03 1 0)
s>                ( - 5.117e+02 2 0 QUESTION0_0_R 1 1.989e+01 3.400e+01))
s>            ( QUESTION0_2_R 1 2.677e+03 2.450e+02 1.438e+02
s>                ( QUESTION7 -1 1.915e+03 4.340e+01 1.098e+02
s>                    ( - 1.853e+03 1 0)
s>                    ( - 1.922e+01 1 0))
s>                ( QUESTION0_0_R 1 5.170e+02 9.096e+01 3.400e+01
s>                    ( QUESTION7 -1 2.272e+02 4.590e+01 1.700e+01
s>                        ( - 3.686e+01 1 0)
s>                        ( - 1.445e+02 1 0))
s>                    ( - 1.988e+02 2 0 QUESTION0 1 2.728e+01 1.700e+01)))))INFO: dtree.c(1315): Comp split 1
INFO: dtree.c(1478): Final simple tree
|( QUESTION20 -1 1.031e+04 7.662e+02 5.212e+02
|    ( QUESTION2_5_L -1 6.864e+03 2.178e+02 3.773e+02
|        ( - 6.135e+03 1 0)
|        ( - 5.117e+02 2 0 QUESTION0_0_R 1 1.989e+01 3.400e+01))
|    ( QUESTION0_2_R 1 2.677e+03 2.450e+02 1.438e+02
|        ( QUESTION7 -1 1.915e+03 4.340e+01 1.098e+02
|            ( - 1.853e+03 1 0)
|            ( - 1.922e+01 1 0))
|        ( QUESTION0_0_R 1 5.170e+02 9.096e+01 3.400e+01
|            ( QUESTION7 -1 2.272e+02 4.590e+01 1.700e+01
|                ( - 3.686e+01 1 0)
|                ( - 1.445e+02 1 0))
|            ( QUESTION0 1 1.988e+02 2.728e+01 1.700e+01
|                ( - 8.000e+00 1 0)
|                ( - 1.636e+02 1 0)))))
s>    ( QUESTION20 -1 1.031e+04 7.662e+02 5.212e+02
s>        ( QUESTION2_5_L -1 6.864e+03 2.178e+02 3.773e+02
s>            ( - 6.135e+03 1 0)
s>            ( - 5.117e+02 2 0 QUESTION0_0_R 1 1.989e+01 3.400e+01))
s>        ( QUESTION0_2_R 1 2.677e+03 2.450e+02 1.438e+02
s>            ( QUESTION7 -1 1.915e+03 4.340e+01 1.098e+02
s>                ( - 1.853e+03 1 0)
s>                ( - 1.922e+01 1 0))
s>            ( QUESTION0_0_R 1 5.170e+02 9.096e+01 3.400e+01
s>                ( QUESTION7 -1 2.272e+02 4.590e+01 1.700e+01
s>                    ( - 3.686e+01 1 0)
s>                    ( - 1.445e+02 1 0))
s>                ( QUESTION0 1 1.988e+02 2.728e+01 1.700e+01
s>                    ( - 8.000e+00 1 0)
s>                    ( - 1.636e+02 1 0)))))INFO: dtree.c(1315): Comp split 2
INFO: dtree.c(1478): Final simple tree
|( QUESTION1 -1 2.201e+04 4.142e+02 1.065e+03
|    ( QUESTION5 1 8.897e+03 2.692e+02 4.415e+02
|        ( - 4.039e+03 9 0 QUESTION0_14_R 1 2.197e+02 2.072e+02)
|        ( SILENCE 1 4.589e+03 2.458e+02 2.343e+02
|            ( - 5.973e+02 1 0)
|            ( - 3.746e+03 8 0 QUESTION0 1 1.899e+02 1.933e+02)))
|    ( QUESTION2_2_L -1 1.269e+04 3.829e+02 6.231e+02
|        ( QUESTION0 -1 8.429e+03 3.028e+02 4.149e+02
|            ( - 2.853e+03 16 0 QUESTION0_8_R 1 2.288e+02 1.474e+02)
|            ( QUESTION16 -1 5.273e+03 2.706e+02 2.675e+02
|                ( - 2.340e+03 15 0 QUESTION2_9_L -1 1.840e+02 1.228e+02)
|                ( - 2.663e+03 13 0 QUESTION0_8_R 1 1.622e+02 1.447e+02)))
|        ( SILENCE -1 3.883e+03 2.385e+02 2.082e+02
|            ( - 1.563e+03 7 0 QUESTION0_9_R 1 1.346e+02 9.622e+01)
|            ( - 2.082e+03 11 0 QUESTION0_13_R 1 1.869e+02 1.120e+02))))
s>    ( QUESTION1 -1 2.201e+04 4.142e+02 1.065e+03
s>        ( QUESTION5 1 8.897e+03 2.692e+02 4.415e+02
s>            ( - 4.039e+03 9 0 QUESTION0_14_R 1 2.197e+02 2.072e+02)
s>            ( SILENCE 1 4.589e+03 2.458e+02 2.343e+02
s>                ( - 5.973e+02 1 0)
s>                ( - 3.746e+03 8 0 QUESTION0 1 1.899e+02 1.933e+02)))
s>        ( QUESTION2_2_L -1 1.269e+04 3.829e+02 6.231e+02
s>            ( QUESTION0 -1 8.429e+03 3.028e+02 4.149e+02
s>                ( - 2.853e+03 16 0 QUESTION0_8_R 1 2.288e+02 1.474e+02)
s>                ( QUESTION16 -1 5.273e+03 2.706e+02 2.675e+02
s>                    ( - 2.340e+03 15 0 QUESTION2_9_L -1 1.840e+02 1.228e+02)
s>                    ( - 2.663e+03 13 0 QUESTION0_8_R 1 1.622e+02 1.447e+02)))
s>            ( SILENCE -1 3.883e+03 2.385e+02 2.082e+02
s>                ( - 1.563e+03 7 0 QUESTION0_9_R 1 1.346e+02 9.622e+01)
s>                ( - 2.082e+03 11 0 QUESTION0_13_R 1 1.869e+02 1.120e+02))))INFO: dtree.c(1478): Final simple tree
|( QUESTION16 -1 3.695e+03 4.486e+02 1.791e+02
|    ( QUESTION0_0_R 1 1.159e+03 2.046e+01 7.181e+01
|        ( - 0.000e+00 1 0)
|        ( - 1.139e+03 1 0))
|    ( QUESTION0_16_R 1 2.087e+03 1.787e+02 1.073e+02
|        ( - 1.707e+03 1 0)
|        ( WDBNDRY_B 0 2.010e+02 5.817e+01 1.700e+01
|            ( QUESTION4 -1 4.132e+01 1.902e+01 5.000e+00
|                ( - 7.619e+00 1 0)
|                ( QUESTION0_0_R 1 1.469e+01 1.088e+01 3.000e+00
|                    ( - 3.810e+00 1 0)
|                    ( - 0.000e+00 1 0)))
|            ( WDBNDRY_E 0 1.015e+02 1.444e+01 1.200e+01
|                ( - 0.000e+00 1 0)
|                ( - 8.709e+01 1 0)))))
s>    ( QUESTION16 -1 3.695e+03 4.486e+02 1.791e+02
s>        ( QUESTION0_0_R 1 1.159e+03 2.046e+01 7.181e+01
s>            ( - 0.000e+00 1 0)
s>            ( - 1.139e+03 1 0))
s>        ( QUESTION0_16_R 1 2.087e+03 1.787e+02 1.073e+02
s>            ( - 1.707e+03 1 0)
s>            ( WDBNDRY_B 0 2.010e+02 5.817e+01 1.700e+01
s>                ( QUESTION4 -1 4.132e+01 1.902e+01 5.000e+00
s>                    ( - 7.619e+00 1 0)
s>                    ( QUESTION0_0_R 1 1.469e+01 1.088e+01 3.000e+00
s>                        ( - 3.810e+00 1 0)
s>                        ( - 0.000e+00 1 0)))
s>                ( WDBNDRY_E 0 1.015e+02 1.444e+01 1.200e+01
s>                    ( - 0.000e+00 1 0)
s>                    ( - 8.709e+01 1 0)))))INFO: dtree.c(1315): Comp split 3
INFO: dtree.c(1439): stop. leaf nodes are specific
INFO: dtree.c(1478): Final simple tree
|( QUESTION0_2_R 1 2.677e+03 2.450e+02 1.438e+02
|    ( QUESTION7 -1 1.915e+03 4.340e+01 1.098e+02
|        ( - 1.853e+03 1 0)
|        ( - 1.922e+01 1 0))
|    ( QUESTION0_0_R 1 5.170e+02 9.096e+01 3.400e+01
|        ( QUESTION7 -1 2.272e+02 4.590e+01 1.700e+01
|            ( - 3.686e+01 1 0)
|            ( - 1.445e+02 1 0))
|        ( QUESTION0 1 1.988e+02 2.728e+01 1.700e+01
|            ( - 8.000e+00 1 0)
|            ( - 1.636e+02 1 0))))
s>    ( QUESTION0_2_R 1 2.677e+03 2.450e+02 1.438e+02
s>        ( QUESTION7 -1 1.915e+03 4.340e+01 1.098e+02
s>            ( - 1.853e+03 1 0)
s>            ( - 1.922e+01 1 0))
s>        ( QUESTION0_0_R 1 5.170e+02 9.096e+01 3.400e+01
s>            ( QUESTION7 -1 2.272e+02 4.590e+01 1.700e+01
s>                ( - 3.686e+01 1 0)
s>                ( - 1.445e+02 1 0))
s>            ( QUESTION0 1 1.988e+02 2.728e+01 1.700e+01
s>                ( - 8.000e+00 1 0)
s>                ( - 1.636e+02 1 0))))INFO: dtree.c(1439): stop. leaf nodes are specific
INFO: dtree.c(1478): Final simple tree
|( QUESTION2_5_L -1 6.864e+03 2.178e+02 3.773e+02
|    ( - 6.135e+03 1 0)
|    ( QUESTION0_0_R 1 5.117e+02 1.989e+01 3.400e+01
|        ( - 4.919e+02 1 0)
|        ( - 0.000e+00 1 0)))
s>    ( QUESTION2_5_L -1 6.864e+03 2.178e+02 3.773e+02
s>        ( - 6.135e+03 1 0)
s>        ( QUESTION0_0_R 1 5.117e+02 1.989e+01 3.400e+01
s>            ( - 4.919e+02 1 0)
s>            ( - 0.000e+00 1 0)))INFO: dtree.c(1315): Comp split 4
INFO: dtree.c(1478): Final simple tree
|( QUESTION0 -1 5.457e+03 2.643e+02 2.702e+02
|    ( QUESTION0_8_R 1 2.853e+03 2.288e+02 1.474e+02
|        ( QUESTION0 1 1.462e+03 1.226e+02 8.090e+01
|            ( - 1.084e+03 5 0)
|            ( - 2.563e+02 2 0))
|        ( QUESTION6 1 1.162e+03 1.465e+02 6.645e+01
|            ( - 4.650e+02 4 0 QUESTION0_18_R 1 8.914e+01 3.297e+01)
|            ( - 5.502e+02 5 0 QUESTION0_7_R 1 6.452e+01 3.348e+01)))
|    ( QUESTION2_9_L -1 2.340e+03 1.840e+02 1.228e+02
|        ( QUESTION0_8_R 1 1.161e+03 1.411e+02 6.546e+01
|            ( - 3.910e+02 4 0 QUESTION2 1 5.051e+01 2.698e+01)
|            ( - 6.287e+02 4 0 QUESTION0_14_R 1 9.492e+01 3.848e+01))
|        ( QUESTION0_14_R 1 9.949e+02 1.274e+02 5.735e+01
|            ( - 5.619e+02 2 0 QUESTION6 1 7.140e+01 3.600e+01)
|            ( - 3.057e+02 5 0 QUESTION0_10_R 1 6.907e+01 2.135e+01))))
s>    ( QUESTION0 -1 5.457e+03 2.643e+02 2.702e+02
s>        ( QUESTION0_8_R 1 2.853e+03 2.288e+02 1.474e+02
s>            ( QUESTION0 1 1.462e+03 1.226e+02 8.090e+01
s>                ( - 1.084e+03 5 0)
s>                ( - 2.563e+02 2 0))
s>            ( QUESTION6 1 1.162e+03 1.465e+02 6.645e+01
s>                ( - 4.650e+02 4 0 QUESTION0_18_R 1 8.914e+01 3.297e+01)
s>                ( - 5.502e+02 5 0 QUESTION0_7_R 1 6.452e+01 3.348e+01)))
s>        ( QUESTION2_9_L -1 2.340e+03 1.840e+02 1.228e+02
s>            ( QUESTION0_8_R 1 1.161e+03 1.411e+02 6.546e+01
s>                ( - 3.910e+02 4 0 QUESTION2 1 5.051e+01 2.698e+01)
s>                ( - 6.287e+02 4 0 QUESTION0_14_R 1 9.492e+01 3.848e+01))
s>            ( QUESTION0_14_R 1 9.949e+02 1.274e+02 5.735e+01
s>                ( - 5.619e+02 2 0 QUESTION6 1 7.140e+01 3.600e+01)
s>                ( - 3.057e+02 5 0 QUESTION0_10_R 1 6.907e+01 2.135e+01))))INFO: dtree.c(1478): Final simple tree
|( QUESTION2_2_L -1 1.605e+04 3.642e+02 7.944e+02
|    ( QUESTION5 1 1.180e+04 2.711e+02 5.862e+02
|        ( QUESTION0_14_R 1 5.525e+03 2.150e+02 2.832e+02
|            ( QUESTION0 -1 3.205e+03 2.003e+02 1.663e+02
|                ( - 2.102e+03 3 0 QUESTION6 1 1.036e+02 1.103e+02)
|                ( - 9.030e+02 2 0 QUESTION4 -1 9.613e+01 5.599e+01))
|            ( - 2.105e+03 10 0 QUESTION0_10_R 1 1.647e+02 1.169e+02))
|        ( SILENCE 1 6.002e+03 2.523e+02 3.030e+02
|            ( - 9.839e+02 2 0 QUESTION0 -1 1.283e+02 6.000e+01)
|            ( QUESTION0 1 4.766e+03 2.002e+02 2.430e+02
|                ( - 3.652e+03 12 0 QUESTION5 -1 1.669e+02 1.896e+02)
|                ( - 9.137e+02 2 0 QUESTION0 -1 5.278e+01 5.345e+01))))
|    ( SILENCE -1 3.883e+03 2.385e+02 2.082e+02
|        ( - 1.563e+03 7 0 QUESTION0_9_R 1 1.346e+02 9.622e+01)
|        ( - 2.082e+03 11 0 QUESTION0_13_R 1 1.869e+02 1.120e+02)))
s>    ( QUESTION2_2_L -1 1.605e+04 3.642e+02 7.944e+02
s>        ( QUESTION5 1 1.180e+04 2.711e+02 5.862e+02
s>            ( QUESTION0_14_R 1 5.525e+03 2.150e+02 2.832e+02
s>                ( QUESTION0 -1 3.205e+03 2.003e+02 1.663e+02
s>                    ( - 2.102e+03 3 0 QUESTION6 1 1.036e+02 1.103e+02)
s>                    ( - 9.030e+02 2 0 QUESTION4 -1 9.613e+01 5.599e+01))
s>                ( - 2.105e+03 10 0 QUESTION0_10_R 1 1.647e+02 1.169e+02))
s>            ( SILENCE 1 6.002e+03 2.523e+02 3.030e+02
s>                ( - 9.839e+02 2 0 QUESTION0 -1 1.283e+02 6.000e+01)
s>                ( QUESTION0 1 4.766e+03 2.002e+02 2.430e+02
s>                    ( - 3.652e+03 12 0 QUESTION5 -1 1.669e+02 1.896e+02)
s>                    ( - 9.137e+02 2 0 QUESTION0 -1 5.278e+01 5.345e+01))))
s>        ( SILENCE -1 3.883e+03 2.385e+02 2.082e+02
s>            ( - 1.563e+03 7 0 QUESTION0_9_R 1 1.346e+02 9.622e+01)
s>            ( - 2.082e+03 11 0 QUESTION0_13_R 1 1.869e+02 1.120e+02)))INFO: dtree.c(1315): Comp split 5
INFO: dtree.c(1439): stop. leaf nodes are specific
INFO: dtree.c(1478): Final simple tree
|( QUESTION0_15_R 1 1.179e+03 3.223e+01 7.281e+01
|    ( - 1.139e+03 1 0)
|    ( WDBNDRY_B 0 8.000e+00 8.000e+00 2.000e+00
|        ( - 0.000e+00 1 0)
|        ( - 0.000e+00 1 0)))
s>    ( QUESTION0_15_R 1 1.179e+03 3.223e+01 7.281e+01
s>        ( - 1.139e+03 1 0)
s>        ( WDBNDRY_B 0 8.000e+00 8.000e+00 2.000e+00
s>            ( - 0.000e+00 1 0)
s>            ( - 0.000e+00 1 0)))INFO: dtree.c(1439): stop. leaf nodes are specific
INFO: dtree.c(1478): Final simple tree
|( QUESTION0_16_R 1 2.059e+03 1.727e+02 1.063e+02
|    ( - 1.707e+03 1 0)
|    ( WDBNDRY_I 0 1.793e+02 5.085e+01 1.600e+01
|        ( - 8.709e+01 1 0)
|        ( QUESTION4 -1 4.132e+01 1.902e+01 5.000e+00
|            ( - 7.619e+00 1 0)
|            ( WDBNDRY_B 0 1.469e+01 1.088e+01 3.000e+00
|                ( - 3.810e+00 1 0)
|                ( - 0.000e+00 1 0)))))
s>    ( QUESTION0_16_R 1 2.059e+03 1.727e+02 1.063e+02
s>        ( - 1.707e+03 1 0)
s>        ( WDBNDRY_I 0 1.793e+02 5.085e+01 1.600e+01
s>            ( - 8.709e+01 1 0)
s>            ( QUESTION4 -1 4.132e+01 1.902e+01 5.000e+00
s>                ( - 7.619e+00 1 0)
s>                ( WDBNDRY_B 0 1.469e+01 1.088e+01 3.000e+00
s>                    ( - 3.810e+00 1 0)
s>                    ( - 0.000e+00 1 0)))))INFO: dtree.c(1315): Comp split 6
INFO: dtree.c(1478): Final simple tree
|( QUESTION2_2_L -1 1.070e+04 2.839e+02 5.253e+02
|    ( QUESTION0_8_R 1 8.338e+03 2.623e+02 4.133e+02
|        ( QUESTION0 1 4.330e+03 1.989e+02 2.210e+02
|            ( QUESTION0 -1 3.218e+03 1.624e+02 1.676e+02
|                ( - 2.383e+03 5 0 QUESTION1 1 9.940e+01 1.259e+02)
|                ( - 6.718e+02 4 0 QUESTION4 -1 7.102e+01 4.166e+01))
|            ( - 9.137e+02 2 0 QUESTION0 -1 5.278e+01 5.345e+01))
|        ( SILENCE 1 3.746e+03 2.254e+02 1.923e+02
|            ( - 9.839e+02 2 0 QUESTION0 -1 1.283e+02 6.000e+01)
|            ( QUESTION16 1 2.537e+03 1.570e+02 1.323e+02
|                ( - 1.851e+03 2 0)
|                ( - 5.289e+02 4 0 QUESTION0_0_R 1 8.321e+01 3.501e+01))))
|    ( QUESTION0_13_R 1 2.082e+03 1.869e+02 1.120e+02
|        ( - 6.745e+02 5 0 QUESTION2_13_L -1 1.102e+02 4.000e+01)
|        ( - 1.220e+03 6 0 QUESTION0_7_R 1 1.366e+02 7.200e+01)))
s>    ( QUESTION2_2_L -1 1.070e+04 2.839e+02 5.253e+02
s>        ( QUESTION0_8_R 1 8.338e+03 2.623e+02 4.133e+02
s>            ( QUESTION0 1 4.330e+03 1.989e+02 2.210e+02
s>                ( QUESTION0 -1 3.218e+03 1.624e+02 1.676e+02
s>                    ( - 2.383e+03 5 0 QUESTION1 1 9.940e+01 1.259e+02)
s>                    ( - 6.718e+02 4 0 QUESTION4 -1 7.102e+01 4.166e+01))
s>                ( - 9.137e+02 2 0 QUESTION0 -1 5.278e+01 5.345e+01))
s>            ( SILENCE 1 3.746e+03 2.254e+02 1.923e+02
s>                ( - 9.839e+02 2 0 QUESTION0 -1 1.283e+02 6.000e+01)
s>                ( QUESTION16 1 2.537e+03 1.570e+02 1.323e+02
s>                    ( - 1.851e+03 2 0)
s>                    ( - 5.289e+02 4 0 QUESTION0_0_R 1 8.321e+01 3.501e+01))))
s>        ( QUESTION0_13_R 1 2.082e+03 1.869e+02 1.120e+02
s>            ( - 6.745e+02 5 0 QUESTION2_13_L -1 1.102e+02 4.000e+01)
s>            ( - 1.220e+03 6 0 QUESTION0_7_R 1 1.366e+02 7.200e+01)))INFO: dtree.c(1478): Final simple tree
|( SILENCE -1 4.957e+03 2.299e+02 2.691e+02
|    ( QUESTION0_9_R 1 1.563e+03 1.346e+02 9.622e+01
|        ( QUESTION0_10_R 1 1.065e+03 9.970e+01 6.722e+01
|            ( - 2.324e+02 2 0 QUESTION0_11_R 1 4.799e+01 1.900e+01)
|            ( - 7.331e+02 1 0))
|        ( - 3.631e+02 4 0 QUESTION0_0_R 1 4.419e+01 2.900e+01))
|    ( QUESTION0_0_R 1 3.164e+03 1.745e+02 1.729e+02
|        ( - 7.229e+02 2 0 QUESTION0 -1 5.460e+01 4.597e+01)
|        ( QUESTION0_10_R 1 2.267e+03 1.467e+02 1.269e+02
|            ( QUESTION0_11_R 1 6.877e+02 9.697e+01 4.193e+01
|                ( - 1.452e+02 3 0 QUESTION0_12_R 1 3.309e+01 1.200e+01)
|                ( - 4.455e+02 2 0 QUESTION0 -1 5.008e+01 2.993e+01))
|            ( QUESTION5 -1 1.433e+03 1.275e+02 8.497e+01
|                ( - 8.046e+02 2 0 QUESTION0_14_R 1 8.185e+01 5.107e+01)
|                ( - 5.006e+02 3 0 QUESTION0_14_R 1 7.542e+01 3.391e+01)))))
s>    ( SILENCE -1 4.957e+03 2.299e+02 2.691e+02
s>        ( QUESTION0_9_R 1 1.563e+03 1.346e+02 9.622e+01
s>            ( QUESTION0_10_R 1 1.065e+03 9.970e+01 6.722e+01
s>                ( - 2.324e+02 2 0 QUESTION0_11_R 1 4.799e+01 1.900e+01)
s>                ( - 7.331e+02 1 0))
s>            ( - 3.631e+02 4 0 QUESTION0_0_R 1 4.419e+01 2.900e+01))
s>        ( QUESTION0_0_R 1 3.164e+03 1.745e+02 1.729e+02
s>            ( - 7.229e+02 2 0 QUESTION0 -1 5.460e+01 4.597e+01)
s>            ( QUESTION0_10_R 1 2.267e+03 1.467e+02 1.269e+02
s>                ( QUESTION0_11_R 1 6.877e+02 9.697e+01 4.193e+01
s>                    ( - 1.452e+02 3 0 QUESTION0_12_R 1 3.309e+01 1.200e+01)
s>                    ( - 4.455e+02 2 0 QUESTION0 -1 5.008e+01 2.993e+01))
s>                ( QUESTION5 -1 1.433e+03 1.275e+02 8.497e+01
s>                    ( - 8.046e+02 2 0 QUESTION0_14_R 1 8.185e+01 5.107e+01)
s>                    ( - 5.006e+02 3 0 QUESTION0_14_R 1 7.542e+01 3.391e+01)))))INFO: dtree.c(1315): Comp split 7
INFO: dtree.c(1478): Final simple tree
|( SILENCE 1 7.224e+03 2.459e+02 3.582e+02
|    ( QUESTION0 -1 9.839e+02 1.283e+02 6.000e+01
|        ( - 5.973e+02 1 0)
|        ( - 2.583e+02 1 0))
|    ( QUESTION0_8_R 1 5.994e+03 2.241e+02 2.982e+02
|        ( QUESTION1 1 2.383e+03 9.940e+01 1.259e+02
|            ( - 1.513e+02 2 0)
|            ( - 2.133e+03 3 0))
|        ( QUESTION2_2_L -1 3.386e+03 1.753e+02 1.723e+02
|            ( QUESTION16 1 2.537e+03 1.570e+02 1.323e+02
|                ( - 1.851e+03 2 0)
|                ( - 5.289e+02 4 0 QUESTION0_0_R 1 8.321e+01 3.501e+01))
|            ( QUESTION2_13_L -1 6.745e+02 1.102e+02 4.000e+01
|                ( - 2.050e+02 1 0)
|                ( - 3.593e+02 4 0 QUESTION0 -1 7.887e+01 2.400e+01)))))
s>    ( SILENCE 1 7.224e+03 2.459e+02 3.582e+02
s>        ( QUESTION0 -1 9.839e+02 1.283e+02 6.000e+01
s>            ( - 5.973e+02 1 0)
s>            ( - 2.583e+02 1 0))
s>        ( QUESTION0_8_R 1 5.994e+03 2.241e+02 2.982e+02
s>            ( QUESTION1 1 2.383e+03 9.940e+01 1.259e+02
s>                ( - 1.513e+02 2 0)
s>                ( - 2.133e+03 3 0))
s>            ( QUESTION2_2_L -1 3.386e+03 1.753e+02 1.723e+02
s>                ( QUESTION16 1 2.537e+03 1.570e+02 1.323e+02
s>                    ( - 1.851e+03 2 0)
s>                    ( - 5.289e+02 4 0 QUESTION0_0_R 1 8.321e+01 3.501e+01))
s>                ( QUESTION2_13_L -1 6.745e+02 1.102e+02 4.000e+01
s>                    ( - 2.050e+02 1 0)
s>                    ( - 3.593e+02 4 0 QUESTION0 -1 7.887e+01 2.400e+01)))))INFO: dtree.c(1478): Final simple tree
|( QUESTION0_8_R 1 3.167e+03 2.242e+02 1.671e+02
|    ( QUESTION0 -1 1.975e+03 1.639e+02 1.071e+02
|        ( - 8.454e+02 1 0)
|        ( QUESTION4 -1 9.661e+02 1.137e+02 5.671e+01
|            ( - 2.586e+02 3 0 QUESTION2_1_L -1 5.528e+01 2.000e+01)
|            ( QUESTION2 1 5.938e+02 6.740e+01 3.671e+01
|                ( - 4.582e+02 2 0)
|                ( - 6.829e+01 2 0 QUESTION0 1 2.796e+01 7.049e+00))))
|    ( SILENCE 1 9.670e+02 1.090e+02 6.000e+01
|        ( - 4.146e+02 1 0)
|        ( QUESTION0_1_R 1 4.433e+02 7.391e+01 3.100e+01
|            ( - 8.159e+01 1 0)
|            ( QUESTION0_0_R 1 2.878e+02 5.599e+01 2.300e+01
|                ( - 1.076e+02 1 0)
|                ( - 1.242e+02 1 0)))))
s>    ( QUESTION0_8_R 1 3.167e+03 2.242e+02 1.671e+02
s>        ( QUESTION0 -1 1.975e+03 1.639e+02 1.071e+02
s>            ( - 8.454e+02 1 0)
s>            ( QUESTION4 -1 9.661e+02 1.137e+02 5.671e+01
s>                ( - 2.586e+02 3 0 QUESTION2_1_L -1 5.528e+01 2.000e+01)
s>                ( QUESTION2 1 5.938e+02 6.740e+01 3.671e+01
s>                    ( - 4.582e+02 2 0)
s>                    ( - 6.829e+01 2 0 QUESTION0 1 2.796e+01 7.049e+00))))
s>        ( SILENCE 1 9.670e+02 1.090e+02 6.000e+01
s>            ( - 4.146e+02 1 0)
s>            ( QUESTION0_1_R 1 4.433e+02 7.391e+01 3.100e+01
s>                ( - 8.159e+01 1 0)
s>                ( QUESTION0_0_R 1 2.878e+02 5.599e+01 2.300e+01
s>                    ( - 1.076e+02 1 0)
s>                    ( - 1.242e+02 1 0)))))INFO: dtree.c(1315): Comp split 8
INFO: dtree.c(1439): stop. leaf nodes are specific
INFO: dtree.c(1478): Final simple tree
|( QUESTION0 1 2.196e+03 1.831e+02 1.169e+02
|    ( - 1.084e+03 5 0)
|    ( QUESTION16 1 9.295e+02 1.149e+02 5.495e+01
|        ( - 4.383e+02 1 0)
|        ( QUESTION0_8_R 1 3.763e+02 6.790e+01 2.595e+01
|            ( - 2.563e+02 2 0)
|            ( - 5.215e+01 1 0))))
s>    ( QUESTION0 1 2.196e+03 1.831e+02 1.169e+02
s>        ( - 1.084e+03 5 0)
s>        ( QUESTION16 1 9.295e+02 1.149e+02 5.495e+01
s>            ( - 4.383e+02 1 0)
s>            ( QUESTION0_8_R 1 3.763e+02 6.790e+01 2.595e+01
s>                ( - 2.563e+02 2 0)
s>                ( - 5.215e+01 1 0))))INFO: dtree.c(1478): Final simple tree
|( QUESTION0_14_R 1 2.959e+03 2.094e+02 1.533e+02
|    ( QUESTION0 -1 9.612e+02 1.442e+02 5.447e+01
|        ( - 4.293e+02 3 0)
|        ( - 3.876e+02 2 0 QUESTION6 1 3.253e+01 2.699e+01))
|    ( QUESTION7 1 1.789e+03 1.643e+02 9.879e+01
|        ( QUESTION0_10_R 1 7.594e+02 9.852e+01 4.903e+01
|            ( - 1.786e+02 3 0 QUESTION0 -1 4.545e+01 1.549e+01)
|            ( QUESTION0_18_R 1 4.823e+02 7.190e+01 3.354e+01
|                ( - 3.408e+02 2 0 QUESTION0 -1 5.522e+01 2.454e+01)
|                ( - 6.963e+01 1 0)))
|        ( QUESTION2 1 8.651e+02 1.406e+02 4.976e+01
|            ( - 3.490e+02 2 0 QUESTION0_0_R 1 2.441e+01 2.498e+01)
|            ( QUESTION5 1 3.756e+02 8.412e+01 2.478e+01
|                ( - 1.582e+02 3 0 QUESTION0_10_R 1 4.774e+01 1.352e+01)
|                ( - 1.332e+02 6 0 QUESTION0 -1 4.217e+01 1.126e+01)))))
s>    ( QUESTION0_14_R 1 2.959e+03 2.094e+02 1.533e+02
s>        ( QUESTION0 -1 9.612e+02 1.442e+02 5.447e+01
s>            ( - 4.293e+02 3 0)
s>            ( - 3.876e+02 2 0 QUESTION6 1 3.253e+01 2.699e+01))
s>        ( QUESTION7 1 1.789e+03 1.643e+02 9.879e+01
s>            ( QUESTION0_10_R 1 7.594e+02 9.852e+01 4.903e+01
s>                ( - 1.786e+02 3 0 QUESTION0 -1 4.545e+01 1.549e+01)
s>                ( QUESTION0_18_R 1 4.823e+02 7.190e+01 3.354e+01
s>                    ( - 3.408e+02 2 0 QUESTION0 -1 5.522e+01 2.454e+01)
s>                    ( - 6.963e+01 1 0)))
s>            ( QUESTION2 1 8.651e+02 1.406e+02 4.976e+01
s>                ( - 3.490e+02 2 0 QUESTION0_0_R 1 2.441e+01 2.498e+01)
s>                ( QUESTION5 1 3.756e+02 8.412e+01 2.478e+01
s>                    ( - 1.582e+02 3 0 QUESTION0_10_R 1 4.774e+01 1.352e+01)
s>                    ( - 1.332e+02 6 0 QUESTION0 -1 4.217e+01 1.126e+01)))))INFO: dtree.c(1315): Comp split 9
INFO: dtree.c(1439): stop. leaf nodes are specific
INFO: dtree.c(1478): Final simple tree
|( QUESTION0_10_R 1 2.030e+03 1.520e+02 1.149e+02
|    ( QUESTION0 -1 4.455e+02 5.008e+01 2.993e+01
|        ( - 3.743e+02 1 0)
|        ( - 2.111e+01 1 0))
|    ( QUESTION5 -1 1.433e+03 1.275e+02 8.497e+01
|        ( QUESTION0_14_R 1 8.046e+02 8.185e+01 5.107e+01
|            ( - 6.051e+02 1 0)
|            ( - 1.176e+02 1 0))
|        ( QUESTION0_14_R 1 5.006e+02 7.542e+01 3.391e+01
|            ( - 2.017e+02 1 0)
|            ( QUESTION0_18_R 1 2.235e+02 3.224e+01 1.800e+01
|                ( - 1.795e+02 1 0)
|                ( - 1.173e+01 1 0)))))
s>    ( QUESTION0_10_R 1 2.030e+03 1.520e+02 1.149e+02
s>        ( QUESTION0 -1 4.455e+02 5.008e+01 2.993e+01
s>            ( - 3.743e+02 1 0)
s>            ( - 2.111e+01 1 0))
s>        ( QUESTION5 -1 1.433e+03 1.275e+02 8.497e+01
s>            ( QUESTION0_14_R 1 8.046e+02 8.185e+01 5.107e+01
s>                ( - 6.051e+02 1 0)
s>                ( - 1.176e+02 1 0))
s>            ( QUESTION0_14_R 1 5.006e+02 7.542e+01 3.391e+01
s>                ( - 2.017e+02 1 0)
s>                ( QUESTION0_18_R 1 2.235e+02 3.224e+01 1.800e+01
s>                    ( - 1.795e+02 1 0)
s>                    ( - 1.173e+01 1 0)))))INFO: dtree.c(1478): Final simple tree
|( SILENCE -1 2.655e+03 1.518e+02 1.542e+02
|    ( QUESTION0_9_R 1 1.563e+03 1.346e+02 9.622e+01
|        ( QUESTION0_10_R 1 1.065e+03 9.970e+01 6.722e+01
|            ( QUESTION0_11_R 1 2.324e+02 4.799e+01 1.900e+01
|                ( - 1.280e+02 1 0)
|                ( - 5.645e+01 1 0))
|            ( - 7.331e+02 1 0))
|        ( QUESTION0_0_R 1 3.631e+02 4.419e+01 2.900e+01
|            ( - 4.437e+01 1 0)
|            ( - 2.745e+02 3 0)))
|    ( QUESTION0_0_R 1 9.403e+02 7.221e+01 5.797e+01
|        ( QUESTION0 -1 7.229e+02 5.460e+01 4.597e+01
|            ( - 6.432e+02 1 0)
|            ( - 2.515e+01 1 0))
|        ( - 1.452e+02 3 0 QUESTION0_12_R 1 3.309e+01 1.200e+01)))
s>    ( SILENCE -1 2.655e+03 1.518e+02 1.542e+02
s>        ( QUESTION0_9_R 1 1.563e+03 1.346e+02 9.622e+01
s>            ( QUESTION0_10_R 1 1.065e+03 9.970e+01 6.722e+01
s>                ( QUESTION0_11_R 1 2.324e+02 4.799e+01 1.900e+01
s>                    ( - 1.280e+02 1 0)
s>                    ( - 5.645e+01 1 0))
s>                ( - 7.331e+02 1 0))
s>            ( QUESTION0_0_R 1 3.631e+02 4.419e+01 2.900e+01
s>                ( - 4.437e+01 1 0)
s>                ( - 2.745e+02 3 0)))
s>        ( QUESTION0_0_R 1 9.403e+02 7.221e+01 5.797e+01
s>            ( QUESTION0 -1 7.229e+02 5.460e+01 4.597e+01
s>                ( - 6.432e+02 1 0)
s>                ( - 2.515e+01 1 0))
s>            ( - 1.452e+02 3 0 QUESTION0_12_R 1 3.309e+01 1.200e+01)))INFO: dtree.c(1315): Comp split 10
INFO: dtree.c(1439): stop. leaf nodes are specific
INFO: dtree.c(1478): Final simple tree
|( SILENCE 1 3.257e+03 2.178e+02 1.699e+02
|    ( - 5.973e+02 1 0)
|    ( QUESTION0_8_R 1 2.442e+03 1.042e+02 1.289e+02
|        ( - 2.133e+03 3 0)
|        ( - 2.050e+02 1 0)))
s>    ( SILENCE 1 3.257e+03 2.178e+02 1.699e+02
s>        ( - 5.973e+02 1 0)
s>        ( QUESTION0_8_R 1 2.442e+03 1.042e+02 1.289e+02
s>            ( - 2.133e+03 3 0)
s>            ( - 2.050e+02 1 0)))INFO: dtree.c(1478): Final simple tree
|( QUESTION1 -1 3.696e+03 1.826e+02 1.883e+02
|    ( QUESTION0_9_R 1 2.686e+03 1.563e+02 1.403e+02
|        ( QUESTION6 1 2.102e+03 1.036e+02 1.103e+02
|            ( - 1.474e+02 1 0)
|            ( - 1.851e+03 2 0))
|        ( QUESTION0_0_R 1 4.283e+02 7.015e+01 3.000e+01
|            ( - 2.069e+02 2 0 QUESTION0_1_R 1 4.194e+01 1.700e+01)
|            ( - 1.513e+02 2 0)))
|    ( QUESTION4 -1 8.272e+02 1.168e+02 4.801e+01
|        ( SILENCE 1 3.780e+02 6.340e+01 2.600e+01
|            ( - 2.583e+02 1 0)
|            ( - 5.628e+01 1 0))
|        ( QUESTION0_14_R 1 3.325e+02 7.255e+01 2.201e+01
|            ( - 1.134e+02 1 0)
|            ( - 1.466e+02 3 0 QUESTION0_16_R 1 4.400e+01 1.201e+01))))
s>    ( QUESTION1 -1 3.696e+03 1.826e+02 1.883e+02
s>        ( QUESTION0_9_R 1 2.686e+03 1.563e+02 1.403e+02
s>            ( QUESTION6 1 2.102e+03 1.036e+02 1.103e+02
s>                ( - 1.474e+02 1 0)
s>                ( - 1.851e+03 2 0))
s>            ( QUESTION0_0_R 1 4.283e+02 7.015e+01 3.000e+01
s>                ( - 2.069e+02 2 0 QUESTION0_1_R 1 4.194e+01 1.700e+01)
s>                ( - 1.513e+02 2 0)))
s>        ( QUESTION4 -1 8.272e+02 1.168e+02 4.801e+01
s>            ( SILENCE 1 3.780e+02 6.340e+01 2.600e+01
s>                ( - 2.583e+02 1 0)
s>                ( - 5.628e+01 1 0))
s>            ( QUESTION0_14_R 1 3.325e+02 7.255e+01 2.201e+01
s>                ( - 1.134e+02 1 0)
s>                ( - 1.466e+02 3 0 QUESTION0_16_R 1 4.400e+01 1.201e+01))))INFO: dtree.c(1315): Comp split 11
INFO: dtree.c(1478): Final simple tree
|( QUESTION0_14_R 1 1.285e+03 1.488e+02 7.449e+01
|    ( QUESTION6 1 3.876e+02 3.253e+01 2.699e+01
|        ( - 6.381e+00 1 0)
|        ( - 3.487e+02 1 0))
|    ( QUESTION2_9_L -1 7.485e+02 1.150e+02 4.750e+01
|        ( QUESTION0_8_R 1 3.759e+02 4.150e+01 2.698e+01
|            ( - 3.234e+02 1 0)
|            ( - 1.096e+01 1 0))
|        ( QUESTION0_13_R 1 2.576e+02 5.777e+01 2.052e+01
|            ( - 6.963e+01 1 0)
|            ( QUESTION0_0_R 1 1.302e+02 3.729e+01 1.152e+01
|                ( QUESTION0_3_R 1 3.224e+01 1.406e+01 4.000e+00
|                    ( - 1.107e+00 1 0)
|                    ( - 1.707e+01 1 0))
|                ( - 6.066e+01 1 0)))))
s>    ( QUESTION0_14_R 1 1.285e+03 1.488e+02 7.449e+01
s>        ( QUESTION6 1 3.876e+02 3.253e+01 2.699e+01
s>            ( - 6.381e+00 1 0)
s>            ( - 3.487e+02 1 0))
s>        ( QUESTION2_9_L -1 7.485e+02 1.150e+02 4.750e+01
s>            ( QUESTION0_8_R 1 3.759e+02 4.150e+01 2.698e+01
s>                ( - 3.234e+02 1 0)
s>                ( - 1.096e+01 1 0))
s>            ( QUESTION0_13_R 1 2.576e+02 5.777e+01 2.052e+01
s>                ( - 6.963e+01 1 0)
s>                ( QUESTION0_0_R 1 1.302e+02 3.729e+01 1.152e+01
s>                    ( QUESTION0_3_R 1 3.224e+01 1.406e+01 4.000e+00
s>                        ( - 1.107e+00 1 0)
s>                        ( - 1.707e+01 1 0))
s>                    ( - 6.066e+01 1 0)))))INFO: dtree.c(1478): Final simple tree
|( QUESTION6 1 1.421e+03 1.567e+02 7.876e+01
|    ( QUESTION0_10_R 1 6.033e+02 8.397e+01 4.003e+01
|        ( QUESTION0 -1 1.786e+02 4.545e+01 1.549e+01
|            ( QUESTION0_11_R 1 3.682e+01 2.315e+01 7.000e+00
|                ( - 3.371e+00 1 0)
|                ( - 1.030e+01 1 0))
|            ( - 9.632e+01 1 0))
|        ( QUESTION0 -1 3.408e+02 5.522e+01 2.454e+01
|            ( - 2.072e+02 1 0)
|            ( - 7.834e+01 1 0)))
|    ( QUESTION0_9_R 1 6.607e+02 9.807e+01 3.874e+01
|        ( - 4.293e+02 3 0)
|        ( QUESTION0 -1 1.332e+02 4.217e+01 1.126e+01
|            ( - 3.965e+01 1 0)
|            ( - 5.142e+01 5 0 QUESTION2_9_L -1 2.173e+01 6.261e+00))))
s>    ( QUESTION6 1 1.421e+03 1.567e+02 7.876e+01
s>        ( QUESTION0_10_R 1 6.033e+02 8.397e+01 4.003e+01
s>            ( QUESTION0 -1 1.786e+02 4.545e+01 1.549e+01
s>                ( QUESTION0_11_R 1 3.682e+01 2.315e+01 7.000e+00
s>                    ( - 3.371e+00 1 0)
s>                    ( - 1.030e+01 1 0))
s>                ( - 9.632e+01 1 0))
s>            ( QUESTION0 -1 3.408e+02 5.522e+01 2.454e+01
s>                ( - 2.072e+02 1 0)
s>                ( - 7.834e+01 1 0)))
s>        ( QUESTION0_9_R 1 6.607e+02 9.807e+01 3.874e+01
s>            ( - 4.293e+02 3 0)
s>            ( QUESTION0 -1 1.332e+02 4.217e+01 1.126e+01
s>                ( - 3.965e+01 1 0)
s>                ( - 5.142e+01 5 0 QUESTION2_9_L -1 2.173e+01 6.261e+00))))INFO: dtree.c(1315): Comp split 12
INFO: dtree.c(1439): stop. leaf nodes are specific
INFO: dtree.c(1478): Final simple tree
|( QUESTION0_0_R 1 5.170e+02 9.096e+01 3.400e+01
|    ( QUESTION7 -1 2.272e+02 4.590e+01 1.700e+01
|        ( - 3.686e+01 1 0)
|        ( - 1.445e+02 1 0))
|    ( QUESTION0 1 1.988e+02 2.728e+01 1.700e+01
|        ( - 8.000e+00 1 0)
|        ( - 1.636e+02 1 0)))
s>    ( QUESTION0_0_R 1 5.170e+02 9.096e+01 3.400e+01
s>        ( QUESTION7 -1 2.272e+02 4.590e+01 1.700e+01
s>            ( - 3.686e+01 1 0)
s>            ( - 1.445e+02 1 0))
s>        ( QUESTION0 1 1.988e+02 2.728e+01 1.700e+01
s>            ( - 8.000e+00 1 0)
s>            ( - 1.636e+02 1 0)))INFO: dtree.c(1439): stop. leaf nodes are specific
INFO: dtree.c(1478): Final simple tree
|( QUESTION7 -1 1.915e+03 4.340e+01 1.098e+02
|    ( - 1.853e+03 1 0)
|    ( - 1.922e+01 1 0))
s>    ( QUESTION7 -1 1.915e+03 4.340e+01 1.098e+02
s>        ( - 1.853e+03 1 0)
s>        ( - 1.922e+01 1 0))INFO: dtree.c(1315): Comp split 13
INFO: dtree.c(1439): stop. leaf nodes are specific
INFO: dtree.c(1478): Final simple tree
|( SILENCE 1 9.670e+02 1.090e+02 6.000e+01
|    ( - 4.146e+02 1 0)
|    ( QUESTION0_1_R 1 4.433e+02 7.391e+01 3.100e+01
|        ( - 8.159e+01 1 0)
|        ( QUESTION0_0_R 1 2.878e+02 5.599e+01 2.300e+01
|            ( - 1.076e+02 1 0)
|            ( - 1.242e+02 1 0))))
s>    ( SILENCE 1 9.670e+02 1.090e+02 6.000e+01
s>        ( - 4.146e+02 1 0)
s>        ( QUESTION0_1_R 1 4.433e+02 7.391e+01 3.100e+01
s>            ( - 8.159e+01 1 0)
s>            ( QUESTION0_0_R 1 2.878e+02 5.599e+01 2.300e+01
s>                ( - 1.076e+02 1 0)
s>                ( - 1.242e+02 1 0))))INFO: dtree.c(1439): stop. leaf nodes are specific
INFO: dtree.c(1478): Final simple tree
|( QUESTION0 -1 1.975e+03 1.639e+02 1.071e+02
|    ( - 8.454e+02 1 0)
|    ( QUESTION4 -1 9.661e+02 1.137e+02 5.671e+01
|        ( QUESTION2_1_L -1 2.586e+02 5.528e+01 2.000e+01
|            ( - 1.329e+02 2 0)
|            ( - 7.038e+01 1 0))
|        ( QUESTION2 1 5.938e+02 6.740e+01 3.671e+01
|            ( - 4.582e+02 2 0)
|            ( QUESTION0 1 6.829e+01 2.796e+01 7.049e+00
|                ( - 2.478e+01 1 0)
|                ( - 1.555e+01 1 0)))))
s>    ( QUESTION0 -1 1.975e+03 1.639e+02 1.071e+02
s>        ( - 8.454e+02 1 0)
s>        ( QUESTION4 -1 9.661e+02 1.137e+02 5.671e+01
s>            ( QUESTION2_1_L -1 2.586e+02 5.528e+01 2.000e+01
s>                ( - 1.329e+02 2 0)
s>                ( - 7.038e+01 1 0))
s>            ( QUESTION2 1 5.938e+02 6.740e+01 3.671e+01
s>                ( - 4.582e+02 2 0)
s>                ( QUESTION0 1 6.829e+01 2.796e+01 7.049e+00
s>                    ( - 2.478e+01 1 0)
s>                    ( - 1.555e+01 1 0)))))INFO: dtree.c(1315): Comp split 14
INFO: dtree.c(1439): stop. leaf nodes are specific
INFO: dtree.c(1478): Final simple tree
|( QUESTION0_0_R 1 5.117e+02 1.989e+01 3.400e+01
|    ( - 4.919e+02 1 0)
|    ( - 0.000e+00 1 0))
s>    ( QUESTION0_0_R 1 5.117e+02 1.989e+01 3.400e+01
s>        ( - 4.919e+02 1 0)
s>        ( - 0.000e+00 1 0))INFO: dtree.c(1315): Comp split 15
INFO: dtree.c(1439): stop. leaf nodes are specific
INFO: dtree.c(1478): Final simple tree
|( QUESTION0_8_R 1 2.442e+03 1.042e+02 1.289e+02
|    ( - 2.133e+03 3 0)
|    ( - 2.050e+02 1 0))
s>    ( QUESTION0_8_R 1 2.442e+03 1.042e+02 1.289e+02
s>        ( - 2.133e+03 3 0)
s>        ( - 2.050e+02 1 0))INFO: dtree.c(1315): Comp split 16
INFO: dtree.c(1439): stop. leaf nodes are specific
INFO: dtree.c(1478): Final simple tree
|( SILENCE 1 9.906e+02 1.241e+02 5.900e+01
|    ( - 2.583e+02 1 0)
|    ( QUESTION0_8_R 1 6.083e+02 8.342e+01 4.000e+01
|        ( - 1.513e+02 2 0)
|        ( QUESTION0_2_R 1 3.735e+02 5.490e+01 2.700e+01
|            ( - 9.765e+01 1 0)
|            ( QUESTION0_0_R 1 2.210e+02 4.034e+01 1.800e+01
|                ( - 6.726e+01 1 0)
|                ( - 1.134e+02 1 0)))))
s>    ( SILENCE 1 9.906e+02 1.241e+02 5.900e+01
s>        ( - 2.583e+02 1 0)
s>        ( QUESTION0_8_R 1 6.083e+02 8.342e+01 4.000e+01
s>            ( - 1.513e+02 2 0)
s>            ( QUESTION0_2_R 1 3.735e+02 5.490e+01 2.700e+01
s>                ( - 9.765e+01 1 0)
s>                ( QUESTION0_0_R 1 2.210e+02 4.034e+01 1.800e+01
s>                    ( - 6.726e+01 1 0)
s>                    ( - 1.134e+02 1 0)))))INFO: dtree.c(1439): stop. leaf nodes are specific
INFO: dtree.c(1478): Final simple tree
|( QUESTION17 1 2.494e+03 1.362e+02 1.293e+02
|    ( QUESTION0 -1 1.991e+03 8.437e+01 1.043e+02
|        ( - 1.851e+03 2 0)
|        ( - 5.628e+01 1 0))
|    ( QUESTION0_15_R 1 3.669e+02 7.418e+01 2.501e+01
|        ( QUESTION0_16_R 1 6.332e+01 2.720e+01 7.000e+00
|            ( - 2.154e+01 1 0)
|            ( - 1.459e+01 1 0))
|        ( QUESTION0_0_R 1 2.294e+02 4.244e+01 1.801e+01
|            ( - 3.955e+01 1 0)
|            ( - 1.474e+02 1 0))))
s>    ( QUESTION17 1 2.494e+03 1.362e+02 1.293e+02
s>        ( QUESTION0 -1 1.991e+03 8.437e+01 1.043e+02
s>            ( - 1.851e+03 2 0)
s>            ( - 5.628e+01 1 0))
s>        ( QUESTION0_15_R 1 3.669e+02 7.418e+01 2.501e+01
s>            ( QUESTION0_16_R 1 6.332e+01 2.720e+01 7.000e+00
s>                ( - 2.154e+01 1 0)
s>                ( - 1.459e+01 1 0))
s>            ( QUESTION0_0_R 1 2.294e+02 4.244e+01 1.801e+01
s>                ( - 3.955e+01 1 0)
s>                ( - 1.474e+02 1 0))))INFO: dtree.c(1315): Comp split 17
INFO: dtree.c(1439): stop. leaf nodes are specific
INFO: dtree.c(1478): Final simple tree
|( QUESTION0_10_R 1 1.136e+03 1.143e+02 6.902e+01
|    ( - 3.743e+02 1 0)
|    ( QUESTION0_14_R 1 6.473e+02 3.046e+01 4.209e+01
|        ( - 6.051e+02 1 0)
|        ( - 1.173e+01 1 0)))
s>    ( QUESTION0_10_R 1 1.136e+03 1.143e+02 6.902e+01
s>        ( - 3.743e+02 1 0)
s>        ( QUESTION0_14_R 1 6.473e+02 3.046e+01 4.209e+01
s>            ( - 6.051e+02 1 0)
s>            ( - 1.173e+01 1 0)))INFO: dtree.c(1439): stop. leaf nodes are specific
INFO: dtree.c(1478): Final simple tree
|( QUESTION0_15_R 1 7.088e+02 8.777e+01 4.589e+01
|    ( QUESTION0 -1 3.576e+02 6.060e+01 2.699e+01
|        ( - 1.795e+02 1 0)
|        ( - 1.176e+02 1 0))
|    ( QUESTION0_10_R 1 2.634e+02 4.063e+01 1.890e+01
|        ( - 2.111e+01 1 0)
|        ( - 2.017e+02 1 0)))
s>    ( QUESTION0_15_R 1 7.088e+02 8.777e+01 4.589e+01
s>        ( QUESTION0 -1 3.576e+02 6.060e+01 2.699e+01
s>            ( - 1.795e+02 1 0)
s>            ( - 1.176e+02 1 0))
s>        ( QUESTION0_10_R 1 2.634e+02 4.063e+01 1.890e+01
s>            ( - 2.111e+01 1 0)
s>            ( - 2.017e+02 1 0)))INFO: dtree.c(1315): Comp split 18
INFO: dtree.c(1439): stop. leaf nodes are specific
INFO: dtree.c(1478): Final simple tree
|( QUESTION16 1 9.295e+02 1.149e+02 5.495e+01
|    ( - 4.383e+02 1 0)
|    ( QUESTION0_8_R 1 3.763e+02 6.790e+01 2.595e+01
|        ( - 2.563e+02 2 0)
|        ( - 5.215e+01 1 0)))
s>    ( QUESTION16 1 9.295e+02 1.149e+02 5.495e+01
s>        ( - 4.383e+02 1 0)
s>        ( QUESTION0_8_R 1 3.763e+02 6.790e+01 2.595e+01
s>            ( - 2.563e+02 2 0)
s>            ( - 5.215e+01 1 0)))INFO: dtree.c(1315): Comp split 19
INFO: dtree.c(1439): stop. leaf nodes are specific
INFO: dtree.c(1478): Final simple tree
|( QUESTION0 -1 1.263e+03 1.056e+02 7.697e+01
|    ( QUESTION0_0_R 1 8.282e+02 6.873e+01 5.197e+01
|        ( - 6.432e+02 1 0)
|        ( QUESTION0_12_R 1 1.163e+02 1.805e+01 1.000e+01
|            ( - 2.172e+00 1 0)
|            ( - 9.609e+01 1 0)))
|    ( QUESTION7 1 3.293e+02 5.841e+01 2.500e+01
|        ( - 5.645e+01 1 0)
|        ( SILENCE -1 2.144e+02 3.760e+01 1.800e+01
|            ( - 1.280e+02 1 0)
|            ( QUESTION0_0_R 1 4.884e+01 1.939e+01 6.000e+00
|                ( - 2.515e+01 1 0)
|                ( - 4.298e+00 1 0)))))
s>    ( QUESTION0 -1 1.263e+03 1.056e+02 7.697e+01
s>        ( QUESTION0_0_R 1 8.282e+02 6.873e+01 5.197e+01
s>            ( - 6.432e+02 1 0)
s>            ( QUESTION0_12_R 1 1.163e+02 1.805e+01 1.000e+01
s>                ( - 2.172e+00 1 0)
s>                ( - 9.609e+01 1 0)))
s>        ( QUESTION7 1 3.293e+02 5.841e+01 2.500e+01
s>            ( - 5.645e+01 1 0)
s>            ( SILENCE -1 2.144e+02 3.760e+01 1.800e+01
s>                ( - 1.280e+02 1 0)
s>                ( QUESTION0_0_R 1 4.884e+01 1.939e+01 6.000e+00
s>                    ( - 2.515e+01 1 0)
s>                    ( - 4.298e+00 1 0)))))INFO: dtree.c(1439): stop. leaf nodes are specific
INFO: dtree.c(1478): Final simple tree
|( QUESTION0_9_R 1 1.217e+03 1.204e+02 7.722e+01
|    ( - 7.331e+02 1 0)
|    ( QUESTION0_0_R 1 3.631e+02 4.419e+01 2.900e+01
|        ( - 4.437e+01 1 0)
|        ( - 2.745e+02 3 0)))
s>    ( QUESTION0_9_R 1 1.217e+03 1.204e+02 7.722e+01
s>        ( - 7.331e+02 1 0)
s>        ( QUESTION0_0_R 1 3.631e+02 4.419e+01 2.900e+01
s>            ( - 4.437e+01 1 0)
s>            ( - 2.745e+02 3 0)))INFO: dtree.c(1315): Comp split 20
INFO: dtree.c(1439): stop. leaf nodes are specific
INFO: dtree.c(1478): Final simple tree
|( WDBNDRY_I 0 1.377e+02 3.591e+01 1.400e+01
|    ( - 8.709e+01 1 0)
|    ( WDBNDRY_B 0 1.469e+01 1.088e+01 3.000e+00
|        ( - 3.810e+00 1 0)
|        ( - 0.000e+00 1 0)))
s>    ( WDBNDRY_I 0 1.377e+02 3.591e+01 1.400e+01
s>        ( - 8.709e+01 1 0)
s>        ( WDBNDRY_B 0 1.469e+01 1.088e+01 3.000e+00
s>            ( - 3.810e+00 1 0)
s>            ( - 0.000e+00 1 0)))INFO: dtree.c(1439): stop. leaf nodes are specific
INFO: dtree.c(1478): Final simple tree
|( WDBNDRY_B 0 1.748e+03 3.240e+01 9.227e+01
|    ( - 7.619e+00 1 0)
|    ( - 1.707e+03 1 0))
s>    ( WDBNDRY_B 0 1.748e+03 3.240e+01 9.227e+01
s>        ( - 7.619e+00 1 0)
s>        ( - 1.707e+03 1 0))INFO: dtree.c(1315): Comp split 21
INFO: dtree.c(1439): stop. leaf nodes are specific
INFO: dtree.c(1478): Final simple tree
|( QUESTION0_8_R 1 5.805e+02 8.377e+01 3.898e+01
|    ( - 3.234e+02 1 0)
|    ( QUESTION0 -1 1.733e+02 5.388e+01 1.500e+01
|        ( - 6.963e+01 1 0)
|        ( QUESTION0_0_R 1 4.981e+01 2.177e+01 6.000e+00
|            ( - 1.707e+01 1 0)
|            ( - 1.096e+01 1 0))))
s>    ( QUESTION0_8_R 1 5.805e+02 8.377e+01 3.898e+01
s>        ( - 3.234e+02 1 0)
s>        ( QUESTION0 -1 1.733e+02 5.388e+01 1.500e+01
s>            ( - 6.963e+01 1 0)
s>            ( QUESTION0_0_R 1 4.981e+01 2.177e+01 6.000e+00
s>                ( - 1.707e+01 1 0)
s>                ( - 1.096e+01 1 0))))INFO: dtree.c(1439): stop. leaf nodes are specific
INFO: dtree.c(1478): Final simple tree
|( QUESTION16 1 5.360e+02 7.818e+01 3.551e+01
|    ( - 3.487e+02 1 0)
|    ( QUESTION0_10_R 1 1.091e+02 2.948e+01 1.052e+01
|        ( - 6.066e+01 1 0)
|        ( QUESTION0_0_R 1 1.899e+01 1.150e+01 3.000e+00
|            ( - 1.107e+00 1 0)
|            ( - 6.381e+00 1 0))))
s>    ( QUESTION16 1 5.360e+02 7.818e+01 3.551e+01
s>        ( - 3.487e+02 1 0)
s>        ( QUESTION0_10_R 1 1.091e+02 2.948e+01 1.052e+01
s>            ( - 6.066e+01 1 0)
s>            ( QUESTION0_0_R 1 1.899e+01 1.150e+01 3.000e+00
s>                ( - 1.107e+00 1 0)
s>                ( - 6.381e+00 1 0))))INFO: dtree.c(1315): Comp split 22
INFO: dtree.c(1439): stop. leaf nodes are specific
INFO: dtree.c(1478): Final simple tree
|( QUESTION4 -1 9.661e+02 1.137e+02 5.671e+01
|    ( QUESTION2_1_L -1 2.586e+02 5.528e+01 2.000e+01
|        ( - 1.329e+02 2 0)
|        ( - 7.038e+01 1 0))
|    ( QUESTION2 1 5.938e+02 6.740e+01 3.671e+01
|        ( - 4.582e+02 2 0)
|        ( QUESTION0 1 6.829e+01 2.796e+01 7.049e+00
|            ( - 2.478e+01 1 0)
|            ( - 1.555e+01 1 0))))
s>    ( QUESTION4 -1 9.661e+02 1.137e+02 5.671e+01
s>        ( QUESTION2_1_L -1 2.586e+02 5.528e+01 2.000e+01
s>            ( - 1.329e+02 2 0)
s>            ( - 7.038e+01 1 0))
s>        ( QUESTION2 1 5.938e+02 6.740e+01 3.671e+01
s>            ( - 4.582e+02 2 0)
s>            ( QUESTION0 1 6.829e+01 2.796e+01 7.049e+00
s>                ( - 2.478e+01 1 0)
s>                ( - 1.555e+01 1 0))))INFO: dtree.c(1315): Comp split 23
INFO: dtree.c(1439): stop. leaf nodes are specific
INFO: dtree.c(1478): Final simple tree
|( QUESTION0_10_R 1 6.033e+02 8.397e+01 4.003e+01
|    ( QUESTION0 -1 1.786e+02 4.545e+01 1.549e+01
|        ( QUESTION0_11_R 1 3.682e+01 2.315e+01 7.000e+00
|            ( - 3.371e+00 1 0)
|            ( - 1.030e+01 1 0))
|        ( - 9.632e+01 1 0))
|    ( QUESTION0 -1 3.408e+02 5.522e+01 2.454e+01
|        ( - 2.072e+02 1 0)
|        ( - 7.834e+01 1 0)))
s>    ( QUESTION0_10_R 1 6.033e+02 8.397e+01 4.003e+01
s>        ( QUESTION0 -1 1.786e+02 4.545e+01 1.549e+01
s>            ( QUESTION0_11_R 1 3.682e+01 2.315e+01 7.000e+00
s>                ( - 3.371e+00 1 0)
s>                ( - 1.030e+01 1 0))
s>            ( - 9.632e+01 1 0))
s>        ( QUESTION0 -1 3.408e+02 5.522e+01 2.454e+01
s>            ( - 2.072e+02 1 0)
s>            ( - 7.834e+01 1 0)))INFO: dtree.c(1439): stop. leaf nodes are specific
INFO: dtree.c(1478): Final simple tree
|( QUESTION0_9_R 1 6.607e+02 9.807e+01 3.874e+01
|    ( - 4.293e+02 3 0)
|    ( QUESTION0 -1 1.332e+02 4.217e+01 1.126e+01
|        ( - 3.965e+01 1 0)
|        ( QUESTION2_9_L -1 5.142e+01 2.173e+01 6.261e+00
|            ( QUESTION0 1 1.702e+01 9.020e+00 3.000e+00
|                ( - 8.000e+00 2 0)
|                ( - 0.000e+00 1 0))
|            ( SILENCE 1 1.268e+01 9.813e+00 3.261e+00
|                ( - 9.604e-01 1 0)
|                ( - 1.904e+00 1 0)))))
s>    ( QUESTION0_9_R 1 6.607e+02 9.807e+01 3.874e+01
s>        ( - 4.293e+02 3 0)
s>        ( QUESTION0 -1 1.332e+02 4.217e+01 1.126e+01
s>            ( - 3.965e+01 1 0)
s>            ( QUESTION2_9_L -1 5.142e+01 2.173e+01 6.261e+00
s>                ( QUESTION0 1 1.702e+01 9.020e+00 3.000e+00
s>                    ( - 8.000e+00 2 0)
s>                    ( - 0.000e+00 1 0))
s>                ( SILENCE 1 1.268e+01 9.813e+00 3.261e+00
s>                    ( - 9.604e-01 1 0)
s>                    ( - 1.904e+00 1 0)))))INFO: dtree.c(1315): Comp split 24
INFO: dtree.c(1439): stop. leaf nodes are specific
INFO: dtree.c(1478): Final simple tree
|( QUESTION2_1_L -1 4.899e+02 9.338e+01 3.201e+01
|    ( QUESTION0_14_R 1 1.671e+02 4.751e+01 1.400e+01
|        ( - 5.628e+01 1 0)
|        ( QUESTION0_16_R 1 6.332e+01 2.720e+01 7.000e+00
|            ( - 2.154e+01 1 0)
|            ( - 1.459e+01 1 0)))
|    ( QUESTION0_0_R 1 2.294e+02 4.244e+01 1.801e+01
|        ( - 3.955e+01 1 0)
|        ( - 1.474e+02 1 0)))
s>    ( QUESTION2_1_L -1 4.899e+02 9.338e+01 3.201e+01
s>        ( QUESTION0_14_R 1 1.671e+02 4.751e+01 1.400e+01
s>            ( - 5.628e+01 1 0)
s>            ( QUESTION0_16_R 1 6.332e+01 2.720e+01 7.000e+00
s>                ( - 2.154e+01 1 0)
s>                ( - 1.459e+01 1 0)))
s>        ( QUESTION0_0_R 1 2.294e+02 4.244e+01 1.801e+01
s>            ( - 3.955e+01 1 0)
s>            ( - 1.474e+02 1 0)))INFO: dtree.c(1315): Comp split 25
INFO: dtree.c(1439): stop. leaf nodes are specific
INFO: dtree.c(1478): Final simple tree
|( QUESTION0_8_R 1 6.083e+02 8.342e+01 4.000e+01
|    ( - 1.513e+02 2 0)
|    ( QUESTION0_2_R 1 3.735e+02 5.490e+01 2.700e+01
|        ( - 9.765e+01 1 0)
|        ( QUESTION0_0_R 1 2.210e+02 4.034e+01 1.800e+01
|            ( - 6.726e+01 1 0)
|            ( - 1.134e+02 1 0))))
s>    ( QUESTION0_8_R 1 6.083e+02 8.342e+01 4.000e+01
s>        ( - 1.513e+02 2 0)
s>        ( QUESTION0_2_R 1 3.735e+02 5.490e+01 2.700e+01
s>            ( - 9.765e+01 1 0)
s>            ( QUESTION0_0_R 1 2.210e+02 4.034e+01 1.800e+01
s>                ( - 6.726e+01 1 0)
s>                ( - 1.134e+02 1 0))))INFO: dtree.c(1315): Comp split 26
INFO: dtree.c(1439): stop. leaf nodes are specific
INFO: dtree.c(1478): Final simple tree
|( QUESTION0_0_R 1 3.631e+02 4.419e+01 2.900e+01
|    ( - 4.437e+01 1 0)
|    ( - 2.745e+02 3 0))
s>    ( QUESTION0_0_R 1 3.631e+02 4.419e+01 2.900e+01
s>        ( - 4.437e+01 1 0)
s>        ( - 2.745e+02 3 0))INFO: dtree.c(1315): Comp split 27
INFO: dtree.c(1439): stop. leaf nodes are specific
INFO: dtree.c(1478): Final simple tree
|( QUESTION0_12_R 1 3.892e+02 5.865e+01 2.800e+01
|    ( SILENCE -1 1.773e+02 3.338e+01 1.500e+01
|        ( - 1.280e+02 1 0)
|        ( QUESTION0 -1 1.600e+01 9.528e+00 3.000e+00
|            ( - 2.172e+00 1 0)
|            ( - 4.298e+00 1 0)))
|    ( QUESTION0_0_R 1 1.532e+02 3.193e+01 1.300e+01
|        ( - 2.515e+01 1 0)
|        ( - 9.609e+01 1 0)))
s>    ( QUESTION0_12_R 1 3.892e+02 5.865e+01 2.800e+01
s>        ( SILENCE -1 1.773e+02 3.338e+01 1.500e+01
s>            ( - 1.280e+02 1 0)
s>            ( QUESTION0 -1 1.600e+01 9.528e+00 3.000e+00
s>                ( - 2.172e+00 1 0)
s>                ( - 4.298e+00 1 0)))
s>        ( QUESTION0_0_R 1 1.532e+02 3.193e+01 1.300e+01
s>            ( - 2.515e+01 1 0)
s>            ( - 9.609e+01 1 0)))INFO: dtree.c(1439): stop. leaf nodes are specific
INFO: dtree.c(1478): Final simple tree
|( SILENCE -1 7.558e+02 5.616e+01 4.897e+01
|    ( - 5.645e+01 1 0)
|    ( - 6.432e+02 1 0))
s>    ( SILENCE -1 7.558e+02 5.616e+01 4.897e+01
s>        ( - 5.645e+01 1 0)
s>        ( - 6.432e+02 1 0))INFO: dtree.c(1315): Comp split 28
INFO: dtree.c(1439): stop. leaf nodes are specific
INFO: dtree.c(1478): Final simple tree
|( QUESTION2_5_L -1 3.193e+02 6.336e+01 2.305e+01
|    ( - 7.038e+01 1 0)
|    ( QUESTION0 1 1.856e+02 3.711e+01 1.505e+01
|        ( - 1.329e+02 2 0)
|        ( - 1.555e+01 1 0)))
s>    ( QUESTION2_5_L -1 3.193e+02 6.336e+01 2.305e+01
s>        ( - 7.038e+01 1 0)
s>        ( QUESTION0 1 1.856e+02 3.711e+01 1.505e+01
s>            ( - 1.329e+02 2 0)
s>            ( - 1.555e+01 1 0)))INFO: dtree.c(1439): stop. leaf nodes are specific
INFO: dtree.c(1478): Final simple tree
|( QUESTION1 1 5.304e+02 4.746e+01 3.366e+01
|    ( - 2.478e+01 1 0)
|    ( - 4.582e+02 2 0))
s>    ( QUESTION1 1 5.304e+02 4.746e+01 3.366e+01
s>        ( - 2.478e+01 1 0)
s>        ( - 4.582e+02 2 0))INFO: dtree.c(1315): Comp split 29
INFO: dtree.c(1439): stop. leaf nodes are specific
INFO: dtree.c(1478): Final simple tree
|( QUESTION0_8_R 1 3.763e+02 6.790e+01 2.595e+01
|    ( - 2.563e+02 2 0)
|    ( - 5.215e+01 1 0))
s>    ( QUESTION0_8_R 1 3.763e+02 6.790e+01 2.595e+01
s>        ( - 2.563e+02 2 0)
s>        ( - 5.215e+01 1 0))INFO: dtree.c(1315): Comp split 30
INFO: dtree.c(1439): stop. leaf nodes are specific
INFO: dtree.c(1478): Final simple tree
|( QUESTION0_14_R 1 6.473e+02 3.046e+01 4.209e+01
|    ( - 6.051e+02 1 0)
|    ( - 1.173e+01 1 0))
s>    ( QUESTION0_14_R 1 6.473e+02 3.046e+01 4.209e+01
s>        ( - 6.051e+02 1 0)
s>        ( - 1.173e+01 1 0))INFO: dtree.c(1315): Comp split 31
INFO: dtree.c(1439): stop. leaf nodes are specific
INFO: dtree.c(1478): Final simple tree
|( QUESTION0_0_R 1 2.878e+02 5.599e+01 2.300e+01
|    ( - 1.076e+02 1 0)
|    ( - 1.242e+02 1 0))
s>    ( QUESTION0_0_R 1 2.878e+02 5.599e+01 2.300e+01
s>        ( - 1.076e+02 1 0)
s>        ( - 1.242e+02 1 0))INFO: dtree.c(1439): stop. leaf nodes are specific
INFO: dtree.c(1478): Final simple tree
|( SILENCE 1 5.686e+02 7.239e+01 3.700e+01
|    ( - 4.146e+02 1 0)
|    ( - 8.159e+01 1 0))
s>    ( SILENCE 1 5.686e+02 7.239e+01 3.700e+01
s>        ( - 4.146e+02 1 0)
s>        ( - 8.159e+01 1 0))INFO: dtree.c(1315): Comp split 32
INFO: dtree.c(1315): Comp split 33
INFO: dtree.c(1439): stop. leaf nodes are specific
INFO: dtree.c(1478): Final simple tree
|( QUESTION0 -1 1.332e+02 4.217e+01 1.126e+01
|    ( - 3.965e+01 1 0)
|    ( QUESTION2_9_L -1 5.142e+01 2.173e+01 6.261e+00
|        ( QUESTION0 1 1.702e+01 9.020e+00 3.000e+00
|            ( - 8.000e+00 2 0)
|            ( - 0.000e+00 1 0))
|        ( SILENCE 1 1.268e+01 9.813e+00 3.261e+00
|            ( - 9.604e-01 1 0)
|            ( - 1.904e+00 1 0))))
s>    ( QUESTION0 -1 1.332e+02 4.217e+01 1.126e+01
s>        ( - 3.965e+01 1 0)
s>        ( QUESTION2_9_L -1 5.142e+01 2.173e+01 6.261e+00
s>            ( QUESTION0 1 1.702e+01 9.020e+00 3.000e+00
s>                ( - 8.000e+00 2 0)
s>                ( - 0.000e+00 1 0))
s>            ( SILENCE 1 1.268e+01 9.813e+00 3.261e+00
s>                ( - 9.604e-01 1 0)
s>                ( - 1.904e+00 1 0))))INFO: dtree.c(1315): Comp split 34
INFO: dtree.c(1439): stop. leaf nodes are specific
INFO: dtree.c(1478): Final simple tree
|( QUESTION0_14_R 1 1.671e+02 4.751e+01 1.400e+01
|    ( - 5.628e+01 1 0)
|    ( QUESTION0_16_R 1 6.332e+01 2.720e+01 7.000e+00
|        ( - 2.154e+01 1 0)
|        ( - 1.459e+01 1 0)))
s>    ( QUESTION0_14_R 1 1.671e+02 4.751e+01 1.400e+01
s>        ( - 5.628e+01 1 0)
s>        ( QUESTION0_16_R 1 6.332e+01 2.720e+01 7.000e+00
s>            ( - 2.154e+01 1 0)
s>            ( - 1.459e+01 1 0)))INFO: dtree.c(1439): stop. leaf nodes are specific
INFO: dtree.c(1478): Final simple tree
|( QUESTION0_0_R 1 2.294e+02 4.244e+01 1.801e+01
|    ( - 3.955e+01 1 0)
|    ( - 1.474e+02 1 0))
s>    ( QUESTION0_0_R 1 2.294e+02 4.244e+01 1.801e+01
s>        ( - 3.955e+01 1 0)
s>        ( - 1.474e+02 1 0))INFO: dtree.c(1315): Comp split 35
INFO: dtree.c(1439): stop. leaf nodes are specific
INFO: dtree.c(1478): Final simple tree
|( QUESTION0_0_R 1 1.791e+02 2.661e+01 1.400e+01
|    ( - 1.445e+02 1 0)
|    ( - 8.000e+00 1 0))
s>    ( QUESTION0_0_R 1 1.791e+02 2.661e+01 1.400e+01
s>        ( - 1.445e+02 1 0)
s>        ( - 8.000e+00 1 0))INFO: dtree.c(1439): stop. leaf nodes are specific
INFO: dtree.c(1478): Final simple tree
|( QUESTION0_0_R 1 2.457e+02 4.531e+01 2.000e+01
|    ( - 3.686e+01 1 0)
|    ( - 1.636e+02 1 0))
s>    ( QUESTION0_0_R 1 2.457e+02 4.531e+01 2.000e+01
s>        ( - 3.686e+01 1 0)
s>        ( - 1.636e+02 1 0))INFO: dtree.c(1315): Comp split 36
INFO: dtree.c(1439): stop. leaf nodes are specific
INFO: dtree.c(1478): Final simple tree
|( QUESTION0_10_R 1 1.695e+02 3.083e+01 1.398e+01
|    ( - 2.111e+01 1 0)
|    ( - 1.176e+02 1 0))
s>    ( QUESTION0_10_R 1 1.695e+02 3.083e+01 1.398e+01
s>        ( - 2.111e+01 1 0)
s>        ( - 1.176e+02 1 0))INFO: dtree.c(1439): stop. leaf nodes are specific
INFO: dtree.c(1478): Final simple tree
|( QUESTION0_14_R 1 4.502e+02 6.905e+01 3.191e+01
|    ( - 2.017e+02 1 0)
|    ( - 1.795e+02 1 0))
s>    ( QUESTION0_14_R 1 4.502e+02 6.905e+01 3.191e+01
s>        ( - 2.017e+02 1 0)
s>        ( - 1.795e+02 1 0))INFO: dtree.c(1315): Comp split 37
INFO: dtree.c(1439): stop. leaf nodes are specific
INFO: dtree.c(1478): Final simple tree
|( QUESTION0 -1 3.103e+02 5.724e+01 2.305e+01
|    ( QUESTION0_11_R 1 3.682e+01 2.315e+01 7.000e+00
|        ( - 3.371e+00 1 0)
|        ( - 1.030e+01 1 0))
|    ( QUESTION0_10_R 1 2.162e+02 4.158e+01 1.605e+01
|        ( - 9.632e+01 1 0)
|        ( - 7.834e+01 1 0)))
s>    ( QUESTION0 -1 3.103e+02 5.724e+01 2.305e+01
s>        ( QUESTION0_11_R 1 3.682e+01 2.315e+01 7.000e+00
s>            ( - 3.371e+00 1 0)
s>            ( - 1.030e+01 1 0))
s>        ( QUESTION0_10_R 1 2.162e+02 4.158e+01 1.605e+01
s>            ( - 9.632e+01 1 0)
s>            ( - 7.834e+01 1 0)))INFO: dtree.c(1315): Comp split 38
INFO: dtree.c(1439): stop. leaf nodes are specific
INFO: dtree.c(1478): Final simple tree
|( QUESTION0 -1 1.733e+02 5.388e+01 1.500e+01
|    ( - 6.963e+01 1 0)
|    ( QUESTION0_0_R 1 4.981e+01 2.177e+01 6.000e+00
|        ( - 1.707e+01 1 0)
|        ( - 1.096e+01 1 0)))
s>    ( QUESTION0 -1 1.733e+02 5.388e+01 1.500e+01
s>        ( - 6.963e+01 1 0)
s>        ( QUESTION0_0_R 1 4.981e+01 2.177e+01 6.000e+00
s>            ( - 1.707e+01 1 0)
s>            ( - 1.096e+01 1 0)))INFO: dtree.c(1315): Comp split 39
INFO: dtree.c(1439): stop. leaf nodes are specific
INFO: dtree.c(1478): Final simple tree
|( QUESTION0_2_R 1 3.735e+02 5.490e+01 2.700e+01
|    ( - 9.765e+01 1 0)
|    ( QUESTION0_0_R 1 2.210e+02 4.034e+01 1.800e+01
|        ( - 6.726e+01 1 0)
|        ( - 1.134e+02 1 0)))
s>    ( QUESTION0_2_R 1 3.735e+02 5.490e+01 2.700e+01
s>        ( - 9.765e+01 1 0)
s>        ( QUESTION0_0_R 1 2.210e+02 4.034e+01 1.800e+01
s>            ( - 6.726e+01 1 0)
s>            ( - 1.134e+02 1 0)))INFO: dtree.c(1315): Comp split 40
INFO: dtree.c(1439): stop. leaf nodes are specific
INFO: dtree.c(1478): Final simple tree
|( QUESTION0_10_R 1 1.091e+02 2.948e+01 1.052e+01
|    ( - 6.066e+01 1 0)
|    ( QUESTION0_0_R 1 1.899e+01 1.150e+01 3.000e+00
|        ( - 1.107e+00 1 0)
|        ( - 6.381e+00 1 0)))
s>    ( QUESTION0_10_R 1 1.091e+02 2.948e+01 1.052e+01
s>        ( - 6.066e+01 1 0)
s>        ( QUESTION0_0_R 1 1.899e+01 1.150e+01 3.000e+00
s>            ( - 1.107e+00 1 0)
s>            ( - 6.381e+00 1 0)))INFO: dtree.c(1315): Comp split 41
INFO: dtree.c(1315): Comp split 42
INFO: dtree.c(1315): Comp split 43
INFO: dtree.c(1315): Comp split 44
INFO: dtree.c(1439): stop. leaf nodes are specific
INFO: dtree.c(1478): Final simple tree
|( QUESTION0 1 1.856e+02 3.711e+01 1.505e+01
|    ( - 1.329e+02 2 0)
|    ( - 1.555e+01 1 0))
s>    ( QUESTION0 1 1.856e+02 3.711e+01 1.505e+01
s>        ( - 1.329e+02 2 0)
s>        ( - 1.555e+01 1 0))INFO: dtree.c(1315): Comp split 45
INFO: dtree.c(1439): stop. leaf nodes are specific
INFO: dtree.c(1478): Final simple tree
|( QUESTION0_10_R 1 1.242e+02 3.557e+01 1.157e+01
|    ( - 1.030e+01 1 0)
|    ( - 7.834e+01 1 0))
s>    ( QUESTION0_10_R 1 1.242e+02 3.557e+01 1.157e+01
s>        ( - 1.030e+01 1 0)
s>        ( - 7.834e+01 1 0))INFO: dtree.c(1439): stop. leaf nodes are specific
INFO: dtree.c(1478): Final simple tree
|( QUESTION0_11_R 1 1.244e+02 2.470e+01 1.149e+01
|    ( - 3.371e+00 1 0)
|    ( - 9.632e+01 1 0))
s>    ( QUESTION0_11_R 1 1.244e+02 2.470e+01 1.149e+01
s>        ( - 3.371e+00 1 0)
s>        ( - 9.632e+01 1 0))INFO: dtree.c(1315): Comp split 46
INFO: dtree.c(1439): stop. leaf nodes are specific
INFO: dtree.c(1478): Final simple tree
|( QUESTION0_12_R 1 1.452e+02 3.309e+01 1.200e+01
|    ( QUESTION0 -1 1.600e+01 9.528e+00 3.000e+00
|        ( - 2.172e+00 1 0)
|        ( - 4.298e+00 1 0))
|    ( - 9.609e+01 1 0))
s>    ( QUESTION0_12_R 1 1.452e+02 3.309e+01 1.200e+01
s>        ( QUESTION0 -1 1.600e+01 9.528e+00 3.000e+00
s>            ( - 2.172e+00 1 0)
s>            ( - 4.298e+00 1 0))
s>        ( - 9.609e+01 1 0))INFO: dtree.c(1439): stop. leaf nodes are specific
INFO: dtree.c(1478): Final simple tree
|( SILENCE -1 1.843e+02 3.121e+01 1.600e+01
|    ( - 1.280e+02 1 0)
|    ( - 2.515e+01 1 0))
s>    ( SILENCE -1 1.843e+02 3.121e+01 1.600e+01
s>        ( - 1.280e+02 1 0)
s>        ( - 2.515e+01 1 0))INFO: dtree.c(1315): Comp split 47
INFO: dtree.c(1315): Comp split 48
INFO: dtree.c(1315): Comp split 49
INFO: dtree.c(1439): stop. leaf nodes are specific
INFO: dtree.c(1478): Final simple tree
|( QUESTION0_0_R 1 2.210e+02 4.034e+01 1.800e+01
|    ( - 6.726e+01 1 0)
|    ( - 1.134e+02 1 0))
s>    ( QUESTION0_0_R 1 2.210e+02 4.034e+01 1.800e+01
s>        ( - 6.726e+01 1 0)
s>        ( - 1.134e+02 1 0))INFO: dtree.c(1315): Comp split 50
INFO: dtree.c(1439): stop. leaf nodes are specific
INFO: dtree.c(1478): Final simple tree
|( QUESTION0_0_R 1 4.981e+01 2.177e+01 6.000e+00
|    ( - 1.707e+01 1 0)
|    ( - 1.096e+01 1 0))
s>    ( QUESTION0_0_R 1 4.981e+01 2.177e+01 6.000e+00
s>        ( - 1.707e+01 1 0)
s>        ( - 1.096e+01 1 0))INFO: dtree.c(1315): Comp split 51
INFO: dtree.c(1439): stop. leaf nodes are specific
INFO: dtree.c(1478): Final simple tree
|( QUESTION0_16_R 1 6.332e+01 2.720e+01 7.000e+00
|    ( - 2.154e+01 1 0)
|    ( - 1.459e+01 1 0))
s>    ( QUESTION0_16_R 1 6.332e+01 2.720e+01 7.000e+00
s>        ( - 2.154e+01 1 0)
s>        ( - 1.459e+01 1 0))INFO: dtree.c(1315): Comp split 52
INFO: dtree.c(1315): Comp split 53
INFO: dtree.c(1315): Comp split 54
INFO: dtree.c(1315): Comp split 55
INFO: dtree.c(1315): Comp split 56
INFO: dtree.c(1315): Comp split 57
INFO: dtree.c(1439): stop. leaf nodes are specific
INFO: dtree.c(1478): Final simple tree
|( QUESTION2_9_L -1 5.142e+01 2.173e+01 6.261e+00
|    ( QUESTION0 1 1.702e+01 9.020e+00 3.000e+00
|        ( - 8.000e+00 2 0)
|        ( - 0.000e+00 1 0))
|    ( SILENCE 1 1.268e+01 9.813e+00 3.261e+00
|        ( - 9.604e-01 1 0)
|        ( - 1.904e+00 1 0)))
s>    ( QUESTION2_9_L -1 5.142e+01 2.173e+01 6.261e+00
s>        ( QUESTION0 1 1.702e+01 9.020e+00 3.000e+00
s>            ( - 8.000e+00 2 0)
s>            ( - 0.000e+00 1 0))
s>        ( SILENCE 1 1.268e+01 9.813e+00 3.261e+00
s>            ( - 9.604e-01 1 0)
s>            ( - 1.904e+00 1 0)))INFO: dtree.c(1315): Comp split 58
INFO: dtree.c(1315): Comp split 59
INFO: dtree.c(1315): Comp split 60
INFO: dtree.c(1439): stop. leaf nodes are specific
INFO: dtree.c(1478): Final simple tree
|( WDBNDRY_B 0 1.469e+01 1.088e+01 3.000e+00
|    ( - 3.810e+00 1 0)
|    ( - 0.000e+00 1 0))
s>    ( WDBNDRY_B 0 1.469e+01 1.088e+01 3.000e+00
s>        ( - 3.810e+00 1 0)
s>        ( - 0.000e+00 1 0))INFO: dtree.c(1315): Comp split 61
INFO: dtree.c(1315): Comp split 62
INFO: dtree.c(1439): stop. leaf nodes are specific
INFO: dtree.c(1478): Final simple tree
|( QUESTION0 -1 1.600e+01 9.528e+00 3.000e+00
|    ( - 2.172e+00 1 0)
|    ( - 4.298e+00 1 0))
s>    ( QUESTION0 -1 1.600e+01 9.528e+00 3.000e+00
s>        ( - 2.172e+00 1 0)
s>        ( - 4.298e+00 1 0))INFO: dtree.c(1315): Comp split 63
INFO: dtree.c(1315): Comp split 64
INFO: dtree.c(1439): stop. leaf nodes are specific
INFO: dtree.c(1478): Final simple tree
|( WDBNDRY_B 0 8.000e+00 8.000e+00 2.000e+00
|    ( - 0.000e+00 1 0)
|    ( - 0.000e+00 1 0))
s>    ( WDBNDRY_B 0 8.000e+00 8.000e+00 2.000e+00
s>        ( - 0.000e+00 1 0)
s>        ( - 0.000e+00 1 0))INFO: dtree.c(1315): Comp split 65
INFO: dtree.c(1315): Comp split 66
INFO: dtree.c(1315): Comp split 67
INFO: dtree.c(1315): Comp split 68
INFO: dtree.c(1439): stop. leaf nodes are specific
INFO: dtree.c(1478): Final simple tree
|( QUESTION0_0_R 1 1.899e+01 1.150e+01 3.000e+00
|    ( - 1.107e+00 1 0)
|    ( - 6.381e+00 1 0))
s>    ( QUESTION0_0_R 1 1.899e+01 1.150e+01 3.000e+00
s>        ( - 1.107e+00 1 0)
s>        ( - 6.381e+00 1 0))INFO: dtree.c(1315): Comp split 69
INFO: dtree.c(1315): Comp split 70
INFO: dtree.c(1315): Comp split 71
INFO: dtree.c(1315): Comp split 72
INFO: dtree.c(1315): Comp split 73
INFO: dtree.c(1439): stop. leaf nodes are specific
INFO: dtree.c(1478): Final simple tree
|( SILENCE 1 1.268e+01 9.813e+00 3.261e+00
|    ( - 9.604e-01 1 0)
|    ( - 1.904e+00 1 0))
s>    ( SILENCE 1 1.268e+01 9.813e+00 3.261e+00
s>        ( - 9.604e-01 1 0)
s>        ( - 1.904e+00 1 0))INFO: dtree.c(1439): stop. leaf nodes are specific
INFO: dtree.c(1478): Final simple tree
|( QUESTION0 1 1.702e+01 9.020e+00 3.000e+00
|    ( - 8.000e+00 2 0)
|    ( - 0.000e+00 1 0))
s>    ( QUESTION0 1 1.702e+01 9.020e+00 3.000e+00
s>        ( - 8.000e+00 2 0)
s>        ( - 0.000e+00 1 0))INFO: dtree.c(1315): Comp split 74
INFO: dtree.c(1315): Comp split 75
INFO: dtree.c(1315): Comp split 76
INFO: dtree.c(1315): Comp split 77
INFO: dtree.c(1315): Comp split 78
INFO: dtree.c(1315): Comp split 79
INFO: dtree.c(1315): Comp split 80
INFO: dtree.c(1315): Comp split 81
INFO: dtree.c(1318): stop. leaf nodes are specific
Sun Mar 12 05:24:13 2017
