Current configuration:
[NAME]		[DEFLT]	[VALUE]
-accumdirs		/home/gaurav/python-scripts/py/scripts/sphinx-source2/an4/bwaccumdir/an4_buff_1,/home/gaurav/python-scripts/py/scripts/sphinx-source2/an4/bwaccumdir/an4_buff_2,
-cilambda	0.9	9.000000e-01
-example	no	no
-help		no	no
-maxiter	100	4000
-mixwfn			/home/gaurav/python-scripts/py/scripts/sphinx-source2/an4/model_parameters/an4.cd_ptm_200_delinterp/mixture_weights
-moddeffn		/home/gaurav/python-scripts/py/scripts/sphinx-source2/an4/model_architecture/an4.200.mdef

INFO: model_def_io.c(573): Model definition info:
INFO: model_def_io.c(574): 6406 total models defined (34 base, 6372 tri)
INFO: model_def_io.c(575): 25624 total states
INFO: model_def_io.c(576): 302 total tied states
INFO: model_def_io.c(577): 102 total tied CI states
INFO: model_def_io.c(578): 34 total tied transition matrices
INFO: model_def_io.c(579): 4 max state/model
INFO: model_def_io.c(580): 4 min state/model
INFO: main.c(474): Reading /home/gaurav/python-scripts/py/scripts/sphinx-source2/an4/bwaccumdir/an4_buff_1/mixw_counts
INFO: s3mixw_io.c(117): Read /home/gaurav/python-scripts/py/scripts/sphinx-source2/an4/bwaccumdir/an4_buff_1/mixw_counts [302x4x64 array]
INFO: main.c(474): Reading /home/gaurav/python-scripts/py/scripts/sphinx-source2/an4/bwaccumdir/an4_buff_2/mixw_counts
INFO: s3mixw_io.c(117): Read /home/gaurav/python-scripts/py/scripts/sphinx-source2/an4/bwaccumdir/an4_buff_2/mixw_counts [302x4x64 array]
INFO: main.c(261): Interpolating 200 CD states
INFO: main.c(262): 4 states max/model
INFO: main.c(392): 0:0:200
INFO: main.c(392): 1:0:200
INFO: main.c(392): 2:0:200
INFO: main.c(392): 3:0:200
INFO: main.c(392): 4:0:200
INFO: main.c(392): 5:0:200
INFO: main.c(392): 6:1:200
INFO: main.c(392): 7:3:200
INFO: main.c(392): 8:5:200
INFO: main.c(392): 9:9:200
INFO: main.c(392): 10:15:200
INFO: main.c(392): 11:20:200
INFO: main.c(392): 12:27:200
INFO: main.c(392): 13:30:200
INFO: main.c(392): 14:34:200
INFO: main.c(392): 15:36:200
INFO: main.c(392): 16:37:200
INFO: main.c(392): 17:37:200
INFO: main.c(392): 18:39:200
INFO: main.c(392): 19:44:200
INFO: main.c(392): 20:44:200
INFO: main.c(392): 21:45:200
INFO: main.c(392): 22:47:200
INFO: main.c(392): 23:47:200
INFO: main.c(392): 24:49:200
INFO: main.c(392): 25:50:200
INFO: main.c(392): 26:53:200
INFO: main.c(392): 27:56:200
INFO: main.c(392): 28:56:200
INFO: main.c(392): 29:59:200
INFO: main.c(392): 30:61:200
INFO: main.c(392): 31:61:200
INFO: main.c(392): 32:63:200
INFO: main.c(392): 33:64:200
INFO: main.c(392): 34:68:200
INFO: main.c(392): 35:72:200
INFO: main.c(392): 36:73:200
INFO: main.c(392): 37:76:200
INFO: main.c(392): 38:78:200
INFO: main.c(392): 39:82:200
INFO: main.c(392): 40:84:200
INFO: main.c(392): 41:85:200
INFO: main.c(392): 42:88:200
INFO: main.c(392): 43:90:200
INFO: main.c(392): 44:92:200
INFO: main.c(392): 45:94:200
INFO: main.c(392): 46:95:200
INFO: main.c(392): 47:96:200
INFO: main.c(392): 48:97:200
INFO: main.c(392): 49:99:200
INFO: main.c(392): 50:101:200
INFO: main.c(392): 51:102:200
INFO: main.c(392): 52:105:200
INFO: main.c(392): 53:108:200
INFO: main.c(392): 54:110:200
INFO: main.c(392): 55:110:200
INFO: main.c(392): 56:112:200
INFO: main.c(392): 57:113:200
INFO: main.c(392): 58:115:200
INFO: main.c(392): 59:118:200
INFO: main.c(392): 60:119:200
INFO: main.c(392): 61:120:200
INFO: main.c(392): 62:123:200
INFO: main.c(392): 63:124:200
INFO: main.c(392): 64:125:200
INFO: main.c(392): 65:131:200
INFO: main.c(392): 66:133:200
INFO: main.c(392): 67:133:200
INFO: main.c(392): 68:135:200
INFO: main.c(392): 69:137:200
INFO: main.c(392): 70:137:200
INFO: main.c(392): 71:137:200
INFO: main.c(392): 72:137:200
INFO: main.c(392): 73:138:200
INFO: main.c(392): 74:140:200
INFO: main.c(392): 75:140:200
INFO: main.c(392): 76:144:200
INFO: main.c(392): 77:146:200
INFO: main.c(392): 78:149:200
INFO: main.c(392): 79:150:200
INFO: main.c(392): 80:151:200
INFO: main.c(392): 81:151:200
INFO: main.c(392): 82:151:200
INFO: main.c(392): 83:151:200
INFO: main.c(392): 84:155:200
INFO: main.c(392): 85:156:200
INFO: main.c(392): 86:159:200
INFO: main.c(392): 87:159:200
INFO: main.c(392): 88:160:200
INFO: main.c(392): 89:161:200
INFO: main.c(392): 90:161:200
INFO: main.c(392): 91:161:200
INFO: main.c(392): 92:161:200
INFO: main.c(392): 93:163:200
INFO: main.c(392): 94:163:200
INFO: main.c(392): 95:164:200
INFO: main.c(392): 96:166:200
INFO: main.c(392): 97:167:200
INFO: main.c(392): 98:168:200
INFO: main.c(392): 99:168:200
INFO: main.c(392): 100:168:200
INFO: main.c(392): 101:170:200
INFO: main.c(392): 102:170:200
INFO: main.c(392): 103:172:200
INFO: main.c(392): 104:172:200
INFO: main.c(392): 105:173:200
INFO: main.c(392): 106:173:200
INFO: main.c(392): 107:173:200
INFO: main.c(392): 108:174:200
INFO: main.c(392): 109:174:200
INFO: main.c(392): 110:175:200
INFO: main.c(392): 111:176:200
INFO: main.c(392): 112:178:200
INFO: main.c(392): 113:179:200
INFO: main.c(392): 114:180:200
INFO: main.c(392): 115:181:200
INFO: main.c(392): 116:182:200
INFO: main.c(392): 117:182:200
INFO: main.c(392): 118:182:200
INFO: main.c(392): 119:182:200
INFO: main.c(392): 120:182:200
INFO: main.c(392): 121:182:200
INFO: main.c(392): 122:183:200
INFO: main.c(392): 123:183:200
INFO: main.c(392): 124:183:200
INFO: main.c(392): 125:183:200
INFO: main.c(392): 126:183:200
INFO: main.c(392): 127:183:200
INFO: main.c(392): 128:184:200
INFO: main.c(392): 129:184:200
INFO: main.c(392): 130:184:200
INFO: main.c(392): 131:185:200
INFO: main.c(392): 132:185:200
INFO: main.c(392): 133:186:200
INFO: main.c(392): 134:186:200
INFO: main.c(392): 135:186:200
INFO: main.c(392): 136:186:200
INFO: main.c(392): 137:186:200
INFO: main.c(392): 138:187:200
INFO: main.c(392): 139:187:200
INFO: main.c(392): 140:188:200
INFO: main.c(392): 141:188:200
INFO: main.c(392): 142:188:200
INFO: main.c(392): 143:188:200
INFO: main.c(392): 144:188:200
INFO: main.c(392): 145:189:200
INFO: main.c(392): 146:189:200
INFO: main.c(392): 147:189:200
INFO: main.c(392): 148:189:200
INFO: main.c(392): 149:189:200
INFO: main.c(392): 150:189:200
INFO: main.c(392): 151:190:200
INFO: main.c(392): 152:190:200
INFO: main.c(392): 153:190:200
INFO: main.c(392): 154:190:200
INFO: main.c(392): 155:190:200
INFO: main.c(392): 156:190:200
INFO: main.c(392): 157:190:200
INFO: main.c(392): 158:191:200
INFO: main.c(392): 159:191:200
INFO: main.c(392): 160:191:200
INFO: main.c(392): 161:191:200
INFO: main.c(392): 162:191:200
INFO: main.c(392): 163:191:200
INFO: main.c(392): 164:191:200
INFO: main.c(392): 165:191:200
INFO: main.c(392): 166:191:200
INFO: main.c(392): 167:191:200
INFO: main.c(392): 168:191:200
INFO: main.c(392): 169:191:200
INFO: main.c(392): 170:191:200
INFO: main.c(392): 171:191:200
INFO: main.c(392): 172:191:200
INFO: main.c(392): 173:193:200
INFO: main.c(392): 174:193:200
INFO: main.c(392): 175:193:200
INFO: main.c(392): 176:193:200
INFO: main.c(392): 177:193:200
INFO: main.c(392): 178:193:200
INFO: main.c(392): 179:193:200
INFO: main.c(392): 180:194:200
INFO: main.c(392): 181:195:200
INFO: main.c(392): 182:195:200
INFO: main.c(392): 183:195:200
INFO: main.c(392): 184:195:200
INFO: main.c(392): 185:196:200
INFO: main.c(392): 186:196:200
INFO: main.c(392): 187:196:200
INFO: main.c(392): 188:196:200
INFO: main.c(392): 189:196:200
INFO: main.c(392): 190:196:200
INFO: main.c(392): 191:196:200
INFO: main.c(392): 192:196:200
INFO: main.c(392): 193:197:200
INFO: main.c(392): 194:197:200
INFO: main.c(392): 195:197:200
INFO: main.c(392): 196:197:200
INFO: main.c(392): 197:198:200
INFO: main.c(392): 198:198:200
INFO: main.c(392): 199:198:200
INFO: main.c(392): 200:198:200
INFO: main.c(392): 201:198:200
INFO: main.c(392): 202:198:200
INFO: main.c(392): 203:199:200
INFO: main.c(392): 204:199:200
INFO: main.c(392): 205:199:200
INFO: main.c(392): 206:199:200
INFO: main.c(392): 207:199:200
INFO: main.c(392): 208:199:200
INFO: main.c(392): 209:199:200
INFO: main.c(392): 210:199:200
INFO: main.c(392): 211:199:200
INFO: main.c(392): 212:199:200
INFO: main.c(392): 213:199:200
INFO: main.c(392): 214:199:200
INFO: main.c(392): 215:199:200
INFO: main.c(392): 216:199:200
INFO: main.c(392): 217:199:200
INFO: main.c(392): 218:199:200
INFO: main.c(392): 219:199:200
INFO: main.c(392): 220:199:200
INFO: main.c(392): 221:199:200
INFO: main.c(392): 222:199:200
INFO: main.c(392): 223:199:200
INFO: main.c(392): 224:199:200
INFO: main.c(392): 225:199:200
INFO: main.c(392): 226:199:200
INFO: main.c(392): 227:199:200
INFO: main.c(392): 228:199:200
INFO: main.c(392): 229:199:200
INFO: main.c(392): 230:199:200
INFO: main.c(392): 231:199:200
INFO: main.c(392): 232:199:200
INFO: main.c(392): 233:199:200
INFO: main.c(392): 234:199:200
INFO: main.c(392): 235:199:200
INFO: main.c(392): 236:199:200
INFO: main.c(392): 237:199:200
INFO: main.c(392): 238:199:200
INFO: main.c(392): 239:199:200
INFO: main.c(392): 240:199:200
INFO: main.c(392): 241:199:200
INFO: main.c(392): 242:199:200
INFO: main.c(392): 243:199:200
INFO: main.c(392): 244:199:200
INFO: main.c(392): 245:199:200
INFO: main.c(392): 246:199:200
INFO: main.c(392): 247:199:200
INFO: main.c(392): 248:199:200
INFO: main.c(392): 249:199:200
INFO: main.c(392): 250:199:200
INFO: main.c(392): 251:199:200
INFO: main.c(392): 252:199:200
INFO: main.c(392): 253:199:200
INFO: main.c(392): 254:199:200
INFO: main.c(392): 255:199:200
INFO: main.c(392): 256:199:200
INFO: main.c(392): 257:199:200
INFO: main.c(392): 258:200:200
SUMMARY

 State  Count A   Count B    Total    CD    CI    UNI   Cnv
------ --------- --------- --------- ----- ----- ------ ---
   102 4.389e+02 4.399e+02 8.788e+02 0.917 0.002 0.081 y
   103 5.795e+02 4.970e+02 1.076e+03 0.809 0.083 0.108 y
   104 1.252e+03 9.746e+02 2.227e+03 0.660 0.330 0.010 y
   105 8.481e+02 9.962e+02 1.844e+03 0.653 0.327 0.020 y
   106 7.622e+01 4.799e+01 1.242e+02 0.200 0.100 0.700 y
   107 6.502e+01 2.690e+01 9.192e+01 0.140 0.070 0.790 y
   108 1.378e+02 4.510e+01 1.829e+02 0.061 0.031 0.908 y
   109 6.117e+02 6.164e+02 1.228e+03 0.933 0.001 0.066 y
   110 2.341e+02 2.549e+02 4.891e+02 0.884 0.045 0.071 y
   111 1.845e+02 1.980e+02 3.826e+02 0.912 0.000 0.088 y
   112 1.604e+02 1.858e+02 3.461e+02 0.712 0.090 0.197 y
   113 2.090e+02 1.997e+02 4.088e+02 0.915 0.022 0.063 y
   114 1.886e+02 1.784e+02 3.670e+02 0.927 0.004 0.068 y
   115 8.525e+02 1.035e+03 1.888e+03 0.981 0.001 0.017 y
   116 1.558e+02 1.609e+02 3.166e+02 0.818 0.001 0.181 y
   117 3.414e+02 3.774e+02 7.188e+02 0.968 0.005 0.028 y
   118 9.865e+02 9.248e+02 1.911e+03 0.977 0.008 0.016 y
   119 4.400e+02 4.390e+02 8.790e+02 0.648 0.324 0.029 y
   120 7.594e+02 7.297e+02 1.489e+03 0.624 0.312 0.065 y
   121 5.596e+02 6.456e+02 1.205e+03 0.612 0.306 0.082 y
   122 8.147e+02 9.167e+02 1.731e+03 0.627 0.313 0.060 y
   123 3.965e+02 3.542e+02 7.507e+02 0.613 0.306 0.081 y
   124 5.860e+02 4.780e+02 1.064e+03 0.650 0.325 0.025 y
   125 5.714e+02 7.786e+02 1.350e+03 0.959 0.009 0.032 y
   126 7.176e+02 6.628e+02 1.380e+03 0.829 0.019 0.151 y
   127 2.760e+02 3.411e+02 6.171e+02 0.910 0.051 0.039 y
   128 4.008e+02 4.624e+02 8.632e+02 0.964 0.028 0.008 y
   129 1.885e+03 1.247e+03 3.132e+03 0.861 0.120 0.019 y
   130 1.506e+03 8.117e+02 2.318e+03 0.939 0.009 0.052 y
   131 4.408e+02 2.632e+02 7.040e+02 0.725 0.234 0.041 y
   132 3.394e+02 2.693e+02 6.087e+02 0.949 0.032 0.018 y
   133 3.499e+02 4.937e+02 8.436e+02 0.951 0.027 0.022 y
   134 2.415e+02 4.268e+02 6.683e+02 0.300 0.397 0.303 y
   135 1.489e+02 1.862e+02 3.351e+02 0.953 0.028 0.019 y
   136 1.556e+02 1.200e+02 2.756e+02 0.824 0.007 0.169 y
   137 1.975e+02 2.311e+02 4.286e+02 0.963 0.000 0.037 y
   138 1.328e+02 1.345e+02 2.673e+02 0.811 0.029 0.161 y
   139 5.005e+02 5.469e+02 1.047e+03 0.647 0.323 0.030 y
   140 6.111e+02 7.153e+02 1.326e+03 0.659 0.330 0.011 y
   141 3.420e+02 4.750e+02 8.170e+02 0.690 0.141 0.170 y
   142 2.361e+02 2.470e+02 4.831e+02 0.923 0.065 0.013 y
   143 2.008e+02 2.024e+02 4.031e+02 0.664 0.125 0.212 y
   144 4.884e+02 3.516e+02 8.399e+02 0.851 0.066 0.084 y
   145 3.244e+02 2.248e+02 5.491e+02 0.602 0.301 0.097 y
   146 3.547e+02 2.920e+02 6.467e+02 0.584 0.292 0.124 y
   147 5.693e+02 5.832e+02 1.153e+03 0.965 0.022 0.013 y
   148 8.486e+02 8.520e+02 1.701e+03 0.916 0.054 0.030 y
   149 4.433e+02 5.083e+02 9.515e+02 0.986 0.003 0.011 y
   150 8.744e+01 9.497e+01 1.824e+02 0.777 0.001 0.222 y
   151 1.493e+02 1.571e+02 3.064e+02 0.993 0.000 0.007 y
   152 1.007e+03 1.078e+03 2.084e+03 0.949 0.035 0.016 y
   153 3.450e+02 3.966e+02 7.416e+02 0.962 0.033 0.005 y
   154 2.385e+02 1.866e+02 4.250e+02 0.876 0.066 0.057 y
   155 7.256e+02 8.535e+02 1.579e+03 0.981 0.014 0.005 y
   156 4.515e+02 2.971e+02 7.486e+02 0.943 0.053 0.003 y
   157 1.121e+03 1.209e+03 2.329e+03 0.820 0.178 0.002 y
   158 2.455e+02 1.906e+02 4.361e+02 0.775 0.183 0.042 y
   159 3.966e+02 4.245e+02 8.211e+02 0.572 0.286 0.142 y
   160 4.363e+02 3.952e+02 8.315e+02 0.636 0.318 0.046 y
   161 4.180e+02 6.761e+02 1.094e+03 0.633 0.316 0.051 y
   162 7.080e+02 6.751e+02 1.383e+03 0.866 0.018 0.116 y
   163 4.783e+02 4.982e+02 9.765e+02 0.775 0.103 0.123 y
   164 2.743e+02 3.146e+02 5.890e+02 0.936 0.001 0.063 y
   165 1.285e+03 1.207e+03 2.492e+03 0.726 0.250 0.024 y
   166 6.425e+02 6.727e+02 1.315e+03 0.916 0.067 0.017 y
   167 4.400e+02 4.567e+02 8.966e+02 0.843 0.081 0.075 y
   168 8.282e+02 8.726e+02 1.701e+03 0.946 0.027 0.027 y
   169 4.459e+02 4.056e+02 8.515e+02 0.911 0.047 0.042 y
   170 1.611e+02 2.297e+02 3.908e+02 0.904 0.068 0.028 y
   171 7.300e+02 8.775e+02 1.608e+03 0.955 0.024 0.021 y
   172 1.265e+03 1.246e+03 2.511e+03 0.666 0.333 0.002 y
   173 4.731e+02 3.938e+02 8.669e+02 0.958 0.002 0.040 y
   174 5.607e+02 6.927e+02 1.253e+03 0.967 0.022 0.012 y
   175 1.130e+02 5.521e+01 1.682e+02 0.206 0.103 0.691 y
   176 3.997e+01 5.784e+01 9.781e+01 0.343 0.172 0.485 y
   177 6.486e+01 1.040e+02 1.688e+02 0.377 0.189 0.434 y
   178 4.593e+02 4.868e+02 9.461e+02 0.914 0.003 0.083 y
   179 1.475e+02 2.439e+02 3.915e+02 0.713 0.130 0.157 y
   180 2.846e+02 3.000e+02 5.846e+02 0.898 0.007 0.095 y
   181 2.144e+02 3.003e+02 5.147e+02 0.915 0.043 0.042 y
   182 3.312e+02 4.968e+02 8.280e+02 0.644 0.322 0.033 y
   183 1.003e+02 1.073e+02 2.076e+02 0.892 0.003 0.105 y
   184 4.424e+02 4.356e+02 8.780e+02 0.966 0.002 0.032 y
   185 1.776e+02 1.037e+02 2.813e+02 0.789 0.025 0.186 y
   186 5.674e+02 4.772e+02 1.045e+03 0.941 0.002 0.057 y
   187 2.213e+02 1.431e+02 3.644e+02 0.748 0.079 0.173 y
   188 3.468e+02 3.623e+02 7.091e+02 0.951 0.002 0.047 y
   189 1.235e+03 1.030e+03 2.265e+03 0.896 0.001 0.103 y
   190 7.899e+02 6.819e+02 1.472e+03 0.915 0.001 0.084 y
   191 6.964e+02 1.017e+03 1.713e+03 0.912 0.004 0.084 y
   192 2.757e+03 2.651e+03 5.408e+03 0.780 0.220 0.000 y
   193 1.295e+03 1.772e+03 3.067e+03 0.840 0.158 0.002 y
   194 1.033e+03 8.236e+02 1.857e+03 0.745 0.251 0.004 y
   195 8.347e+02 7.001e+02 1.535e+03 0.815 0.147 0.038 y
   196 2.070e+03 1.979e+03 4.048e+03 0.836 0.019 0.144 y
   197 4.392e+02 7.626e+02 1.202e+03 0.864 0.021 0.115 y
   198 9.272e+02 8.236e+02 1.751e+03 0.880 0.004 0.117 y
   199 1.363e+03 1.062e+03 2.425e+03 0.982 0.003 0.015 y
   200 6.361e+02 5.624e+02 1.199e+03 0.628 0.314 0.058 y
   201 5.204e+02 5.300e+02 1.050e+03 0.660 0.330 0.010 y
   202 3.858e+02 3.581e+02 7.439e+02 0.928 0.037 0.035 y
   203 1.499e+02 2.616e+02 4.115e+02 0.798 0.036 0.166 y
   204 1.964e+02 2.577e+02 4.541e+02 0.881 0.076 0.043 y
   205 5.860e+02 5.779e+02 1.164e+03 0.915 0.064 0.021 y
   206 1.411e+02 1.678e+02 3.089e+02 0.957 0.009 0.034 y
   207 4.283e+02 4.331e+02 8.614e+02 0.981 0.010 0.009 y
   208 3.058e+02 3.536e+02 6.594e+02 0.974 0.001 0.026 y
   209 3.313e+02 3.428e+02 6.741e+02 0.980 0.003 0.017 y
   210 7.164e+02 4.387e+02 1.155e+03 0.618 0.309 0.073 y
   211 6.912e+02 6.356e+02 1.327e+03 0.952 0.002 0.045 y
   212 1.360e+02 9.652e+01 2.325e+02 0.877 0.002 0.122 y
   213 6.631e+02 5.246e+02 1.188e+03 0.867 0.023 0.110 y
   214 2.381e+02 2.518e+02 4.899e+02 0.781 0.055 0.164 y
   215 3.434e+02 4.116e+02 7.550e+02 0.544 0.272 0.184 y
   216 3.548e+02 5.469e+02 9.016e+02 0.602 0.301 0.096 y
   217 1.722e+02 3.317e+02 5.039e+02 0.729 0.010 0.261 y
   218 3.971e+02 2.132e+02 6.103e+02 0.521 0.053 0.426 y
   219 4.704e+02 5.307e+02 1.001e+03 0.909 0.026 0.065 y
   220 3.181e+02 2.812e+02 5.994e+02 0.909 0.012 0.079 y
   221 4.315e+02 4.301e+02 8.617e+02 0.915 0.060 0.025 y
   222 4.156e+02 4.663e+02 8.819e+02 0.960 0.035 0.005 y
   223 1.333e+03 1.147e+03 2.480e+03 0.945 0.020 0.035 y
   224 4.199e+02 5.451e+02 9.650e+02 0.953 0.036 0.011 y
   225 2.523e+02 2.423e+02 4.946e+02 0.945 0.011 0.043 y
   226 3.573e+02 3.103e+02 6.676e+02 0.934 0.013 0.053 y
   227 7.012e+02 7.437e+02 1.445e+03 0.934 0.034 0.032 y
   228 6.166e+02 6.640e+02 1.281e+03 0.979 0.007 0.013 y
   229 4.329e+02 3.862e+02 8.192e+02 0.895 0.055 0.050 y
   230 4.721e+02 3.275e+02 7.996e+02 0.725 0.241 0.034 y
   231 3.998e+02 3.855e+02 7.853e+02 0.893 0.033 0.074 y
   232 1.075e+03 7.902e+02 1.865e+03 0.626 0.307 0.067 y
   233 1.687e+02 1.179e+02 2.866e+02 0.831 0.002 0.167 y
   234 1.274e+03 1.341e+03 2.615e+03 0.659 0.330 0.011 y
   235 5.575e+02 6.327e+02 1.190e+03 0.805 0.148 0.047 y
   236 4.929e+02 3.949e+02 8.878e+02 0.874 0.079 0.047 y
   237 4.032e+02 3.904e+02 7.936e+02 0.931 0.008 0.061 y
   238 1.958e+02 1.740e+02 3.698e+02 0.850 0.017 0.133 y
   239 3.635e+02 3.427e+02 7.062e+02 0.645 0.323 0.032 y
   240 4.065e+02 2.786e+02 6.850e+02 0.521 0.261 0.218 y
   241 3.177e+02 2.456e+02 5.633e+02 0.934 0.001 0.065 y
   242 2.083e+02 2.571e+02 4.653e+02 0.848 0.043 0.109 y
   243 5.529e+02 5.639e+02INFO: interp_fn.c(159): Interpolating CD states
INFO: main.c(513): Writing /home/gaurav/python-scripts/py/scripts/sphinx-source2/an4/model_parameters/an4.cd_ptm_200_delinterp/mixture_weights
INFO: s3mixw_io.c(233): Wrote /home/gaurav/python-scripts/py/scripts/sphinx-source2/an4/model_parameters/an4.cd_ptm_200_delinterp/mixture_weights [302x4x64 array]
 1.117e+03 0.940 0.021 0.038 y
   244 1.938e+02 1.651e+02 3.590e+02 0.874 0.001 0.125 y
   245 1.456e+02 1.580e+02 3.036e+02 0.971 0.001 0.029 y
   246 2.314e+02 2.534e+02 4.848e+02 0.953 0.019 0.029 y
   247 3.430e+02 3.108e+02 6.539e+02 0.962 0.029 0.009 y
   248 4.218e+02 5.294e+02 9.512e+02 0.901 0.079 0.020 y
   249 4.877e+02 4.930e+02 9.806e+02 0.909 0.071 0.020 y
   250 2.975e+02 1.963e+02 4.938e+02 0.867 0.001 0.133 y
   251 3.028e+02 3.890e+02 6.918e+02 0.813 0.050 0.136 y
   252 2.760e+02 3.077e+02 5.837e+02 0.987 0.002 0.011 y
   253 1.027e+03 8.989e+02 1.926e+03 0.954 0.017 0.029 y
   254 4.691e+02 4.803e+02 9.494e+02 0.934 0.001 0.065 y
   255 2.463e+02 2.069e+02 4.532e+02 0.980 0.005 0.014 y
   256 1.255e+03 1.145e+03 2.400e+03 0.930 0.068 0.002 y
   257 1.038e+03 8.373e+02 1.875e+03 0.984 0.013 0.003 y
   258 7.154e+02 8.383e+02 1.554e+03 0.942 0.056 0.002 y
   259 3.689e+02 6.373e+02 1.006e+03 0.979 0.001 0.020 y
   260 8.804e+02 9.523e+02 1.833e+03 0.900 0.060 0.040 y
   261 5.086e+02 5.099e+02 1.019e+03 0.987 0.001 0.012 y
   262 1.972e+02 1.338e+02 3.311e+02 0.967 0.001 0.032 y
   263 6.103e+02 7.988e+02 1.409e+03 0.965 0.028 0.007 y
   264 3.666e+02 3.207e+02 6.873e+02 0.976 0.013 0.011 y
   265 1.326e+03 1.348e+03 2.673e+03 0.961 0.035 0.004 y
   266 5.561e+02 5.025e+02 1.059e+03 0.933 0.043 0.025 y
   267 7.349e+02 8.080e+02 1.543e+03 0.975 0.024 0.001 y
   268 4.576e+02 4.590e+02 9.166e+02 0.939 0.005 0.056 y
   269 8.312e+02 8.283e+02 1.660e+03 0.994 0.005 0.001 y
   270 5.921e+02 6.132e+02 1.205e+03 0.854 0.139 0.006 y
   271 9.034e+02 8.457e+02 1.749e+03 0.653 0.326 0.021 y
   272 5.326e+02 4.391e+02 9.717e+02 0.654 0.327 0.018 y
   273 5.087e+02 3.855e+02 8.941e+02 0.944 0.004 0.053 y
   274 6.812e+01 8.540e+01 1.535e+02 0.892 0.000 0.107 y
   275 9.013e+02 9.765e+02 1.878e+03 0.948 0.004 0.048 y
   276 2.188e+02 2.383e+02 4.571e+02 0.964 0.003 0.034 y
   277 5.685e+02 8.557e+02 1.424e+03 0.959 0.013 0.028 y
   278 3.141e+02 4.028e+02 7.168e+02 0.888 0.079 0.033 y
   279 4.337e+02 4.846e+02 9.184e+02 0.931 0.031 0.038 y
   280 4.876e+02 5.340e+02 1.022e+03 0.813 0.129 0.058 y
   281 5.001e+02 5.759e+02 1.076e+03 0.890 0.078 0.032 y
   282 3.255e+02 4.027e+02 7.282e+02 0.950 0.002 0.048 y
   283 3.182e+02 4.596e+02 7.778e+02 0.981 0.001 0.017 y
   284 3.475e+02 4.065e+02 7.540e+02 0.890 0.074 0.036 y
   285 2.383e+02 2.455e+02 4.838e+02 0.900 0.082 0.019 y
   286 6.242e+02 7.208e+02 1.345e+03 0.975 0.005 0.020 y
   287 2.128e+02 3.135e+02 5.263e+02 0.905 0.056 0.039 y
   288 2.192e+02 2.358e+02 4.551e+02 0.927 0.019 0.054 y
   289 4.926e+02 2.645e+02 7.570e+02 0.824 0.042 0.134 y
   290 1.537e+02 2.255e+02 3.791e+02 0.959 0.013 0.028 y
   291 2.894e+02 3.867e+02 6.761e+02 0.971 0.002 0.027 y
   292 5.842e+02 6.646e+02 1.249e+03 0.658 0.329 0.014 y
   293 6.937e+02 4.768e+02 1.171e+03 0.580 0.290 0.130 y
   294 4.224e+02 2.684e+02 6.909e+02 0.755 0.021 0.224 y
   295 1.774e+02 2.223e+02 3.997e+02 0.861 0.048 0.091 y
   296 2.249e+02 2.887e+02 5.136e+02 0.929 0.012 0.059 y
   297 6.785e+02 5.410e+02 1.219e+03 0.634 0.317 0.048 y
   298 4.705e+02 5.065e+02 9.770e+02 0.646 0.323 0.031 y
   299 3.916e+02 2.212e+02 6.128e+02 0.442 0.221 0.337 y
   300 3.483e+02 3.657e+02 7.139e+02 0.643 0.322 0.035 y
   301 2.463e+02 2.307e+02 4.770e+02 0.440 0.220 0.341 y
Sun Mar 12 05:26:50 2017
