Current configuration:
[NAME]		[DEFLT]	[VALUE]
-accumdir		/home/gaurav/python-scripts/py/scripts/sphinx-source2/an4/bwaccumdir/an4_buff_1,/home/gaurav/python-scripts/py/scripts/sphinx-source2/an4/bwaccumdir/an4_buff_2,
-constE		3.0	3.000000e+00
-dcountfn		
-example	no	no
-fullvar	no	no
-help		no	no
-inmeanfn		
-inmixwfn		
-invarfn		
-meanfn			/home/gaurav/python-scripts/py/scripts/sphinx-source2/an4/model_parameters/an4.cd_ptm_200/means
-mixwfn			/home/gaurav/python-scripts/py/scripts/sphinx-source2/an4/model_parameters/an4.cd_ptm_200/mixture_weights
-mmie		no	no
-oaccumdir		
-regmatfn		
-tiedvar	no	no
-tmatfn			/home/gaurav/python-scripts/py/scripts/sphinx-source2/an4/model_parameters/an4.cd_ptm_200/transition_matrices
-varfn			/home/gaurav/python-scripts/py/scripts/sphinx-source2/an4/model_parameters/an4.cd_ptm_200/variances

INFO: main.c(207): Reading and accumulating counts from /home/gaurav/python-scripts/py/scripts/sphinx-source2/an4/bwaccumdir/an4_buff_1
INFO: s3mixw_io.c(117): Read /home/gaurav/python-scripts/py/scripts/sphinx-source2/an4/bwaccumdir/an4_buff_1/mixw_counts [302x4x64 array]
INFO: s3tmat_io.c(118): Read /home/gaurav/python-scripts/py/scripts/sphinx-source2/an4/bwaccumdir/an4_buff_1/tmat_counts [34x3x4 array]
INFO: s3gau_io.c(386): Read /home/gaurav/python-scripts/py/scripts/sphinx-source2/an4/bwaccumdir/an4_buff_1/gauden_counts with means with vars [34x4x64 vector arrays]
INFO: main.c(207): Reading and accumulating counts from /home/gaurav/python-scripts/py/scripts/sphinx-source2/an4/bwaccumdir/an4_buff_2
INFO: s3mixw_io.c(117): Read /home/gaurav/python-scripts/py/scripts/sphinx-source2/an4/bwaccumdir/an4_buff_2/mixw_counts [302x4x64 array]
INFO: s3tmat_io.c(118): Read /home/gaurav/python-scripts/py/scripts/sphinx-source2/an4/bwaccumdir/an4_buff_2/tmat_counts [34x3x4 array]
INFO: s3gau_io.c(386): Read /home/gaurav/python-scripts/py/scripts/sphinx-source2/an4/bwaccumdir/an4_buff_2/gauden_counts with means with vars [34x4x64 vector arrays]
INFO: main.c(391): Normalizing mean for n_mgau= 34, n_stream= 4, n_density= 64
INFO: main.c(414): Normalizing var
ERROR: "gauden.c", line 1682: Variance (mgau= 1, feat= 1, density=23, component=3) is less then 0. Most probably the number of senones is too high for such a small training database. Use smaller $CFG_N_TIED_STATES.
INFO: s3mixw_io.c(233): Wrote /home/gaurav/python-scripts/py/scripts/sphinx-source2/an4/model_parameters/an4.cd_ptm_200/mixture_weights [302x4x64 array]
INFO: s3tmat_io.c(176): Wrote /home/gaurav/python-scripts/py/scripts/sphinx-source2/an4/model_parameters/an4.cd_ptm_200/transition_matrices [34x3x4 array]
INFO: s3gau_io.c(228): Wrote /home/gaurav/python-scripts/py/scripts/sphinx-source2/an4/model_parameters/an4.cd_ptm_200/means [34x4x64 array]
INFO: s3gau_io.c(228): Wrote /home/gaurav/python-scripts/py/scripts/sphinx-source2/an4/model_parameters/an4.cd_ptm_200/variances [34x4x64 array]
Sun Mar 12 05:25:35 2017
Current Overall Likelihood Per Frame = -192.763560904752
